[ 2015-09-05T09:37:12+08:00 ] ERR: (ThinkException) 非法操作:shopadmin
[ 2015-09-05T09:38:09+08:00 ] ERR: (ThinkException) 非法操作:feed-proxy
[ 2015-09-05T09:39:04+08:00 ] ERR: (ThinkException) 非法操作:bbx
[ 2015-09-05T09:39:07+08:00 ] ERR: (ThinkException) 非法操作:tools
[ 2015-09-05T09:39:08+08:00 ] ERR: (ThinkException) 非法操作:yanfang
[ 2015-09-05T09:39:12+08:00 ] 121.42.0.36 /dsapi/api.php/Index/.DS_Store
INFO: [ route_check ] --START--
INFO: Run CheckRoute Behavior [ RunTime:0.001011s ]
INFO: [ route_check ] --END-- [ RunTime:0.001387s ]
NOTIC: [8192] preg_replace(): The /e modifier is deprecated, use preg_replace_callback instead D:\wamp\www\ddl666.com\dsapi\ThinkPHP\Lib\Core\Dispatcher.class.php 第 120 行.
INFO: [ app_begin ] --START--
INFO: Run ReadHtmlCache Behavior [ RunTime:0.001080s ]
INFO: [ app_begin ] --END-- [ RunTime:0.001464s ]

[ 2015-09-05T09:39:18+08:00 ] ERR: (ThinkException) 非法操作:db
[ 2015-09-05T09:39:19+08:00 ] ERR: (ThinkException) 非法操作:config
[ 2015-09-05T09:39:21+08:00 ] ERR: (ThinkException) 非法操作:logs
[ 2015-09-05T09:39:24+08:00 ] ERR: (ThinkException) 非法操作:log
[ 2015-09-05T09:39:36+08:00 ] ERR: (ThinkException) 非法操作:webscan38502863
[ 2015-09-05T09:39:37+08:00 ] ERR: (ThinkException) 非法操作:webscan38502863
[ 2015-09-05T09:39:44+08:00 ] ERR: (ThinkException) 非法操作:admin
[ 2015-09-05T09:39:46+08:00 ] 121.42.0.36 /dsapi/api.php/Index/index.action?debug=browser
INFO: [ route_check ] --START--
INFO: Run CheckRoute Behavior [ RunTime:0.001103s ]
INFO: [ route_check ] --END-- [ RunTime:0.001512s ]
NOTIC: [8192] preg_replace(): The /e modifier is deprecated, use preg_replace_callback instead D:\wamp\www\ddl666.com\dsapi\ThinkPHP\Lib\Core\Dispatcher.class.php 第 120 行.
INFO: [ app_begin ] --START--
INFO: Run ReadHtmlCache Behavior [ RunTime:0.000949s ]
INFO: [ app_begin ] --END-- [ RunTime:0.001320s ]

[ 2015-09-05T09:39:58+08:00 ] 121.42.0.36 /dsapi/api.php/Index/index.action?redirect%3A%25%7Bnew+java.lang.String%28%27http%3A%2F%2Fxxxxxxxxxxxxx%27%29%7D
INFO: [ route_check ] --START--
INFO: Run CheckRoute Behavior [ RunTime:0.001147s ]
INFO: [ route_check ] --END-- [ RunTime:0.001533s ]
NOTIC: [8192] preg_replace(): The /e modifier is deprecated, use preg_replace_callback instead D:\wamp\www\ddl666.com\dsapi\ThinkPHP\Lib\Core\Dispatcher.class.php 第 120 行.
INFO: [ app_begin ] --START--
INFO: Run ReadHtmlCache Behavior [ RunTime:0.000969s ]
INFO: [ app_begin ] --END-- [ RunTime:0.001330s ]

[ 2015-09-05T09:40:02+08:00 ] ERR: (ThinkException) 非法操作:admin
[ 2015-09-05T09:40:10+08:00 ] ERR: (ThinkException) 非法操作:upload
[ 2015-09-05T09:40:11+08:00 ] ERR: (ThinkException) 非法操作:uploads
[ 2015-09-05T09:40:14+08:00 ] 121.42.0.36 /dsapi/api.php/Index//
INFO: [ route_check ] --START--
INFO: Run CheckRoute Behavior [ RunTime:0.001015s ]
INFO: [ route_check ] --END-- [ RunTime:0.001396s ]
NOTIC: [8192] preg_replace(): The /e modifier is deprecated, use preg_replace_callback instead D:\wamp\www\ddl666.com\dsapi\ThinkPHP\Lib\Core\Dispatcher.class.php 第 120 行.
INFO: [ app_begin ] --START--
INFO: Run ReadHtmlCache Behavior [ RunTime:0.001028s ]
INFO: [ app_begin ] --END-- [ RunTime:0.001392s ]

[ 2015-09-05T09:40:15+08:00 ] ERR: (ThinkException) 非法操作:htdocs
[ 2015-09-05T09:40:17+08:00 ] ERR: (ThinkException) 非法操作:upfile
[ 2015-09-05T09:40:20+08:00 ] ERR: (ThinkException) 非法操作:upfiles
[ 2015-09-05T09:40:22+08:00 ] ERR: (ThinkException) 非法操作:uploadfile
[ 2015-09-05T09:40:23+08:00 ] ERR: (ThinkException) 非法操作:uploadfiles
[ 2015-09-05T09:40:26+08:00 ] ERR: (ThinkException) 非法操作:web
[ 2015-09-05T09:40:29+08:00 ] ERR: (ThinkException) 非法操作:data
[ 2015-09-05T09:40:31+08:00 ] ERR: (ThinkException) 非法操作:backup
[ 2015-09-05T09:42:10+08:00 ] ERR: (ThinkException) 非法操作:phpinfo
[ 2015-09-05T09:42:12+08:00 ] 121.42.0.36 /dsapi/api.php/Index/index.php
INFO: [ route_check ] --START--
INFO: Run CheckRoute Behavior [ RunTime:0.001259s ]
INFO: [ route_check ] --END-- [ RunTime:0.001622s ]
NOTIC: [8192] preg_replace(): The /e modifier is deprecated, use preg_replace_callback instead D:\wamp\www\ddl666.com\dsapi\ThinkPHP\Lib\Core\Dispatcher.class.php 第 120 行.
INFO: [ app_begin ] --START--
INFO: Run ReadHtmlCache Behavior [ RunTime:0.001202s ]
INFO: [ app_begin ] --END-- [ RunTime:0.001563s ]

[ 2015-09-05T09:42:12+08:00 ] ERR: (ThinkException) 非法操作:php
[ 2015-09-05T09:42:14+08:00 ] ERR: (ThinkException) 非法操作:info
[ 2015-09-05T09:42:16+08:00 ] ERR: (ThinkException) 非法操作:test
[ 2015-09-05T09:42:19+08:00 ] ERR: (ThinkException) 非法操作:a
[ 2015-09-05T09:42:20+08:00 ] ERR: (ThinkException) 非法操作:1
[ 2015-09-05T09:42:23+08:00 ] ERR: (ThinkException) 非法操作:u
[ 2015-09-05T09:42:24+08:00 ] ERR: (ThinkException) 非法操作:tz
[ 2015-09-05T09:42:44+08:00 ] ERR: (ThinkException) 非法操作:adminer
[ 2015-09-05T09:43:05+08:00 ] ERR: (ThinkException) 非法操作:bigdump
[ 2015-09-05T09:43:23+08:00 ] ERR: (ThinkException) 非法操作:${@print(md5(this_is_a_test_string))}
[ 2015-09-05T10:11:51+08:00 ] ERR: (ThinkException) 非法操作:shopadmin
[ 2015-09-05T10:11:52+08:00 ] ERR: (ThinkException) 非法操作:feed-proxy
[ 2015-09-05T10:11:53+08:00 ] ERR: (ThinkException) 非法操作:bbx
[ 2015-09-05T10:11:54+08:00 ] ERR: (ThinkException) 非法操作:tools
[ 2015-09-05T10:11:55+08:00 ] ERR: (ThinkException) 非法操作:yanfang
[ 2015-09-05T10:11:56+08:00 ] 121.42.0.36 /dsapi/api.php/Index/.DS_Store
INFO: [ route_check ] --START--
INFO: Run CheckRoute Behavior [ RunTime:0.001080s ]
INFO: [ route_check ] --END-- [ RunTime:0.001439s ]
NOTIC: [8192] preg_replace(): The /e modifier is deprecated, use preg_replace_callback instead D:\wamp\www\ddl666.com\dsapi\ThinkPHP\Lib\Core\Dispatcher.class.php 第 120 行.
INFO: [ app_begin ] --START--
INFO: Run ReadHtmlCache Behavior [ RunTime:0.001134s ]
INFO: [ app_begin ] --END-- [ RunTime:0.001485s ]

[ 2015-09-05T10:11:57+08:00 ] ERR: (ThinkException) 非法操作:db
[ 2015-09-05T10:11:58+08:00 ] ERR: (ThinkException) 非法操作:config
[ 2015-09-05T10:11:59+08:00 ] ERR: (ThinkException) 非法操作:logs
[ 2015-09-05T10:12:00+08:00 ] ERR: (ThinkException) 非法操作:log
[ 2015-09-05T10:12:02+08:00 ] ERR: (ThinkException) 非法操作:admin
[ 2015-09-05T10:12:03+08:00 ] 121.42.0.36 /dsapi/api.php/Index/index.action?debug=browser
INFO: [ route_check ] --START--
INFO: Run CheckRoute Behavior [ RunTime:0.001280s ]
INFO: [ route_check ] --END-- [ RunTime:0.001650s ]
NOTIC: [8192] preg_replace(): The /e modifier is deprecated, use preg_replace_callback instead D:\wamp\www\ddl666.com\dsapi\ThinkPHP\Lib\Core\Dispatcher.class.php 第 120 行.
INFO: [ app_begin ] --START--
INFO: Run ReadHtmlCache Behavior [ RunTime:0.001230s ]
INFO: [ app_begin ] --END-- [ RunTime:0.001707s ]

[ 2015-09-05T10:12:04+08:00 ] 121.42.0.36 /dsapi/api.php/Index/index.action?redirect%3A%25%7Bnew+java.lang.String%28%27http%3A%2F%2Fxxxxxxxxxxxxx%27%29%7D
INFO: [ route_check ] --START--
INFO: Run CheckRoute Behavior [ RunTime:0.001330s ]
INFO: [ route_check ] --END-- [ RunTime:0.001782s ]
NOTIC: [8192] preg_replace(): The /e modifier is deprecated, use preg_replace_callback instead D:\wamp\www\ddl666.com\dsapi\ThinkPHP\Lib\Core\Dispatcher.class.php 第 120 行.
INFO: [ app_begin ] --START--
INFO: Run ReadHtmlCache Behavior [ RunTime:0.001248s ]
INFO: [ app_begin ] --END-- [ RunTime:0.001593s ]

[ 2015-09-05T10:12:09+08:00 ] ERR: (ThinkException) 非法操作:admin
[ 2015-09-05T10:12:10+08:00 ] ERR: (ThinkException) 非法操作:upload
[ 2015-09-05T10:12:11+08:00 ] ERR: (ThinkException) 非法操作:uploads
[ 2015-09-05T10:12:12+08:00 ] 121.42.0.36 /dsapi/api.php/Index//
INFO: [ route_check ] --START--
INFO: Run CheckRoute Behavior [ RunTime:0.001396s ]
INFO: [ route_check ] --END-- [ RunTime:0.001857s ]
NOTIC: [8192] preg_replace(): The /e modifier is deprecated, use preg_replace_callback instead D:\wamp\www\ddl666.com\dsapi\ThinkPHP\Lib\Core\Dispatcher.class.php 第 120 行.
INFO: [ app_begin ] --START--
INFO: Run ReadHtmlCache Behavior [ RunTime:0.001297s ]
INFO: [ app_begin ] --END-- [ RunTime:0.001673s ]

[ 2015-09-05T10:12:13+08:00 ] ERR: (ThinkException) 非法操作:htdocs
[ 2015-09-05T10:12:14+08:00 ] ERR: (ThinkException) 非法操作:upfile
[ 2015-09-05T10:12:15+08:00 ] ERR: (ThinkException) 非法操作:upfiles
[ 2015-09-05T10:12:16+08:00 ] ERR: (ThinkException) 非法操作:uploadfile
[ 2015-09-05T10:12:17+08:00 ] ERR: (ThinkException) 非法操作:uploadfiles
[ 2015-09-05T10:12:18+08:00 ] ERR: (ThinkException) 非法操作:web
[ 2015-09-05T10:12:19+08:00 ] ERR: (ThinkException) 非法操作:data
[ 2015-09-05T10:12:20+08:00 ] ERR: (ThinkException) 非法操作:backup
[ 2015-09-05T10:12:24+08:00 ] ERR: (ThinkException) 非法操作:phpinfo
[ 2015-09-05T10:12:25+08:00 ] 121.42.0.36 /dsapi/api.php/Index/index.php
INFO: [ route_check ] --START--
INFO: Run CheckRoute Behavior [ RunTime:0.001272s ]
INFO: [ route_check ] --END-- [ RunTime:0.001638s ]
NOTIC: [8192] preg_replace(): The /e modifier is deprecated, use preg_replace_callback instead D:\wamp\www\ddl666.com\dsapi\ThinkPHP\Lib\Core\Dispatcher.class.php 第 120 行.
INFO: [ app_begin ] --START--
INFO: Run ReadHtmlCache Behavior [ RunTime:0.001172s ]
INFO: [ app_begin ] --END-- [ RunTime:0.001523s ]

[ 2015-09-05T10:12:26+08:00 ] ERR: (ThinkException) 非法操作:php
[ 2015-09-05T10:12:27+08:00 ] ERR: (ThinkException) 非法操作:info
[ 2015-09-05T10:12:28+08:00 ] ERR: (ThinkException) 非法操作:test
[ 2015-09-05T10:12:29+08:00 ] ERR: (ThinkException) 非法操作:a
[ 2015-09-05T10:12:30+08:00 ] ERR: (ThinkException) 非法操作:1
[ 2015-09-05T10:12:31+08:00 ] ERR: (ThinkException) 非法操作:u
[ 2015-09-05T10:12:32+08:00 ] ERR: (ThinkException) 非法操作:tz
[ 2015-09-05T10:12:33+08:00 ] ERR: (ThinkException) 非法操作:adminer
[ 2015-09-05T10:12:34+08:00 ] ERR: (ThinkException) 非法操作:bigdump
[ 2015-09-05T10:12:35+08:00 ] ERR: (ThinkException) 非法操作:${@print(md5(this_is_a_test_string))}
[ 2015-09-05T10:18:58+08:00 ] 121.42.0.36 /dsapi/api.php/Index//0.zip
INFO: [ route_check ] --START--
INFO: Run CheckRoute Behavior [ RunTime:0.001422s ]
INFO: [ route_check ] --END-- [ RunTime:0.001813s ]
NOTIC: [8192] preg_replace(): The /e modifier is deprecated, use preg_replace_callback instead D:\wamp\www\ddl666.com\dsapi\ThinkPHP\Lib\Core\Dispatcher.class.php 第 120 行.
INFO: [ app_begin ] --START--
INFO: Run ReadHtmlCache Behavior [ RunTime:0.001312s ]
INFO: [ app_begin ] --END-- [ RunTime:0.001759s ]

[ 2015-09-05T10:19:01+08:00 ] 121.42.0.36 /dsapi/api.php/Index//0.rar
INFO: [ route_check ] --START--
INFO: Run CheckRoute Behavior [ RunTime:0.001069s ]
INFO: [ route_check ] --END-- [ RunTime:0.001449s ]
NOTIC: [8192] preg_replace(): The /e modifier is deprecated, use preg_replace_callback instead D:\wamp\www\ddl666.com\dsapi\ThinkPHP\Lib\Core\Dispatcher.class.php 第 120 行.
INFO: [ app_begin ] --START--
INFO: Run ReadHtmlCache Behavior [ RunTime:0.001107s ]
INFO: [ app_begin ] --END-- [ RunTime:0.001486s ]

[ 2015-09-05T10:19:02+08:00 ] ERR: (ThinkException) 非法操作:0.tar
[ 2015-09-05T10:19:03+08:00 ] 121.42.0.36 /dsapi/api.php/Index//0.tgz
INFO: [ route_check ] --START--
INFO: Run CheckRoute Behavior [ RunTime:0.001062s ]
INFO: [ route_check ] --END-- [ RunTime:0.001456s ]
NOTIC: [8192] preg_replace(): The /e modifier is deprecated, use preg_replace_callback instead D:\wamp\www\ddl666.com\dsapi\ThinkPHP\Lib\Core\Dispatcher.class.php 第 120 行.
INFO: [ app_begin ] --START--
INFO: Run ReadHtmlCache Behavior [ RunTime:0.001110s ]
INFO: [ app_begin ] --END-- [ RunTime:0.001448s ]

[ 2015-09-05T10:19:03+08:00 ] 121.42.0.36 /dsapi/api.php/Index//0.7z
INFO: [ route_check ] --START--
INFO: Run CheckRoute Behavior [ RunTime:0.001079s ]
INFO: [ route_check ] --END-- [ RunTime:0.001480s ]
NOTIC: [8192] preg_replace(): The /e modifier is deprecated, use preg_replace_callback instead D:\wamp\www\ddl666.com\dsapi\ThinkPHP\Lib\Core\Dispatcher.class.php 第 120 行.
INFO: [ app_begin ] --START--
INFO: Run ReadHtmlCache Behavior [ RunTime:0.001129s ]
INFO: [ app_begin ] --END-- [ RunTime:0.001474s ]

[ 2015-09-05T10:19:05+08:00 ] ERR: (ThinkException) 非法操作:1
[ 2015-09-05T10:19:06+08:00 ] ERR: (ThinkException) 非法操作:1
[ 2015-09-05T10:19:08+08:00 ] ERR: (ThinkException) 非法操作:1.tar
[ 2015-09-05T10:19:11+08:00 ] ERR: (ThinkException) 非法操作:1
[ 2015-09-05T10:19:12+08:00 ] ERR: (ThinkException) 非法操作:1
[ 2015-09-05T10:19:14+08:00 ] ERR: (ThinkException) 非法操作:www
[ 2015-09-05T10:19:17+08:00 ] ERR: (ThinkException) 非法操作:www
[ 2015-09-05T10:19:18+08:00 ] ERR: (ThinkException) 非法操作:www.tar
[ 2015-09-05T10:19:21+08:00 ] ERR: (ThinkException) 非法操作:www
[ 2015-09-05T10:19:23+08:00 ] ERR: (ThinkException) 非法操作:www
[ 2015-09-05T10:19:24+08:00 ] ERR: (ThinkException) 非法操作:wwwroot
[ 2015-09-05T10:19:25+08:00 ] ERR: (ThinkException) 非法操作:wwwroot
[ 2015-09-05T10:19:28+08:00 ] ERR: (ThinkException) 非法操作:wwwroot.tar
[ 2015-09-05T10:19:29+08:00 ] ERR: (ThinkException) 非法操作:wwwroot
[ 2015-09-05T10:19:30+08:00 ] ERR: (ThinkException) 非法操作:wwwroot
[ 2015-09-05T10:19:33+08:00 ] ERR: (ThinkException) 非法操作:backup
[ 2015-09-05T10:19:34+08:00 ] ERR: (ThinkException) 非法操作:backup
[ 2015-09-05T10:19:37+08:00 ] ERR: (ThinkException) 非法操作:backup.tar
[ 2015-09-05T10:19:38+08:00 ] ERR: (ThinkException) 非法操作:backup
[ 2015-09-05T10:19:39+08:00 ] ERR: (ThinkException) 非法操作:backup
[ 2015-09-05T10:19:40+08:00 ] ERR: (ThinkException) 非法操作:build
[ 2015-09-05T10:19:41+08:00 ] ERR: (ThinkException) 非法操作:build
[ 2015-09-05T10:19:42+08:00 ] ERR: (ThinkException) 非法操作:build.tar
[ 2015-09-05T10:19:43+08:00 ] ERR: (ThinkException) 非法操作:build
[ 2015-09-05T10:19:44+08:00 ] ERR: (ThinkException) 非法操作:build
[ 2015-09-05T10:19:45+08:00 ] ERR: (ThinkException) 非法操作:html
[ 2015-09-05T10:19:48+08:00 ] ERR: (ThinkException) 非法操作:html
[ 2015-09-05T10:19:51+08:00 ] ERR: (ThinkException) 非法操作:html.tar
[ 2015-09-05T10:19:52+08:00 ] ERR: (ThinkException) 非法操作:html
[ 2015-09-05T10:19:53+08:00 ] ERR: (ThinkException) 非法操作:html
[ 2015-09-05T10:19:54+08:00 ] ERR: (ThinkException) 非法操作:home
[ 2015-09-05T10:19:55+08:00 ] ERR: (ThinkException) 非法操作:home
[ 2015-09-05T10:19:56+08:00 ] ERR: (ThinkException) 非法操作:home.tar
[ 2015-09-05T10:19:57+08:00 ] ERR: (ThinkException) 非法操作:home
[ 2015-09-05T10:19:58+08:00 ] ERR: (ThinkException) 非法操作:home
[ 2015-09-05T10:19:59+08:00 ] ERR: (ThinkException) 非法操作:root
[ 2015-09-05T10:20:00+08:00 ] ERR: (ThinkException) 非法操作:root
[ 2015-09-05T10:20:03+08:00 ] ERR: (ThinkException) 非法操作:root.tar
[ 2015-09-05T10:20:04+08:00 ] ERR: (ThinkException) 非法操作:root
[ 2015-09-05T10:20:07+08:00 ] ERR: (ThinkException) 非法操作:root
[ 2015-09-05T10:20:10+08:00 ] ERR: (ThinkException) 非法操作:config
[ 2015-09-05T10:20:12+08:00 ] ERR: (ThinkException) 非法操作:config
[ 2015-09-05T10:20:14+08:00 ] ERR: (ThinkException) 非法操作:config.tar
[ 2015-09-05T10:20:15+08:00 ] ERR: (ThinkException) 非法操作:config
[ 2015-09-05T10:20:25+08:00 ] ERR: (ThinkException) 非法操作:config
[ 2015-09-05T10:20:26+08:00 ] ERR: (ThinkException) 非法操作:tmp
[ 2015-09-05T10:20:27+08:00 ] ERR: (ThinkException) 非法操作:tmp
[ 2015-09-05T10:20:29+08:00 ] ERR: (ThinkException) 非法操作:tmp.tar
[ 2015-09-05T10:20:30+08:00 ] ERR: (ThinkException) 非法操作:tmp
[ 2015-09-05T10:20:31+08:00 ] ERR: (ThinkException) 非法操作:tmp
[ 2015-09-05T10:20:33+08:00 ] ERR: (ThinkException) 非法操作:temp
[ 2015-09-05T10:20:36+08:00 ] ERR: (ThinkException) 非法操作:temp
[ 2015-09-05T10:20:37+08:00 ] ERR: (ThinkException) 非法操作:temp.tar
[ 2015-09-05T10:20:40+08:00 ] ERR: (ThinkException) 非法操作:temp
[ 2015-09-05T10:20:42+08:00 ] ERR: (ThinkException) 非法操作:temp
[ 2015-09-05T10:20:45+08:00 ] ERR: (ThinkException) 非法操作:web
[ 2015-09-05T10:20:46+08:00 ] ERR: (ThinkException) 非法操作:web
[ 2015-09-05T10:20:48+08:00 ] ERR: (ThinkException) 非法操作:web.tar
[ 2015-09-05T10:20:49+08:00 ] ERR: (ThinkException) 非法操作:web
[ 2015-09-05T10:20:50+08:00 ] ERR: (ThinkException) 非法操作:web
[ 2015-09-05T10:20:53+08:00 ] ERR: (ThinkException) 非法操作:website
[ 2015-09-05T10:20:54+08:00 ] ERR: (ThinkException) 非法操作:website
[ 2015-09-05T10:20:55+08:00 ] ERR: (ThinkException) 非法操作:website.tar
[ 2015-09-05T10:20:56+08:00 ] ERR: (ThinkException) 非法操作:website
[ 2015-09-05T10:20:58+08:00 ] ERR: (ThinkException) 非法操作:website
[ 2015-09-05T10:20:59+08:00 ] ERR: (ThinkException) 非法操作:site
[ 2015-09-05T10:21:01+08:00 ] ERR: (ThinkException) 非法操作:site
[ 2015-09-05T10:21:02+08:00 ] ERR: (ThinkException) 非法操作:site.tar
[ 2015-09-05T10:21:03+08:00 ] ERR: (ThinkException) 非法操作:site
[ 2015-09-05T10:21:04+08:00 ] ERR: (ThinkException) 非法操作:site
[ 2015-09-05T10:21:06+08:00 ] ERR: (ThinkException) 非法操作:htdocs
[ 2015-09-05T10:21:07+08:00 ] ERR: (ThinkException) 非法操作:htdocs
[ 2015-09-05T10:21:08+08:00 ] ERR: (ThinkException) 非法操作:htdocs.tar
[ 2015-09-05T10:21:11+08:00 ] ERR: (ThinkException) 非法操作:htdocs
[ 2015-09-05T10:21:12+08:00 ] ERR: (ThinkException) 非法操作:htdocs
[ 2015-09-05T10:21:13+08:00 ] ERR: (ThinkException) 非法操作:sql
[ 2015-09-05T10:21:15+08:00 ] ERR: (ThinkException) 非法操作:sql
[ 2015-09-05T10:21:18+08:00 ] ERR: (ThinkException) 非法操作:sql.tar
[ 2015-09-05T10:21:21+08:00 ] ERR: (ThinkException) 非法操作:sql
[ 2015-09-05T10:21:22+08:00 ] ERR: (ThinkException) 非法操作:sql
[ 2015-09-05T10:21:23+08:00 ] ERR: (ThinkException) 非法操作:mls.ddl666.com
[ 2015-09-05T10:21:24+08:00 ] ERR: (ThinkException) 非法操作:mls.ddl666.com
[ 2015-09-05T10:21:25+08:00 ] ERR: (ThinkException) 非法操作:mls.ddl666.com.tar
[ 2015-09-05T10:21:26+08:00 ] ERR: (ThinkException) 非法操作:mls.ddl666.com
[ 2015-09-05T10:21:26+08:00 ] ERR: (ThinkException) 非法操作:mls.ddl666.com
[ 2015-09-05T11:05:11+08:00 ] ERR: (ThinkException) 非法操作:shopadmin
[ 2015-09-05T11:06:15+08:00 ] ERR: (ThinkException) 非法操作:feed-proxy
[ 2015-09-05T11:07:19+08:00 ] ERR: (ThinkException) 非法操作:bbx
[ 2015-09-05T11:08:20+08:00 ] ERR: (ThinkException) 非法操作:tools
[ 2015-09-05T11:08:27+08:00 ] ERR: (ThinkException) 非法操作:yanfang
[ 2015-09-05T11:09:29+08:00 ] 121.42.0.36 /dsapi/api.php/Index/.DS_Store
INFO: [ route_check ] --START--
INFO: Run CheckRoute Behavior [ RunTime:0.001109s ]
INFO: [ route_check ] --END-- [ RunTime:0.001503s ]
NOTIC: [8192] preg_replace(): The /e modifier is deprecated, use preg_replace_callback instead D:\wamp\www\ddl666.com\dsapi\ThinkPHP\Lib\Core\Dispatcher.class.php 第 120 行.
INFO: [ app_begin ] --START--
INFO: Run ReadHtmlCache Behavior [ RunTime:0.001198s ]
INFO: [ app_begin ] --END-- [ RunTime:0.001577s ]

[ 2015-09-05T11:10:05+08:00 ] ERR: (ThinkException) 非法操作:db
[ 2015-09-05T11:10:06+08:00 ] ERR: (ThinkException) 非法操作:config
[ 2015-09-05T11:10:08+08:00 ] ERR: (ThinkException) 非法操作:logs
[ 2015-09-05T11:10:09+08:00 ] ERR: (ThinkException) 非法操作:log
[ 2015-09-05T11:10:13+08:00 ] ERR: (ThinkException) 非法操作:admin
[ 2015-09-05T11:10:16+08:00 ] 121.42.0.36 /dsapi/api.php/Index/index.action?debug=browser
INFO: [ route_check ] --START--
INFO: Run CheckRoute Behavior [ RunTime:0.001049s ]
INFO: [ route_check ] --END-- [ RunTime:0.001414s ]
NOTIC: [8192] preg_replace(): The /e modifier is deprecated, use preg_replace_callback instead D:\wamp\www\ddl666.com\dsapi\ThinkPHP\Lib\Core\Dispatcher.class.php 第 120 行.
INFO: [ app_begin ] --START--
INFO: Run ReadHtmlCache Behavior [ RunTime:0.001039s ]
INFO: [ app_begin ] --END-- [ RunTime:0.001453s ]

[ 2015-09-05T11:10:18+08:00 ] 121.42.0.36 /dsapi/api.php/Index/index.action?redirect%3A%25%7Bnew+java.lang.String%28%27http%3A%2F%2Fxxxxxxxxxxxxx%27%29%7D
INFO: [ route_check ] --START--
INFO: Run CheckRoute Behavior [ RunTime:0.001054s ]
INFO: [ route_check ] --END-- [ RunTime:0.001417s ]
NOTIC: [8192] preg_replace(): The /e modifier is deprecated, use preg_replace_callback instead D:\wamp\www\ddl666.com\dsapi\ThinkPHP\Lib\Core\Dispatcher.class.php 第 120 行.
INFO: [ app_begin ] --START--
INFO: Run ReadHtmlCache Behavior [ RunTime:0.001181s ]
INFO: [ app_begin ] --END-- [ RunTime:0.001569s ]

[ 2015-09-05T11:10:22+08:00 ] ERR: (ThinkException) 非法操作:admin
[ 2015-09-05T11:10:23+08:00 ] ERR: (ThinkException) 非法操作:upload
[ 2015-09-05T11:10:24+08:00 ] ERR: (ThinkException) 非法操作:uploads
[ 2015-09-05T11:10:25+08:00 ] 121.42.0.36 /dsapi/api.php/Index//
INFO: [ route_check ] --START--
INFO: Run CheckRoute Behavior [ RunTime:0.001096s ]
INFO: [ route_check ] --END-- [ RunTime:0.001510s ]
NOTIC: [8192] preg_replace(): The /e modifier is deprecated, use preg_replace_callback instead D:\wamp\www\ddl666.com\dsapi\ThinkPHP\Lib\Core\Dispatcher.class.php 第 120 行.
INFO: [ app_begin ] --START--
INFO: Run ReadHtmlCache Behavior [ RunTime:0.001048s ]
INFO: [ app_begin ] --END-- [ RunTime:0.001472s ]

[ 2015-09-05T11:10:26+08:00 ] ERR: (ThinkException) 非法操作:htdocs
[ 2015-09-05T11:10:27+08:00 ] ERR: (ThinkException) 非法操作:upfile
[ 2015-09-05T11:10:28+08:00 ] ERR: (ThinkException) 非法操作:upfiles
[ 2015-09-05T11:10:30+08:00 ] ERR: (ThinkException) 非法操作:uploadfile
[ 2015-09-05T11:10:31+08:00 ] ERR: (ThinkException) 非法操作:uploadfiles
[ 2015-09-05T11:10:32+08:00 ] ERR: (ThinkException) 非法操作:web
[ 2015-09-05T11:10:34+08:00 ] ERR: (ThinkException) 非法操作:data
[ 2015-09-05T11:10:35+08:00 ] ERR: (ThinkException) 非法操作:backup
[ 2015-09-05T11:10:44+08:00 ] ERR: (ThinkException) 非法操作:phpinfo
[ 2015-09-05T11:10:45+08:00 ] 121.42.0.36 /dsapi/api.php/Index/index.php
INFO: [ route_check ] --START--
INFO: Run CheckRoute Behavior [ RunTime:0.001051s ]
INFO: [ route_check ] --END-- [ RunTime:0.001441s ]
NOTIC: [8192] preg_replace(): The /e modifier is deprecated, use preg_replace_callback instead D:\wamp\www\ddl666.com\dsapi\ThinkPHP\Lib\Core\Dispatcher.class.php 第 120 行.
INFO: [ app_begin ] --START--
INFO: Run ReadHtmlCache Behavior [ RunTime:0.001035s ]
INFO: [ app_begin ] --END-- [ RunTime:0.001428s ]

[ 2015-09-05T11:10:48+08:00 ] ERR: (ThinkException) 非法操作:php
[ 2015-09-05T11:10:51+08:00 ] ERR: (ThinkException) 非法操作:info
[ 2015-09-05T11:10:52+08:00 ] ERR: (ThinkException) 非法操作:test
[ 2015-09-05T11:10:53+08:00 ] ERR: (ThinkException) 非法操作:a
[ 2015-09-05T11:10:54+08:00 ] ERR: (ThinkException) 非法操作:1
[ 2015-09-05T11:10:55+08:00 ] ERR: (ThinkException) 非法操作:u
[ 2015-09-05T11:10:56+08:00 ] ERR: (ThinkException) 非法操作:tz
[ 2015-09-05T11:10:57+08:00 ] ERR: (ThinkException) 非法操作:adminer
[ 2015-09-05T11:10:59+08:00 ] ERR: (ThinkException) 非法操作:bigdump
[ 2015-09-05T11:11:00+08:00 ] ERR: (ThinkException) 非法操作:${@print(md5(this_is_a_test_string))}
[ 2015-09-05T11:33:58+08:00 ] ERR: (ThinkException) 非法操作:shopadmin
[ 2015-09-05T11:33:59+08:00 ] ERR: (ThinkException) 非法操作:feed-proxy
[ 2015-09-05T11:34:00+08:00 ] ERR: (ThinkException) 非法操作:bbx
[ 2015-09-05T11:34:01+08:00 ] ERR: (ThinkException) 非法操作:tools
[ 2015-09-05T11:34:02+08:00 ] ERR: (ThinkException) 非法操作:yanfang
[ 2015-09-05T11:34:03+08:00 ] 121.42.0.36 /dsapi/api.php/Index/.DS_Store
INFO: [ route_check ] --START--
INFO: Run CheckRoute Behavior [ RunTime:0.001318s ]
INFO: [ route_check ] --END-- [ RunTime:0.001696s ]
NOTIC: [8192] preg_replace(): The /e modifier is deprecated, use preg_replace_callback instead D:\wamp\www\ddl666.com\dsapi\ThinkPHP\Lib\Core\Dispatcher.class.php 第 120 行.
INFO: [ app_begin ] --START--
INFO: Run ReadHtmlCache Behavior [ RunTime:0.001173s ]
INFO: [ app_begin ] --END-- [ RunTime:0.001514s ]

[ 2015-09-05T11:34:04+08:00 ] ERR: (ThinkException) 非法操作:db
[ 2015-09-05T11:34:05+08:00 ] ERR: (ThinkException) 非法操作:config
[ 2015-09-05T11:34:06+08:00 ] ERR: (ThinkException) 非法操作:logs
[ 2015-09-05T11:34:07+08:00 ] ERR: (ThinkException) 非法操作:log
[ 2015-09-05T11:34:09+08:00 ] ERR: (ThinkException) 非法操作:admin
[ 2015-09-05T11:34:10+08:00 ] 121.42.0.36 /dsapi/api.php/Index/index.action?debug=browser
INFO: [ route_check ] --START--
INFO: Run CheckRoute Behavior [ RunTime:0.001230s ]
INFO: [ route_check ] --END-- [ RunTime:0.001598s ]
NOTIC: [8192] preg_replace(): The /e modifier is deprecated, use preg_replace_callback instead D:\wamp\www\ddl666.com\dsapi\ThinkPHP\Lib\Core\Dispatcher.class.php 第 120 行.
INFO: [ app_begin ] --START--
INFO: Run ReadHtmlCache Behavior [ RunTime:0.001210s ]
INFO: [ app_begin ] --END-- [ RunTime:0.001550s ]

[ 2015-09-05T11:34:11+08:00 ] 121.42.0.36 /dsapi/api.php/Index/index.action?redirect%3A%25%7Bnew+java.lang.String%28%27http%3A%2F%2Fxxxxxxxxxxxxx%27%29%7D
INFO: [ route_check ] --START--
INFO: Run CheckRoute Behavior [ RunTime:0.001243s ]
INFO: [ route_check ] --END-- [ RunTime:0.001632s ]
NOTIC: [8192] preg_replace(): The /e modifier is deprecated, use preg_replace_callback instead D:\wamp\www\ddl666.com\dsapi\ThinkPHP\Lib\Core\Dispatcher.class.php 第 120 行.
INFO: [ app_begin ] --START--
INFO: Run ReadHtmlCache Behavior [ RunTime:0.001128s ]
INFO: [ app_begin ] --END-- [ RunTime:0.001482s ]

[ 2015-09-05T11:34:13+08:00 ] ERR: (ThinkException) 非法操作:admin
[ 2015-09-05T11:34:14+08:00 ] ERR: (ThinkException) 非法操作:upload
[ 2015-09-05T11:34:15+08:00 ] ERR: (ThinkException) 非法操作:uploads
[ 2015-09-05T11:34:16+08:00 ] 121.42.0.36 /dsapi/api.php/Index//
INFO: [ route_check ] --START--
INFO: Run CheckRoute Behavior [ RunTime:0.001217s ]
INFO: [ route_check ] --END-- [ RunTime:0.001593s ]
NOTIC: [8192] preg_replace(): The /e modifier is deprecated, use preg_replace_callback instead D:\wamp\www\ddl666.com\dsapi\ThinkPHP\Lib\Core\Dispatcher.class.php 第 120 行.
INFO: [ app_begin ] --START--
INFO: Run ReadHtmlCache Behavior [ RunTime:0.001333s ]
INFO: [ app_begin ] --END-- [ RunTime:0.001703s ]

[ 2015-09-05T11:34:17+08:00 ] ERR: (ThinkException) 非法操作:htdocs
[ 2015-09-05T11:34:18+08:00 ] ERR: (ThinkException) 非法操作:upfile
[ 2015-09-05T11:34:19+08:00 ] ERR: (ThinkException) 非法操作:upfiles
[ 2015-09-05T11:34:20+08:00 ] ERR: (ThinkException) 非法操作:uploadfile
[ 2015-09-05T11:34:21+08:00 ] ERR: (ThinkException) 非法操作:uploadfiles
[ 2015-09-05T11:34:22+08:00 ] ERR: (ThinkException) 非法操作:web
[ 2015-09-05T11:34:23+08:00 ] ERR: (ThinkException) 非法操作:data
[ 2015-09-05T11:34:24+08:00 ] ERR: (ThinkException) 非法操作:backup
[ 2015-09-05T11:34:28+08:00 ] ERR: (ThinkException) 非法操作:phpinfo
[ 2015-09-05T11:34:29+08:00 ] 121.42.0.36 /dsapi/api.php/Index/index.php
INFO: [ route_check ] --START--
INFO: Run CheckRoute Behavior [ RunTime:0.001306s ]
INFO: [ route_check ] --END-- [ RunTime:0.001675s ]
NOTIC: [8192] preg_replace(): The /e modifier is deprecated, use preg_replace_callback instead D:\wamp\www\ddl666.com\dsapi\ThinkPHP\Lib\Core\Dispatcher.class.php 第 120 行.
INFO: [ app_begin ] --START--
INFO: Run ReadHtmlCache Behavior [ RunTime:0.001251s ]
INFO: [ app_begin ] --END-- [ RunTime:0.001613s ]

[ 2015-09-05T11:34:30+08:00 ] ERR: (ThinkException) 非法操作:php
[ 2015-09-05T11:34:31+08:00 ] ERR: (ThinkException) 非法操作:info
[ 2015-09-05T11:34:32+08:00 ] ERR: (ThinkException) 非法操作:test
[ 2015-09-05T11:34:33+08:00 ] ERR: (ThinkException) 非法操作:a
[ 2015-09-05T11:34:34+08:00 ] ERR: (ThinkException) 非法操作:1
[ 2015-09-05T11:34:35+08:00 ] ERR: (ThinkException) 非法操作:u
[ 2015-09-05T11:34:36+08:00 ] ERR: (ThinkException) 非法操作:tz
[ 2015-09-05T11:34:37+08:00 ] ERR: (ThinkException) 非法操作:adminer
[ 2015-09-05T11:34:38+08:00 ] ERR: (ThinkException) 非法操作:bigdump
[ 2015-09-05T11:34:39+08:00 ] ERR: (ThinkException) 非法操作:${@print(md5(this_is_a_test_string))}
