[ 2015-09-26T21:27:06+08:00 ] ERR: (ThinkException) 非法操作:shopadmin
[ 2015-09-26T21:28:16+08:00 ] ERR: (ThinkException) 非法操作:feed-proxy
[ 2015-09-26T21:28:18+08:00 ] 121.42.0.19 /dsapi/api.php/Index/.DS_Store
INFO: [ route_check ] --START--
INFO: Run CheckRoute Behavior [ RunTime:0.001444s ]
INFO: [ route_check ] --END-- [ RunTime:0.001919s ]
NOTIC: [8192] preg_replace(): The /e modifier is deprecated, use preg_replace_callback instead D:\wamp\www\ddl666.com\dsapi\ThinkPHP\Lib\Core\Dispatcher.class.php 第 120 行.
INFO: [ app_begin ] --START--
INFO: Run ReadHtmlCache Behavior [ RunTime:0.001270s ]
INFO: [ app_begin ] --END-- [ RunTime:0.001652s ]

[ 2015-09-26T21:28:19+08:00 ] ERR: (ThinkException) 非法操作:bbx
[ 2015-09-26T21:28:20+08:00 ] ERR: (ThinkException) 非法操作:tools
[ 2015-09-26T21:28:21+08:00 ] ERR: (ThinkException) 非法操作:yanfang
[ 2015-09-26T21:28:22+08:00 ] ERR: (ThinkException) 非法操作:upload
[ 2015-09-26T21:28:23+08:00 ] ERR: (ThinkException) 非法操作:db
[ 2015-09-26T21:28:24+08:00 ] ERR: (ThinkException) 非法操作:config
[ 2015-09-26T21:28:25+08:00 ] ERR: (ThinkException) 非法操作:logs
[ 2015-09-26T21:28:26+08:00 ] ERR: (ThinkException) 非法操作:log
[ 2015-09-26T21:28:27+08:00 ] 121.42.0.19 /dsapi/api.php/Index/index.action?redirect%3A%25%7Bnew+java.lang.String%28%27http%3A%2F%2Fxxxxxxxxxxxxx%27%29%7D
INFO: [ route_check ] --START--
INFO: Run CheckRoute Behavior [ RunTime:0.001294s ]
INFO: [ route_check ] --END-- [ RunTime:0.001707s ]
NOTIC: [8192] preg_replace(): The /e modifier is deprecated, use preg_replace_callback instead D:\wamp\www\ddl666.com\dsapi\ThinkPHP\Lib\Core\Dispatcher.class.php 第 120 行.
INFO: [ app_begin ] --START--
INFO: Run ReadHtmlCache Behavior [ RunTime:0.001235s ]
INFO: [ app_begin ] --END-- [ RunTime:0.001688s ]

[ 2015-09-26T21:28:29+08:00 ] ERR: (ThinkException) 非法操作:admin
[ 2015-09-26T21:28:30+08:00 ] ERR: (ThinkException) 非法操作:uploads
[ 2015-09-26T21:28:31+08:00 ] ERR: (ThinkException) 非法操作:backup
[ 2015-09-26T21:28:32+08:00 ] 121.42.0.19 /dsapi/api.php/Index//
INFO: [ route_check ] --START--
INFO: Run CheckRoute Behavior [ RunTime:0.001221s ]
INFO: [ route_check ] --END-- [ RunTime:0.001627s ]
NOTIC: [8192] preg_replace(): The /e modifier is deprecated, use preg_replace_callback instead D:\wamp\www\ddl666.com\dsapi\ThinkPHP\Lib\Core\Dispatcher.class.php 第 120 行.
INFO: [ app_begin ] --START--
INFO: Run ReadHtmlCache Behavior [ RunTime:0.001155s ]
INFO: [ app_begin ] --END-- [ RunTime:0.001544s ]

[ 2015-09-26T21:28:33+08:00 ] ERR: (ThinkException) 非法操作:htdocs
[ 2015-09-26T21:28:36+08:00 ] ERR: (ThinkException) 非法操作:upfile
[ 2015-09-26T21:28:37+08:00 ] ERR: (ThinkException) 非法操作:upfiles
[ 2015-09-26T21:28:38+08:00 ] ERR: (ThinkException) 非法操作:uploadfile
[ 2015-09-26T21:28:41+08:00 ] ERR: (ThinkException) 非法操作:uploadfiles
[ 2015-09-26T21:28:44+08:00 ] ERR: (ThinkException) 非法操作:web
[ 2015-09-26T21:28:45+08:00 ] ERR: (ThinkException) 非法操作:data
[ 2015-09-26T21:28:52+08:00 ] ERR: (ThinkException) 非法操作:phpinfo
[ 2015-09-26T21:28:53+08:00 ] ERR: (ThinkException) 非法操作:info
[ 2015-09-26T21:28:55+08:00 ] 121.42.0.19 /dsapi/api.php/Index/index.php
INFO: [ route_check ] --START--
INFO: Run CheckRoute Behavior [ RunTime:0.001322s ]
INFO: [ route_check ] --END-- [ RunTime:0.001819s ]
NOTIC: [8192] preg_replace(): The /e modifier is deprecated, use preg_replace_callback instead D:\wamp\www\ddl666.com\dsapi\ThinkPHP\Lib\Core\Dispatcher.class.php 第 120 行.
INFO: [ app_begin ] --START--
INFO: Run ReadHtmlCache Behavior [ RunTime:0.001212s ]
INFO: [ app_begin ] --END-- [ RunTime:0.001641s ]

[ 2015-09-26T21:28:56+08:00 ] ERR: (ThinkException) 非法操作:php
[ 2015-09-26T21:28:57+08:00 ] ERR: (ThinkException) 非法操作:test
[ 2015-09-26T21:28:58+08:00 ] ERR: (ThinkException) 非法操作:a
[ 2015-09-26T21:29:01+08:00 ] ERR: (ThinkException) 非法操作:1
[ 2015-09-26T21:29:02+08:00 ] ERR: (ThinkException) 非法操作:u
[ 2015-09-26T21:29:04+08:00 ] ERR: (ThinkException) 非法操作:l
[ 2015-09-26T21:29:05+08:00 ] ERR: (ThinkException) 非法操作:tz
[ 2015-09-26T21:29:06+08:00 ] ERR: (ThinkException) 非法操作:adminer
[ 2015-09-26T21:29:08+08:00 ] ERR: (ThinkException) 非法操作:bigdump
[ 2015-09-26T21:29:08+08:00 ] ERR: (ThinkException) 非法操作:${@print(md5(this_is_a_test_string))}
