[ 2015-09-19T12:06:55+08:00 ] ERR: (ThinkException) 非法操作:shopadmin
[ 2015-09-19T12:07:41+08:00 ] ERR: (ThinkException) 非法操作:feed-proxy
[ 2015-09-19T12:07:59+08:00 ] 121.42.0.17 /dsapi/api.php/Index/.DS_Store
INFO: [ route_check ] --START--
INFO: Run CheckRoute Behavior [ RunTime:0.001237s ]
INFO: [ route_check ] --END-- [ RunTime:0.001658s ]
NOTIC: [8192] preg_replace(): The /e modifier is deprecated, use preg_replace_callback instead D:\wamp\www\ddl666.com\dsapi\ThinkPHP\Lib\Core\Dispatcher.class.php 第 120 行.
INFO: [ app_begin ] --START--
INFO: Run ReadHtmlCache Behavior [ RunTime:0.001129s ]
INFO: [ app_begin ] --END-- [ RunTime:0.001584s ]

[ 2015-09-19T12:08:01+08:00 ] ERR: (ThinkException) 非法操作:bbx
[ 2015-09-19T12:08:03+08:00 ] ERR: (ThinkException) 非法操作:tools
[ 2015-09-19T12:08:05+08:00 ] ERR: (ThinkException) 非法操作:yanfang
[ 2015-09-19T12:08:07+08:00 ] ERR: (ThinkException) 非法操作:upload
[ 2015-09-19T12:08:09+08:00 ] ERR: (ThinkException) 非法操作:db
[ 2015-09-19T12:08:11+08:00 ] ERR: (ThinkException) 非法操作:config
[ 2015-09-19T12:08:13+08:00 ] ERR: (ThinkException) 非法操作:logs
[ 2015-09-19T12:08:15+08:00 ] ERR: (ThinkException) 非法操作:log
[ 2015-09-19T12:08:17+08:00 ] 121.42.0.17 /dsapi/api.php/Index/index.action?redirect%3A%25%7Bnew+java.lang.String%28%27http%3A%2F%2Fxxxxxxxxxxxxx%27%29%7D
INFO: [ route_check ] --START--
INFO: Run CheckRoute Behavior [ RunTime:0.001245s ]
INFO: [ route_check ] --END-- [ RunTime:0.001660s ]
NOTIC: [8192] preg_replace(): The /e modifier is deprecated, use preg_replace_callback instead D:\wamp\www\ddl666.com\dsapi\ThinkPHP\Lib\Core\Dispatcher.class.php 第 120 行.
INFO: [ app_begin ] --START--
INFO: Run ReadHtmlCache Behavior [ RunTime:0.001259s ]
INFO: [ app_begin ] --END-- [ RunTime:0.001687s ]

[ 2015-09-19T12:08:21+08:00 ] ERR: (ThinkException) 非法操作:admin
[ 2015-09-19T12:08:23+08:00 ] ERR: (ThinkException) 非法操作:uploads
[ 2015-09-19T12:08:25+08:00 ] ERR: (ThinkException) 非法操作:backup
[ 2015-09-19T12:08:27+08:00 ] 121.42.0.17 /dsapi/api.php/Index//
INFO: [ route_check ] --START--
INFO: Run CheckRoute Behavior [ RunTime:0.001217s ]
INFO: [ route_check ] --END-- [ RunTime:0.001639s ]
NOTIC: [8192] preg_replace(): The /e modifier is deprecated, use preg_replace_callback instead D:\wamp\www\ddl666.com\dsapi\ThinkPHP\Lib\Core\Dispatcher.class.php 第 120 行.
INFO: [ app_begin ] --START--
INFO: Run ReadHtmlCache Behavior [ RunTime:0.001262s ]
INFO: [ app_begin ] --END-- [ RunTime:0.001725s ]

[ 2015-09-19T12:08:29+08:00 ] ERR: (ThinkException) 非法操作:htdocs
[ 2015-09-19T12:08:31+08:00 ] ERR: (ThinkException) 非法操作:upfile
[ 2015-09-19T12:08:33+08:00 ] ERR: (ThinkException) 非法操作:upfiles
[ 2015-09-19T12:08:35+08:00 ] ERR: (ThinkException) 非法操作:uploadfile
[ 2015-09-19T12:08:37+08:00 ] ERR: (ThinkException) 非法操作:uploadfiles
[ 2015-09-19T12:08:39+08:00 ] ERR: (ThinkException) 非法操作:web
[ 2015-09-19T12:08:41+08:00 ] ERR: (ThinkException) 非法操作:data
[ 2015-09-19T12:08:47+08:00 ] ERR: (ThinkException) 非法操作:phpinfo
[ 2015-09-19T12:08:49+08:00 ] ERR: (ThinkException) 非法操作:info
[ 2015-09-19T12:08:53+08:00 ] 121.42.0.17 /dsapi/api.php/Index/index.php
INFO: [ route_check ] --START--
INFO: Run CheckRoute Behavior [ RunTime:0.001373s ]
INFO: [ route_check ] --END-- [ RunTime:0.001872s ]
NOTIC: [8192] preg_replace(): The /e modifier is deprecated, use preg_replace_callback instead D:\wamp\www\ddl666.com\dsapi\ThinkPHP\Lib\Core\Dispatcher.class.php 第 120 行.
INFO: [ app_begin ] --START--
INFO: Run ReadHtmlCache Behavior [ RunTime:0.001209s ]
INFO: [ app_begin ] --END-- [ RunTime:0.001639s ]

[ 2015-09-19T12:08:55+08:00 ] ERR: (ThinkException) 非法操作:php
[ 2015-09-19T12:08:56+08:00 ] ERR: (ThinkException) 非法操作:test
[ 2015-09-19T12:08:58+08:00 ] ERR: (ThinkException) 非法操作:a
[ 2015-09-19T12:08:59+08:00 ] ERR: (ThinkException) 非法操作:1
[ 2015-09-19T12:09:00+08:00 ] ERR: (ThinkException) 非法操作:u
[ 2015-09-19T12:09:02+08:00 ] ERR: (ThinkException) 非法操作:l
[ 2015-09-19T12:09:04+08:00 ] ERR: (ThinkException) 非法操作:tz
[ 2015-09-19T12:09:06+08:00 ] ERR: (ThinkException) 非法操作:adminer
[ 2015-09-19T12:09:08+08:00 ] ERR: (ThinkException) 非法操作:bigdump
[ 2015-09-19T12:09:10+08:00 ] ERR: (ThinkException) 非法操作:${@print(md5(this_is_a_test_string))}
[ 2015-09-19T12:26:54+08:00 ] ERR: (ThinkException) 非法操作:shopadmin
[ 2015-09-19T12:26:56+08:00 ] ERR: (ThinkException) 非法操作:feed-proxy
[ 2015-09-19T12:26:58+08:00 ] 121.42.0.17 /dsapi/api.php/Index/.DS_Store
INFO: [ route_check ] --START--
INFO: Run CheckRoute Behavior [ RunTime:0.001563s ]
INFO: [ route_check ] --END-- [ RunTime:0.002017s ]
NOTIC: [8192] preg_replace(): The /e modifier is deprecated, use preg_replace_callback instead D:\wamp\www\ddl666.com\dsapi\ThinkPHP\Lib\Core\Dispatcher.class.php 第 120 行.
INFO: [ app_begin ] --START--
INFO: Run ReadHtmlCache Behavior [ RunTime:0.001304s ]
INFO: [ app_begin ] --END-- [ RunTime:0.001681s ]

[ 2015-09-19T12:26:59+08:00 ] ERR: (ThinkException) 非法操作:bbx
[ 2015-09-19T12:27:00+08:00 ] ERR: (ThinkException) 非法操作:tools
[ 2015-09-19T12:27:01+08:00 ] ERR: (ThinkException) 非法操作:yanfang
[ 2015-09-19T12:27:02+08:00 ] ERR: (ThinkException) 非法操作:upload
[ 2015-09-19T12:27:03+08:00 ] ERR: (ThinkException) 非法操作:db
[ 2015-09-19T12:27:04+08:00 ] ERR: (ThinkException) 非法操作:config
[ 2015-09-19T12:27:06+08:00 ] ERR: (ThinkException) 非法操作:logs
[ 2015-09-19T12:27:07+08:00 ] ERR: (ThinkException) 非法操作:log
[ 2015-09-19T12:27:08+08:00 ] 121.42.0.17 /dsapi/api.php/Index/index.action?redirect%3A%25%7Bnew+java.lang.String%28%27http%3A%2F%2Fxxxxxxxxxxxxx%27%29%7D
INFO: [ route_check ] --START--
INFO: Run CheckRoute Behavior [ RunTime:0.001332s ]
INFO: [ route_check ] --END-- [ RunTime:0.001748s ]
NOTIC: [8192] preg_replace(): The /e modifier is deprecated, use preg_replace_callback instead D:\wamp\www\ddl666.com\dsapi\ThinkPHP\Lib\Core\Dispatcher.class.php 第 120 行.
INFO: [ app_begin ] --START--
INFO: Run ReadHtmlCache Behavior [ RunTime:0.001226s ]
INFO: [ app_begin ] --END-- [ RunTime:0.001629s ]

[ 2015-09-19T12:27:10+08:00 ] ERR: (ThinkException) 非法操作:admin
[ 2015-09-19T12:27:11+08:00 ] ERR: (ThinkException) 非法操作:uploads
[ 2015-09-19T12:27:12+08:00 ] ERR: (ThinkException) 非法操作:backup
[ 2015-09-19T12:27:25+08:00 ] 121.42.0.17 /dsapi/api.php/Index//
INFO: [ route_check ] --START--
INFO: Run CheckRoute Behavior [ RunTime:0.001298s ]
INFO: [ route_check ] --END-- [ RunTime:0.001723s ]
NOTIC: [8192] preg_replace(): The /e modifier is deprecated, use preg_replace_callback instead D:\wamp\www\ddl666.com\dsapi\ThinkPHP\Lib\Core\Dispatcher.class.php 第 120 行.
INFO: [ app_begin ] --START--
INFO: Run ReadHtmlCache Behavior [ RunTime:0.001220s ]
INFO: [ app_begin ] --END-- [ RunTime:0.001593s ]

[ 2015-09-19T12:27:33+08:00 ] ERR: (ThinkException) 非法操作:htdocs
[ 2015-09-19T12:27:34+08:00 ] ERR: (ThinkException) 非法操作:upfile
[ 2015-09-19T12:27:35+08:00 ] ERR: (ThinkException) 非法操作:upfiles
[ 2015-09-19T12:27:36+08:00 ] ERR: (ThinkException) 非法操作:uploadfile
[ 2015-09-19T12:27:37+08:00 ] ERR: (ThinkException) 非法操作:uploadfiles
[ 2015-09-19T12:27:38+08:00 ] ERR: (ThinkException) 非法操作:web
[ 2015-09-19T12:27:39+08:00 ] ERR: (ThinkException) 非法操作:data
[ 2015-09-19T12:27:48+08:00 ] ERR: (ThinkException) 非法操作:phpinfo
[ 2015-09-19T12:27:50+08:00 ] ERR: (ThinkException) 非法操作:info
[ 2015-09-19T12:27:52+08:00 ] 121.42.0.17 /dsapi/api.php/Index/index.php
INFO: [ route_check ] --START--
INFO: Run CheckRoute Behavior [ RunTime:0.001474s ]
INFO: [ route_check ] --END-- [ RunTime:0.001873s ]
NOTIC: [8192] preg_replace(): The /e modifier is deprecated, use preg_replace_callback instead D:\wamp\www\ddl666.com\dsapi\ThinkPHP\Lib\Core\Dispatcher.class.php 第 120 行.
INFO: [ app_begin ] --START--
INFO: Run ReadHtmlCache Behavior [ RunTime:0.001527s ]
INFO: [ app_begin ] --END-- [ RunTime:0.001887s ]

[ 2015-09-19T12:27:53+08:00 ] ERR: (ThinkException) 非法操作:php
[ 2015-09-19T12:27:54+08:00 ] ERR: (ThinkException) 非法操作:test
[ 2015-09-19T12:27:54+08:00 ] ERR: (ThinkException) 非法操作:a
[ 2015-09-19T12:27:56+08:00 ] ERR: (ThinkException) 非法操作:1
[ 2015-09-19T12:27:57+08:00 ] ERR: (ThinkException) 非法操作:u
[ 2015-09-19T12:27:58+08:00 ] ERR: (ThinkException) 非法操作:l
[ 2015-09-19T12:27:59+08:00 ] ERR: (ThinkException) 非法操作:tz
[ 2015-09-19T12:28:00+08:00 ] ERR: (ThinkException) 非法操作:adminer
[ 2015-09-19T12:28:01+08:00 ] ERR: (ThinkException) 非法操作:bigdump
[ 2015-09-19T12:28:01+08:00 ] ERR: (ThinkException) 非法操作:${@print(md5(this_is_a_test_string))}
[ 2015-09-19T13:10:15+08:00 ] ERR: (ThinkException) 非法操作:shopadmin
[ 2015-09-19T13:10:17+08:00 ] ERR: (ThinkException) 非法操作:feed-proxy
[ 2015-09-19T13:10:19+08:00 ] ERR: (ThinkException) 模板不存在[./App/Tpl/Wxhd/check1.html]
[ 2015-09-19T13:10:20+08:00 ] ERR: (ThinkException) 非法操作:bbx
[ 2015-09-19T13:10:21+08:00 ] ERR: (ThinkException) 非法操作:tools
[ 2015-09-19T13:10:22+08:00 ] ERR: (ThinkException) 非法操作:yanfang
[ 2015-09-19T13:10:23+08:00 ] ERR: (ThinkException) 非法操作:upload
[ 2015-09-19T13:10:24+08:00 ] ERR: (ThinkException) 非法操作:db
[ 2015-09-19T13:10:25+08:00 ] ERR: (ThinkException) 非法操作:config
[ 2015-09-19T13:10:26+08:00 ] ERR: (ThinkException) 非法操作:logs
[ 2015-09-19T13:10:27+08:00 ] ERR: (ThinkException) 非法操作:log
[ 2015-09-19T13:10:28+08:00 ] ERR: (ThinkException) 模板不存在[./App/Tpl/Wxhd/check1.html]
[ 2015-09-19T13:10:29+08:00 ] ERR: (ThinkException) 非法操作:login
[ 2015-09-19T13:11:12+08:00 ] ERR: (ThinkException) 非法操作:admin
[ 2015-09-19T13:11:13+08:00 ] ERR: (ThinkException) 非法操作:uploads
[ 2015-09-19T13:12:55+08:00 ] ERR: (ThinkException) 非法操作:backup
[ 2015-09-19T13:13:15+08:00 ] ERR: (ThinkException) 模板不存在[./App/Tpl/Wxhd/check1.html]
[ 2015-09-19T13:13:26+08:00 ] ERR: (ThinkException) 非法操作:htdocs
[ 2015-09-19T13:13:55+08:00 ] ERR: (ThinkException) 非法操作:upfile
[ 2015-09-19T13:14:37+08:00 ] ERR: (ThinkException) 非法操作:upfiles
[ 2015-09-19T13:14:38+08:00 ] ERR: (ThinkException) 非法操作:uploadfile
[ 2015-09-19T13:14:39+08:00 ] ERR: (ThinkException) 非法操作:uploadfiles
[ 2015-09-19T13:14:40+08:00 ] ERR: (ThinkException) 非法操作:web
[ 2015-09-19T13:14:41+08:00 ] ERR: (ThinkException) 非法操作:data
[ 2015-09-19T13:14:44+08:00 ] ERR: (ThinkException) 非法操作:phpinfo
[ 2015-09-19T13:14:45+08:00 ] ERR: (ThinkException) 非法操作:info
[ 2015-09-19T13:14:47+08:00 ] ERR: (ThinkException) 模板不存在[./App/Tpl/Wxhd/check1.html]
[ 2015-09-19T13:14:48+08:00 ] ERR: (ThinkException) 非法操作:php
[ 2015-09-19T13:14:51+08:00 ] ERR: (ThinkException) 非法操作:test
[ 2015-09-19T13:14:52+08:00 ] ERR: (ThinkException) 非法操作:a
[ 2015-09-19T13:14:53+08:00 ] ERR: (ThinkException) 非法操作:1
[ 2015-09-19T13:14:54+08:00 ] ERR: (ThinkException) 非法操作:u
[ 2015-09-19T13:14:55+08:00 ] ERR: (ThinkException) 非法操作:l
[ 2015-09-19T13:14:57+08:00 ] ERR: (ThinkException) 非法操作:tz
[ 2015-09-19T13:14:58+08:00 ] ERR: (ThinkException) 非法操作:adminer
[ 2015-09-19T13:14:59+08:00 ] ERR: (ThinkException) 非法操作:bigdump
[ 2015-09-19T13:15:00+08:00 ] ERR: (ThinkException) 非法操作:${@print(md5(this_is_a_test_string))}
[ 2015-09-19T14:25:34+08:00 ] ERR: (ThinkException) 非法操作:shopadmin
[ 2015-09-19T14:26:38+08:00 ] ERR: (ThinkException) 非法操作:feed-proxy
[ 2015-09-19T14:27:08+08:00 ] 121.42.0.17 /dsapi/api.php/Index/.DS_Store
INFO: [ route_check ] --START--
INFO: Run CheckRoute Behavior [ RunTime:0.001486s ]
INFO: [ route_check ] --END-- [ RunTime:0.001871s ]
NOTIC: [8192] preg_replace(): The /e modifier is deprecated, use preg_replace_callback instead D:\wamp\www\ddl666.com\dsapi\ThinkPHP\Lib\Core\Dispatcher.class.php 第 120 行.
INFO: [ app_begin ] --START--
INFO: Run ReadHtmlCache Behavior [ RunTime:0.001336s ]
INFO: [ app_begin ] --END-- [ RunTime:0.001734s ]

[ 2015-09-19T14:27:09+08:00 ] ERR: (ThinkException) 非法操作:bbx
[ 2015-09-19T14:27:10+08:00 ] ERR: (ThinkException) 非法操作:tools
[ 2015-09-19T14:27:11+08:00 ] ERR: (ThinkException) 非法操作:yanfang
[ 2015-09-19T14:27:12+08:00 ] ERR: (ThinkException) 非法操作:upload
[ 2015-09-19T14:27:13+08:00 ] ERR: (ThinkException) 非法操作:db
[ 2015-09-19T14:27:14+08:00 ] ERR: (ThinkException) 非法操作:config
[ 2015-09-19T14:27:15+08:00 ] ERR: (ThinkException) 非法操作:logs
[ 2015-09-19T14:27:16+08:00 ] ERR: (ThinkException) 非法操作:log
[ 2015-09-19T14:27:17+08:00 ] 121.42.0.17 /dsapi/api.php/Index/index.action?redirect%3A%25%7Bnew+java.lang.String%28%27http%3A%2F%2Fxxxxxxxxxxxxx%27%29%7D
INFO: [ route_check ] --START--
INFO: Run CheckRoute Behavior [ RunTime:0.001494s ]
INFO: [ route_check ] --END-- [ RunTime:0.001896s ]
NOTIC: [8192] preg_replace(): The /e modifier is deprecated, use preg_replace_callback instead D:\wamp\www\ddl666.com\dsapi\ThinkPHP\Lib\Core\Dispatcher.class.php 第 120 行.
INFO: [ app_begin ] --START--
INFO: Run ReadHtmlCache Behavior [ RunTime:0.001563s ]
INFO: [ app_begin ] --END-- [ RunTime:0.001969s ]

[ 2015-09-19T14:27:20+08:00 ] ERR: (ThinkException) 非法操作:admin
[ 2015-09-19T14:27:21+08:00 ] ERR: (ThinkException) 非法操作:uploads
[ 2015-09-19T14:27:22+08:00 ] ERR: (ThinkException) 非法操作:backup
[ 2015-09-19T14:27:25+08:00 ] 121.42.0.17 /dsapi/api.php/Index//
INFO: [ route_check ] --START--
INFO: Run CheckRoute Behavior [ RunTime:0.001519s ]
INFO: [ route_check ] --END-- [ RunTime:0.001971s ]
NOTIC: [8192] preg_replace(): The /e modifier is deprecated, use preg_replace_callback instead D:\wamp\www\ddl666.com\dsapi\ThinkPHP\Lib\Core\Dispatcher.class.php 第 120 行.
INFO: [ app_begin ] --START--
INFO: Run ReadHtmlCache Behavior [ RunTime:0.001501s ]
INFO: [ app_begin ] --END-- [ RunTime:0.001859s ]

[ 2015-09-19T14:27:26+08:00 ] ERR: (ThinkException) 非法操作:htdocs
[ 2015-09-19T14:27:27+08:00 ] ERR: (ThinkException) 非法操作:upfile
[ 2015-09-19T14:27:28+08:00 ] ERR: (ThinkException) 非法操作:upfiles
[ 2015-09-19T14:27:29+08:00 ] ERR: (ThinkException) 非法操作:uploadfile
[ 2015-09-19T14:27:30+08:00 ] ERR: (ThinkException) 非法操作:uploadfiles
[ 2015-09-19T14:27:31+08:00 ] ERR: (ThinkException) 非法操作:web
[ 2015-09-19T14:27:34+08:00 ] ERR: (ThinkException) 非法操作:data
[ 2015-09-19T14:27:37+08:00 ] ERR: (ThinkException) 非法操作:phpinfo
[ 2015-09-19T14:27:38+08:00 ] ERR: (ThinkException) 非法操作:info
[ 2015-09-19T14:27:40+08:00 ] 121.42.0.17 /dsapi/api.php/Index/index.php
INFO: [ route_check ] --START--
INFO: Run CheckRoute Behavior [ RunTime:0.001467s ]
INFO: [ route_check ] --END-- [ RunTime:0.001858s ]
NOTIC: [8192] preg_replace(): The /e modifier is deprecated, use preg_replace_callback instead D:\wamp\www\ddl666.com\dsapi\ThinkPHP\Lib\Core\Dispatcher.class.php 第 120 行.
INFO: [ app_begin ] --START--
INFO: Run ReadHtmlCache Behavior [ RunTime:0.001363s ]
INFO: [ app_begin ] --END-- [ RunTime:0.001734s ]

[ 2015-09-19T14:27:41+08:00 ] ERR: (ThinkException) 非法操作:php
[ 2015-09-19T14:27:44+08:00 ] ERR: (ThinkException) 非法操作:test
[ 2015-09-19T14:27:45+08:00 ] ERR: (ThinkException) 非法操作:a
[ 2015-09-19T14:27:46+08:00 ] ERR: (ThinkException) 非法操作:1
[ 2015-09-19T14:27:47+08:00 ] ERR: (ThinkException) 非法操作:u
[ 2015-09-19T14:27:48+08:00 ] ERR: (ThinkException) 非法操作:l
[ 2015-09-19T14:27:49+08:00 ] ERR: (ThinkException) 非法操作:tz
[ 2015-09-19T14:27:52+08:00 ] ERR: (ThinkException) 非法操作:adminer
[ 2015-09-19T14:27:53+08:00 ] ERR: (ThinkException) 非法操作:bigdump
[ 2015-09-19T14:27:54+08:00 ] ERR: (ThinkException) 非法操作:${@print(md5(this_is_a_test_string))}
[ 2015-09-19T14:40:15+08:00 ] ERR: (ThinkException) 非法操作:shopadmin
[ 2015-09-19T14:40:49+08:00 ] ERR: (ThinkException) 非法操作:feed-proxy
[ 2015-09-19T14:41:07+08:00 ] 121.42.0.17 /dsapi/api.php/Index/.DS_Store
INFO: [ route_check ] --START--
INFO: Run CheckRoute Behavior [ RunTime:0.001805s ]
INFO: [ route_check ] --END-- [ RunTime:0.002254s ]
NOTIC: [8192] preg_replace(): The /e modifier is deprecated, use preg_replace_callback instead D:\wamp\www\ddl666.com\dsapi\ThinkPHP\Lib\Core\Dispatcher.class.php 第 120 行.
INFO: [ app_begin ] --START--
INFO: Run ReadHtmlCache Behavior [ RunTime:0.001707s ]
INFO: [ app_begin ] --END-- [ RunTime:0.002071s ]

[ 2015-09-19T14:42:06+08:00 ] ERR: (ThinkException) 非法操作:bbx
[ 2015-09-19T14:42:08+08:00 ] ERR: (ThinkException) 非法操作:tools
[ 2015-09-19T14:42:08+08:00 ] ERR: (ThinkException) 非法操作:yanfang
[ 2015-09-19T14:42:10+08:00 ] ERR: (ThinkException) 非法操作:upload
[ 2015-09-19T14:42:10+08:00 ] ERR: (ThinkException) 非法操作:db
[ 2015-09-19T14:42:11+08:00 ] ERR: (ThinkException) 非法操作:config
[ 2015-09-19T14:42:13+08:00 ] ERR: (ThinkException) 非法操作:logs
[ 2015-09-19T14:42:15+08:00 ] ERR: (ThinkException) 非法操作:log
[ 2015-09-19T14:42:17+08:00 ] 121.42.0.17 /dsapi/api.php/Index/index.action?redirect%3A%25%7Bnew+java.lang.String%28%27http%3A%2F%2Fxxxxxxxxxxxxx%27%29%7D
INFO: [ route_check ] --START--
INFO: Run CheckRoute Behavior [ RunTime:0.001625s ]
INFO: [ route_check ] --END-- [ RunTime:0.002014s ]
NOTIC: [8192] preg_replace(): The /e modifier is deprecated, use preg_replace_callback instead D:\wamp\www\ddl666.com\dsapi\ThinkPHP\Lib\Core\Dispatcher.class.php 第 120 行.
INFO: [ app_begin ] --START--
INFO: Run ReadHtmlCache Behavior [ RunTime:0.001537s ]
INFO: [ app_begin ] --END-- [ RunTime:0.001939s ]

[ 2015-09-19T14:42:18+08:00 ] ERR: (ThinkException) 非法操作:admin
[ 2015-09-19T14:42:20+08:00 ] ERR: (ThinkException) 非法操作:uploads
[ 2015-09-19T14:42:21+08:00 ] ERR: (ThinkException) 非法操作:backup
[ 2015-09-19T14:42:22+08:00 ] 121.42.0.17 /dsapi/api.php/Index//
INFO: [ route_check ] --START--
INFO: Run CheckRoute Behavior [ RunTime:0.001713s ]
INFO: [ route_check ] --END-- [ RunTime:0.002111s ]
NOTIC: [8192] preg_replace(): The /e modifier is deprecated, use preg_replace_callback instead D:\wamp\www\ddl666.com\dsapi\ThinkPHP\Lib\Core\Dispatcher.class.php 第 120 行.
INFO: [ app_begin ] --START--
INFO: Run ReadHtmlCache Behavior [ RunTime:0.001665s ]
INFO: [ app_begin ] --END-- [ RunTime:0.002046s ]

[ 2015-09-19T14:42:23+08:00 ] ERR: (ThinkException) 非法操作:htdocs
[ 2015-09-19T14:42:24+08:00 ] ERR: (ThinkException) 非法操作:upfile
[ 2015-09-19T14:42:26+08:00 ] ERR: (ThinkException) 非法操作:upfiles
[ 2015-09-19T14:42:29+08:00 ] ERR: (ThinkException) 非法操作:uploadfile
[ 2015-09-19T14:42:30+08:00 ] ERR: (ThinkException) 非法操作:uploadfiles
[ 2015-09-19T14:42:30+08:00 ] ERR: (ThinkException) 非法操作:web
[ 2015-09-19T14:42:31+08:00 ] ERR: (ThinkException) 非法操作:data
[ 2015-09-19T14:42:34+08:00 ] ERR: (ThinkException) 非法操作:phpinfo
[ 2015-09-19T14:42:38+08:00 ] ERR: (ThinkException) 非法操作:info
[ 2015-09-19T14:42:39+08:00 ] 121.42.0.17 /dsapi/api.php/Index/index.php
INFO: [ route_check ] --START--
INFO: Run CheckRoute Behavior [ RunTime:0.001606s ]
INFO: [ route_check ] --END-- [ RunTime:0.002067s ]
NOTIC: [8192] preg_replace(): The /e modifier is deprecated, use preg_replace_callback instead D:\wamp\www\ddl666.com\dsapi\ThinkPHP\Lib\Core\Dispatcher.class.php 第 120 行.
INFO: [ app_begin ] --START--
INFO: Run ReadHtmlCache Behavior [ RunTime:0.001258s ]
INFO: [ app_begin ] --END-- [ RunTime:0.001636s ]

[ 2015-09-19T14:42:40+08:00 ] ERR: (ThinkException) 非法操作:php
[ 2015-09-19T14:42:42+08:00 ] ERR: (ThinkException) 非法操作:test
[ 2015-09-19T14:42:44+08:00 ] ERR: (ThinkException) 非法操作:a
[ 2015-09-19T14:42:44+08:00 ] ERR: (ThinkException) 非法操作:1
[ 2015-09-19T14:42:47+08:00 ] ERR: (ThinkException) 非法操作:u
[ 2015-09-19T14:42:48+08:00 ] ERR: (ThinkException) 非法操作:l
[ 2015-09-19T14:42:49+08:00 ] ERR: (ThinkException) 非法操作:tz
[ 2015-09-19T14:42:52+08:00 ] ERR: (ThinkException) 非法操作:adminer
[ 2015-09-19T14:42:52+08:00 ] ERR: (ThinkException) 非法操作:bigdump
[ 2015-09-19T14:42:53+08:00 ] ERR: (ThinkException) 非法操作:${@print(md5(this_is_a_test_string))}
