[ 2015-09-12T12:59:36+08:00 ] ERR: (ThinkException) 非法操作:shopadmin
[ 2015-09-12T12:59:38+08:00 ] ERR: (ThinkException) 非法操作:feed-proxy
[ 2015-09-12T12:59:41+08:00 ] ERR: (ThinkException) 非法操作:bbx
[ 2015-09-12T12:59:47+08:00 ] ERR: (ThinkException) 非法操作:tools
[ 2015-09-12T12:59:48+08:00 ] ERR: (ThinkException) 非法操作:yanfang
[ 2015-09-12T12:59:51+08:00 ] 121.42.0.16 /dsapi/api.php/Index/.DS_Store
INFO: [ route_check ] --START--
INFO: Run CheckRoute Behavior [ RunTime:0.001666s ]
INFO: [ route_check ] --END-- [ RunTime:0.002319s ]
NOTIC: [8192] preg_replace(): The /e modifier is deprecated, use preg_replace_callback instead D:\wamp\www\ddl666.com\dsapi\ThinkPHP\Lib\Core\Dispatcher.class.php 第 120 行.
INFO: [ app_begin ] --START--
INFO: Run ReadHtmlCache Behavior [ RunTime:0.001000s ]
INFO: [ app_begin ] --END-- [ RunTime:0.001358s ]

[ 2015-09-12T12:59:52+08:00 ] 121.42.0.16 /dsapi/api.php/Index//
INFO: [ route_check ] --START--
INFO: Run CheckRoute Behavior [ RunTime:0.001044s ]
INFO: [ route_check ] --END-- [ RunTime:0.001427s ]
NOTIC: [8192] preg_replace(): The /e modifier is deprecated, use preg_replace_callback instead D:\wamp\www\ddl666.com\dsapi\ThinkPHP\Lib\Core\Dispatcher.class.php 第 120 行.
INFO: [ app_begin ] --START--
INFO: Run ReadHtmlCache Behavior [ RunTime:0.000983s ]
INFO: [ app_begin ] --END-- [ RunTime:0.001353s ]

[ 2015-09-12T12:59:53+08:00 ] ERR: (ThinkException) 非法操作:config
[ 2015-09-12T12:59:54+08:00 ] ERR: (ThinkException) 非法操作:logs
[ 2015-09-12T12:59:55+08:00 ] ERR: (ThinkException) 非法操作:log
[ 2015-09-12T12:59:57+08:00 ] ERR: (ThinkException) 非法操作:admin
[ 2015-09-12T12:59:58+08:00 ] 121.42.0.16 /dsapi/api.php/Index/index.action?debug=browser
INFO: [ route_check ] --START--
INFO: Run CheckRoute Behavior [ RunTime:0.001086s ]
INFO: [ route_check ] --END-- [ RunTime:0.001533s ]
NOTIC: [8192] preg_replace(): The /e modifier is deprecated, use preg_replace_callback instead D:\wamp\www\ddl666.com\dsapi\ThinkPHP\Lib\Core\Dispatcher.class.php 第 120 行.
INFO: [ app_begin ] --START--
INFO: Run ReadHtmlCache Behavior [ RunTime:0.001019s ]
INFO: [ app_begin ] --END-- [ RunTime:0.001425s ]

[ 2015-09-12T13:00:01+08:00 ] 121.42.0.16 /dsapi/api.php/Index/index.action?redirect%3A%25%7Bnew+java.lang.String%28%27http%3A%2F%2Fxxxxxxxxxxxxx%27%29%7D
INFO: [ route_check ] --START--
INFO: Run CheckRoute Behavior [ RunTime:0.001138s ]
INFO: [ route_check ] --END-- [ RunTime:0.001665s ]
NOTIC: [8192] preg_replace(): The /e modifier is deprecated, use preg_replace_callback instead D:\wamp\www\ddl666.com\dsapi\ThinkPHP\Lib\Core\Dispatcher.class.php 第 120 行.
INFO: [ app_begin ] --START--
INFO: Run ReadHtmlCache Behavior [ RunTime:0.001059s ]
INFO: [ app_begin ] --END-- [ RunTime:0.001430s ]

[ 2015-09-12T13:00:05+08:00 ] ERR: (ThinkException) 非法操作:admin
[ 2015-09-12T13:00:06+08:00 ] ERR: (ThinkException) 非法操作:db
[ 2015-09-12T13:00:07+08:00 ] ERR: (ThinkException) 非法操作:upload
[ 2015-09-12T13:00:08+08:00 ] ERR: (ThinkException) 非法操作:htdocs
[ 2015-09-12T13:00:10+08:00 ] ERR: (ThinkException) 非法操作:upfile
[ 2015-09-12T13:00:11+08:00 ] ERR: (ThinkException) 非法操作:upfiles
[ 2015-09-12T13:00:12+08:00 ] ERR: (ThinkException) 非法操作:uploadfile
[ 2015-09-12T13:00:13+08:00 ] ERR: (ThinkException) 非法操作:uploadfiles
[ 2015-09-12T13:00:14+08:00 ] ERR: (ThinkException) 非法操作:web
[ 2015-09-12T13:00:15+08:00 ] ERR: (ThinkException) 非法操作:data
[ 2015-09-12T13:00:18+08:00 ] ERR: (ThinkException) 非法操作:backup
[ 2015-09-12T13:00:19+08:00 ] ERR: (ThinkException) 非法操作:uploads
[ 2015-09-12T13:00:22+08:00 ] ERR: (ThinkException) 非法操作:phpinfo
[ 2015-09-12T13:00:24+08:00 ] ERR: (ThinkException) 非法操作:info
[ 2015-09-12T13:00:28+08:00 ] 121.42.0.16 /dsapi/api.php/Index/index.php
INFO: [ route_check ] --START--
INFO: Run CheckRoute Behavior [ RunTime:0.001231s ]
INFO: [ route_check ] --END-- [ RunTime:0.001630s ]
NOTIC: [8192] preg_replace(): The /e modifier is deprecated, use preg_replace_callback instead D:\wamp\www\ddl666.com\dsapi\ThinkPHP\Lib\Core\Dispatcher.class.php 第 120 行.
INFO: [ app_begin ] --START--
INFO: Run ReadHtmlCache Behavior [ RunTime:0.001028s ]
INFO: [ app_begin ] --END-- [ RunTime:0.001387s ]

[ 2015-09-12T13:00:30+08:00 ] ERR: (ThinkException) 非法操作:php
[ 2015-09-12T13:00:32+08:00 ] ERR: (ThinkException) 非法操作:test
[ 2015-09-12T13:00:34+08:00 ] ERR: (ThinkException) 非法操作:a
[ 2015-09-12T13:00:36+08:00 ] ERR: (ThinkException) 非法操作:1
[ 2015-09-12T13:00:38+08:00 ] ERR: (ThinkException) 非法操作:u
[ 2015-09-12T13:00:40+08:00 ] ERR: (ThinkException) 非法操作:l
[ 2015-09-12T13:00:42+08:00 ] ERR: (ThinkException) 非法操作:tz
[ 2015-09-12T13:00:44+08:00 ] ERR: (ThinkException) 非法操作:adminer
[ 2015-09-12T13:00:46+08:00 ] ERR: (ThinkException) 非法操作:bigdump
[ 2015-09-12T13:00:48+08:00 ] ERR: (ThinkException) 非法操作:${@print(md5(this_is_a_test_string))}
[ 2015-09-12T13:06:28+08:00 ] ERR: (ThinkException) 非法操作:shopadmin
[ 2015-09-12T13:06:30+08:00 ] ERR: (ThinkException) 非法操作:feed-proxy
[ 2015-09-12T13:06:32+08:00 ] ERR: (ThinkException) 非法操作:bbx
[ 2015-09-12T13:06:36+08:00 ] ERR: (ThinkException) 非法操作:tools
[ 2015-09-12T13:06:37+08:00 ] ERR: (ThinkException) 非法操作:yanfang
[ 2015-09-12T13:06:41+08:00 ] 121.42.0.16 /dsapi/api.php/Index/.DS_Store
INFO: [ route_check ] --START--
INFO: Run CheckRoute Behavior [ RunTime:0.002185s ]
INFO: [ route_check ] --END-- [ RunTime:0.002786s ]
NOTIC: [8192] preg_replace(): The /e modifier is deprecated, use preg_replace_callback instead D:\wamp\www\ddl666.com\dsapi\ThinkPHP\Lib\Core\Dispatcher.class.php 第 120 行.
INFO: [ app_begin ] --START--
INFO: Run ReadHtmlCache Behavior [ RunTime:0.001092s ]
INFO: [ app_begin ] --END-- [ RunTime:0.001500s ]

[ 2015-09-12T13:07:42+08:00 ] 121.42.0.16 /dsapi/api.php/Index//
INFO: [ route_check ] --START--
INFO: Run CheckRoute Behavior [ RunTime:0.001099s ]
INFO: [ route_check ] --END-- [ RunTime:0.001491s ]
NOTIC: [8192] preg_replace(): The /e modifier is deprecated, use preg_replace_callback instead D:\wamp\www\ddl666.com\dsapi\ThinkPHP\Lib\Core\Dispatcher.class.php 第 120 行.
INFO: [ app_begin ] --START--
INFO: Run ReadHtmlCache Behavior [ RunTime:0.001167s ]
INFO: [ app_begin ] --END-- [ RunTime:0.001560s ]

[ 2015-09-12T13:08:43+08:00 ] ERR: (ThinkException) 非法操作:config
[ 2015-09-12T13:08:44+08:00 ] ERR: (ThinkException) 非法操作:logs
[ 2015-09-12T13:08:45+08:00 ] ERR: (ThinkException) 非法操作:log
[ 2015-09-12T13:08:47+08:00 ] ERR: (ThinkException) 非法操作:admin
[ 2015-09-12T13:08:48+08:00 ] 121.42.0.16 /dsapi/api.php/Index/index.action?debug=browser
INFO: [ route_check ] --START--
INFO: Run CheckRoute Behavior [ RunTime:0.001100s ]
INFO: [ route_check ] --END-- [ RunTime:0.001486s ]
NOTIC: [8192] preg_replace(): The /e modifier is deprecated, use preg_replace_callback instead D:\wamp\www\ddl666.com\dsapi\ThinkPHP\Lib\Core\Dispatcher.class.php 第 120 行.
INFO: [ app_begin ] --START--
INFO: Run ReadHtmlCache Behavior [ RunTime:0.001163s ]
INFO: [ app_begin ] --END-- [ RunTime:0.001522s ]

[ 2015-09-12T13:08:49+08:00 ] 121.42.0.16 /dsapi/api.php/Index/index.action?redirect%3A%25%7Bnew+java.lang.String%28%27http%3A%2F%2Fxxxxxxxxxxxxx%27%29%7D
INFO: [ route_check ] --START--
INFO: Run CheckRoute Behavior [ RunTime:0.001132s ]
INFO: [ route_check ] --END-- [ RunTime:0.001557s ]
NOTIC: [8192] preg_replace(): The /e modifier is deprecated, use preg_replace_callback instead D:\wamp\www\ddl666.com\dsapi\ThinkPHP\Lib\Core\Dispatcher.class.php 第 120 行.
INFO: [ app_begin ] --START--
INFO: Run ReadHtmlCache Behavior [ RunTime:0.001024s ]
INFO: [ app_begin ] --END-- [ RunTime:0.001402s ]

[ 2015-09-12T13:08:54+08:00 ] ERR: (ThinkException) 非法操作:admin
[ 2015-09-12T13:08:55+08:00 ] ERR: (ThinkException) 非法操作:db
[ 2015-09-12T13:08:56+08:00 ] ERR: (ThinkException) 非法操作:upload
[ 2015-09-12T13:08:57+08:00 ] ERR: (ThinkException) 非法操作:htdocs
[ 2015-09-12T13:08:58+08:00 ] ERR: (ThinkException) 非法操作:upfile
[ 2015-09-12T13:08:59+08:00 ] ERR: (ThinkException) 非法操作:upfiles
[ 2015-09-12T13:09:02+08:00 ] ERR: (ThinkException) 非法操作:uploadfile
[ 2015-09-12T13:09:03+08:00 ] ERR: (ThinkException) 非法操作:uploadfiles
[ 2015-09-12T13:09:04+08:00 ] ERR: (ThinkException) 非法操作:web
[ 2015-09-12T13:09:05+08:00 ] ERR: (ThinkException) 非法操作:data
[ 2015-09-12T13:09:06+08:00 ] ERR: (ThinkException) 非法操作:backup
[ 2015-09-12T13:09:07+08:00 ] ERR: (ThinkException) 非法操作:uploads
[ 2015-09-12T13:09:10+08:00 ] ERR: (ThinkException) 非法操作:phpinfo
[ 2015-09-12T13:09:11+08:00 ] ERR: (ThinkException) 非法操作:info
[ 2015-09-12T13:09:14+08:00 ] 121.42.0.16 /dsapi/api.php/Index/index.php
INFO: [ route_check ] --START--
INFO: Run CheckRoute Behavior [ RunTime:0.001128s ]
INFO: [ route_check ] --END-- [ RunTime:0.001528s ]
NOTIC: [8192] preg_replace(): The /e modifier is deprecated, use preg_replace_callback instead D:\wamp\www\ddl666.com\dsapi\ThinkPHP\Lib\Core\Dispatcher.class.php 第 120 行.
INFO: [ app_begin ] --START--
INFO: Run ReadHtmlCache Behavior [ RunTime:0.001064s ]
INFO: [ app_begin ] --END-- [ RunTime:0.001421s ]

[ 2015-09-12T13:09:15+08:00 ] ERR: (ThinkException) 非法操作:php
[ 2015-09-12T13:09:16+08:00 ] ERR: (ThinkException) 非法操作:test
[ 2015-09-12T13:09:17+08:00 ] ERR: (ThinkException) 非法操作:a
[ 2015-09-12T13:09:18+08:00 ] ERR: (ThinkException) 非法操作:1
[ 2015-09-12T13:09:19+08:00 ] ERR: (ThinkException) 非法操作:u
[ 2015-09-12T13:09:20+08:00 ] ERR: (ThinkException) 非法操作:l
[ 2015-09-12T13:09:21+08:00 ] ERR: (ThinkException) 非法操作:tz
[ 2015-09-12T13:09:22+08:00 ] ERR: (ThinkException) 非法操作:adminer
[ 2015-09-12T13:09:23+08:00 ] ERR: (ThinkException) 非法操作:bigdump
[ 2015-09-12T13:09:24+08:00 ] ERR: (ThinkException) 非法操作:${@print(md5(this_is_a_test_string))}
[ 2015-09-12T13:36:28+08:00 ] ERR: (ThinkException) 非法操作:shopadmin
[ 2015-09-12T13:37:30+08:00 ] ERR: (ThinkException) 非法操作:feed-proxy
[ 2015-09-12T13:38:25+08:00 ] ERR: (ThinkException) 非法操作:bbx
[ 2015-09-12T13:39:20+08:00 ] ERR: (ThinkException) 非法操作:tools
[ 2015-09-12T13:39:21+08:00 ] ERR: (ThinkException) 非法操作:yanfang
[ 2015-09-12T13:39:22+08:00 ] ERR: (ThinkException) 模板不存在[./App/Tpl/Wxhd/check1.html]
[ 2015-09-12T13:39:25+08:00 ] ERR: (ThinkException) 模板不存在[./App/Tpl/Wxhd/check1.html]
[ 2015-09-12T13:39:26+08:00 ] ERR: (ThinkException) 非法操作:config
[ 2015-09-12T13:39:30+08:00 ] ERR: (ThinkException) 非法操作:logs
[ 2015-09-12T13:39:30+08:00 ] ERR: (ThinkException) 非法操作:log
[ 2015-09-12T13:39:31+08:00 ] ERR: (ThinkException) 非法操作:login
[ 2015-09-12T13:39:32+08:00 ] ERR: (ThinkException) 非法操作:admin
[ 2015-09-12T13:39:33+08:00 ] ERR: (ThinkException) 模板不存在[./App/Tpl/Wxhd/check1.html]
[ 2015-09-12T13:39:34+08:00 ] ERR: (ThinkException) 模板不存在[./App/Tpl/Wxhd/check1.html]
[ 2015-09-12T13:39:35+08:00 ] ERR: (ThinkException) 非法操作:login
[ 2015-09-12T13:39:36+08:00 ] ERR: (ThinkException) 非法操作:admin
[ 2015-09-12T13:39:38+08:00 ] ERR: (ThinkException) 非法操作:db
[ 2015-09-12T13:39:38+08:00 ] ERR: (ThinkException) 非法操作:upload
[ 2015-09-12T13:39:39+08:00 ] ERR: (ThinkException) 非法操作:htdocs
[ 2015-09-12T13:39:40+08:00 ] ERR: (ThinkException) 非法操作:upfile
[ 2015-09-12T13:39:41+08:00 ] ERR: (ThinkException) 非法操作:upfiles
[ 2015-09-12T13:39:42+08:00 ] ERR: (ThinkException) 非法操作:uploadfile
[ 2015-09-12T13:39:44+08:00 ] ERR: (ThinkException) 非法操作:uploadfiles
[ 2015-09-12T13:39:45+08:00 ] ERR: (ThinkException) 非法操作:web
[ 2015-09-12T13:39:49+08:00 ] ERR: (ThinkException) 非法操作:data
[ 2015-09-12T13:39:49+08:00 ] ERR: (ThinkException) 非法操作:backup
[ 2015-09-12T13:39:50+08:00 ] ERR: (ThinkException) 非法操作:uploads
[ 2015-09-12T13:39:55+08:00 ] ERR: (ThinkException) 非法操作:phpinfo
[ 2015-09-12T13:39:56+08:00 ] ERR: (ThinkException) 非法操作:info
[ 2015-09-12T13:39:58+08:00 ] ERR: (ThinkException) 模板不存在[./App/Tpl/Wxhd/check1.html]
[ 2015-09-12T13:39:59+08:00 ] ERR: (ThinkException) 非法操作:php
[ 2015-09-12T13:40:00+08:00 ] ERR: (ThinkException) 非法操作:test
[ 2015-09-12T13:40:01+08:00 ] ERR: (ThinkException) 非法操作:a
[ 2015-09-12T13:40:02+08:00 ] ERR: (ThinkException) 非法操作:1
[ 2015-09-12T13:40:05+08:00 ] ERR: (ThinkException) 非法操作:u
[ 2015-09-12T13:40:05+08:00 ] ERR: (ThinkException) 非法操作:l
[ 2015-09-12T13:40:06+08:00 ] ERR: (ThinkException) 非法操作:tz
[ 2015-09-12T13:40:09+08:00 ] ERR: (ThinkException) 非法操作:adminer
[ 2015-09-12T13:40:10+08:00 ] ERR: (ThinkException) 非法操作:bigdump
[ 2015-09-12T13:40:11+08:00 ] ERR: (ThinkException) 非法操作:${@print(md5(this_is_a_test_string))}
[ 2015-09-12T14:31:27+08:00 ] ERR: (ThinkException) 非法操作:shopadmin
[ 2015-09-12T14:31:30+08:00 ] ERR: (ThinkException) 非法操作:feed-proxy
[ 2015-09-12T14:31:33+08:00 ] ERR: (ThinkException) 非法操作:bbx
[ 2015-09-12T14:31:33+08:00 ] ERR: (ThinkException) 非法操作:tools
[ 2015-09-12T14:31:35+08:00 ] ERR: (ThinkException) 非法操作:yanfang
[ 2015-09-12T14:31:36+08:00 ] 121.42.0.16 /dsapi/api.php/Index/.DS_Store
INFO: [ route_check ] --START--
INFO: Run CheckRoute Behavior [ RunTime:0.001809s ]
INFO: [ route_check ] --END-- [ RunTime:0.002202s ]
NOTIC: [8192] preg_replace(): The /e modifier is deprecated, use preg_replace_callback instead D:\wamp\www\ddl666.com\dsapi\ThinkPHP\Lib\Core\Dispatcher.class.php 第 120 行.
INFO: [ app_begin ] --START--
INFO: Run ReadHtmlCache Behavior [ RunTime:0.001241s ]
INFO: [ app_begin ] --END-- [ RunTime:0.001602s ]

[ 2015-09-12T14:31:37+08:00 ] 121.42.0.16 /dsapi/api.php/Index//
INFO: [ route_check ] --START--
INFO: Run CheckRoute Behavior [ RunTime:0.001267s ]
INFO: [ route_check ] --END-- [ RunTime:0.001649s ]
NOTIC: [8192] preg_replace(): The /e modifier is deprecated, use preg_replace_callback instead D:\wamp\www\ddl666.com\dsapi\ThinkPHP\Lib\Core\Dispatcher.class.php 第 120 行.
INFO: [ app_begin ] --START--
INFO: Run ReadHtmlCache Behavior [ RunTime:0.001192s ]
INFO: [ app_begin ] --END-- [ RunTime:0.001544s ]

[ 2015-09-12T14:31:37+08:00 ] ERR: (ThinkException) 非法操作:config
[ 2015-09-12T14:31:38+08:00 ] ERR: (ThinkException) 非法操作:logs
[ 2015-09-12T14:31:40+08:00 ] ERR: (ThinkException) 非法操作:log
[ 2015-09-12T14:31:41+08:00 ] ERR: (ThinkException) 非法操作:admin
[ 2015-09-12T14:31:42+08:00 ] 121.42.0.16 /dsapi/api.php/Index/index.action?debug=browser
INFO: [ route_check ] --START--
INFO: Run CheckRoute Behavior [ RunTime:0.001437s ]
INFO: [ route_check ] --END-- [ RunTime:0.001828s ]
NOTIC: [8192] preg_replace(): The /e modifier is deprecated, use preg_replace_callback instead D:\wamp\www\ddl666.com\dsapi\ThinkPHP\Lib\Core\Dispatcher.class.php 第 120 行.
INFO: [ app_begin ] --START--
INFO: Run ReadHtmlCache Behavior [ RunTime:0.001457s ]
INFO: [ app_begin ] --END-- [ RunTime:0.001859s ]

[ 2015-09-12T14:31:43+08:00 ] 121.42.0.16 /dsapi/api.php/Index/index.action?redirect%3A%25%7Bnew+java.lang.String%28%27http%3A%2F%2Fxxxxxxxxxxxxx%27%29%7D
INFO: [ route_check ] --START--
INFO: Run CheckRoute Behavior [ RunTime:0.001268s ]
INFO: [ route_check ] --END-- [ RunTime:0.001771s ]
NOTIC: [8192] preg_replace(): The /e modifier is deprecated, use preg_replace_callback instead D:\wamp\www\ddl666.com\dsapi\ThinkPHP\Lib\Core\Dispatcher.class.php 第 120 行.
INFO: [ app_begin ] --START--
INFO: Run ReadHtmlCache Behavior [ RunTime:0.001221s ]
INFO: [ app_begin ] --END-- [ RunTime:0.001578s ]

[ 2015-09-12T14:31:45+08:00 ] ERR: (ThinkException) 非法操作:admin
[ 2015-09-12T14:31:46+08:00 ] ERR: (ThinkException) 非法操作:db
[ 2015-09-12T14:31:48+08:00 ] ERR: (ThinkException) 非法操作:upload
[ 2015-09-12T14:31:48+08:00 ] ERR: (ThinkException) 非法操作:htdocs
[ 2015-09-12T14:31:49+08:00 ] ERR: (ThinkException) 非法操作:upfile
[ 2015-09-12T14:31:50+08:00 ] ERR: (ThinkException) 非法操作:upfiles
[ 2015-09-12T14:31:51+08:00 ] ERR: (ThinkException) 非法操作:uploadfile
[ 2015-09-12T14:31:52+08:00 ] ERR: (ThinkException) 非法操作:uploadfiles
[ 2015-09-12T14:31:53+08:00 ] ERR: (ThinkException) 非法操作:web
[ 2015-09-12T14:31:55+08:00 ] ERR: (ThinkException) 非法操作:data
[ 2015-09-12T14:31:55+08:00 ] ERR: (ThinkException) 非法操作:backup
[ 2015-09-12T14:31:56+08:00 ] ERR: (ThinkException) 非法操作:uploads
[ 2015-09-12T14:32:00+08:00 ] ERR: (ThinkException) 非法操作:phpinfo
[ 2015-09-12T14:32:00+08:00 ] ERR: (ThinkException) 非法操作:info
[ 2015-09-12T14:32:02+08:00 ] 121.42.0.16 /dsapi/api.php/Index/index.php
INFO: [ route_check ] --START--
INFO: Run CheckRoute Behavior [ RunTime:0.001408s ]
INFO: [ route_check ] --END-- [ RunTime:0.001835s ]
NOTIC: [8192] preg_replace(): The /e modifier is deprecated, use preg_replace_callback instead D:\wamp\www\ddl666.com\dsapi\ThinkPHP\Lib\Core\Dispatcher.class.php 第 120 行.
INFO: [ app_begin ] --START--
INFO: Run ReadHtmlCache Behavior [ RunTime:0.001316s ]
INFO: [ app_begin ] --END-- [ RunTime:0.001689s ]

[ 2015-09-12T14:32:04+08:00 ] ERR: (ThinkException) 非法操作:php
[ 2015-09-12T14:32:05+08:00 ] ERR: (ThinkException) 非法操作:test
[ 2015-09-12T14:32:05+08:00 ] ERR: (ThinkException) 非法操作:a
[ 2015-09-12T14:32:06+08:00 ] ERR: (ThinkException) 非法操作:1
[ 2015-09-12T14:32:07+08:00 ] ERR: (ThinkException) 非法操作:u
[ 2015-09-12T14:32:09+08:00 ] ERR: (ThinkException) 非法操作:l
[ 2015-09-12T14:32:10+08:00 ] ERR: (ThinkException) 非法操作:tz
[ 2015-09-12T14:32:10+08:00 ] ERR: (ThinkException) 非法操作:adminer
[ 2015-09-12T14:32:11+08:00 ] ERR: (ThinkException) 非法操作:bigdump
[ 2015-09-12T14:32:14+08:00 ] ERR: (ThinkException) 非法操作:${@print(md5(this_is_a_test_string))}
