[ 2015-11-07T09:36:36+08:00 ] ERR: (ThinkException) 非法操作:shopadmin
[ 2015-11-07T09:36:36+08:00 ] ERR: (ThinkException) 非法操作:shopadmin
[ 2015-11-07T09:37:14+08:00 ] ERR: (ThinkException) 非法操作:feed-proxy
[ 2015-11-07T09:37:15+08:00 ] ERR: (ThinkException) 非法操作:feed-proxy
[ 2015-11-07T09:39:37+08:00 ] 121.42.0.37 /dsapi/api.php/Index/.DS_Store
INFO: [ route_check ] --START--
INFO: Run CheckRoute Behavior [ RunTime:0.001130s ]
INFO: [ route_check ] --END-- [ RunTime:0.001550s ]
NOTIC: [8192] preg_replace(): The /e modifier is deprecated, use preg_replace_callback instead D:\wamp\www\ddl666.com\dsapi\ThinkPHP\Lib\Core\Dispatcher.class.php 第 120 行.
INFO: [ app_begin ] --START--
INFO: Run ReadHtmlCache Behavior [ RunTime:0.001093s ]
INFO: [ app_begin ] --END-- [ RunTime:0.001468s ]

[ 2015-11-07T09:39:51+08:00 ] ERR: (ThinkException) 非法操作:bbx
[ 2015-11-07T09:40:14+08:00 ] ERR: (ThinkException) 非法操作:tools
[ 2015-11-07T09:40:15+08:00 ] 121.42.0.37 /dsapi/api.php/Index/.DS_Store
INFO: [ route_check ] --START--
INFO: Run CheckRoute Behavior [ RunTime:0.001310s ]
INFO: [ route_check ] --END-- [ RunTime:0.001734s ]
NOTIC: [8192] preg_replace(): The /e modifier is deprecated, use preg_replace_callback instead D:\wamp\www\ddl666.com\dsapi\ThinkPHP\Lib\Core\Dispatcher.class.php 第 120 行.
INFO: [ app_begin ] --START--
INFO: Run ReadHtmlCache Behavior [ RunTime:0.001122s ]
INFO: [ app_begin ] --END-- [ RunTime:0.001495s ]

[ 2015-11-07T09:41:15+08:00 ] ERR: (ThinkException) 非法操作:yanfang
[ 2015-11-07T09:41:18+08:00 ] ERR: (ThinkException) 非法操作:bbx
[ 2015-11-07T09:42:11+08:00 ] ERR: (ThinkException) 非法操作:uploads
[ 2015-11-07T09:42:18+08:00 ] ERR: (ThinkException) 非法操作:tools
[ 2015-11-07T09:42:32+08:00 ] ERR: (ThinkException) 非法操作:upload
[ 2015-11-07T09:42:33+08:00 ] ERR: (ThinkException) 非法操作:db
[ 2015-11-07T09:42:40+08:00 ] ERR: (ThinkException) 非法操作:config
[ 2015-11-07T09:42:40+08:00 ] ERR: (ThinkException) 非法操作:yanfang
[ 2015-11-07T09:42:48+08:00 ] ERR: (ThinkException) 非法操作:logs
[ 2015-11-07T09:42:52+08:00 ] ERR: (ThinkException) 非法操作:log
[ 2015-11-07T09:43:22+08:00 ] 121.42.0.37 /dsapi/api.php/Index/index.action?redirect%3A%25%7Bnew+java.lang.String%28%27http%3A%2F%2Fxxxxxxxxxxxxx%27%29%7D
INFO: [ route_check ] --START--
INFO: Run CheckRoute Behavior [ RunTime:0.001444s ]
INFO: [ route_check ] --END-- [ RunTime:0.002490s ]
NOTIC: [8192] preg_replace(): The /e modifier is deprecated, use preg_replace_callback instead D:\wamp\www\ddl666.com\dsapi\ThinkPHP\Lib\Core\Dispatcher.class.php 第 120 行.
INFO: [ app_begin ] --START--
INFO: Run ReadHtmlCache Behavior [ RunTime:0.001155s ]
INFO: [ app_begin ] --END-- [ RunTime:0.001505s ]

[ 2015-11-07T09:43:41+08:00 ] ERR: (ThinkException) 非法操作:uploads
[ 2015-11-07T09:44:14+08:00 ] ERR: (ThinkException) 非法操作:upload
[ 2015-11-07T09:45:11+08:00 ] ERR: (ThinkException) 非法操作:admin
[ 2015-11-07T09:45:17+08:00 ] ERR: (ThinkException) 非法操作:db
[ 2015-11-07T09:46:01+08:00 ] ERR: (ThinkException) 非法操作:backup
[ 2015-11-07T09:46:17+08:00 ] ERR: (ThinkException) 非法操作:config
[ 2015-11-07T09:46:23+08:00 ] ERR: (ThinkException) 非法操作:data
[ 2015-11-07T09:47:15+08:00 ] 121.42.0.37 /dsapi/api.php/Index//
INFO: [ route_check ] --START--
INFO: Run CheckRoute Behavior [ RunTime:0.001322s ]
INFO: [ route_check ] --END-- [ RunTime:0.001762s ]
NOTIC: [8192] preg_replace(): The /e modifier is deprecated, use preg_replace_callback instead D:\wamp\www\ddl666.com\dsapi\ThinkPHP\Lib\Core\Dispatcher.class.php 第 120 行.
INFO: [ app_begin ] --START--
INFO: Run ReadHtmlCache Behavior [ RunTime:0.001094s ]
INFO: [ app_begin ] --END-- [ RunTime:0.001451s ]

[ 2015-11-07T09:47:16+08:00 ] ERR: (ThinkException) 非法操作:htdocs
[ 2015-11-07T09:47:18+08:00 ] ERR: (ThinkException) 非法操作:logs
[ 2015-11-07T09:47:30+08:00 ] ERR: (ThinkException) 非法操作:upfile
[ 2015-11-07T09:47:50+08:00 ] ERR: (ThinkException) 非法操作:upfiles
[ 2015-11-07T09:48:19+08:00 ] ERR: (ThinkException) 非法操作:log
[ 2015-11-07T09:48:51+08:00 ] ERR: (ThinkException) 非法操作:uploadfile
[ 2015-11-07T09:49:20+08:00 ] 121.42.0.37 /dsapi/api.php/Index/index.action?redirect%3A%25%7Bnew+java.lang.String%28%27http%3A%2F%2Fxxxxxxxxxxxxx%27%29%7D
INFO: [ route_check ] --START--
INFO: Run CheckRoute Behavior [ RunTime:0.001461s ]
INFO: [ route_check ] --END-- [ RunTime:0.001956s ]
NOTIC: [8192] preg_replace(): The /e modifier is deprecated, use preg_replace_callback instead D:\wamp\www\ddl666.com\dsapi\ThinkPHP\Lib\Core\Dispatcher.class.php 第 120 行.
INFO: [ app_begin ] --START--
INFO: Run ReadHtmlCache Behavior [ RunTime:0.001239s ]
INFO: [ app_begin ] --END-- [ RunTime:0.001681s ]

[ 2015-11-07T09:49:52+08:00 ] ERR: (ThinkException) 非法操作:uploadfiles
[ 2015-11-07T09:50:53+08:00 ] ERR: (ThinkException) 非法操作:web
[ 2015-11-07T09:51:22+08:00 ] ERR: (ThinkException) 非法操作:admin
[ 2015-11-07T09:52:25+08:00 ] ERR: (ThinkException) 非法操作:backup
[ 2015-11-07T09:53:26+08:00 ] ERR: (ThinkException) 非法操作:data
[ 2015-11-07T09:54:26+08:00 ] 121.42.0.37 /dsapi/api.php/Index//
INFO: [ route_check ] --START--
INFO: Run CheckRoute Behavior [ RunTime:0.001612s ]
INFO: [ route_check ] --END-- [ RunTime:0.002004s ]
NOTIC: [8192] preg_replace(): The /e modifier is deprecated, use preg_replace_callback instead D:\wamp\www\ddl666.com\dsapi\ThinkPHP\Lib\Core\Dispatcher.class.php 第 120 行.
INFO: [ app_begin ] --START--
INFO: Run ReadHtmlCache Behavior [ RunTime:0.001338s ]
INFO: [ app_begin ] --END-- [ RunTime:0.001702s ]

[ 2015-11-07T09:54:37+08:00 ] ERR: (ThinkException) 非法操作:adminer
[ 2015-11-07T09:55:13+08:00 ] ERR: (ThinkException) 非法操作:phpinfo
[ 2015-11-07T09:55:28+08:00 ] ERR: (ThinkException) 非法操作:htdocs
[ 2015-11-07T09:56:13+08:00 ] ERR: (ThinkException) 非法操作:info
[ 2015-11-07T09:56:28+08:00 ] ERR: (ThinkException) 非法操作:upfile
[ 2015-11-07T09:57:29+08:00 ] ERR: (ThinkException) 非法操作:upfiles
[ 2015-11-07T09:58:16+08:00 ] 121.42.0.37 /dsapi/api.php/Index/index.php
INFO: [ route_check ] --START--
INFO: Run CheckRoute Behavior [ RunTime:0.001286s ]
INFO: [ route_check ] --END-- [ RunTime:0.001680s ]
NOTIC: [8192] preg_replace(): The /e modifier is deprecated, use preg_replace_callback instead D:\wamp\www\ddl666.com\dsapi\ThinkPHP\Lib\Core\Dispatcher.class.php 第 120 行.
INFO: [ app_begin ] --START--
INFO: Run ReadHtmlCache Behavior [ RunTime:0.001282s ]
INFO: [ app_begin ] --END-- [ RunTime:0.001667s ]

[ 2015-11-07T09:58:30+08:00 ] ERR: (ThinkException) 非法操作:uploadfile
[ 2015-11-07T09:59:16+08:00 ] ERR: (ThinkException) 非法操作:php
[ 2015-11-07T09:59:32+08:00 ] ERR: (ThinkException) 非法操作:uploadfiles
[ 2015-11-07T10:00:18+08:00 ] ERR: (ThinkException) 非法操作:test
[ 2015-11-07T10:00:35+08:00 ] ERR: (ThinkException) 非法操作:web
[ 2015-11-07T10:00:52+08:00 ] ERR: (ThinkException) 非法操作:a
[ 2015-11-07T10:01:19+08:00 ] ERR: (ThinkException) 非法操作:1
[ 2015-11-07T10:01:21+08:00 ] ERR: (ThinkException) 非法操作:u
[ 2015-11-07T10:01:23+08:00 ] ERR: (ThinkException) 非法操作:l
[ 2015-11-07T10:01:39+08:00 ] ERR: (ThinkException) 非法操作:tz
[ 2015-11-07T10:01:41+08:00 ] ERR: (ThinkException) 非法操作:bigdump
[ 2015-11-07T10:02:02+08:00 ] ERR: (ThinkException) 非法操作:${@print(md5(this_is_a_test_string))}
[ 2015-11-07T10:03:46+08:00 ] ERR: (ThinkException) 非法操作:adminer
[ 2015-11-07T10:04:48+08:00 ] ERR: (ThinkException) 非法操作:phpinfo
[ 2015-11-07T10:05:49+08:00 ] ERR: (ThinkException) 非法操作:info
[ 2015-11-07T10:08:05+08:00 ] 121.42.0.37 /dsapi/api.php/Index/index.php
INFO: [ route_check ] --START--
INFO: Run CheckRoute Behavior [ RunTime:0.001584s ]
INFO: [ route_check ] --END-- [ RunTime:0.002002s ]
NOTIC: [8192] preg_replace(): The /e modifier is deprecated, use preg_replace_callback instead D:\wamp\www\ddl666.com\dsapi\ThinkPHP\Lib\Core\Dispatcher.class.php 第 120 行.
INFO: [ app_begin ] --START--
INFO: Run ReadHtmlCache Behavior [ RunTime:0.001577s ]
INFO: [ app_begin ] --END-- [ RunTime:0.002142s ]

[ 2015-11-07T10:09:23+08:00 ] ERR: (ThinkException) 非法操作:php
[ 2015-11-07T10:11:10+08:00 ] ERR: (ThinkException) 非法操作:test
[ 2015-11-07T10:13:12+08:00 ] ERR: (ThinkException) 非法操作:a
[ 2015-11-07T10:15:13+08:00 ] ERR: (ThinkException) 非法操作:1
[ 2015-11-07T10:17:14+08:00 ] ERR: (ThinkException) 非法操作:u
[ 2015-11-07T10:19:16+08:00 ] ERR: (ThinkException) 非法操作:l
[ 2015-11-07T10:21:16+08:00 ] ERR: (ThinkException) 非法操作:tz
[ 2015-11-07T10:23:02+08:00 ] ERR: (ThinkException) 非法操作:bigdump
[ 2015-11-07T10:24:37+08:00 ] ERR: (ThinkException) 非法操作:${@print(md5(this_is_a_test_string))}
[ 2015-11-07T10:52:48+08:00 ] ERR: (ThinkException) 非法操作:shopadmin
[ 2015-11-07T10:53:49+08:00 ] ERR: (ThinkException) 非法操作:feed-proxy
[ 2015-11-07T10:56:51+08:00 ] ERR: (ThinkException) 模板不存在[./App/Tpl/Wxhd/check1.html]
[ 2015-11-07T10:57:52+08:00 ] ERR: (ThinkException) 非法操作:bbx
[ 2015-11-07T10:58:54+08:00 ] ERR: (ThinkException) 非法操作:tools
[ 2015-11-07T10:59:55+08:00 ] ERR: (ThinkException) 非法操作:yanfang
[ 2015-11-07T11:00:56+08:00 ] ERR: (ThinkException) 非法操作:uploads
[ 2015-11-07T11:01:57+08:00 ] ERR: (ThinkException) 非法操作:upload
[ 2015-11-07T11:02:58+08:00 ] ERR: (ThinkException) 非法操作:db
[ 2015-11-07T11:03:59+08:00 ] ERR: (ThinkException) 非法操作:config
[ 2015-11-07T11:05:00+08:00 ] ERR: (ThinkException) 非法操作:logs
[ 2015-11-07T11:06:02+08:00 ] ERR: (ThinkException) 非法操作:log
[ 2015-11-07T11:07:03+08:00 ] ERR: (ThinkException) 模板不存在[./App/Tpl/Wxhd/check1.html]
[ 2015-11-07T11:07:07+08:00 ] ERR: (ThinkException) 非法操作:login
[ 2015-11-07T11:08:09+08:00 ] ERR: (ThinkException) 非法操作:admin
[ 2015-11-07T11:08:41+08:00 ] ERR: (ThinkException) 非法操作:backup
[ 2015-11-07T11:08:43+08:00 ] ERR: (ThinkException) 非法操作:data
[ 2015-11-07T11:08:44+08:00 ] ERR: (ThinkException) 模板不存在[./App/Tpl/Wxhd/check1.html]
[ 2015-11-07T11:08:49+08:00 ] ERR: (ThinkException) 非法操作:htdocs
[ 2015-11-07T11:08:50+08:00 ] ERR: (ThinkException) 非法操作:upfile
[ 2015-11-07T11:08:51+08:00 ] ERR: (ThinkException) 非法操作:upfiles
[ 2015-11-07T11:08:52+08:00 ] ERR: (ThinkException) 非法操作:uploadfile
[ 2015-11-07T11:08:53+08:00 ] ERR: (ThinkException) 非法操作:uploadfiles
[ 2015-11-07T11:09:03+08:00 ] ERR: (ThinkException) 非法操作:web
[ 2015-11-07T11:10:15+08:00 ] ERR: (ThinkException) 非法操作:adminer
[ 2015-11-07T11:10:16+08:00 ] ERR: (ThinkException) 非法操作:phpinfo
[ 2015-11-07T11:10:17+08:00 ] ERR: (ThinkException) 非法操作:info
[ 2015-11-07T11:10:19+08:00 ] ERR: (ThinkException) 模板不存在[./App/Tpl/Wxhd/check1.html]
[ 2015-11-07T11:10:20+08:00 ] ERR: (ThinkException) 非法操作:php
[ 2015-11-07T11:10:21+08:00 ] ERR: (ThinkException) 非法操作:test
[ 2015-11-07T11:10:22+08:00 ] ERR: (ThinkException) 非法操作:a
[ 2015-11-07T11:10:23+08:00 ] ERR: (ThinkException) 非法操作:1
[ 2015-11-07T11:10:24+08:00 ] ERR: (ThinkException) 非法操作:u
[ 2015-11-07T11:10:25+08:00 ] ERR: (ThinkException) 非法操作:l
[ 2015-11-07T11:10:26+08:00 ] ERR: (ThinkException) 非法操作:tz
[ 2015-11-07T11:10:27+08:00 ] ERR: (ThinkException) 非法操作:bigdump
[ 2015-11-07T11:10:28+08:00 ] ERR: (ThinkException) 非法操作:${@print(md5(this_is_a_test_string))}
[ 2015-11-07T12:01:48+08:00 ] ERR: (ThinkException) 非法操作:shopadmin
[ 2015-11-07T12:01:52+08:00 ] ERR: (ThinkException) 非法操作:feed-proxy
[ 2015-11-07T12:02:02+08:00 ] 121.42.0.37 /dsapi/api.php/Index/.DS_Store
INFO: [ route_check ] --START--
INFO: Run CheckRoute Behavior [ RunTime:0.001673s ]
INFO: [ route_check ] --END-- [ RunTime:0.002138s ]
NOTIC: [8192] preg_replace(): The /e modifier is deprecated, use preg_replace_callback instead D:\wamp\www\ddl666.com\dsapi\ThinkPHP\Lib\Core\Dispatcher.class.php 第 120 行.
INFO: [ app_begin ] --START--
INFO: Run ReadHtmlCache Behavior [ RunTime:0.001373s ]
INFO: [ app_begin ] --END-- [ RunTime:0.001766s ]

[ 2015-11-07T12:02:04+08:00 ] ERR: (ThinkException) 非法操作:bbx
[ 2015-11-07T12:02:08+08:00 ] ERR: (ThinkException) 非法操作:tools
[ 2015-11-07T12:02:10+08:00 ] ERR: (ThinkException) 非法操作:yanfang
[ 2015-11-07T12:02:13+08:00 ] ERR: (ThinkException) 非法操作:uploads
[ 2015-11-07T12:02:17+08:00 ] ERR: (ThinkException) 非法操作:upload
[ 2015-11-07T12:02:18+08:00 ] ERR: (ThinkException) 非法操作:db
[ 2015-11-07T12:02:20+08:00 ] ERR: (ThinkException) 非法操作:config
[ 2015-11-07T12:02:23+08:00 ] ERR: (ThinkException) 非法操作:logs
[ 2015-11-07T12:02:24+08:00 ] ERR: (ThinkException) 非法操作:log
[ 2015-11-07T12:02:26+08:00 ] 121.42.0.37 /dsapi/api.php/Index/index.action?redirect%3A%25%7Bnew+java.lang.String%28%27http%3A%2F%2Fxxxxxxxxxxxxx%27%29%7D
INFO: [ route_check ] --START--
INFO: Run CheckRoute Behavior [ RunTime:0.001960s ]
INFO: [ route_check ] --END-- [ RunTime:0.002479s ]
NOTIC: [8192] preg_replace(): The /e modifier is deprecated, use preg_replace_callback instead D:\wamp\www\ddl666.com\dsapi\ThinkPHP\Lib\Core\Dispatcher.class.php 第 120 行.
INFO: [ app_begin ] --START--
INFO: Run ReadHtmlCache Behavior [ RunTime:0.001405s ]
INFO: [ app_begin ] --END-- [ RunTime:0.001801s ]

[ 2015-11-07T12:02:30+08:00 ] ERR: (ThinkException) 非法操作:admin
[ 2015-11-07T12:02:34+08:00 ] ERR: (ThinkException) 非法操作:backup
[ 2015-11-07T12:02:36+08:00 ] ERR: (ThinkException) 非法操作:data
[ 2015-11-07T12:02:38+08:00 ] 121.42.0.37 /dsapi/api.php/Index//
INFO: [ route_check ] --START--
INFO: Run CheckRoute Behavior [ RunTime:0.001224s ]
INFO: [ route_check ] --END-- [ RunTime:0.001632s ]
NOTIC: [8192] preg_replace(): The /e modifier is deprecated, use preg_replace_callback instead D:\wamp\www\ddl666.com\dsapi\ThinkPHP\Lib\Core\Dispatcher.class.php 第 120 行.
INFO: [ app_begin ] --START--
INFO: Run ReadHtmlCache Behavior [ RunTime:0.001235s ]
INFO: [ app_begin ] --END-- [ RunTime:0.001584s ]

[ 2015-11-07T12:02:40+08:00 ] ERR: (ThinkException) 非法操作:htdocs
[ 2015-11-07T12:02:42+08:00 ] ERR: (ThinkException) 非法操作:upfile
[ 2015-11-07T12:02:44+08:00 ] ERR: (ThinkException) 非法操作:upfiles
[ 2015-11-07T12:02:46+08:00 ] ERR: (ThinkException) 非法操作:uploadfile
[ 2015-11-07T12:02:48+08:00 ] ERR: (ThinkException) 非法操作:uploadfiles
[ 2015-11-07T12:02:51+08:00 ] ERR: (ThinkException) 非法操作:web
[ 2015-11-07T12:03:10+08:00 ] ERR: (ThinkException) 非法操作:adminer
[ 2015-11-07T12:03:14+08:00 ] ERR: (ThinkException) 非法操作:phpinfo
[ 2015-11-07T12:03:16+08:00 ] ERR: (ThinkException) 非法操作:info
[ 2015-11-07T12:03:20+08:00 ] 121.42.0.37 /dsapi/api.php/Index/index.php
INFO: [ route_check ] --START--
INFO: Run CheckRoute Behavior [ RunTime:0.002426s ]
INFO: [ route_check ] --END-- [ RunTime:0.003036s ]
NOTIC: [8192] preg_replace(): The /e modifier is deprecated, use preg_replace_callback instead D:\wamp\www\ddl666.com\dsapi\ThinkPHP\Lib\Core\Dispatcher.class.php 第 120 行.
INFO: [ app_begin ] --START--
INFO: Run ReadHtmlCache Behavior [ RunTime:0.001069s ]
INFO: [ app_begin ] --END-- [ RunTime:0.001434s ]

[ 2015-11-07T12:03:22+08:00 ] ERR: (ThinkException) 非法操作:php
[ 2015-11-07T12:03:25+08:00 ] ERR: (ThinkException) 非法操作:test
[ 2015-11-07T12:03:26+08:00 ] ERR: (ThinkException) 非法操作:a
[ 2015-11-07T12:03:28+08:00 ] ERR: (ThinkException) 非法操作:1
[ 2015-11-07T12:03:31+08:00 ] ERR: (ThinkException) 非法操作:u
[ 2015-11-07T12:03:34+08:00 ] ERR: (ThinkException) 非法操作:l
[ 2015-11-07T12:03:38+08:00 ] ERR: (ThinkException) 非法操作:tz
[ 2015-11-07T12:03:41+08:00 ] ERR: (ThinkException) 非法操作:bigdump
[ 2015-11-07T12:03:42+08:00 ] ERR: (ThinkException) 非法操作:${@print(md5(this_is_a_test_string))}
