[ 2015-11-21T09:58:40+08:00 ] ERR: (ThinkException) 非法操作:shopadmin
[ 2015-11-21T10:11:37+08:00 ] ERR: (ThinkException) 非法操作:feed-proxy
[ 2015-11-21T10:20:17+08:00 ] 121.42.0.30 /dsapi/api.php/Index/.DS_Store
INFO: [ route_check ] --START--
INFO: Run CheckRoute Behavior [ RunTime:0.001424s ]
INFO: [ route_check ] --END-- [ RunTime:0.001866s ]
NOTIC: [8192] preg_replace(): The /e modifier is deprecated, use preg_replace_callback instead D:\wamp\www\ddl666.com\dsapi\ThinkPHP\Lib\Core\Dispatcher.class.php 第 120 行.
INFO: [ app_begin ] --START--
INFO: Run ReadHtmlCache Behavior [ RunTime:0.001102s ]
INFO: [ app_begin ] --END-- [ RunTime:0.001549s ]

[ 2015-11-21T10:20:57+08:00 ] ERR: (ThinkException) 非法操作:bbx
[ 2015-11-21T10:20:58+08:00 ] ERR: (ThinkException) 非法操作:tools
[ 2015-11-21T10:20:59+08:00 ] ERR: (ThinkException) 非法操作:yanfang
[ 2015-11-21T10:21:04+08:00 ] ERR: (ThinkException) 非法操作:uploads
[ 2015-11-21T10:21:07+08:00 ] ERR: (ThinkException) 非法操作:upload
[ 2015-11-21T10:21:08+08:00 ] ERR: (ThinkException) 非法操作:db
[ 2015-11-21T10:21:11+08:00 ] ERR: (ThinkException) 非法操作:config
[ 2015-11-21T10:21:14+08:00 ] ERR: (ThinkException) 非法操作:logs
[ 2015-11-21T10:21:17+08:00 ] ERR: (ThinkException) 非法操作:log
[ 2015-11-21T10:21:30+08:00 ] ERR: (ThinkException) 非法操作:webscan38502863
[ 2015-11-21T10:21:43+08:00 ] 121.42.0.30 /dsapi/api.php/Index/index.action?redirect%3A%25%7Bnew+java.lang.String%28%27http%3A%2F%2Fxxxxxxxxxxxxx%27%29%7D
INFO: [ route_check ] --START--
INFO: Run CheckRoute Behavior [ RunTime:0.001298s ]
INFO: [ route_check ] --END-- [ RunTime:0.001715s ]
NOTIC: [8192] preg_replace(): The /e modifier is deprecated, use preg_replace_callback instead D:\wamp\www\ddl666.com\dsapi\ThinkPHP\Lib\Core\Dispatcher.class.php 第 120 行.
INFO: [ app_begin ] --START--
INFO: Run ReadHtmlCache Behavior [ RunTime:0.001522s ]
INFO: [ app_begin ] --END-- [ RunTime:0.001890s ]

[ 2015-11-21T10:21:48+08:00 ] ERR: (ThinkException) 非法操作:admin
[ 2015-11-21T10:22:04+08:00 ] ERR: (ThinkException) 非法操作:backup
[ 2015-11-21T10:22:05+08:00 ] ERR: (ThinkException) 非法操作:data
[ 2015-11-21T10:22:45+08:00 ] 121.42.0.30 /dsapi/api.php/Index//
INFO: [ route_check ] --START--
INFO: Run CheckRoute Behavior [ RunTime:0.001263s ]
INFO: [ route_check ] --END-- [ RunTime:0.001704s ]
NOTIC: [8192] preg_replace(): The /e modifier is deprecated, use preg_replace_callback instead D:\wamp\www\ddl666.com\dsapi\ThinkPHP\Lib\Core\Dispatcher.class.php 第 120 行.
INFO: [ app_begin ] --START--
INFO: Run ReadHtmlCache Behavior [ RunTime:0.001206s ]
INFO: [ app_begin ] --END-- [ RunTime:0.001573s ]

[ 2015-11-21T10:22:47+08:00 ] ERR: (ThinkException) 非法操作:htdocs
[ 2015-11-21T10:22:50+08:00 ] ERR: (ThinkException) 非法操作:upfile
[ 2015-11-21T10:22:51+08:00 ] ERR: (ThinkException) 非法操作:upfiles
[ 2015-11-21T10:22:52+08:00 ] ERR: (ThinkException) 非法操作:uploadfile
[ 2015-11-21T10:22:53+08:00 ] ERR: (ThinkException) 非法操作:uploadfiles
[ 2015-11-21T10:22:54+08:00 ] ERR: (ThinkException) 非法操作:web
[ 2015-11-21T10:24:15+08:00 ] ERR: (ThinkException) 非法操作:adminer
[ 2015-11-21T10:24:34+08:00 ] ERR: (ThinkException) 非法操作:info
[ 2015-11-21T10:24:40+08:00 ] 121.42.0.30 /dsapi/api.php/Index/index.php
INFO: [ route_check ] --START--
INFO: Run CheckRoute Behavior [ RunTime:0.001291s ]
INFO: [ route_check ] --END-- [ RunTime:0.001688s ]
NOTIC: [8192] preg_replace(): The /e modifier is deprecated, use preg_replace_callback instead D:\wamp\www\ddl666.com\dsapi\ThinkPHP\Lib\Core\Dispatcher.class.php 第 120 行.
INFO: [ app_begin ] --START--
INFO: Run ReadHtmlCache Behavior [ RunTime:0.001136s ]
INFO: [ app_begin ] --END-- [ RunTime:0.001561s ]

[ 2015-11-21T10:24:43+08:00 ] ERR: (ThinkException) 非法操作:php
[ 2015-11-21T10:24:44+08:00 ] ERR: (ThinkException) 非法操作:test
[ 2015-11-21T10:24:46+08:00 ] ERR: (ThinkException) 非法操作:a
[ 2015-11-21T10:24:48+08:00 ] ERR: (ThinkException) 非法操作:1
[ 2015-11-21T10:24:49+08:00 ] ERR: (ThinkException) 非法操作:u
[ 2015-11-21T10:24:50+08:00 ] ERR: (ThinkException) 非法操作:l
[ 2015-11-21T10:24:51+08:00 ] ERR: (ThinkException) 非法操作:tz
[ 2015-11-21T10:24:58+08:00 ] ERR: (ThinkException) 非法操作:bigdump
[ 2015-11-21T10:28:46+08:00 ] ERR: (ThinkException) 非法操作:${@print(md5(this_is_a_test_string))}
[ 2015-11-21T10:40:18+08:00 ] ERR: (ThinkException) 非法操作:shopadmin
[ 2015-11-21T10:40:58+08:00 ] ERR: (ThinkException) 非法操作:feed-proxy
[ 2015-11-21T10:41:31+08:00 ] 121.42.0.30 /dsapi/api.php/Index/.DS_Store
INFO: [ route_check ] --START--
INFO: Run CheckRoute Behavior [ RunTime:0.001628s ]
INFO: [ route_check ] --END-- [ RunTime:0.002050s ]
NOTIC: [8192] preg_replace(): The /e modifier is deprecated, use preg_replace_callback instead D:\wamp\www\ddl666.com\dsapi\ThinkPHP\Lib\Core\Dispatcher.class.php 第 120 行.
INFO: [ app_begin ] --START--
INFO: Run ReadHtmlCache Behavior [ RunTime:0.001491s ]
INFO: [ app_begin ] --END-- [ RunTime:0.001887s ]

[ 2015-11-21T10:41:58+08:00 ] ERR: (ThinkException) 非法操作:bbx
[ 2015-11-21T10:42:00+08:00 ] ERR: (ThinkException) 非法操作:tools
[ 2015-11-21T10:42:02+08:00 ] ERR: (ThinkException) 非法操作:yanfang
[ 2015-11-21T10:42:10+08:00 ] ERR: (ThinkException) 非法操作:uploads
[ 2015-11-21T10:42:12+08:00 ] ERR: (ThinkException) 非法操作:upload
[ 2015-11-21T10:42:14+08:00 ] ERR: (ThinkException) 非法操作:db
[ 2015-11-21T10:42:16+08:00 ] ERR: (ThinkException) 非法操作:config
[ 2015-11-21T10:42:18+08:00 ] ERR: (ThinkException) 非法操作:logs
[ 2015-11-21T10:42:20+08:00 ] ERR: (ThinkException) 非法操作:log
[ 2015-11-21T10:42:36+08:00 ] ERR: (ThinkException) 非法操作:webscan38502863
[ 2015-11-21T10:42:47+08:00 ] 121.42.0.30 /dsapi/api.php/Index/index.action?redirect%3A%25%7Bnew+java.lang.String%28%27http%3A%2F%2Fxxxxxxxxxxxxx%27%29%7D
INFO: [ route_check ] --START--
INFO: Run CheckRoute Behavior [ RunTime:0.001362s ]
INFO: [ route_check ] --END-- [ RunTime:0.001760s ]
NOTIC: [8192] preg_replace(): The /e modifier is deprecated, use preg_replace_callback instead D:\wamp\www\ddl666.com\dsapi\ThinkPHP\Lib\Core\Dispatcher.class.php 第 120 行.
INFO: [ app_begin ] --START--
INFO: Run ReadHtmlCache Behavior [ RunTime:0.001228s ]
INFO: [ app_begin ] --END-- [ RunTime:0.001617s ]

[ 2015-11-21T10:42:51+08:00 ] ERR: (ThinkException) 非法操作:admin
[ 2015-11-21T10:43:01+08:00 ] ERR: (ThinkException) 非法操作:backup
[ 2015-11-21T10:43:03+08:00 ] ERR: (ThinkException) 非法操作:data
[ 2015-11-21T10:43:43+08:00 ] 121.42.0.30 /dsapi/api.php/Index//
INFO: [ route_check ] --START--
INFO: Run CheckRoute Behavior [ RunTime:0.001837s ]
INFO: [ route_check ] --END-- [ RunTime:0.002234s ]
NOTIC: [8192] preg_replace(): The /e modifier is deprecated, use preg_replace_callback instead D:\wamp\www\ddl666.com\dsapi\ThinkPHP\Lib\Core\Dispatcher.class.php 第 120 行.
INFO: [ app_begin ] --START--
INFO: Run ReadHtmlCache Behavior [ RunTime:0.001498s ]
INFO: [ app_begin ] --END-- [ RunTime:0.001865s ]

[ 2015-11-21T10:43:45+08:00 ] ERR: (ThinkException) 非法操作:htdocs
[ 2015-11-21T10:43:47+08:00 ] ERR: (ThinkException) 非法操作:upfile
[ 2015-11-21T10:43:49+08:00 ] ERR: (ThinkException) 非法操作:upfiles
[ 2015-11-21T10:43:51+08:00 ] ERR: (ThinkException) 非法操作:uploadfile
[ 2015-11-21T10:43:53+08:00 ] ERR: (ThinkException) 非法操作:uploadfiles
[ 2015-11-21T10:43:57+08:00 ] ERR: (ThinkException) 非法操作:web
[ 2015-11-21T10:45:06+08:00 ] ERR: (ThinkException) 非法操作:adminer
[ 2015-11-21T10:45:18+08:00 ] ERR: (ThinkException) 非法操作:phpinfo
[ 2015-11-21T10:45:19+08:00 ] ERR: (ThinkException) 非法操作:info
[ 2015-11-21T10:45:24+08:00 ] 121.42.0.30 /dsapi/api.php/Index/index.php
INFO: [ route_check ] --START--
INFO: Run CheckRoute Behavior [ RunTime:0.001421s ]
INFO: [ route_check ] --END-- [ RunTime:0.001851s ]
NOTIC: [8192] preg_replace(): The /e modifier is deprecated, use preg_replace_callback instead D:\wamp\www\ddl666.com\dsapi\ThinkPHP\Lib\Core\Dispatcher.class.php 第 120 行.
INFO: [ app_begin ] --START--
INFO: Run ReadHtmlCache Behavior [ RunTime:0.001286s ]
INFO: [ app_begin ] --END-- [ RunTime:0.001688s ]

[ 2015-11-21T10:45:26+08:00 ] ERR: (ThinkException) 非法操作:php
[ 2015-11-21T10:45:27+08:00 ] ERR: (ThinkException) 非法操作:test
[ 2015-11-21T10:45:28+08:00 ] ERR: (ThinkException) 非法操作:a
[ 2015-11-21T10:45:31+08:00 ] ERR: (ThinkException) 非法操作:1
[ 2015-11-21T10:45:33+08:00 ] ERR: (ThinkException) 非法操作:u
[ 2015-11-21T10:45:35+08:00 ] ERR: (ThinkException) 非法操作:l
[ 2015-11-21T10:45:38+08:00 ] ERR: (ThinkException) 非法操作:tz
[ 2015-11-21T10:45:46+08:00 ] ERR: (ThinkException) 非法操作:bigdump
[ 2015-11-21T10:46:31+08:00 ] ERR: (ThinkException) 非法操作:${@print(md5(this_is_a_test_string))}
[ 2015-11-21T11:23:19+08:00 ] 121.42.0.30 /dsapi/api.php/Index//0.rar
INFO: [ route_check ] --START--
INFO: Run CheckRoute Behavior [ RunTime:0.001293s ]
INFO: [ route_check ] --END-- [ RunTime:0.001668s ]
NOTIC: [8192] preg_replace(): The /e modifier is deprecated, use preg_replace_callback instead D:\wamp\www\ddl666.com\dsapi\ThinkPHP\Lib\Core\Dispatcher.class.php 第 120 行.
INFO: [ app_begin ] --START--
INFO: Run ReadHtmlCache Behavior [ RunTime:0.001081s ]
INFO: [ app_begin ] --END-- [ RunTime:0.001436s ]

[ 2015-11-21T11:23:21+08:00 ] ERR: (ThinkException) 非法操作:0.tar
[ 2015-11-21T11:23:24+08:00 ] 121.42.0.30 /dsapi/api.php/Index//0.tgz
INFO: [ route_check ] --START--
INFO: Run CheckRoute Behavior [ RunTime:0.001214s ]
INFO: [ route_check ] --END-- [ RunTime:0.001581s ]
NOTIC: [8192] preg_replace(): The /e modifier is deprecated, use preg_replace_callback instead D:\wamp\www\ddl666.com\dsapi\ThinkPHP\Lib\Core\Dispatcher.class.php 第 120 行.
INFO: [ app_begin ] --START--
INFO: Run ReadHtmlCache Behavior [ RunTime:0.001068s ]
INFO: [ app_begin ] --END-- [ RunTime:0.001443s ]

[ 2015-11-21T11:23:27+08:00 ] 121.42.0.30 /dsapi/api.php/Index//0.7z
INFO: [ route_check ] --START--
INFO: Run CheckRoute Behavior [ RunTime:0.001169s ]
INFO: [ route_check ] --END-- [ RunTime:0.001534s ]
NOTIC: [8192] preg_replace(): The /e modifier is deprecated, use preg_replace_callback instead D:\wamp\www\ddl666.com\dsapi\ThinkPHP\Lib\Core\Dispatcher.class.php 第 120 行.
INFO: [ app_begin ] --START--
INFO: Run ReadHtmlCache Behavior [ RunTime:0.001010s ]
INFO: [ app_begin ] --END-- [ RunTime:0.001357s ]

[ 2015-11-21T11:23:29+08:00 ] 121.42.0.30 /dsapi/api.php/Index//0.sql
INFO: [ route_check ] --START--
INFO: Run CheckRoute Behavior [ RunTime:0.001389s ]
INFO: [ route_check ] --END-- [ RunTime:0.001811s ]
NOTIC: [8192] preg_replace(): The /e modifier is deprecated, use preg_replace_callback instead D:\wamp\www\ddl666.com\dsapi\ThinkPHP\Lib\Core\Dispatcher.class.php 第 120 行.
INFO: [ app_begin ] --START--
INFO: Run ReadHtmlCache Behavior [ RunTime:0.001176s ]
INFO: [ app_begin ] --END-- [ RunTime:0.001562s ]

[ 2015-11-21T11:23:30+08:00 ] ERR: (ThinkException) 非法操作:1
[ 2015-11-21T11:23:32+08:00 ] ERR: (ThinkException) 非法操作:1
[ 2015-11-21T11:23:34+08:00 ] ERR: (ThinkException) 非法操作:1.tar
[ 2015-11-21T11:23:37+08:00 ] ERR: (ThinkException) 非法操作:1
[ 2015-11-21T11:23:39+08:00 ] ERR: (ThinkException) 非法操作:1
[ 2015-11-21T11:23:42+08:00 ] ERR: (ThinkException) 非法操作:1
[ 2015-11-21T11:23:43+08:00 ] ERR: (ThinkException) 非法操作:www
[ 2015-11-21T11:23:45+08:00 ] ERR: (ThinkException) 非法操作:www
[ 2015-11-21T11:23:48+08:00 ] ERR: (ThinkException) 非法操作:www.tar
[ 2015-11-21T11:23:50+08:00 ] ERR: (ThinkException) 非法操作:www
[ 2015-11-21T11:23:51+08:00 ] ERR: (ThinkException) 非法操作:www
[ 2015-11-21T11:23:54+08:00 ] ERR: (ThinkException) 非法操作:www
[ 2015-11-21T11:23:57+08:00 ] ERR: (ThinkException) 非法操作:wwwroot
[ 2015-11-21T11:23:58+08:00 ] ERR: (ThinkException) 非法操作:wwwroot
[ 2015-11-21T11:24:01+08:00 ] ERR: (ThinkException) 非法操作:wwwroot.tar
[ 2015-11-21T11:24:03+08:00 ] ERR: (ThinkException) 非法操作:wwwroot
[ 2015-11-21T11:24:04+08:00 ] ERR: (ThinkException) 非法操作:wwwroot
[ 2015-11-21T11:24:07+08:00 ] ERR: (ThinkException) 非法操作:wwwroot
[ 2015-11-21T11:24:08+08:00 ] ERR: (ThinkException) 非法操作:backup
[ 2015-11-21T11:24:09+08:00 ] ERR: (ThinkException) 非法操作:backup
[ 2015-11-21T11:24:11+08:00 ] ERR: (ThinkException) 非法操作:backup.tar
[ 2015-11-21T11:24:14+08:00 ] ERR: (ThinkException) 非法操作:backup
[ 2015-11-21T11:24:15+08:00 ] ERR: (ThinkException) 非法操作:backup
[ 2015-11-21T11:24:18+08:00 ] ERR: (ThinkException) 非法操作:backup
[ 2015-11-21T11:24:20+08:00 ] ERR: (ThinkException) 非法操作:build
[ 2015-11-21T11:24:22+08:00 ] ERR: (ThinkException) 非法操作:build
[ 2015-11-21T11:24:24+08:00 ] ERR: (ThinkException) 非法操作:build.tar
[ 2015-11-21T11:24:25+08:00 ] ERR: (ThinkException) 非法操作:build
[ 2015-11-21T11:24:27+08:00 ] ERR: (ThinkException) 非法操作:build
[ 2015-11-21T11:24:30+08:00 ] ERR: (ThinkException) 非法操作:build
[ 2015-11-21T11:24:32+08:00 ] ERR: (ThinkException) 非法操作:html
[ 2015-11-21T11:24:34+08:00 ] ERR: (ThinkException) 非法操作:html
[ 2015-11-21T11:24:35+08:00 ] ERR: (ThinkException) 非法操作:html.tar
[ 2015-11-21T11:24:37+08:00 ] ERR: (ThinkException) 非法操作:html
[ 2015-11-21T11:24:39+08:00 ] ERR: (ThinkException) 非法操作:html
[ 2015-11-21T11:24:42+08:00 ] ERR: (ThinkException) 非法操作:html
[ 2015-11-21T11:24:43+08:00 ] ERR: (ThinkException) 非法操作:home
[ 2015-11-21T11:24:44+08:00 ] ERR: (ThinkException) 非法操作:home
[ 2015-11-21T11:24:46+08:00 ] ERR: (ThinkException) 非法操作:home.tar
[ 2015-11-21T11:24:49+08:00 ] ERR: (ThinkException) 非法操作:home
[ 2015-11-21T11:24:51+08:00 ] ERR: (ThinkException) 非法操作:home
[ 2015-11-21T11:24:53+08:00 ] ERR: (ThinkException) 非法操作:home
[ 2015-11-21T11:24:54+08:00 ] ERR: (ThinkException) 非法操作:root
[ 2015-11-21T11:24:57+08:00 ] ERR: (ThinkException) 非法操作:root
[ 2015-11-21T11:24:59+08:00 ] ERR: (ThinkException) 非法操作:root.tar
[ 2015-11-21T11:25:00+08:00 ] ERR: (ThinkException) 非法操作:root
[ 2015-11-21T11:25:02+08:00 ] ERR: (ThinkException) 非法操作:root
[ 2015-11-21T11:25:03+08:00 ] ERR: (ThinkException) 非法操作:root
[ 2015-11-21T11:25:06+08:00 ] ERR: (ThinkException) 非法操作:config
[ 2015-11-21T11:25:09+08:00 ] ERR: (ThinkException) 非法操作:config
[ 2015-11-21T11:25:11+08:00 ] ERR: (ThinkException) 非法操作:config.tar
[ 2015-11-21T11:25:12+08:00 ] ERR: (ThinkException) 非法操作:config
[ 2015-11-21T11:25:15+08:00 ] ERR: (ThinkException) 非法操作:config
[ 2015-11-21T11:25:19+08:00 ] ERR: (ThinkException) 非法操作:config
[ 2015-11-21T11:25:20+08:00 ] ERR: (ThinkException) 非法操作:tmp
[ 2015-11-21T11:25:22+08:00 ] ERR: (ThinkException) 非法操作:tmp
[ 2015-11-21T11:25:24+08:00 ] ERR: (ThinkException) 非法操作:tmp.tar
[ 2015-11-21T11:25:26+08:00 ] ERR: (ThinkException) 非法操作:tmp
[ 2015-11-21T11:25:28+08:00 ] ERR: (ThinkException) 非法操作:tmp
[ 2015-11-21T11:25:31+08:00 ] ERR: (ThinkException) 非法操作:tmp
[ 2015-11-21T11:25:33+08:00 ] ERR: (ThinkException) 非法操作:temp
[ 2015-11-21T11:25:34+08:00 ] ERR: (ThinkException) 非法操作:temp
[ 2015-11-21T11:25:36+08:00 ] ERR: (ThinkException) 非法操作:temp.tar
[ 2015-11-21T11:25:37+08:00 ] ERR: (ThinkException) 非法操作:temp
[ 2015-11-21T11:25:40+08:00 ] ERR: (ThinkException) 非法操作:temp
[ 2015-11-21T11:25:42+08:00 ] ERR: (ThinkException) 非法操作:temp
[ 2015-11-21T11:25:44+08:00 ] ERR: (ThinkException) 非法操作:web
[ 2015-11-21T11:25:45+08:00 ] ERR: (ThinkException) 非法操作:web
[ 2015-11-21T11:25:47+08:00 ] ERR: (ThinkException) 非法操作:web.tar
[ 2015-11-21T11:25:49+08:00 ] ERR: (ThinkException) 非法操作:web
[ 2015-11-21T11:25:51+08:00 ] ERR: (ThinkException) 非法操作:web
[ 2015-11-21T11:25:52+08:00 ] ERR: (ThinkException) 非法操作:web
[ 2015-11-21T11:25:54+08:00 ] ERR: (ThinkException) 非法操作:website
[ 2015-11-21T11:25:57+08:00 ] ERR: (ThinkException) 非法操作:website
[ 2015-11-21T11:25:58+08:00 ] ERR: (ThinkException) 非法操作:website.tar
[ 2015-11-21T11:26:00+08:00 ] ERR: (ThinkException) 非法操作:website
[ 2015-11-21T11:26:01+08:00 ] ERR: (ThinkException) 非法操作:website
[ 2015-11-21T11:26:03+08:00 ] ERR: (ThinkException) 非法操作:website
[ 2015-11-21T11:26:06+08:00 ] ERR: (ThinkException) 非法操作:site
[ 2015-11-21T11:26:08+08:00 ] ERR: (ThinkException) 非法操作:site
[ 2015-11-21T11:26:10+08:00 ] ERR: (ThinkException) 非法操作:site.tar
[ 2015-11-21T11:26:13+08:00 ] ERR: (ThinkException) 非法操作:site
[ 2015-11-21T11:26:15+08:00 ] ERR: (ThinkException) 非法操作:site
[ 2015-11-21T11:26:17+08:00 ] ERR: (ThinkException) 非法操作:site
[ 2015-11-21T11:26:19+08:00 ] ERR: (ThinkException) 非法操作:htdocs
[ 2015-11-21T11:26:21+08:00 ] ERR: (ThinkException) 非法操作:htdocs
[ 2015-11-21T11:26:23+08:00 ] ERR: (ThinkException) 非法操作:htdocs.tar
[ 2015-11-21T11:26:27+08:00 ] ERR: (ThinkException) 非法操作:htdocs
[ 2015-11-21T11:26:29+08:00 ] ERR: (ThinkException) 非法操作:htdocs
[ 2015-11-21T11:26:31+08:00 ] ERR: (ThinkException) 非法操作:htdocs
[ 2015-11-21T11:26:34+08:00 ] ERR: (ThinkException) 非法操作:sql
[ 2015-11-21T11:26:36+08:00 ] ERR: (ThinkException) 非法操作:sql
[ 2015-11-21T11:26:38+08:00 ] ERR: (ThinkException) 非法操作:sql.tar
[ 2015-11-21T11:26:40+08:00 ] ERR: (ThinkException) 非法操作:sql
[ 2015-11-21T11:26:42+08:00 ] ERR: (ThinkException) 非法操作:sql
[ 2015-11-21T11:26:44+08:00 ] ERR: (ThinkException) 非法操作:sql
[ 2015-11-21T11:26:46+08:00 ] ERR: (ThinkException) 非法操作:beifen
[ 2015-11-21T11:26:48+08:00 ] ERR: (ThinkException) 非法操作:beifen
[ 2015-11-21T11:26:49+08:00 ] ERR: (ThinkException) 非法操作:beifen.tar
[ 2015-11-21T11:26:51+08:00 ] ERR: (ThinkException) 非法操作:beifen
[ 2015-11-21T11:26:53+08:00 ] ERR: (ThinkException) 非法操作:beifen
[ 2015-11-21T11:26:56+08:00 ] ERR: (ThinkException) 非法操作:beifen
[ 2015-11-21T11:26:58+08:00 ] ERR: (ThinkException) 非法操作:mls.ddl666.com
[ 2015-11-21T11:27:00+08:00 ] ERR: (ThinkException) 非法操作:mls.ddl666.com
[ 2015-11-21T11:27:02+08:00 ] ERR: (ThinkException) 非法操作:mls.ddl666.com.tar
[ 2015-11-21T11:27:03+08:00 ] ERR: (ThinkException) 非法操作:mls.ddl666.com
[ 2015-11-21T11:27:07+08:00 ] ERR: (ThinkException) 非法操作:mls.ddl666.com
[ 2015-11-21T11:27:10+08:00 ] ERR: (ThinkException) 非法操作:mls.ddl666.com
