[ 2015-10-18T03:08:55+08:00 ] ERR: (ThinkException) 非法操作:shopadmin
[ 2015-10-18T03:08:57+08:00 ] ERR: (ThinkException) 非法操作:feed-proxy
[ 2015-10-18T03:08:59+08:00 ] 121.42.0.39 /dsapi/api.php/Index/.DS_Store
INFO: [ route_check ] --START--
INFO: Run CheckRoute Behavior [ RunTime:0.001611s ]
INFO: [ route_check ] --END-- [ RunTime:0.002030s ]
NOTIC: [8192] preg_replace(): The /e modifier is deprecated, use preg_replace_callback instead D:\wamp\www\ddl666.com\dsapi\ThinkPHP\Lib\Core\Dispatcher.class.php 第 120 行.
INFO: [ app_begin ] --START--
INFO: Run ReadHtmlCache Behavior [ RunTime:0.001239s ]
INFO: [ app_begin ] --END-- [ RunTime:0.001629s ]

[ 2015-10-18T03:09:00+08:00 ] ERR: (ThinkException) 非法操作:bbx
[ 2015-10-18T03:09:01+08:00 ] ERR: (ThinkException) 非法操作:tools
[ 2015-10-18T03:09:02+08:00 ] ERR: (ThinkException) 非法操作:yanfang
[ 2015-10-18T03:09:03+08:00 ] ERR: (ThinkException) 非法操作:upload
[ 2015-10-18T03:09:04+08:00 ] ERR: (ThinkException) 非法操作:db
[ 2015-10-18T03:09:05+08:00 ] ERR: (ThinkException) 非法操作:config
[ 2015-10-18T03:09:06+08:00 ] ERR: (ThinkException) 非法操作:logs
[ 2015-10-18T03:09:07+08:00 ] ERR: (ThinkException) 非法操作:log
[ 2015-10-18T03:09:08+08:00 ] 121.42.0.39 /dsapi/api.php/Index/index.action?redirect%3A%25%7Bnew+java.lang.String%28%27http%3A%2F%2Fxxxxxxxxxxxxx%27%29%7D
INFO: [ route_check ] --START--
INFO: Run CheckRoute Behavior [ RunTime:0.001611s ]
INFO: [ route_check ] --END-- [ RunTime:0.002040s ]
NOTIC: [8192] preg_replace(): The /e modifier is deprecated, use preg_replace_callback instead D:\wamp\www\ddl666.com\dsapi\ThinkPHP\Lib\Core\Dispatcher.class.php 第 120 行.
INFO: [ app_begin ] --START--
INFO: Run ReadHtmlCache Behavior [ RunTime:0.001215s ]
INFO: [ app_begin ] --END-- [ RunTime:0.001597s ]

[ 2015-10-18T03:09:10+08:00 ] ERR: (ThinkException) 非法操作:admin
[ 2015-10-18T03:09:11+08:00 ] ERR: (ThinkException) 非法操作:uploads
[ 2015-10-18T03:09:12+08:00 ] ERR: (ThinkException) 非法操作:backup
[ 2015-10-18T03:09:13+08:00 ] 121.42.0.39 /dsapi/api.php/Index//
INFO: [ route_check ] --START--
INFO: Run CheckRoute Behavior [ RunTime:0.001339s ]
INFO: [ route_check ] --END-- [ RunTime:0.001728s ]
NOTIC: [8192] preg_replace(): The /e modifier is deprecated, use preg_replace_callback instead D:\wamp\www\ddl666.com\dsapi\ThinkPHP\Lib\Core\Dispatcher.class.php 第 120 行.
INFO: [ app_begin ] --START--
INFO: Run ReadHtmlCache Behavior [ RunTime:0.001371s ]
INFO: [ app_begin ] --END-- [ RunTime:0.001730s ]

[ 2015-10-18T03:09:14+08:00 ] ERR: (ThinkException) 非法操作:htdocs
[ 2015-10-18T03:09:15+08:00 ] ERR: (ThinkException) 非法操作:upfile
[ 2015-10-18T03:09:16+08:00 ] ERR: (ThinkException) 非法操作:upfiles
[ 2015-10-18T03:09:17+08:00 ] ERR: (ThinkException) 非法操作:uploadfile
[ 2015-10-18T03:09:18+08:00 ] ERR: (ThinkException) 非法操作:uploadfiles
[ 2015-10-18T03:09:19+08:00 ] ERR: (ThinkException) 非法操作:web
[ 2015-10-18T03:09:20+08:00 ] ERR: (ThinkException) 非法操作:data
[ 2015-10-18T03:09:25+08:00 ] ERR: (ThinkException) 非法操作:phpinfo
[ 2015-10-18T03:09:26+08:00 ] ERR: (ThinkException) 非法操作:info
[ 2015-10-18T03:09:28+08:00 ] 121.42.0.39 /dsapi/api.php/Index/index.php
INFO: [ route_check ] --START--
INFO: Run CheckRoute Behavior [ RunTime:0.001348s ]
INFO: [ route_check ] --END-- [ RunTime:0.001780s ]
NOTIC: [8192] preg_replace(): The /e modifier is deprecated, use preg_replace_callback instead D:\wamp\www\ddl666.com\dsapi\ThinkPHP\Lib\Core\Dispatcher.class.php 第 120 行.
INFO: [ app_begin ] --START--
INFO: Run ReadHtmlCache Behavior [ RunTime:0.001361s ]
INFO: [ app_begin ] --END-- [ RunTime:0.001927s ]

[ 2015-10-18T03:09:29+08:00 ] ERR: (ThinkException) 非法操作:php
[ 2015-10-18T03:09:30+08:00 ] ERR: (ThinkException) 非法操作:test
[ 2015-10-18T03:09:31+08:00 ] ERR: (ThinkException) 非法操作:a
[ 2015-10-18T03:09:32+08:00 ] ERR: (ThinkException) 非法操作:1
[ 2015-10-18T03:09:33+08:00 ] ERR: (ThinkException) 非法操作:u
[ 2015-10-18T03:09:34+08:00 ] ERR: (ThinkException) 非法操作:l
[ 2015-10-18T03:09:35+08:00 ] ERR: (ThinkException) 非法操作:tz
[ 2015-10-18T03:09:36+08:00 ] ERR: (ThinkException) 非法操作:adminer
[ 2015-10-18T03:09:37+08:00 ] ERR: (ThinkException) 非法操作:bigdump
[ 2015-10-18T03:09:38+08:00 ] ERR: (ThinkException) 非法操作:${@print(md5(this_is_a_test_string))}
[ 2015-10-18T03:27:57+08:00 ] ERR: (ThinkException) 非法操作:shopadmin
[ 2015-10-18T03:28:01+08:00 ] ERR: (ThinkException) 非法操作:feed-proxy
[ 2015-10-18T03:28:05+08:00 ] 121.42.0.39 /dsapi/api.php/Index/.DS_Store
INFO: [ route_check ] --START--
INFO: Run CheckRoute Behavior [ RunTime:0.001232s ]
INFO: [ route_check ] --END-- [ RunTime:0.001628s ]
NOTIC: [8192] preg_replace(): The /e modifier is deprecated, use preg_replace_callback instead D:\wamp\www\ddl666.com\dsapi\ThinkPHP\Lib\Core\Dispatcher.class.php 第 120 行.
INFO: [ app_begin ] --START--
INFO: Run ReadHtmlCache Behavior [ RunTime:0.001182s ]
INFO: [ app_begin ] --END-- [ RunTime:0.001606s ]

[ 2015-10-18T03:28:07+08:00 ] ERR: (ThinkException) 非法操作:bbx
[ 2015-10-18T03:28:09+08:00 ] ERR: (ThinkException) 非法操作:tools
[ 2015-10-18T03:28:11+08:00 ] ERR: (ThinkException) 非法操作:yanfang
[ 2015-10-18T03:28:13+08:00 ] ERR: (ThinkException) 非法操作:upload
[ 2015-10-18T03:28:15+08:00 ] ERR: (ThinkException) 非法操作:db
[ 2015-10-18T03:28:17+08:00 ] ERR: (ThinkException) 非法操作:config
[ 2015-10-18T03:28:19+08:00 ] ERR: (ThinkException) 非法操作:logs
[ 2015-10-18T03:28:21+08:00 ] ERR: (ThinkException) 非法操作:log
[ 2015-10-18T03:28:23+08:00 ] 121.42.0.39 /dsapi/api.php/Index/index.action?redirect%3A%25%7Bnew+java.lang.String%28%27http%3A%2F%2Fxxxxxxxxxxxxx%27%29%7D
INFO: [ route_check ] --START--
INFO: Run CheckRoute Behavior [ RunTime:0.001178s ]
INFO: [ route_check ] --END-- [ RunTime:0.001575s ]
NOTIC: [8192] preg_replace(): The /e modifier is deprecated, use preg_replace_callback instead D:\wamp\www\ddl666.com\dsapi\ThinkPHP\Lib\Core\Dispatcher.class.php 第 120 行.
INFO: [ app_begin ] --START--
INFO: Run ReadHtmlCache Behavior [ RunTime:0.001050s ]
INFO: [ app_begin ] --END-- [ RunTime:0.001405s ]

[ 2015-10-18T03:28:27+08:00 ] ERR: (ThinkException) 非法操作:admin
[ 2015-10-18T03:28:29+08:00 ] ERR: (ThinkException) 非法操作:uploads
[ 2015-10-18T03:28:31+08:00 ] ERR: (ThinkException) 非法操作:backup
[ 2015-10-18T03:28:33+08:00 ] 121.42.0.39 /dsapi/api.php/Index//
INFO: [ route_check ] --START--
INFO: Run CheckRoute Behavior [ RunTime:0.001174s ]
INFO: [ route_check ] --END-- [ RunTime:0.001553s ]
NOTIC: [8192] preg_replace(): The /e modifier is deprecated, use preg_replace_callback instead D:\wamp\www\ddl666.com\dsapi\ThinkPHP\Lib\Core\Dispatcher.class.php 第 120 行.
INFO: [ app_begin ] --START--
INFO: Run ReadHtmlCache Behavior [ RunTime:0.001101s ]
INFO: [ app_begin ] --END-- [ RunTime:0.001456s ]

[ 2015-10-18T03:28:35+08:00 ] ERR: (ThinkException) 非法操作:htdocs
[ 2015-10-18T03:28:37+08:00 ] ERR: (ThinkException) 非法操作:upfile
[ 2015-10-18T03:28:39+08:00 ] ERR: (ThinkException) 非法操作:upfiles
[ 2015-10-18T03:28:41+08:00 ] ERR: (ThinkException) 非法操作:uploadfile
[ 2015-10-18T03:28:45+08:00 ] ERR: (ThinkException) 非法操作:uploadfiles
[ 2015-10-18T03:28:47+08:00 ] ERR: (ThinkException) 非法操作:web
[ 2015-10-18T03:28:49+08:00 ] ERR: (ThinkException) 非法操作:data
[ 2015-10-18T03:28:59+08:00 ] ERR: (ThinkException) 非法操作:phpinfo
[ 2015-10-18T03:29:01+08:00 ] ERR: (ThinkException) 非法操作:info
[ 2015-10-18T03:29:05+08:00 ] 121.42.0.39 /dsapi/api.php/Index/index.php
INFO: [ route_check ] --START--
INFO: Run CheckRoute Behavior [ RunTime:0.001327s ]
INFO: [ route_check ] --END-- [ RunTime:0.001744s ]
NOTIC: [8192] preg_replace(): The /e modifier is deprecated, use preg_replace_callback instead D:\wamp\www\ddl666.com\dsapi\ThinkPHP\Lib\Core\Dispatcher.class.php 第 120 行.
INFO: [ app_begin ] --START--
INFO: Run ReadHtmlCache Behavior [ RunTime:0.001208s ]
INFO: [ app_begin ] --END-- [ RunTime:0.001629s ]

[ 2015-10-18T03:29:07+08:00 ] ERR: (ThinkException) 非法操作:php
[ 2015-10-18T03:29:09+08:00 ] ERR: (ThinkException) 非法操作:test
[ 2015-10-18T03:29:11+08:00 ] ERR: (ThinkException) 非法操作:a
[ 2015-10-18T03:29:13+08:00 ] ERR: (ThinkException) 非法操作:1
[ 2015-10-18T03:29:15+08:00 ] ERR: (ThinkException) 非法操作:u
[ 2015-10-18T03:29:17+08:00 ] ERR: (ThinkException) 非法操作:l
[ 2015-10-18T03:29:19+08:00 ] ERR: (ThinkException) 非法操作:tz
[ 2015-10-18T03:29:21+08:00 ] ERR: (ThinkException) 非法操作:adminer
[ 2015-10-18T03:29:23+08:00 ] ERR: (ThinkException) 非法操作:bigdump
[ 2015-10-18T03:29:25+08:00 ] ERR: (ThinkException) 非法操作:${@print(md5(this_is_a_test_string))}
[ 2015-10-18T04:06:47+08:00 ] ERR: (ThinkException) 非法操作:shopadmin
[ 2015-10-18T04:06:51+08:00 ] ERR: (ThinkException) 非法操作:feed-proxy
[ 2015-10-18T04:06:55+08:00 ] ERR: (ThinkException) 模板不存在[./App/Tpl/Wxhd/check1.html]
[ 2015-10-18T04:06:57+08:00 ] ERR: (ThinkException) 非法操作:bbx
[ 2015-10-18T04:06:59+08:00 ] ERR: (ThinkException) 非法操作:tools
[ 2015-10-18T04:07:01+08:00 ] ERR: (ThinkException) 非法操作:yanfang
[ 2015-10-18T04:07:03+08:00 ] ERR: (ThinkException) 非法操作:upload
[ 2015-10-18T04:07:05+08:00 ] ERR: (ThinkException) 非法操作:db
[ 2015-10-18T04:07:07+08:00 ] ERR: (ThinkException) 非法操作:config
[ 2015-10-18T04:07:09+08:00 ] ERR: (ThinkException) 非法操作:logs
[ 2015-10-18T04:07:11+08:00 ] ERR: (ThinkException) 非法操作:log
[ 2015-10-18T04:07:13+08:00 ] ERR: (ThinkException) 模板不存在[./App/Tpl/Wxhd/check1.html]
[ 2015-10-18T04:07:15+08:00 ] ERR: (ThinkException) 非法操作:login
[ 2015-10-18T04:07:17+08:00 ] ERR: (ThinkException) 非法操作:admin
[ 2015-10-18T04:07:19+08:00 ] ERR: (ThinkException) 非法操作:uploads
[ 2015-10-18T04:07:21+08:00 ] ERR: (ThinkException) 非法操作:backup
[ 2015-10-18T04:07:23+08:00 ] ERR: (ThinkException) 模板不存在[./App/Tpl/Wxhd/check1.html]
[ 2015-10-18T04:07:25+08:00 ] ERR: (ThinkException) 非法操作:htdocs
[ 2015-10-18T04:07:27+08:00 ] ERR: (ThinkException) 非法操作:upfile
[ 2015-10-18T04:07:29+08:00 ] ERR: (ThinkException) 非法操作:upfiles
[ 2015-10-18T04:07:31+08:00 ] ERR: (ThinkException) 非法操作:uploadfile
[ 2015-10-18T04:07:33+08:00 ] ERR: (ThinkException) 非法操作:uploadfiles
[ 2015-10-18T04:08:11+08:00 ] ERR: (ThinkException) 非法操作:web
[ 2015-10-18T04:08:13+08:00 ] ERR: (ThinkException) 非法操作:data
[ 2015-10-18T04:08:23+08:00 ] ERR: (ThinkException) 非法操作:phpinfo
[ 2015-10-18T04:08:25+08:00 ] ERR: (ThinkException) 非法操作:info
[ 2015-10-18T04:08:29+08:00 ] ERR: (ThinkException) 模板不存在[./App/Tpl/Wxhd/check1.html]
[ 2015-10-18T04:08:31+08:00 ] ERR: (ThinkException) 非法操作:php
[ 2015-10-18T04:08:33+08:00 ] ERR: (ThinkException) 非法操作:test
[ 2015-10-18T04:08:35+08:00 ] ERR: (ThinkException) 非法操作:a
[ 2015-10-18T04:08:37+08:00 ] ERR: (ThinkException) 非法操作:1
[ 2015-10-18T04:08:39+08:00 ] ERR: (ThinkException) 非法操作:u
[ 2015-10-18T04:08:41+08:00 ] ERR: (ThinkException) 非法操作:l
[ 2015-10-18T04:08:43+08:00 ] ERR: (ThinkException) 非法操作:tz
[ 2015-10-18T04:08:45+08:00 ] ERR: (ThinkException) 非法操作:adminer
[ 2015-10-18T04:08:47+08:00 ] ERR: (ThinkException) 非法操作:bigdump
[ 2015-10-18T04:08:49+08:00 ] ERR: (ThinkException) 非法操作:${@print(md5(this_is_a_test_string))}
[ 2015-10-18T04:59:12+08:00 ] ERR: (ThinkException) 非法操作:shopadmin
[ 2015-10-18T05:00:26+08:00 ] ERR: (ThinkException) 非法操作:feed-proxy
[ 2015-10-18T05:00:28+08:00 ] 121.42.0.39 /dsapi/api.php/Index/.DS_Store
INFO: [ route_check ] --START--
INFO: Run CheckRoute Behavior [ RunTime:0.001093s ]
INFO: [ route_check ] --END-- [ RunTime:0.001477s ]
NOTIC: [8192] preg_replace(): The /e modifier is deprecated, use preg_replace_callback instead D:\wamp\www\ddl666.com\dsapi\ThinkPHP\Lib\Core\Dispatcher.class.php 第 120 行.
INFO: [ app_begin ] --START--
INFO: Run ReadHtmlCache Behavior [ RunTime:0.000988s ]
INFO: [ app_begin ] --END-- [ RunTime:0.001338s ]

[ 2015-10-18T05:00:29+08:00 ] ERR: (ThinkException) 非法操作:bbx
[ 2015-10-18T05:00:30+08:00 ] ERR: (ThinkException) 非法操作:tools
[ 2015-10-18T05:00:31+08:00 ] ERR: (ThinkException) 非法操作:yanfang
[ 2015-10-18T05:00:32+08:00 ] ERR: (ThinkException) 非法操作:upload
[ 2015-10-18T05:00:35+08:00 ] ERR: (ThinkException) 非法操作:db
[ 2015-10-18T05:00:36+08:00 ] ERR: (ThinkException) 非法操作:config
[ 2015-10-18T05:00:37+08:00 ] ERR: (ThinkException) 非法操作:logs
[ 2015-10-18T05:00:38+08:00 ] ERR: (ThinkException) 非法操作:log
[ 2015-10-18T05:00:40+08:00 ] 121.42.0.39 /dsapi/api.php/Index/index.action?redirect%3A%25%7Bnew+java.lang.String%28%27http%3A%2F%2Fxxxxxxxxxxxxx%27%29%7D
INFO: [ route_check ] --START--
INFO: Run CheckRoute Behavior [ RunTime:0.001089s ]
INFO: [ route_check ] --END-- [ RunTime:0.001490s ]
NOTIC: [8192] preg_replace(): The /e modifier is deprecated, use preg_replace_callback instead D:\wamp\www\ddl666.com\dsapi\ThinkPHP\Lib\Core\Dispatcher.class.php 第 120 行.
INFO: [ app_begin ] --START--
INFO: Run ReadHtmlCache Behavior [ RunTime:0.001432s ]
INFO: [ app_begin ] --END-- [ RunTime:0.001802s ]

[ 2015-10-18T05:00:42+08:00 ] ERR: (ThinkException) 非法操作:admin
[ 2015-10-18T05:00:43+08:00 ] ERR: (ThinkException) 非法操作:uploads
[ 2015-10-18T05:00:44+08:00 ] ERR: (ThinkException) 非法操作:backup
[ 2015-10-18T05:00:45+08:00 ] 121.42.0.39 /dsapi/api.php/Index//
INFO: [ route_check ] --START--
INFO: Run CheckRoute Behavior [ RunTime:0.001036s ]
INFO: [ route_check ] --END-- [ RunTime:0.001411s ]
NOTIC: [8192] preg_replace(): The /e modifier is deprecated, use preg_replace_callback instead D:\wamp\www\ddl666.com\dsapi\ThinkPHP\Lib\Core\Dispatcher.class.php 第 120 行.
INFO: [ app_begin ] --START--
INFO: Run ReadHtmlCache Behavior [ RunTime:0.001037s ]
INFO: [ app_begin ] --END-- [ RunTime:0.001423s ]

[ 2015-10-18T05:00:48+08:00 ] ERR: (ThinkException) 非法操作:htdocs
[ 2015-10-18T05:00:50+08:00 ] ERR: (ThinkException) 非法操作:upfile
[ 2015-10-18T05:00:51+08:00 ] ERR: (ThinkException) 非法操作:upfiles
[ 2015-10-18T05:00:52+08:00 ] ERR: (ThinkException) 非法操作:uploadfile
[ 2015-10-18T05:00:55+08:00 ] ERR: (ThinkException) 非法操作:uploadfiles
[ 2015-10-18T05:00:56+08:00 ] ERR: (ThinkException) 非法操作:web
[ 2015-10-18T05:00:57+08:00 ] ERR: (ThinkException) 非法操作:data
[ 2015-10-18T05:01:04+08:00 ] ERR: (ThinkException) 非法操作:phpinfo
[ 2015-10-18T05:01:05+08:00 ] ERR: (ThinkException) 非法操作:info
[ 2015-10-18T05:01:07+08:00 ] 121.42.0.39 /dsapi/api.php/Index/index.php
INFO: [ route_check ] --START--
INFO: Run CheckRoute Behavior [ RunTime:0.001317s ]
INFO: [ route_check ] --END-- [ RunTime:0.001751s ]
NOTIC: [8192] preg_replace(): The /e modifier is deprecated, use preg_replace_callback instead D:\wamp\www\ddl666.com\dsapi\ThinkPHP\Lib\Core\Dispatcher.class.php 第 120 行.
INFO: [ app_begin ] --START--
INFO: Run ReadHtmlCache Behavior [ RunTime:0.001575s ]
INFO: [ app_begin ] --END-- [ RunTime:0.002106s ]

[ 2015-10-18T05:01:08+08:00 ] ERR: (ThinkException) 非法操作:php
[ 2015-10-18T05:01:09+08:00 ] ERR: (ThinkException) 非法操作:test
[ 2015-10-18T05:01:10+08:00 ] ERR: (ThinkException) 非法操作:a
[ 2015-10-18T05:01:11+08:00 ] ERR: (ThinkException) 非法操作:1
[ 2015-10-18T05:01:14+08:00 ] ERR: (ThinkException) 非法操作:u
[ 2015-10-18T05:01:16+08:00 ] ERR: (ThinkException) 非法操作:l
[ 2015-10-18T05:01:17+08:00 ] ERR: (ThinkException) 非法操作:tz
[ 2015-10-18T05:01:18+08:00 ] ERR: (ThinkException) 非法操作:adminer
[ 2015-10-18T05:01:21+08:00 ] ERR: (ThinkException) 非法操作:bigdump
[ 2015-10-18T05:01:22+08:00 ] ERR: (ThinkException) 非法操作:${@print(md5(this_is_a_test_string))}
[ 2015-10-18T06:04:36+08:00 ] ERR: (ThinkException) 非法操作:shopadmin
[ 2015-10-18T06:04:38+08:00 ] ERR: (ThinkException) 非法操作:feed-proxy
[ 2015-10-18T06:04:41+08:00 ] 121.42.0.39 /dsapi/api.php/Index/.DS_Store
INFO: [ route_check ] --START--
INFO: Run CheckRoute Behavior [ RunTime:0.001316s ]
INFO: [ route_check ] --END-- [ RunTime:0.001735s ]
NOTIC: [8192] preg_replace(): The /e modifier is deprecated, use preg_replace_callback instead D:\wamp\www\ddl666.com\dsapi\ThinkPHP\Lib\Core\Dispatcher.class.php 第 120 行.
INFO: [ app_begin ] --START--
INFO: Run ReadHtmlCache Behavior [ RunTime:0.001193s ]
INFO: [ app_begin ] --END-- [ RunTime:0.001556s ]

[ 2015-10-18T06:04:42+08:00 ] ERR: (ThinkException) 非法操作:bbx
[ 2015-10-18T06:04:43+08:00 ] ERR: (ThinkException) 非法操作:tools
[ 2015-10-18T06:04:45+08:00 ] ERR: (ThinkException) 非法操作:yanfang
[ 2015-10-18T06:04:47+08:00 ] ERR: (ThinkException) 非法操作:upload
[ 2015-10-18T06:04:49+08:00 ] ERR: (ThinkException) 非法操作:db
[ 2015-10-18T06:04:51+08:00 ] ERR: (ThinkException) 非法操作:config
[ 2015-10-18T06:04:54+08:00 ] ERR: (ThinkException) 非法操作:logs
[ 2015-10-18T06:04:56+08:00 ] ERR: (ThinkException) 非法操作:log
[ 2015-10-18T06:05:00+08:00 ] 121.42.0.39 /dsapi/api.php/Index/index.action?redirect%3A%25%7Bnew+java.lang.String%28%27http%3A%2F%2Fxxxxxxxxxxxxx%27%29%7D
INFO: [ route_check ] --START--
INFO: Run CheckRoute Behavior [ RunTime:0.001393s ]
INFO: [ route_check ] --END-- [ RunTime:0.001802s ]
NOTIC: [8192] preg_replace(): The /e modifier is deprecated, use preg_replace_callback instead D:\wamp\www\ddl666.com\dsapi\ThinkPHP\Lib\Core\Dispatcher.class.php 第 120 行.
INFO: [ app_begin ] --START--
INFO: Run ReadHtmlCache Behavior [ RunTime:0.001189s ]
INFO: [ app_begin ] --END-- [ RunTime:0.001553s ]

[ 2015-10-18T06:05:04+08:00 ] ERR: (ThinkException) 非法操作:admin
[ 2015-10-18T06:05:06+08:00 ] ERR: (ThinkException) 非法操作:uploads
[ 2015-10-18T06:05:08+08:00 ] ERR: (ThinkException) 非法操作:backup
[ 2015-10-18T06:05:10+08:00 ] 121.42.0.39 /dsapi/api.php/Index//
INFO: [ route_check ] --START--
INFO: Run CheckRoute Behavior [ RunTime:0.001347s ]
INFO: [ route_check ] --END-- [ RunTime:0.001793s ]
NOTIC: [8192] preg_replace(): The /e modifier is deprecated, use preg_replace_callback instead D:\wamp\www\ddl666.com\dsapi\ThinkPHP\Lib\Core\Dispatcher.class.php 第 120 行.
INFO: [ app_begin ] --START--
INFO: Run ReadHtmlCache Behavior [ RunTime:0.001245s ]
INFO: [ app_begin ] --END-- [ RunTime:0.001677s ]

[ 2015-10-18T06:05:12+08:00 ] ERR: (ThinkException) 非法操作:htdocs
[ 2015-10-18T06:05:14+08:00 ] ERR: (ThinkException) 非法操作:upfile
[ 2015-10-18T06:05:18+08:00 ] ERR: (ThinkException) 非法操作:upfiles
[ 2015-10-18T06:05:22+08:00 ] ERR: (ThinkException) 非法操作:uploadfile
[ 2015-10-18T06:05:24+08:00 ] ERR: (ThinkException) 非法操作:uploadfiles
[ 2015-10-18T06:05:26+08:00 ] ERR: (ThinkException) 非法操作:web
[ 2015-10-18T06:05:30+08:00 ] ERR: (ThinkException) 非法操作:data
[ 2015-10-18T06:05:40+08:00 ] ERR: (ThinkException) 非法操作:phpinfo
[ 2015-10-18T06:05:42+08:00 ] ERR: (ThinkException) 非法操作:info
[ 2015-10-18T06:05:46+08:00 ] 121.42.0.39 /dsapi/api.php/Index/index.php
INFO: [ route_check ] --START--
INFO: Run CheckRoute Behavior [ RunTime:0.001470s ]
INFO: [ route_check ] --END-- [ RunTime:0.001879s ]
NOTIC: [8192] preg_replace(): The /e modifier is deprecated, use preg_replace_callback instead D:\wamp\www\ddl666.com\dsapi\ThinkPHP\Lib\Core\Dispatcher.class.php 第 120 行.
INFO: [ app_begin ] --START--
INFO: Run ReadHtmlCache Behavior [ RunTime:0.001287s ]
INFO: [ app_begin ] --END-- [ RunTime:0.001651s ]

[ 2015-10-18T06:05:48+08:00 ] ERR: (ThinkException) 非法操作:php
[ 2015-10-18T06:05:50+08:00 ] ERR: (ThinkException) 非法操作:test
[ 2015-10-18T06:05:52+08:00 ] ERR: (ThinkException) 非法操作:a
[ 2015-10-18T06:05:54+08:00 ] ERR: (ThinkException) 非法操作:1
[ 2015-10-18T06:05:56+08:00 ] ERR: (ThinkException) 非法操作:u
[ 2015-10-18T06:05:59+08:00 ] ERR: (ThinkException) 非法操作:l
[ 2015-10-18T06:06:00+08:00 ] ERR: (ThinkException) 非法操作:tz
[ 2015-10-18T06:06:02+08:00 ] ERR: (ThinkException) 非法操作:adminer
[ 2015-10-18T06:06:04+08:00 ] ERR: (ThinkException) 非法操作:bigdump
[ 2015-10-18T06:06:06+08:00 ] ERR: (ThinkException) 非法操作:${@print(md5(this_is_a_test_string))}
[ 2015-10-18T06:17:12+08:00 ] ERR: (ThinkException) 非法操作:shopadmin
[ 2015-10-18T06:17:16+08:00 ] ERR: (ThinkException) 非法操作:feed-proxy
[ 2015-10-18T06:17:20+08:00 ] 121.42.0.39 /dsapi/api.php/Index/.DS_Store
INFO: [ route_check ] --START--
INFO: Run CheckRoute Behavior [ RunTime:0.001432s ]
INFO: [ route_check ] --END-- [ RunTime:0.001820s ]
NOTIC: [8192] preg_replace(): The /e modifier is deprecated, use preg_replace_callback instead D:\wamp\www\ddl666.com\dsapi\ThinkPHP\Lib\Core\Dispatcher.class.php 第 120 行.
INFO: [ app_begin ] --START--
INFO: Run ReadHtmlCache Behavior [ RunTime:0.001320s ]
INFO: [ app_begin ] --END-- [ RunTime:0.001702s ]

[ 2015-10-18T06:17:22+08:00 ] ERR: (ThinkException) 非法操作:bbx
[ 2015-10-18T06:17:24+08:00 ] ERR: (ThinkException) 非法操作:tools
[ 2015-10-18T06:17:26+08:00 ] ERR: (ThinkException) 非法操作:yanfang
[ 2015-10-18T06:17:28+08:00 ] ERR: (ThinkException) 非法操作:upload
[ 2015-10-18T06:17:30+08:00 ] ERR: (ThinkException) 非法操作:db
[ 2015-10-18T06:17:32+08:00 ] ERR: (ThinkException) 非法操作:config
[ 2015-10-18T06:17:34+08:00 ] ERR: (ThinkException) 非法操作:logs
[ 2015-10-18T06:17:36+08:00 ] ERR: (ThinkException) 非法操作:log
[ 2015-10-18T06:17:38+08:00 ] 121.42.0.39 /dsapi/api.php/Index/index.action?redirect%3A%25%7Bnew+java.lang.String%28%27http%3A%2F%2Fxxxxxxxxxxxxx%27%29%7D
INFO: [ route_check ] --START--
INFO: Run CheckRoute Behavior [ RunTime:0.001338s ]
INFO: [ route_check ] --END-- [ RunTime:0.001713s ]
NOTIC: [8192] preg_replace(): The /e modifier is deprecated, use preg_replace_callback instead D:\wamp\www\ddl666.com\dsapi\ThinkPHP\Lib\Core\Dispatcher.class.php 第 120 行.
INFO: [ app_begin ] --START--
INFO: Run ReadHtmlCache Behavior [ RunTime:0.001345s ]
INFO: [ app_begin ] --END-- [ RunTime:0.001760s ]

[ 2015-10-18T06:17:42+08:00 ] ERR: (ThinkException) 非法操作:admin
[ 2015-10-18T06:17:44+08:00 ] ERR: (ThinkException) 非法操作:uploads
[ 2015-10-18T06:17:46+08:00 ] ERR: (ThinkException) 非法操作:backup
[ 2015-10-18T06:17:48+08:00 ] 121.42.0.39 /dsapi/api.php/Index//
INFO: [ route_check ] --START--
INFO: Run CheckRoute Behavior [ RunTime:0.001344s ]
INFO: [ route_check ] --END-- [ RunTime:0.001782s ]
NOTIC: [8192] preg_replace(): The /e modifier is deprecated, use preg_replace_callback instead D:\wamp\www\ddl666.com\dsapi\ThinkPHP\Lib\Core\Dispatcher.class.php 第 120 行.
INFO: [ app_begin ] --START--
INFO: Run ReadHtmlCache Behavior [ RunTime:0.001303s ]
INFO: [ app_begin ] --END-- [ RunTime:0.001666s ]

[ 2015-10-18T06:17:50+08:00 ] ERR: (ThinkException) 非法操作:htdocs
[ 2015-10-18T06:17:52+08:00 ] ERR: (ThinkException) 非法操作:upfile
[ 2015-10-18T06:17:54+08:00 ] ERR: (ThinkException) 非法操作:upfiles
[ 2015-10-18T06:17:56+08:00 ] ERR: (ThinkException) 非法操作:uploadfile
[ 2015-10-18T06:17:58+08:00 ] ERR: (ThinkException) 非法操作:uploadfiles
[ 2015-10-18T06:18:00+08:00 ] ERR: (ThinkException) 非法操作:web
[ 2015-10-18T06:18:02+08:00 ] ERR: (ThinkException) 非法操作:data
[ 2015-10-18T06:18:12+08:00 ] ERR: (ThinkException) 非法操作:phpinfo
[ 2015-10-18T06:18:14+08:00 ] ERR: (ThinkException) 非法操作:info
[ 2015-10-18T06:18:18+08:00 ] 121.42.0.39 /dsapi/api.php/Index/index.php
INFO: [ route_check ] --START--
INFO: Run CheckRoute Behavior [ RunTime:0.001418s ]
INFO: [ route_check ] --END-- [ RunTime:0.001830s ]
NOTIC: [8192] preg_replace(): The /e modifier is deprecated, use preg_replace_callback instead D:\wamp\www\ddl666.com\dsapi\ThinkPHP\Lib\Core\Dispatcher.class.php 第 120 行.
INFO: [ app_begin ] --START--
INFO: Run ReadHtmlCache Behavior [ RunTime:0.001276s ]
INFO: [ app_begin ] --END-- [ RunTime:0.001721s ]

[ 2015-10-18T06:18:20+08:00 ] ERR: (ThinkException) 非法操作:php
[ 2015-10-18T06:18:22+08:00 ] ERR: (ThinkException) 非法操作:test
[ 2015-10-18T06:18:24+08:00 ] ERR: (ThinkException) 非法操作:a
[ 2015-10-18T06:18:26+08:00 ] ERR: (ThinkException) 非法操作:1
[ 2015-10-18T06:18:28+08:00 ] ERR: (ThinkException) 非法操作:u
[ 2015-10-18T06:18:32+08:00 ] ERR: (ThinkException) 非法操作:l
[ 2015-10-18T06:18:34+08:00 ] ERR: (ThinkException) 非法操作:tz
[ 2015-10-18T06:18:36+08:00 ] ERR: (ThinkException) 非法操作:adminer
[ 2015-10-18T06:18:38+08:00 ] ERR: (ThinkException) 非法操作:bigdump
[ 2015-10-18T06:18:40+08:00 ] ERR: (ThinkException) 非法操作:${@print(md5(this_is_a_test_string))}
