[ 2015-10-11T00:56:59+08:00 ] ERR: (ThinkException) 非法操作:shopadmin
[ 2015-10-11T00:57:07+08:00 ] ERR: (ThinkException) 非法操作:feed-proxy
[ 2015-10-11T00:57:24+08:00 ] 121.42.0.31 /dsapi/api.php/Index/.DS_Store
INFO: [ route_check ] --START--
INFO: Run CheckRoute Behavior [ RunTime:0.001613s ]
INFO: [ route_check ] --END-- [ RunTime:0.002010s ]
NOTIC: [8192] preg_replace(): The /e modifier is deprecated, use preg_replace_callback instead D:\wamp\www\ddl666.com\dsapi\ThinkPHP\Lib\Core\Dispatcher.class.php 第 120 行.
INFO: [ app_begin ] --START--
INFO: Run ReadHtmlCache Behavior [ RunTime:0.001493s ]
INFO: [ app_begin ] --END-- [ RunTime:0.001871s ]

[ 2015-10-11T00:58:18+08:00 ] ERR: (ThinkException) 非法操作:bbx
[ 2015-10-11T00:59:46+08:00 ] ERR: (ThinkException) 非法操作:tools
[ 2015-10-11T01:00:38+08:00 ] ERR: (ThinkException) 非法操作:yanfang
[ 2015-10-11T01:00:46+08:00 ] ERR: (ThinkException) 非法操作:db
[ 2015-10-11T01:01:05+08:00 ] ERR: (ThinkException) 非法操作:config
[ 2015-10-11T01:01:08+08:00 ] ERR: (ThinkException) 非法操作:logs
[ 2015-10-11T01:01:15+08:00 ] ERR: (ThinkException) 非法操作:log
[ 2015-10-11T01:01:28+08:00 ] 121.42.0.31 /dsapi/api.php/Index/index.action?redirect%3A%25%7Bnew+java.lang.String%28%27http%3A%2F%2Fxxxxxxxxxxxxx%27%29%7D
INFO: [ route_check ] --START--
INFO: Run CheckRoute Behavior [ RunTime:0.001365s ]
INFO: [ route_check ] --END-- [ RunTime:0.002025s ]
NOTIC: [8192] preg_replace(): The /e modifier is deprecated, use preg_replace_callback instead D:\wamp\www\ddl666.com\dsapi\ThinkPHP\Lib\Core\Dispatcher.class.php 第 120 行.
INFO: [ app_begin ] --START--
INFO: Run ReadHtmlCache Behavior [ RunTime:0.001082s ]
INFO: [ app_begin ] --END-- [ RunTime:0.001476s ]

[ 2015-10-11T01:01:48+08:00 ] ERR: (ThinkException) 非法操作:admin
[ 2015-10-11T01:01:51+08:00 ] ERR: (ThinkException) 非法操作:uploads
[ 2015-10-11T01:01:52+08:00 ] ERR: (ThinkException) 非法操作:backup
[ 2015-10-11T01:01:55+08:00 ] 121.42.0.31 /dsapi/api.php/Index//
INFO: [ route_check ] --START--
INFO: Run CheckRoute Behavior [ RunTime:0.001121s ]
INFO: [ route_check ] --END-- [ RunTime:0.001519s ]
NOTIC: [8192] preg_replace(): The /e modifier is deprecated, use preg_replace_callback instead D:\wamp\www\ddl666.com\dsapi\ThinkPHP\Lib\Core\Dispatcher.class.php 第 120 行.
INFO: [ app_begin ] --START--
INFO: Run ReadHtmlCache Behavior [ RunTime:0.002044s ]
INFO: [ app_begin ] --END-- [ RunTime:0.002952s ]

[ 2015-10-11T01:01:59+08:00 ] ERR: (ThinkException) 非法操作:htdocs
[ 2015-10-11T01:02:02+08:00 ] ERR: (ThinkException) 非法操作:upfile
[ 2015-10-11T01:02:20+08:00 ] ERR: (ThinkException) 非法操作:upfiles
[ 2015-10-11T01:02:21+08:00 ] ERR: (ThinkException) 非法操作:uploadfile
[ 2015-10-11T01:02:22+08:00 ] ERR: (ThinkException) 非法操作:uploadfiles
[ 2015-10-11T01:02:29+08:00 ] ERR: (ThinkException) 非法操作:web
[ 2015-10-11T01:02:38+08:00 ] ERR: (ThinkException) 非法操作:data
[ 2015-10-11T01:03:17+08:00 ] ERR: (ThinkException) 非法操作:phpinfo
[ 2015-10-11T01:03:18+08:00 ] ERR: (ThinkException) 非法操作:info
[ 2015-10-11T01:03:26+08:00 ] ERR: (ThinkException) 非法操作:php
[ 2015-10-11T01:03:34+08:00 ] ERR: (ThinkException) 非法操作:test
[ 2015-10-11T01:03:36+08:00 ] ERR: (ThinkException) 非法操作:a
[ 2015-10-11T01:03:38+08:00 ] ERR: (ThinkException) 非法操作:1
[ 2015-10-11T01:03:49+08:00 ] ERR: (ThinkException) 非法操作:u
[ 2015-10-11T01:03:52+08:00 ] ERR: (ThinkException) 非法操作:l
[ 2015-10-11T01:03:54+08:00 ] ERR: (ThinkException) 非法操作:tz
[ 2015-10-11T01:04:00+08:00 ] ERR: (ThinkException) 非法操作:adminer
[ 2015-10-11T01:04:02+08:00 ] ERR: (ThinkException) 非法操作:bigdump
[ 2015-10-11T01:04:03+08:00 ] ERR: (ThinkException) 非法操作:${@print(md5(this_is_a_test_string))}
[ 2015-10-11T01:13:38+08:00 ] ERR: (ThinkException) 非法操作:shopadmin
[ 2015-10-11T01:13:40+08:00 ] ERR: (ThinkException) 非法操作:feed-proxy
[ 2015-10-11T01:15:21+08:00 ] ERR: (ThinkException) 模板不存在[./App/Tpl/Wxhd/check1.html]
[ 2015-10-11T01:15:26+08:00 ] ERR: (ThinkException) 非法操作:tools
[ 2015-10-11T01:15:27+08:00 ] ERR: (ThinkException) 非法操作:yanfang
[ 2015-10-11T01:15:28+08:00 ] ERR: (ThinkException) 非法操作:upload
[ 2015-10-11T01:15:29+08:00 ] ERR: (ThinkException) 非法操作:db
[ 2015-10-11T01:15:30+08:00 ] ERR: (ThinkException) 非法操作:config
[ 2015-10-11T01:15:39+08:00 ] ERR: (ThinkException) 非法操作:logs
[ 2015-10-11T01:16:08+08:00 ] ERR: (ThinkException) 模板不存在[./App/Tpl/Wxhd/check1.html]
[ 2015-10-11T01:16:08+08:00 ] ERR: (ThinkException) 非法操作:log
[ 2015-10-11T01:16:09+08:00 ] ERR: (ThinkException) 非法操作:admin
[ 2015-10-11T01:16:09+08:00 ] ERR: (ThinkException) 非法操作:uploads
[ 2015-10-11T01:16:11+08:00 ] ERR: (ThinkException) 非法操作:backup
[ 2015-10-11T01:16:12+08:00 ] ERR: (ThinkException) 模板不存在[./App/Tpl/Wxhd/check1.html]
[ 2015-10-11T01:16:13+08:00 ] ERR: (ThinkException) 非法操作:htdocs
[ 2015-10-11T01:16:14+08:00 ] ERR: (ThinkException) 非法操作:upfile
[ 2015-10-11T01:16:15+08:00 ] ERR: (ThinkException) 非法操作:upfiles
[ 2015-10-11T01:16:16+08:00 ] ERR: (ThinkException) 非法操作:uploadfile
[ 2015-10-11T01:16:17+08:00 ] ERR: (ThinkException) 非法操作:uploadfiles
[ 2015-10-11T01:16:18+08:00 ] ERR: (ThinkException) 非法操作:web
[ 2015-10-11T01:16:18+08:00 ] ERR: (ThinkException) 非法操作:data
[ 2015-10-11T01:16:24+08:00 ] ERR: (ThinkException) 非法操作:phpinfo
[ 2015-10-11T01:16:25+08:00 ] ERR: (ThinkException) 非法操作:info
[ 2015-10-11T01:16:27+08:00 ] ERR: (ThinkException) 模板不存在[./App/Tpl/Wxhd/check1.html]
[ 2015-10-11T01:16:28+08:00 ] ERR: (ThinkException) 非法操作:php
[ 2015-10-11T01:16:29+08:00 ] ERR: (ThinkException) 非法操作:test
[ 2015-10-11T01:16:30+08:00 ] ERR: (ThinkException) 非法操作:a
[ 2015-10-11T01:16:31+08:00 ] ERR: (ThinkException) 非法操作:1
[ 2015-10-11T01:16:32+08:00 ] ERR: (ThinkException) 非法操作:u
[ 2015-10-11T01:16:33+08:00 ] ERR: (ThinkException) 非法操作:l
[ 2015-10-11T01:16:34+08:00 ] ERR: (ThinkException) 非法操作:tz
[ 2015-10-11T01:16:35+08:00 ] ERR: (ThinkException) 非法操作:adminer
[ 2015-10-11T01:17:17+08:00 ] ERR: (ThinkException) 非法操作:bigdump
[ 2015-10-11T01:17:20+08:00 ] ERR: (ThinkException) 非法操作:${@print(md5(this_is_a_test_string))}
[ 2015-10-11T01:59:44+08:00 ] ERR: (ThinkException) 非法操作:shopadmin
[ 2015-10-11T02:01:41+08:00 ] ERR: (ThinkException) 非法操作:feed-proxy
[ 2015-10-11T02:02:54+08:00 ] 121.42.0.31 /dsapi/api.php/Index/.DS_Store
INFO: [ route_check ] --START--
INFO: Run CheckRoute Behavior [ RunTime:0.001753s ]
INFO: [ route_check ] --END-- [ RunTime:0.002211s ]
NOTIC: [8192] preg_replace(): The /e modifier is deprecated, use preg_replace_callback instead D:\wamp\www\ddl666.com\dsapi\ThinkPHP\Lib\Core\Dispatcher.class.php 第 120 行.
INFO: [ app_begin ] --START--
INFO: Run ReadHtmlCache Behavior [ RunTime:0.001552s ]
INFO: [ app_begin ] --END-- [ RunTime:0.001939s ]

[ 2015-10-11T02:02:56+08:00 ] ERR: (ThinkException) 非法操作:bbx
[ 2015-10-11T02:03:00+08:00 ] ERR: (ThinkException) 非法操作:tools
[ 2015-10-11T02:03:04+08:00 ] ERR: (ThinkException) 非法操作:yanfang
[ 2015-10-11T02:03:06+08:00 ] ERR: (ThinkException) 非法操作:upload
[ 2015-10-11T02:03:08+08:00 ] ERR: (ThinkException) 非法操作:db
[ 2015-10-11T02:03:10+08:00 ] ERR: (ThinkException) 非法操作:config
[ 2015-10-11T02:03:12+08:00 ] ERR: (ThinkException) 非法操作:logs
[ 2015-10-11T02:03:14+08:00 ] ERR: (ThinkException) 非法操作:log
[ 2015-10-11T02:03:16+08:00 ] 121.42.0.31 /dsapi/api.php/Index/index.action?redirect%3A%25%7Bnew+java.lang.String%28%27http%3A%2F%2Fxxxxxxxxxxxxx%27%29%7D
INFO: [ route_check ] --START--
INFO: Run CheckRoute Behavior [ RunTime:0.001735s ]
INFO: [ route_check ] --END-- [ RunTime:0.002165s ]
NOTIC: [8192] preg_replace(): The /e modifier is deprecated, use preg_replace_callback instead D:\wamp\www\ddl666.com\dsapi\ThinkPHP\Lib\Core\Dispatcher.class.php 第 120 行.
INFO: [ app_begin ] --START--
INFO: Run ReadHtmlCache Behavior [ RunTime:0.001501s ]
INFO: [ app_begin ] --END-- [ RunTime:0.001884s ]

[ 2015-10-11T02:03:44+08:00 ] ERR: (ThinkException) 非法操作:admin
[ 2015-10-11T02:03:54+08:00 ] ERR: (ThinkException) 非法操作:uploads
[ 2015-10-11T02:03:58+08:00 ] ERR: (ThinkException) 非法操作:backup
[ 2015-10-11T02:04:00+08:00 ] 121.42.0.31 /dsapi/api.php/Index//
INFO: [ route_check ] --START--
INFO: Run CheckRoute Behavior [ RunTime:0.001656s ]
INFO: [ route_check ] --END-- [ RunTime:0.002110s ]
NOTIC: [8192] preg_replace(): The /e modifier is deprecated, use preg_replace_callback instead D:\wamp\www\ddl666.com\dsapi\ThinkPHP\Lib\Core\Dispatcher.class.php 第 120 行.
INFO: [ app_begin ] --START--
INFO: Run ReadHtmlCache Behavior [ RunTime:0.001683s ]
INFO: [ app_begin ] --END-- [ RunTime:0.002122s ]

[ 2015-10-11T02:04:02+08:00 ] ERR: (ThinkException) 非法操作:htdocs
[ 2015-10-11T02:04:04+08:00 ] ERR: (ThinkException) 非法操作:upfile
[ 2015-10-11T02:04:06+08:00 ] ERR: (ThinkException) 非法操作:upfiles
[ 2015-10-11T02:04:08+08:00 ] ERR: (ThinkException) 非法操作:uploadfile
[ 2015-10-11T02:04:10+08:00 ] ERR: (ThinkException) 非法操作:uploadfiles
[ 2015-10-11T02:04:12+08:00 ] ERR: (ThinkException) 非法操作:web
[ 2015-10-11T02:04:14+08:00 ] ERR: (ThinkException) 非法操作:data
[ 2015-10-11T02:04:24+08:00 ] ERR: (ThinkException) 非法操作:phpinfo
[ 2015-10-11T02:04:26+08:00 ] ERR: (ThinkException) 非法操作:info
[ 2015-10-11T02:04:30+08:00 ] 121.42.0.31 /dsapi/api.php/Index/index.php
INFO: [ route_check ] --START--
INFO: Run CheckRoute Behavior [ RunTime:0.001743s ]
INFO: [ route_check ] --END-- [ RunTime:0.002171s ]
NOTIC: [8192] preg_replace(): The /e modifier is deprecated, use preg_replace_callback instead D:\wamp\www\ddl666.com\dsapi\ThinkPHP\Lib\Core\Dispatcher.class.php 第 120 行.
INFO: [ app_begin ] --START--
INFO: Run ReadHtmlCache Behavior [ RunTime:0.001479s ]
INFO: [ app_begin ] --END-- [ RunTime:0.001897s ]

[ 2015-10-11T02:04:32+08:00 ] ERR: (ThinkException) 非法操作:php
[ 2015-10-11T02:04:34+08:00 ] ERR: (ThinkException) 非法操作:test
[ 2015-10-11T02:04:36+08:00 ] ERR: (ThinkException) 非法操作:a
[ 2015-10-11T02:04:40+08:00 ] ERR: (ThinkException) 非法操作:1
[ 2015-10-11T02:04:42+08:00 ] ERR: (ThinkException) 非法操作:u
[ 2015-10-11T02:04:44+08:00 ] ERR: (ThinkException) 非法操作:l
[ 2015-10-11T02:04:46+08:00 ] ERR: (ThinkException) 非法操作:tz
[ 2015-10-11T02:04:48+08:00 ] ERR: (ThinkException) 非法操作:adminer
[ 2015-10-11T02:04:50+08:00 ] ERR: (ThinkException) 非法操作:bigdump
[ 2015-10-11T02:04:52+08:00 ] ERR: (ThinkException) 非法操作:${@print(md5(this_is_a_test_string))}
[ 2015-10-11T02:50:21+08:00 ] ERR: (ThinkException) 非法操作:shopadmin
[ 2015-10-11T02:50:23+08:00 ] ERR: (ThinkException) 非法操作:feed-proxy
[ 2015-10-11T02:50:26+08:00 ] 121.42.0.31 /dsapi/api.php/Index/.DS_Store
INFO: [ route_check ] --START--
INFO: Run CheckRoute Behavior [ RunTime:0.001791s ]
INFO: [ route_check ] --END-- [ RunTime:0.002213s ]
NOTIC: [8192] preg_replace(): The /e modifier is deprecated, use preg_replace_callback instead D:\wamp\www\ddl666.com\dsapi\ThinkPHP\Lib\Core\Dispatcher.class.php 第 120 行.
INFO: [ app_begin ] --START--
INFO: Run ReadHtmlCache Behavior [ RunTime:0.001340s ]
INFO: [ app_begin ] --END-- [ RunTime:0.001726s ]

[ 2015-10-11T02:50:28+08:00 ] ERR: (ThinkException) 非法操作:bbx
[ 2015-10-11T02:50:29+08:00 ] ERR: (ThinkException) 非法操作:tools
[ 2015-10-11T02:50:30+08:00 ] ERR: (ThinkException) 非法操作:yanfang
[ 2015-10-11T02:50:31+08:00 ] ERR: (ThinkException) 非法操作:upload
[ 2015-10-11T02:50:33+08:00 ] ERR: (ThinkException) 非法操作:db
[ 2015-10-11T02:50:33+08:00 ] ERR: (ThinkException) 非法操作:config
[ 2015-10-11T02:50:35+08:00 ] ERR: (ThinkException) 非法操作:logs
[ 2015-10-11T02:50:36+08:00 ] ERR: (ThinkException) 非法操作:log
[ 2015-10-11T02:50:37+08:00 ] 121.42.0.31 /dsapi/api.php/Index/index.action?redirect%3A%25%7Bnew+java.lang.String%28%27http%3A%2F%2Fxxxxxxxxxxxxx%27%29%7D
INFO: [ route_check ] --START--
INFO: Run CheckRoute Behavior [ RunTime:0.001752s ]
INFO: [ route_check ] --END-- [ RunTime:0.002326s ]
NOTIC: [8192] preg_replace(): The /e modifier is deprecated, use preg_replace_callback instead D:\wamp\www\ddl666.com\dsapi\ThinkPHP\Lib\Core\Dispatcher.class.php 第 120 行.
INFO: [ app_begin ] --START--
INFO: Run ReadHtmlCache Behavior [ RunTime:0.001374s ]
INFO: [ app_begin ] --END-- [ RunTime:0.001779s ]

[ 2015-10-11T02:50:44+08:00 ] ERR: (ThinkException) 非法操作:admin
[ 2015-10-11T02:50:45+08:00 ] ERR: (ThinkException) 非法操作:uploads
[ 2015-10-11T02:50:46+08:00 ] ERR: (ThinkException) 非法操作:backup
[ 2015-10-11T02:50:49+08:00 ] 121.42.0.31 /dsapi/api.php/Index//
INFO: [ route_check ] --START--
INFO: Run CheckRoute Behavior [ RunTime:0.001326s ]
INFO: [ route_check ] --END-- [ RunTime:0.001730s ]
NOTIC: [8192] preg_replace(): The /e modifier is deprecated, use preg_replace_callback instead D:\wamp\www\ddl666.com\dsapi\ThinkPHP\Lib\Core\Dispatcher.class.php 第 120 行.
INFO: [ app_begin ] --START--
INFO: Run ReadHtmlCache Behavior [ RunTime:0.001315s ]
INFO: [ app_begin ] --END-- [ RunTime:0.001673s ]

[ 2015-10-11T02:50:51+08:00 ] ERR: (ThinkException) 非法操作:htdocs
[ 2015-10-11T02:50:52+08:00 ] ERR: (ThinkException) 非法操作:upfile
[ 2015-10-11T02:50:53+08:00 ] ERR: (ThinkException) 非法操作:upfiles
[ 2015-10-11T02:50:55+08:00 ] ERR: (ThinkException) 非法操作:uploadfile
[ 2015-10-11T02:50:56+08:00 ] ERR: (ThinkException) 非法操作:uploadfiles
[ 2015-10-11T02:50:59+08:00 ] ERR: (ThinkException) 非法操作:web
[ 2015-10-11T02:51:00+08:00 ] ERR: (ThinkException) 非法操作:data
[ 2015-10-11T02:51:07+08:00 ] ERR: (ThinkException) 非法操作:phpinfo
[ 2015-10-11T02:51:08+08:00 ] ERR: (ThinkException) 非法操作:info
[ 2015-10-11T02:51:10+08:00 ] 121.42.0.31 /dsapi/api.php/Index/index.php
INFO: [ route_check ] --START--
INFO: Run CheckRoute Behavior [ RunTime:0.001366s ]
INFO: [ route_check ] --END-- [ RunTime:0.001810s ]
NOTIC: [8192] preg_replace(): The /e modifier is deprecated, use preg_replace_callback instead D:\wamp\www\ddl666.com\dsapi\ThinkPHP\Lib\Core\Dispatcher.class.php 第 120 行.
INFO: [ app_begin ] --START--
INFO: Run ReadHtmlCache Behavior [ RunTime:0.001582s ]
INFO: [ app_begin ] --END-- [ RunTime:0.001944s ]

[ 2015-10-11T02:51:13+08:00 ] ERR: (ThinkException) 非法操作:php
[ 2015-10-11T02:51:14+08:00 ] ERR: (ThinkException) 非法操作:test
[ 2015-10-11T02:51:15+08:00 ] ERR: (ThinkException) 非法操作:a
[ 2015-10-11T02:51:18+08:00 ] ERR: (ThinkException) 非法操作:1
[ 2015-10-11T02:51:19+08:00 ] ERR: (ThinkException) 非法操作:u
[ 2015-10-11T02:51:20+08:00 ] ERR: (ThinkException) 非法操作:l
[ 2015-10-11T02:51:23+08:00 ] ERR: (ThinkException) 非法操作:tz
[ 2015-10-11T02:51:26+08:00 ] ERR: (ThinkException) 非法操作:adminer
[ 2015-10-11T02:51:27+08:00 ] ERR: (ThinkException) 非法操作:bigdump
[ 2015-10-11T02:51:30+08:00 ] ERR: (ThinkException) 非法操作:${@print(md5(this_is_a_test_string))}
[ 2015-10-11T03:06:58+08:00 ] ERR: (ThinkException) 非法操作:shopadmin
[ 2015-10-11T03:09:11+08:00 ] ERR: (ThinkException) 非法操作:feed-proxy
[ 2015-10-11T03:10:01+08:00 ] 121.42.0.31 /dsapi/api.php/Index/.DS_Store
INFO: [ route_check ] --START--
INFO: Run CheckRoute Behavior [ RunTime:0.001439s ]
INFO: [ route_check ] --END-- [ RunTime:0.001874s ]
NOTIC: [8192] preg_replace(): The /e modifier is deprecated, use preg_replace_callback instead D:\wamp\www\ddl666.com\dsapi\ThinkPHP\Lib\Core\Dispatcher.class.php 第 120 行.
INFO: [ app_begin ] --START--
INFO: Run ReadHtmlCache Behavior [ RunTime:0.001170s ]
INFO: [ app_begin ] --END-- [ RunTime:0.001531s ]

[ 2015-10-11T03:10:50+08:00 ] ERR: (ThinkException) 非法操作:bbx
[ 2015-10-11T03:11:03+08:00 ] ERR: (ThinkException) 非法操作:tools
[ 2015-10-11T03:11:03+08:00 ] ERR: (ThinkException) 非法操作:yanfang
[ 2015-10-11T03:12:30+08:00 ] ERR: (ThinkException) 非法操作:db
[ 2015-10-11T03:13:55+08:00 ] ERR: (ThinkException) 非法操作:config
[ 2015-10-11T03:14:42+08:00 ] ERR: (ThinkException) 非法操作:logs
[ 2015-10-11T03:14:44+08:00 ] ERR: (ThinkException) 非法操作:log
[ 2015-10-11T03:14:47+08:00 ] 121.42.0.31 /dsapi/api.php/Index/index.action?redirect%3A%25%7Bnew+java.lang.String%28%27http%3A%2F%2Fxxxxxxxxxxxxx%27%29%7D
INFO: [ route_check ] --START--
INFO: Run CheckRoute Behavior [ RunTime:0.001610s ]
INFO: [ route_check ] --END-- [ RunTime:0.002011s ]
NOTIC: [8192] preg_replace(): The /e modifier is deprecated, use preg_replace_callback instead D:\wamp\www\ddl666.com\dsapi\ThinkPHP\Lib\Core\Dispatcher.class.php 第 120 行.
INFO: [ app_begin ] --START--
INFO: Run ReadHtmlCache Behavior [ RunTime:0.001690s ]
INFO: [ app_begin ] --END-- [ RunTime:0.002069s ]

[ 2015-10-11T03:17:11+08:00 ] ERR: (ThinkException) 非法操作:admin
[ 2015-10-11T03:17:11+08:00 ] ERR: (ThinkException) 非法操作:uploads
[ 2015-10-11T03:17:11+08:00 ] ERR: (ThinkException) 非法操作:backup
[ 2015-10-11T03:17:11+08:00 ] 121.42.0.31 /dsapi/api.php/Index//
INFO: [ route_check ] --START--
INFO: Run CheckRoute Behavior [ RunTime:0.001230s ]
INFO: [ route_check ] --END-- [ RunTime:0.001612s ]
NOTIC: [8192] preg_replace(): The /e modifier is deprecated, use preg_replace_callback instead D:\wamp\www\ddl666.com\dsapi\ThinkPHP\Lib\Core\Dispatcher.class.php 第 120 行.
INFO: [ app_begin ] --START--
INFO: Run ReadHtmlCache Behavior [ RunTime:0.001442s ]
INFO: [ app_begin ] --END-- [ RunTime:0.001861s ]

[ 2015-10-11T03:17:12+08:00 ] ERR: (ThinkException) 非法操作:htdocs
[ 2015-10-11T03:17:12+08:00 ] ERR: (ThinkException) 非法操作:upfile
[ 2015-10-11T03:17:13+08:00 ] ERR: (ThinkException) 非法操作:upfiles
[ 2015-10-11T03:17:18+08:00 ] ERR: (ThinkException) 非法操作:uploadfile
[ 2015-10-11T03:17:18+08:00 ] ERR: (ThinkException) 非法操作:phpinfo
[ 2015-10-11T03:17:21+08:00 ] 121.42.0.31 /dsapi/api.php/Index/index.php
INFO: [ route_check ] --START--
INFO: Run CheckRoute Behavior [ RunTime:0.001809s ]
INFO: [ route_check ] --END-- [ RunTime:0.002196s ]
NOTIC: [8192] preg_replace(): The /e modifier is deprecated, use preg_replace_callback instead D:\wamp\www\ddl666.com\dsapi\ThinkPHP\Lib\Core\Dispatcher.class.php 第 120 行.
INFO: [ app_begin ] --START--
INFO: Run ReadHtmlCache Behavior [ RunTime:0.002403s ]
INFO: [ app_begin ] --END-- [ RunTime:0.002892s ]

[ 2015-10-11T03:17:27+08:00 ] ERR: (ThinkException) 非法操作:php
[ 2015-10-11T03:17:32+08:00 ] ERR: (ThinkException) 非法操作:test
[ 2015-10-11T03:17:34+08:00 ] ERR: (ThinkException) 非法操作:a
[ 2015-10-11T03:17:36+08:00 ] ERR: (ThinkException) 非法操作:1
[ 2015-10-11T03:17:41+08:00 ] ERR: (ThinkException) 非法操作:u
[ 2015-10-11T03:17:45+08:00 ] ERR: (ThinkException) 非法操作:l
[ 2015-10-11T03:17:47+08:00 ] ERR: (ThinkException) 非法操作:tz
[ 2015-10-11T03:17:49+08:00 ] ERR: (ThinkException) 非法操作:adminer
[ 2015-10-11T03:17:50+08:00 ] ERR: (ThinkException) 非法操作:bigdump
[ 2015-10-11T03:17:52+08:00 ] ERR: (ThinkException) 非法操作:${@print(md5(this_is_a_test_string))}
