[2015-10-18 00:49:32][debug] begin notify
[2015-10-18 00:49:32][debug] call back test:{"appid":"wx161f19ac48b1f2f3","attach":"\u9a6c\u62c9\u677e\u62a5\u540d","bank_type":"CCB_DEBIT","cash_fee":"6000","fee_type":"CNY","is_subscribe":"Y","mch_id":"1268067601","nonce_str":"j6ekxhyacor9j8m8ely22wtif4b3zp71","openid":"ouN6_s5gb5MjiDpH6wIQ0-X3MdiU","out_trade_no":"126806760120151018004821","result_code":"SUCCESS","return_code":"SUCCESS","sign":"7140A667EBA901478B74983F55668850","time_end":"20151018004930","total_fee":"6000","trade_type":"JSAPI","transaction_id":"1004790869201510181237887110"}
[2015-10-18 00:49:32][debug] query:{"appid":"wx161f19ac48b1f2f3","attach":"\u9a6c\u62c9\u677e\u62a5\u540d","bank_type":"CCB_DEBIT","cash_fee":"6000","fee_type":"CNY","is_subscribe":"Y","mch_id":"1268067601","nonce_str":"Gbq3ZcU2TTgj3iuS","openid":"ouN6_s5gb5MjiDpH6wIQ0-X3MdiU","out_trade_no":"126806760120151018004821","result_code":"SUCCESS","return_code":"SUCCESS","return_msg":"OK","sign":"ABECF4B7FE42168492B3EF0CCF7DBFF5","time_end":"20151018004930","total_fee":"6000","trade_state":"SUCCESS","trade_type":"JSAPI","transaction_id":"1004790869201510181237887110"}
[2015-10-18 00:49:32][debug] call back test:订单查询成功
[2015-10-18 00:49:32][debug] call back test:未入库
[2015-10-18 00:49:32][debug] call back test sql:UPDATE pa_marathon SET ispay =1,transaction_id="1004790869201510181237887110",out_trade_no="126806760120151018004821" WHERE openid ="ouN6_s5gb5MjiDpH6wIQ0-X3MdiU"
[2015-10-18 00:49:32][debug] call back test:入库成功
[2015-10-18 08:06:18][debug] begin notify
[2015-10-18 08:06:18][debug] call back test:{"appid":"wx161f19ac48b1f2f3","attach":"\u9a6c\u62c9\u677e\u62a5\u540d","bank_type":"BOC_CREDIT","cash_fee":"4000","fee_type":"CNY","is_subscribe":"Y","mch_id":"1268067601","nonce_str":"baz8s72a3g001gc1key71r4cw1ncae41","openid":"ouN6_s5-MgjdP5h3ni_wMRwxXpck","out_trade_no":"126806760120151018080512","result_code":"SUCCESS","return_code":"SUCCESS","sign":"FAF7DF55DBB3D3739C367BA04AEFA3A4","time_end":"20151018080617","total_fee":"4000","trade_type":"JSAPI","transaction_id":"1000370869201510181238623750"}
[2015-10-18 08:06:18][debug] query:{"appid":"wx161f19ac48b1f2f3","attach":"\u9a6c\u62c9\u677e\u62a5\u540d","bank_type":"BOC_CREDIT","cash_fee":"4000","fee_type":"CNY","is_subscribe":"Y","mch_id":"1268067601","nonce_str":"jMWNZlSssSy6ox42","openid":"ouN6_s5-MgjdP5h3ni_wMRwxXpck","out_trade_no":"126806760120151018080512","result_code":"SUCCESS","return_code":"SUCCESS","return_msg":"OK","sign":"E3EF5D11CC9FB271EAB800ABC5ABDA36","time_end":"20151018080617","total_fee":"4000","trade_state":"SUCCESS","trade_type":"JSAPI","transaction_id":"1000370869201510181238623750"}
[2015-10-18 08:06:18][debug] call back test:订单查询成功
[2015-10-18 08:06:18][debug] call back test:未入库
[2015-10-18 08:06:18][debug] call back test sql:UPDATE pa_marathon SET ispay =1,transaction_id="1000370869201510181238623750",out_trade_no="126806760120151018080512" WHERE openid ="ouN6_s5-MgjdP5h3ni_wMRwxXpck"
[2015-10-18 08:06:18][debug] call back test:入库成功
[2015-10-18 08:15:38][debug] begin notify
[2015-10-18 08:15:38][debug] call back test:{"appid":"wx161f19ac48b1f2f3","attach":"\u9a6c\u62c9\u677e\u62a5\u540d","bank_type":"ZJTLCB_DEBIT","cash_fee":"6000","fee_type":"CNY","is_subscribe":"Y","mch_id":"1268067601","nonce_str":"b9pkvt56rxma9554d3een97uvz44ic66","openid":"ouN6_s0RpQetYnnpjU9AKdSNYjHw","out_trade_no":"126806760120151018081513","result_code":"SUCCESS","return_code":"SUCCESS","sign":"F84626FE04ACED23E1EC2FBD5B2C211F","time_end":"20151018081538","total_fee":"6000","trade_type":"JSAPI","transaction_id":"1004440869201510181238685069"}
[2015-10-18 08:15:39][debug] query:{"appid":"wx161f19ac48b1f2f3","attach":"\u9a6c\u62c9\u677e\u62a5\u540d","bank_type":"ZJTLCB_DEBIT","cash_fee":"6000","fee_type":"CNY","is_subscribe":"Y","mch_id":"1268067601","nonce_str":"j5kuMWZvfUQ4Aiy2","openid":"ouN6_s0RpQetYnnpjU9AKdSNYjHw","out_trade_no":"126806760120151018081513","result_code":"SUCCESS","return_code":"SUCCESS","return_msg":"OK","sign":"98B787E1526CEE5D3C0C77FCA8E792A8","time_end":"20151018081537","total_fee":"6000","trade_state":"SUCCESS","trade_type":"JSAPI","transaction_id":"1004440869201510181238685069"}
[2015-10-18 08:15:39][debug] call back test:订单查询成功
[2015-10-18 08:15:39][debug] call back test:未入库
[2015-10-18 08:15:39][debug] call back test sql:UPDATE pa_marathon SET ispay =1,transaction_id="1004440869201510181238685069",out_trade_no="126806760120151018081513" WHERE openid ="ouN6_s0RpQetYnnpjU9AKdSNYjHw"
[2015-10-18 08:15:39][debug] call back test:入库成功
[2015-10-18 08:16:33][debug] begin notify
[2015-10-18 08:16:33][debug] call back test:{"appid":"wx161f19ac48b1f2f3","attach":"\u9a6c\u62c9\u677e\u62a5\u540d","bank_type":"ICBC_DEBIT","cash_fee":"6000","fee_type":"CNY","is_subscribe":"Y","mch_id":"1268067601","nonce_str":"1sqend0pbu9649k8x5uwa5b8k9aiffst","openid":"ouN6_swRmYufiEW5Sut_ppRa3Bbs","out_trade_no":"126806760120151018081519","result_code":"SUCCESS","return_code":"SUCCESS","sign":"7993E9322FA6CEE0D628CA5F1DBE0111","time_end":"20151018081633","total_fee":"6000","trade_type":"JSAPI","transaction_id":"1007090869201510181238683657"}
[2015-10-18 08:16:34][debug] query:{"appid":"wx161f19ac48b1f2f3","attach":"\u9a6c\u62c9\u677e\u62a5\u540d","bank_type":"ICBC_DEBIT","cash_fee":"6000","fee_type":"CNY","is_subscribe":"Y","mch_id":"1268067601","nonce_str":"6N8C7buuVsyaB3jS","openid":"ouN6_swRmYufiEW5Sut_ppRa3Bbs","out_trade_no":"126806760120151018081519","result_code":"SUCCESS","return_code":"SUCCESS","return_msg":"OK","sign":"9D0E09DBE100642280DA024CB4324C7B","time_end":"20151018081632","total_fee":"6000","trade_state":"SUCCESS","trade_type":"JSAPI","transaction_id":"1007090869201510181238683657"}
[2015-10-18 08:16:34][debug] call back test:订单查询成功
[2015-10-18 08:16:34][debug] call back test:未入库
[2015-10-18 08:16:34][debug] call back test sql:UPDATE pa_marathon SET ispay =1,transaction_id="1007090869201510181238683657",out_trade_no="126806760120151018081519" WHERE openid ="ouN6_swRmYufiEW5Sut_ppRa3Bbs"
[2015-10-18 08:16:34][debug] call back test:入库成功
[2015-10-18 08:35:45][debug] begin notify
[2015-10-18 08:35:45][debug] call back test:{"appid":"wx161f19ac48b1f2f3","attach":"\u9a6c\u62c9\u677e\u62a5\u540d","bank_type":"CMB_CREDIT","cash_fee":"4000","fee_type":"CNY","is_subscribe":"Y","mch_id":"1268067601","nonce_str":"fu09t36shfzvsaes0q9yd8idz4fpoooy","openid":"ouN6_s0m0M3R7i7RKkp-VSjGpGPo","out_trade_no":"126806760120151018083337","result_code":"SUCCESS","return_code":"SUCCESS","sign":"CC16A44F7DAE2EC640068349188381C9","time_end":"20151018083545","total_fee":"4000","trade_type":"JSAPI","transaction_id":"1004480869201510181238774710"}
[2015-10-18 08:35:49][debug] query:{"appid":"wx161f19ac48b1f2f3","attach":"\u9a6c\u62c9\u677e\u62a5\u540d","bank_type":"CMB_CREDIT","cash_fee":"4000","fee_type":"CNY","is_subscribe":"Y","mch_id":"1268067601","nonce_str":"zXKVm37aFcnRGtrg","openid":"ouN6_s0m0M3R7i7RKkp-VSjGpGPo","out_trade_no":"126806760120151018083337","result_code":"SUCCESS","return_code":"SUCCESS","return_msg":"OK","sign":"3FC13DC9DCEDBF5188AB31631F2933A0","time_end":"20151018083545","total_fee":"4000","trade_state":"SUCCESS","trade_type":"JSAPI","transaction_id":"1004480869201510181238774710"}
[2015-10-18 08:35:49][debug] call back test:订单查询成功
[2015-10-18 08:35:49][debug] call back test:未入库
[2015-10-18 08:35:49][debug] call back test sql:UPDATE pa_marathon SET ispay =1,transaction_id="1004480869201510181238774710",out_trade_no="126806760120151018083337" WHERE openid ="ouN6_s0m0M3R7i7RKkp-VSjGpGPo"
[2015-10-18 08:35:49][debug] call back test:入库成功
[2015-10-18 08:36:03][debug] begin notify
[2015-10-18 08:36:03][debug] call back test:{"appid":"wx161f19ac48b1f2f3","attach":"\u9a6c\u62c9\u677e\u62a5\u540d","bank_type":"CMB_CREDIT","cash_fee":"4000","fee_type":"CNY","is_subscribe":"Y","mch_id":"1268067601","nonce_str":"fu09t36shfzvsaes0q9yd8idz4fpoooy","openid":"ouN6_s0m0M3R7i7RKkp-VSjGpGPo","out_trade_no":"126806760120151018083337","result_code":"SUCCESS","return_code":"SUCCESS","sign":"CC16A44F7DAE2EC640068349188381C9","time_end":"20151018083545","total_fee":"4000","trade_type":"JSAPI","transaction_id":"1004480869201510181238774710"}
[2015-10-18 08:36:03][debug] query:{"appid":"wx161f19ac48b1f2f3","attach":"\u9a6c\u62c9\u677e\u62a5\u540d","bank_type":"CMB_CREDIT","cash_fee":"4000","fee_type":"CNY","is_subscribe":"Y","mch_id":"1268067601","nonce_str":"2J8Fh6t8Tm8bAVJS","openid":"ouN6_s0m0M3R7i7RKkp-VSjGpGPo","out_trade_no":"126806760120151018083337","result_code":"SUCCESS","return_code":"SUCCESS","return_msg":"OK","sign":"BC77CBC373938017D1B4C6DA6DA6AC09","time_end":"20151018083545","total_fee":"4000","trade_state":"SUCCESS","trade_type":"JSAPI","transaction_id":"1004480869201510181238774710"}
[2015-10-18 08:36:03][debug] call back test:订单查询成功
[2015-10-18 08:36:03][debug] call back test:已入库
[2015-10-18 08:37:41][debug] begin notify
[2015-10-18 08:37:41][debug] call back test:{"appid":"wx161f19ac48b1f2f3","attach":"\u9a6c\u62c9\u677e\u62a5\u540d","bank_type":"CMB_CREDIT","cash_fee":"4000","fee_type":"CNY","is_subscribe":"Y","mch_id":"1268067601","nonce_str":"niu16xywgffdef3s3jljzfzv3aw5x3e5","openid":"ouN6_s0m0M3R7i7RKkp-VSjGpGPo","out_trade_no":"126806760120151018083723","result_code":"SUCCESS","return_code":"SUCCESS","sign":"FD1090F5899001AF78CCA5603FDF78BC","time_end":"20151018083741","total_fee":"4000","trade_type":"JSAPI","transaction_id":"1004480869201510181238794273"}
[2015-10-18 08:37:42][debug] query:{"appid":"wx161f19ac48b1f2f3","attach":"\u9a6c\u62c9\u677e\u62a5\u540d","bank_type":"CMB_CREDIT","cash_fee":"4000","fee_type":"CNY","is_subscribe":"Y","mch_id":"1268067601","nonce_str":"8S57LKzmI7YnuQjz","openid":"ouN6_s0m0M3R7i7RKkp-VSjGpGPo","out_trade_no":"126806760120151018083723","result_code":"SUCCESS","return_code":"SUCCESS","return_msg":"OK","sign":"24BD2772492A8692ADAA9A7BECAD7DC7","time_end":"20151018083740","total_fee":"4000","trade_state":"SUCCESS","trade_type":"JSAPI","transaction_id":"1004480869201510181238794273"}
[2015-10-18 08:37:42][debug] call back test:订单查询成功
[2015-10-18 08:37:42][debug] call back test:未入库
[2015-10-18 08:37:42][debug] call back test sql:UPDATE pa_marathon SET ispay =1,transaction_id="1004480869201510181238794273",out_trade_no="126806760120151018083723" WHERE openid ="ouN6_s0m0M3R7i7RKkp-VSjGpGPo"
[2015-10-18 08:37:42][debug] call back test:入库成功
[2015-10-18 09:19:32][debug] begin notify
[2015-10-18 09:19:32][debug] call back test:{"appid":"wx161f19ac48b1f2f3","attach":"\u9a6c\u62c9\u677e\u62a5\u540d","bank_type":"ICBC_DEBIT","cash_fee":"6000","fee_type":"CNY","is_subscribe":"Y","mch_id":"1268067601","nonce_str":"1pqr6pqxwlw9jm6a617hyp4sbsos5s25","openid":"ouN6_s4SFjnkawteyxpjojOqTCc4","out_trade_no":"126806760120151018091636","result_code":"SUCCESS","return_code":"SUCCESS","sign":"850089A9B07C7E6A62E36097A54A8AAD","time_end":"20151018091916","total_fee":"6000","trade_type":"JSAPI","transaction_id":"1010000869201510181239059056"}
[2015-10-18 09:19:36][debug] query:{"appid":"wx161f19ac48b1f2f3","attach":"\u9a6c\u62c9\u677e\u62a5\u540d","bank_type":"ICBC_DEBIT","cash_fee":"6000","fee_type":"CNY","is_subscribe":"Y","mch_id":"1268067601","nonce_str":"9WBQPm37wpIRbU8S","openid":"ouN6_s4SFjnkawteyxpjojOqTCc4","out_trade_no":"126806760120151018091636","result_code":"SUCCESS","return_code":"SUCCESS","return_msg":"OK","sign":"CED9D0C4D1E298664128C84C610C6E28","time_end":"20151018091848","total_fee":"6000","trade_state":"SUCCESS","trade_type":"JSAPI","transaction_id":"1010000869201510181239059056"}
[2015-10-18 09:19:36][debug] call back test:订单查询成功
[2015-10-18 09:19:36][debug] call back test:未入库
[2015-10-18 09:19:36][debug] call back test sql:UPDATE pa_marathon SET ispay =1,transaction_id="1010000869201510181239059056",out_trade_no="126806760120151018091636" WHERE openid ="ouN6_s4SFjnkawteyxpjojOqTCc4"
[2015-10-18 09:19:36][debug] call back test:入库成功
[2015-10-18 09:19:53][debug] begin notify
[2015-10-18 09:19:53][debug] call back test:{"appid":"wx161f19ac48b1f2f3","attach":"\u9a6c\u62c9\u677e\u62a5\u540d","bank_type":"ICBC_DEBIT","cash_fee":"6000","fee_type":"CNY","is_subscribe":"Y","mch_id":"1268067601","nonce_str":"1pqr6pqxwlw9jm6a617hyp4sbsos5s25","openid":"ouN6_s4SFjnkawteyxpjojOqTCc4","out_trade_no":"126806760120151018091636","result_code":"SUCCESS","return_code":"SUCCESS","sign":"850089A9B07C7E6A62E36097A54A8AAD","time_end":"20151018091916","total_fee":"6000","trade_type":"JSAPI","transaction_id":"1010000869201510181239059056"}
[2015-10-18 09:19:54][debug] query:{"appid":"wx161f19ac48b1f2f3","attach":"\u9a6c\u62c9\u677e\u62a5\u540d","bank_type":"ICBC_DEBIT","cash_fee":"6000","fee_type":"CNY","is_subscribe":"Y","mch_id":"1268067601","nonce_str":"2TKZA5SpqAEwNEQC","openid":"ouN6_s4SFjnkawteyxpjojOqTCc4","out_trade_no":"126806760120151018091636","result_code":"SUCCESS","return_code":"SUCCESS","return_msg":"OK","sign":"A76EC33DEA1F7A1C3BB5A8920A6F1A92","time_end":"20151018091848","total_fee":"6000","trade_state":"SUCCESS","trade_type":"JSAPI","transaction_id":"1010000869201510181239059056"}
[2015-10-18 09:19:54][debug] call back test:订单查询成功
[2015-10-18 09:19:54][debug] call back test:已入库
[2015-10-18 09:37:51][debug] begin notify
[2015-10-18 09:37:51][debug] call back test:{"appid":"wx161f19ac48b1f2f3","attach":"\u9a6c\u62c9\u677e\u62a5\u540d","bank_type":"BOC_DEBIT","cash_fee":"4000","fee_type":"CNY","is_subscribe":"Y","mch_id":"1268067601","nonce_str":"toijrkrk4vgx17h35utzuxrexwggz1bt","openid":"ouN6_s460wXI6Gx37ck2zin5Heb0","out_trade_no":"126806760120151018093427","result_code":"SUCCESS","return_code":"SUCCESS","sign":"9AF8649D8236476F843D3B0DBC2C7829","time_end":"20151018093750","total_fee":"4000","trade_type":"JSAPI","transaction_id":"1001440869201510181239213218"}
[2015-10-18 09:38:07][debug] begin notify
[2015-10-18 09:38:07][debug] call back test:{"appid":"wx161f19ac48b1f2f3","attach":"\u9a6c\u62c9\u677e\u62a5\u540d","bank_type":"BOC_DEBIT","cash_fee":"4000","fee_type":"CNY","is_subscribe":"Y","mch_id":"1268067601","nonce_str":"toijrkrk4vgx17h35utzuxrexwggz1bt","openid":"ouN6_s460wXI6Gx37ck2zin5Heb0","out_trade_no":"126806760120151018093427","result_code":"SUCCESS","return_code":"SUCCESS","sign":"9AF8649D8236476F843D3B0DBC2C7829","time_end":"20151018093750","total_fee":"4000","trade_type":"JSAPI","transaction_id":"1001440869201510181239213218"}
[2015-10-18 09:38:27][debug] begin notify
[2015-10-18 09:38:27][debug] call back test:{"appid":"wx161f19ac48b1f2f3","attach":"\u9a6c\u62c9\u677e\u62a5\u540d","bank_type":"BOC_DEBIT","cash_fee":"4000","fee_type":"CNY","is_subscribe":"Y","mch_id":"1268067601","nonce_str":"toijrkrk4vgx17h35utzuxrexwggz1bt","openid":"ouN6_s460wXI6Gx37ck2zin5Heb0","out_trade_no":"126806760120151018093427","result_code":"SUCCESS","return_code":"SUCCESS","sign":"9AF8649D8236476F843D3B0DBC2C7829","time_end":"20151018093750","total_fee":"4000","trade_type":"JSAPI","transaction_id":"1001440869201510181239213218"}
[2015-10-18 09:39:02][debug] begin notify
[2015-10-18 09:39:02][debug] call back test:{"appid":"wx161f19ac48b1f2f3","attach":"\u9a6c\u62c9\u677e\u62a5\u540d","bank_type":"BOC_DEBIT","cash_fee":"4000","fee_type":"CNY","is_subscribe":"Y","mch_id":"1268067601","nonce_str":"toijrkrk4vgx17h35utzuxrexwggz1bt","openid":"ouN6_s460wXI6Gx37ck2zin5Heb0","out_trade_no":"126806760120151018093427","result_code":"SUCCESS","return_code":"SUCCESS","sign":"9AF8649D8236476F843D3B0DBC2C7829","time_end":"20151018093750","total_fee":"4000","trade_type":"JSAPI","transaction_id":"1001440869201510181239213218"}
[2015-10-18 09:42:09][debug] begin notify
[2015-10-18 09:42:09][debug] call back test:{"appid":"wx161f19ac48b1f2f3","attach":"\u9a6c\u62c9\u677e\u62a5\u540d","bank_type":"BOC_DEBIT","cash_fee":"4000","fee_type":"CNY","is_subscribe":"Y","mch_id":"1268067601","nonce_str":"toijrkrk4vgx17h35utzuxrexwggz1bt","openid":"ouN6_s460wXI6Gx37ck2zin5Heb0","out_trade_no":"126806760120151018093427","result_code":"SUCCESS","return_code":"SUCCESS","sign":"9AF8649D8236476F843D3B0DBC2C7829","time_end":"20151018093750","total_fee":"4000","trade_type":"JSAPI","transaction_id":"1001440869201510181239213218"}
[2015-10-18 10:12:16][debug] begin notify
[2015-10-18 10:12:16][debug] call back test:{"appid":"wx161f19ac48b1f2f3","attach":"\u9a6c\u62c9\u677e\u62a5\u540d","bank_type":"BOC_DEBIT","cash_fee":"4000","fee_type":"CNY","is_subscribe":"Y","mch_id":"1268067601","nonce_str":"toijrkrk4vgx17h35utzuxrexwggz1bt","openid":"ouN6_s460wXI6Gx37ck2zin5Heb0","out_trade_no":"126806760120151018093427","result_code":"SUCCESS","return_code":"SUCCESS","sign":"9AF8649D8236476F843D3B0DBC2C7829","time_end":"20151018093750","total_fee":"4000","trade_type":"JSAPI","transaction_id":"1001440869201510181239213218"}
[2015-10-18 10:12:16][debug] query:{"appid":"wx161f19ac48b1f2f3","attach":"\u9a6c\u62c9\u677e\u62a5\u540d","bank_type":"BOC_DEBIT","cash_fee":"4000","fee_type":"CNY","is_subscribe":"Y","mch_id":"1268067601","nonce_str":"re1C2pYD0hQZwomS","openid":"ouN6_s460wXI6Gx37ck2zin5Heb0","out_trade_no":"126806760120151018093427","result_code":"SUCCESS","return_code":"SUCCESS","return_msg":"OK","sign":"022CB12B96E3598E309E55E116C32D8A","time_end":"20151018093749","total_fee":"4000","trade_state":"SUCCESS","trade_type":"JSAPI","transaction_id":"1001440869201510181239213218"}
[2015-10-18 10:12:16][debug] call back test:订单查询成功
[2015-10-18 10:12:16][debug] call back test:未入库
[2015-10-18 10:12:16][debug] call back test sql:UPDATE pa_marathon SET ispay =1,transaction_id="1001440869201510181239213218",out_trade_no="126806760120151018093427" WHERE openid ="ouN6_s460wXI6Gx37ck2zin5Heb0"
[2015-10-18 10:12:16][debug] call back test:入库成功
[2015-10-18 10:15:54][debug] begin notify
[2015-10-18 10:15:54][debug] call back test:{"appid":"wx161f19ac48b1f2f3","attach":"\u9a6c\u62c9\u677e\u62a5\u540d","bank_type":"CMB_CREDIT","cash_fee":"4000","fee_type":"CNY","is_subscribe":"Y","mch_id":"1268067601","nonce_str":"qaxb5d2ujhzlst1cquwwq0yvbmhgilp5","openid":"ouN6_s0m0M3R7i7RKkp-VSjGpGPo","out_trade_no":"126806760120151018101541","result_code":"SUCCESS","return_code":"SUCCESS","sign":"C24C940AAC80CD51D762CB68600CD91C","time_end":"20151018101552","total_fee":"4000","trade_type":"JSAPI","transaction_id":"1004480869201510181239571025"}
[2015-10-18 10:15:55][debug] query:{"appid":"wx161f19ac48b1f2f3","attach":"\u9a6c\u62c9\u677e\u62a5\u540d","bank_type":"CMB_CREDIT","cash_fee":"4000","fee_type":"CNY","is_subscribe":"Y","mch_id":"1268067601","nonce_str":"4C55UuVWuErhLW3T","openid":"ouN6_s0m0M3R7i7RKkp-VSjGpGPo","out_trade_no":"126806760120151018101541","result_code":"SUCCESS","return_code":"SUCCESS","return_msg":"OK","sign":"B44AB32B4B9683FC68C27556C04E19F1","time_end":"20151018101552","total_fee":"4000","trade_state":"SUCCESS","trade_type":"JSAPI","transaction_id":"1004480869201510181239571025"}
[2015-10-18 10:15:55][debug] call back test:订单查询成功
[2015-10-18 10:15:55][debug] call back test:未入库
[2015-10-18 10:15:55][debug] call back test sql:UPDATE pa_marathon SET ispay =1,transaction_id="1004480869201510181239571025",out_trade_no="126806760120151018101541" WHERE openid ="ouN6_s0m0M3R7i7RKkp-VSjGpGPo"
[2015-10-18 10:15:55][debug] call back test:入库成功
[2015-10-18 10:43:47][debug] begin notify
[2015-10-18 10:43:47][debug] call back test:{"appid":"wx161f19ac48b1f2f3","attach":"\u9a6c\u62c9\u677e\u62a5\u540d","bank_type":"CFT","cash_fee":"6000","fee_type":"CNY","is_subscribe":"Y","mch_id":"1268067601","nonce_str":"c63cuf9khce85nh7bnqexgwtl0cq7qui","openid":"ouN6_s9eejLEucjgPrWS84lxsp6c","out_trade_no":"126806760120151018104320","result_code":"SUCCESS","return_code":"SUCCESS","sign":"F24261418D85FE7D2B549F20C2BCA671","time_end":"20151018104346","total_fee":"6000","trade_type":"JSAPI","transaction_id":"1004900869201510181239867139"}
[2015-10-18 10:43:48][debug] query:{"appid":"wx161f19ac48b1f2f3","attach":"\u9a6c\u62c9\u677e\u62a5\u540d","bank_type":"CFT","cash_fee":"6000","fee_type":"CNY","is_subscribe":"Y","mch_id":"1268067601","nonce_str":"TFrAA8FVzcL8ZAk6","openid":"ouN6_s9eejLEucjgPrWS84lxsp6c","out_trade_no":"126806760120151018104320","result_code":"SUCCESS","return_code":"SUCCESS","return_msg":"OK","sign":"C19CBA2EFD827F381EE0D638E289C1A5","time_end":"20151018104346","total_fee":"6000","trade_state":"SUCCESS","trade_type":"JSAPI","transaction_id":"1004900869201510181239867139"}
[2015-10-18 10:43:48][debug] call back test:订单查询成功
[2015-10-18 10:43:48][debug] call back test:未入库
[2015-10-18 10:43:48][debug] call back test sql:UPDATE pa_marathon SET ispay =1,transaction_id="1004900869201510181239867139",out_trade_no="126806760120151018104320" WHERE openid ="ouN6_s9eejLEucjgPrWS84lxsp6c"
[2015-10-18 10:43:48][debug] call back test:入库成功
[2015-10-18 10:50:44][debug] begin notify
[2015-10-18 10:50:44][debug] call back test:{"appid":"wx161f19ac48b1f2f3","attach":"\u9a6c\u62c9\u677e\u62a5\u540d","bank_type":"BOC_DEBIT","cash_fee":"4000","fee_type":"CNY","is_subscribe":"Y","mch_id":"1268067601","nonce_str":"g1kdprye2zok9mspfcxknm5313gmrfg6","openid":"ouN6_s3TaFqcLaiBAb0kCVjc1dgM","out_trade_no":"126806760120151018105008","result_code":"SUCCESS","return_code":"SUCCESS","sign":"AFBD762FB0A4BB4466871231C7863739","time_end":"20151018105044","total_fee":"4000","trade_type":"JSAPI","transaction_id":"1008510869201510181239955149"}
[2015-10-18 10:50:44][debug] query:{"appid":"wx161f19ac48b1f2f3","attach":"\u9a6c\u62c9\u677e\u62a5\u540d","bank_type":"BOC_DEBIT","cash_fee":"4000","fee_type":"CNY","is_subscribe":"Y","mch_id":"1268067601","nonce_str":"XmMv3yQIpDFYPEGr","openid":"ouN6_s3TaFqcLaiBAb0kCVjc1dgM","out_trade_no":"126806760120151018105008","result_code":"SUCCESS","return_code":"SUCCESS","return_msg":"OK","sign":"1C58D9B33953627F650903B2842E20B2","time_end":"20151018105043","total_fee":"4000","trade_state":"SUCCESS","trade_type":"JSAPI","transaction_id":"1008510869201510181239955149"}
[2015-10-18 10:50:44][debug] call back test:订单查询成功
[2015-10-18 10:50:44][debug] call back test:未入库
[2015-10-18 10:50:44][debug] call back test sql:UPDATE pa_marathon SET ispay =1,transaction_id="1008510869201510181239955149",out_trade_no="126806760120151018105008" WHERE openid ="ouN6_s3TaFqcLaiBAb0kCVjc1dgM"
[2015-10-18 10:50:44][debug] call back test:入库成功
[2015-10-18 10:51:07][debug] begin notify
[2015-10-18 10:51:07][debug] call back test:{"appid":"wx161f19ac48b1f2f3","attach":"\u9a6c\u62c9\u677e\u62a5\u540d","bank_type":"CFT","cash_fee":"6000","fee_type":"CNY","is_subscribe":"Y","mch_id":"1268067601","nonce_str":"oj3gb7ud9v5mjqm9q14p82x814schnsn","openid":"ouN6_s96lXuTlE7eypbJIqgoD8ho","out_trade_no":"126806760120151018105058","result_code":"SUCCESS","return_code":"SUCCESS","sign":"BE603527846D0A7497E3F0CDD8D6884F","time_end":"20151018105106","total_fee":"6000","trade_type":"JSAPI","transaction_id":"1003130869201510181239960700"}
[2015-10-18 10:51:07][debug] query:{"appid":"wx161f19ac48b1f2f3","attach":"\u9a6c\u62c9\u677e\u62a5\u540d","bank_type":"CFT","cash_fee":"6000","fee_type":"CNY","is_subscribe":"Y","mch_id":"1268067601","nonce_str":"hwHOHuotWGxamLzW","openid":"ouN6_s96lXuTlE7eypbJIqgoD8ho","out_trade_no":"126806760120151018105058","result_code":"SUCCESS","return_code":"SUCCESS","return_msg":"OK","sign":"D0D50EF5145645047A6BEB412B8EF802","time_end":"20151018105105","total_fee":"6000","trade_state":"SUCCESS","trade_type":"JSAPI","transaction_id":"1003130869201510181239960700"}
[2015-10-18 10:51:07][debug] call back test:订单查询成功
[2015-10-18 10:51:07][debug] call back test:未入库
[2015-10-18 10:51:07][debug] call back test sql:UPDATE pa_marathon SET ispay =1,transaction_id="1003130869201510181239960700",out_trade_no="126806760120151018105058" WHERE openid ="ouN6_s96lXuTlE7eypbJIqgoD8ho"
[2015-10-18 10:51:07][debug] call back test:入库成功
[2015-10-18 11:04:32][debug] begin notify
[2015-10-18 11:04:32][debug] call back test:{"appid":"wx161f19ac48b1f2f3","attach":"\u9a6c\u62c9\u677e\u62a5\u540d","bank_type":"ABC_DEBIT","cash_fee":"6000","fee_type":"CNY","is_subscribe":"N","mch_id":"1268067601","nonce_str":"th8kszkeubtj6w9fhof4gkkkvkquwjbg","openid":"ouN6_s4CiC-HnnQL7JJlZeH5hYtI","out_trade_no":"126806760120151018110319","result_code":"SUCCESS","return_code":"SUCCESS","sign":"E32D4305A32E1C2E05B791DD6F9900C6","time_end":"20151018110431","total_fee":"6000","trade_type":"JSAPI","transaction_id":"1003410869201510181240152420"}
[2015-10-18 11:04:32][debug] query:{"appid":"wx161f19ac48b1f2f3","attach":"\u9a6c\u62c9\u677e\u62a5\u540d","bank_type":"ABC_DEBIT","cash_fee":"6000","fee_type":"CNY","is_subscribe":"N","mch_id":"1268067601","nonce_str":"I2WWCTstWKpQYX2t","openid":"ouN6_s4CiC-HnnQL7JJlZeH5hYtI","out_trade_no":"126806760120151018110319","result_code":"SUCCESS","return_code":"SUCCESS","return_msg":"OK","sign":"5EF9D7050C9BE5CB2FA990B9E0AB99DE","time_end":"20151018110431","total_fee":"6000","trade_state":"SUCCESS","trade_type":"JSAPI","transaction_id":"1003410869201510181240152420"}
[2015-10-18 11:04:32][debug] call back test:订单查询成功
[2015-10-18 11:04:32][debug] call back test:未入库
[2015-10-18 11:04:32][debug] call back test sql:UPDATE pa_marathon SET ispay =1,transaction_id="1003410869201510181240152420",out_trade_no="126806760120151018110319" WHERE openid ="ouN6_s4CiC-HnnQL7JJlZeH5hYtI"
[2015-10-18 11:04:32][debug] call back test:入库成功
[2015-10-18 11:17:30][debug] begin notify
[2015-10-18 11:17:30][debug] call back test:{"appid":"wx161f19ac48b1f2f3","attach":"\u9a6c\u62c9\u677e\u62a5\u540d","bank_type":"CCB_DEBIT","cash_fee":"6000","fee_type":"CNY","is_subscribe":"Y","mch_id":"1268067601","nonce_str":"cl2h5zdme1lnq0yydhjxd3uuydoeqdsx","openid":"ouN6_s7bBOpwAgfbkODpe5v4s3ps","out_trade_no":"126806760120151018111710","result_code":"SUCCESS","return_code":"SUCCESS","sign":"2B4D1D66ACA1142CF2CC78FB8176D3A0","time_end":"20151018111729","total_fee":"6000","trade_type":"JSAPI","transaction_id":"1006480869201510181240337634"}
[2015-10-18 11:17:30][debug] query:{"appid":"wx161f19ac48b1f2f3","attach":"\u9a6c\u62c9\u677e\u62a5\u540d","bank_type":"CCB_DEBIT","cash_fee":"6000","fee_type":"CNY","is_subscribe":"Y","mch_id":"1268067601","nonce_str":"OCgZCugqn6cb5j5r","openid":"ouN6_s7bBOpwAgfbkODpe5v4s3ps","out_trade_no":"126806760120151018111710","result_code":"SUCCESS","return_code":"SUCCESS","return_msg":"OK","sign":"D4FE5D9A2FFBC4C80D5EE2AE5D4D322D","time_end":"20151018111728","total_fee":"6000","trade_state":"SUCCESS","trade_type":"JSAPI","transaction_id":"1006480869201510181240337634"}
[2015-10-18 11:17:30][debug] call back test:订单查询成功
[2015-10-18 11:17:30][debug] call back test:未入库
[2015-10-18 11:17:30][debug] call back test sql:UPDATE pa_marathon SET ispay =1,transaction_id="1006480869201510181240337634",out_trade_no="126806760120151018111710" WHERE openid ="ouN6_s7bBOpwAgfbkODpe5v4s3ps"
[2015-10-18 11:17:30][debug] call back test:入库成功
[2015-10-18 11:19:49][debug] begin notify
[2015-10-18 11:19:49][debug] call back test:{"appid":"wx161f19ac48b1f2f3","attach":"\u9a6c\u62c9\u677e\u62a5\u540d","bank_type":"GDB_CREDIT","cash_fee":"6000","fee_type":"CNY","is_subscribe":"Y","mch_id":"1268067601","nonce_str":"yg4shvt0gl6xk5h980u2u12knj0663pj","openid":"ouN6_sx-jp-SzIXF28de8Iy0JGzM","out_trade_no":"126806760120151018111434","result_code":"SUCCESS","return_code":"SUCCESS","sign":"02384945D42433336C5B6C317D61E627","time_end":"20151018111948","total_fee":"6000","trade_type":"JSAPI","transaction_id":"1008970869201510181240377819"}
[2015-10-18 11:20:02][debug] begin notify
[2015-10-18 11:20:02][debug] call back test:{"appid":"wx161f19ac48b1f2f3","attach":"\u9a6c\u62c9\u677e\u62a5\u540d","bank_type":"GDB_CREDIT","cash_fee":"6000","fee_type":"CNY","is_subscribe":"Y","mch_id":"1268067601","nonce_str":"yg4shvt0gl6xk5h980u2u12knj0663pj","openid":"ouN6_sx-jp-SzIXF28de8Iy0JGzM","out_trade_no":"126806760120151018111434","result_code":"SUCCESS","return_code":"SUCCESS","sign":"02384945D42433336C5B6C317D61E627","time_end":"20151018111948","total_fee":"6000","trade_type":"JSAPI","transaction_id":"1008970869201510181240377819"}
[2015-10-18 11:20:05][debug] query:{"appid":"wx161f19ac48b1f2f3","attach":"\u9a6c\u62c9\u677e\u62a5\u540d","bank_type":"GDB_CREDIT","cash_fee":"6000","fee_type":"CNY","is_subscribe":"Y","mch_id":"1268067601","nonce_str":"Gb77jaRFNYaTfEkf","openid":"ouN6_sx-jp-SzIXF28de8Iy0JGzM","out_trade_no":"126806760120151018111434","result_code":"SUCCESS","return_code":"SUCCESS","return_msg":"OK","sign":"4742E05ECBEB8F49A7EB020A4D3C128F","time_end":"20151018111947","total_fee":"6000","trade_state":"SUCCESS","trade_type":"JSAPI","transaction_id":"1008970869201510181240377819"}
[2015-10-18 11:20:05][debug] call back test:订单查询成功
[2015-10-18 11:20:05][debug] call back test:未入库
[2015-10-18 11:20:05][debug] call back test sql:UPDATE pa_marathon SET ispay =1,transaction_id="1008970869201510181240377819",out_trade_no="126806760120151018111434" WHERE openid ="ouN6_sx-jp-SzIXF28de8Iy0JGzM"
[2015-10-18 11:20:05][debug] call back test:入库成功
[2015-10-18 11:29:32][debug] begin notify
[2015-10-18 11:29:32][debug] call back test:{"appid":"wx161f19ac48b1f2f3","attach":"\u9a6c\u62c9\u677e\u62a5\u540d","bank_type":"ABC_DEBIT","cash_fee":"6000","fee_type":"CNY","is_subscribe":"Y","mch_id":"1268067601","nonce_str":"9jr7jljx6i12q438lqluofrnysl47af6","openid":"ouN6_s7q-Khvdl456wMAsjcd7-EY","out_trade_no":"126806760120151018112620","result_code":"SUCCESS","return_code":"SUCCESS","sign":"FDC9877C54019C037147587A0A896D24","time_end":"20151018112932","total_fee":"6000","trade_type":"JSAPI","transaction_id":"1009120869201510181240500179"}
[2015-10-18 11:29:32][debug] query:{"appid":"wx161f19ac48b1f2f3","attach":"\u9a6c\u62c9\u677e\u62a5\u540d","bank_type":"ABC_DEBIT","cash_fee":"6000","fee_type":"CNY","is_subscribe":"Y","mch_id":"1268067601","nonce_str":"r7xZTlK6FvrjtPwZ","openid":"ouN6_s7q-Khvdl456wMAsjcd7-EY","out_trade_no":"126806760120151018112620","result_code":"SUCCESS","return_code":"SUCCESS","return_msg":"OK","sign":"92FACDFEF79A01C2FA8FA7928CD0450B","time_end":"20151018112931","total_fee":"6000","trade_state":"SUCCESS","trade_type":"JSAPI","transaction_id":"1009120869201510181240500179"}
[2015-10-18 11:29:32][debug] call back test:订单查询成功
[2015-10-18 11:29:32][debug] call back test:未入库
[2015-10-18 11:29:32][debug] call back test sql:UPDATE pa_marathon SET ispay =1,transaction_id="1009120869201510181240500179",out_trade_no="126806760120151018112620" WHERE openid ="ouN6_s7q-Khvdl456wMAsjcd7-EY"
[2015-10-18 11:29:32][debug] call back test:入库成功
[2015-10-18 11:55:55][debug] begin notify
[2015-10-18 11:55:55][debug] call back test:{"appid":"wx161f19ac48b1f2f3","attach":"\u9a6c\u62c9\u677e\u62a5\u540d","bank_type":"CFT","cash_fee":"8000","fee_type":"CNY","is_subscribe":"Y","mch_id":"1268067601","nonce_str":"25o9fy2mh2rvx1hs73sip35dahlde30h","openid":"ouN6_s-HwW2Jj7sDfaH4gsMcMJmg","out_trade_no":"126806760120151018115434","result_code":"SUCCESS","return_code":"SUCCESS","sign":"0CBF13E2AB6419373DB69349E4B01D7B","time_end":"20151018115555","total_fee":"8000","trade_type":"JSAPI","transaction_id":"1006960869201510181240927328"}
[2015-10-18 11:55:56][debug] query:{"appid":"wx161f19ac48b1f2f3","attach":"\u9a6c\u62c9\u677e\u62a5\u540d","bank_type":"CFT","cash_fee":"8000","fee_type":"CNY","is_subscribe":"Y","mch_id":"1268067601","nonce_str":"3pa7IN0T7TaeLwie","openid":"ouN6_s-HwW2Jj7sDfaH4gsMcMJmg","out_trade_no":"126806760120151018115434","result_code":"SUCCESS","return_code":"SUCCESS","return_msg":"OK","sign":"1E356CF9CC8E2B40FF346CD9DC87DB20","time_end":"20151018115555","total_fee":"8000","trade_state":"SUCCESS","trade_type":"JSAPI","transaction_id":"1006960869201510181240927328"}
[2015-10-18 11:55:56][debug] call back test:订单查询成功
[2015-10-18 11:55:56][debug] call back test:未入库
[2015-10-18 11:55:56][debug] call back test sql:UPDATE pa_marathon SET ispay =1,transaction_id="1006960869201510181240927328",out_trade_no="126806760120151018115434" WHERE openid ="ouN6_s-HwW2Jj7sDfaH4gsMcMJmg"
[2015-10-18 11:55:56][debug] call back test:入库成功
[2015-10-18 13:17:12][debug] begin notify
[2015-10-18 13:17:12][debug] call back test:{"appid":"wx161f19ac48b1f2f3","attach":"\u9a6c\u62c9\u677e\u62a5\u540d","bank_type":"ABC_DEBIT","cash_fee":"4000","fee_type":"CNY","is_subscribe":"Y","mch_id":"1268067601","nonce_str":"qdnvmtpjc684dpz8lovhawseujvv9q17","openid":"ouN6_s3Sgd3wXRvoelJtrrWFMqqI","out_trade_no":"126806760120151018131519","result_code":"SUCCESS","return_code":"SUCCESS","sign":"69D26E8189EEE30EF42DEAE0F01C55F8","time_end":"20151018131712","total_fee":"4000","trade_type":"JSAPI","transaction_id":"1002870869201510181242175548"}
[2015-10-18 13:17:12][debug] query:{"appid":"wx161f19ac48b1f2f3","attach":"\u9a6c\u62c9\u677e\u62a5\u540d","bank_type":"ABC_DEBIT","cash_fee":"4000","fee_type":"CNY","is_subscribe":"Y","mch_id":"1268067601","nonce_str":"WaIR1Nav4yRecHKj","openid":"ouN6_s3Sgd3wXRvoelJtrrWFMqqI","out_trade_no":"126806760120151018131519","result_code":"SUCCESS","return_code":"SUCCESS","return_msg":"OK","sign":"4114D6A4BD8A69FDBC0878E10050B647","time_end":"20151018131711","total_fee":"4000","trade_state":"SUCCESS","trade_type":"JSAPI","transaction_id":"1002870869201510181242175548"}
[2015-10-18 13:17:12][debug] call back test:订单查询成功
[2015-10-18 13:17:12][debug] call back test:未入库
[2015-10-18 13:17:12][debug] call back test sql:UPDATE pa_marathon SET ispay =1,transaction_id="1002870869201510181242175548",out_trade_no="126806760120151018131519" WHERE openid ="ouN6_s3Sgd3wXRvoelJtrrWFMqqI"
[2015-10-18 13:17:12][debug] call back test:入库成功
[2015-10-18 13:26:09][debug] begin notify
[2015-10-18 13:26:09][debug] call back test:{"appid":"wx161f19ac48b1f2f3","attach":"\u9a6c\u62c9\u677e\u62a5\u540d","bank_type":"ABC_DEBIT","cash_fee":"4000","fee_type":"CNY","is_subscribe":"Y","mch_id":"1268067601","nonce_str":"ygt6u91xzbtvr180681ees9f16yodsye","openid":"ouN6_s3Sgd3wXRvoelJtrrWFMqqI","out_trade_no":"126806760120151018132511","result_code":"SUCCESS","return_code":"SUCCESS","sign":"929C6A2B6BAB133567CA6795E4F79ADD","time_end":"20151018132608","total_fee":"4000","trade_type":"JSAPI","transaction_id":"1002870869201510181242303684"}
[2015-10-18 13:26:09][debug] query:{"appid":"wx161f19ac48b1f2f3","attach":"\u9a6c\u62c9\u677e\u62a5\u540d","bank_type":"ABC_DEBIT","cash_fee":"4000","fee_type":"CNY","is_subscribe":"Y","mch_id":"1268067601","nonce_str":"C5P3OKc3lliqcZIA","openid":"ouN6_s3Sgd3wXRvoelJtrrWFMqqI","out_trade_no":"126806760120151018132511","result_code":"SUCCESS","return_code":"SUCCESS","return_msg":"OK","sign":"F08813D457D2F07177FEF67A183AEBF4","time_end":"20151018132608","total_fee":"4000","trade_state":"SUCCESS","trade_type":"JSAPI","transaction_id":"1002870869201510181242303684"}
[2015-10-18 13:26:09][debug] call back test:订单查询成功
[2015-10-18 13:26:09][debug] call back test:未入库
[2015-10-18 13:26:09][debug] call back test sql:UPDATE pa_marathon SET ispay =1,transaction_id="1002870869201510181242303684",out_trade_no="126806760120151018132511" WHERE openid ="ouN6_s3Sgd3wXRvoelJtrrWFMqqI"
[2015-10-18 13:26:09][debug] call back test:入库成功
[2015-10-18 13:27:57][debug] begin notify
[2015-10-18 13:27:57][debug] call back test:{"appid":"wx161f19ac48b1f2f3","attach":"\u9a6c\u62c9\u677e\u62a5\u540d","bank_type":"COMM_DEBIT","cash_fee":"4000","fee_type":"CNY","is_subscribe":"Y","mch_id":"1268067601","nonce_str":"g2vbw87zgrd0mzu1z5x9el7dclj0dxn3","openid":"ouN6_s9gjVgsTjEJBPcbJ3c_NQjg","out_trade_no":"126806760120151018132730","result_code":"SUCCESS","return_code":"SUCCESS","sign":"A26BEFADB7D8CB19A7B80D4B26B0C29D","time_end":"20151018132754","total_fee":"4000","trade_type":"JSAPI","transaction_id":"1009240869201510181242323559"}
[2015-10-18 13:27:57][debug] query:{"appid":"wx161f19ac48b1f2f3","attach":"\u9a6c\u62c9\u677e\u62a5\u540d","bank_type":"COMM_DEBIT","cash_fee":"4000","fee_type":"CNY","is_subscribe":"Y","mch_id":"1268067601","nonce_str":"KzbKD6vLeoWsIV8g","openid":"ouN6_s9gjVgsTjEJBPcbJ3c_NQjg","out_trade_no":"126806760120151018132730","result_code":"SUCCESS","return_code":"SUCCESS","return_msg":"OK","sign":"1CD8A988184D29EDF6DF3FC00521EA5B","time_end":"20151018132753","total_fee":"4000","trade_state":"SUCCESS","trade_type":"JSAPI","transaction_id":"1009240869201510181242323559"}
[2015-10-18 13:27:57][debug] call back test:订单查询成功
[2015-10-18 13:27:57][debug] call back test:未入库
[2015-10-18 13:27:57][debug] call back test sql:UPDATE pa_marathon SET ispay =1,transaction_id="1009240869201510181242323559",out_trade_no="126806760120151018132730" WHERE openid ="ouN6_s9gjVgsTjEJBPcbJ3c_NQjg"
[2015-10-18 13:27:57][debug] call back test:入库成功
[2015-10-18 13:28:09][debug] begin notify
[2015-10-18 13:28:09][debug] call back test:{"appid":"wx161f19ac48b1f2f3","attach":"\u9a6c\u62c9\u677e\u62a5\u540d","bank_type":"COMM_DEBIT","cash_fee":"4000","fee_type":"CNY","is_subscribe":"Y","mch_id":"1268067601","nonce_str":"g2vbw87zgrd0mzu1z5x9el7dclj0dxn3","openid":"ouN6_s9gjVgsTjEJBPcbJ3c_NQjg","out_trade_no":"126806760120151018132730","result_code":"SUCCESS","return_code":"SUCCESS","sign":"A26BEFADB7D8CB19A7B80D4B26B0C29D","time_end":"20151018132754","total_fee":"4000","trade_type":"JSAPI","transaction_id":"1009240869201510181242323559"}
[2015-10-18 13:28:10][debug] query:{"appid":"wx161f19ac48b1f2f3","attach":"\u9a6c\u62c9\u677e\u62a5\u540d","bank_type":"COMM_DEBIT","cash_fee":"4000","fee_type":"CNY","is_subscribe":"Y","mch_id":"1268067601","nonce_str":"rxthJ7B0EMnekNmK","openid":"ouN6_s9gjVgsTjEJBPcbJ3c_NQjg","out_trade_no":"126806760120151018132730","result_code":"SUCCESS","return_code":"SUCCESS","return_msg":"OK","sign":"58B7A57F9232217E5A8437661A034F2E","time_end":"20151018132753","total_fee":"4000","trade_state":"SUCCESS","trade_type":"JSAPI","transaction_id":"1009240869201510181242323559"}
[2015-10-18 13:28:10][debug] call back test:订单查询成功
[2015-10-18 13:28:10][debug] call back test:已入库
[2015-10-18 13:31:03][debug] begin notify
[2015-10-18 13:31:03][debug] call back test:{"appid":"wx161f19ac48b1f2f3","attach":"\u9a6c\u62c9\u677e\u62a5\u540d","bank_type":"GDB_CREDIT","cash_fee":"6000","fee_type":"CNY","is_subscribe":"Y","mch_id":"1268067601","nonce_str":"00cgfcmsjekvkmqz2iheb64wosv46mt8","openid":"ouN6_s-gic0z7TjkF2z-p1TWjVqk","out_trade_no":"126806760120151018133020","result_code":"SUCCESS","return_code":"SUCCESS","sign":"DDE07EA49FFA06F34AB85D307C5B178C","time_end":"20151018133103","total_fee":"6000","trade_type":"JSAPI","transaction_id":"1003410869201510181242367351"}
[2015-10-18 13:31:04][debug] query:{"appid":"wx161f19ac48b1f2f3","attach":"\u9a6c\u62c9\u677e\u62a5\u540d","bank_type":"GDB_CREDIT","cash_fee":"6000","fee_type":"CNY","is_subscribe":"Y","mch_id":"1268067601","nonce_str":"Y4MPhYYz3Fp8P0M0","openid":"ouN6_s-gic0z7TjkF2z-p1TWjVqk","out_trade_no":"126806760120151018133020","result_code":"SUCCESS","return_code":"SUCCESS","return_msg":"OK","sign":"C2DD79758CCD258DD12F1698F272893A","time_end":"20151018133102","total_fee":"6000","trade_state":"SUCCESS","trade_type":"JSAPI","transaction_id":"1003410869201510181242367351"}
[2015-10-18 13:31:04][debug] call back test:订单查询成功
[2015-10-18 13:31:04][debug] call back test:未入库
[2015-10-18 13:31:04][debug] call back test sql:UPDATE pa_marathon SET ispay =1,transaction_id="1003410869201510181242367351",out_trade_no="126806760120151018133020" WHERE openid ="ouN6_s-gic0z7TjkF2z-p1TWjVqk"
[2015-10-18 13:31:04][debug] call back test:入库成功
[2015-10-18 13:35:29][debug] begin notify
[2015-10-18 13:35:29][debug] call back test:{"appid":"wx161f19ac48b1f2f3","attach":"\u9a6c\u62c9\u677e\u62a5\u540d","bank_type":"CFT","cash_fee":"4000","fee_type":"CNY","is_subscribe":"Y","mch_id":"1268067601","nonce_str":"874i6l0u44jptdw5wfgrck00kmffsqxl","openid":"ouN6_s6nea87UCx1zzCF5ZcaRj1s","out_trade_no":"126806760120151018133509","result_code":"SUCCESS","return_code":"SUCCESS","sign":"8D0073133137BD0E4429E185E05FF0BC","time_end":"20151018133528","total_fee":"4000","trade_type":"JSAPI","transaction_id":"1007840869201510181242433521"}
[2015-10-18 13:35:29][debug] query:{"appid":"wx161f19ac48b1f2f3","attach":"\u9a6c\u62c9\u677e\u62a5\u540d","bank_type":"CFT","cash_fee":"4000","fee_type":"CNY","is_subscribe":"Y","mch_id":"1268067601","nonce_str":"doMUkDgRZ1tvhKcA","openid":"ouN6_s6nea87UCx1zzCF5ZcaRj1s","out_trade_no":"126806760120151018133509","result_code":"SUCCESS","return_code":"SUCCESS","return_msg":"OK","sign":"A610144305714284A6D61C623ACFD729","time_end":"20151018133528","total_fee":"4000","trade_state":"SUCCESS","trade_type":"JSAPI","transaction_id":"1007840869201510181242433521"}
[2015-10-18 13:35:29][debug] call back test:订单查询成功
[2015-10-18 13:35:29][debug] call back test:未入库
[2015-10-18 13:35:29][debug] call back test sql:UPDATE pa_marathon SET ispay =1,transaction_id="1007840869201510181242433521",out_trade_no="126806760120151018133509" WHERE openid ="ouN6_s6nea87UCx1zzCF5ZcaRj1s"
[2015-10-18 13:35:29][debug] call back test:入库成功
[2015-10-18 13:52:47][debug] begin notify
[2015-10-18 13:52:47][debug] call back test:{"appid":"wx161f19ac48b1f2f3","attach":"\u9a6c\u62c9\u677e\u62a5\u540d","bank_type":"COMM_DEBIT","cash_fee":"4000","fee_type":"CNY","is_subscribe":"Y","mch_id":"1268067601","nonce_str":"y3ihb2ih17u56zdtz07xz9x8bdejhlj8","openid":"ouN6_s9gjVgsTjEJBPcbJ3c_NQjg","out_trade_no":"126806760120151018135055","result_code":"SUCCESS","return_code":"SUCCESS","sign":"89F8C2540146492F4488DC632F11CCFC","time_end":"20151018135247","total_fee":"4000","trade_type":"JSAPI","transaction_id":"1009240869201510181242667263"}
[2015-10-18 13:52:47][debug] query:{"appid":"wx161f19ac48b1f2f3","attach":"\u9a6c\u62c9\u677e\u62a5\u540d","bank_type":"COMM_DEBIT","cash_fee":"4000","fee_type":"CNY","is_subscribe":"Y","mch_id":"1268067601","nonce_str":"E8i0t90Q8IhNIxeP","openid":"ouN6_s9gjVgsTjEJBPcbJ3c_NQjg","out_trade_no":"126806760120151018135055","result_code":"SUCCESS","return_code":"SUCCESS","return_msg":"OK","sign":"8265EAECE394D5C31ED498FC4B3B0F62","time_end":"20151018135246","total_fee":"4000","trade_state":"SUCCESS","trade_type":"JSAPI","transaction_id":"1009240869201510181242667263"}
[2015-10-18 13:52:47][debug] call back test:订单查询成功
[2015-10-18 13:52:47][debug] call back test:未入库
[2015-10-18 13:52:47][debug] call back test sql:UPDATE pa_marathon SET ispay =1,transaction_id="1009240869201510181242667263",out_trade_no="126806760120151018135055" WHERE openid ="ouN6_s9gjVgsTjEJBPcbJ3c_NQjg"
[2015-10-18 13:52:48][debug] call back test:入库成功
[2015-10-18 14:05:25][debug] begin notify
[2015-10-18 14:05:25][debug] call back test:{"appid":"wx161f19ac48b1f2f3","attach":"\u9a6c\u62c9\u677e\u62a5\u540d","bank_type":"CFT","cash_fee":"4000","fee_type":"CNY","is_subscribe":"Y","mch_id":"1268067601","nonce_str":"f1399mvgzapqmvsvzprtzxtsxv5wjgp5","openid":"ouN6_sxCzAaqgBZjtuX_1Cw8-ogw","out_trade_no":"126806760120151018140513","result_code":"SUCCESS","return_code":"SUCCESS","sign":"1A0ACD475859361BA38F6872D6EE366A","time_end":"20151018140525","total_fee":"4000","trade_type":"JSAPI","transaction_id":"1004610869201510181242842202"}
[2015-10-18 14:05:26][debug] query:{"appid":"wx161f19ac48b1f2f3","attach":"\u9a6c\u62c9\u677e\u62a5\u540d","bank_type":"CFT","cash_fee":"4000","fee_type":"CNY","is_subscribe":"Y","mch_id":"1268067601","nonce_str":"EqjXjpRDiqwS8Xge","openid":"ouN6_sxCzAaqgBZjtuX_1Cw8-ogw","out_trade_no":"126806760120151018140513","result_code":"SUCCESS","return_code":"SUCCESS","return_msg":"OK","sign":"1151D9BFCFF84CC41987106D548FE39F","time_end":"20151018140524","total_fee":"4000","trade_state":"SUCCESS","trade_type":"JSAPI","transaction_id":"1004610869201510181242842202"}
[2015-10-18 14:05:26][debug] call back test:订单查询成功
[2015-10-18 14:05:26][debug] call back test:未入库
[2015-10-18 14:05:26][debug] call back test sql:UPDATE pa_marathon SET ispay =1,transaction_id="1004610869201510181242842202",out_trade_no="126806760120151018140513" WHERE openid ="ouN6_sxCzAaqgBZjtuX_1Cw8-ogw"
[2015-10-18 14:05:26][debug] call back test:入库成功
[2015-10-18 14:32:00][debug] begin notify
[2015-10-18 14:32:00][debug] call back test:{"appid":"wx161f19ac48b1f2f3","attach":"\u9a6c\u62c9\u677e\u62a5\u540d","bank_type":"ABC_DEBIT","cash_fee":"6000","fee_type":"CNY","is_subscribe":"Y","mch_id":"1268067601","nonce_str":"urj9u8ocqx52rriwlfhd6tspbhhgb8xo","openid":"ouN6_syY2BPRu3tW5GCwzXw4JZsE","out_trade_no":"126806760120151018142343","result_code":"SUCCESS","return_code":"SUCCESS","sign":"0DF64AE0F98A42D0CE52F4D7417AABDB","time_end":"20151018143149","total_fee":"6000","trade_type":"JSAPI","transaction_id":"1006130869201510181243090492"}
[2015-10-18 14:32:00][debug] query:{"appid":"wx161f19ac48b1f2f3","attach":"\u9a6c\u62c9\u677e\u62a5\u540d","bank_type":"ABC_DEBIT","cash_fee":"6000","fee_type":"CNY","is_subscribe":"Y","mch_id":"1268067601","nonce_str":"jxmSgkFPAexNCktc","openid":"ouN6_syY2BPRu3tW5GCwzXw4JZsE","out_trade_no":"126806760120151018142343","result_code":"SUCCESS","return_code":"SUCCESS","return_msg":"OK","sign":"EF7C922D60205DA8CC7C9E4B086D0E21","time_end":"20151018143046","total_fee":"6000","trade_state":"SUCCESS","trade_type":"JSAPI","transaction_id":"1006130869201510181243090492"}
[2015-10-18 14:32:00][debug] call back test:订单查询成功
[2015-10-18 14:32:00][debug] call back test:未入库
[2015-10-18 14:32:00][debug] call back test sql:UPDATE pa_marathon SET ispay =1,transaction_id="1006130869201510181243090492",out_trade_no="126806760120151018142343" WHERE openid ="ouN6_syY2BPRu3tW5GCwzXw4JZsE"
[2015-10-18 14:32:00][debug] call back test:入库成功
[2015-10-18 14:32:44][debug] begin notify
[2015-10-18 14:32:44][debug] call back test:{"appid":"wx161f19ac48b1f2f3","attach":"\u9a6c\u62c9\u677e\u62a5\u540d","bank_type":"CCB_DEBIT","cash_fee":"4000","fee_type":"CNY","is_subscribe":"Y","mch_id":"1268067601","nonce_str":"zwew3ndw1yx3s79puqq45oayenk3an57","openid":"ouN6_s-M1mGrBuTpV85mZCjeVXOM","out_trade_no":"126806760120151018143125","result_code":"SUCCESS","return_code":"SUCCESS","sign":"694AAE24FB83D1E06B2A7032C14F35B3","time_end":"20151018143244","total_fee":"4000","trade_type":"JSAPI","transaction_id":"1004850869201510181243170611"}
[2015-10-18 14:32:45][debug] query:{"appid":"wx161f19ac48b1f2f3","attach":"\u9a6c\u62c9\u677e\u62a5\u540d","bank_type":"CCB_DEBIT","cash_fee":"4000","fee_type":"CNY","is_subscribe":"Y","mch_id":"1268067601","nonce_str":"sAQaS8TuOcL27RY8","openid":"ouN6_s-M1mGrBuTpV85mZCjeVXOM","out_trade_no":"126806760120151018143125","result_code":"SUCCESS","return_code":"SUCCESS","return_msg":"OK","sign":"C7A6BFC5226A8A19C8394C72CC4D94DE","time_end":"20151018143243","total_fee":"4000","trade_state":"SUCCESS","trade_type":"JSAPI","transaction_id":"1004850869201510181243170611"}
[2015-10-18 14:32:45][debug] call back test:订单查询成功
[2015-10-18 14:32:45][debug] call back test:未入库
[2015-10-18 14:32:45][debug] call back test sql:UPDATE pa_marathon SET ispay =1,transaction_id="1004850869201510181243170611",out_trade_no="126806760120151018143125" WHERE openid ="ouN6_s-M1mGrBuTpV85mZCjeVXOM"
[2015-10-18 14:32:45][debug] call back test:入库成功
[2015-10-18 15:12:08][debug] begin notify
[2015-10-18 15:12:08][debug] call back test:{"appid":"wx161f19ac48b1f2f3","attach":"\u9a6c\u62c9\u677e\u62a5\u540d","bank_type":"SPDB_DEBIT","cash_fee":"6000","fee_type":"CNY","is_subscribe":"N","mch_id":"1268067601","nonce_str":"400mte52bvbi10u5rb3pf6pl3n76ks7l","openid":"ouN6_sy59UwKXtiZfX8DI3nHXZXM","out_trade_no":"126806760120151018151038","result_code":"SUCCESS","return_code":"SUCCESS","sign":"60B7F98B041EA7A4EECFFE915E9CF526","time_end":"20151018151207","total_fee":"6000","trade_type":"JSAPI","transaction_id":"1007380869201510181243618605"}
[2015-10-18 15:12:25][debug] begin notify
[2015-10-18 15:12:25][debug] call back test:{"appid":"wx161f19ac48b1f2f3","attach":"\u9a6c\u62c9\u677e\u62a5\u540d","bank_type":"SPDB_DEBIT","cash_fee":"6000","fee_type":"CNY","is_subscribe":"N","mch_id":"1268067601","nonce_str":"400mte52bvbi10u5rb3pf6pl3n76ks7l","openid":"ouN6_sy59UwKXtiZfX8DI3nHXZXM","out_trade_no":"126806760120151018151038","result_code":"SUCCESS","return_code":"SUCCESS","sign":"60B7F98B041EA7A4EECFFE915E9CF526","time_end":"20151018151207","total_fee":"6000","trade_type":"JSAPI","transaction_id":"1007380869201510181243618605"}
[2015-10-18 15:12:45][debug] begin notify
[2015-10-18 15:12:45][debug] call back test:{"appid":"wx161f19ac48b1f2f3","attach":"\u9a6c\u62c9\u677e\u62a5\u540d","bank_type":"SPDB_DEBIT","cash_fee":"6000","fee_type":"CNY","is_subscribe":"N","mch_id":"1268067601","nonce_str":"400mte52bvbi10u5rb3pf6pl3n76ks7l","openid":"ouN6_sy59UwKXtiZfX8DI3nHXZXM","out_trade_no":"126806760120151018151038","result_code":"SUCCESS","return_code":"SUCCESS","sign":"60B7F98B041EA7A4EECFFE915E9CF526","time_end":"20151018151207","total_fee":"6000","trade_type":"JSAPI","transaction_id":"1007380869201510181243618605"}
[2015-10-18 15:12:51][debug] query:{"appid":"wx161f19ac48b1f2f3","attach":"\u9a6c\u62c9\u677e\u62a5\u540d","bank_type":"SPDB_DEBIT","cash_fee":"6000","fee_type":"CNY","is_subscribe":"Y","mch_id":"1268067601","nonce_str":"rcrJAE4nhXj5wCBe","openid":"ouN6_sy59UwKXtiZfX8DI3nHXZXM","out_trade_no":"126806760120151018151038","result_code":"SUCCESS","return_code":"SUCCESS","return_msg":"OK","sign":"D6F98D9254F7F8B919B37284E33FBEB9","time_end":"20151018151206","total_fee":"6000","trade_state":"SUCCESS","trade_type":"JSAPI","transaction_id":"1007380869201510181243618605"}
[2015-10-18 15:12:51][debug] call back test:订单查询成功
[2015-10-18 15:12:51][debug] call back test:未入库
[2015-10-18 15:12:51][debug] call back test sql:UPDATE pa_marathon SET ispay =1,transaction_id="1007380869201510181243618605",out_trade_no="126806760120151018151038" WHERE openid ="ouN6_sy59UwKXtiZfX8DI3nHXZXM"
[2015-10-18 15:12:51][debug] call back test:入库成功
[2015-10-18 15:13:20][debug] begin notify
[2015-10-18 15:13:20][debug] call back test:{"appid":"wx161f19ac48b1f2f3","attach":"\u9a6c\u62c9\u677e\u62a5\u540d","bank_type":"SPDB_DEBIT","cash_fee":"6000","fee_type":"CNY","is_subscribe":"N","mch_id":"1268067601","nonce_str":"400mte52bvbi10u5rb3pf6pl3n76ks7l","openid":"ouN6_sy59UwKXtiZfX8DI3nHXZXM","out_trade_no":"126806760120151018151038","result_code":"SUCCESS","return_code":"SUCCESS","sign":"60B7F98B041EA7A4EECFFE915E9CF526","time_end":"20151018151207","total_fee":"6000","trade_type":"JSAPI","transaction_id":"1007380869201510181243618605"}
[2015-10-18 15:13:20][debug] query:{"appid":"wx161f19ac48b1f2f3","attach":"\u9a6c\u62c9\u677e\u62a5\u540d","bank_type":"SPDB_DEBIT","cash_fee":"6000","fee_type":"CNY","is_subscribe":"Y","mch_id":"1268067601","nonce_str":"ADv0IYvNL0suSpGI","openid":"ouN6_sy59UwKXtiZfX8DI3nHXZXM","out_trade_no":"126806760120151018151038","result_code":"SUCCESS","return_code":"SUCCESS","return_msg":"OK","sign":"71947C42598343EE5A2054825036E95D","time_end":"20151018151206","total_fee":"6000","trade_state":"SUCCESS","trade_type":"JSAPI","transaction_id":"1007380869201510181243618605"}
[2015-10-18 15:13:20][debug] call back test:订单查询成功
[2015-10-18 15:13:20][debug] call back test:已入库
[2015-10-18 15:27:45][debug] begin notify
[2015-10-18 15:27:45][debug] call back test:{"appid":"wx161f19ac48b1f2f3","attach":"\u9a6c\u62c9\u677e\u62a5\u540d","bank_type":"CFT","cash_fee":"4000","fee_type":"CNY","is_subscribe":"Y","mch_id":"1268067601","nonce_str":"wylbmkjwzwz3wwi8lk37b638rxayinep","openid":"ouN6_sy4RZP1lhg3l5m8_i1OZqYQ","out_trade_no":"126806760120151018152617","result_code":"SUCCESS","return_code":"SUCCESS","sign":"73FA6BDE50D19FB5979A506CA367243D","time_end":"20151018152744","total_fee":"4000","trade_type":"JSAPI","transaction_id":"1009080869201510181243754786"}
[2015-10-18 15:27:45][debug] query:{"appid":"wx161f19ac48b1f2f3","attach":"\u9a6c\u62c9\u677e\u62a5\u540d","bank_type":"CFT","cash_fee":"4000","fee_type":"CNY","is_subscribe":"Y","mch_id":"1268067601","nonce_str":"9VCo5ZiwR9SvjAXF","openid":"ouN6_sy4RZP1lhg3l5m8_i1OZqYQ","out_trade_no":"126806760120151018152617","result_code":"SUCCESS","return_code":"SUCCESS","return_msg":"OK","sign":"4404842324BC7D2ABC80410E4032A9BD","time_end":"20151018152744","total_fee":"4000","trade_state":"SUCCESS","trade_type":"JSAPI","transaction_id":"1009080869201510181243754786"}
[2015-10-18 15:27:45][debug] call back test:订单查询成功
[2015-10-18 15:27:45][debug] call back test:未入库
[2015-10-18 15:27:45][debug] call back test sql:UPDATE pa_marathon SET ispay =1,transaction_id="1009080869201510181243754786",out_trade_no="126806760120151018152617" WHERE openid ="ouN6_sy4RZP1lhg3l5m8_i1OZqYQ"
[2015-10-18 15:27:45][debug] call back test:入库成功
[2015-10-18 15:59:54][debug] begin notify
[2015-10-18 15:59:54][debug] call back test:{"appid":"wx161f19ac48b1f2f3","attach":"\u9a6c\u62c9\u677e\u62a5\u540d","bank_type":"ZJTLCB_DEBIT","cash_fee":"4000","fee_type":"CNY","is_subscribe":"N","mch_id":"1268067601","nonce_str":"9lh2tsf27or2jx5swjs8o0d7fqtyyd9g","openid":"ouN6_s6aEb7qe4308tDt76_2XAU4","out_trade_no":"126806760120151018155849","result_code":"SUCCESS","return_code":"SUCCESS","sign":"CD94D551445E50F7DCDDB3FB8BF15A1D","time_end":"20151018155953","total_fee":"4000","trade_type":"JSAPI","transaction_id":"1006320869201510181244143446"}
[2015-10-18 15:59:54][debug] query:{"appid":"wx161f19ac48b1f2f3","attach":"\u9a6c\u62c9\u677e\u62a5\u540d","bank_type":"ZJTLCB_DEBIT","cash_fee":"4000","fee_type":"CNY","is_subscribe":"N","mch_id":"1268067601","nonce_str":"tL0kHPLhrJD19aGE","openid":"ouN6_s6aEb7qe4308tDt76_2XAU4","out_trade_no":"126806760120151018155849","result_code":"SUCCESS","return_code":"SUCCESS","return_msg":"OK","sign":"40A2CB0CB04C422A4794DFEA335F412C","time_end":"20151018155952","total_fee":"4000","trade_state":"SUCCESS","trade_type":"JSAPI","transaction_id":"1006320869201510181244143446"}
[2015-10-18 15:59:54][debug] call back test:订单查询成功
[2015-10-18 15:59:54][debug] call back test:未入库
[2015-10-18 15:59:54][debug] call back test sql:UPDATE pa_marathon SET ispay =1,transaction_id="1006320869201510181244143446",out_trade_no="126806760120151018155849" WHERE openid ="ouN6_s6aEb7qe4308tDt76_2XAU4"
[2015-10-18 15:59:54][debug] call back test:入库成功
[2015-10-18 16:31:36][debug] begin notify
[2015-10-18 16:31:36][debug] call back test:{"appid":"wx161f19ac48b1f2f3","attach":"\u9a6c\u62c9\u677e\u62a5\u540d","bank_type":"CCB_DEBIT","cash_fee":"8000","fee_type":"CNY","is_subscribe":"Y","mch_id":"1268067601","nonce_str":"jl2q8zqybvd1q3s3shofje34pd3hyz3r","openid":"ouN6_sznGnRloxnq23ixeZumwVXs","out_trade_no":"126806760120151018163005","result_code":"SUCCESS","return_code":"SUCCESS","sign":"70FAB62F241B4120239DC72F1D692744","time_end":"20151018163135","total_fee":"8000","trade_type":"JSAPI","transaction_id":"1007440869201510181244496713"}
[2015-10-18 16:31:36][debug] query:{"appid":"wx161f19ac48b1f2f3","attach":"\u9a6c\u62c9\u677e\u62a5\u540d","bank_type":"CCB_DEBIT","cash_fee":"8000","fee_type":"CNY","is_subscribe":"Y","mch_id":"1268067601","nonce_str":"yy7xf786WHqAr2Br","openid":"ouN6_sznGnRloxnq23ixeZumwVXs","out_trade_no":"126806760120151018163005","result_code":"SUCCESS","return_code":"SUCCESS","return_msg":"OK","sign":"24A2D74E6C6C145896C7D08BF7ADF15A","time_end":"20151018163135","total_fee":"8000","trade_state":"SUCCESS","trade_type":"JSAPI","transaction_id":"1007440869201510181244496713"}
[2015-10-18 16:31:36][debug] call back test:订单查询成功
[2015-10-18 16:31:36][debug] call back test:未入库
[2015-10-18 16:31:36][debug] call back test sql:UPDATE pa_marathon SET ispay =1,transaction_id="1007440869201510181244496713",out_trade_no="126806760120151018163005" WHERE openid ="ouN6_sznGnRloxnq23ixeZumwVXs"
[2015-10-18 16:31:36][debug] call back test:入库成功
[2015-10-18 17:12:29][debug] begin notify
[2015-10-18 17:12:30][debug] call back test:{"appid":"wx161f19ac48b1f2f3","attach":"\u9a6c\u62c9\u677e\u62a5\u540d","bank_type":"ICBC_DEBIT","cash_fee":"8000","fee_type":"CNY","is_subscribe":"Y","mch_id":"1268067601","nonce_str":"6a3wtrrhzne366a4joablserwomdnqg3","openid":"ouN6_sxQrEjiL7U7mkgVmO01l7IQ","out_trade_no":"126806760120151018170905","result_code":"SUCCESS","return_code":"SUCCESS","sign":"2C3BDD3DCD12973600B1DDA3CF09D457","time_end":"20151018171228","total_fee":"8000","trade_type":"JSAPI","transaction_id":"1007220869201510181244978336"}
[2015-10-18 17:12:45][debug] begin notify
[2015-10-18 17:12:45][debug] call back test:{"appid":"wx161f19ac48b1f2f3","attach":"\u9a6c\u62c9\u677e\u62a5\u540d","bank_type":"ICBC_DEBIT","cash_fee":"8000","fee_type":"CNY","is_subscribe":"Y","mch_id":"1268067601","nonce_str":"6a3wtrrhzne366a4joablserwomdnqg3","openid":"ouN6_sxQrEjiL7U7mkgVmO01l7IQ","out_trade_no":"126806760120151018170905","result_code":"SUCCESS","return_code":"SUCCESS","sign":"2C3BDD3DCD12973600B1DDA3CF09D457","time_end":"20151018171228","total_fee":"8000","trade_type":"JSAPI","transaction_id":"1007220869201510181244978336"}
[2015-10-18 17:13:06][debug] begin notify
[2015-10-18 17:13:06][debug] call back test:{"appid":"wx161f19ac48b1f2f3","attach":"\u9a6c\u62c9\u677e\u62a5\u540d","bank_type":"ICBC_DEBIT","cash_fee":"8000","fee_type":"CNY","is_subscribe":"Y","mch_id":"1268067601","nonce_str":"6a3wtrrhzne366a4joablserwomdnqg3","openid":"ouN6_sxQrEjiL7U7mkgVmO01l7IQ","out_trade_no":"126806760120151018170905","result_code":"SUCCESS","return_code":"SUCCESS","sign":"2C3BDD3DCD12973600B1DDA3CF09D457","time_end":"20151018171228","total_fee":"8000","trade_type":"JSAPI","transaction_id":"1007220869201510181244978336"}
[2015-10-18 17:13:06][debug] query:{"appid":"wx161f19ac48b1f2f3","attach":"\u9a6c\u62c9\u677e\u62a5\u540d","bank_type":"ICBC_DEBIT","cash_fee":"8000","fee_type":"CNY","is_subscribe":"Y","mch_id":"1268067601","nonce_str":"l3WbrfwiLxNGmCME","openid":"ouN6_sxQrEjiL7U7mkgVmO01l7IQ","out_trade_no":"126806760120151018170905","result_code":"SUCCESS","return_code":"SUCCESS","return_msg":"OK","sign":"4AF2E112B622B6523DFDFF4896E77EAD","time_end":"20151018171206","total_fee":"8000","trade_state":"SUCCESS","trade_type":"JSAPI","transaction_id":"1007220869201510181244978336"}
[2015-10-18 17:13:06][debug] call back test:订单查询成功
[2015-10-18 17:13:06][debug] call back test:未入库
[2015-10-18 17:13:06][debug] call back test sql:UPDATE pa_marathon SET ispay =1,transaction_id="1007220869201510181244978336",out_trade_no="126806760120151018170905" WHERE openid ="ouN6_sxQrEjiL7U7mkgVmO01l7IQ"
[2015-10-18 17:13:06][debug] call back test:入库成功
[2015-10-18 17:13:18][debug] begin notify
[2015-10-18 17:13:18][debug] call back test:{"appid":"wx161f19ac48b1f2f3","attach":"\u9a6c\u62c9\u677e\u62a5\u540d","bank_type":"ABC_DEBIT","cash_fee":"4000","fee_type":"CNY","is_subscribe":"Y","mch_id":"1268067601","nonce_str":"8cmzue6zkfoxu8p7enh5tdtlzr9o9ekb","openid":"ouN6_sz8CYwnqr_toFF2ivymrLkw","out_trade_no":"126806760120151018171040","result_code":"SUCCESS","return_code":"SUCCESS","sign":"0AF719E528C19798D60316EE83A06269","time_end":"20151018171306","total_fee":"4000","trade_type":"JSAPI","transaction_id":"1007340869201510181245024245"}
[2015-10-18 17:13:19][debug] query:{"appid":"wx161f19ac48b1f2f3","attach":"\u9a6c\u62c9\u677e\u62a5\u540d","bank_type":"ABC_DEBIT","cash_fee":"4000","fee_type":"CNY","is_subscribe":"Y","mch_id":"1268067601","nonce_str":"s48VwXwHJ5JYjPaL","openid":"ouN6_sz8CYwnqr_toFF2ivymrLkw","out_trade_no":"126806760120151018171040","result_code":"SUCCESS","return_code":"SUCCESS","return_msg":"OK","sign":"20E42937EEB3F61729E921D2F8B76850","time_end":"20151018171246","total_fee":"4000","trade_state":"SUCCESS","trade_type":"JSAPI","transaction_id":"1007340869201510181245024245"}
[2015-10-18 17:13:19][debug] call back test:订单查询成功
[2015-10-18 17:13:19][debug] call back test:未入库
[2015-10-18 17:13:19][debug] call back test sql:UPDATE pa_marathon SET ispay =1,transaction_id="1007340869201510181245024245",out_trade_no="126806760120151018171040" WHERE openid ="ouN6_sz8CYwnqr_toFF2ivymrLkw"
[2015-10-18 17:13:19][debug] call back test:入库成功
[2015-10-18 17:45:09][debug] begin notify
[2015-10-18 17:45:09][debug] call back test:{"appid":"wx161f19ac48b1f2f3","attach":"\u9a6c\u62c9\u677e\u62a5\u540d","bank_type":"CCB_DEBIT","cash_fee":"6000","fee_type":"CNY","is_subscribe":"Y","mch_id":"1268067601","nonce_str":"a1xntagiqy24ccphn3jr13f2zg5qn40t","openid":"ouN6_s9dCMqoq9-kBbXYS-KAR8u0","out_trade_no":"126806760120151018174324","result_code":"SUCCESS","return_code":"SUCCESS","sign":"29479D35BB93C02537DB778E23E4F219","time_end":"20151018174509","total_fee":"6000","trade_type":"JSAPI","transaction_id":"1008960869201510181245482427"}
[2015-10-18 17:45:10][debug] query:{"appid":"wx161f19ac48b1f2f3","attach":"\u9a6c\u62c9\u677e\u62a5\u540d","bank_type":"CCB_DEBIT","cash_fee":"6000","fee_type":"CNY","is_subscribe":"Y","mch_id":"1268067601","nonce_str":"9oqOfxndPbpBtUEg","openid":"ouN6_s9dCMqoq9-kBbXYS-KAR8u0","out_trade_no":"126806760120151018174324","result_code":"SUCCESS","return_code":"SUCCESS","return_msg":"OK","sign":"BC434991E66AE5DF2435DEAE6BFCB86D","time_end":"20151018174508","total_fee":"6000","trade_state":"SUCCESS","trade_type":"JSAPI","transaction_id":"1008960869201510181245482427"}
[2015-10-18 17:45:10][debug] call back test:订单查询成功
[2015-10-18 17:45:10][debug] call back test:未入库
[2015-10-18 17:45:10][debug] call back test sql:UPDATE pa_marathon SET ispay =1,transaction_id="1008960869201510181245482427",out_trade_no="126806760120151018174324" WHERE openid ="ouN6_s9dCMqoq9-kBbXYS-KAR8u0"
[2015-10-18 17:45:10][debug] call back test:入库成功
[2015-10-18 18:53:53][debug] begin notify
[2015-10-18 18:53:53][debug] call back test:{"appid":"wx161f19ac48b1f2f3","attach":"\u9a6c\u62c9\u677e\u62a5\u540d","bank_type":"CFT","cash_fee":"6000","fee_type":"CNY","is_subscribe":"N","mch_id":"1268067601","nonce_str":"oe9s6qihu91ks6w2c983qmfi7y4tq46l","openid":"ouN6_s1rB2GgO_HOroKQSriXQyMU","out_trade_no":"126806760120151018185256","result_code":"SUCCESS","return_code":"SUCCESS","sign":"5754B76A78799EB2A11D680B9D691582","time_end":"20151018185353","total_fee":"6000","trade_type":"JSAPI","transaction_id":"1000800869201510181246469033"}
[2015-10-18 18:53:53][debug] query:{"appid":"wx161f19ac48b1f2f3","attach":"\u9a6c\u62c9\u677e\u62a5\u540d","bank_type":"CFT","cash_fee":"6000","fee_type":"CNY","is_subscribe":"N","mch_id":"1268067601","nonce_str":"jqco4DDOMFdzxlld","openid":"ouN6_s1rB2GgO_HOroKQSriXQyMU","out_trade_no":"126806760120151018185256","result_code":"SUCCESS","return_code":"SUCCESS","return_msg":"OK","sign":"288234806FE9C0DBCAB3AE6A060D9F86","time_end":"20151018185352","total_fee":"6000","trade_state":"SUCCESS","trade_type":"JSAPI","transaction_id":"1000800869201510181246469033"}
[2015-10-18 18:53:53][debug] call back test:订单查询成功
[2015-10-18 18:53:53][debug] call back test:未入库
[2015-10-18 18:53:53][debug] call back test sql:UPDATE pa_marathon SET ispay =1,transaction_id="1000800869201510181246469033",out_trade_no="126806760120151018185256" WHERE openid ="ouN6_s1rB2GgO_HOroKQSriXQyMU"
[2015-10-18 18:53:53][debug] call back test:入库成功
[2015-10-18 20:03:18][debug] begin notify
[2015-10-18 20:03:18][debug] call back test:{"appid":"wx161f19ac48b1f2f3","attach":"\u9a6c\u62c9\u677e\u62a5\u540d","bank_type":"ABC_DEBIT","cash_fee":"4000","fee_type":"CNY","is_subscribe":"Y","mch_id":"1268067601","nonce_str":"r3w37dc225xh1gv56gcazccu97z0ouh0","openid":"ouN6_s0YvfApWfVZxe44uk1qSNoE","out_trade_no":"126806760120151018195558","result_code":"SUCCESS","return_code":"SUCCESS","sign":"A66255CCFA49C75ACA2254B56A7ED032","time_end":"20151018200256","total_fee":"4000","trade_type":"JSAPI","transaction_id":"1008460869201510181247277582"}
[2015-10-18 20:03:41][debug] begin notify
[2015-10-18 20:03:41][debug] call back test:{"appid":"wx161f19ac48b1f2f3","attach":"\u9a6c\u62c9\u677e\u62a5\u540d","bank_type":"ABC_DEBIT","cash_fee":"4000","fee_type":"CNY","is_subscribe":"Y","mch_id":"1268067601","nonce_str":"r3w37dc225xh1gv56gcazccu97z0ouh0","openid":"ouN6_s0YvfApWfVZxe44uk1qSNoE","out_trade_no":"126806760120151018195558","result_code":"SUCCESS","return_code":"SUCCESS","sign":"A66255CCFA49C75ACA2254B56A7ED032","time_end":"20151018200256","total_fee":"4000","trade_type":"JSAPI","transaction_id":"1008460869201510181247277582"}
[2015-10-18 20:03:46][debug] query:{"appid":"wx161f19ac48b1f2f3","attach":"\u9a6c\u62c9\u677e\u62a5\u540d","bank_type":"ABC_DEBIT","cash_fee":"4000","fee_type":"CNY","is_subscribe":"Y","mch_id":"1268067601","nonce_str":"EVhgCo0c0baZPXb6","openid":"ouN6_s0YvfApWfVZxe44uk1qSNoE","out_trade_no":"126806760120151018195558","result_code":"SUCCESS","return_code":"SUCCESS","return_msg":"OK","sign":"EF4A78DBA03E34D8A622F189A47A4FC5","time_end":"20151018200034","total_fee":"4000","trade_state":"SUCCESS","trade_type":"JSAPI","transaction_id":"1008460869201510181247277582"}
[2015-10-18 20:03:46][debug] call back test:订单查询成功
[2015-10-18 20:03:46][debug] call back test:未入库
[2015-10-18 20:03:46][debug] call back test sql:UPDATE pa_marathon SET ispay =1,transaction_id="1008460869201510181247277582",out_trade_no="126806760120151018195558" WHERE openid ="ouN6_s0YvfApWfVZxe44uk1qSNoE"
[2015-10-18 20:03:46][debug] call back test:入库成功
[2015-10-18 20:04:18][debug] begin notify
[2015-10-18 20:04:18][debug] call back test:{"appid":"wx161f19ac48b1f2f3","attach":"\u9a6c\u62c9\u677e\u62a5\u540d","bank_type":"ABC_DEBIT","cash_fee":"4000","fee_type":"CNY","is_subscribe":"Y","mch_id":"1268067601","nonce_str":"r3w37dc225xh1gv56gcazccu97z0ouh0","openid":"ouN6_s0YvfApWfVZxe44uk1qSNoE","out_trade_no":"126806760120151018195558","result_code":"SUCCESS","return_code":"SUCCESS","sign":"A66255CCFA49C75ACA2254B56A7ED032","time_end":"20151018200256","total_fee":"4000","trade_type":"JSAPI","transaction_id":"1008460869201510181247277582"}
[2015-10-18 20:04:18][debug] query:{"appid":"wx161f19ac48b1f2f3","attach":"\u9a6c\u62c9\u677e\u62a5\u540d","bank_type":"ABC_DEBIT","cash_fee":"4000","fee_type":"CNY","is_subscribe":"Y","mch_id":"1268067601","nonce_str":"KDCjF7l9NpDNjO5g","openid":"ouN6_s0YvfApWfVZxe44uk1qSNoE","out_trade_no":"126806760120151018195558","result_code":"SUCCESS","return_code":"SUCCESS","return_msg":"OK","sign":"CF87F1A5D6615C46B57DD696C4F6F40D","time_end":"20151018200034","total_fee":"4000","trade_state":"SUCCESS","trade_type":"JSAPI","transaction_id":"1008460869201510181247277582"}
[2015-10-18 20:04:18][debug] call back test:订单查询成功
[2015-10-18 20:04:18][debug] call back test:已入库
[2015-10-18 21:29:54][debug] begin notify
[2015-10-18 21:29:54][debug] call back test:{"appid":"wx161f19ac48b1f2f3","attach":"\u9a6c\u62c9\u677e\u62a5\u540d","bank_type":"ABC_DEBIT","cash_fee":"6000","fee_type":"CNY","is_subscribe":"Y","mch_id":"1268067601","nonce_str":"q2lx9182rclxfdt1d6tk5uy16r88w60c","openid":"ouN6_s_H9AdFlrzhyuYvx0yTbMDI","out_trade_no":"126806760120151018212851","result_code":"SUCCESS","return_code":"SUCCESS","sign":"81CAC1E9CA7405099E4867EA6732FB1C","time_end":"20151018212954","total_fee":"6000","trade_type":"JSAPI","transaction_id":"1003830869201510181248312371"}
[2015-10-18 21:29:54][debug] query:{"appid":"wx161f19ac48b1f2f3","attach":"\u9a6c\u62c9\u677e\u62a5\u540d","bank_type":"ABC_DEBIT","cash_fee":"6000","fee_type":"CNY","is_subscribe":"Y","mch_id":"1268067601","nonce_str":"kPmJgQOKS8CFa3Wp","openid":"ouN6_s_H9AdFlrzhyuYvx0yTbMDI","out_trade_no":"126806760120151018212851","result_code":"SUCCESS","return_code":"SUCCESS","return_msg":"OK","sign":"1BD4440E7BF5CCBDAB83C8557F381066","time_end":"20151018212953","total_fee":"6000","trade_state":"SUCCESS","trade_type":"JSAPI","transaction_id":"1003830869201510181248312371"}
[2015-10-18 21:29:54][debug] call back test:订单查询成功
[2015-10-18 21:29:54][debug] call back test:未入库
[2015-10-18 21:29:54][debug] call back test sql:UPDATE pa_marathon SET ispay =1,transaction_id="1003830869201510181248312371",out_trade_no="126806760120151018212851" WHERE openid ="ouN6_s_H9AdFlrzhyuYvx0yTbMDI"
[2015-10-18 21:29:54][debug] call back test:入库成功
[2015-10-18 21:40:24][debug] begin notify
[2015-10-18 21:40:24][debug] call back test:{"appid":"wx161f19ac48b1f2f3","attach":"\u9a6c\u62c9\u677e\u62a5\u540d","bank_type":"ABC_DEBIT","cash_fee":"4000","fee_type":"CNY","is_subscribe":"Y","mch_id":"1268067601","nonce_str":"nnjb4twv3ovu75vmxli44k7bcbw7otgw","openid":"ouN6_s0YvfApWfVZxe44uk1qSNoE","out_trade_no":"126806760120151018213848","result_code":"SUCCESS","return_code":"SUCCESS","sign":"E25796C56EB2C8B88A6AF54D7DA63E35","time_end":"20151018214023","total_fee":"4000","trade_type":"JSAPI","transaction_id":"1008460869201510181248418721"}
[2015-10-18 21:40:25][debug] query:{"appid":"wx161f19ac48b1f2f3","attach":"\u9a6c\u62c9\u677e\u62a5\u540d","bank_type":"ABC_DEBIT","cash_fee":"4000","fee_type":"CNY","is_subscribe":"Y","mch_id":"1268067601","nonce_str":"3V3KJ5ZPVfazLzET","openid":"ouN6_s0YvfApWfVZxe44uk1qSNoE","out_trade_no":"126806760120151018213848","result_code":"SUCCESS","return_code":"SUCCESS","return_msg":"OK","sign":"60C317DBA51E2427A48A8463F4855247","time_end":"20151018214023","total_fee":"4000","trade_state":"SUCCESS","trade_type":"JSAPI","transaction_id":"1008460869201510181248418721"}
[2015-10-18 21:40:25][debug] call back test:订单查询成功
[2015-10-18 21:40:25][debug] call back test:未入库
[2015-10-18 21:40:25][debug] call back test sql:UPDATE pa_marathon SET ispay =1,transaction_id="1008460869201510181248418721",out_trade_no="126806760120151018213848" WHERE openid ="ouN6_s0YvfApWfVZxe44uk1qSNoE"
[2015-10-18 21:40:25][debug] call back test:入库成功
[2015-10-18 21:50:54][debug] begin notify
[2015-10-18 21:50:54][debug] call back test:{"appid":"wx161f19ac48b1f2f3","attach":"\u9a6c\u62c9\u677e\u62a5\u540d","bank_type":"CFT","cash_fee":"4000","fee_type":"CNY","is_subscribe":"N","mch_id":"1268067601","nonce_str":"rdlkhlc7urldx3ggd8o4vn1rg4pkymfp","openid":"ouN6_s8GWNG_CVEHDW_ffMtvyzLU","out_trade_no":"126806760120151018215017","result_code":"SUCCESS","return_code":"SUCCESS","sign":"3CC71F8F51480621142F5D0304EBBE1C","time_end":"20151018215054","total_fee":"4000","trade_type":"JSAPI","transaction_id":"1003610869201510181248534035"}
[2015-10-18 21:50:54][debug] query:{"appid":"wx161f19ac48b1f2f3","attach":"\u9a6c\u62c9\u677e\u62a5\u540d","bank_type":"CFT","cash_fee":"4000","fee_type":"CNY","is_subscribe":"N","mch_id":"1268067601","nonce_str":"y53H1jToi9HpCutV","openid":"ouN6_s8GWNG_CVEHDW_ffMtvyzLU","out_trade_no":"126806760120151018215017","result_code":"SUCCESS","return_code":"SUCCESS","return_msg":"OK","sign":"1CD8797BDA2EADDC709EDCD24C3DB27D","time_end":"20151018215053","total_fee":"4000","trade_state":"SUCCESS","trade_type":"JSAPI","transaction_id":"1003610869201510181248534035"}
[2015-10-18 21:50:54][debug] call back test:订单查询成功
[2015-10-18 21:50:54][debug] call back test:未入库
[2015-10-18 21:50:54][debug] call back test sql:UPDATE pa_marathon SET ispay =1,transaction_id="1003610869201510181248534035",out_trade_no="126806760120151018215017" WHERE openid ="ouN6_s8GWNG_CVEHDW_ffMtvyzLU"
[2015-10-18 21:50:54][debug] call back test:入库成功
[2015-10-18 21:54:20][debug] begin notify
[2015-10-18 21:54:20][debug] call back test:{"appid":"wx161f19ac48b1f2f3","attach":"\u9a6c\u62c9\u677e\u62a5\u540d","bank_type":"CMBC_CREDIT","cash_fee":"6000","fee_type":"CNY","is_subscribe":"N","mch_id":"1268067601","nonce_str":"g8nvbia3o851vxjbg6uwz1otgmgsgw2f","openid":"ouN6_s5-XHWQ3AF4ohPBxhD4oPP0","out_trade_no":"126806760120151018215226","result_code":"SUCCESS","return_code":"SUCCESS","sign":"46EBD5DD821A8A6C3E2DB9B9E3025124","time_end":"20151018215419","total_fee":"6000","trade_type":"JSAPI","transaction_id":"1005700869201510181248544537"}
[2015-10-18 21:54:20][debug] query:{"appid":"wx161f19ac48b1f2f3","attach":"\u9a6c\u62c9\u677e\u62a5\u540d","bank_type":"CMBC_CREDIT","cash_fee":"6000","fee_type":"CNY","is_subscribe":"N","mch_id":"1268067601","nonce_str":"zpTqw3JavDc0Agxf","openid":"ouN6_s5-XHWQ3AF4ohPBxhD4oPP0","out_trade_no":"126806760120151018215226","result_code":"SUCCESS","return_code":"SUCCESS","return_msg":"OK","sign":"6F79E7E66B8E84889231B69C9346BA8E","time_end":"20151018215418","total_fee":"6000","trade_state":"SUCCESS","trade_type":"JSAPI","transaction_id":"1005700869201510181248544537"}
[2015-10-18 21:54:20][debug] call back test:订单查询成功
[2015-10-18 21:54:20][debug] call back test:未入库
[2015-10-18 21:54:20][debug] call back test sql:UPDATE pa_marathon SET ispay =1,transaction_id="1005700869201510181248544537",out_trade_no="126806760120151018215226" WHERE openid ="ouN6_s5-XHWQ3AF4ohPBxhD4oPP0"
[2015-10-18 21:54:20][debug] call back test:入库成功
[2015-10-18 21:56:42][debug] begin notify
[2015-10-18 21:56:42][debug] call back test:{"appid":"wx161f19ac48b1f2f3","attach":"\u9a6c\u62c9\u677e\u62a5\u540d","bank_type":"CCB_DEBIT","cash_fee":"6000","fee_type":"CNY","is_subscribe":"Y","mch_id":"1268067601","nonce_str":"mgkur6a4fa705654tn94r67khuzz4g9p","openid":"ouN6_s3LOWccWzHHX46IUsjnwToE","out_trade_no":"126806760120151018215421","result_code":"SUCCESS","return_code":"SUCCESS","sign":"F7653B12F801DE2C6B6E272620CC9A59","time_end":"20151018215640","total_fee":"6000","trade_type":"JSAPI","transaction_id":"1007240869201510181248571315"}
[2015-10-18 21:56:42][debug] query:{"appid":"wx161f19ac48b1f2f3","attach":"\u9a6c\u62c9\u677e\u62a5\u540d","bank_type":"CCB_DEBIT","cash_fee":"6000","fee_type":"CNY","is_subscribe":"Y","mch_id":"1268067601","nonce_str":"Mo6LLDDbR20kUx8z","openid":"ouN6_s3LOWccWzHHX46IUsjnwToE","out_trade_no":"126806760120151018215421","result_code":"SUCCESS","return_code":"SUCCESS","return_msg":"OK","sign":"ECAC4DF867D5409CA7F601FB4BE05E6E","time_end":"20151018215639","total_fee":"6000","trade_state":"SUCCESS","trade_type":"JSAPI","transaction_id":"1007240869201510181248571315"}
[2015-10-18 21:56:42][debug] call back test:订单查询成功
[2015-10-18 21:56:42][debug] call back test:未入库
[2015-10-18 21:56:42][debug] call back test sql:UPDATE pa_marathon SET ispay =1,transaction_id="1007240869201510181248571315",out_trade_no="126806760120151018215421" WHERE openid ="ouN6_s3LOWccWzHHX46IUsjnwToE"
[2015-10-18 21:56:42][debug] call back test:入库成功
[2015-10-18 22:24:03][debug] begin notify
[2015-10-18 22:24:03][debug] call back test:{"appid":"wx161f19ac48b1f2f3","attach":"\u9a6c\u62c9\u677e\u62a5\u540d","bank_type":"CMB_DEBIT","cash_fee":"4000","fee_type":"CNY","is_subscribe":"N","mch_id":"1268067601","nonce_str":"5fkl3okgzwiyua28thqnw3ynecl0v33m","openid":"ouN6_s1BMnXlCpBKJwarTLaZwHRI","out_trade_no":"126806760120151018222258","result_code":"SUCCESS","return_code":"SUCCESS","sign":"4FBE5D52A8B0505DF43BABB7369CE5E8","time_end":"20151018222403","total_fee":"4000","trade_type":"JSAPI","transaction_id":"1006440869201510181248809254"}
[2015-10-18 22:24:03][debug] query:{"appid":"wx161f19ac48b1f2f3","attach":"\u9a6c\u62c9\u677e\u62a5\u540d","bank_type":"CMB_DEBIT","cash_fee":"4000","fee_type":"CNY","is_subscribe":"N","mch_id":"1268067601","nonce_str":"XSzKntzL7am0qntx","openid":"ouN6_s1BMnXlCpBKJwarTLaZwHRI","out_trade_no":"126806760120151018222258","result_code":"SUCCESS","return_code":"SUCCESS","return_msg":"OK","sign":"31ED9C15207087998D942FB41C3842D1","time_end":"20151018222402","total_fee":"4000","trade_state":"SUCCESS","trade_type":"JSAPI","transaction_id":"1006440869201510181248809254"}
[2015-10-18 22:24:03][debug] call back test:订单查询成功
[2015-10-18 22:24:03][debug] call back test:未入库
[2015-10-18 22:24:03][debug] call back test sql:UPDATE pa_marathon SET ispay =1,transaction_id="1006440869201510181248809254",out_trade_no="126806760120151018222258" WHERE openid ="ouN6_s1BMnXlCpBKJwarTLaZwHRI"
[2015-10-18 22:24:03][debug] call back test:入库成功
[2015-10-18 22:25:58][debug] begin notify
[2015-10-18 22:25:58][debug] call back test:{"appid":"wx161f19ac48b1f2f3","attach":"\u9a6c\u62c9\u677e\u62a5\u540d","bank_type":"CMB_DEBIT","cash_fee":"4000","fee_type":"CNY","is_subscribe":"Y","mch_id":"1268067601","nonce_str":"nwrc2tturnboeh2ck8u07m78zzm21glr","openid":"ouN6_s1BMnXlCpBKJwarTLaZwHRI","out_trade_no":"126806760120151018222506","result_code":"SUCCESS","return_code":"SUCCESS","sign":"7C938DBDCA3DC7A86A77AAD57A4DA7FC","time_end":"20151018222558","total_fee":"4000","trade_type":"JSAPI","transaction_id":"1006440869201510181248809376"}
[2015-10-18 22:25:58][debug] query:{"appid":"wx161f19ac48b1f2f3","attach":"\u9a6c\u62c9\u677e\u62a5\u540d","bank_type":"CMB_DEBIT","cash_fee":"4000","fee_type":"CNY","is_subscribe":"Y","mch_id":"1268067601","nonce_str":"bqU5IYpFBB7fCMqa","openid":"ouN6_s1BMnXlCpBKJwarTLaZwHRI","out_trade_no":"126806760120151018222506","result_code":"SUCCESS","return_code":"SUCCESS","return_msg":"OK","sign":"2328AE1FB314FCD3E10313C83C731660","time_end":"20151018222557","total_fee":"4000","trade_state":"SUCCESS","trade_type":"JSAPI","transaction_id":"1006440869201510181248809376"}
[2015-10-18 22:25:58][debug] call back test:订单查询成功
[2015-10-18 22:25:58][debug] call back test:未入库
[2015-10-18 22:25:58][debug] call back test sql:UPDATE pa_marathon SET ispay =1,transaction_id="1006440869201510181248809376",out_trade_no="126806760120151018222506" WHERE openid ="ouN6_s1BMnXlCpBKJwarTLaZwHRI"
[2015-10-18 22:25:58][debug] call back test:入库成功
[2015-10-18 22:34:43][debug] begin notify
[2015-10-18 22:34:43][debug] call back test:{"appid":"wx161f19ac48b1f2f3","attach":"\u9a6c\u62c9\u677e\u62a5\u540d","bank_type":"CFT","cash_fee":"4000","fee_type":"CNY","is_subscribe":"Y","mch_id":"1268067601","nonce_str":"lvmwsv4jep1ajkxgmjyzkdpxtcdebinx","openid":"ouN6_s3zMI37LGci7UD77o1iEF3w","out_trade_no":"126806760120151018223420","result_code":"SUCCESS","return_code":"SUCCESS","sign":"ACBD1A3107FED098AAEBD17E1AD1E97D","time_end":"20151018223443","total_fee":"4000","trade_type":"JSAPI","transaction_id":"1009150869201510181248889145"}
[2015-10-18 22:34:44][debug] query:{"appid":"wx161f19ac48b1f2f3","attach":"\u9a6c\u62c9\u677e\u62a5\u540d","bank_type":"CFT","cash_fee":"4000","fee_type":"CNY","is_subscribe":"Y","mch_id":"1268067601","nonce_str":"MuVhOClQ0SNZKqtN","openid":"ouN6_s3zMI37LGci7UD77o1iEF3w","out_trade_no":"126806760120151018223420","result_code":"SUCCESS","return_code":"SUCCESS","return_msg":"OK","sign":"A0A00A68B45FE9314EA9EDC10156D2FF","time_end":"20151018223442","total_fee":"4000","trade_state":"SUCCESS","trade_type":"JSAPI","transaction_id":"1009150869201510181248889145"}
[2015-10-18 22:34:44][debug] call back test:订单查询成功
[2015-10-18 22:34:44][debug] call back test:未入库
[2015-10-18 22:34:44][debug] call back test sql:UPDATE pa_marathon SET ispay =1,transaction_id="1009150869201510181248889145",out_trade_no="126806760120151018223420" WHERE openid ="ouN6_s3zMI37LGci7UD77o1iEF3w"
[2015-10-18 22:34:44][debug] call back test:入库成功
[2015-10-18 22:37:40][debug] begin notify
[2015-10-18 22:37:40][debug] call back test:{"appid":"wx161f19ac48b1f2f3","attach":"\u9a6c\u62c9\u677e\u62a5\u540d","bank_type":"ICBC_DEBIT","cash_fee":"4000","fee_type":"CNY","is_subscribe":"Y","mch_id":"1268067601","nonce_str":"ecwuu0fxqh44gv5snddegu9q5sbclml0","openid":"ouN6_s3zMI37LGci7UD77o1iEF3w","out_trade_no":"126806760120151018223619","result_code":"SUCCESS","return_code":"SUCCESS","sign":"0D700F9EC2E14792397635118F14DA8A","time_end":"20151018223740","total_fee":"4000","trade_type":"JSAPI","transaction_id":"1009150869201510181248915838"}
[2015-10-18 22:37:44][debug] query:{"appid":"wx161f19ac48b1f2f3","attach":"\u9a6c\u62c9\u677e\u62a5\u540d","bank_type":"ICBC_DEBIT","cash_fee":"4000","fee_type":"CNY","is_subscribe":"Y","mch_id":"1268067601","nonce_str":"m2q3uZbKY3YNm67Z","openid":"ouN6_s3zMI37LGci7UD77o1iEF3w","out_trade_no":"126806760120151018223619","result_code":"SUCCESS","return_code":"SUCCESS","return_msg":"OK","sign":"319F88E42DAAAA81DBB1D4BCB10F7BB1","time_end":"20151018223739","total_fee":"4000","trade_state":"SUCCESS","trade_type":"JSAPI","transaction_id":"1009150869201510181248915838"}
[2015-10-18 22:37:44][debug] call back test:订单查询成功
[2015-10-18 22:37:44][debug] call back test:未入库
[2015-10-18 22:37:44][debug] call back test sql:UPDATE pa_marathon SET ispay =1,transaction_id="1009150869201510181248915838",out_trade_no="126806760120151018223619" WHERE openid ="ouN6_s3zMI37LGci7UD77o1iEF3w"
[2015-10-18 22:37:44][debug] call back test:入库成功
[2015-10-18 22:37:54][debug] begin notify
[2015-10-18 22:37:54][debug] call back test:{"appid":"wx161f19ac48b1f2f3","attach":"\u9a6c\u62c9\u677e\u62a5\u540d","bank_type":"ICBC_DEBIT","cash_fee":"4000","fee_type":"CNY","is_subscribe":"Y","mch_id":"1268067601","nonce_str":"ecwuu0fxqh44gv5snddegu9q5sbclml0","openid":"ouN6_s3zMI37LGci7UD77o1iEF3w","out_trade_no":"126806760120151018223619","result_code":"SUCCESS","return_code":"SUCCESS","sign":"0D700F9EC2E14792397635118F14DA8A","time_end":"20151018223740","total_fee":"4000","trade_type":"JSAPI","transaction_id":"1009150869201510181248915838"}
[2015-10-18 22:37:54][debug] query:{"appid":"wx161f19ac48b1f2f3","attach":"\u9a6c\u62c9\u677e\u62a5\u540d","bank_type":"ICBC_DEBIT","cash_fee":"4000","fee_type":"CNY","is_subscribe":"Y","mch_id":"1268067601","nonce_str":"4OvV3hFn0pOAdFco","openid":"ouN6_s3zMI37LGci7UD77o1iEF3w","out_trade_no":"126806760120151018223619","result_code":"SUCCESS","return_code":"SUCCESS","return_msg":"OK","sign":"E1D3B1D410C9E70C5D874F627D866E00","time_end":"20151018223739","total_fee":"4000","trade_state":"SUCCESS","trade_type":"JSAPI","transaction_id":"1009150869201510181248915838"}
[2015-10-18 22:37:54][debug] call back test:订单查询成功
[2015-10-18 22:37:54][debug] call back test:已入库
[2015-10-18 23:07:25][debug] begin notify
[2015-10-18 23:07:25][debug] call back test:{"appid":"wx161f19ac48b1f2f3","attach":"\u9a6c\u62c9\u677e\u62a5\u540d","bank_type":"CMBC_CREDIT","cash_fee":"6000","fee_type":"CNY","is_subscribe":"N","mch_id":"1268067601","nonce_str":"alvge3tf1usx9t3ua940w2gpfg0v3c3c","openid":"ouN6_s4qsrkws4151_IHjZ3B0lXU","out_trade_no":"126806760120151018230701","result_code":"SUCCESS","return_code":"SUCCESS","sign":"AA9A80BBB78D13E49B556A1E2F959FFB","time_end":"20151018230725","total_fee":"6000","trade_type":"JSAPI","transaction_id":"1002950869201510181249130884"}
[2015-10-18 23:07:25][debug] query:{"appid":"wx161f19ac48b1f2f3","attach":"\u9a6c\u62c9\u677e\u62a5\u540d","bank_type":"CMBC_CREDIT","cash_fee":"6000","fee_type":"CNY","is_subscribe":"N","mch_id":"1268067601","nonce_str":"ovvkfTKtCfZ80P63","openid":"ouN6_s4qsrkws4151_IHjZ3B0lXU","out_trade_no":"126806760120151018230701","result_code":"SUCCESS","return_code":"SUCCESS","return_msg":"OK","sign":"D2109F557B88674522179AA40FEA2EA1","time_end":"20151018230724","total_fee":"6000","trade_state":"SUCCESS","trade_type":"JSAPI","transaction_id":"1002950869201510181249130884"}
[2015-10-18 23:07:25][debug] call back test:订单查询成功
[2015-10-18 23:07:25][debug] call back test:未入库
[2015-10-18 23:07:25][debug] call back test sql:UPDATE pa_marathon SET ispay =1,transaction_id="1002950869201510181249130884",out_trade_no="126806760120151018230701" WHERE openid ="ouN6_s4qsrkws4151_IHjZ3B0lXU"
[2015-10-18 23:07:25][debug] call back test:入库成功
