[2015-11-02 10:44:51][debug] begin notify
[2015-11-02 10:44:51][debug] call back test:{"appid":"wx161f19ac48b1f2f3","attach":"\u9a6c\u62c9\u677e\u62a5\u540d","bank_type":"CCB_DEBIT","cash_fee":"4000","fee_type":"CNY","is_subscribe":"Y","mch_id":"1268067601","nonce_str":"baqh4nj9grn0gjv7h5kztixalapmadt8","openid":"ouN6_swlc6kpDauHRxMwslPGu8kc","out_trade_no":"126806760120151102104440","result_code":"SUCCESS","return_code":"SUCCESS","sign":"BEE6ACE20D6F5F03EF14F6774F5FE770","time_end":"20151102104451","total_fee":"4000","trade_type":"JSAPI","transaction_id":"1001560869201511021423610718"}
[2015-11-02 10:44:51][debug] query:{"appid":"wx161f19ac48b1f2f3","attach":"\u9a6c\u62c9\u677e\u62a5\u540d","bank_type":"CCB_DEBIT","cash_fee":"4000","fee_type":"CNY","is_subscribe":"Y","mch_id":"1268067601","nonce_str":"ekImCiSvX89AaQKa","openid":"ouN6_swlc6kpDauHRxMwslPGu8kc","out_trade_no":"126806760120151102104440","result_code":"SUCCESS","return_code":"SUCCESS","return_msg":"OK","sign":"EC149E1D5DB72624D2850B3C50EB7426","time_end":"20151102104450","total_fee":"4000","trade_state":"SUCCESS","trade_type":"JSAPI","transaction_id":"1001560869201511021423610718"}
[2015-11-02 10:44:51][debug] call back test:订单查询成功
[2015-11-02 10:44:51][debug] call back test:未入库
[2015-11-02 10:44:51][debug] call back test sql:UPDATE pa_marathon SET ispay =1,transaction_id="1001560869201511021423610718",out_trade_no="126806760120151102104440" WHERE openid ="ouN6_swlc6kpDauHRxMwslPGu8kc"
[2015-11-02 10:44:51][debug] call back test:入库成功
[2015-11-02 13:44:49][debug] begin notify
[2015-11-02 13:44:49][debug] call back test:{"appid":"wx161f19ac48b1f2f3","attach":"\u9a6c\u62c9\u677e\u62a5\u540d","bank_type":"CMB_CREDIT","cash_fee":"6000","fee_type":"CNY","is_subscribe":"N","mch_id":"1268067601","nonce_str":"7xusi3dgu83r9bxivrjq70tm5gyg2pvp","openid":"ouN6_s_MYXtz64X0EuKeK2-2FMf4","out_trade_no":"126806760120151102133639","result_code":"SUCCESS","return_code":"SUCCESS","sign":"4879B5ECE6DCAC1C85C1CE77102A54D2","time_end":"20151102134449","total_fee":"6000","trade_type":"JSAPI","transaction_id":"1006370869201511021426329915"}
[2015-11-02 13:44:50][debug] query:{"appid":"wx161f19ac48b1f2f3","attach":"\u9a6c\u62c9\u677e\u62a5\u540d","bank_type":"CMB_CREDIT","cash_fee":"6000","fee_type":"CNY","is_subscribe":"N","mch_id":"1268067601","nonce_str":"HNYOLJ1ZTj54Wwkv","openid":"ouN6_s_MYXtz64X0EuKeK2-2FMf4","out_trade_no":"126806760120151102133639","result_code":"SUCCESS","return_code":"SUCCESS","return_msg":"OK","sign":"F255FAB5A187E93052840351081E5D05","time_end":"20151102134448","total_fee":"6000","trade_state":"SUCCESS","trade_type":"JSAPI","transaction_id":"1006370869201511021426329915"}
[2015-11-02 13:44:50][debug] call back test:订单查询成功
[2015-11-02 13:44:50][debug] call back test:未入库
[2015-11-02 13:44:50][debug] call back test sql:UPDATE pa_marathon SET ispay =1,transaction_id="1006370869201511021426329915",out_trade_no="126806760120151102133639" WHERE openid ="ouN6_s_MYXtz64X0EuKeK2-2FMf4"
[2015-11-02 13:44:50][debug] call back test:入库成功
[2015-11-02 14:56:09][debug] begin notify
[2015-11-02 14:56:09][debug] call back test:{"appid":"wx161f19ac48b1f2f3","attach":"\u9a6c\u62c9\u677e\u62a5\u540d","bank_type":"CFT","cash_fee":"6000","fee_type":"CNY","is_subscribe":"Y","mch_id":"1268067601","nonce_str":"tky15iuq7rxp60goedyf91v0515ogiew","openid":"ouN6_s3Gy2QfiEvhk-JMbyXrufpo","out_trade_no":"126806760120151102145558","result_code":"SUCCESS","return_code":"SUCCESS","sign":"14E017007D856677B1CB0C82AD31377A","time_end":"20151102145609","total_fee":"6000","trade_type":"JSAPI","transaction_id":"1003250869201511021427125004"}
[2015-11-02 14:56:10][debug] query:{"appid":"wx161f19ac48b1f2f3","attach":"\u9a6c\u62c9\u677e\u62a5\u540d","bank_type":"CFT","cash_fee":"6000","fee_type":"CNY","is_subscribe":"Y","mch_id":"1268067601","nonce_str":"myWXnBfyR3RJXIkN","openid":"ouN6_s3Gy2QfiEvhk-JMbyXrufpo","out_trade_no":"126806760120151102145558","result_code":"SUCCESS","return_code":"SUCCESS","return_msg":"OK","sign":"BE5A407F8D3610D8E65C330ABC7CFCC3","time_end":"20151102145609","total_fee":"6000","trade_state":"SUCCESS","trade_type":"JSAPI","transaction_id":"1003250869201511021427125004"}
[2015-11-02 14:56:10][debug] call back test:订单查询成功
[2015-11-02 14:56:10][debug] call back test:未入库
[2015-11-02 14:56:10][debug] call back test sql:UPDATE pa_marathon SET ispay =1,transaction_id="1003250869201511021427125004",out_trade_no="126806760120151102145558" WHERE openid ="ouN6_s3Gy2QfiEvhk-JMbyXrufpo"
[2015-11-02 14:56:10][debug] call back test:入库成功
[2015-11-02 17:50:26][debug] begin notify
[2015-11-02 17:50:26][debug] call back test:{"appid":"wx161f19ac48b1f2f3","attach":"\u9a6c\u62c9\u677e\u62a5\u540d","bank_type":"CFT","cash_fee":"6000","fee_type":"CNY","is_subscribe":"N","mch_id":"1268067601","nonce_str":"mhqz9ane2ss05k1lxq6ohtlcoiyyi94n","openid":"ouN6_s5Tvs61v91GMRJ_4lBNBoKY","out_trade_no":"126806760120151102175006","result_code":"SUCCESS","return_code":"SUCCESS","sign":"98A1E5B91EB63F0323E4C387B245CDBE","time_end":"20151102175026","total_fee":"6000","trade_type":"JSAPI","transaction_id":"1005710869201511021429155020"}
[2015-11-02 17:50:27][debug] query:{"appid":"wx161f19ac48b1f2f3","attach":"\u9a6c\u62c9\u677e\u62a5\u540d","bank_type":"CFT","cash_fee":"6000","fee_type":"CNY","is_subscribe":"N","mch_id":"1268067601","nonce_str":"tRbwT6P9ukgplnJ3","openid":"ouN6_s5Tvs61v91GMRJ_4lBNBoKY","out_trade_no":"126806760120151102175006","result_code":"SUCCESS","return_code":"SUCCESS","return_msg":"OK","sign":"9F8EBCC2FBB18D42637D62BC64B76894","time_end":"20151102175026","total_fee":"6000","trade_state":"SUCCESS","trade_type":"JSAPI","transaction_id":"1005710869201511021429155020"}
[2015-11-02 17:50:27][debug] call back test:订单查询成功
[2015-11-02 17:50:27][debug] call back test:未入库
[2015-11-02 17:50:27][debug] call back test sql:UPDATE pa_marathon SET ispay =1,transaction_id="1005710869201511021429155020",out_trade_no="126806760120151102175006" WHERE openid ="ouN6_s5Tvs61v91GMRJ_4lBNBoKY"
[2015-11-02 17:50:27][debug] call back test:入库成功
