[2015-11-04 09:43:04][debug] begin notify
[2015-11-04 09:43:04][debug] call back test:{"appid":"wx161f19ac48b1f2f3","attach":"\u9a6c\u62c9\u677e\u62a5\u540d","bank_type":"ICBC_DEBIT","cash_fee":"4000","fee_type":"CNY","is_subscribe":"N","mch_id":"1268067601","nonce_str":"65vkgla7wbwxnbt4opgtpl14c6lixay1","openid":"ouN6_s1rdT7vOalEJ13gi4dTsAnc","out_trade_no":"126806760120151104093640","result_code":"SUCCESS","return_code":"SUCCESS","sign":"9B71AA82A6398784D9D2F307A21511CF","time_end":"20151104094304","total_fee":"4000","trade_type":"JSAPI","transaction_id":"1008860869201511041447422274"}
[2015-11-04 09:43:05][debug] query:{"appid":"wx161f19ac48b1f2f3","attach":"\u9a6c\u62c9\u677e\u62a5\u540d","bank_type":"ICBC_DEBIT","cash_fee":"4000","fee_type":"CNY","is_subscribe":"N","mch_id":"1268067601","nonce_str":"3uP4Yj74MYYGQ6e6","openid":"ouN6_s1rdT7vOalEJ13gi4dTsAnc","out_trade_no":"126806760120151104093640","result_code":"SUCCESS","return_code":"SUCCESS","return_msg":"OK","sign":"47ABB5048A4702387A97479F61C6009F","time_end":"20151104094303","total_fee":"4000","trade_state":"SUCCESS","trade_type":"JSAPI","transaction_id":"1008860869201511041447422274"}
[2015-11-04 09:43:05][debug] call back test:订单查询成功
[2015-11-04 09:43:05][debug] call back test:未入库
[2015-11-04 09:43:05][debug] call back test sql:UPDATE pa_marathon SET ispay =1,transaction_id="1008860869201511041447422274",out_trade_no="126806760120151104093640" WHERE openid ="ouN6_s1rdT7vOalEJ13gi4dTsAnc"
[2015-11-04 09:43:05][debug] call back test:入库成功
[2015-11-04 09:48:44][debug] begin notify
[2015-11-04 09:48:44][debug] call back test:{"appid":"wx161f19ac48b1f2f3","attach":"\u9a6c\u62c9\u677e\u62a5\u540d","bank_type":"CCB_DEBIT","cash_fee":"4000","fee_type":"CNY","is_subscribe":"N","mch_id":"1268067601","nonce_str":"lmbqt6ymrdyib9l0jwn4x3bdnce2xb95","openid":"ouN6_szI15vu8lHYITxkzXqbIcUE","out_trade_no":"126806760120151104094737","result_code":"SUCCESS","return_code":"SUCCESS","sign":"47D881136BD422943711E3B2892B7AA4","time_end":"20151104094844","total_fee":"4000","trade_type":"JSAPI","transaction_id":"1005900869201511041447471718"}
[2015-11-04 09:48:45][debug] query:{"appid":"wx161f19ac48b1f2f3","attach":"\u9a6c\u62c9\u677e\u62a5\u540d","bank_type":"CCB_DEBIT","cash_fee":"4000","fee_type":"CNY","is_subscribe":"N","mch_id":"1268067601","nonce_str":"KDltTKjAVnFYdTc9","openid":"ouN6_szI15vu8lHYITxkzXqbIcUE","out_trade_no":"126806760120151104094737","result_code":"SUCCESS","return_code":"SUCCESS","return_msg":"OK","sign":"9F9C9DF9FA139C895760D64F08B9105F","time_end":"20151104094843","total_fee":"4000","trade_state":"SUCCESS","trade_type":"JSAPI","transaction_id":"1005900869201511041447471718"}
[2015-11-04 09:48:45][debug] call back test:订单查询成功
[2015-11-04 09:48:45][debug] call back test:未入库
[2015-11-04 09:48:45][debug] call back test sql:UPDATE pa_marathon SET ispay =1,transaction_id="1005900869201511041447471718",out_trade_no="126806760120151104094737" WHERE openid ="ouN6_szI15vu8lHYITxkzXqbIcUE"
[2015-11-04 09:48:45][debug] call back test:入库成功
[2015-11-04 09:57:43][debug] begin notify
[2015-11-04 09:57:43][debug] call back test:{"appid":"wx161f19ac48b1f2f3","attach":"\u9a6c\u62c9\u677e\u62a5\u540d","bank_type":"ABC_DEBIT","cash_fee":"4000","fee_type":"CNY","is_subscribe":"Y","mch_id":"1268067601","nonce_str":"99g50kmhsq9or9n43zeg6zu5vj280yyt","openid":"ouN6_s8vxeY84rc7J-hb3-Hme9wc","out_trade_no":"126806760120151104095516","result_code":"SUCCESS","return_code":"SUCCESS","sign":"DF439554AADBD86683A4B8CAFB822E8A","time_end":"20151104095743","total_fee":"4000","trade_type":"JSAPI","transaction_id":"1002540869201511041447575433"}
[2015-11-04 09:57:43][debug] query:{"appid":"wx161f19ac48b1f2f3","attach":"\u9a6c\u62c9\u677e\u62a5\u540d","bank_type":"ABC_DEBIT","cash_fee":"4000","fee_type":"CNY","is_subscribe":"Y","mch_id":"1268067601","nonce_str":"07hO9GOsGxJHy3LU","openid":"ouN6_s8vxeY84rc7J-hb3-Hme9wc","out_trade_no":"126806760120151104095516","result_code":"SUCCESS","return_code":"SUCCESS","return_msg":"OK","sign":"3D76B8A100DBD1BC600EA7937AC67950","time_end":"20151104095742","total_fee":"4000","trade_state":"SUCCESS","trade_type":"JSAPI","transaction_id":"1002540869201511041447575433"}
[2015-11-04 09:57:43][debug] call back test:订单查询成功
[2015-11-04 09:57:43][debug] call back test:未入库
[2015-11-04 09:57:43][debug] call back test sql:UPDATE pa_marathon SET ispay =1,transaction_id="1002540869201511041447575433",out_trade_no="126806760120151104095516" WHERE openid ="ouN6_s8vxeY84rc7J-hb3-Hme9wc"
[2015-11-04 09:57:43][debug] call back test:入库成功
