[2015-10-22 00:03:10][debug] begin notify
[2015-10-22 00:03:10][debug] call back test:{"appid":"wx161f19ac48b1f2f3","attach":"\u9a6c\u62c9\u677e\u62a5\u540d","bank_type":"ICBC_DEBIT","cash_fee":"4000","fee_type":"CNY","is_subscribe":"Y","mch_id":"1268067601","nonce_str":"iom8g8lrs4yl4ld8nlkjuvhplntr2pxu","openid":"ouN6_syZ9W13cpYPBrFwHhf5Yo_I","out_trade_no":"126806760120151021222630","result_code":"SUCCESS","return_code":"SUCCESS","sign":"10636C8409EA3DF1E0E1C05179675E99","time_end":"20151021222833","total_fee":"4000","trade_type":"JSAPI","transaction_id":"1005150869201510211283482374"}
[2015-10-22 00:03:16][debug] query:{"appid":"wx161f19ac48b1f2f3","attach":"\u9a6c\u62c9\u677e\u62a5\u540d","bank_type":"ICBC_DEBIT","cash_fee":"4000","fee_type":"CNY","is_subscribe":"Y","mch_id":"1268067601","nonce_str":"VoGgow7zzNbweMXw","openid":"ouN6_syZ9W13cpYPBrFwHhf5Yo_I","out_trade_no":"126806760120151021222630","result_code":"SUCCESS","return_code":"SUCCESS","return_msg":"OK","sign":"719323D68482ED926526DF0724E4CCEC","time_end":"20151021222833","total_fee":"4000","trade_state":"SUCCESS","trade_type":"JSAPI","transaction_id":"1005150869201510211283482374"}
[2015-10-22 00:03:16][debug] call back test:订单查询成功
[2015-10-22 00:03:16][debug] call back test:已入库
[2015-10-22 00:05:31][debug] begin notify
[2015-10-22 00:05:31][debug] call back test:{"appid":"wx161f19ac48b1f2f3","attach":"\u9a6c\u62c9\u677e\u62a5\u540d","bank_type":"CFT","cash_fee":"6000","fee_type":"CNY","is_subscribe":"N","mch_id":"1268067601","nonce_str":"pv8fhr7vwcehkwd1exd7qy2x8x5n3rsz","openid":"ouN6_s0YDk-Cs5JO1CgM6oT2v-6g","out_trade_no":"126806760120151022000415","result_code":"SUCCESS","return_code":"SUCCESS","sign":"30EA3F022542890094F8C6D392A91F87","time_end":"20151022000529","total_fee":"6000","trade_type":"JSAPI","transaction_id":"1005320869201510221284139166"}
[2015-10-22 00:05:48][debug] begin notify
[2015-10-22 00:05:48][debug] call back test:{"appid":"wx161f19ac48b1f2f3","attach":"\u9a6c\u62c9\u677e\u62a5\u540d","bank_type":"CFT","cash_fee":"6000","fee_type":"CNY","is_subscribe":"N","mch_id":"1268067601","nonce_str":"pv8fhr7vwcehkwd1exd7qy2x8x5n3rsz","openid":"ouN6_s0YDk-Cs5JO1CgM6oT2v-6g","out_trade_no":"126806760120151022000415","result_code":"SUCCESS","return_code":"SUCCESS","sign":"30EA3F022542890094F8C6D392A91F87","time_end":"20151022000529","total_fee":"6000","trade_type":"JSAPI","transaction_id":"1005320869201510221284139166"}
[2015-10-22 00:06:08][debug] begin notify
[2015-10-22 00:06:08][debug] call back test:{"appid":"wx161f19ac48b1f2f3","attach":"\u9a6c\u62c9\u677e\u62a5\u540d","bank_type":"CFT","cash_fee":"6000","fee_type":"CNY","is_subscribe":"N","mch_id":"1268067601","nonce_str":"pv8fhr7vwcehkwd1exd7qy2x8x5n3rsz","openid":"ouN6_s0YDk-Cs5JO1CgM6oT2v-6g","out_trade_no":"126806760120151022000415","result_code":"SUCCESS","return_code":"SUCCESS","sign":"30EA3F022542890094F8C6D392A91F87","time_end":"20151022000529","total_fee":"6000","trade_type":"JSAPI","transaction_id":"1005320869201510221284139166"}
[2015-10-22 00:06:44][debug] begin notify
[2015-10-22 00:06:44][debug] call back test:{"appid":"wx161f19ac48b1f2f3","attach":"\u9a6c\u62c9\u677e\u62a5\u540d","bank_type":"CFT","cash_fee":"6000","fee_type":"CNY","is_subscribe":"N","mch_id":"1268067601","nonce_str":"pv8fhr7vwcehkwd1exd7qy2x8x5n3rsz","openid":"ouN6_s0YDk-Cs5JO1CgM6oT2v-6g","out_trade_no":"126806760120151022000415","result_code":"SUCCESS","return_code":"SUCCESS","sign":"30EA3F022542890094F8C6D392A91F87","time_end":"20151022000529","total_fee":"6000","trade_type":"JSAPI","transaction_id":"1005320869201510221284139166"}
[2015-10-22 00:09:51][debug] begin notify
[2015-10-22 00:09:51][debug] call back test:{"appid":"wx161f19ac48b1f2f3","attach":"\u9a6c\u62c9\u677e\u62a5\u540d","bank_type":"CFT","cash_fee":"6000","fee_type":"CNY","is_subscribe":"N","mch_id":"1268067601","nonce_str":"pv8fhr7vwcehkwd1exd7qy2x8x5n3rsz","openid":"ouN6_s0YDk-Cs5JO1CgM6oT2v-6g","out_trade_no":"126806760120151022000415","result_code":"SUCCESS","return_code":"SUCCESS","sign":"30EA3F022542890094F8C6D392A91F87","time_end":"20151022000529","total_fee":"6000","trade_type":"JSAPI","transaction_id":"1005320869201510221284139166"}
[2015-10-22 00:33:15][debug] begin notify
[2015-10-22 00:33:15][debug] call back test:{"appid":"wx161f19ac48b1f2f3","attach":"\u9a6c\u62c9\u677e\u62a5\u540d","bank_type":"ICBC_DEBIT","cash_fee":"4000","fee_type":"CNY","is_subscribe":"Y","mch_id":"1268067601","nonce_str":"iom8g8lrs4yl4ld8nlkjuvhplntr2pxu","openid":"ouN6_syZ9W13cpYPBrFwHhf5Yo_I","out_trade_no":"126806760120151021222630","result_code":"SUCCESS","return_code":"SUCCESS","sign":"10636C8409EA3DF1E0E1C05179675E99","time_end":"20151021222833","total_fee":"4000","trade_type":"JSAPI","transaction_id":"1005150869201510211283482374"}
[2015-10-22 00:39:57][debug] begin notify
[2015-10-22 00:39:57][debug] call back test:{"appid":"wx161f19ac48b1f2f3","attach":"\u9a6c\u62c9\u677e\u62a5\u540d","bank_type":"CFT","cash_fee":"6000","fee_type":"CNY","is_subscribe":"N","mch_id":"1268067601","nonce_str":"pv8fhr7vwcehkwd1exd7qy2x8x5n3rsz","openid":"ouN6_s0YDk-Cs5JO1CgM6oT2v-6g","out_trade_no":"126806760120151022000415","result_code":"SUCCESS","return_code":"SUCCESS","sign":"30EA3F022542890094F8C6D392A91F87","time_end":"20151022000529","total_fee":"6000","trade_type":"JSAPI","transaction_id":"1005320869201510221284139166"}
[2015-10-22 01:10:04][debug] begin notify
[2015-10-22 01:10:04][debug] call back test:{"appid":"wx161f19ac48b1f2f3","attach":"\u9a6c\u62c9\u677e\u62a5\u540d","bank_type":"CFT","cash_fee":"6000","fee_type":"CNY","is_subscribe":"N","mch_id":"1268067601","nonce_str":"pv8fhr7vwcehkwd1exd7qy2x8x5n3rsz","openid":"ouN6_s0YDk-Cs5JO1CgM6oT2v-6g","out_trade_no":"126806760120151022000415","result_code":"SUCCESS","return_code":"SUCCESS","sign":"30EA3F022542890094F8C6D392A91F87","time_end":"20151022000529","total_fee":"6000","trade_type":"JSAPI","transaction_id":"1005320869201510221284139166"}
[2015-10-22 01:33:22][debug] begin notify
[2015-10-22 01:33:22][debug] call back test:{"appid":"wx161f19ac48b1f2f3","attach":"\u9a6c\u62c9\u677e\u62a5\u540d","bank_type":"ICBC_DEBIT","cash_fee":"4000","fee_type":"CNY","is_subscribe":"Y","mch_id":"1268067601","nonce_str":"iom8g8lrs4yl4ld8nlkjuvhplntr2pxu","openid":"ouN6_syZ9W13cpYPBrFwHhf5Yo_I","out_trade_no":"126806760120151021222630","result_code":"SUCCESS","return_code":"SUCCESS","sign":"10636C8409EA3DF1E0E1C05179675E99","time_end":"20151021222833","total_fee":"4000","trade_type":"JSAPI","transaction_id":"1005150869201510211283482374"}
[2015-10-22 01:40:09][debug] begin notify
[2015-10-22 01:40:09][debug] call back test:{"appid":"wx161f19ac48b1f2f3","attach":"\u9a6c\u62c9\u677e\u62a5\u540d","bank_type":"CFT","cash_fee":"6000","fee_type":"CNY","is_subscribe":"N","mch_id":"1268067601","nonce_str":"pv8fhr7vwcehkwd1exd7qy2x8x5n3rsz","openid":"ouN6_s0YDk-Cs5JO1CgM6oT2v-6g","out_trade_no":"126806760120151022000415","result_code":"SUCCESS","return_code":"SUCCESS","sign":"30EA3F022542890094F8C6D392A91F87","time_end":"20151022000529","total_fee":"6000","trade_type":"JSAPI","transaction_id":"1005320869201510221284139166"}
[2015-10-22 01:40:15][debug] query:{"appid":"wx161f19ac48b1f2f3","attach":"\u9a6c\u62c9\u677e\u62a5\u540d","bank_type":"CFT","cash_fee":"6000","fee_type":"CNY","is_subscribe":"Y","mch_id":"1268067601","nonce_str":"LIQoy6JtoCxAFlUp","openid":"ouN6_s0YDk-Cs5JO1CgM6oT2v-6g","out_trade_no":"126806760120151022000415","result_code":"SUCCESS","return_code":"SUCCESS","return_msg":"OK","sign":"28F0D2C3DECCA597C82CF935A1384C9E","time_end":"20151022000529","total_fee":"6000","trade_state":"SUCCESS","trade_type":"JSAPI","transaction_id":"1005320869201510221284139166"}
[2015-10-22 01:40:15][debug] call back test:订单查询成功
[2015-10-22 01:40:15][debug] call back test:未入库
[2015-10-22 01:40:15][debug] call back test sql:UPDATE pa_marathon SET ispay =1,transaction_id="1005320869201510221284139166",out_trade_no="126806760120151022000415" WHERE openid ="ouN6_s0YDk-Cs5JO1CgM6oT2v-6g"
[2015-10-22 01:40:15][debug] call back test:入库成功
[2015-10-22 02:10:16][debug] begin notify
[2015-10-22 02:10:16][debug] call back test:{"appid":"wx161f19ac48b1f2f3","attach":"\u9a6c\u62c9\u677e\u62a5\u540d","bank_type":"CFT","cash_fee":"6000","fee_type":"CNY","is_subscribe":"N","mch_id":"1268067601","nonce_str":"pv8fhr7vwcehkwd1exd7qy2x8x5n3rsz","openid":"ouN6_s0YDk-Cs5JO1CgM6oT2v-6g","out_trade_no":"126806760120151022000415","result_code":"SUCCESS","return_code":"SUCCESS","sign":"30EA3F022542890094F8C6D392A91F87","time_end":"20151022000529","total_fee":"6000","trade_type":"JSAPI","transaction_id":"1005320869201510221284139166"}
[2015-10-22 03:10:22][debug] begin notify
[2015-10-22 03:10:22][debug] call back test:{"appid":"wx161f19ac48b1f2f3","attach":"\u9a6c\u62c9\u677e\u62a5\u540d","bank_type":"CFT","cash_fee":"6000","fee_type":"CNY","is_subscribe":"N","mch_id":"1268067601","nonce_str":"pv8fhr7vwcehkwd1exd7qy2x8x5n3rsz","openid":"ouN6_s0YDk-Cs5JO1CgM6oT2v-6g","out_trade_no":"126806760120151022000415","result_code":"SUCCESS","return_code":"SUCCESS","sign":"30EA3F022542890094F8C6D392A91F87","time_end":"20151022000529","total_fee":"6000","trade_type":"JSAPI","transaction_id":"1005320869201510221284139166"}
[2015-10-22 06:14:27][debug] begin notify
[2015-10-22 06:14:27][debug] call back test:{"appid":"wx161f19ac48b1f2f3","attach":"\u9a6c\u62c9\u677e\u62a5\u540d","bank_type":"PAB_CREDIT","cash_fee":"6000","fee_type":"CNY","is_subscribe":"N","mch_id":"1268067601","nonce_str":"h07k9myw8jngi7idv1kxtgfx7mlnp636","openid":"ouN6_syq-7sjAL7MipMUu3u9xJqA","out_trade_no":"126806760120151022061349","result_code":"SUCCESS","return_code":"SUCCESS","sign":"488CD896DA521E5A99D4D2EEC4B95733","time_end":"20151022061427","total_fee":"6000","trade_type":"JSAPI","transaction_id":"1009020869201510221284784780"}
[2015-10-22 06:14:28][debug] query:{"appid":"wx161f19ac48b1f2f3","attach":"\u9a6c\u62c9\u677e\u62a5\u540d","bank_type":"PAB_CREDIT","cash_fee":"6000","fee_type":"CNY","is_subscribe":"N","mch_id":"1268067601","nonce_str":"GPrGSl5GH5l7ERvi","openid":"ouN6_syq-7sjAL7MipMUu3u9xJqA","out_trade_no":"126806760120151022061349","result_code":"SUCCESS","return_code":"SUCCESS","return_msg":"OK","sign":"F2C863DDD1F8D113D8D6147315D71E99","time_end":"20151022061426","total_fee":"6000","trade_state":"SUCCESS","trade_type":"JSAPI","transaction_id":"1009020869201510221284784780"}
[2015-10-22 06:14:28][debug] call back test:订单查询成功
[2015-10-22 06:14:28][debug] call back test:未入库
[2015-10-22 06:14:28][debug] call back test sql:UPDATE pa_marathon SET ispay =1,transaction_id="1009020869201510221284784780",out_trade_no="126806760120151022061349" WHERE openid ="ouN6_syq-7sjAL7MipMUu3u9xJqA"
[2015-10-22 06:14:28][debug] call back test:入库成功
[2015-10-22 10:01:07][debug] begin notify
[2015-10-22 10:01:07][debug] call back test:{"appid":"wx161f19ac48b1f2f3","attach":"\u9a6c\u62c9\u677e\u62a5\u540d","bank_type":"CFT","cash_fee":"4000","fee_type":"CNY","is_subscribe":"Y","mch_id":"1268067601","nonce_str":"javghrke1ckovl2hj1jmmo0bufz1dqlu","openid":"ouN6_sy9JwyOi26ydY3eivwvBhsY","out_trade_no":"126806760120151022095849","result_code":"SUCCESS","return_code":"SUCCESS","sign":"8E02C51F337CF6CCCAA3A9E7C1E23811","time_end":"20151022100107","total_fee":"4000","trade_type":"JSAPI","transaction_id":"1009610869201510221285985761"}
[2015-10-22 10:01:11][debug] query:{"appid":"wx161f19ac48b1f2f3","attach":"\u9a6c\u62c9\u677e\u62a5\u540d","bank_type":"CFT","cash_fee":"4000","fee_type":"CNY","is_subscribe":"Y","mch_id":"1268067601","nonce_str":"ooytQABimV882hhu","openid":"ouN6_sy9JwyOi26ydY3eivwvBhsY","out_trade_no":"126806760120151022095849","result_code":"SUCCESS","return_code":"SUCCESS","return_msg":"OK","sign":"10D585C220F499705973BE8FBBAC39CF","time_end":"20151022100107","total_fee":"4000","trade_state":"SUCCESS","trade_type":"JSAPI","transaction_id":"1009610869201510221285985761"}
[2015-10-22 10:01:11][debug] call back test:订单查询成功
[2015-10-22 10:01:11][debug] call back test:未入库
[2015-10-22 10:01:11][debug] call back test sql:UPDATE pa_marathon SET ispay =1,transaction_id="1009610869201510221285985761",out_trade_no="126806760120151022095849" WHERE openid ="ouN6_sy9JwyOi26ydY3eivwvBhsY"
[2015-10-22 10:01:11][debug] call back test:入库成功
[2015-10-22 10:01:24][debug] begin notify
[2015-10-22 10:01:24][debug] call back test:{"appid":"wx161f19ac48b1f2f3","attach":"\u9a6c\u62c9\u677e\u62a5\u540d","bank_type":"CFT","cash_fee":"4000","fee_type":"CNY","is_subscribe":"Y","mch_id":"1268067601","nonce_str":"javghrke1ckovl2hj1jmmo0bufz1dqlu","openid":"ouN6_sy9JwyOi26ydY3eivwvBhsY","out_trade_no":"126806760120151022095849","result_code":"SUCCESS","return_code":"SUCCESS","sign":"8E02C51F337CF6CCCAA3A9E7C1E23811","time_end":"20151022100107","total_fee":"4000","trade_type":"JSAPI","transaction_id":"1009610869201510221285985761"}
[2015-10-22 10:01:24][debug] query:{"appid":"wx161f19ac48b1f2f3","attach":"\u9a6c\u62c9\u677e\u62a5\u540d","bank_type":"CFT","cash_fee":"4000","fee_type":"CNY","is_subscribe":"Y","mch_id":"1268067601","nonce_str":"QpyQPb3ZHETr9lYq","openid":"ouN6_sy9JwyOi26ydY3eivwvBhsY","out_trade_no":"126806760120151022095849","result_code":"SUCCESS","return_code":"SUCCESS","return_msg":"OK","sign":"52CC00DFFA2203EF30E65D2236BDFE16","time_end":"20151022100107","total_fee":"4000","trade_state":"SUCCESS","trade_type":"JSAPI","transaction_id":"1009610869201510221285985761"}
[2015-10-22 10:01:24][debug] call back test:订单查询成功
[2015-10-22 10:01:25][debug] call back test:已入库
[2015-10-22 10:06:45][debug] begin notify
[2015-10-22 10:06:45][debug] call back test:{"appid":"wx161f19ac48b1f2f3","attach":"\u9a6c\u62c9\u677e\u62a5\u540d","bank_type":"CFT","cash_fee":"4000","fee_type":"CNY","is_subscribe":"Y","mch_id":"1268067601","nonce_str":"gjlpno56jmx950d1k5nlaa3lfs9cwpis","openid":"ouN6_sy9JwyOi26ydY3eivwvBhsY","out_trade_no":"126806760120151022100627","result_code":"SUCCESS","return_code":"SUCCESS","sign":"DB3B82D0EEF426700FD1895049D6600C","time_end":"20151022100644","total_fee":"4000","trade_type":"JSAPI","transaction_id":"1009610869201510221286044389"}
[2015-10-22 10:06:45][debug] query:{"appid":"wx161f19ac48b1f2f3","attach":"\u9a6c\u62c9\u677e\u62a5\u540d","bank_type":"CFT","cash_fee":"4000","fee_type":"CNY","is_subscribe":"Y","mch_id":"1268067601","nonce_str":"zGdn1ftmyL8scrl1","openid":"ouN6_sy9JwyOi26ydY3eivwvBhsY","out_trade_no":"126806760120151022100627","result_code":"SUCCESS","return_code":"SUCCESS","return_msg":"OK","sign":"3DA55B102403360DC79328A5D250BC4C","time_end":"20151022100644","total_fee":"4000","trade_state":"SUCCESS","trade_type":"JSAPI","transaction_id":"1009610869201510221286044389"}
[2015-10-22 10:06:45][debug] call back test:订单查询成功
[2015-10-22 10:06:45][debug] call back test:未入库
[2015-10-22 10:06:45][debug] call back test sql:UPDATE pa_marathon SET ispay =1,transaction_id="1009610869201510221286044389",out_trade_no="126806760120151022100627" WHERE openid ="ouN6_sy9JwyOi26ydY3eivwvBhsY"
[2015-10-22 10:06:45][debug] call back test:入库成功
[2015-10-22 10:06:59][debug] begin notify
[2015-10-22 10:06:59][debug] call back test:{"appid":"wx161f19ac48b1f2f3","attach":"\u9a6c\u62c9\u677e\u62a5\u540d","bank_type":"CFT","cash_fee":"6000","fee_type":"CNY","is_subscribe":"Y","mch_id":"1268067601","nonce_str":"l16x4v1vcgzc9vx5fwn8nw93fcfyl2er","openid":"ouN6_s8kOLhK1jBTZEViQdHBVa7U","out_trade_no":"126806760120151022100614","result_code":"SUCCESS","return_code":"SUCCESS","sign":"E6A6AEB2184260261B4D1BA39B6726C1","time_end":"20151022100658","total_fee":"6000","trade_type":"JSAPI","transaction_id":"1003390869201510221286055340"}
[2015-10-22 10:06:59][debug] query:{"appid":"wx161f19ac48b1f2f3","attach":"\u9a6c\u62c9\u677e\u62a5\u540d","bank_type":"CFT","cash_fee":"6000","fee_type":"CNY","is_subscribe":"Y","mch_id":"1268067601","nonce_str":"Tv9M47p1ZFCT37lX","openid":"ouN6_s8kOLhK1jBTZEViQdHBVa7U","out_trade_no":"126806760120151022100614","result_code":"SUCCESS","return_code":"SUCCESS","return_msg":"OK","sign":"44469991CAE8A15E93CF704A0026CD63","time_end":"20151022100658","total_fee":"6000","trade_state":"SUCCESS","trade_type":"JSAPI","transaction_id":"1003390869201510221286055340"}
[2015-10-22 10:06:59][debug] call back test:订单查询成功
[2015-10-22 10:06:59][debug] call back test:未入库
[2015-10-22 10:06:59][debug] call back test sql:UPDATE pa_marathon SET ispay =1,transaction_id="1003390869201510221286055340",out_trade_no="126806760120151022100614" WHERE openid ="ouN6_s8kOLhK1jBTZEViQdHBVa7U"
[2015-10-22 10:06:59][debug] call back test:入库成功
[2015-10-22 10:37:10][debug] begin notify
[2015-10-22 10:37:10][debug] call back test:{"appid":"wx161f19ac48b1f2f3","attach":"\u9a6c\u62c9\u677e\u62a5\u540d","bank_type":"ICBC_DEBIT","cash_fee":"6000","fee_type":"CNY","is_subscribe":"Y","mch_id":"1268067601","nonce_str":"i5nh9cmdoe1i17dn2evyy795oaflbgsq","openid":"ouN6_s-2W35cjgGvESPy6QTJM3qk","out_trade_no":"126806760120151022103617","result_code":"SUCCESS","return_code":"SUCCESS","sign":"DA70796619E1A257B4DD8142BF5503C8","time_end":"20151022103709","total_fee":"6000","trade_type":"JSAPI","transaction_id":"1009060869201510221286400563"}
[2015-10-22 10:37:10][debug] query:{"appid":"wx161f19ac48b1f2f3","attach":"\u9a6c\u62c9\u677e\u62a5\u540d","bank_type":"ICBC_DEBIT","cash_fee":"6000","fee_type":"CNY","is_subscribe":"Y","mch_id":"1268067601","nonce_str":"QPpOSPz7FQXOfzkw","openid":"ouN6_s-2W35cjgGvESPy6QTJM3qk","out_trade_no":"126806760120151022103617","result_code":"SUCCESS","return_code":"SUCCESS","return_msg":"OK","sign":"65C14E48D0C1107F08EE2472227DF038","time_end":"20151022103708","total_fee":"6000","trade_state":"SUCCESS","trade_type":"JSAPI","transaction_id":"1009060869201510221286400563"}
[2015-10-22 10:37:10][debug] call back test:订单查询成功
[2015-10-22 10:37:10][debug] call back test:未入库
[2015-10-22 10:37:10][debug] call back test sql:UPDATE pa_marathon SET ispay =1,transaction_id="1009060869201510221286400563",out_trade_no="126806760120151022103617" WHERE openid ="ouN6_s-2W35cjgGvESPy6QTJM3qk"
[2015-10-22 10:37:10][debug] call back test:入库成功
[2015-10-22 10:43:13][debug] begin notify
[2015-10-22 10:43:13][debug] call back test:{"appid":"wx161f19ac48b1f2f3","attach":"\u9a6c\u62c9\u677e\u62a5\u540d","bank_type":"CFT","cash_fee":"6000","fee_type":"CNY","is_subscribe":"Y","mch_id":"1268067601","nonce_str":"ngh6cb5oa4yvavw23ipkcgcbgsc11kua","openid":"ouN6_sye_3rVvnvUx7Cz0gn-qkQM","out_trade_no":"126806760120151022104147","result_code":"SUCCESS","return_code":"SUCCESS","sign":"33D85BA8F6CE384AA82CAADA21376993","time_end":"20151022104313","total_fee":"6000","trade_type":"JSAPI","transaction_id":"1003560869201510221286488854"}
[2015-10-22 10:43:13][debug] query:{"appid":"wx161f19ac48b1f2f3","attach":"\u9a6c\u62c9\u677e\u62a5\u540d","bank_type":"CFT","cash_fee":"6000","fee_type":"CNY","is_subscribe":"Y","mch_id":"1268067601","nonce_str":"rmVRtVoNyKfKX3JJ","openid":"ouN6_sye_3rVvnvUx7Cz0gn-qkQM","out_trade_no":"126806760120151022104147","result_code":"SUCCESS","return_code":"SUCCESS","return_msg":"OK","sign":"5E36856543B96825B12CEE6423E175A1","time_end":"20151022104312","total_fee":"6000","trade_state":"SUCCESS","trade_type":"JSAPI","transaction_id":"1003560869201510221286488854"}
[2015-10-22 10:43:13][debug] call back test:订单查询成功
[2015-10-22 10:43:13][debug] call back test:未入库
[2015-10-22 10:43:13][debug] call back test sql:UPDATE pa_marathon SET ispay =1,transaction_id="1003560869201510221286488854",out_trade_no="126806760120151022104147" WHERE openid ="ouN6_sye_3rVvnvUx7Cz0gn-qkQM"
[2015-10-22 10:43:13][debug] call back test:入库成功
[2015-10-22 10:46:47][debug] begin notify
[2015-10-22 10:46:47][debug] call back test:{"appid":"wx161f19ac48b1f2f3","attach":"\u9a6c\u62c9\u677e\u62a5\u540d","bank_type":"CMB_CREDIT","cash_fee":"6000","fee_type":"CNY","is_subscribe":"Y","mch_id":"1268067601","nonce_str":"q6vsvzz30ykg3ss1d5qued37ilickwsv","openid":"ouN6_s_cY9Bp3XY-Ka7me5454xlo","out_trade_no":"126806760120151022104634","result_code":"SUCCESS","return_code":"SUCCESS","sign":"7156432FF9D22F694CD4CA6A2764272B","time_end":"20151022104647","total_fee":"6000","trade_type":"JSAPI","transaction_id":"1002570869201510221286541425"}
[2015-10-22 10:46:47][debug] query:{"appid":"wx161f19ac48b1f2f3","attach":"\u9a6c\u62c9\u677e\u62a5\u540d","bank_type":"CMB_CREDIT","cash_fee":"6000","fee_type":"CNY","is_subscribe":"Y","mch_id":"1268067601","nonce_str":"yEnSodKiScCs2nVo","openid":"ouN6_s_cY9Bp3XY-Ka7me5454xlo","out_trade_no":"126806760120151022104634","result_code":"SUCCESS","return_code":"SUCCESS","return_msg":"OK","sign":"0CF1BCB849CEEA0FCF499CA831AAD436","time_end":"20151022104646","total_fee":"6000","trade_state":"SUCCESS","trade_type":"JSAPI","transaction_id":"1002570869201510221286541425"}
[2015-10-22 10:46:47][debug] call back test:订单查询成功
[2015-10-22 10:46:47][debug] call back test:未入库
[2015-10-22 10:46:47][debug] call back test sql:UPDATE pa_marathon SET ispay =1,transaction_id="1002570869201510221286541425",out_trade_no="126806760120151022104634" WHERE openid ="ouN6_s_cY9Bp3XY-Ka7me5454xlo"
[2015-10-22 10:46:47][debug] call back test:入库成功
[2015-10-22 10:53:29][debug] begin notify
[2015-10-22 10:53:29][debug] call back test:{"appid":"wx161f19ac48b1f2f3","attach":"\u9a6c\u62c9\u677e\u62a5\u540d","bank_type":"CFT","cash_fee":"6000","fee_type":"CNY","is_subscribe":"Y","mch_id":"1268067601","nonce_str":"mbmtlzs4otypmvy3u7hvr8eil8hc8xq7","openid":"ouN6_s5jkaKLnFAWgiqn3OTmsbks","out_trade_no":"126806760120151022105316","result_code":"SUCCESS","return_code":"SUCCESS","sign":"722987617EC36F0DA49B5E8087BC46DC","time_end":"20151022105329","total_fee":"6000","trade_type":"JSAPI","transaction_id":"1004560869201510221286628259"}
[2015-10-22 10:53:30][debug] query:{"appid":"wx161f19ac48b1f2f3","attach":"\u9a6c\u62c9\u677e\u62a5\u540d","bank_type":"CFT","cash_fee":"6000","fee_type":"CNY","is_subscribe":"Y","mch_id":"1268067601","nonce_str":"vfBmeGk1hFMmUhTH","openid":"ouN6_s5jkaKLnFAWgiqn3OTmsbks","out_trade_no":"126806760120151022105316","result_code":"SUCCESS","return_code":"SUCCESS","return_msg":"OK","sign":"F9BA3E6BF4D30012024441EA5627CADA","time_end":"20151022105329","total_fee":"6000","trade_state":"SUCCESS","trade_type":"JSAPI","transaction_id":"1004560869201510221286628259"}
[2015-10-22 10:53:30][debug] call back test:订单查询成功
[2015-10-22 10:53:30][debug] call back test:未入库
[2015-10-22 10:53:30][debug] call back test sql:UPDATE pa_marathon SET ispay =1,transaction_id="1004560869201510221286628259",out_trade_no="126806760120151022105316" WHERE openid ="ouN6_s5jkaKLnFAWgiqn3OTmsbks"
[2015-10-22 10:53:30][debug] call back test:入库成功
[2015-10-22 11:38:11][debug] begin notify
[2015-10-22 11:38:11][debug] call back test:{"appid":"wx161f19ac48b1f2f3","attach":"\u9a6c\u62c9\u677e\u62a5\u540d","bank_type":"PSBC_CREDIT","cash_fee":"6000","fee_type":"CNY","is_subscribe":"Y","mch_id":"1268067601","nonce_str":"qyo1qys1cy0nmlqybfmciavffkmhv2ww","openid":"ouN6_szl9ueLkz5xH6xJsQpq1uqM","out_trade_no":"126806760120151022113528","result_code":"SUCCESS","return_code":"SUCCESS","sign":"6A219E13804200EE8AF9D1861C798F1A","time_end":"20151022113811","total_fee":"6000","trade_type":"JSAPI","transaction_id":"1000860869201510221287295534"}
[2015-10-22 11:38:15][debug] query:{"appid":"wx161f19ac48b1f2f3","attach":"\u9a6c\u62c9\u677e\u62a5\u540d","bank_type":"PSBC_CREDIT","cash_fee":"6000","fee_type":"CNY","is_subscribe":"Y","mch_id":"1268067601","nonce_str":"k8pgu3tJgf9ZFiHe","openid":"ouN6_szl9ueLkz5xH6xJsQpq1uqM","out_trade_no":"126806760120151022113528","result_code":"SUCCESS","return_code":"SUCCESS","return_msg":"OK","sign":"286A1FD2213CBDD0C82033B3446B8BC9","time_end":"20151022113754","total_fee":"6000","trade_state":"SUCCESS","trade_type":"JSAPI","transaction_id":"1000860869201510221287295534"}
[2015-10-22 11:38:15][debug] call back test:订单查询成功
[2015-10-22 11:38:15][debug] call back test:未入库
[2015-10-22 11:38:15][debug] call back test sql:UPDATE pa_marathon SET ispay =1,transaction_id="1000860869201510221287295534",out_trade_no="126806760120151022113528" WHERE openid ="ouN6_szl9ueLkz5xH6xJsQpq1uqM"
[2015-10-22 11:38:15][debug] call back test:入库成功
[2015-10-22 11:38:29][debug] begin notify
[2015-10-22 11:38:29][debug] call back test:{"appid":"wx161f19ac48b1f2f3","attach":"\u9a6c\u62c9\u677e\u62a5\u540d","bank_type":"PSBC_CREDIT","cash_fee":"6000","fee_type":"CNY","is_subscribe":"Y","mch_id":"1268067601","nonce_str":"qyo1qys1cy0nmlqybfmciavffkmhv2ww","openid":"ouN6_szl9ueLkz5xH6xJsQpq1uqM","out_trade_no":"126806760120151022113528","result_code":"SUCCESS","return_code":"SUCCESS","sign":"6A219E13804200EE8AF9D1861C798F1A","time_end":"20151022113811","total_fee":"6000","trade_type":"JSAPI","transaction_id":"1000860869201510221287295534"}
[2015-10-22 11:38:30][debug] query:{"appid":"wx161f19ac48b1f2f3","attach":"\u9a6c\u62c9\u677e\u62a5\u540d","bank_type":"PSBC_CREDIT","cash_fee":"6000","fee_type":"CNY","is_subscribe":"Y","mch_id":"1268067601","nonce_str":"j8rSQu4wl9wtIeTo","openid":"ouN6_szl9ueLkz5xH6xJsQpq1uqM","out_trade_no":"126806760120151022113528","result_code":"SUCCESS","return_code":"SUCCESS","return_msg":"OK","sign":"8890E33B7F647A4640BC9FA3C4218D4E","time_end":"20151022113754","total_fee":"6000","trade_state":"SUCCESS","trade_type":"JSAPI","transaction_id":"1000860869201510221287295534"}
[2015-10-22 11:38:30][debug] call back test:订单查询成功
[2015-10-22 11:38:30][debug] call back test:已入库
[2015-10-22 11:42:05][debug] begin notify
[2015-10-22 11:42:05][debug] call back test:{"appid":"wx161f19ac48b1f2f3","attach":"\u9a6c\u62c9\u677e\u62a5\u540d","bank_type":"CMB_CREDIT","cash_fee":"8000","fee_type":"CNY","is_subscribe":"N","mch_id":"1268067601","nonce_str":"fhohi9oab3204bmio6ijux9m060pi1d2","openid":"ouN6_s4MtwBDdGVjIZRE9OOjxbu8","out_trade_no":"126806760120151022114050","result_code":"SUCCESS","return_code":"SUCCESS","sign":"BAA4CB9596740216A096D6FA42E62858","time_end":"20151022114205","total_fee":"8000","trade_type":"JSAPI","transaction_id":"1001160869201510221287371168"}
[2015-10-22 11:42:06][debug] query:{"appid":"wx161f19ac48b1f2f3","attach":"\u9a6c\u62c9\u677e\u62a5\u540d","bank_type":"CMB_CREDIT","cash_fee":"8000","fee_type":"CNY","is_subscribe":"N","mch_id":"1268067601","nonce_str":"PkDDekQFE0Hjv7tW","openid":"ouN6_s4MtwBDdGVjIZRE9OOjxbu8","out_trade_no":"126806760120151022114050","result_code":"SUCCESS","return_code":"SUCCESS","return_msg":"OK","sign":"D6C9A6FC31AD7D529D6A20F93B0B6992","time_end":"20151022114204","total_fee":"8000","trade_state":"SUCCESS","trade_type":"JSAPI","transaction_id":"1001160869201510221287371168"}
[2015-10-22 11:42:06][debug] call back test:订单查询成功
[2015-10-22 11:42:06][debug] call back test:未入库
[2015-10-22 11:42:06][debug] call back test sql:UPDATE pa_marathon SET ispay =1,transaction_id="1001160869201510221287371168",out_trade_no="126806760120151022114050" WHERE openid ="ouN6_s4MtwBDdGVjIZRE9OOjxbu8"
[2015-10-22 11:42:06][debug] call back test:入库成功
[2015-10-22 12:26:48][debug] begin notify
[2015-10-22 12:26:48][debug] call back test:{"appid":"wx161f19ac48b1f2f3","attach":"\u9a6c\u62c9\u677e\u62a5\u540d","bank_type":"CFT","cash_fee":"8000","fee_type":"CNY","is_subscribe":"Y","mch_id":"1268067601","nonce_str":"q1fhm6vydq549fnt48mn0nsajin0zpd8","openid":"ouN6_s_DoeS0-v1WKFQTfx5wlDUU","out_trade_no":"126806760120151022122550","result_code":"SUCCESS","return_code":"SUCCESS","sign":"6307D09FA7088AC827CD6C4E81754001","time_end":"20151022122647","total_fee":"8000","trade_type":"JSAPI","transaction_id":"1007030869201510221288155479"}
[2015-10-22 12:26:48][debug] query:{"appid":"wx161f19ac48b1f2f3","attach":"\u9a6c\u62c9\u677e\u62a5\u540d","bank_type":"CFT","cash_fee":"8000","fee_type":"CNY","is_subscribe":"Y","mch_id":"1268067601","nonce_str":"TGaWSuZf5wn5HU75","openid":"ouN6_s_DoeS0-v1WKFQTfx5wlDUU","out_trade_no":"126806760120151022122550","result_code":"SUCCESS","return_code":"SUCCESS","return_msg":"OK","sign":"F67017987E5DF4301ACA6FFB1E53B832","time_end":"20151022122647","total_fee":"8000","trade_state":"SUCCESS","trade_type":"JSAPI","transaction_id":"1007030869201510221288155479"}
[2015-10-22 12:26:48][debug] call back test:订单查询成功
[2015-10-22 12:26:48][debug] call back test:未入库
[2015-10-22 12:26:48][debug] call back test sql:UPDATE pa_marathon SET ispay =1,transaction_id="1007030869201510221288155479",out_trade_no="126806760120151022122550" WHERE openid ="ouN6_s_DoeS0-v1WKFQTfx5wlDUU"
[2015-10-22 12:26:48][debug] call back test:入库成功
[2015-10-22 12:28:16][debug] begin notify
[2015-10-22 12:28:16][debug] call back test:{"appid":"wx161f19ac48b1f2f3","attach":"\u9a6c\u62c9\u677e\u62a5\u540d","bank_type":"CMB_CREDIT","cash_fee":"8000","fee_type":"CNY","is_subscribe":"N","mch_id":"1268067601","nonce_str":"5n7ep080j2r87q2w9mxxjlrq9d22d2mv","openid":"ouN6_s1xlsAUnnwgbrBG41RxS93g","out_trade_no":"126806760120151022122713","result_code":"SUCCESS","return_code":"SUCCESS","sign":"60FFEF0B4AFA4E7B0DBBEC9137693E55","time_end":"20151022122815","total_fee":"8000","trade_type":"JSAPI","transaction_id":"1005950869201510221288187453"}
[2015-10-22 12:28:19][debug] query:{"appid":"wx161f19ac48b1f2f3","attach":"\u9a6c\u62c9\u677e\u62a5\u540d","bank_type":"CMB_CREDIT","cash_fee":"8000","fee_type":"CNY","is_subscribe":"N","mch_id":"1268067601","nonce_str":"PjE9TncHyvBK1Ncr","openid":"ouN6_s1xlsAUnnwgbrBG41RxS93g","out_trade_no":"126806760120151022122713","result_code":"SUCCESS","return_code":"SUCCESS","return_msg":"OK","sign":"DFF0E0AD6C9BA8A478B9239301B5D84B","time_end":"20151022122814","total_fee":"8000","trade_state":"SUCCESS","trade_type":"JSAPI","transaction_id":"1005950869201510221288187453"}
[2015-10-22 12:28:19][debug] call back test:订单查询成功
[2015-10-22 12:28:19][debug] call back test:未入库
[2015-10-22 12:28:19][debug] call back test sql:UPDATE pa_marathon SET ispay =1,transaction_id="1005950869201510221288187453",out_trade_no="126806760120151022122713" WHERE openid ="ouN6_s1xlsAUnnwgbrBG41RxS93g"
[2015-10-22 12:28:19][debug] call back test:入库成功
[2015-10-22 12:28:31][debug] begin notify
[2015-10-22 12:28:31][debug] call back test:{"appid":"wx161f19ac48b1f2f3","attach":"\u9a6c\u62c9\u677e\u62a5\u540d","bank_type":"CMB_CREDIT","cash_fee":"8000","fee_type":"CNY","is_subscribe":"N","mch_id":"1268067601","nonce_str":"5n7ep080j2r87q2w9mxxjlrq9d22d2mv","openid":"ouN6_s1xlsAUnnwgbrBG41RxS93g","out_trade_no":"126806760120151022122713","result_code":"SUCCESS","return_code":"SUCCESS","sign":"60FFEF0B4AFA4E7B0DBBEC9137693E55","time_end":"20151022122815","total_fee":"8000","trade_type":"JSAPI","transaction_id":"1005950869201510221288187453"}
[2015-10-22 12:28:31][debug] query:{"appid":"wx161f19ac48b1f2f3","attach":"\u9a6c\u62c9\u677e\u62a5\u540d","bank_type":"CMB_CREDIT","cash_fee":"8000","fee_type":"CNY","is_subscribe":"Y","mch_id":"1268067601","nonce_str":"Llp1WbF5rQtwuQPe","openid":"ouN6_s1xlsAUnnwgbrBG41RxS93g","out_trade_no":"126806760120151022122713","result_code":"SUCCESS","return_code":"SUCCESS","return_msg":"OK","sign":"8859A3022777EF63C2D6D2350DA9C3DB","time_end":"20151022122814","total_fee":"8000","trade_state":"SUCCESS","trade_type":"JSAPI","transaction_id":"1005950869201510221288187453"}
[2015-10-22 12:28:31][debug] call back test:订单查询成功
[2015-10-22 12:28:31][debug] call back test:已入库
[2015-10-22 12:50:26][debug] begin notify
[2015-10-22 12:50:26][debug] call back test:{"appid":"wx161f19ac48b1f2f3","attach":"\u9a6c\u62c9\u677e\u62a5\u540d","bank_type":"CFT","cash_fee":"6000","fee_type":"CNY","is_subscribe":"Y","mch_id":"1268067601","nonce_str":"9ksvi6ie0k2zan0r89qcuokph394p4da","openid":"ouN6_s0UU2FrwnBS5buuVF-qjSy8","out_trade_no":"126806760120151022125012","result_code":"SUCCESS","return_code":"SUCCESS","sign":"9F33BDB2277698D10BEE5E00FF59B6BF","time_end":"20151022125024","total_fee":"6000","trade_type":"JSAPI","transaction_id":"1001080869201510221288521956"}
[2015-10-22 12:50:26][debug] query:{"appid":"wx161f19ac48b1f2f3","attach":"\u9a6c\u62c9\u677e\u62a5\u540d","bank_type":"CFT","cash_fee":"6000","fee_type":"CNY","is_subscribe":"Y","mch_id":"1268067601","nonce_str":"zPrqk5cLuHINlLY0","openid":"ouN6_s0UU2FrwnBS5buuVF-qjSy8","out_trade_no":"126806760120151022125012","result_code":"SUCCESS","return_code":"SUCCESS","return_msg":"OK","sign":"51482C99CE98390ECD045BCDD2D9AF83","time_end":"20151022125024","total_fee":"6000","trade_state":"SUCCESS","trade_type":"JSAPI","transaction_id":"1001080869201510221288521956"}
[2015-10-22 12:50:26][debug] call back test:订单查询成功
[2015-10-22 12:50:26][debug] call back test:未入库
[2015-10-22 12:50:26][debug] call back test sql:UPDATE pa_marathon SET ispay =1,transaction_id="1001080869201510221288521956",out_trade_no="126806760120151022125012" WHERE openid ="ouN6_s0UU2FrwnBS5buuVF-qjSy8"
[2015-10-22 12:50:26][debug] call back test:入库成功
[2015-10-22 13:54:46][debug] begin notify
[2015-10-22 13:54:46][debug] call back test:{"appid":"wx161f19ac48b1f2f3","attach":"\u9a6c\u62c9\u677e\u62a5\u540d","bank_type":"CFT","cash_fee":"8000","fee_type":"CNY","is_subscribe":"Y","mch_id":"1268067601","nonce_str":"cuymlpn4i2l2kw6k4k270u9xyu8n1dvw","openid":"ouN6_s1rLqvtN97_imM4XwiJvLNM","out_trade_no":"126806760120151022135352","result_code":"SUCCESS","return_code":"SUCCESS","sign":"D652B1976F6CF642F81E3ADB112B4676","time_end":"20151022135446","total_fee":"8000","trade_type":"JSAPI","transaction_id":"1009420869201510221289349379"}
[2015-10-22 13:54:47][debug] query:{"appid":"wx161f19ac48b1f2f3","attach":"\u9a6c\u62c9\u677e\u62a5\u540d","bank_type":"CFT","cash_fee":"8000","fee_type":"CNY","is_subscribe":"Y","mch_id":"1268067601","nonce_str":"u2f4QZN9Jy2xGJBk","openid":"ouN6_s1rLqvtN97_imM4XwiJvLNM","out_trade_no":"126806760120151022135352","result_code":"SUCCESS","return_code":"SUCCESS","return_msg":"OK","sign":"97DF94AECE31FD0E0B1C311788D5527C","time_end":"20151022135445","total_fee":"8000","trade_state":"SUCCESS","trade_type":"JSAPI","transaction_id":"1009420869201510221289349379"}
[2015-10-22 13:54:47][debug] call back test:订单查询成功
[2015-10-22 13:54:47][debug] call back test:未入库
[2015-10-22 13:54:47][debug] call back test sql:UPDATE pa_marathon SET ispay =1,transaction_id="1009420869201510221289349379",out_trade_no="126806760120151022135352" WHERE openid ="ouN6_s1rLqvtN97_imM4XwiJvLNM"
[2015-10-22 13:54:47][debug] call back test:入库成功
[2015-10-22 14:14:45][debug] begin notify
[2015-10-22 14:14:45][debug] call back test:{"appid":"wx161f19ac48b1f2f3","attach":"\u9a6c\u62c9\u677e\u62a5\u540d","bank_type":"CFT","cash_fee":"6000","fee_type":"CNY","is_subscribe":"N","mch_id":"1268067601","nonce_str":"cjd0d6stosfyyr9auq578xzup1e2qpdf","openid":"ouN6_s3hZOxCwIGbqWnLxm9HQ1P0","out_trade_no":"126806760120151022141320","result_code":"SUCCESS","return_code":"SUCCESS","sign":"1B1CE4971628A99E27DC945C2EF5AA19","time_end":"20151022141443","total_fee":"6000","trade_type":"JSAPI","transaction_id":"1009360869201510221289586723"}
[2015-10-22 14:14:45][debug] query:{"appid":"wx161f19ac48b1f2f3","attach":"\u9a6c\u62c9\u677e\u62a5\u540d","bank_type":"CFT","cash_fee":"6000","fee_type":"CNY","is_subscribe":"N","mch_id":"1268067601","nonce_str":"oZ1ESVhHE8CZYiU9","openid":"ouN6_s3hZOxCwIGbqWnLxm9HQ1P0","out_trade_no":"126806760120151022141320","result_code":"SUCCESS","return_code":"SUCCESS","return_msg":"OK","sign":"2E3BE1E08BA30F379AE3CFE569177070","time_end":"20151022141443","total_fee":"6000","trade_state":"SUCCESS","trade_type":"JSAPI","transaction_id":"1009360869201510221289586723"}
[2015-10-22 14:14:45][debug] call back test:订单查询成功
[2015-10-22 14:14:45][debug] call back test:未入库
[2015-10-22 14:14:45][debug] call back test sql:UPDATE pa_marathon SET ispay =1,transaction_id="1009360869201510221289586723",out_trade_no="126806760120151022141320" WHERE openid ="ouN6_s3hZOxCwIGbqWnLxm9HQ1P0"
[2015-10-22 14:14:45][debug] call back test:入库成功
[2015-10-22 14:26:57][debug] begin notify
[2015-10-22 14:26:57][debug] call back test:{"appid":"wx161f19ac48b1f2f3","attach":"\u9a6c\u62c9\u677e\u62a5\u540d","bank_type":"ICBC_DEBIT","cash_fee":"6000","fee_type":"CNY","is_subscribe":"Y","mch_id":"1268067601","nonce_str":"lm6rp5gyz7mwbgjccxvpc0wy0lu2e0yo","openid":"ouN6_s3HFTTM7g6sYVzG_U6M8wrI","out_trade_no":"126806760120151022142411","result_code":"SUCCESS","return_code":"SUCCESS","sign":"48CCAFDB606832021BCDF7C255446D18","time_end":"20151022142656","total_fee":"6000","trade_type":"JSAPI","transaction_id":"1009150869201510221289720258"}
[2015-10-22 14:26:59][debug] query:{"appid":"wx161f19ac48b1f2f3","attach":"\u9a6c\u62c9\u677e\u62a5\u540d","bank_type":"ICBC_DEBIT","cash_fee":"6000","fee_type":"CNY","is_subscribe":"Y","mch_id":"1268067601","nonce_str":"Kfuoh6Xa6zIXs7e6","openid":"ouN6_s3HFTTM7g6sYVzG_U6M8wrI","out_trade_no":"126806760120151022142411","result_code":"SUCCESS","return_code":"SUCCESS","return_msg":"OK","sign":"F58C63B9883FF7091DEAF8D63DEDFB55","time_end":"20151022142655","total_fee":"6000","trade_state":"SUCCESS","trade_type":"JSAPI","transaction_id":"1009150869201510221289720258"}
[2015-10-22 14:26:59][debug] call back test:订单查询成功
[2015-10-22 14:26:59][debug] call back test:未入库
[2015-10-22 14:26:59][debug] call back test sql:UPDATE pa_marathon SET ispay =1,transaction_id="1009150869201510221289720258",out_trade_no="126806760120151022142411" WHERE openid ="ouN6_s3HFTTM7g6sYVzG_U6M8wrI"
[2015-10-22 14:26:59][debug] call back test:入库成功
[2015-10-22 14:27:17][debug] begin notify
[2015-10-22 14:27:17][debug] call back test:{"appid":"wx161f19ac48b1f2f3","attach":"\u9a6c\u62c9\u677e\u62a5\u540d","bank_type":"ICBC_DEBIT","cash_fee":"6000","fee_type":"CNY","is_subscribe":"Y","mch_id":"1268067601","nonce_str":"lm6rp5gyz7mwbgjccxvpc0wy0lu2e0yo","openid":"ouN6_s3HFTTM7g6sYVzG_U6M8wrI","out_trade_no":"126806760120151022142411","result_code":"SUCCESS","return_code":"SUCCESS","sign":"48CCAFDB606832021BCDF7C255446D18","time_end":"20151022142656","total_fee":"6000","trade_type":"JSAPI","transaction_id":"1009150869201510221289720258"}
[2015-10-22 14:27:17][debug] query:{"appid":"wx161f19ac48b1f2f3","attach":"\u9a6c\u62c9\u677e\u62a5\u540d","bank_type":"ICBC_DEBIT","cash_fee":"6000","fee_type":"CNY","is_subscribe":"Y","mch_id":"1268067601","nonce_str":"XIo2vCz8kKFGMid4","openid":"ouN6_s3HFTTM7g6sYVzG_U6M8wrI","out_trade_no":"126806760120151022142411","result_code":"SUCCESS","return_code":"SUCCESS","return_msg":"OK","sign":"32076764C54C71334E4C16546D454056","time_end":"20151022142655","total_fee":"6000","trade_state":"SUCCESS","trade_type":"JSAPI","transaction_id":"1009150869201510221289720258"}
[2015-10-22 14:27:17][debug] call back test:订单查询成功
[2015-10-22 14:27:17][debug] call back test:已入库
[2015-10-22 15:20:49][debug] begin notify
[2015-10-22 15:20:49][debug] call back test:{"appid":"wx161f19ac48b1f2f3","attach":"\u9a6c\u62c9\u677e\u62a5\u540d","bank_type":"BOC_CREDIT","cash_fee":"4000","fee_type":"CNY","is_subscribe":"N","mch_id":"1268067601","nonce_str":"5jlfqf1cbii8ezcoo0jq4g1sqkcx36oq","openid":"ouN6_s1ZqJLX-enyxDx6QUXCAmVE","out_trade_no":"126806760120151022152004","result_code":"SUCCESS","return_code":"SUCCESS","sign":"89E892A82E36E9CEA0647BDE1EA552AC","time_end":"20151022152049","total_fee":"4000","trade_type":"JSAPI","transaction_id":"1006840869201510221290295444"}
[2015-10-22 15:20:49][debug] query:{"appid":"wx161f19ac48b1f2f3","attach":"\u9a6c\u62c9\u677e\u62a5\u540d","bank_type":"BOC_CREDIT","cash_fee":"4000","fee_type":"CNY","is_subscribe":"N","mch_id":"1268067601","nonce_str":"sx8JCKIeZbFld07u","openid":"ouN6_s1ZqJLX-enyxDx6QUXCAmVE","out_trade_no":"126806760120151022152004","result_code":"SUCCESS","return_code":"SUCCESS","return_msg":"OK","sign":"D6F0F3AE6845E37405A02E980F2E78ED","time_end":"20151022152048","total_fee":"4000","trade_state":"SUCCESS","trade_type":"JSAPI","transaction_id":"1006840869201510221290295444"}
[2015-10-22 15:20:49][debug] call back test:订单查询成功
[2015-10-22 15:20:49][debug] call back test:未入库
[2015-10-22 15:20:49][debug] call back test sql:UPDATE pa_marathon SET ispay =1,transaction_id="1006840869201510221290295444",out_trade_no="126806760120151022152004" WHERE openid ="ouN6_s1ZqJLX-enyxDx6QUXCAmVE"
[2015-10-22 15:20:49][debug] call back test:入库成功
[2015-10-22 16:24:44][debug] begin notify
[2015-10-22 16:24:44][debug] call back test:{"appid":"wx161f19ac48b1f2f3","attach":"\u9a6c\u62c9\u677e\u62a5\u540d","bank_type":"BOC_DEBIT","cash_fee":"6000","fee_type":"CNY","is_subscribe":"Y","mch_id":"1268067601","nonce_str":"2fwelwrs044e9lnlyrmga2z5kom8vk0u","openid":"ouN6_syqvecXYGI4D1qPDy6XSM3E","out_trade_no":"126806760120151022162058","result_code":"SUCCESS","return_code":"SUCCESS","sign":"684853DE64F880EBAD93AA93BCFF5C3C","time_end":"20151022162444","total_fee":"6000","trade_type":"JSAPI","transaction_id":"1009160869201510221290998197"}
[2015-10-22 16:25:04][debug] begin notify
[2015-10-22 16:25:04][debug] call back test:{"appid":"wx161f19ac48b1f2f3","attach":"\u9a6c\u62c9\u677e\u62a5\u540d","bank_type":"BOC_DEBIT","cash_fee":"6000","fee_type":"CNY","is_subscribe":"Y","mch_id":"1268067601","nonce_str":"2fwelwrs044e9lnlyrmga2z5kom8vk0u","openid":"ouN6_syqvecXYGI4D1qPDy6XSM3E","out_trade_no":"126806760120151022162058","result_code":"SUCCESS","return_code":"SUCCESS","sign":"684853DE64F880EBAD93AA93BCFF5C3C","time_end":"20151022162444","total_fee":"6000","trade_type":"JSAPI","transaction_id":"1009160869201510221290998197"}
[2015-10-22 16:25:09][debug] query:{"appid":"wx161f19ac48b1f2f3","attach":"\u9a6c\u62c9\u677e\u62a5\u540d","bank_type":"BOC_DEBIT","cash_fee":"6000","fee_type":"CNY","is_subscribe":"Y","mch_id":"1268067601","nonce_str":"24ocmlygF11DD1KQ","openid":"ouN6_syqvecXYGI4D1qPDy6XSM3E","out_trade_no":"126806760120151022162058","result_code":"SUCCESS","return_code":"SUCCESS","return_msg":"OK","sign":"5517DF95755F3834AC253735DCAEFC42","time_end":"20151022162443","total_fee":"6000","trade_state":"SUCCESS","trade_type":"JSAPI","transaction_id":"1009160869201510221290998197"}
[2015-10-22 16:25:09][debug] call back test:订单查询成功
[2015-10-22 16:25:09][debug] call back test:未入库
[2015-10-22 16:25:09][debug] call back test sql:UPDATE pa_marathon SET ispay =1,transaction_id="1009160869201510221290998197",out_trade_no="126806760120151022162058" WHERE openid ="ouN6_syqvecXYGI4D1qPDy6XSM3E"
[2015-10-22 16:25:09][debug] call back test:入库成功
[2015-10-22 16:25:26][debug] begin notify
[2015-10-22 16:25:26][debug] call back test:{"appid":"wx161f19ac48b1f2f3","attach":"\u9a6c\u62c9\u677e\u62a5\u540d","bank_type":"BOC_DEBIT","cash_fee":"6000","fee_type":"CNY","is_subscribe":"Y","mch_id":"1268067601","nonce_str":"2fwelwrs044e9lnlyrmga2z5kom8vk0u","openid":"ouN6_syqvecXYGI4D1qPDy6XSM3E","out_trade_no":"126806760120151022162058","result_code":"SUCCESS","return_code":"SUCCESS","sign":"684853DE64F880EBAD93AA93BCFF5C3C","time_end":"20151022162444","total_fee":"6000","trade_type":"JSAPI","transaction_id":"1009160869201510221290998197"}
[2015-10-22 16:25:26][debug] query:{"appid":"wx161f19ac48b1f2f3","attach":"\u9a6c\u62c9\u677e\u62a5\u540d","bank_type":"BOC_DEBIT","cash_fee":"6000","fee_type":"CNY","is_subscribe":"Y","mch_id":"1268067601","nonce_str":"LyLYwzska4w1mngB","openid":"ouN6_syqvecXYGI4D1qPDy6XSM3E","out_trade_no":"126806760120151022162058","result_code":"SUCCESS","return_code":"SUCCESS","return_msg":"OK","sign":"F8D599D6EDF62B93C5445236896557F6","time_end":"20151022162443","total_fee":"6000","trade_state":"SUCCESS","trade_type":"JSAPI","transaction_id":"1009160869201510221290998197"}
[2015-10-22 16:25:26][debug] call back test:订单查询成功
[2015-10-22 16:25:26][debug] call back test:已入库
[2015-10-22 17:03:47][debug] begin notify
[2015-10-22 17:03:47][debug] call back test:{"appid":"wx161f19ac48b1f2f3","attach":"\u9a6c\u62c9\u677e\u62a5\u540d","bank_type":"CFT","cash_fee":"4000","fee_type":"CNY","is_subscribe":"Y","mch_id":"1268067601","nonce_str":"xt0nn0ug1btpdd1i7bl8pw7nzw5ax2cz","openid":"ouN6_s4b1jrStq4-0E4MlmnPfi7o","out_trade_no":"126806760120151022170312","result_code":"SUCCESS","return_code":"SUCCESS","sign":"046C29AC662650A42E3720A3A2C106AA","time_end":"20151022170347","total_fee":"4000","trade_type":"JSAPI","transaction_id":"1003570869201510221291503434"}
[2015-10-22 17:03:50][debug] query:{"appid":"wx161f19ac48b1f2f3","attach":"\u9a6c\u62c9\u677e\u62a5\u540d","bank_type":"CFT","cash_fee":"4000","fee_type":"CNY","is_subscribe":"Y","mch_id":"1268067601","nonce_str":"MMFs7vJOEzBaPUqJ","openid":"ouN6_s4b1jrStq4-0E4MlmnPfi7o","out_trade_no":"126806760120151022170312","result_code":"SUCCESS","return_code":"SUCCESS","return_msg":"OK","sign":"9EE26662ECF6460ADBF2CBA4F8272857","time_end":"20151022170346","total_fee":"4000","trade_state":"SUCCESS","trade_type":"JSAPI","transaction_id":"1003570869201510221291503434"}
[2015-10-22 17:03:50][debug] call back test:订单查询成功
[2015-10-22 17:03:50][debug] call back test:未入库
[2015-10-22 17:03:50][debug] call back test sql:UPDATE pa_marathon SET ispay =1,transaction_id="1003570869201510221291503434",out_trade_no="126806760120151022170312" WHERE openid ="ouN6_s4b1jrStq4-0E4MlmnPfi7o"
[2015-10-22 17:03:50][debug] call back test:入库成功
[2015-10-22 17:04:04][debug] begin notify
[2015-10-22 17:04:04][debug] call back test:{"appid":"wx161f19ac48b1f2f3","attach":"\u9a6c\u62c9\u677e\u62a5\u540d","bank_type":"CFT","cash_fee":"4000","fee_type":"CNY","is_subscribe":"Y","mch_id":"1268067601","nonce_str":"xt0nn0ug1btpdd1i7bl8pw7nzw5ax2cz","openid":"ouN6_s4b1jrStq4-0E4MlmnPfi7o","out_trade_no":"126806760120151022170312","result_code":"SUCCESS","return_code":"SUCCESS","sign":"046C29AC662650A42E3720A3A2C106AA","time_end":"20151022170347","total_fee":"4000","trade_type":"JSAPI","transaction_id":"1003570869201510221291503434"}
[2015-10-22 17:04:04][debug] query:{"appid":"wx161f19ac48b1f2f3","attach":"\u9a6c\u62c9\u677e\u62a5\u540d","bank_type":"CFT","cash_fee":"4000","fee_type":"CNY","is_subscribe":"Y","mch_id":"1268067601","nonce_str":"lmOp8YqlqTDNCc3Y","openid":"ouN6_s4b1jrStq4-0E4MlmnPfi7o","out_trade_no":"126806760120151022170312","result_code":"SUCCESS","return_code":"SUCCESS","return_msg":"OK","sign":"CE32D55BC50800D8DD75774DC267A4FF","time_end":"20151022170346","total_fee":"4000","trade_state":"SUCCESS","trade_type":"JSAPI","transaction_id":"1003570869201510221291503434"}
[2015-10-22 17:04:05][debug] call back test:订单查询成功
[2015-10-22 17:04:05][debug] call back test:已入库
[2015-10-22 17:20:34][debug] begin notify
[2015-10-22 17:20:34][debug] call back test:{"appid":"wx161f19ac48b1f2f3","attach":"\u9a6c\u62c9\u677e\u62a5\u540d","bank_type":"CFT","cash_fee":"4000","fee_type":"CNY","is_subscribe":"Y","mch_id":"1268067601","nonce_str":"csaepc58guzwcj1re11hmyjhw6g1ztf2","openid":"ouN6_s2AI2tDj3Wt5jC45wAHgBuU","out_trade_no":"126806760120151022171916","result_code":"SUCCESS","return_code":"SUCCESS","sign":"0B6BB0A2F4DF18FD3C2A0738A67B6BA8","time_end":"20151022172032","total_fee":"4000","trade_type":"JSAPI","transaction_id":"1010230869201510221291731421"}
[2015-10-22 17:20:34][debug] query:{"appid":"wx161f19ac48b1f2f3","attach":"\u9a6c\u62c9\u677e\u62a5\u540d","bank_type":"CFT","cash_fee":"4000","fee_type":"CNY","is_subscribe":"Y","mch_id":"1268067601","nonce_str":"QWOHRMg9ZzVeIua3","openid":"ouN6_s2AI2tDj3Wt5jC45wAHgBuU","out_trade_no":"126806760120151022171916","result_code":"SUCCESS","return_code":"SUCCESS","return_msg":"OK","sign":"46A12F8305A4448B4869F5FA4E89CD19","time_end":"20151022172032","total_fee":"4000","trade_state":"SUCCESS","trade_type":"JSAPI","transaction_id":"1010230869201510221291731421"}
[2015-10-22 17:20:34][debug] call back test:订单查询成功
[2015-10-22 17:20:34][debug] call back test:未入库
[2015-10-22 17:20:34][debug] call back test sql:UPDATE pa_marathon SET ispay =1,transaction_id="1010230869201510221291731421",out_trade_no="126806760120151022171916" WHERE openid ="ouN6_s2AI2tDj3Wt5jC45wAHgBuU"
[2015-10-22 17:20:34][debug] call back test:入库成功
[2015-10-22 17:27:30][debug] begin notify
[2015-10-22 17:27:30][debug] call back test:{"appid":"wx161f19ac48b1f2f3","attach":"\u9a6c\u62c9\u677e\u62a5\u540d","bank_type":"CMBC_CREDIT","cash_fee":"4000","fee_type":"CNY","is_subscribe":"Y","mch_id":"1268067601","nonce_str":"7z2efqdt15ith83yec1u3kv0gi3xclto","openid":"ouN6_sy2Bepf_XqeImcbd1FIIYx4","out_trade_no":"126806760120151022172542","result_code":"SUCCESS","return_code":"SUCCESS","sign":"5D6C4F3E299D07535A16FFE05FFABC32","time_end":"20151022172729","total_fee":"4000","trade_type":"JSAPI","transaction_id":"1004990869201510221291805543"}
[2015-10-22 17:27:30][debug] query:{"appid":"wx161f19ac48b1f2f3","attach":"\u9a6c\u62c9\u677e\u62a5\u540d","bank_type":"CMBC_CREDIT","cash_fee":"4000","fee_type":"CNY","is_subscribe":"Y","mch_id":"1268067601","nonce_str":"Cn0SFSFdDeyBdpc0","openid":"ouN6_sy2Bepf_XqeImcbd1FIIYx4","out_trade_no":"126806760120151022172542","result_code":"SUCCESS","return_code":"SUCCESS","return_msg":"OK","sign":"B5833B888BCAED4CD99D85D60F4E5C7C","time_end":"20151022172728","total_fee":"4000","trade_state":"SUCCESS","trade_type":"JSAPI","transaction_id":"1004990869201510221291805543"}
[2015-10-22 17:27:30][debug] call back test:订单查询成功
[2015-10-22 17:27:30][debug] call back test:未入库
[2015-10-22 17:27:30][debug] call back test sql:UPDATE pa_marathon SET ispay =1,transaction_id="1004990869201510221291805543",out_trade_no="126806760120151022172542" WHERE openid ="ouN6_sy2Bepf_XqeImcbd1FIIYx4"
[2015-10-22 17:27:30][debug] call back test:入库成功
[2015-10-22 17:54:29][debug] begin notify
[2015-10-22 17:54:29][debug] call back test:{"appid":"wx161f19ac48b1f2f3","attach":"\u9a6c\u62c9\u677e\u62a5\u540d","bank_type":"ICBC_CREDIT","cash_fee":"4000","fee_type":"CNY","is_subscribe":"N","mch_id":"1268067601","nonce_str":"yrh49695ad4qowyw376utqiyvozjsya6","openid":"ouN6_syESABT3h6U1nBq-LOEsOno","out_trade_no":"126806760120151022175340","result_code":"SUCCESS","return_code":"SUCCESS","sign":"8059EC1D911B488ECA451AB878EA1659","time_end":"20151022175429","total_fee":"4000","trade_type":"JSAPI","transaction_id":"1008030869201510221292192794"}
[2015-10-22 17:54:29][debug] query:{"appid":"wx161f19ac48b1f2f3","attach":"\u9a6c\u62c9\u677e\u62a5\u540d","bank_type":"ICBC_CREDIT","cash_fee":"4000","fee_type":"CNY","is_subscribe":"N","mch_id":"1268067601","nonce_str":"7hAmFt4ZKwW4syjU","openid":"ouN6_syESABT3h6U1nBq-LOEsOno","out_trade_no":"126806760120151022175340","result_code":"SUCCESS","return_code":"SUCCESS","return_msg":"OK","sign":"E827BC81D9C050095947CD6DD8DE3A80","time_end":"20151022175428","total_fee":"4000","trade_state":"SUCCESS","trade_type":"JSAPI","transaction_id":"1008030869201510221292192794"}
[2015-10-22 17:54:29][debug] call back test:订单查询成功
[2015-10-22 17:54:29][debug] call back test:未入库
[2015-10-22 17:54:29][debug] call back test sql:UPDATE pa_marathon SET ispay =1,transaction_id="1008030869201510221292192794",out_trade_no="126806760120151022175340" WHERE openid ="ouN6_syESABT3h6U1nBq-LOEsOno"
[2015-10-22 17:54:29][debug] call back test:入库成功
[2015-10-22 18:37:06][debug] begin notify
[2015-10-22 18:37:06][debug] call back test:{"appid":"wx161f19ac48b1f2f3","attach":"\u9a6c\u62c9\u677e\u62a5\u540d","bank_type":"CFT","cash_fee":"4000","fee_type":"CNY","is_subscribe":"N","mch_id":"1268067601","nonce_str":"7hvskrotx5yzz37xvf2s0rtxh0ti26gq","openid":"ouN6_s05AFwS-4QgW9Nlnfa8lG7I","out_trade_no":"126806760120151022183546","result_code":"SUCCESS","return_code":"SUCCESS","sign":"94201237CF234E76F12C32BAE65C9040","time_end":"20151022183705","total_fee":"4000","trade_type":"JSAPI","transaction_id":"1003320869201510221292848340"}
[2015-10-22 18:37:06][debug] query:{"appid":"wx161f19ac48b1f2f3","attach":"\u9a6c\u62c9\u677e\u62a5\u540d","bank_type":"CFT","cash_fee":"4000","fee_type":"CNY","is_subscribe":"N","mch_id":"1268067601","nonce_str":"pZF7cZ4p4xQ4XBYo","openid":"ouN6_s05AFwS-4QgW9Nlnfa8lG7I","out_trade_no":"126806760120151022183546","result_code":"SUCCESS","return_code":"SUCCESS","return_msg":"OK","sign":"9A8D94D321FFD0431097DDD6A36CA461","time_end":"20151022183705","total_fee":"4000","trade_state":"SUCCESS","trade_type":"JSAPI","transaction_id":"1003320869201510221292848340"}
[2015-10-22 18:37:06][debug] call back test:订单查询成功
[2015-10-22 18:37:06][debug] call back test:未入库
[2015-10-22 18:37:06][debug] call back test sql:UPDATE pa_marathon SET ispay =1,transaction_id="1003320869201510221292848340",out_trade_no="126806760120151022183546" WHERE openid ="ouN6_s05AFwS-4QgW9Nlnfa8lG7I"
[2015-10-22 18:37:06][debug] call back test:入库成功
[2015-10-22 18:47:35][debug] begin notify
[2015-10-22 18:47:35][debug] call back test:{"appid":"wx161f19ac48b1f2f3","attach":"\u9a6c\u62c9\u677e\u62a5\u540d","bank_type":"CIB_DEBIT","cash_fee":"4000","fee_type":"CNY","is_subscribe":"Y","mch_id":"1268067601","nonce_str":"hkuvu7cf76mh60o487dz0jb9xkymnozw","openid":"ouN6_s9KgxyvoL4EuuwAdP9gYS6U","out_trade_no":"126806760120151022184701","result_code":"SUCCESS","return_code":"SUCCESS","sign":"3CF563A576C3B568976FB7D384E4AEDC","time_end":"20151022184734","total_fee":"4000","trade_type":"JSAPI","transaction_id":"1006650869201510221293008572"}
[2015-10-22 18:47:35][debug] query:{"appid":"wx161f19ac48b1f2f3","attach":"\u9a6c\u62c9\u677e\u62a5\u540d","bank_type":"CIB_DEBIT","cash_fee":"4000","fee_type":"CNY","is_subscribe":"Y","mch_id":"1268067601","nonce_str":"tmMx6Ir4cOeLcovr","openid":"ouN6_s9KgxyvoL4EuuwAdP9gYS6U","out_trade_no":"126806760120151022184701","result_code":"SUCCESS","return_code":"SUCCESS","return_msg":"OK","sign":"F8E526A72D188FD788F6F2CB7CB9DFAA","time_end":"20151022184733","total_fee":"4000","trade_state":"SUCCESS","trade_type":"JSAPI","transaction_id":"1006650869201510221293008572"}
[2015-10-22 18:47:35][debug] call back test:订单查询成功
[2015-10-22 18:47:35][debug] call back test:未入库
[2015-10-22 18:47:35][debug] call back test sql:UPDATE pa_marathon SET ispay =1,transaction_id="1006650869201510221293008572",out_trade_no="126806760120151022184701" WHERE openid ="ouN6_s9KgxyvoL4EuuwAdP9gYS6U"
[2015-10-22 18:47:35][debug] call back test:入库成功
[2015-10-22 18:48:30][debug] begin notify
[2015-10-22 18:48:30][debug] call back test:{"appid":"wx161f19ac48b1f2f3","attach":"\u9a6c\u62c9\u677e\u62a5\u540d","bank_type":"CCB_DEBIT","cash_fee":"6000","fee_type":"CNY","is_subscribe":"N","mch_id":"1268067601","nonce_str":"pddj51t08a2bsg9i8jw1osnpsranwqyu","openid":"ouN6_s4NMsik2wmn0b-KIkW-J_S8","out_trade_no":"126806760120151022184755","result_code":"SUCCESS","return_code":"SUCCESS","sign":"557229C0D25BDE9C31B455E97E1E8071","time_end":"20151022184830","total_fee":"6000","trade_type":"JSAPI","transaction_id":"1003650869201510221293038863"}
[2015-10-22 18:48:31][debug] query:{"appid":"wx161f19ac48b1f2f3","attach":"\u9a6c\u62c9\u677e\u62a5\u540d","bank_type":"CCB_DEBIT","cash_fee":"6000","fee_type":"CNY","is_subscribe":"N","mch_id":"1268067601","nonce_str":"w3mYTVbQxzYQVA8v","openid":"ouN6_s4NMsik2wmn0b-KIkW-J_S8","out_trade_no":"126806760120151022184755","result_code":"SUCCESS","return_code":"SUCCESS","return_msg":"OK","sign":"9634F5597293D7EE4CC45B760929A5B4","time_end":"20151022184829","total_fee":"6000","trade_state":"SUCCESS","trade_type":"JSAPI","transaction_id":"1003650869201510221293038863"}
[2015-10-22 18:48:31][debug] call back test:订单查询成功
[2015-10-22 18:48:31][debug] call back test:未入库
[2015-10-22 18:48:31][debug] call back test sql:UPDATE pa_marathon SET ispay =1,transaction_id="1003650869201510221293038863",out_trade_no="126806760120151022184755" WHERE openid ="ouN6_s4NMsik2wmn0b-KIkW-J_S8"
[2015-10-22 18:48:31][debug] call back test:入库成功
[2015-10-22 18:48:58][debug] begin notify
[2015-10-22 18:48:58][debug] call back test:{"appid":"wx161f19ac48b1f2f3","attach":"\u9a6c\u62c9\u677e\u62a5\u540d","bank_type":"CFT","cash_fee":"6000","fee_type":"CNY","is_subscribe":"Y","mch_id":"1268067601","nonce_str":"ujjkcsyoxf5bdcvcoviq8euv35jh4lrd","openid":"ouN6_s0TQHLmG_SBkDbqftcr1AmE","out_trade_no":"126806760120151022184816","result_code":"SUCCESS","return_code":"SUCCESS","sign":"F87244C3FBF8054C1C2859B09780ECC7","time_end":"20151022184857","total_fee":"6000","trade_type":"JSAPI","transaction_id":"1009760869201510221293044437"}
[2015-10-22 18:48:58][debug] query:{"appid":"wx161f19ac48b1f2f3","attach":"\u9a6c\u62c9\u677e\u62a5\u540d","bank_type":"CFT","cash_fee":"6000","fee_type":"CNY","is_subscribe":"Y","mch_id":"1268067601","nonce_str":"pTE1BkhJvqa3uZ4D","openid":"ouN6_s0TQHLmG_SBkDbqftcr1AmE","out_trade_no":"126806760120151022184816","result_code":"SUCCESS","return_code":"SUCCESS","return_msg":"OK","sign":"28371050BA6C0EABD6F98A530F2B43C4","time_end":"20151022184857","total_fee":"6000","trade_state":"SUCCESS","trade_type":"JSAPI","transaction_id":"1009760869201510221293044437"}
[2015-10-22 18:48:58][debug] call back test:订单查询成功
[2015-10-22 18:48:58][debug] call back test:未入库
[2015-10-22 18:48:58][debug] call back test sql:UPDATE pa_marathon SET ispay =1,transaction_id="1009760869201510221293044437",out_trade_no="126806760120151022184816" WHERE openid ="ouN6_s0TQHLmG_SBkDbqftcr1AmE"
[2015-10-22 18:48:58][debug] call back test:入库成功
[2015-10-22 18:58:40][debug] begin notify
[2015-10-22 18:58:40][debug] call back test:{"appid":"wx161f19ac48b1f2f3","attach":"\u9a6c\u62c9\u677e\u62a5\u540d","bank_type":"ICBC_CREDIT","cash_fee":"4000","fee_type":"CNY","is_subscribe":"Y","mch_id":"1268067601","nonce_str":"g281xfbr55qw5gw162bafazllq21ghou","openid":"ouN6_s3l6bFPCHagaUNsae6ZcxLY","out_trade_no":"126806760120151022185702","result_code":"SUCCESS","return_code":"SUCCESS","sign":"AD8D869E16A303E94242A290DED24C84","time_end":"20151022185839","total_fee":"4000","trade_type":"JSAPI","transaction_id":"1002460869201510221293176564"}
[2015-10-22 18:58:40][debug] query:{"appid":"wx161f19ac48b1f2f3","attach":"\u9a6c\u62c9\u677e\u62a5\u540d","bank_type":"ICBC_CREDIT","cash_fee":"4000","fee_type":"CNY","is_subscribe":"Y","mch_id":"1268067601","nonce_str":"La2l73Q2JNsKSomT","openid":"ouN6_s3l6bFPCHagaUNsae6ZcxLY","out_trade_no":"126806760120151022185702","result_code":"SUCCESS","return_code":"SUCCESS","return_msg":"OK","sign":"FB1D16DE88D8DD54262A39C61276F6DD","time_end":"20151022185838","total_fee":"4000","trade_state":"SUCCESS","trade_type":"JSAPI","transaction_id":"1002460869201510221293176564"}
[2015-10-22 18:58:40][debug] call back test:订单查询成功
[2015-10-22 18:58:40][debug] call back test:未入库
[2015-10-22 18:58:40][debug] call back test sql:UPDATE pa_marathon SET ispay =1,transaction_id="1002460869201510221293176564",out_trade_no="126806760120151022185702" WHERE openid ="ouN6_s3l6bFPCHagaUNsae6ZcxLY"
[2015-10-22 18:58:40][debug] call back test:入库成功
[2015-10-22 19:01:44][debug] begin notify
[2015-10-22 19:01:44][debug] call back test:{"appid":"wx161f19ac48b1f2f3","attach":"\u9a6c\u62c9\u677e\u62a5\u540d","bank_type":"ICBC_CREDIT","cash_fee":"6000","fee_type":"CNY","is_subscribe":"N","mch_id":"1268067601","nonce_str":"x06u2stxd4oy59remdyxe7smayp596o4","openid":"ouN6_syrtaPhz5cdByGMwvqLcYg4","out_trade_no":"126806760120151022190108","result_code":"SUCCESS","return_code":"SUCCESS","sign":"62716005E78E55A80E6D08AA0B6C87F0","time_end":"20151022190144","total_fee":"6000","trade_type":"JSAPI","transaction_id":"1010160869201510221293215590"}
[2015-10-22 19:01:45][debug] query:{"appid":"wx161f19ac48b1f2f3","attach":"\u9a6c\u62c9\u677e\u62a5\u540d","bank_type":"ICBC_CREDIT","cash_fee":"6000","fee_type":"CNY","is_subscribe":"N","mch_id":"1268067601","nonce_str":"6T6qwJ9vzxeIf5vy","openid":"ouN6_syrtaPhz5cdByGMwvqLcYg4","out_trade_no":"126806760120151022190108","result_code":"SUCCESS","return_code":"SUCCESS","return_msg":"OK","sign":"B3B871E435EC5AD6E43F58B985484AEF","time_end":"20151022190143","total_fee":"6000","trade_state":"SUCCESS","trade_type":"JSAPI","transaction_id":"1010160869201510221293215590"}
[2015-10-22 19:01:45][debug] call back test:订单查询成功
[2015-10-22 19:01:45][debug] call back test:未入库
[2015-10-22 19:01:45][debug] call back test sql:UPDATE pa_marathon SET ispay =1,transaction_id="1010160869201510221293215590",out_trade_no="126806760120151022190108" WHERE openid ="ouN6_syrtaPhz5cdByGMwvqLcYg4"
[2015-10-22 19:01:45][debug] call back test:入库成功
[2015-10-22 19:21:07][debug] begin notify
[2015-10-22 19:21:07][debug] call back test:{"appid":"wx161f19ac48b1f2f3","attach":"\u9a6c\u62c9\u677e\u62a5\u540d","bank_type":"ICBC_DEBIT","cash_fee":"6000","fee_type":"CNY","is_subscribe":"Y","mch_id":"1268067601","nonce_str":"4npdbs6is8r4ykpu13gegsxztlu23693","openid":"ouN6_szTkg2s7Vhn6Gzaj75Y2Dhc","out_trade_no":"126806760120151022192046","result_code":"SUCCESS","return_code":"SUCCESS","sign":"F8983614AB713C814E57B95FFDB20615","time_end":"20151022192107","total_fee":"6000","trade_type":"JSAPI","transaction_id":"1000250869201510221293518446"}
[2015-10-22 19:21:07][debug] query:{"appid":"wx161f19ac48b1f2f3","attach":"\u9a6c\u62c9\u677e\u62a5\u540d","bank_type":"ICBC_DEBIT","cash_fee":"6000","fee_type":"CNY","is_subscribe":"Y","mch_id":"1268067601","nonce_str":"ApAUaYIR5haw4p4N","openid":"ouN6_szTkg2s7Vhn6Gzaj75Y2Dhc","out_trade_no":"126806760120151022192046","result_code":"SUCCESS","return_code":"SUCCESS","return_msg":"OK","sign":"24A3C91BB9BEFBAE30AE8F4E8B83BE25","time_end":"20151022192106","total_fee":"6000","trade_state":"SUCCESS","trade_type":"JSAPI","transaction_id":"1000250869201510221293518446"}
[2015-10-22 19:21:07][debug] call back test:订单查询成功
[2015-10-22 19:21:07][debug] call back test:未入库
[2015-10-22 19:21:07][debug] call back test sql:UPDATE pa_marathon SET ispay =1,transaction_id="1000250869201510221293518446",out_trade_no="126806760120151022192046" WHERE openid ="ouN6_szTkg2s7Vhn6Gzaj75Y2Dhc"
[2015-10-22 19:21:07][debug] call back test:入库成功
[2015-10-22 19:48:43][debug] begin notify
[2015-10-22 19:48:43][debug] call back test:{"appid":"wx161f19ac48b1f2f3","attach":"\u9a6c\u62c9\u677e\u62a5\u540d","bank_type":"CFT","cash_fee":"4000","fee_type":"CNY","is_subscribe":"Y","mch_id":"1268067601","nonce_str":"w6na800pm6qhv4rxxe343syyz8qsfotw","openid":"ouN6_s7Zb3zvoyJANkFm6FHwX5Gg","out_trade_no":"126806760120151022194831","result_code":"SUCCESS","return_code":"SUCCESS","sign":"C883396E5C38F2C6DFDF74E06BE555BD","time_end":"20151022194842","total_fee":"4000","trade_type":"JSAPI","transaction_id":"1009330869201510221293899492"}
[2015-10-22 19:48:44][debug] query:{"appid":"wx161f19ac48b1f2f3","attach":"\u9a6c\u62c9\u677e\u62a5\u540d","bank_type":"CFT","cash_fee":"4000","fee_type":"CNY","is_subscribe":"Y","mch_id":"1268067601","nonce_str":"lz3uaGCuCUihiy6i","openid":"ouN6_s7Zb3zvoyJANkFm6FHwX5Gg","out_trade_no":"126806760120151022194831","result_code":"SUCCESS","return_code":"SUCCESS","return_msg":"OK","sign":"A82E3E3A1AF0A4BDA7DBD93985165C04","time_end":"20151022194842","total_fee":"4000","trade_state":"SUCCESS","trade_type":"JSAPI","transaction_id":"1009330869201510221293899492"}
[2015-10-22 19:48:44][debug] call back test:订单查询成功
[2015-10-22 19:48:44][debug] call back test:未入库
[2015-10-22 19:48:44][debug] call back test sql:UPDATE pa_marathon SET ispay =1,transaction_id="1009330869201510221293899492",out_trade_no="126806760120151022194831" WHERE openid ="ouN6_s7Zb3zvoyJANkFm6FHwX5Gg"
[2015-10-22 19:48:44][debug] call back test:入库成功
[2015-10-22 19:58:28][debug] begin notify
[2015-10-22 19:58:28][debug] call back test:{"appid":"wx161f19ac48b1f2f3","attach":"\u9a6c\u62c9\u677e\u62a5\u540d","bank_type":"ICBC_DEBIT","cash_fee":"4000","fee_type":"CNY","is_subscribe":"Y","mch_id":"1268067601","nonce_str":"jruei5l6kzuczofg32jvoe664us0xbbe","openid":"ouN6_s6NtI5A9lJei5hR939-5Uh4","out_trade_no":"126806760120151022195724","result_code":"SUCCESS","return_code":"SUCCESS","sign":"8D83CDD1CCBBE5787DBBD28C2C82E7D5","time_end":"20151022195826","total_fee":"4000","trade_type":"JSAPI","transaction_id":"1003320869201510221294035493"}
[2015-10-22 19:58:28][debug] query:{"appid":"wx161f19ac48b1f2f3","attach":"\u9a6c\u62c9\u677e\u62a5\u540d","bank_type":"ICBC_DEBIT","cash_fee":"4000","fee_type":"CNY","is_subscribe":"Y","mch_id":"1268067601","nonce_str":"gf38A30GMdyEB4Sv","openid":"ouN6_s6NtI5A9lJei5hR939-5Uh4","out_trade_no":"126806760120151022195724","result_code":"SUCCESS","return_code":"SUCCESS","return_msg":"OK","sign":"24A777365DF722C45C7580ED7D7AA803","time_end":"20151022195825","total_fee":"4000","trade_state":"SUCCESS","trade_type":"JSAPI","transaction_id":"1003320869201510221294035493"}
[2015-10-22 19:58:28][debug] call back test:订单查询成功
[2015-10-22 19:58:28][debug] call back test:未入库
[2015-10-22 19:58:28][debug] call back test sql:UPDATE pa_marathon SET ispay =1,transaction_id="1003320869201510221294035493",out_trade_no="126806760120151022195724" WHERE openid ="ouN6_s6NtI5A9lJei5hR939-5Uh4"
[2015-10-22 19:58:28][debug] call back test:入库成功
[2015-10-22 20:06:04][debug] begin notify
[2015-10-22 20:06:04][debug] call back test:{"appid":"wx161f19ac48b1f2f3","attach":"\u9a6c\u62c9\u677e\u62a5\u540d","bank_type":"CFT","cash_fee":"4000","fee_type":"CNY","is_subscribe":"Y","mch_id":"1268067601","nonce_str":"nd81djabd7a18rjcoucbpt6a91wejo1c","openid":"ouN6_szVMxElZSUbXoEFQXNmThQs","out_trade_no":"126806760120151022200517","result_code":"SUCCESS","return_code":"SUCCESS","sign":"9DB1C2F6052700819B8F8D87BA6DBC69","time_end":"20151022200604","total_fee":"4000","trade_type":"JSAPI","transaction_id":"1002050869201510221294134656"}
[2015-10-22 20:06:05][debug] query:{"appid":"wx161f19ac48b1f2f3","attach":"\u9a6c\u62c9\u677e\u62a5\u540d","bank_type":"CFT","cash_fee":"4000","fee_type":"CNY","is_subscribe":"Y","mch_id":"1268067601","nonce_str":"pyUF6uzh8lG9sSKG","openid":"ouN6_szVMxElZSUbXoEFQXNmThQs","out_trade_no":"126806760120151022200517","result_code":"SUCCESS","return_code":"SUCCESS","return_msg":"OK","sign":"EEE45EE63A6211CF725D4A6A027EEFCE","time_end":"20151022200604","total_fee":"4000","trade_state":"SUCCESS","trade_type":"JSAPI","transaction_id":"1002050869201510221294134656"}
[2015-10-22 20:06:05][debug] call back test:订单查询成功
[2015-10-22 20:06:05][debug] call back test:未入库
[2015-10-22 20:06:05][debug] call back test sql:UPDATE pa_marathon SET ispay =1,transaction_id="1002050869201510221294134656",out_trade_no="126806760120151022200517" WHERE openid ="ouN6_szVMxElZSUbXoEFQXNmThQs"
[2015-10-22 20:06:05][debug] call back test:入库成功
[2015-10-22 20:26:12][debug] begin notify
[2015-10-22 20:26:12][debug] call back test:{"appid":"wx161f19ac48b1f2f3","attach":"\u9a6c\u62c9\u677e\u62a5\u540d","bank_type":"CFT","cash_fee":"6000","fee_type":"CNY","is_subscribe":"Y","mch_id":"1268067601","nonce_str":"0dsu7uegn9u3jr5vdxqzycvhpc1ihgcg","openid":"ouN6_s592ZYxFq8YrgmXxdSVETfc","out_trade_no":"126806760120151022202518","result_code":"SUCCESS","return_code":"SUCCESS","sign":"FB56BDA3764B53945E9823747B2C841F","time_end":"20151022202612","total_fee":"6000","trade_type":"JSAPI","transaction_id":"1003720869201510221294415515"}
[2015-10-22 20:26:13][debug] query:{"appid":"wx161f19ac48b1f2f3","attach":"\u9a6c\u62c9\u677e\u62a5\u540d","bank_type":"CFT","cash_fee":"6000","fee_type":"CNY","is_subscribe":"Y","mch_id":"1268067601","nonce_str":"DSabwMneOcsISL29","openid":"ouN6_s592ZYxFq8YrgmXxdSVETfc","out_trade_no":"126806760120151022202518","result_code":"SUCCESS","return_code":"SUCCESS","return_msg":"OK","sign":"D7679FCDF27F91528BCDC00FD0A46CB8","time_end":"20151022202611","total_fee":"6000","trade_state":"SUCCESS","trade_type":"JSAPI","transaction_id":"1003720869201510221294415515"}
[2015-10-22 20:26:13][debug] call back test:订单查询成功
[2015-10-22 20:26:13][debug] call back test:未入库
[2015-10-22 20:26:13][debug] call back test sql:UPDATE pa_marathon SET ispay =1,transaction_id="1003720869201510221294415515",out_trade_no="126806760120151022202518" WHERE openid ="ouN6_s592ZYxFq8YrgmXxdSVETfc"
[2015-10-22 20:26:13][debug] call back test:入库成功
[2015-10-22 20:31:03][debug] begin notify
[2015-10-22 20:31:03][debug] call back test:{"appid":"wx161f19ac48b1f2f3","attach":"\u9a6c\u62c9\u677e\u62a5\u540d","bank_type":"BOC_CREDIT","cash_fee":"4000","fee_type":"CNY","is_subscribe":"Y","mch_id":"1268067601","nonce_str":"qf504rqhe006q9frcee3qltccqme9588","openid":"ouN6_s8W6mFmZwk9lHHOa9CJKegM","out_trade_no":"126806760120151022202929","result_code":"SUCCESS","return_code":"SUCCESS","sign":"A58FCC8E84AA02C36B092DB697F831C4","time_end":"20151022203101","total_fee":"4000","trade_type":"JSAPI","transaction_id":"1003680869201510221294476932"}
[2015-10-22 20:31:18][debug] begin notify
[2015-10-22 20:31:18][debug] call back test:{"appid":"wx161f19ac48b1f2f3","attach":"\u9a6c\u62c9\u677e\u62a5\u540d","bank_type":"BOC_CREDIT","cash_fee":"4000","fee_type":"CNY","is_subscribe":"Y","mch_id":"1268067601","nonce_str":"qf504rqhe006q9frcee3qltccqme9588","openid":"ouN6_s8W6mFmZwk9lHHOa9CJKegM","out_trade_no":"126806760120151022202929","result_code":"SUCCESS","return_code":"SUCCESS","sign":"A58FCC8E84AA02C36B092DB697F831C4","time_end":"20151022203101","total_fee":"4000","trade_type":"JSAPI","transaction_id":"1003680869201510221294476932"}
[2015-10-22 20:31:18][debug] query:{"appid":"wx161f19ac48b1f2f3","attach":"\u9a6c\u62c9\u677e\u62a5\u540d","bank_type":"BOC_CREDIT","cash_fee":"4000","fee_type":"CNY","is_subscribe":"Y","mch_id":"1268067601","nonce_str":"PscnntnUFudDUP8q","openid":"ouN6_s8W6mFmZwk9lHHOa9CJKegM","out_trade_no":"126806760120151022202929","result_code":"SUCCESS","return_code":"SUCCESS","return_msg":"OK","sign":"CD6BC55698CFB841E524F3FBB12519B7","time_end":"20151022203101","total_fee":"4000","trade_state":"SUCCESS","trade_type":"JSAPI","transaction_id":"1003680869201510221294476932"}
[2015-10-22 20:31:18][debug] call back test:订单查询成功
[2015-10-22 20:31:18][debug] call back test:未入库
[2015-10-22 20:31:18][debug] call back test sql:UPDATE pa_marathon SET ispay =1,transaction_id="1003680869201510221294476932",out_trade_no="126806760120151022202929" WHERE openid ="ouN6_s8W6mFmZwk9lHHOa9CJKegM"
[2015-10-22 20:31:18][debug] call back test:入库成功
[2015-10-22 20:40:44][debug] begin notify
[2015-10-22 20:40:44][debug] call back test:{"appid":"wx161f19ac48b1f2f3","attach":"\u9a6c\u62c9\u677e\u62a5\u540d","bank_type":"CFT","cash_fee":"4000","fee_type":"CNY","is_subscribe":"Y","mch_id":"1268067601","nonce_str":"k6e4wr9teh709deqrs607kw25n7fz67r","openid":"ouN6_switfsfe2WOhLQG0ulpj40s","out_trade_no":"126806760120151022203757","result_code":"SUCCESS","return_code":"SUCCESS","sign":"15FBE2DDD68A7EC12E3A8E55158E8EC7","time_end":"20151022204044","total_fee":"4000","trade_type":"JSAPI","transaction_id":"1000160869201510221294583236"}
[2015-10-22 20:41:01][debug] begin notify
[2015-10-22 20:41:01][debug] call back test:{"appid":"wx161f19ac48b1f2f3","attach":"\u9a6c\u62c9\u677e\u62a5\u540d","bank_type":"CFT","cash_fee":"4000","fee_type":"CNY","is_subscribe":"Y","mch_id":"1268067601","nonce_str":"k6e4wr9teh709deqrs607kw25n7fz67r","openid":"ouN6_switfsfe2WOhLQG0ulpj40s","out_trade_no":"126806760120151022203757","result_code":"SUCCESS","return_code":"SUCCESS","sign":"15FBE2DDD68A7EC12E3A8E55158E8EC7","time_end":"20151022204044","total_fee":"4000","trade_type":"JSAPI","transaction_id":"1000160869201510221294583236"}
[2015-10-22 20:41:22][debug] begin notify
[2015-10-22 20:41:22][debug] call back test:{"appid":"wx161f19ac48b1f2f3","attach":"\u9a6c\u62c9\u677e\u62a5\u540d","bank_type":"CFT","cash_fee":"4000","fee_type":"CNY","is_subscribe":"Y","mch_id":"1268067601","nonce_str":"k6e4wr9teh709deqrs607kw25n7fz67r","openid":"ouN6_switfsfe2WOhLQG0ulpj40s","out_trade_no":"126806760120151022203757","result_code":"SUCCESS","return_code":"SUCCESS","sign":"15FBE2DDD68A7EC12E3A8E55158E8EC7","time_end":"20151022204044","total_fee":"4000","trade_type":"JSAPI","transaction_id":"1000160869201510221294583236"}
[2015-10-22 20:41:58][debug] begin notify
[2015-10-22 20:41:58][debug] call back test:{"appid":"wx161f19ac48b1f2f3","attach":"\u9a6c\u62c9\u677e\u62a5\u540d","bank_type":"CFT","cash_fee":"4000","fee_type":"CNY","is_subscribe":"Y","mch_id":"1268067601","nonce_str":"k6e4wr9teh709deqrs607kw25n7fz67r","openid":"ouN6_switfsfe2WOhLQG0ulpj40s","out_trade_no":"126806760120151022203757","result_code":"SUCCESS","return_code":"SUCCESS","sign":"15FBE2DDD68A7EC12E3A8E55158E8EC7","time_end":"20151022204044","total_fee":"4000","trade_type":"JSAPI","transaction_id":"1000160869201510221294583236"}
[2015-10-22 20:42:02][debug] query:{"appid":"wx161f19ac48b1f2f3","attach":"\u9a6c\u62c9\u677e\u62a5\u540d","bank_type":"CFT","cash_fee":"4000","fee_type":"CNY","is_subscribe":"Y","mch_id":"1268067601","nonce_str":"u0Mvd4thMm27Yg64","openid":"ouN6_switfsfe2WOhLQG0ulpj40s","out_trade_no":"126806760120151022203757","result_code":"SUCCESS","return_code":"SUCCESS","return_msg":"OK","sign":"9917C1EA036DE2BD923C3E5DEBC988F4","time_end":"20151022204044","total_fee":"4000","trade_state":"SUCCESS","trade_type":"JSAPI","transaction_id":"1000160869201510221294583236"}
[2015-10-22 20:42:02][debug] call back test:订单查询成功
[2015-10-22 20:42:02][debug] call back test:未入库
[2015-10-22 20:42:02][debug] call back test sql:UPDATE pa_marathon SET ispay =1,transaction_id="1000160869201510221294583236",out_trade_no="126806760120151022203757" WHERE openid ="ouN6_switfsfe2WOhLQG0ulpj40s"
[2015-10-22 20:42:02][debug] call back test:入库成功
[2015-10-22 20:59:36][debug] begin notify
[2015-10-22 20:59:36][debug] call back test:{"appid":"wx161f19ac48b1f2f3","attach":"\u9a6c\u62c9\u677e\u62a5\u540d","bank_type":"CFT","cash_fee":"8000","fee_type":"CNY","is_subscribe":"N","mch_id":"1268067601","nonce_str":"w0qip616ekr95xhgo4ls6kfr6q90eg0k","openid":"ouN6_s-gANrwsdQeuT_XUxG-93Ek","out_trade_no":"126806760120151022205816","result_code":"SUCCESS","return_code":"SUCCESS","sign":"594001DAA63EB9F4E9D62A18688EE661","time_end":"20151022205935","total_fee":"8000","trade_type":"JSAPI","transaction_id":"1001710869201510221294850696"}
[2015-10-22 20:59:36][debug] query:{"appid":"wx161f19ac48b1f2f3","attach":"\u9a6c\u62c9\u677e\u62a5\u540d","bank_type":"CFT","cash_fee":"8000","fee_type":"CNY","is_subscribe":"N","mch_id":"1268067601","nonce_str":"MLn9MimXzLCrxFeO","openid":"ouN6_s-gANrwsdQeuT_XUxG-93Ek","out_trade_no":"126806760120151022205816","result_code":"SUCCESS","return_code":"SUCCESS","return_msg":"OK","sign":"ED9F623C86071B025E5C95487639A2C8","time_end":"20151022205935","total_fee":"8000","trade_state":"SUCCESS","trade_type":"JSAPI","transaction_id":"1001710869201510221294850696"}
[2015-10-22 20:59:36][debug] call back test:订单查询成功
[2015-10-22 20:59:36][debug] call back test:未入库
[2015-10-22 20:59:36][debug] call back test sql:UPDATE pa_marathon SET ispay =1,transaction_id="1001710869201510221294850696",out_trade_no="126806760120151022205816" WHERE openid ="ouN6_s-gANrwsdQeuT_XUxG-93Ek"
[2015-10-22 20:59:36][debug] call back test:入库成功
[2015-10-22 21:01:22][debug] begin notify
[2015-10-22 21:01:22][debug] call back test:{"appid":"wx161f19ac48b1f2f3","attach":"\u9a6c\u62c9\u677e\u62a5\u540d","bank_type":"BOC_DEBIT","cash_fee":"6000","fee_type":"CNY","is_subscribe":"N","mch_id":"1268067601","nonce_str":"3l8licj8icwr908dyhut8p8c2lyu1mh1","openid":"ouN6_s2f2LEtX8mZz_gXc9CvtLDw","out_trade_no":"126806760120151022205952","result_code":"SUCCESS","return_code":"SUCCESS","sign":"75B4B8EFBF2BA63A1C7FA0D697CA9A54","time_end":"20151022210121","total_fee":"6000","trade_type":"JSAPI","transaction_id":"1003830869201510221294859360"}
[2015-10-22 21:01:22][debug] query:{"appid":"wx161f19ac48b1f2f3","attach":"\u9a6c\u62c9\u677e\u62a5\u540d","bank_type":"BOC_DEBIT","cash_fee":"6000","fee_type":"CNY","is_subscribe":"N","mch_id":"1268067601","nonce_str":"Q6PRTUvHnKW7l4tE","openid":"ouN6_s2f2LEtX8mZz_gXc9CvtLDw","out_trade_no":"126806760120151022205952","result_code":"SUCCESS","return_code":"SUCCESS","return_msg":"OK","sign":"34F527ED2F3A8C9819D75FDFDC7A1077","time_end":"20151022210120","total_fee":"6000","trade_state":"SUCCESS","trade_type":"JSAPI","transaction_id":"1003830869201510221294859360"}
[2015-10-22 21:01:22][debug] call back test:订单查询成功
[2015-10-22 21:01:22][debug] call back test:未入库
[2015-10-22 21:01:22][debug] call back test sql:UPDATE pa_marathon SET ispay =1,transaction_id="1003830869201510221294859360",out_trade_no="126806760120151022205952" WHERE openid ="ouN6_s2f2LEtX8mZz_gXc9CvtLDw"
[2015-10-22 21:01:22][debug] call back test:入库成功
[2015-10-22 21:39:18][debug] begin notify
[2015-10-22 21:39:18][debug] call back test:{"appid":"wx161f19ac48b1f2f3","attach":"\u9a6c\u62c9\u677e\u62a5\u540d","bank_type":"CFT","cash_fee":"4000","fee_type":"CNY","is_subscribe":"N","mch_id":"1268067601","nonce_str":"k81y2phcfyqnqdzf9373r78r5nsnndab","openid":"ouN6_s0P0TjAqq9JYZ-3zsUp5TiY","out_trade_no":"126806760120151022213853","result_code":"SUCCESS","return_code":"SUCCESS","sign":"A847286C2FD5E91842F69244CF098138","time_end":"20151022213918","total_fee":"4000","trade_type":"JSAPI","transaction_id":"1002490869201510221295326484"}
[2015-10-22 21:39:19][debug] query:{"appid":"wx161f19ac48b1f2f3","attach":"\u9a6c\u62c9\u677e\u62a5\u540d","bank_type":"CFT","cash_fee":"4000","fee_type":"CNY","is_subscribe":"N","mch_id":"1268067601","nonce_str":"IqralJBIN2LM6cks","openid":"ouN6_s0P0TjAqq9JYZ-3zsUp5TiY","out_trade_no":"126806760120151022213853","result_code":"SUCCESS","return_code":"SUCCESS","return_msg":"OK","sign":"0B5E6788DDF1636B2CA60F5C04032C9D","time_end":"20151022213917","total_fee":"4000","trade_state":"SUCCESS","trade_type":"JSAPI","transaction_id":"1002490869201510221295326484"}
[2015-10-22 21:39:19][debug] call back test:订单查询成功
[2015-10-22 21:39:19][debug] call back test:未入库
[2015-10-22 21:39:19][debug] call back test sql:UPDATE pa_marathon SET ispay =1,transaction_id="1002490869201510221295326484",out_trade_no="126806760120151022213853" WHERE openid ="ouN6_s0P0TjAqq9JYZ-3zsUp5TiY"
[2015-10-22 21:39:19][debug] call back test:入库成功
[2015-10-22 22:30:46][debug] begin notify
[2015-10-22 22:30:46][debug] call back test:{"appid":"wx161f19ac48b1f2f3","attach":"\u9a6c\u62c9\u677e\u62a5\u540d","bank_type":"ICBC_DEBIT","cash_fee":"6000","fee_type":"CNY","is_subscribe":"Y","mch_id":"1268067601","nonce_str":"yy48cl6yp8tzzy2hmrodj1kqxel1dhx6","openid":"ouN6_s9YAUljI_OR6lsjIm4di13A","out_trade_no":"126806760120151022222914","result_code":"SUCCESS","return_code":"SUCCESS","sign":"9F7FC715F7F85AA1CBC70F2A801DE249","time_end":"20151022223045","total_fee":"6000","trade_type":"JSAPI","transaction_id":"1007090869201510221295853391"}
[2015-10-22 22:30:47][debug] query:{"appid":"wx161f19ac48b1f2f3","attach":"\u9a6c\u62c9\u677e\u62a5\u540d","bank_type":"ICBC_DEBIT","cash_fee":"6000","fee_type":"CNY","is_subscribe":"Y","mch_id":"1268067601","nonce_str":"tXzCnJ6pq90g3SEw","openid":"ouN6_s9YAUljI_OR6lsjIm4di13A","out_trade_no":"126806760120151022222914","result_code":"SUCCESS","return_code":"SUCCESS","return_msg":"OK","sign":"CE050B2FEEF8DBBF38324A2A937E7D48","time_end":"20151022223045","total_fee":"6000","trade_state":"SUCCESS","trade_type":"JSAPI","transaction_id":"1007090869201510221295853391"}
[2015-10-22 22:30:47][debug] call back test:订单查询成功
[2015-10-22 22:30:47][debug] call back test:未入库
[2015-10-22 22:30:47][debug] call back test sql:UPDATE pa_marathon SET ispay =1,transaction_id="1007090869201510221295853391",out_trade_no="126806760120151022222914" WHERE openid ="ouN6_s9YAUljI_OR6lsjIm4di13A"
[2015-10-22 22:30:47][debug] call back test:入库成功
