[2015-11-03 09:08:06][debug] begin notify
[2015-11-03 09:08:06][debug] call back test:{"appid":"wx161f19ac48b1f2f3","attach":"\u9a6c\u62c9\u677e\u62a5\u540d","bank_type":"CFT","cash_fee":"6000","fee_type":"CNY","is_subscribe":"Y","mch_id":"1268067601","nonce_str":"1si21z06h0mpbn0socxpm652fizf11an","openid":"ouN6_swwfOHnP7Bd0Ctq-Tr8sq-A","out_trade_no":"126806760120151103090744","result_code":"SUCCESS","return_code":"SUCCESS","sign":"0DA8929CD3C4B52C2BF7BE00487A66E2","time_end":"20151103090804","total_fee":"6000","trade_type":"JSAPI","transaction_id":"1007800869201511031434610518"}
[2015-11-03 09:08:07][debug] query:{"appid":"wx161f19ac48b1f2f3","attach":"\u9a6c\u62c9\u677e\u62a5\u540d","bank_type":"CFT","cash_fee":"6000","fee_type":"CNY","is_subscribe":"Y","mch_id":"1268067601","nonce_str":"1uPw6ZlPWL802HVG","openid":"ouN6_swwfOHnP7Bd0Ctq-Tr8sq-A","out_trade_no":"126806760120151103090744","result_code":"SUCCESS","return_code":"SUCCESS","return_msg":"OK","sign":"501BA0486E62D7226756B4A312950FF5","time_end":"20151103090804","total_fee":"6000","trade_state":"SUCCESS","trade_type":"JSAPI","transaction_id":"1007800869201511031434610518"}
[2015-11-03 09:08:07][debug] call back test:订单查询成功
[2015-11-03 09:08:07][debug] call back test:未入库
[2015-11-03 09:08:07][debug] call back test sql:UPDATE pa_marathon SET ispay =1,transaction_id="1007800869201511031434610518",out_trade_no="126806760120151103090744" WHERE openid ="ouN6_swwfOHnP7Bd0Ctq-Tr8sq-A"
[2015-11-03 09:08:07][debug] call back test:入库成功
[2015-11-03 10:04:04][debug] begin notify
[2015-11-03 10:04:04][debug] call back test:{"appid":"wx161f19ac48b1f2f3","attach":"\u9a6c\u62c9\u677e\u62a5\u540d","bank_type":"ICBC_DEBIT","cash_fee":"8000","fee_type":"CNY","is_subscribe":"N","mch_id":"1268067601","nonce_str":"51xx4qd82nrlc1qoyb6ga76g0rype2o7","openid":"ouN6_sxuy9tqmlErfeBof3x5ZYFk","out_trade_no":"126806760120151103100239","result_code":"SUCCESS","return_code":"SUCCESS","sign":"1ECE92C55CBAA42BF4F0508D2578F605","time_end":"20151103100404","total_fee":"8000","trade_type":"JSAPI","transaction_id":"1009040869201511031435088193"}
[2015-11-03 10:04:04][debug] query:{"appid":"wx161f19ac48b1f2f3","attach":"\u9a6c\u62c9\u677e\u62a5\u540d","bank_type":"ICBC_DEBIT","cash_fee":"8000","fee_type":"CNY","is_subscribe":"N","mch_id":"1268067601","nonce_str":"waBXO6fT5PinHBpq","openid":"ouN6_sxuy9tqmlErfeBof3x5ZYFk","out_trade_no":"126806760120151103100239","result_code":"SUCCESS","return_code":"SUCCESS","return_msg":"OK","sign":"344EC3F1F39B8EBB7EA6790F4B804E0F","time_end":"20151103100353","total_fee":"8000","trade_state":"SUCCESS","trade_type":"JSAPI","transaction_id":"1009040869201511031435088193"}
[2015-11-03 10:04:04][debug] call back test:订单查询成功
[2015-11-03 10:04:04][debug] call back test:未入库
[2015-11-03 10:04:04][debug] call back test sql:UPDATE pa_marathon SET ispay =1,transaction_id="1009040869201511031435088193",out_trade_no="126806760120151103100239" WHERE openid ="ouN6_sxuy9tqmlErfeBof3x5ZYFk"
[2015-11-03 10:04:04][debug] call back test:入库成功
[2015-11-03 12:18:30][debug] begin notify
[2015-11-03 12:18:30][debug] call back test:{"appid":"wx161f19ac48b1f2f3","attach":"\u9a6c\u62c9\u677e\u62a5\u540d","bank_type":"CCB_DEBIT","cash_fee":"8000","fee_type":"CNY","is_subscribe":"N","mch_id":"1268067601","nonce_str":"hut4azpic1us7z0b50pa4o3hnlenm6c2","openid":"ouN6_s4XUA35bV5d4aHec8S-kxmg","out_trade_no":"126806760120151103121805","result_code":"SUCCESS","return_code":"SUCCESS","sign":"1E3C6C161A6039A7BCEC358D15DBA1A0","time_end":"20151103121829","total_fee":"8000","trade_type":"JSAPI","transaction_id":"1003600869201511031437164081"}
[2015-11-03 12:18:30][debug] query:{"appid":"wx161f19ac48b1f2f3","attach":"\u9a6c\u62c9\u677e\u62a5\u540d","bank_type":"CCB_DEBIT","cash_fee":"8000","fee_type":"CNY","is_subscribe":"N","mch_id":"1268067601","nonce_str":"ILWmJJ4U65rJhWPD","openid":"ouN6_s4XUA35bV5d4aHec8S-kxmg","out_trade_no":"126806760120151103121805","result_code":"SUCCESS","return_code":"SUCCESS","return_msg":"OK","sign":"583112DBBA72A80A633F39BA58452D24","time_end":"20151103121829","total_fee":"8000","trade_state":"SUCCESS","trade_type":"JSAPI","transaction_id":"1003600869201511031437164081"}
[2015-11-03 12:18:30][debug] call back test:订单查询成功
[2015-11-03 12:18:30][debug] call back test:未入库
[2015-11-03 12:18:30][debug] call back test sql:UPDATE pa_marathon SET ispay =1,transaction_id="1003600869201511031437164081",out_trade_no="126806760120151103121805" WHERE openid ="ouN6_s4XUA35bV5d4aHec8S-kxmg"
[2015-11-03 12:18:30][debug] call back test:入库成功
[2015-11-03 12:32:50][debug] begin notify
[2015-11-03 12:32:50][debug] call back test:{"appid":"wx161f19ac48b1f2f3","attach":"\u9a6c\u62c9\u677e\u62a5\u540d","bank_type":"CCB_DEBIT","cash_fee":"8000","fee_type":"CNY","is_subscribe":"Y","mch_id":"1268067601","nonce_str":"46guqc9tdrmp0mur6uejcn72dacqlamt","openid":"ouN6_s4XUA35bV5d4aHec8S-kxmg","out_trade_no":"126806760120151103123135","result_code":"SUCCESS","return_code":"SUCCESS","sign":"EA210071CE1C067F5E684A5631FDBE8D","time_end":"20151103123249","total_fee":"8000","trade_type":"JSAPI","transaction_id":"1003600869201511031437403866"}
[2015-11-03 12:32:50][debug] query:{"appid":"wx161f19ac48b1f2f3","attach":"\u9a6c\u62c9\u677e\u62a5\u540d","bank_type":"CCB_DEBIT","cash_fee":"8000","fee_type":"CNY","is_subscribe":"Y","mch_id":"1268067601","nonce_str":"q3dfCwjMgDkJC1P5","openid":"ouN6_s4XUA35bV5d4aHec8S-kxmg","out_trade_no":"126806760120151103123135","result_code":"SUCCESS","return_code":"SUCCESS","return_msg":"OK","sign":"9D03A93551ABCE8F1CA2ED23330FC302","time_end":"20151103123249","total_fee":"8000","trade_state":"SUCCESS","trade_type":"JSAPI","transaction_id":"1003600869201511031437403866"}
[2015-11-03 12:32:50][debug] call back test:订单查询成功
[2015-11-03 12:32:50][debug] call back test:未入库
[2015-11-03 12:32:50][debug] call back test sql:UPDATE pa_marathon SET ispay =1,transaction_id="1003600869201511031437403866",out_trade_no="126806760120151103123135" WHERE openid ="ouN6_s4XUA35bV5d4aHec8S-kxmg"
[2015-11-03 12:32:50][debug] call back test:入库成功
[2015-11-03 13:50:16][debug] begin notify
[2015-11-03 13:50:16][debug] call back test:{"appid":"wx161f19ac48b1f2f3","attach":"\u9a6c\u62c9\u677e\u62a5\u540d","bank_type":"CFT","cash_fee":"4000","fee_type":"CNY","is_subscribe":"N","mch_id":"1268067601","nonce_str":"2jg3ic49c02k68jdjt6qy350bftt80wo","openid":"ouN6_s_YvBf2BA5TsnMGst1kMvj8","out_trade_no":"126806760120151103134956","result_code":"SUCCESS","return_code":"SUCCESS","sign":"2CE738A5D94F47843C7D68C417B911B8","time_end":"20151103135015","total_fee":"4000","trade_type":"JSAPI","transaction_id":"1009960869201511031438459182"}
[2015-11-03 13:50:16][debug] query:{"appid":"wx161f19ac48b1f2f3","attach":"\u9a6c\u62c9\u677e\u62a5\u540d","bank_type":"CFT","cash_fee":"4000","fee_type":"CNY","is_subscribe":"N","mch_id":"1268067601","nonce_str":"ls7Pr6sZoWGXhL2M","openid":"ouN6_s_YvBf2BA5TsnMGst1kMvj8","out_trade_no":"126806760120151103134956","result_code":"SUCCESS","return_code":"SUCCESS","return_msg":"OK","sign":"F413663F70448A8BB5E91A7779FAAAF7","time_end":"20151103135015","total_fee":"4000","trade_state":"SUCCESS","trade_type":"JSAPI","transaction_id":"1009960869201511031438459182"}
[2015-11-03 13:50:16][debug] call back test:订单查询成功
[2015-11-03 13:50:16][debug] call back test:未入库
[2015-11-03 13:50:16][debug] call back test sql:UPDATE pa_marathon SET ispay =1,transaction_id="1009960869201511031438459182",out_trade_no="126806760120151103134956" WHERE openid ="ouN6_s_YvBf2BA5TsnMGst1kMvj8"
[2015-11-03 13:50:16][debug] call back test:入库成功
[2015-11-03 15:13:30][debug] begin notify
[2015-11-03 15:13:30][debug] call back test:{"appid":"wx161f19ac48b1f2f3","attach":"\u9a6c\u62c9\u677e\u62a5\u540d","bank_type":"CFT","cash_fee":"8000","fee_type":"CNY","is_subscribe":"Y","mch_id":"1268067601","nonce_str":"fexp75ped1qokfb60wh8eb55e95p8fi0","openid":"ouN6_s_YvBf2BA5TsnMGst1kMvj8","out_trade_no":"126806760120151103151308","result_code":"SUCCESS","return_code":"SUCCESS","sign":"1FC4A5629BDBC00C06EC33A1EE109020","time_end":"20151103151329","total_fee":"8000","trade_type":"JSAPI","transaction_id":"1009960869201511031439400893"}
[2015-11-03 15:13:30][debug] query:{"appid":"wx161f19ac48b1f2f3","attach":"\u9a6c\u62c9\u677e\u62a5\u540d","bank_type":"CFT","cash_fee":"8000","fee_type":"CNY","is_subscribe":"Y","mch_id":"1268067601","nonce_str":"epc0qrgBszt6SEVi","openid":"ouN6_s_YvBf2BA5TsnMGst1kMvj8","out_trade_no":"126806760120151103151308","result_code":"SUCCESS","return_code":"SUCCESS","return_msg":"OK","sign":"7F17766135602ED0076FD184A2603AD2","time_end":"20151103151329","total_fee":"8000","trade_state":"SUCCESS","trade_type":"JSAPI","transaction_id":"1009960869201511031439400893"}
[2015-11-03 15:13:30][debug] call back test:订单查询成功
[2015-11-03 15:13:30][debug] call back test:未入库
[2015-11-03 15:13:30][debug] call back test sql:UPDATE pa_marathon SET ispay =1,transaction_id="1009960869201511031439400893",out_trade_no="126806760120151103151308" WHERE openid ="ouN6_s_YvBf2BA5TsnMGst1kMvj8"
[2015-11-03 15:13:30][debug] call back test:入库成功
[2015-11-03 16:11:54][debug] begin notify
[2015-11-03 16:11:54][debug] call back test:{"appid":"wx161f19ac48b1f2f3","attach":"\u9a6c\u62c9\u677e\u62a5\u540d","bank_type":"ICBC_DEBIT","cash_fee":"6000","fee_type":"CNY","is_subscribe":"N","mch_id":"1268067601","nonce_str":"d5isbd5j9phma9tkebxh7hpmlf1do3xx","openid":"ouN6_sw45Vvycrh3hzBz2MesqXvA","out_trade_no":"126806760120151103161132","result_code":"SUCCESS","return_code":"SUCCESS","sign":"B2E4D304893E4CFCADC88BDD0FE31BDF","time_end":"20151103161154","total_fee":"6000","trade_type":"JSAPI","transaction_id":"1010090869201511031440047648"}
[2015-11-03 16:11:55][debug] query:{"appid":"wx161f19ac48b1f2f3","attach":"\u9a6c\u62c9\u677e\u62a5\u540d","bank_type":"ICBC_DEBIT","cash_fee":"6000","fee_type":"CNY","is_subscribe":"N","mch_id":"1268067601","nonce_str":"9Sp98LxG2YFnnQ19","openid":"ouN6_sw45Vvycrh3hzBz2MesqXvA","out_trade_no":"126806760120151103161132","result_code":"SUCCESS","return_code":"SUCCESS","return_msg":"OK","sign":"F99D3FF696502AD622CBFF176C982A68","time_end":"20151103161153","total_fee":"6000","trade_state":"SUCCESS","trade_type":"JSAPI","transaction_id":"1010090869201511031440047648"}
[2015-11-03 16:11:55][debug] call back test:订单查询成功
[2015-11-03 16:11:55][debug] call back test:未入库
[2015-11-03 16:11:55][debug] call back test sql:UPDATE pa_marathon SET ispay =1,transaction_id="1010090869201511031440047648",out_trade_no="126806760120151103161132" WHERE openid ="ouN6_sw45Vvycrh3hzBz2MesqXvA"
[2015-11-03 16:11:55][debug] call back test:入库成功
[2015-11-03 16:34:02][debug] begin notify
[2015-11-03 16:37:00][debug] begin notify
[2015-11-03 17:00:41][debug] begin notify
[2015-11-03 17:00:41][debug] call back test:{"appid":"wx161f19ac48b1f2f3","attach":"\u9a6c\u62c9\u677e\u62a5\u540d","bank_type":"CFT","cash_fee":"6000","fee_type":"CNY","is_subscribe":"N","mch_id":"1268067601","nonce_str":"otnzqsgqmk4za57cqvnuo4a3cqnud6p2","openid":"ouN6_s3ERDpUftNZsjEik1LFwZQw","out_trade_no":"126806760120151103170023","result_code":"SUCCESS","return_code":"SUCCESS","sign":"7C578C27C06B57526E9056A48ECBA380","time_end":"20151103170041","total_fee":"6000","trade_type":"JSAPI","transaction_id":"1008390869201511031440630865"}
[2015-11-03 17:00:41][debug] query:{"appid":"wx161f19ac48b1f2f3","attach":"\u9a6c\u62c9\u677e\u62a5\u540d","bank_type":"CFT","cash_fee":"6000","fee_type":"CNY","is_subscribe":"N","mch_id":"1268067601","nonce_str":"Yt7wxmxUVfdIoSRL","openid":"ouN6_s3ERDpUftNZsjEik1LFwZQw","out_trade_no":"126806760120151103170023","result_code":"SUCCESS","return_code":"SUCCESS","return_msg":"OK","sign":"26A928BEB86F790157DC01D110D7AD86","time_end":"20151103170040","total_fee":"6000","trade_state":"SUCCESS","trade_type":"JSAPI","transaction_id":"1008390869201511031440630865"}
[2015-11-03 17:00:41][debug] call back test:订单查询成功
[2015-11-03 17:00:41][debug] call back test:未入库
[2015-11-03 17:00:41][debug] call back test sql:UPDATE pa_marathon SET ispay =1,transaction_id="1008390869201511031440630865",out_trade_no="126806760120151103170023" WHERE openid ="ouN6_s3ERDpUftNZsjEik1LFwZQw"
[2015-11-03 17:00:41][debug] call back test:入库成功
[2015-11-03 17:03:57][debug] begin notify
[2015-11-03 17:07:24][debug] begin notify
