[2015-10-07 01:02:19][debug] begin notify
[2015-10-07 01:02:19][debug] call back test:{"appid":"wx161f19ac48b1f2f3","attach":"\u9a6c\u62c9\u677e\u62a5\u540d","bank_type":"CFT","cash_fee":"4000","fee_type":"CNY","is_subscribe":"Y","mch_id":"1268067601","nonce_str":"uarr31edtjx3ay83t6awvq1yhhpyol0c","openid":"ouN6_s2KzC0lmQlcros3X-fUjSiI","out_trade_no":"126806760120151007010147","result_code":"SUCCESS","return_code":"SUCCESS","sign":"F4189CB62983BDB5D66B22C136D30913","time_end":"20151007010219","total_fee":"4000","trade_type":"JSAPI","transaction_id":"1006900869201510071113449652"}
[2015-10-07 01:02:20][debug] query:{"appid":"wx161f19ac48b1f2f3","attach":"\u9a6c\u62c9\u677e\u62a5\u540d","bank_type":"CFT","cash_fee":"4000","fee_type":"CNY","is_subscribe":"Y","mch_id":"1268067601","nonce_str":"AXcr5Lt91etPoSG6","openid":"ouN6_s2KzC0lmQlcros3X-fUjSiI","out_trade_no":"126806760120151007010147","result_code":"SUCCESS","return_code":"SUCCESS","return_msg":"OK","sign":"276C83043DD06FB5AA45AF8EE03B59E1","time_end":"20151007010218","total_fee":"4000","trade_state":"SUCCESS","trade_type":"JSAPI","transaction_id":"1006900869201510071113449652"}
[2015-10-07 01:02:20][debug] call back test:订单查询成功
[2015-10-07 01:02:20][debug] call back test:未入库
[2015-10-07 01:02:20][debug] call back test sql:UPDATE pa_marathon SET ispay =1,transaction_id="1006900869201510071113449652",out_trade_no="126806760120151007010147" WHERE openid ="ouN6_s2KzC0lmQlcros3X-fUjSiI"
[2015-10-07 01:02:20][debug] call back test:入库成功
[2015-10-07 03:26:32][debug] begin notify
[2015-10-07 03:26:32][debug] call back test:{"appid":"wx161f19ac48b1f2f3","attach":"\u9a6c\u62c9\u677e\u62a5\u540d","bank_type":"CFT","cash_fee":"6000","fee_type":"CNY","is_subscribe":"Y","mch_id":"1268067601","nonce_str":"tlvlmv3nsnx2v2i8vtb4a1rvwwgf294i","openid":"ouN6_s0XrV0J3M2i4zhAXOFOYnzM","out_trade_no":"126806760120151007032550","result_code":"SUCCESS","return_code":"SUCCESS","sign":"49D019B5E7B5C1FB47FED80D55868E49","time_end":"20151007032630","total_fee":"6000","trade_type":"JSAPI","transaction_id":"1007920869201510071113672485"}
[2015-10-07 03:26:32][debug] query:{"appid":"wx161f19ac48b1f2f3","attach":"\u9a6c\u62c9\u677e\u62a5\u540d","bank_type":"CFT","cash_fee":"6000","fee_type":"CNY","is_subscribe":"Y","mch_id":"1268067601","nonce_str":"uPqG8fQi5gBRUEON","openid":"ouN6_s0XrV0J3M2i4zhAXOFOYnzM","out_trade_no":"126806760120151007032550","result_code":"SUCCESS","return_code":"SUCCESS","return_msg":"OK","sign":"8D49140D4FF778ECFACE1854B2141FB6","time_end":"20151007032630","total_fee":"6000","trade_state":"SUCCESS","trade_type":"JSAPI","transaction_id":"1007920869201510071113672485"}
[2015-10-07 03:26:32][debug] call back test:订单查询成功
[2015-10-07 03:26:32][debug] call back test:未入库
[2015-10-07 03:26:32][debug] call back test sql:UPDATE pa_marathon SET ispay =1,transaction_id="1007920869201510071113672485",out_trade_no="126806760120151007032550" WHERE openid ="ouN6_s0XrV0J3M2i4zhAXOFOYnzM"
[2015-10-07 03:26:32][debug] call back test:入库成功
[2015-10-07 07:36:21][debug] begin notify
[2015-10-07 07:36:21][debug] call back test:{"appid":"wx161f19ac48b1f2f3","attach":"\u9a6c\u62c9\u677e\u62a5\u540d","bank_type":"CFT","cash_fee":"8000","fee_type":"CNY","is_subscribe":"Y","mch_id":"1268067601","nonce_str":"i6gp57xglwi2bwdtjo9xc2qhbwxekqkl","openid":"ouN6_s4mU59ZXLxusoPPucSmHzeA","out_trade_no":"126806760120151007073503","result_code":"SUCCESS","return_code":"SUCCESS","sign":"DD2A6EB859299D9A5EA5FEF240C7B769","time_end":"20151007073620","total_fee":"8000","trade_type":"JSAPI","transaction_id":"1000110869201510071113944706"}
[2015-10-07 07:36:22][debug] query:{"appid":"wx161f19ac48b1f2f3","attach":"\u9a6c\u62c9\u677e\u62a5\u540d","bank_type":"CFT","cash_fee":"8000","fee_type":"CNY","is_subscribe":"Y","mch_id":"1268067601","nonce_str":"gqurrqAHVgChdP3U","openid":"ouN6_s4mU59ZXLxusoPPucSmHzeA","out_trade_no":"126806760120151007073503","result_code":"SUCCESS","return_code":"SUCCESS","return_msg":"OK","sign":"896C51FEDF1E218D2356516A644A9DD7","time_end":"20151007073619","total_fee":"8000","trade_state":"SUCCESS","trade_type":"JSAPI","transaction_id":"1000110869201510071113944706"}
[2015-10-07 07:36:22][debug] call back test:订单查询成功
[2015-10-07 07:36:22][debug] call back test:未入库
[2015-10-07 07:36:22][debug] call back test sql:UPDATE pa_marathon SET ispay =1,transaction_id="1000110869201510071113944706",out_trade_no="126806760120151007073503" WHERE openid ="ouN6_s4mU59ZXLxusoPPucSmHzeA"
[2015-10-07 07:36:22][debug] call back test:入库成功
[2015-10-07 08:38:16][debug] begin notify
[2015-10-07 08:38:16][debug] call back test:{"appid":"wx161f19ac48b1f2f3","attach":"\u9a6c\u62c9\u677e\u62a5\u540d","bank_type":"CFT","cash_fee":"8000","fee_type":"CNY","is_subscribe":"Y","mch_id":"1268067601","nonce_str":"ck63rvmqfkh2hihqk8z10nrhkx3ys0ea","openid":"ouN6_s2u4u0JBWX8Rw6CVVQ0rLmA","out_trade_no":"126806760120151007083735","result_code":"SUCCESS","return_code":"SUCCESS","sign":"388EA8000AA02339125E51220133869B","time_end":"20151007083815","total_fee":"8000","trade_type":"JSAPI","transaction_id":"1002850869201510071114204440"}
[2015-10-07 08:38:17][debug] query:{"appid":"wx161f19ac48b1f2f3","attach":"\u9a6c\u62c9\u677e\u62a5\u540d","bank_type":"CFT","cash_fee":"8000","fee_type":"CNY","is_subscribe":"Y","mch_id":"1268067601","nonce_str":"irMMjIRAZEF1W9Z6","openid":"ouN6_s2u4u0JBWX8Rw6CVVQ0rLmA","out_trade_no":"126806760120151007083735","result_code":"SUCCESS","return_code":"SUCCESS","return_msg":"OK","sign":"49B9D0090C28C0220DCBF3DDED611CD5","time_end":"20151007083815","total_fee":"8000","trade_state":"SUCCESS","trade_type":"JSAPI","transaction_id":"1002850869201510071114204440"}
[2015-10-07 08:38:17][debug] call back test:订单查询成功
[2015-10-07 08:38:17][debug] call back test:未入库
[2015-10-07 08:38:17][debug] call back test sql:UPDATE pa_marathon SET ispay =1,transaction_id="1002850869201510071114204440",out_trade_no="126806760120151007083735" WHERE openid ="ouN6_s2u4u0JBWX8Rw6CVVQ0rLmA"
[2015-10-07 08:38:17][debug] call back test:入库成功
[2015-10-07 08:53:14][debug] begin notify
[2015-10-07 08:53:14][debug] call back test:{"appid":"wx161f19ac48b1f2f3","attach":"\u9a6c\u62c9\u677e\u62a5\u540d","bank_type":"CFT","cash_fee":"6000","fee_type":"CNY","is_subscribe":"Y","mch_id":"1268067601","nonce_str":"4eixwuyac8kpxt552o2842n04ccm6cxw","openid":"ouN6_s8vZikgnFfYemJcaQk5bA7E","out_trade_no":"126806760120151007085253","result_code":"SUCCESS","return_code":"SUCCESS","sign":"BCFC5B7B3440DF931B83F49F1A673E0F","time_end":"20151007085314","total_fee":"6000","trade_type":"JSAPI","transaction_id":"1002320869201510071114276344"}
[2015-10-07 08:53:15][debug] query:{"appid":"wx161f19ac48b1f2f3","attach":"\u9a6c\u62c9\u677e\u62a5\u540d","bank_type":"CFT","cash_fee":"6000","fee_type":"CNY","is_subscribe":"Y","mch_id":"1268067601","nonce_str":"FM0G3e5e2bSPkJXD","openid":"ouN6_s8vZikgnFfYemJcaQk5bA7E","out_trade_no":"126806760120151007085253","result_code":"SUCCESS","return_code":"SUCCESS","return_msg":"OK","sign":"A3D72123448F1FB3F4BB6F862F5BCFBF","time_end":"20151007085313","total_fee":"6000","trade_state":"SUCCESS","trade_type":"JSAPI","transaction_id":"1002320869201510071114276344"}
[2015-10-07 08:53:15][debug] call back test:订单查询成功
[2015-10-07 08:53:15][debug] call back test:未入库
[2015-10-07 08:53:15][debug] call back test sql:UPDATE pa_marathon SET ispay =1,transaction_id="1002320869201510071114276344",out_trade_no="126806760120151007085253" WHERE openid ="ouN6_s8vZikgnFfYemJcaQk5bA7E"
[2015-10-07 08:53:15][debug] call back test:入库成功
[2015-10-07 08:58:34][debug] begin notify
[2015-10-07 08:58:34][debug] call back test:{"appid":"wx161f19ac48b1f2f3","attach":"\u9a6c\u62c9\u677e\u62a5\u540d","bank_type":"CFT","cash_fee":"6000","fee_type":"CNY","is_subscribe":"N","mch_id":"1268067601","nonce_str":"dp9zz8hezechafp699rl53ez1myp9l2i","openid":"ouN6_syHF9rl3pHhtNpXdpdWx6tU","out_trade_no":"126806760120151007085811","result_code":"SUCCESS","return_code":"SUCCESS","sign":"D249349F91B1C747FC73C903E40EE1C8","time_end":"20151007085833","total_fee":"6000","trade_type":"JSAPI","transaction_id":"1006900869201510071114318855"}
[2015-10-07 08:58:34][debug] query:{"appid":"wx161f19ac48b1f2f3","attach":"\u9a6c\u62c9\u677e\u62a5\u540d","bank_type":"CFT","cash_fee":"6000","fee_type":"CNY","is_subscribe":"N","mch_id":"1268067601","nonce_str":"g77IHrHe1OEAbSJL","openid":"ouN6_syHF9rl3pHhtNpXdpdWx6tU","out_trade_no":"126806760120151007085811","result_code":"SUCCESS","return_code":"SUCCESS","return_msg":"OK","sign":"64ED99B9C4A1E5BAD31D43688BBBFE8D","time_end":"20151007085833","total_fee":"6000","trade_state":"SUCCESS","trade_type":"JSAPI","transaction_id":"1006900869201510071114318855"}
[2015-10-07 08:58:34][debug] call back test:订单查询成功
[2015-10-07 08:58:34][debug] call back test:未入库
[2015-10-07 08:58:34][debug] call back test sql:UPDATE pa_marathon SET ispay =1,transaction_id="1006900869201510071114318855",out_trade_no="126806760120151007085811" WHERE openid ="ouN6_syHF9rl3pHhtNpXdpdWx6tU"
[2015-10-07 08:58:34][debug] call back test:入库成功
[2015-10-07 09:18:42][debug] begin notify
[2015-10-07 09:18:42][debug] call back test:{"appid":"wx161f19ac48b1f2f3","attach":"\u9a6c\u62c9\u677e\u62a5\u540d","bank_type":"BOC_DEBIT","cash_fee":"6000","fee_type":"CNY","is_subscribe":"N","mch_id":"1268067601","nonce_str":"ttm2le6o807nsr2qkivqsq30afr5d1cq","openid":"ouN6_s1yiHosylyyvRhIKeC2d12E","out_trade_no":"126806760120151007091722","result_code":"SUCCESS","return_code":"SUCCESS","sign":"BC3D6A1B9BB61C80D58D56D0ABB3E9F4","time_end":"20151007091842","total_fee":"6000","trade_type":"JSAPI","transaction_id":"1000640869201510071114456501"}
[2015-10-07 09:18:43][debug] query:{"appid":"wx161f19ac48b1f2f3","attach":"\u9a6c\u62c9\u677e\u62a5\u540d","bank_type":"BOC_DEBIT","cash_fee":"6000","fee_type":"CNY","is_subscribe":"N","mch_id":"1268067601","nonce_str":"LXivT2gqPwWosk9t","openid":"ouN6_s1yiHosylyyvRhIKeC2d12E","out_trade_no":"126806760120151007091722","result_code":"SUCCESS","return_code":"SUCCESS","return_msg":"OK","sign":"7B50DA8D7E57865C32D7C73220B64A04","time_end":"20151007091841","total_fee":"6000","trade_state":"SUCCESS","trade_type":"JSAPI","transaction_id":"1000640869201510071114456501"}
[2015-10-07 09:18:43][debug] call back test:订单查询成功
[2015-10-07 09:18:43][debug] call back test:未入库
[2015-10-07 09:18:43][debug] call back test sql:UPDATE pa_marathon SET ispay =1,transaction_id="1000640869201510071114456501",out_trade_no="126806760120151007091722" WHERE openid ="ouN6_s1yiHosylyyvRhIKeC2d12E"
[2015-10-07 09:18:43][debug] call back test:入库成功
[2015-10-07 09:28:24][debug] begin notify
[2015-10-07 09:28:24][debug] call back test:{"appid":"wx161f19ac48b1f2f3","attach":"\u9a6c\u62c9\u677e\u62a5\u540d","bank_type":"ICBC_CREDIT","cash_fee":"4000","fee_type":"CNY","is_subscribe":"Y","mch_id":"1268067601","nonce_str":"5990t000tvvjm4cnpf8ylmmkxmjbpm8j","openid":"ouN6_szx7bVwe3j82sRtC2aodcEY","out_trade_no":"126806760120151007092813","result_code":"SUCCESS","return_code":"SUCCESS","sign":"8CDDF58EB5D7EFBE76FB6ADD12A97739","time_end":"20151007092823","total_fee":"4000","trade_type":"JSAPI","transaction_id":"1003520869201510071114510573"}
[2015-10-07 09:28:24][debug] query:{"appid":"wx161f19ac48b1f2f3","attach":"\u9a6c\u62c9\u677e\u62a5\u540d","bank_type":"ICBC_CREDIT","cash_fee":"4000","fee_type":"CNY","is_subscribe":"Y","mch_id":"1268067601","nonce_str":"hVWKPHUn6VmDWXPI","openid":"ouN6_szx7bVwe3j82sRtC2aodcEY","out_trade_no":"126806760120151007092813","result_code":"SUCCESS","return_code":"SUCCESS","return_msg":"OK","sign":"384B18361960E6C48BB59BCFD7479090","time_end":"20151007092823","total_fee":"4000","trade_state":"SUCCESS","trade_type":"JSAPI","transaction_id":"1003520869201510071114510573"}
[2015-10-07 09:28:24][debug] call back test:订单查询成功
[2015-10-07 09:28:24][debug] call back test:未入库
[2015-10-07 09:28:24][debug] call back test sql:UPDATE pa_marathon SET ispay =1,transaction_id="1003520869201510071114510573",out_trade_no="126806760120151007092813" WHERE openid ="ouN6_szx7bVwe3j82sRtC2aodcEY"
[2015-10-07 09:28:24][debug] call back test:入库成功
[2015-10-07 09:47:24][debug] begin notify
[2015-10-07 09:47:24][debug] call back test:{"appid":"wx161f19ac48b1f2f3","attach":"\u9a6c\u62c9\u677e\u62a5\u540d","bank_type":"CFT","cash_fee":"6000","fee_type":"CNY","is_subscribe":"Y","mch_id":"1268067601","nonce_str":"tgjcqt33v21xjue8pzjtepo1xb73lp7a","openid":"ouN6_s7d6HoCd98CwkfssMJ03F8o","out_trade_no":"126806760120151007094704","result_code":"SUCCESS","return_code":"SUCCESS","sign":"008B5A288778E5F6AAB5B3EC0513D36E","time_end":"20151007094723","total_fee":"6000","trade_type":"JSAPI","transaction_id":"1005640869201510071114657139"}
[2015-10-07 09:47:24][debug] query:{"appid":"wx161f19ac48b1f2f3","attach":"\u9a6c\u62c9\u677e\u62a5\u540d","bank_type":"CFT","cash_fee":"6000","fee_type":"CNY","is_subscribe":"Y","mch_id":"1268067601","nonce_str":"KsAdwDRphOEHQPMP","openid":"ouN6_s7d6HoCd98CwkfssMJ03F8o","out_trade_no":"126806760120151007094704","result_code":"SUCCESS","return_code":"SUCCESS","return_msg":"OK","sign":"A961ABECD0B817769B37BFB7C9F8BF4B","time_end":"20151007094723","total_fee":"6000","trade_state":"SUCCESS","trade_type":"JSAPI","transaction_id":"1005640869201510071114657139"}
[2015-10-07 09:47:24][debug] call back test:订单查询成功
[2015-10-07 09:47:24][debug] call back test:未入库
[2015-10-07 09:47:24][debug] call back test sql:UPDATE pa_marathon SET ispay =1,transaction_id="1005640869201510071114657139",out_trade_no="126806760120151007094704" WHERE openid ="ouN6_s7d6HoCd98CwkfssMJ03F8o"
[2015-10-07 09:47:24][debug] call back test:入库成功
[2015-10-07 10:13:20][debug] begin notify
[2015-10-07 10:13:20][debug] call back test:{"appid":"wx161f19ac48b1f2f3","attach":"\u9a6c\u62c9\u677e\u62a5\u540d","bank_type":"CMB_CREDIT","cash_fee":"4000","fee_type":"CNY","is_subscribe":"Y","mch_id":"1268067601","nonce_str":"fwvsoa6voo9smh089iy93281sqnh1cra","openid":"ouN6_s3hK0D_MmKF9F-rHeXLGmTc","out_trade_no":"126806760120151007100454","result_code":"SUCCESS","return_code":"SUCCESS","sign":"BDF0FC1CC056FD08B1184DFD9697FC1D","time_end":"20151007101305","total_fee":"4000","trade_type":"JSAPI","transaction_id":"1005890869201510071114827588"}
[2015-10-07 10:13:41][debug] begin notify
[2015-10-07 10:13:41][debug] call back test:{"appid":"wx161f19ac48b1f2f3","attach":"\u9a6c\u62c9\u677e\u62a5\u540d","bank_type":"CMB_CREDIT","cash_fee":"4000","fee_type":"CNY","is_subscribe":"Y","mch_id":"1268067601","nonce_str":"fwvsoa6voo9smh089iy93281sqnh1cra","openid":"ouN6_s3hK0D_MmKF9F-rHeXLGmTc","out_trade_no":"126806760120151007100454","result_code":"SUCCESS","return_code":"SUCCESS","sign":"BDF0FC1CC056FD08B1184DFD9697FC1D","time_end":"20151007101305","total_fee":"4000","trade_type":"JSAPI","transaction_id":"1005890869201510071114827588"}
[2015-10-07 10:14:16][debug] begin notify
[2015-10-07 10:14:16][debug] call back test:{"appid":"wx161f19ac48b1f2f3","attach":"\u9a6c\u62c9\u677e\u62a5\u540d","bank_type":"CMB_CREDIT","cash_fee":"4000","fee_type":"CNY","is_subscribe":"Y","mch_id":"1268067601","nonce_str":"fwvsoa6voo9smh089iy93281sqnh1cra","openid":"ouN6_s3hK0D_MmKF9F-rHeXLGmTc","out_trade_no":"126806760120151007100454","result_code":"SUCCESS","return_code":"SUCCESS","sign":"BDF0FC1CC056FD08B1184DFD9697FC1D","time_end":"20151007101305","total_fee":"4000","trade_type":"JSAPI","transaction_id":"1005890869201510071114827588"}
[2015-10-07 10:14:21][debug] query:{"appid":"wx161f19ac48b1f2f3","attach":"\u9a6c\u62c9\u677e\u62a5\u540d","bank_type":"CMB_CREDIT","cash_fee":"4000","fee_type":"CNY","is_subscribe":"Y","mch_id":"1268067601","nonce_str":"7iXdtJG453dL3Rvq","openid":"ouN6_s3hK0D_MmKF9F-rHeXLGmTc","out_trade_no":"126806760120151007100454","result_code":"SUCCESS","return_code":"SUCCESS","return_msg":"OK","sign":"C45C54431008C8F7C1A52B7667E6F0D3","time_end":"20151007101216","total_fee":"4000","trade_state":"SUCCESS","trade_type":"JSAPI","transaction_id":"1005890869201510071114827588"}
[2015-10-07 10:14:21][debug] call back test:订单查询成功
[2015-10-07 10:14:21][debug] call back test:未入库
[2015-10-07 10:14:21][debug] call back test sql:UPDATE pa_marathon SET ispay =1,transaction_id="1005890869201510071114827588",out_trade_no="126806760120151007100454" WHERE openid ="ouN6_s3hK0D_MmKF9F-rHeXLGmTc"
[2015-10-07 10:14:21][debug] call back test:入库成功
[2015-10-07 10:17:22][debug] begin notify
[2015-10-07 10:17:22][debug] call back test:{"appid":"wx161f19ac48b1f2f3","attach":"\u9a6c\u62c9\u677e\u62a5\u540d","bank_type":"CMB_CREDIT","cash_fee":"4000","fee_type":"CNY","is_subscribe":"Y","mch_id":"1268067601","nonce_str":"fwvsoa6voo9smh089iy93281sqnh1cra","openid":"ouN6_s3hK0D_MmKF9F-rHeXLGmTc","out_trade_no":"126806760120151007100454","result_code":"SUCCESS","return_code":"SUCCESS","sign":"BDF0FC1CC056FD08B1184DFD9697FC1D","time_end":"20151007101305","total_fee":"4000","trade_type":"JSAPI","transaction_id":"1005890869201510071114827588"}
[2015-10-07 10:17:26][debug] query:{"appid":"wx161f19ac48b1f2f3","attach":"\u9a6c\u62c9\u677e\u62a5\u540d","bank_type":"CMB_CREDIT","cash_fee":"4000","fee_type":"CNY","is_subscribe":"Y","mch_id":"1268067601","nonce_str":"IqO7hq9oTBrjBgzf","openid":"ouN6_s3hK0D_MmKF9F-rHeXLGmTc","out_trade_no":"126806760120151007100454","result_code":"SUCCESS","return_code":"SUCCESS","return_msg":"OK","sign":"28349766AB6526A030108D1F6B852DC0","time_end":"20151007101216","total_fee":"4000","trade_state":"SUCCESS","trade_type":"JSAPI","transaction_id":"1005890869201510071114827588"}
[2015-10-07 10:17:26][debug] call back test:订单查询成功
[2015-10-07 10:17:26][debug] call back test:已入库
[2015-10-07 11:02:23][debug] begin notify
[2015-10-07 11:02:23][debug] call back test:{"appid":"wx161f19ac48b1f2f3","attach":"\u9a6c\u62c9\u677e\u62a5\u540d","bank_type":"CFT","cash_fee":"4000","fee_type":"CNY","is_subscribe":"Y","mch_id":"1268067601","nonce_str":"tgopyiw0g4txcizvdsxd1ub1yb6mq2lh","openid":"ouN6_s2aOU7DNrYEJt3XlS50da1Q","out_trade_no":"126806760120151007110152","result_code":"SUCCESS","return_code":"SUCCESS","sign":"C287EE4B4FE7D5AAC98CA92A61B155E0","time_end":"20151007110223","total_fee":"4000","trade_type":"JSAPI","transaction_id":"1005440869201510071115410735"}
[2015-10-07 11:02:27][debug] query:{"appid":"wx161f19ac48b1f2f3","attach":"\u9a6c\u62c9\u677e\u62a5\u540d","bank_type":"CFT","cash_fee":"4000","fee_type":"CNY","is_subscribe":"Y","mch_id":"1268067601","nonce_str":"grlySY53myGypkmE","openid":"ouN6_s2aOU7DNrYEJt3XlS50da1Q","out_trade_no":"126806760120151007110152","result_code":"SUCCESS","return_code":"SUCCESS","return_msg":"OK","sign":"2BD9332438917D3E8E81EC2C5A144C11","time_end":"20151007110222","total_fee":"4000","trade_state":"SUCCESS","trade_type":"JSAPI","transaction_id":"1005440869201510071115410735"}
[2015-10-07 11:02:27][debug] call back test:订单查询成功
[2015-10-07 11:02:27][debug] call back test:未入库
[2015-10-07 11:02:27][debug] call back test sql:UPDATE pa_marathon SET ispay =1,transaction_id="1005440869201510071115410735",out_trade_no="126806760120151007110152" WHERE openid ="ouN6_s2aOU7DNrYEJt3XlS50da1Q"
[2015-10-07 11:02:27][debug] call back test:入库成功
[2015-10-07 11:02:37][debug] begin notify
[2015-10-07 11:02:37][debug] call back test:{"appid":"wx161f19ac48b1f2f3","attach":"\u9a6c\u62c9\u677e\u62a5\u540d","bank_type":"CFT","cash_fee":"4000","fee_type":"CNY","is_subscribe":"Y","mch_id":"1268067601","nonce_str":"tgopyiw0g4txcizvdsxd1ub1yb6mq2lh","openid":"ouN6_s2aOU7DNrYEJt3XlS50da1Q","out_trade_no":"126806760120151007110152","result_code":"SUCCESS","return_code":"SUCCESS","sign":"C287EE4B4FE7D5AAC98CA92A61B155E0","time_end":"20151007110223","total_fee":"4000","trade_type":"JSAPI","transaction_id":"1005440869201510071115410735"}
[2015-10-07 11:02:37][debug] query:{"appid":"wx161f19ac48b1f2f3","attach":"\u9a6c\u62c9\u677e\u62a5\u540d","bank_type":"CFT","cash_fee":"4000","fee_type":"CNY","is_subscribe":"Y","mch_id":"1268067601","nonce_str":"1e0he28YhnXcSAda","openid":"ouN6_s2aOU7DNrYEJt3XlS50da1Q","out_trade_no":"126806760120151007110152","result_code":"SUCCESS","return_code":"SUCCESS","return_msg":"OK","sign":"387F8B6CF0DC5284B6C030439317F20F","time_end":"20151007110222","total_fee":"4000","trade_state":"SUCCESS","trade_type":"JSAPI","transaction_id":"1005440869201510071115410735"}
[2015-10-07 11:02:37][debug] call back test:订单查询成功
[2015-10-07 11:02:37][debug] call back test:已入库
[2015-10-07 11:16:03][debug] begin notify
[2015-10-07 11:16:03][debug] call back test:{"appid":"wx161f19ac48b1f2f3","attach":"\u9a6c\u62c9\u677e\u62a5\u540d","bank_type":"CFT","cash_fee":"8000","fee_type":"CNY","is_subscribe":"Y","mch_id":"1268067601","nonce_str":"25vjyt9x9g01pm5991ujdgncacyse345","openid":"ouN6_s_oA7BzXiZPAAO3tUv0gnL8","out_trade_no":"126806760120151007111550","result_code":"SUCCESS","return_code":"SUCCESS","sign":"CB023E9695141F2B68C3314BB2EF9102","time_end":"20151007111603","total_fee":"8000","trade_type":"JSAPI","transaction_id":"1009420869201510071115599305"}
[2015-10-07 11:16:03][debug] query:{"appid":"wx161f19ac48b1f2f3","attach":"\u9a6c\u62c9\u677e\u62a5\u540d","bank_type":"CFT","cash_fee":"8000","fee_type":"CNY","is_subscribe":"Y","mch_id":"1268067601","nonce_str":"t5kMjeSs0cl9Uyr4","openid":"ouN6_s_oA7BzXiZPAAO3tUv0gnL8","out_trade_no":"126806760120151007111550","result_code":"SUCCESS","return_code":"SUCCESS","return_msg":"OK","sign":"D1D8E1F3E3D63221D33D52EE44DA4625","time_end":"20151007111602","total_fee":"8000","trade_state":"SUCCESS","trade_type":"JSAPI","transaction_id":"1009420869201510071115599305"}
[2015-10-07 11:16:03][debug] call back test:订单查询成功
[2015-10-07 11:16:03][debug] call back test:未入库
[2015-10-07 11:16:03][debug] call back test sql:UPDATE pa_marathon SET ispay =1,transaction_id="1009420869201510071115599305",out_trade_no="126806760120151007111550" WHERE openid ="ouN6_s_oA7BzXiZPAAO3tUv0gnL8"
[2015-10-07 11:16:03][debug] call back test:入库成功
[2015-10-07 11:26:25][debug] begin notify
[2015-10-07 11:26:25][debug] call back test:{"appid":"wx161f19ac48b1f2f3","attach":"\u9a6c\u62c9\u677e\u62a5\u540d","bank_type":"CFT","cash_fee":"6000","fee_type":"CNY","is_subscribe":"Y","mch_id":"1268067601","nonce_str":"zfygcz1hmguszw3loc2h237eb77c121j","openid":"ouN6_s1eokmf-rF5gCKlr6utupTk","out_trade_no":"126806760120151007112523","result_code":"SUCCESS","return_code":"SUCCESS","sign":"28BCD287351B26FD62C73B0509A616BE","time_end":"20151007112625","total_fee":"6000","trade_type":"JSAPI","transaction_id":"1000230869201510071115735939"}
[2015-10-07 11:26:26][debug] query:{"appid":"wx161f19ac48b1f2f3","attach":"\u9a6c\u62c9\u677e\u62a5\u540d","bank_type":"CFT","cash_fee":"6000","fee_type":"CNY","is_subscribe":"Y","mch_id":"1268067601","nonce_str":"yvItR2z5FyXhSwYj","openid":"ouN6_s1eokmf-rF5gCKlr6utupTk","out_trade_no":"126806760120151007112523","result_code":"SUCCESS","return_code":"SUCCESS","return_msg":"OK","sign":"E1A4D52552F045CA30C5730E45927B18","time_end":"20151007112624","total_fee":"6000","trade_state":"SUCCESS","trade_type":"JSAPI","transaction_id":"1000230869201510071115735939"}
[2015-10-07 11:26:26][debug] call back test:订单查询成功
[2015-10-07 11:26:26][debug] call back test:未入库
[2015-10-07 11:26:26][debug] call back test sql:UPDATE pa_marathon SET ispay =1,transaction_id="1000230869201510071115735939",out_trade_no="126806760120151007112523" WHERE openid ="ouN6_s1eokmf-rF5gCKlr6utupTk"
[2015-10-07 11:26:26][debug] call back test:入库成功
[2015-10-07 11:47:30][debug] begin notify
[2015-10-07 11:47:30][debug] call back test:{"appid":"wx161f19ac48b1f2f3","attach":"\u9a6c\u62c9\u677e\u62a5\u540d","bank_type":"CFT","cash_fee":"6000","fee_type":"CNY","is_subscribe":"Y","mch_id":"1268067601","nonce_str":"uhsdedykv5phft64cd1reljst38lcgv0","openid":"ouN6_s-vsjdQup9HTSR5bgHLOkdw","out_trade_no":"126806760120151007114703","result_code":"SUCCESS","return_code":"SUCCESS","sign":"EA10F90C76FF9B7BC09CEE367A46EFD2","time_end":"20151007114727","total_fee":"6000","trade_type":"JSAPI","transaction_id":"1009300869201510071116052885"}
[2015-10-07 11:47:30][debug] query:{"appid":"wx161f19ac48b1f2f3","attach":"\u9a6c\u62c9\u677e\u62a5\u540d","bank_type":"CFT","cash_fee":"6000","fee_type":"CNY","is_subscribe":"Y","mch_id":"1268067601","nonce_str":"rWFw6ErsF22Ofr1M","openid":"ouN6_s-vsjdQup9HTSR5bgHLOkdw","out_trade_no":"126806760120151007114703","result_code":"SUCCESS","return_code":"SUCCESS","return_msg":"OK","sign":"2E42C578DF404B4A4D3EB84634D14787","time_end":"20151007114727","total_fee":"6000","trade_state":"SUCCESS","trade_type":"JSAPI","transaction_id":"1009300869201510071116052885"}
[2015-10-07 11:47:30][debug] call back test:订单查询成功
[2015-10-07 11:47:30][debug] call back test:未入库
[2015-10-07 11:47:30][debug] call back test sql:UPDATE pa_marathon SET ispay =1,transaction_id="1009300869201510071116052885",out_trade_no="126806760120151007114703" WHERE openid ="ouN6_s-vsjdQup9HTSR5bgHLOkdw"
[2015-10-07 11:47:30][debug] call back test:入库成功
[2015-10-07 12:59:42][debug] begin notify
[2015-10-07 12:59:42][debug] call back test:{"appid":"wx161f19ac48b1f2f3","attach":"\u9a6c\u62c9\u677e\u62a5\u540d","bank_type":"CFT","cash_fee":"6000","fee_type":"CNY","is_subscribe":"Y","mch_id":"1268067601","nonce_str":"pgerno2p40akp4wr47m9363elb46rn8u","openid":"ouN6_s4aQ3yqw-Tu4wnDuVG7qai0","out_trade_no":"126806760120151007125706","result_code":"SUCCESS","return_code":"SUCCESS","sign":"578CFB09AA5951859356EEDC2EC42D49","time_end":"20151007125942","total_fee":"6000","trade_type":"JSAPI","transaction_id":"1000960869201510071117066910"}
[2015-10-07 12:59:58][debug] begin notify
[2015-10-07 12:59:58][debug] call back test:{"appid":"wx161f19ac48b1f2f3","attach":"\u9a6c\u62c9\u677e\u62a5\u540d","bank_type":"CFT","cash_fee":"6000","fee_type":"CNY","is_subscribe":"Y","mch_id":"1268067601","nonce_str":"pgerno2p40akp4wr47m9363elb46rn8u","openid":"ouN6_s4aQ3yqw-Tu4wnDuVG7qai0","out_trade_no":"126806760120151007125706","result_code":"SUCCESS","return_code":"SUCCESS","sign":"578CFB09AA5951859356EEDC2EC42D49","time_end":"20151007125942","total_fee":"6000","trade_type":"JSAPI","transaction_id":"1000960869201510071117066910"}
[2015-10-07 13:00:20][debug] begin notify
[2015-10-07 13:00:20][debug] call back test:{"appid":"wx161f19ac48b1f2f3","attach":"\u9a6c\u62c9\u677e\u62a5\u540d","bank_type":"CFT","cash_fee":"6000","fee_type":"CNY","is_subscribe":"Y","mch_id":"1268067601","nonce_str":"pgerno2p40akp4wr47m9363elb46rn8u","openid":"ouN6_s4aQ3yqw-Tu4wnDuVG7qai0","out_trade_no":"126806760120151007125706","result_code":"SUCCESS","return_code":"SUCCESS","sign":"578CFB09AA5951859356EEDC2EC42D49","time_end":"20151007125942","total_fee":"6000","trade_type":"JSAPI","transaction_id":"1000960869201510071117066910"}
[2015-10-07 13:00:25][debug] query:{"appid":"wx161f19ac48b1f2f3","attach":"\u9a6c\u62c9\u677e\u62a5\u540d","bank_type":"CFT","cash_fee":"6000","fee_type":"CNY","is_subscribe":"Y","mch_id":"1268067601","nonce_str":"7tXgYYC7srikuMRK","openid":"ouN6_s4aQ3yqw-Tu4wnDuVG7qai0","out_trade_no":"126806760120151007125706","result_code":"SUCCESS","return_code":"SUCCESS","return_msg":"OK","sign":"A9450F5DEDF3FB4E2675A46A84E15C6F","time_end":"20151007125941","total_fee":"6000","trade_state":"SUCCESS","trade_type":"JSAPI","transaction_id":"1000960869201510071117066910"}
[2015-10-07 13:00:25][debug] call back test:订单查询成功
[2015-10-07 13:00:25][debug] call back test:未入库
[2015-10-07 13:00:25][debug] call back test sql:UPDATE pa_marathon SET ispay =1,transaction_id="1000960869201510071117066910",out_trade_no="126806760120151007125706" WHERE openid ="ouN6_s4aQ3yqw-Tu4wnDuVG7qai0"
[2015-10-07 13:00:25][debug] call back test:入库成功
[2015-10-07 13:00:56][debug] begin notify
[2015-10-07 13:00:56][debug] call back test:{"appid":"wx161f19ac48b1f2f3","attach":"\u9a6c\u62c9\u677e\u62a5\u540d","bank_type":"CFT","cash_fee":"6000","fee_type":"CNY","is_subscribe":"Y","mch_id":"1268067601","nonce_str":"pgerno2p40akp4wr47m9363elb46rn8u","openid":"ouN6_s4aQ3yqw-Tu4wnDuVG7qai0","out_trade_no":"126806760120151007125706","result_code":"SUCCESS","return_code":"SUCCESS","sign":"578CFB09AA5951859356EEDC2EC42D49","time_end":"20151007125942","total_fee":"6000","trade_type":"JSAPI","transaction_id":"1000960869201510071117066910"}
[2015-10-07 13:00:56][debug] query:{"appid":"wx161f19ac48b1f2f3","attach":"\u9a6c\u62c9\u677e\u62a5\u540d","bank_type":"CFT","cash_fee":"6000","fee_type":"CNY","is_subscribe":"Y","mch_id":"1268067601","nonce_str":"XPgEb7YU8d5koisA","openid":"ouN6_s4aQ3yqw-Tu4wnDuVG7qai0","out_trade_no":"126806760120151007125706","result_code":"SUCCESS","return_code":"SUCCESS","return_msg":"OK","sign":"DBFE6FC3134B6F349EB0C8E952F5E7AD","time_end":"20151007125941","total_fee":"6000","trade_state":"SUCCESS","trade_type":"JSAPI","transaction_id":"1000960869201510071117066910"}
[2015-10-07 13:00:56][debug] call back test:订单查询成功
[2015-10-07 13:00:56][debug] call back test:已入库
[2015-10-07 13:53:10][debug] begin notify
[2015-10-07 13:53:10][debug] call back test:{"appid":"wx161f19ac48b1f2f3","attach":"\u9a6c\u62c9\u677e\u62a5\u540d","bank_type":"CFT","cash_fee":"4000","fee_type":"CNY","is_subscribe":"N","mch_id":"1268067601","nonce_str":"yv3ggoanedv423erqftm0ph94cbr90ip","openid":"ouN6_szEFCjKLwgU7Ymd3y1usBuE","out_trade_no":"126806760120151007135136","result_code":"SUCCESS","return_code":"SUCCESS","sign":"E401982D3A67333E543CC741ADDBAA06","time_end":"20151007135309","total_fee":"4000","trade_type":"JSAPI","transaction_id":"1000990869201510071117750032"}
[2015-10-07 13:53:10][debug] query:{"appid":"wx161f19ac48b1f2f3","attach":"\u9a6c\u62c9\u677e\u62a5\u540d","bank_type":"CFT","cash_fee":"4000","fee_type":"CNY","is_subscribe":"N","mch_id":"1268067601","nonce_str":"8N1wlOzUnAGu1bZj","openid":"ouN6_szEFCjKLwgU7Ymd3y1usBuE","out_trade_no":"126806760120151007135136","result_code":"SUCCESS","return_code":"SUCCESS","return_msg":"OK","sign":"F4C3DFD9929CFD56245E48B1238B4A95","time_end":"20151007135309","total_fee":"4000","trade_state":"SUCCESS","trade_type":"JSAPI","transaction_id":"1000990869201510071117750032"}
[2015-10-07 13:53:10][debug] call back test:订单查询成功
[2015-10-07 13:53:10][debug] call back test:未入库
[2015-10-07 13:53:10][debug] call back test sql:UPDATE pa_marathon SET ispay =1,transaction_id="1000990869201510071117750032",out_trade_no="126806760120151007135136" WHERE openid ="ouN6_szEFCjKLwgU7Ymd3y1usBuE"
[2015-10-07 13:53:10][debug] call back test:入库成功
[2015-10-07 13:59:24][debug] begin notify
[2015-10-07 13:59:24][debug] call back test:{"appid":"wx161f19ac48b1f2f3","attach":"\u9a6c\u62c9\u677e\u62a5\u540d","bank_type":"GDB_CREDIT","cash_fee":"4000","fee_type":"CNY","is_subscribe":"Y","mch_id":"1268067601","nonce_str":"kvzgti9zdi3dmqyyxxnozkvut6nb5wj5","openid":"ouN6_szEFCjKLwgU7Ymd3y1usBuE","out_trade_no":"126806760120151007135721","result_code":"SUCCESS","return_code":"SUCCESS","sign":"94B898FCEB7D4894041584AEC0178890","time_end":"20151007135924","total_fee":"4000","trade_type":"JSAPI","transaction_id":"1000990869201510071117788173"}
[2015-10-07 13:59:25][debug] query:{"appid":"wx161f19ac48b1f2f3","attach":"\u9a6c\u62c9\u677e\u62a5\u540d","bank_type":"GDB_CREDIT","cash_fee":"4000","fee_type":"CNY","is_subscribe":"Y","mch_id":"1268067601","nonce_str":"OuGYeGrrsbdqYlXK","openid":"ouN6_szEFCjKLwgU7Ymd3y1usBuE","out_trade_no":"126806760120151007135721","result_code":"SUCCESS","return_code":"SUCCESS","return_msg":"OK","sign":"79EBD16D9E1036DCF1FEF86A98B6D43A","time_end":"20151007135923","total_fee":"4000","trade_state":"SUCCESS","trade_type":"JSAPI","transaction_id":"1000990869201510071117788173"}
[2015-10-07 13:59:25][debug] call back test:订单查询成功
[2015-10-07 13:59:25][debug] call back test:未入库
[2015-10-07 13:59:25][debug] call back test sql:UPDATE pa_marathon SET ispay =1,transaction_id="1000990869201510071117788173",out_trade_no="126806760120151007135721" WHERE openid ="ouN6_szEFCjKLwgU7Ymd3y1usBuE"
[2015-10-07 13:59:25][debug] call back test:入库成功
[2015-10-07 14:04:54][debug] begin notify
[2015-10-07 14:04:54][debug] call back test:{"appid":"wx161f19ac48b1f2f3","attach":"\u9a6c\u62c9\u677e\u62a5\u540d","bank_type":"CFT","cash_fee":"6000","fee_type":"CNY","is_subscribe":"N","mch_id":"1268067601","nonce_str":"4byu0yp59z0cwe5p5dd5x93ybtw5q5e8","openid":"ouN6_s7IWjTxrI6mJlDkXjsk8V8k","out_trade_no":"126806760120151007140404","result_code":"SUCCESS","return_code":"SUCCESS","sign":"A46EFCF8E7CD5A50801B518A0D69506B","time_end":"20151007140454","total_fee":"6000","trade_type":"JSAPI","transaction_id":"1002990869201510071117887217"}
[2015-10-07 14:04:55][debug] query:{"appid":"wx161f19ac48b1f2f3","attach":"\u9a6c\u62c9\u677e\u62a5\u540d","bank_type":"CFT","cash_fee":"6000","fee_type":"CNY","is_subscribe":"N","mch_id":"1268067601","nonce_str":"ZFpiMd7aHgulLXEB","openid":"ouN6_s7IWjTxrI6mJlDkXjsk8V8k","out_trade_no":"126806760120151007140404","result_code":"SUCCESS","return_code":"SUCCESS","return_msg":"OK","sign":"286BBC9A4801F2E91FF4EC37B3D62184","time_end":"20151007140454","total_fee":"6000","trade_state":"SUCCESS","trade_type":"JSAPI","transaction_id":"1002990869201510071117887217"}
[2015-10-07 14:04:55][debug] call back test:订单查询成功
[2015-10-07 14:04:55][debug] call back test:未入库
[2015-10-07 14:04:55][debug] call back test sql:UPDATE pa_marathon SET ispay =1,transaction_id="1002990869201510071117887217",out_trade_no="126806760120151007140404" WHERE openid ="ouN6_s7IWjTxrI6mJlDkXjsk8V8k"
[2015-10-07 14:04:55][debug] call back test:入库成功
[2015-10-07 15:11:28][debug] begin notify
[2015-10-07 15:11:28][debug] call back test:{"appid":"wx161f19ac48b1f2f3","attach":"\u9a6c\u62c9\u677e\u62a5\u540d","bank_type":"ICBC_DEBIT","cash_fee":"6000","fee_type":"CNY","is_subscribe":"Y","mch_id":"1268067601","nonce_str":"ygxzzsvqo124qk4swrsez6cgrr92vhh2","openid":"ouN6_sza9P2Yu09cWRibDCAjxb9E","out_trade_no":"126806760120151007151103","result_code":"SUCCESS","return_code":"SUCCESS","sign":"D847A8F0AECD05E122ACED24D522EF5B","time_end":"20151007151127","total_fee":"6000","trade_type":"JSAPI","transaction_id":"1006750869201510071118587822"}
[2015-10-07 15:11:28][debug] query:{"appid":"wx161f19ac48b1f2f3","attach":"\u9a6c\u62c9\u677e\u62a5\u540d","bank_type":"ICBC_DEBIT","cash_fee":"6000","fee_type":"CNY","is_subscribe":"Y","mch_id":"1268067601","nonce_str":"q61mb7pDrZi22KGK","openid":"ouN6_sza9P2Yu09cWRibDCAjxb9E","out_trade_no":"126806760120151007151103","result_code":"SUCCESS","return_code":"SUCCESS","return_msg":"OK","sign":"2CDDE3B3BFD269DF292B11C58BA677D1","time_end":"20151007151127","total_fee":"6000","trade_state":"SUCCESS","trade_type":"JSAPI","transaction_id":"1006750869201510071118587822"}
[2015-10-07 15:11:28][debug] call back test:订单查询成功
[2015-10-07 15:11:28][debug] call back test:未入库
[2015-10-07 15:11:28][debug] call back test sql:UPDATE pa_marathon SET ispay =1,transaction_id="1006750869201510071118587822",out_trade_no="126806760120151007151103" WHERE openid ="ouN6_sza9P2Yu09cWRibDCAjxb9E"
[2015-10-07 15:11:28][debug] call back test:入库成功
[2015-10-07 16:02:06][debug] begin notify
[2015-10-07 16:02:06][debug] call back test:{"appid":"wx161f19ac48b1f2f3","attach":"\u9a6c\u62c9\u677e\u62a5\u540d","bank_type":"CMB_CREDIT","cash_fee":"6000","fee_type":"CNY","is_subscribe":"Y","mch_id":"1268067601","nonce_str":"gsxyea7qgc138qung11n20wewfxzov0l","openid":"ouN6_s4d7rrFDMit-VP9AzOza9Ws","out_trade_no":"126806760120151007160006","result_code":"SUCCESS","return_code":"SUCCESS","sign":"F21871386F749FB3026E71A876B6B242","time_end":"20151007160205","total_fee":"6000","trade_type":"JSAPI","transaction_id":"1006490869201510071119096095"}
[2015-10-07 16:02:06][debug] query:{"appid":"wx161f19ac48b1f2f3","attach":"\u9a6c\u62c9\u677e\u62a5\u540d","bank_type":"CMB_CREDIT","cash_fee":"6000","fee_type":"CNY","is_subscribe":"Y","mch_id":"1268067601","nonce_str":"GAXtvXAntgcIGJ9M","openid":"ouN6_s4d7rrFDMit-VP9AzOza9Ws","out_trade_no":"126806760120151007160006","result_code":"SUCCESS","return_code":"SUCCESS","return_msg":"OK","sign":"06815B25487D1672758A4E91F63475D4","time_end":"20151007160205","total_fee":"6000","trade_state":"SUCCESS","trade_type":"JSAPI","transaction_id":"1006490869201510071119096095"}
[2015-10-07 16:02:06][debug] call back test:订单查询成功
[2015-10-07 16:02:06][debug] call back test:未入库
[2015-10-07 16:02:06][debug] call back test sql:UPDATE pa_marathon SET ispay =1,transaction_id="1006490869201510071119096095",out_trade_no="126806760120151007160006" WHERE openid ="ouN6_s4d7rrFDMit-VP9AzOza9Ws"
[2015-10-07 16:02:06][debug] call back test:入库成功
[2015-10-07 16:10:00][debug] begin notify
[2015-10-07 16:10:00][debug] call back test:{"appid":"wx161f19ac48b1f2f3","attach":"\u9a6c\u62c9\u677e\u62a5\u540d","bank_type":"CFT","cash_fee":"6000","fee_type":"CNY","is_subscribe":"N","mch_id":"1268067601","nonce_str":"vcutic9igtghq7y7lrlffihzjj0optw8","openid":"ouN6_s4FzKBbFFDnV7nqJRHZd5Gs","out_trade_no":"126806760120151007160440","result_code":"SUCCESS","return_code":"SUCCESS","sign":"41649346EE9F62AE278966EAAAEA6FE4","time_end":"20151007160959","total_fee":"6000","trade_type":"JSAPI","transaction_id":"1005020869201510071119187609"}
[2015-10-07 16:10:03][debug] query:{"appid":"wx161f19ac48b1f2f3","attach":"\u9a6c\u62c9\u677e\u62a5\u540d","bank_type":"CFT","cash_fee":"6000","fee_type":"CNY","is_subscribe":"N","mch_id":"1268067601","nonce_str":"GgfrBsBmqAD1jwlr","openid":"ouN6_s4FzKBbFFDnV7nqJRHZd5Gs","out_trade_no":"126806760120151007160440","result_code":"SUCCESS","return_code":"SUCCESS","return_msg":"OK","sign":"751B341DC6272BE48D88D1285054230A","time_end":"20151007160959","total_fee":"6000","trade_state":"SUCCESS","trade_type":"JSAPI","transaction_id":"1005020869201510071119187609"}
[2015-10-07 16:10:03][debug] call back test:订单查询成功
[2015-10-07 16:10:03][debug] call back test:未入库
[2015-10-07 16:10:03][debug] call back test sql:UPDATE pa_marathon SET ispay =1,transaction_id="1005020869201510071119187609",out_trade_no="126806760120151007160440" WHERE openid ="ouN6_s4FzKBbFFDnV7nqJRHZd5Gs"
[2015-10-07 16:10:03][debug] call back test:入库成功
[2015-10-07 16:10:17][debug] begin notify
[2015-10-07 16:10:17][debug] call back test:{"appid":"wx161f19ac48b1f2f3","attach":"\u9a6c\u62c9\u677e\u62a5\u540d","bank_type":"CFT","cash_fee":"6000","fee_type":"CNY","is_subscribe":"N","mch_id":"1268067601","nonce_str":"vcutic9igtghq7y7lrlffihzjj0optw8","openid":"ouN6_s4FzKBbFFDnV7nqJRHZd5Gs","out_trade_no":"126806760120151007160440","result_code":"SUCCESS","return_code":"SUCCESS","sign":"41649346EE9F62AE278966EAAAEA6FE4","time_end":"20151007160959","total_fee":"6000","trade_type":"JSAPI","transaction_id":"1005020869201510071119187609"}
[2015-10-07 16:10:17][debug] query:{"appid":"wx161f19ac48b1f2f3","attach":"\u9a6c\u62c9\u677e\u62a5\u540d","bank_type":"CFT","cash_fee":"6000","fee_type":"CNY","is_subscribe":"Y","mch_id":"1268067601","nonce_str":"g9ZNZUFYPmLkDVgT","openid":"ouN6_s4FzKBbFFDnV7nqJRHZd5Gs","out_trade_no":"126806760120151007160440","result_code":"SUCCESS","return_code":"SUCCESS","return_msg":"OK","sign":"9532054AED8E2ED7DB01DFAAB177CDED","time_end":"20151007160959","total_fee":"6000","trade_state":"SUCCESS","trade_type":"JSAPI","transaction_id":"1005020869201510071119187609"}
[2015-10-07 16:10:17][debug] call back test:订单查询成功
[2015-10-07 16:10:17][debug] call back test:已入库
[2015-10-07 16:34:04][debug] begin notify
[2015-10-07 16:34:04][debug] call back test:{"appid":"wx161f19ac48b1f2f3","attach":"\u9a6c\u62c9\u677e\u62a5\u540d","bank_type":"CFT","cash_fee":"4000","fee_type":"CNY","is_subscribe":"Y","mch_id":"1268067601","nonce_str":"ttt4npb50c5nzw93vrbsozocr8az0sgu","openid":"ouN6_s5QwcUo9Vwg8LPwmaBngAqs","out_trade_no":"126806760120151007163347","result_code":"SUCCESS","return_code":"SUCCESS","sign":"FDF2AB4E17BFB29FDD9DF40F99D6E2DC","time_end":"20151007163403","total_fee":"4000","trade_type":"JSAPI","transaction_id":"1004840869201510071119411591"}
[2015-10-07 16:34:04][debug] query:{"appid":"wx161f19ac48b1f2f3","attach":"\u9a6c\u62c9\u677e\u62a5\u540d","bank_type":"CFT","cash_fee":"4000","fee_type":"CNY","is_subscribe":"Y","mch_id":"1268067601","nonce_str":"c2qD3ldtQMAvDUcs","openid":"ouN6_s5QwcUo9Vwg8LPwmaBngAqs","out_trade_no":"126806760120151007163347","result_code":"SUCCESS","return_code":"SUCCESS","return_msg":"OK","sign":"CCDEDEC95DDA54ACD23EB9B2344CE712","time_end":"20151007163403","total_fee":"4000","trade_state":"SUCCESS","trade_type":"JSAPI","transaction_id":"1004840869201510071119411591"}
[2015-10-07 16:34:04][debug] call back test:订单查询成功
[2015-10-07 16:34:04][debug] call back test:未入库
[2015-10-07 16:34:04][debug] call back test sql:UPDATE pa_marathon SET ispay =1,transaction_id="1004840869201510071119411591",out_trade_no="126806760120151007163347" WHERE openid ="ouN6_s5QwcUo9Vwg8LPwmaBngAqs"
[2015-10-07 16:34:04][debug] call back test:入库成功
[2015-10-07 16:36:17][debug] begin notify
[2015-10-07 16:36:17][debug] call back test:{"appid":"wx161f19ac48b1f2f3","attach":"\u9a6c\u62c9\u677e\u62a5\u540d","bank_type":"CFT","cash_fee":"6000","fee_type":"CNY","is_subscribe":"Y","mch_id":"1268067601","nonce_str":"963go9imrqq3i5yuxe6wv9wr67p4g5q2","openid":"ouN6_s60kztD3U9vv9NMdE2y-m6I","out_trade_no":"126806760120151007163450","result_code":"SUCCESS","return_code":"SUCCESS","sign":"81E6E2A28FDED14E78D75C1FFEEB0F88","time_end":"20151007163617","total_fee":"6000","trade_type":"JSAPI","transaction_id":"1001590869201510071119454715"}
[2015-10-07 16:36:35][debug] begin notify
[2015-10-07 16:36:35][debug] call back test:{"appid":"wx161f19ac48b1f2f3","attach":"\u9a6c\u62c9\u677e\u62a5\u540d","bank_type":"CFT","cash_fee":"6000","fee_type":"CNY","is_subscribe":"Y","mch_id":"1268067601","nonce_str":"963go9imrqq3i5yuxe6wv9wr67p4g5q2","openid":"ouN6_s60kztD3U9vv9NMdE2y-m6I","out_trade_no":"126806760120151007163450","result_code":"SUCCESS","return_code":"SUCCESS","sign":"81E6E2A28FDED14E78D75C1FFEEB0F88","time_end":"20151007163617","total_fee":"6000","trade_type":"JSAPI","transaction_id":"1001590869201510071119454715"}
[2015-10-07 16:36:55][debug] begin notify
[2015-10-07 16:36:55][debug] call back test:{"appid":"wx161f19ac48b1f2f3","attach":"\u9a6c\u62c9\u677e\u62a5\u540d","bank_type":"CFT","cash_fee":"6000","fee_type":"CNY","is_subscribe":"Y","mch_id":"1268067601","nonce_str":"963go9imrqq3i5yuxe6wv9wr67p4g5q2","openid":"ouN6_s60kztD3U9vv9NMdE2y-m6I","out_trade_no":"126806760120151007163450","result_code":"SUCCESS","return_code":"SUCCESS","sign":"81E6E2A28FDED14E78D75C1FFEEB0F88","time_end":"20151007163617","total_fee":"6000","trade_type":"JSAPI","transaction_id":"1001590869201510071119454715"}
[2015-10-07 16:37:01][debug] query:{"appid":"wx161f19ac48b1f2f3","attach":"\u9a6c\u62c9\u677e\u62a5\u540d","bank_type":"CFT","cash_fee":"6000","fee_type":"CNY","is_subscribe":"Y","mch_id":"1268067601","nonce_str":"woaechN1W11TpqPu","openid":"ouN6_s60kztD3U9vv9NMdE2y-m6I","out_trade_no":"126806760120151007163450","result_code":"SUCCESS","return_code":"SUCCESS","return_msg":"OK","sign":"0B7BCB4668B580FC0BA3B2C18BE9B36D","time_end":"20151007163616","total_fee":"6000","trade_state":"SUCCESS","trade_type":"JSAPI","transaction_id":"1001590869201510071119454715"}
[2015-10-07 16:37:01][debug] call back test:订单查询成功
[2015-10-07 16:37:01][debug] call back test:未入库
[2015-10-07 16:37:01][debug] call back test sql:UPDATE pa_marathon SET ispay =1,transaction_id="1001590869201510071119454715",out_trade_no="126806760120151007163450" WHERE openid ="ouN6_s60kztD3U9vv9NMdE2y-m6I"
[2015-10-07 16:37:01][debug] call back test:入库成功
[2015-10-07 16:37:30][debug] begin notify
[2015-10-07 16:37:30][debug] call back test:{"appid":"wx161f19ac48b1f2f3","attach":"\u9a6c\u62c9\u677e\u62a5\u540d","bank_type":"CFT","cash_fee":"6000","fee_type":"CNY","is_subscribe":"Y","mch_id":"1268067601","nonce_str":"963go9imrqq3i5yuxe6wv9wr67p4g5q2","openid":"ouN6_s60kztD3U9vv9NMdE2y-m6I","out_trade_no":"126806760120151007163450","result_code":"SUCCESS","return_code":"SUCCESS","sign":"81E6E2A28FDED14E78D75C1FFEEB0F88","time_end":"20151007163617","total_fee":"6000","trade_type":"JSAPI","transaction_id":"1001590869201510071119454715"}
[2015-10-07 16:37:31][debug] query:{"appid":"wx161f19ac48b1f2f3","attach":"\u9a6c\u62c9\u677e\u62a5\u540d","bank_type":"CFT","cash_fee":"6000","fee_type":"CNY","is_subscribe":"Y","mch_id":"1268067601","nonce_str":"OCcfjJCZuNwlDGp3","openid":"ouN6_s60kztD3U9vv9NMdE2y-m6I","out_trade_no":"126806760120151007163450","result_code":"SUCCESS","return_code":"SUCCESS","return_msg":"OK","sign":"D8BEC3323DAB77548D50FECEED265012","time_end":"20151007163616","total_fee":"6000","trade_state":"SUCCESS","trade_type":"JSAPI","transaction_id":"1001590869201510071119454715"}
[2015-10-07 16:37:31][debug] call back test:订单查询成功
[2015-10-07 16:37:31][debug] call back test:已入库
[2015-10-07 16:59:10][debug] begin notify
[2015-10-07 16:59:10][debug] call back test:{"appid":"wx161f19ac48b1f2f3","attach":"\u9a6c\u62c9\u677e\u62a5\u540d","bank_type":"CFT","cash_fee":"4000","fee_type":"CNY","is_subscribe":"Y","mch_id":"1268067601","nonce_str":"rhu0u6ljd1jaa1ygd0whc0cr265jo5rs","openid":"ouN6_sxueyr-d_VX9CyjxD-PftsY","out_trade_no":"126806760120151007165836","result_code":"SUCCESS","return_code":"SUCCESS","sign":"C2FAA83CB92662593D6AFAD89E642EB2","time_end":"20151007165909","total_fee":"4000","trade_type":"JSAPI","transaction_id":"1002500869201510071119708106"}
[2015-10-07 16:59:10][debug] query:{"appid":"wx161f19ac48b1f2f3","attach":"\u9a6c\u62c9\u677e\u62a5\u540d","bank_type":"CFT","cash_fee":"4000","fee_type":"CNY","is_subscribe":"Y","mch_id":"1268067601","nonce_str":"gJFem4OgZWQMBLex","openid":"ouN6_sxueyr-d_VX9CyjxD-PftsY","out_trade_no":"126806760120151007165836","result_code":"SUCCESS","return_code":"SUCCESS","return_msg":"OK","sign":"35DA468EEFC87EE8C85D0605E52817CF","time_end":"20151007165908","total_fee":"4000","trade_state":"SUCCESS","trade_type":"JSAPI","transaction_id":"1002500869201510071119708106"}
[2015-10-07 16:59:11][debug] call back test:订单查询成功
[2015-10-07 16:59:11][debug] call back test:未入库
[2015-10-07 16:59:11][debug] call back test sql:UPDATE pa_marathon SET ispay =1,transaction_id="1002500869201510071119708106",out_trade_no="126806760120151007165836" WHERE openid ="ouN6_sxueyr-d_VX9CyjxD-PftsY"
[2015-10-07 16:59:11][debug] call back test:入库成功
[2015-10-07 17:34:57][debug] begin notify
[2015-10-07 17:34:57][debug] call back test:{"appid":"wx161f19ac48b1f2f3","attach":"\u9a6c\u62c9\u677e\u62a5\u540d","bank_type":"CFT","cash_fee":"6000","fee_type":"CNY","is_subscribe":"Y","mch_id":"1268067601","nonce_str":"k1xmdlvw8nuhb08w4tokf3a92dt1oqhg","openid":"ouN6_s0AumxjxxczVpEH2U2gVu90","out_trade_no":"126806760120151007173132","result_code":"SUCCESS","return_code":"SUCCESS","sign":"9E4695823CFBC725BCE986B09B822350","time_end":"20151007173456","total_fee":"6000","trade_type":"JSAPI","transaction_id":"1009710869201510071120152500"}
[2015-10-07 17:35:01][debug] query:{"appid":"wx161f19ac48b1f2f3","attach":"\u9a6c\u62c9\u677e\u62a5\u540d","bank_type":"CFT","cash_fee":"6000","fee_type":"CNY","is_subscribe":"Y","mch_id":"1268067601","nonce_str":"Df532slfGjGQgXUK","openid":"ouN6_s0AumxjxxczVpEH2U2gVu90","out_trade_no":"126806760120151007173132","result_code":"SUCCESS","return_code":"SUCCESS","return_msg":"OK","sign":"718F9F26D83A778BE26A50689A5683E0","time_end":"20151007173456","total_fee":"6000","trade_state":"SUCCESS","trade_type":"JSAPI","transaction_id":"1009710869201510071120152500"}
[2015-10-07 17:35:01][debug] call back test:订单查询成功
[2015-10-07 17:35:01][debug] call back test:未入库
[2015-10-07 17:35:01][debug] call back test sql:UPDATE pa_marathon SET ispay =1,transaction_id="1009710869201510071120152500",out_trade_no="126806760120151007173132" WHERE openid ="ouN6_s0AumxjxxczVpEH2U2gVu90"
[2015-10-07 17:35:01][debug] call back test:入库成功
[2015-10-07 17:35:11][debug] begin notify
[2015-10-07 17:35:11][debug] call back test:{"appid":"wx161f19ac48b1f2f3","attach":"\u9a6c\u62c9\u677e\u62a5\u540d","bank_type":"CFT","cash_fee":"6000","fee_type":"CNY","is_subscribe":"Y","mch_id":"1268067601","nonce_str":"k1xmdlvw8nuhb08w4tokf3a92dt1oqhg","openid":"ouN6_s0AumxjxxczVpEH2U2gVu90","out_trade_no":"126806760120151007173132","result_code":"SUCCESS","return_code":"SUCCESS","sign":"9E4695823CFBC725BCE986B09B822350","time_end":"20151007173456","total_fee":"6000","trade_type":"JSAPI","transaction_id":"1009710869201510071120152500"}
[2015-10-07 17:35:11][debug] query:{"appid":"wx161f19ac48b1f2f3","attach":"\u9a6c\u62c9\u677e\u62a5\u540d","bank_type":"CFT","cash_fee":"6000","fee_type":"CNY","is_subscribe":"Y","mch_id":"1268067601","nonce_str":"4gpmfYPq2k0Vbbo7","openid":"ouN6_s0AumxjxxczVpEH2U2gVu90","out_trade_no":"126806760120151007173132","result_code":"SUCCESS","return_code":"SUCCESS","return_msg":"OK","sign":"FE1F6C2734A27EA5DFB9A8F44B94F642","time_end":"20151007173456","total_fee":"6000","trade_state":"SUCCESS","trade_type":"JSAPI","transaction_id":"1009710869201510071120152500"}
[2015-10-07 17:35:11][debug] call back test:订单查询成功
[2015-10-07 17:35:11][debug] call back test:已入库
[2015-10-07 17:58:32][debug] begin notify
[2015-10-07 17:58:32][debug] call back test:{"appid":"wx161f19ac48b1f2f3","attach":"\u9a6c\u62c9\u677e\u62a5\u540d","bank_type":"BOC_CREDIT","cash_fee":"6000","fee_type":"CNY","is_subscribe":"Y","mch_id":"1268067601","nonce_str":"a69m8hy9lvjeqaki5puvn361dbpvb2hk","openid":"ouN6_s9CfuBblNX3D6yffTVKg5FE","out_trade_no":"126806760120151007175753","result_code":"SUCCESS","return_code":"SUCCESS","sign":"C0338C17FD70EF3D6C6FD3507F9D6478","time_end":"20151007175832","total_fee":"6000","trade_type":"JSAPI","transaction_id":"1008880869201510071120456874"}
[2015-10-07 17:58:33][debug] query:{"appid":"wx161f19ac48b1f2f3","attach":"\u9a6c\u62c9\u677e\u62a5\u540d","bank_type":"BOC_CREDIT","cash_fee":"6000","fee_type":"CNY","is_subscribe":"Y","mch_id":"1268067601","nonce_str":"xyLE8sYVIFhDaBiO","openid":"ouN6_s9CfuBblNX3D6yffTVKg5FE","out_trade_no":"126806760120151007175753","result_code":"SUCCESS","return_code":"SUCCESS","return_msg":"OK","sign":"2B8CD0EA1C96A3F44AAADF1145330483","time_end":"20151007175831","total_fee":"6000","trade_state":"SUCCESS","trade_type":"JSAPI","transaction_id":"1008880869201510071120456874"}
[2015-10-07 17:58:33][debug] call back test:订单查询成功
[2015-10-07 17:58:33][debug] call back test:未入库
[2015-10-07 17:58:33][debug] call back test sql:UPDATE pa_marathon SET ispay =1,transaction_id="1008880869201510071120456874",out_trade_no="126806760120151007175753" WHERE openid ="ouN6_s9CfuBblNX3D6yffTVKg5FE"
[2015-10-07 17:58:33][debug] call back test:入库成功
[2015-10-07 18:50:23][debug] begin notify
[2015-10-07 18:50:23][debug] call back test:{"appid":"wx161f19ac48b1f2f3","attach":"\u9a6c\u62c9\u677e\u62a5\u540d","bank_type":"BOC_DEBIT","cash_fee":"4000","fee_type":"CNY","is_subscribe":"Y","mch_id":"1268067601","nonce_str":"0zyst8nrolmfgqjts7pfa2461m29jlg4","openid":"ouN6_s5dwoUQbHY3rxBWlZwyZIsw","out_trade_no":"126806760120151007185002","result_code":"SUCCESS","return_code":"SUCCESS","sign":"A89348489119DEDDB3D2C61F43666C8F","time_end":"20151007185023","total_fee":"4000","trade_type":"JSAPI","transaction_id":"1003250869201510071121093946"}
[2015-10-07 18:50:24][debug] query:{"appid":"wx161f19ac48b1f2f3","attach":"\u9a6c\u62c9\u677e\u62a5\u540d","bank_type":"BOC_DEBIT","cash_fee":"4000","fee_type":"CNY","is_subscribe":"Y","mch_id":"1268067601","nonce_str":"6wTjLIB8dIhTuqV8","openid":"ouN6_s5dwoUQbHY3rxBWlZwyZIsw","out_trade_no":"126806760120151007185002","result_code":"SUCCESS","return_code":"SUCCESS","return_msg":"OK","sign":"93E49ADAA48314BA6B13B4B059A97EC4","time_end":"20151007185022","total_fee":"4000","trade_state":"SUCCESS","trade_type":"JSAPI","transaction_id":"1003250869201510071121093946"}
[2015-10-07 18:50:24][debug] call back test:订单查询成功
[2015-10-07 18:50:24][debug] call back test:未入库
[2015-10-07 18:50:24][debug] call back test sql:UPDATE pa_marathon SET ispay =1,transaction_id="1003250869201510071121093946",out_trade_no="126806760120151007185002" WHERE openid ="ouN6_s5dwoUQbHY3rxBWlZwyZIsw"
[2015-10-07 18:50:24][debug] call back test:入库成功
[2015-10-07 20:37:58][debug] begin notify
[2015-10-07 20:37:58][debug] call back test:{"appid":"wx161f19ac48b1f2f3","attach":"\u9a6c\u62c9\u677e\u62a5\u540d","bank_type":"CFT","cash_fee":"6000","fee_type":"CNY","is_subscribe":"Y","mch_id":"1268067601","nonce_str":"8z6o5842mtier5tsvb3kco8mir5ph0y0","openid":"ouN6_s9DU5-K_WZrkMEdt6x02BKQ","out_trade_no":"126806760120151007203638","result_code":"SUCCESS","return_code":"SUCCESS","sign":"F923BA1932D8E071EFCCBB2809538706","time_end":"20151007203758","total_fee":"6000","trade_type":"JSAPI","transaction_id":"1007370869201510071122271959"}
[2015-10-07 20:37:58][debug] query:{"appid":"wx161f19ac48b1f2f3","attach":"\u9a6c\u62c9\u677e\u62a5\u540d","bank_type":"CFT","cash_fee":"6000","fee_type":"CNY","is_subscribe":"Y","mch_id":"1268067601","nonce_str":"spaeyxnxHR0YM35r","openid":"ouN6_s9DU5-K_WZrkMEdt6x02BKQ","out_trade_no":"126806760120151007203638","result_code":"SUCCESS","return_code":"SUCCESS","return_msg":"OK","sign":"806174DA2A2EE69394147454FB5C4E9D","time_end":"20151007203757","total_fee":"6000","trade_state":"SUCCESS","trade_type":"JSAPI","transaction_id":"1007370869201510071122271959"}
[2015-10-07 20:37:58][debug] call back test:订单查询成功
[2015-10-07 20:37:58][debug] call back test:未入库
[2015-10-07 20:37:58][debug] call back test sql:UPDATE pa_marathon SET ispay =1,transaction_id="1007370869201510071122271959",out_trade_no="126806760120151007203638" WHERE openid ="ouN6_s9DU5-K_WZrkMEdt6x02BKQ"
[2015-10-07 20:37:58][debug] call back test:入库成功
[2015-10-07 20:56:23][debug] begin notify
[2015-10-07 20:56:23][debug] call back test:{"appid":"wx161f19ac48b1f2f3","attach":"\u9a6c\u62c9\u677e\u62a5\u540d","bank_type":"CFT","cash_fee":"8000","fee_type":"CNY","is_subscribe":"Y","mch_id":"1268067601","nonce_str":"tqktixyn143xrughnqrlror4fagvpi1x","openid":"ouN6_szE7fbg0y1-_Fdcfv9VkCPw","out_trade_no":"126806760120151007205451","result_code":"SUCCESS","return_code":"SUCCESS","sign":"D60D91DBFB9F861E686334481F5F3C9F","time_end":"20151007205623","total_fee":"8000","trade_type":"JSAPI","transaction_id":"1009410869201510071122450573"}
[2015-10-07 20:56:23][debug] query:{"appid":"wx161f19ac48b1f2f3","attach":"\u9a6c\u62c9\u677e\u62a5\u540d","bank_type":"CFT","cash_fee":"8000","fee_type":"CNY","is_subscribe":"Y","mch_id":"1268067601","nonce_str":"xK8s1JEnJdbj7fCa","openid":"ouN6_szE7fbg0y1-_Fdcfv9VkCPw","out_trade_no":"126806760120151007205451","result_code":"SUCCESS","return_code":"SUCCESS","return_msg":"OK","sign":"8E4654858DABA7FAB5D9AF7B86228147","time_end":"20151007205622","total_fee":"8000","trade_state":"SUCCESS","trade_type":"JSAPI","transaction_id":"1009410869201510071122450573"}
[2015-10-07 20:56:23][debug] call back test:订单查询成功
[2015-10-07 20:56:23][debug] call back test:未入库
[2015-10-07 20:56:23][debug] call back test sql:UPDATE pa_marathon SET ispay =1,transaction_id="1009410869201510071122450573",out_trade_no="126806760120151007205451" WHERE openid ="ouN6_szE7fbg0y1-_Fdcfv9VkCPw"
[2015-10-07 20:56:23][debug] call back test:入库成功
[2015-10-07 21:10:08][debug] begin notify
[2015-10-07 21:10:08][debug] call back test:{"appid":"wx161f19ac48b1f2f3","attach":"\u9a6c\u62c9\u677e\u62a5\u540d","bank_type":"CFT","cash_fee":"6000","fee_type":"CNY","is_subscribe":"Y","mch_id":"1268067601","nonce_str":"hyzrltyblzsarvpr53zwpz1xbpmmyrfu","openid":"ouN6_sy6Yl5o1_melhA0uKWeKPxw","out_trade_no":"126806760120151007210835","result_code":"SUCCESS","return_code":"SUCCESS","sign":"08C612B62D6D87BF96B310676DAF7052","time_end":"20151007211007","total_fee":"6000","trade_type":"JSAPI","transaction_id":"1002610869201510071122581323"}
[2015-10-07 21:10:08][debug] query:{"appid":"wx161f19ac48b1f2f3","attach":"\u9a6c\u62c9\u677e\u62a5\u540d","bank_type":"CFT","cash_fee":"6000","fee_type":"CNY","is_subscribe":"Y","mch_id":"1268067601","nonce_str":"I7t4IUVvB40XZKW8","openid":"ouN6_sy6Yl5o1_melhA0uKWeKPxw","out_trade_no":"126806760120151007210835","result_code":"SUCCESS","return_code":"SUCCESS","return_msg":"OK","sign":"FD73FA017816BBD049227138F3905F56","time_end":"20151007211007","total_fee":"6000","trade_state":"SUCCESS","trade_type":"JSAPI","transaction_id":"1002610869201510071122581323"}
[2015-10-07 21:10:08][debug] call back test:订单查询成功
[2015-10-07 21:10:08][debug] call back test:未入库
[2015-10-07 21:10:08][debug] call back test sql:UPDATE pa_marathon SET ispay =1,transaction_id="1002610869201510071122581323",out_trade_no="126806760120151007210835" WHERE openid ="ouN6_sy6Yl5o1_melhA0uKWeKPxw"
[2015-10-07 21:10:08][debug] call back test:入库成功
[2015-10-07 21:17:22][debug] begin notify
[2015-10-07 21:17:22][debug] call back test:{"appid":"wx161f19ac48b1f2f3","attach":"\u9a6c\u62c9\u677e\u62a5\u540d","bank_type":"CCB_CREDIT","cash_fee":"4000","fee_type":"CNY","is_subscribe":"Y","mch_id":"1268067601","nonce_str":"p8h4lunuvtrsswmlwh77jlyj2jp1imxe","openid":"ouN6_s4yV2U2bLo5uyrZHheX5kvs","out_trade_no":"126806760120151007211520","result_code":"SUCCESS","return_code":"SUCCESS","sign":"9E5D39E3681A576FFF0324433AA620EA","time_end":"20151007211721","total_fee":"4000","trade_type":"JSAPI","transaction_id":"1005010869201510071122662601"}
[2015-10-07 21:17:28][debug] query:{"appid":"wx161f19ac48b1f2f3","attach":"\u9a6c\u62c9\u677e\u62a5\u540d","bank_type":"CCB_CREDIT","cash_fee":"4000","fee_type":"CNY","is_subscribe":"Y","mch_id":"1268067601","nonce_str":"GB8vfSCe1s3h94Gi","openid":"ouN6_s4yV2U2bLo5uyrZHheX5kvs","out_trade_no":"126806760120151007211520","result_code":"SUCCESS","return_code":"SUCCESS","return_msg":"OK","sign":"2BC4E6211F7C7585D3C50E501085A059","time_end":"20151007211720","total_fee":"4000","trade_state":"SUCCESS","trade_type":"JSAPI","transaction_id":"1005010869201510071122662601"}
[2015-10-07 21:17:28][debug] call back test:订单查询成功
[2015-10-07 21:17:28][debug] call back test:未入库
[2015-10-07 21:17:28][debug] call back test sql:UPDATE pa_marathon SET ispay =1,transaction_id="1005010869201510071122662601",out_trade_no="126806760120151007211520" WHERE openid ="ouN6_s4yV2U2bLo5uyrZHheX5kvs"
[2015-10-07 21:17:28][debug] call back test:入库成功
[2015-10-07 21:17:37][debug] begin notify
[2015-10-07 21:17:37][debug] call back test:{"appid":"wx161f19ac48b1f2f3","attach":"\u9a6c\u62c9\u677e\u62a5\u540d","bank_type":"CCB_CREDIT","cash_fee":"4000","fee_type":"CNY","is_subscribe":"Y","mch_id":"1268067601","nonce_str":"p8h4lunuvtrsswmlwh77jlyj2jp1imxe","openid":"ouN6_s4yV2U2bLo5uyrZHheX5kvs","out_trade_no":"126806760120151007211520","result_code":"SUCCESS","return_code":"SUCCESS","sign":"9E5D39E3681A576FFF0324433AA620EA","time_end":"20151007211721","total_fee":"4000","trade_type":"JSAPI","transaction_id":"1005010869201510071122662601"}
[2015-10-07 21:17:38][debug] query:{"appid":"wx161f19ac48b1f2f3","attach":"\u9a6c\u62c9\u677e\u62a5\u540d","bank_type":"CCB_CREDIT","cash_fee":"4000","fee_type":"CNY","is_subscribe":"Y","mch_id":"1268067601","nonce_str":"bAT8r7wT86DQcKZ8","openid":"ouN6_s4yV2U2bLo5uyrZHheX5kvs","out_trade_no":"126806760120151007211520","result_code":"SUCCESS","return_code":"SUCCESS","return_msg":"OK","sign":"6B443ADB228F6375B6460A8AF08CAE46","time_end":"20151007211720","total_fee":"4000","trade_state":"SUCCESS","trade_type":"JSAPI","transaction_id":"1005010869201510071122662601"}
[2015-10-07 21:17:38][debug] call back test:订单查询成功
[2015-10-07 21:17:38][debug] call back test:已入库
[2015-10-07 21:17:38][debug] begin notify
[2015-10-07 21:17:38][debug] call back test:{"appid":"wx161f19ac48b1f2f3","attach":"\u9a6c\u62c9\u677e\u62a5\u540d","bank_type":"CFT","cash_fee":"4000","fee_type":"CNY","is_subscribe":"N","mch_id":"1268067601","nonce_str":"ru6jjt1wkrsjqutuu0vv4nc7mwwuo65v","openid":"ouN6_s3Q4xCWDIPptqdROeTgNUsE","out_trade_no":"126806760120151007211553","result_code":"SUCCESS","return_code":"SUCCESS","sign":"7EC08EE9A1E0B528181539D41DF87043","time_end":"20151007211737","total_fee":"4000","trade_type":"JSAPI","transaction_id":"1003200869201510071122637738"}
[2015-10-07 21:17:38][debug] query:{"appid":"wx161f19ac48b1f2f3","attach":"\u9a6c\u62c9\u677e\u62a5\u540d","bank_type":"CFT","cash_fee":"4000","fee_type":"CNY","is_subscribe":"N","mch_id":"1268067601","nonce_str":"EaJTdQJ7pYT0zIhg","openid":"ouN6_s3Q4xCWDIPptqdROeTgNUsE","out_trade_no":"126806760120151007211553","result_code":"SUCCESS","return_code":"SUCCESS","return_msg":"OK","sign":"1B82D814A8435159A41D5329A22FA2EE","time_end":"20151007211737","total_fee":"4000","trade_state":"SUCCESS","trade_type":"JSAPI","transaction_id":"1003200869201510071122637738"}
[2015-10-07 21:17:38][debug] call back test:订单查询成功
[2015-10-07 21:17:38][debug] call back test:未入库
[2015-10-07 21:17:38][debug] call back test sql:UPDATE pa_marathon SET ispay =1,transaction_id="1003200869201510071122637738",out_trade_no="126806760120151007211553" WHERE openid ="ouN6_s3Q4xCWDIPptqdROeTgNUsE"
[2015-10-07 21:17:38][debug] call back test:入库成功
[2015-10-07 21:26:04][debug] begin notify
[2015-10-07 21:26:04][debug] call back test:{"appid":"wx161f19ac48b1f2f3","attach":"\u9a6c\u62c9\u677e\u62a5\u540d","bank_type":"CCB_DEBIT","cash_fee":"6000","fee_type":"CNY","is_subscribe":"Y","mch_id":"1268067601","nonce_str":"os20h3n3wrx1vnjsddzle4eqp0pkh46s","openid":"ouN6_s-j7yEmhmeRRx1fj7BxP-jo","out_trade_no":"126806760120151007212413","result_code":"SUCCESS","return_code":"SUCCESS","sign":"70D8F8CF2E5CCBBD41D26CC99FA44742","time_end":"20151007212603","total_fee":"6000","trade_type":"JSAPI","transaction_id":"1004450869201510071122730314"}
[2015-10-07 21:26:05][debug] query:{"appid":"wx161f19ac48b1f2f3","attach":"\u9a6c\u62c9\u677e\u62a5\u540d","bank_type":"CCB_DEBIT","cash_fee":"6000","fee_type":"CNY","is_subscribe":"Y","mch_id":"1268067601","nonce_str":"WQiJzJnRMHZtlYLQ","openid":"ouN6_s-j7yEmhmeRRx1fj7BxP-jo","out_trade_no":"126806760120151007212413","result_code":"SUCCESS","return_code":"SUCCESS","return_msg":"OK","sign":"DC33742D3C89317080A46580A028BE01","time_end":"20151007212602","total_fee":"6000","trade_state":"SUCCESS","trade_type":"JSAPI","transaction_id":"1004450869201510071122730314"}
[2015-10-07 21:26:05][debug] call back test:订单查询成功
[2015-10-07 21:26:05][debug] call back test:未入库
[2015-10-07 21:26:05][debug] call back test sql:UPDATE pa_marathon SET ispay =1,transaction_id="1004450869201510071122730314",out_trade_no="126806760120151007212413" WHERE openid ="ouN6_s-j7yEmhmeRRx1fj7BxP-jo"
[2015-10-07 21:26:05][debug] call back test:入库成功
[2015-10-07 21:33:23][debug] begin notify
[2015-10-07 21:33:23][debug] call back test:{"appid":"wx161f19ac48b1f2f3","attach":"\u9a6c\u62c9\u677e\u62a5\u540d","bank_type":"CCB_DEBIT","cash_fee":"4000","fee_type":"CNY","is_subscribe":"N","mch_id":"1268067601","nonce_str":"qbtfgqn4wcchyyoxxmkns03f8ftr7eha","openid":"ouN6_s24AiMplZBrrXAmeDA93whw","out_trade_no":"126806760120151007213208","result_code":"SUCCESS","return_code":"SUCCESS","sign":"E004333052FB165EFE2BEE53E51B55DD","time_end":"20151007213323","total_fee":"4000","trade_type":"JSAPI","transaction_id":"1005880869201510071122801203"}
[2015-10-07 21:33:23][debug] query:{"appid":"wx161f19ac48b1f2f3","attach":"\u9a6c\u62c9\u677e\u62a5\u540d","bank_type":"CCB_DEBIT","cash_fee":"4000","fee_type":"CNY","is_subscribe":"N","mch_id":"1268067601","nonce_str":"pkfp1Ffq7hSM057i","openid":"ouN6_s24AiMplZBrrXAmeDA93whw","out_trade_no":"126806760120151007213208","result_code":"SUCCESS","return_code":"SUCCESS","return_msg":"OK","sign":"B97BDC20D54ED5DA834ED48756E827AE","time_end":"20151007213322","total_fee":"4000","trade_state":"SUCCESS","trade_type":"JSAPI","transaction_id":"1005880869201510071122801203"}
[2015-10-07 21:33:23][debug] call back test:订单查询成功
[2015-10-07 21:33:23][debug] call back test:未入库
[2015-10-07 21:33:23][debug] call back test sql:UPDATE pa_marathon SET ispay =1,transaction_id="1005880869201510071122801203",out_trade_no="126806760120151007213208" WHERE openid ="ouN6_s24AiMplZBrrXAmeDA93whw"
[2015-10-07 21:33:23][debug] call back test:入库成功
[2015-10-07 22:03:32][debug] begin notify
[2015-10-07 22:03:32][debug] call back test:{"appid":"wx161f19ac48b1f2f3","attach":"\u9a6c\u62c9\u677e\u62a5\u540d","bank_type":"ABC_DEBIT","cash_fee":"4000","fee_type":"CNY","is_subscribe":"Y","mch_id":"1268067601","nonce_str":"qa2lkvcbwzqj36w67w6mdost9b3xkana","openid":"ouN6_s8WBtnAJR-CfEPR_lFQMs3s","out_trade_no":"126806760120151007220214","result_code":"SUCCESS","return_code":"SUCCESS","sign":"5FC49C1B228F029B7D5F3C5D11C67CD2","time_end":"20151007220331","total_fee":"4000","trade_type":"JSAPI","transaction_id":"1009600869201510071123035111"}
[2015-10-07 22:03:32][debug] query:{"appid":"wx161f19ac48b1f2f3","attach":"\u9a6c\u62c9\u677e\u62a5\u540d","bank_type":"ABC_DEBIT","cash_fee":"4000","fee_type":"CNY","is_subscribe":"Y","mch_id":"1268067601","nonce_str":"Azo10KfL7JKsoUMV","openid":"ouN6_s8WBtnAJR-CfEPR_lFQMs3s","out_trade_no":"126806760120151007220214","result_code":"SUCCESS","return_code":"SUCCESS","return_msg":"OK","sign":"448E218BBB7212AA365785CBA9E7ECE3","time_end":"20151007220331","total_fee":"4000","trade_state":"SUCCESS","trade_type":"JSAPI","transaction_id":"1009600869201510071123035111"}
[2015-10-07 22:03:32][debug] call back test:订单查询成功
[2015-10-07 22:03:32][debug] call back test:未入库
[2015-10-07 22:03:32][debug] call back test sql:UPDATE pa_marathon SET ispay =1,transaction_id="1009600869201510071123035111",out_trade_no="126806760120151007220214" WHERE openid ="ouN6_s8WBtnAJR-CfEPR_lFQMs3s"
[2015-10-07 22:03:32][debug] call back test:入库成功
[2015-10-07 22:10:05][debug] begin notify
[2015-10-07 22:10:05][debug] call back test:{"appid":"wx161f19ac48b1f2f3","attach":"\u9a6c\u62c9\u677e\u62a5\u540d","bank_type":"ABC_DEBIT","cash_fee":"6000","fee_type":"CNY","is_subscribe":"Y","mch_id":"1268067601","nonce_str":"75s0gmk2ocn36n17ans5oworjui0dpyu","openid":"ouN6_s1-_Ku1hS8Yss7k2dVxWjJU","out_trade_no":"126806760120151007220948","result_code":"SUCCESS","return_code":"SUCCESS","sign":"2DB045042E87FFFCE5CFECB457115086","time_end":"20151007221003","total_fee":"6000","trade_type":"JSAPI","transaction_id":"1009890869201510071123090632"}
[2015-10-07 22:10:05][debug] query:{"appid":"wx161f19ac48b1f2f3","attach":"\u9a6c\u62c9\u677e\u62a5\u540d","bank_type":"ABC_DEBIT","cash_fee":"6000","fee_type":"CNY","is_subscribe":"Y","mch_id":"1268067601","nonce_str":"QEeFVUU44ny79Lac","openid":"ouN6_s1-_Ku1hS8Yss7k2dVxWjJU","out_trade_no":"126806760120151007220948","result_code":"SUCCESS","return_code":"SUCCESS","return_msg":"OK","sign":"DCAD77D345AB2F9E831096D0B20764FC","time_end":"20151007221003","total_fee":"6000","trade_state":"SUCCESS","trade_type":"JSAPI","transaction_id":"1009890869201510071123090632"}
[2015-10-07 22:10:05][debug] call back test:订单查询成功
[2015-10-07 22:10:05][debug] call back test:未入库
[2015-10-07 22:10:05][debug] call back test sql:UPDATE pa_marathon SET ispay =1,transaction_id="1009890869201510071123090632",out_trade_no="126806760120151007220948" WHERE openid ="ouN6_s1-_Ku1hS8Yss7k2dVxWjJU"
[2015-10-07 22:10:05][debug] call back test:入库成功
[2015-10-07 23:01:58][debug] begin notify
[2015-10-07 23:01:58][debug] call back test:{"appid":"wx161f19ac48b1f2f3","attach":"\u9a6c\u62c9\u677e\u62a5\u540d","bank_type":"CFT","cash_fee":"4000","fee_type":"CNY","is_subscribe":"N","mch_id":"1268067601","nonce_str":"en2isfsjctspem7fulof55flq78dry0y","openid":"ouN6_s0Q5aDwWXv6FD9EHLRYaDhc","out_trade_no":"126806760120151007230129","result_code":"SUCCESS","return_code":"SUCCESS","sign":"3A1F796EACD8BB448285282D3025C926","time_end":"20151007230157","total_fee":"4000","trade_type":"JSAPI","transaction_id":"1002920869201510071123433146"}
[2015-10-07 23:01:58][debug] query:{"appid":"wx161f19ac48b1f2f3","attach":"\u9a6c\u62c9\u677e\u62a5\u540d","bank_type":"CFT","cash_fee":"4000","fee_type":"CNY","is_subscribe":"N","mch_id":"1268067601","nonce_str":"zI22kG2UfBzxHnqb","openid":"ouN6_s0Q5aDwWXv6FD9EHLRYaDhc","out_trade_no":"126806760120151007230129","result_code":"SUCCESS","return_code":"SUCCESS","return_msg":"OK","sign":"46B0603DA172000342769785BCBB12F3","time_end":"20151007230157","total_fee":"4000","trade_state":"SUCCESS","trade_type":"JSAPI","transaction_id":"1002920869201510071123433146"}
[2015-10-07 23:01:58][debug] call back test:订单查询成功
[2015-10-07 23:01:58][debug] call back test:未入库
[2015-10-07 23:01:58][debug] call back test sql:UPDATE pa_marathon SET ispay =1,transaction_id="1002920869201510071123433146",out_trade_no="126806760120151007230129" WHERE openid ="ouN6_s0Q5aDwWXv6FD9EHLRYaDhc"
[2015-10-07 23:01:58][debug] call back test:入库成功
[2015-10-07 23:53:10][debug] begin notify
[2015-10-07 23:53:10][debug] call back test:{"appid":"wx161f19ac48b1f2f3","attach":"\u9a6c\u62c9\u677e\u62a5\u540d","bank_type":"CFT","cash_fee":"6000","fee_type":"CNY","is_subscribe":"Y","mch_id":"1268067601","nonce_str":"kivg6laawsossmekyrefrqky17fjnooy","openid":"ouN6_s0luTJ_yYoTQHcp1x7RdKJY","out_trade_no":"126806760120151007235147","result_code":"SUCCESS","return_code":"SUCCESS","sign":"BC04825AF025A070ACA4CBAC54200FE7","time_end":"20151007235310","total_fee":"6000","trade_type":"JSAPI","transaction_id":"1001680869201510071123700577"}
[2015-10-07 23:53:24][debug] begin notify
[2015-10-07 23:53:24][debug] call back test:{"appid":"wx161f19ac48b1f2f3","attach":"\u9a6c\u62c9\u677e\u62a5\u540d","bank_type":"CFT","cash_fee":"6000","fee_type":"CNY","is_subscribe":"Y","mch_id":"1268067601","nonce_str":"kivg6laawsossmekyrefrqky17fjnooy","openid":"ouN6_s0luTJ_yYoTQHcp1x7RdKJY","out_trade_no":"126806760120151007235147","result_code":"SUCCESS","return_code":"SUCCESS","sign":"BC04825AF025A070ACA4CBAC54200FE7","time_end":"20151007235310","total_fee":"6000","trade_type":"JSAPI","transaction_id":"1001680869201510071123700577"}
[2015-10-07 23:53:44][debug] begin notify
[2015-10-07 23:53:44][debug] call back test:{"appid":"wx161f19ac48b1f2f3","attach":"\u9a6c\u62c9\u677e\u62a5\u540d","bank_type":"CFT","cash_fee":"6000","fee_type":"CNY","is_subscribe":"Y","mch_id":"1268067601","nonce_str":"kivg6laawsossmekyrefrqky17fjnooy","openid":"ouN6_s0luTJ_yYoTQHcp1x7RdKJY","out_trade_no":"126806760120151007235147","result_code":"SUCCESS","return_code":"SUCCESS","sign":"BC04825AF025A070ACA4CBAC54200FE7","time_end":"20151007235310","total_fee":"6000","trade_type":"JSAPI","transaction_id":"1001680869201510071123700577"}
[2015-10-07 23:53:48][debug] query:{"appid":"wx161f19ac48b1f2f3","attach":"\u9a6c\u62c9\u677e\u62a5\u540d","bank_type":"CFT","cash_fee":"6000","fee_type":"CNY","is_subscribe":"Y","mch_id":"1268067601","nonce_str":"knhQ1hB2oNdGdegW","openid":"ouN6_s0luTJ_yYoTQHcp1x7RdKJY","out_trade_no":"126806760120151007235147","result_code":"SUCCESS","return_code":"SUCCESS","return_msg":"OK","sign":"B07F8F3739E2BA5BD18C4AD3D226F732","time_end":"20151007235310","total_fee":"6000","trade_state":"SUCCESS","trade_type":"JSAPI","transaction_id":"1001680869201510071123700577"}
[2015-10-07 23:53:48][debug] call back test:订单查询成功
[2015-10-07 23:53:48][debug] call back test:未入库
[2015-10-07 23:53:48][debug] call back test sql:UPDATE pa_marathon SET ispay =1,transaction_id="1001680869201510071123700577",out_trade_no="126806760120151007235147" WHERE openid ="ouN6_s0luTJ_yYoTQHcp1x7RdKJY"
[2015-10-07 23:53:48][debug] call back test:入库成功
