[2015-10-06 00:57:57][debug] begin notify
[2015-10-06 00:57:57][debug] call back test:{"appid":"wx161f19ac48b1f2f3","attach":"\u9a6c\u62c9\u677e\u62a5\u540d","bank_type":"CCB_DEBIT","cash_fee":"6000","fee_type":"CNY","is_subscribe":"Y","mch_id":"1268067601","nonce_str":"k9w5c4dt6qc0edzmskdw8w3fwbdiqigt","openid":"ouN6_s5goFFUMmL02DA1HfwX2gyM","out_trade_no":"126806760120151006005629","result_code":"SUCCESS","return_code":"SUCCESS","sign":"E66BFAD7F666E8AD178E66A96825523F","time_end":"20151006005757","total_fee":"6000","trade_type":"JSAPI","transaction_id":"1007680869201510061102331210"}
[2015-10-06 00:57:58][debug] query:{"appid":"wx161f19ac48b1f2f3","attach":"\u9a6c\u62c9\u677e\u62a5\u540d","bank_type":"CCB_DEBIT","cash_fee":"6000","fee_type":"CNY","is_subscribe":"Y","mch_id":"1268067601","nonce_str":"rn5wNf70QoCpIwp3","openid":"ouN6_s5goFFUMmL02DA1HfwX2gyM","out_trade_no":"126806760120151006005629","result_code":"SUCCESS","return_code":"SUCCESS","return_msg":"OK","sign":"0B581711711FC071FD6640CC3341F0E5","time_end":"20151006005756","total_fee":"6000","trade_state":"SUCCESS","trade_type":"JSAPI","transaction_id":"1007680869201510061102331210"}
[2015-10-06 00:57:58][debug] call back test:订单查询成功
[2015-10-06 00:57:58][debug] call back test:未入库
[2015-10-06 00:57:58][debug] call back test sql:UPDATE pa_marathon SET ispay =1,transaction_id="1007680869201510061102331210",out_trade_no="126806760120151006005629" WHERE openid ="ouN6_s5goFFUMmL02DA1HfwX2gyM"
[2015-10-06 00:57:58][debug] call back test:入库成功
[2015-10-06 09:32:58][debug] begin notify
[2015-10-06 09:32:58][debug] call back test:{"appid":"wx161f19ac48b1f2f3","attach":"\u9a6c\u62c9\u677e\u62a5\u540d","bank_type":"ABC_DEBIT","cash_fee":"4000","fee_type":"CNY","is_subscribe":"Y","mch_id":"1268067601","nonce_str":"bvyp6xfhiegwr15x0r5kbxfc3xw64in4","openid":"ouN6_s0ct6A2XjbikbdpDBy2HwyM","out_trade_no":"126806760120151006093219","result_code":"SUCCESS","return_code":"SUCCESS","sign":"F2FEB852D47FD1819D85BECE3DF2069E","time_end":"20151006093257","total_fee":"4000","trade_type":"JSAPI","transaction_id":"1005200869201510061103504815"}
[2015-10-06 09:32:58][debug] query:{"appid":"wx161f19ac48b1f2f3","attach":"\u9a6c\u62c9\u677e\u62a5\u540d","bank_type":"ABC_DEBIT","cash_fee":"4000","fee_type":"CNY","is_subscribe":"Y","mch_id":"1268067601","nonce_str":"cvIQLvpFlA04jjrp","openid":"ouN6_s0ct6A2XjbikbdpDBy2HwyM","out_trade_no":"126806760120151006093219","result_code":"SUCCESS","return_code":"SUCCESS","return_msg":"OK","sign":"46FF6161D511E9F0150C40495311FA8A","time_end":"20151006093257","total_fee":"4000","trade_state":"SUCCESS","trade_type":"JSAPI","transaction_id":"1005200869201510061103504815"}
[2015-10-06 09:32:58][debug] call back test:订单查询成功
[2015-10-06 09:32:58][debug] call back test:未入库
[2015-10-06 09:32:58][debug] call back test sql:UPDATE pa_marathon SET ispay =1,transaction_id="1005200869201510061103504815",out_trade_no="126806760120151006093219" WHERE openid ="ouN6_s0ct6A2XjbikbdpDBy2HwyM"
[2015-10-06 09:32:58][debug] call back test:入库成功
[2015-10-06 10:05:31][debug] begin notify
[2015-10-06 10:05:31][debug] call back test:{"appid":"wx161f19ac48b1f2f3","attach":"\u9a6c\u62c9\u677e\u62a5\u540d","bank_type":"CCB_CREDIT","cash_fee":"6000","fee_type":"CNY","is_subscribe":"Y","mch_id":"1268067601","nonce_str":"n2vj4vu6sxe3c61t7l5ilu2rmfr8r1ew","openid":"ouN6_s8JzLKCRA4I7FjnaZ75PhwY","out_trade_no":"126806760120151006100449","result_code":"SUCCESS","return_code":"SUCCESS","sign":"0C3666A92D146F074122ADB018F83136","time_end":"20151006100530","total_fee":"6000","trade_type":"JSAPI","transaction_id":"1002400869201510061103775893"}
[2015-10-06 10:05:31][debug] query:{"appid":"wx161f19ac48b1f2f3","attach":"\u9a6c\u62c9\u677e\u62a5\u540d","bank_type":"CCB_CREDIT","cash_fee":"6000","fee_type":"CNY","is_subscribe":"Y","mch_id":"1268067601","nonce_str":"ZjSggSJu8YOm9bJz","openid":"ouN6_s8JzLKCRA4I7FjnaZ75PhwY","out_trade_no":"126806760120151006100449","result_code":"SUCCESS","return_code":"SUCCESS","return_msg":"OK","sign":"49CD97FCA7FD30668782D882104D4F22","time_end":"20151006100530","total_fee":"6000","trade_state":"SUCCESS","trade_type":"JSAPI","transaction_id":"1002400869201510061103775893"}
[2015-10-06 10:05:31][debug] call back test:订单查询成功
[2015-10-06 10:05:31][debug] call back test:未入库
[2015-10-06 10:05:31][debug] call back test sql:UPDATE pa_marathon SET ispay =1,transaction_id="1002400869201510061103775893",out_trade_no="126806760120151006100449" WHERE openid ="ouN6_s8JzLKCRA4I7FjnaZ75PhwY"
[2015-10-06 10:05:31][debug] call back test:入库成功
[2015-10-06 10:30:25][debug] begin notify
[2015-10-06 10:30:25][debug] call back test:{"appid":"wx161f19ac48b1f2f3","attach":"\u9a6c\u62c9\u677e\u62a5\u540d","bank_type":"ABC_DEBIT","cash_fee":"8000","fee_type":"CNY","is_subscribe":"Y","mch_id":"1268067601","nonce_str":"fzkn3bxhxch6bmerv6im4pfiki6ofwkw","openid":"ouN6_s6qYsVPyGVtCrQZJrRjP_s4","out_trade_no":"126806760120151006102659","result_code":"SUCCESS","return_code":"SUCCESS","sign":"55724707A44DB69AD88182C2811383BF","time_end":"20151006103024","total_fee":"8000","trade_type":"JSAPI","transaction_id":"1006520869201510061104022913"}
[2015-10-06 10:30:29][debug] query:{"appid":"wx161f19ac48b1f2f3","attach":"\u9a6c\u62c9\u677e\u62a5\u540d","bank_type":"ABC_DEBIT","cash_fee":"8000","fee_type":"CNY","is_subscribe":"Y","mch_id":"1268067601","nonce_str":"TKbS2XKntUTds92H","openid":"ouN6_s6qYsVPyGVtCrQZJrRjP_s4","out_trade_no":"126806760120151006102659","result_code":"SUCCESS","return_code":"SUCCESS","return_msg":"OK","sign":"F3359E2AB794582C1C8083608D6EBB67","time_end":"20151006103023","total_fee":"8000","trade_state":"SUCCESS","trade_type":"JSAPI","transaction_id":"1006520869201510061104022913"}
[2015-10-06 10:30:29][debug] call back test:订单查询成功
[2015-10-06 10:30:29][debug] call back test:未入库
[2015-10-06 10:30:29][debug] call back test sql:UPDATE pa_marathon SET ispay =1,transaction_id="1006520869201510061104022913",out_trade_no="126806760120151006102659" WHERE openid ="ouN6_s6qYsVPyGVtCrQZJrRjP_s4"
[2015-10-06 10:30:29][debug] call back test:入库成功
[2015-10-06 10:30:40][debug] begin notify
[2015-10-06 10:30:40][debug] call back test:{"appid":"wx161f19ac48b1f2f3","attach":"\u9a6c\u62c9\u677e\u62a5\u540d","bank_type":"ABC_DEBIT","cash_fee":"8000","fee_type":"CNY","is_subscribe":"Y","mch_id":"1268067601","nonce_str":"fzkn3bxhxch6bmerv6im4pfiki6ofwkw","openid":"ouN6_s6qYsVPyGVtCrQZJrRjP_s4","out_trade_no":"126806760120151006102659","result_code":"SUCCESS","return_code":"SUCCESS","sign":"55724707A44DB69AD88182C2811383BF","time_end":"20151006103024","total_fee":"8000","trade_type":"JSAPI","transaction_id":"1006520869201510061104022913"}
[2015-10-06 10:30:40][debug] query:{"appid":"wx161f19ac48b1f2f3","attach":"\u9a6c\u62c9\u677e\u62a5\u540d","bank_type":"ABC_DEBIT","cash_fee":"8000","fee_type":"CNY","is_subscribe":"Y","mch_id":"1268067601","nonce_str":"6PxWiIc0F4tdIZhL","openid":"ouN6_s6qYsVPyGVtCrQZJrRjP_s4","out_trade_no":"126806760120151006102659","result_code":"SUCCESS","return_code":"SUCCESS","return_msg":"OK","sign":"7AEAADAC8C41DAAD93124840E2ADDB15","time_end":"20151006103023","total_fee":"8000","trade_state":"SUCCESS","trade_type":"JSAPI","transaction_id":"1006520869201510061104022913"}
[2015-10-06 10:30:40][debug] call back test:订单查询成功
[2015-10-06 10:30:40][debug] call back test:已入库
[2015-10-06 10:47:57][debug] begin notify
[2015-10-06 10:47:57][debug] call back test:{"appid":"wx161f19ac48b1f2f3","attach":"\u9a6c\u62c9\u677e\u62a5\u540d","bank_type":"CFT","cash_fee":"6000","fee_type":"CNY","is_subscribe":"Y","mch_id":"1268067601","nonce_str":"8rzn81338tboqkeakn8jdvhp90smou8c","openid":"ouN6_s1ZasYhfOzaCQqSd97O6v1Q","out_trade_no":"126806760120151006104722","result_code":"SUCCESS","return_code":"SUCCESS","sign":"6958C45464F3E3266F521109B2FD4BE5","time_end":"20151006104757","total_fee":"6000","trade_type":"JSAPI","transaction_id":"1003320869201510061104236622"}
[2015-10-06 10:47:57][debug] query:{"appid":"wx161f19ac48b1f2f3","attach":"\u9a6c\u62c9\u677e\u62a5\u540d","bank_type":"CFT","cash_fee":"6000","fee_type":"CNY","is_subscribe":"Y","mch_id":"1268067601","nonce_str":"RjnHivBRfXNWrYNc","openid":"ouN6_s1ZasYhfOzaCQqSd97O6v1Q","out_trade_no":"126806760120151006104722","result_code":"SUCCESS","return_code":"SUCCESS","return_msg":"OK","sign":"D3D350C5F4387AA8CCD918927277A518","time_end":"20151006104756","total_fee":"6000","trade_state":"SUCCESS","trade_type":"JSAPI","transaction_id":"1003320869201510061104236622"}
[2015-10-06 10:47:57][debug] call back test:订单查询成功
[2015-10-06 10:47:57][debug] call back test:未入库
[2015-10-06 10:47:57][debug] call back test sql:UPDATE pa_marathon SET ispay =1,transaction_id="1003320869201510061104236622",out_trade_no="126806760120151006104722" WHERE openid ="ouN6_s1ZasYhfOzaCQqSd97O6v1Q"
[2015-10-06 10:47:57][debug] call back test:入库成功
[2015-10-06 11:12:17][debug] begin notify
[2015-10-06 11:12:17][debug] call back test:{"appid":"wx161f19ac48b1f2f3","attach":"\u9a6c\u62c9\u677e\u62a5\u540d","bank_type":"CMB_CREDIT","cash_fee":"6000","fee_type":"CNY","is_subscribe":"Y","mch_id":"1268067601","nonce_str":"ngvj2717gb3knphwjlqq5bqjpzp6qovt","openid":"ouN6_s_0RF7IHiDvGN5bm6mBRlf0","out_trade_no":"126806760120151006110901","result_code":"SUCCESS","return_code":"SUCCESS","sign":"F3869A7A88BABBA6505CC60F3D0D3AB8","time_end":"20151006111217","total_fee":"6000","trade_type":"JSAPI","transaction_id":"1003040869201510061104507576"}
[2015-10-06 11:12:17][debug] query:{"appid":"wx161f19ac48b1f2f3","attach":"\u9a6c\u62c9\u677e\u62a5\u540d","bank_type":"CMB_CREDIT","cash_fee":"6000","fee_type":"CNY","is_subscribe":"Y","mch_id":"1268067601","nonce_str":"q9aakbclhl9bIxd6","openid":"ouN6_s_0RF7IHiDvGN5bm6mBRlf0","out_trade_no":"126806760120151006110901","result_code":"SUCCESS","return_code":"SUCCESS","return_msg":"OK","sign":"C5C903430E25C976B650BC8F900CA8CE","time_end":"20151006111207","total_fee":"6000","trade_state":"SUCCESS","trade_type":"JSAPI","transaction_id":"1003040869201510061104507576"}
[2015-10-06 11:12:17][debug] call back test:订单查询成功
[2015-10-06 11:12:17][debug] call back test:未入库
[2015-10-06 11:12:17][debug] call back test sql:UPDATE pa_marathon SET ispay =1,transaction_id="1003040869201510061104507576",out_trade_no="126806760120151006110901" WHERE openid ="ouN6_s_0RF7IHiDvGN5bm6mBRlf0"
[2015-10-06 11:12:17][debug] call back test:入库成功
[2015-10-06 11:12:38][debug] begin notify
[2015-10-06 11:12:38][debug] call back test:{"appid":"wx161f19ac48b1f2f3","attach":"\u9a6c\u62c9\u677e\u62a5\u540d","bank_type":"CFT","cash_fee":"6000","fee_type":"CNY","is_subscribe":"Y","mch_id":"1268067601","nonce_str":"fndwr1zidi53lsjey4fx9gvz1qize3xm","openid":"ouN6_s97jtHdMK4ghQv4Pp-4ecl4","out_trade_no":"126806760120151006111120","result_code":"SUCCESS","return_code":"SUCCESS","sign":"558C3A5BFB5EB7123522EAF79E60A51A","time_end":"20151006111237","total_fee":"6000","trade_type":"JSAPI","transaction_id":"1006480869201510061104546517"}
[2015-10-06 11:12:38][debug] query:{"appid":"wx161f19ac48b1f2f3","attach":"\u9a6c\u62c9\u677e\u62a5\u540d","bank_type":"CFT","cash_fee":"6000","fee_type":"CNY","is_subscribe":"Y","mch_id":"1268067601","nonce_str":"vup0kygCs7Dg4loG","openid":"ouN6_s97jtHdMK4ghQv4Pp-4ecl4","out_trade_no":"126806760120151006111120","result_code":"SUCCESS","return_code":"SUCCESS","return_msg":"OK","sign":"D2F872F75B28504757E85195B4ADBAA7","time_end":"20151006111237","total_fee":"6000","trade_state":"SUCCESS","trade_type":"JSAPI","transaction_id":"1006480869201510061104546517"}
[2015-10-06 11:12:38][debug] call back test:订单查询成功
[2015-10-06 11:12:38][debug] call back test:未入库
[2015-10-06 11:12:38][debug] call back test sql:UPDATE pa_marathon SET ispay =1,transaction_id="1006480869201510061104546517",out_trade_no="126806760120151006111120" WHERE openid ="ouN6_s97jtHdMK4ghQv4Pp-4ecl4"
[2015-10-06 11:12:38][debug] call back test:入库成功
[2015-10-06 11:19:43][debug] begin notify
[2015-10-06 11:19:43][debug] call back test:{"appid":"wx161f19ac48b1f2f3","attach":"\u9a6c\u62c9\u677e\u62a5\u540d","bank_type":"CCB_DEBIT","cash_fee":"8000","fee_type":"CNY","is_subscribe":"Y","mch_id":"1268067601","nonce_str":"ukvy87a7c4x6skocuu0ltborek77yytj","openid":"ouN6_s6WV2sQMq1Z556ypB6lP6uE","out_trade_no":"126806760120151006111923","result_code":"SUCCESS","return_code":"SUCCESS","sign":"F3F98CBFA1285F5DEC359CAB7F0A991A","time_end":"20151006111943","total_fee":"8000","trade_type":"JSAPI","transaction_id":"1000040869201510061104636931"}
[2015-10-06 11:19:44][debug] query:{"appid":"wx161f19ac48b1f2f3","attach":"\u9a6c\u62c9\u677e\u62a5\u540d","bank_type":"CCB_DEBIT","cash_fee":"8000","fee_type":"CNY","is_subscribe":"Y","mch_id":"1268067601","nonce_str":"fyBB0orCwfi0U6UT","openid":"ouN6_s6WV2sQMq1Z556ypB6lP6uE","out_trade_no":"126806760120151006111923","result_code":"SUCCESS","return_code":"SUCCESS","return_msg":"OK","sign":"C71590ADC7D26A39FE9A91083552802C","time_end":"20151006111942","total_fee":"8000","trade_state":"SUCCESS","trade_type":"JSAPI","transaction_id":"1000040869201510061104636931"}
[2015-10-06 11:19:44][debug] call back test:订单查询成功
[2015-10-06 11:19:44][debug] call back test:未入库
[2015-10-06 11:19:44][debug] call back test sql:UPDATE pa_marathon SET ispay =1,transaction_id="1000040869201510061104636931",out_trade_no="126806760120151006111923" WHERE openid ="ouN6_s6WV2sQMq1Z556ypB6lP6uE"
[2015-10-06 11:19:44][debug] call back test:入库成功
[2015-10-06 11:24:20][debug] begin notify
[2015-10-06 11:24:20][debug] call back test:{"appid":"wx161f19ac48b1f2f3","attach":"\u9a6c\u62c9\u677e\u62a5\u540d","bank_type":"CCB_DEBIT","cash_fee":"8000","fee_type":"CNY","is_subscribe":"Y","mch_id":"1268067601","nonce_str":"edd0mmn9ibef2eum7tr3c5izbbl1wgj0","openid":"ouN6_s6WV2sQMq1Z556ypB6lP6uE","out_trade_no":"126806760120151006112408","result_code":"SUCCESS","return_code":"SUCCESS","sign":"666D460F737488353AD8146210D2FFF6","time_end":"20151006112420","total_fee":"8000","trade_type":"JSAPI","transaction_id":"1000040869201510061104693991"}
[2015-10-06 11:24:21][debug] query:{"appid":"wx161f19ac48b1f2f3","attach":"\u9a6c\u62c9\u677e\u62a5\u540d","bank_type":"CCB_DEBIT","cash_fee":"8000","fee_type":"CNY","is_subscribe":"Y","mch_id":"1268067601","nonce_str":"9mLSvQC887CZCoyy","openid":"ouN6_s6WV2sQMq1Z556ypB6lP6uE","out_trade_no":"126806760120151006112408","result_code":"SUCCESS","return_code":"SUCCESS","return_msg":"OK","sign":"AFE3BD3B9B18434F27C3697FD5121719","time_end":"20151006112419","total_fee":"8000","trade_state":"SUCCESS","trade_type":"JSAPI","transaction_id":"1000040869201510061104693991"}
[2015-10-06 11:24:21][debug] call back test:订单查询成功
[2015-10-06 11:24:21][debug] call back test:未入库
[2015-10-06 11:24:21][debug] call back test sql:UPDATE pa_marathon SET ispay =1,transaction_id="1000040869201510061104693991",out_trade_no="126806760120151006112408" WHERE openid ="ouN6_s6WV2sQMq1Z556ypB6lP6uE"
[2015-10-06 11:24:21][debug] call back test:入库成功
[2015-10-06 11:26:25][debug] begin notify
[2015-10-06 11:26:25][debug] call back test:{"appid":"wx161f19ac48b1f2f3","attach":"\u9a6c\u62c9\u677e\u62a5\u540d","bank_type":"CMB_CREDIT","cash_fee":"6000","fee_type":"CNY","is_subscribe":"Y","mch_id":"1268067601","nonce_str":"xn7uvvt8c6axowzs5jx9n74c98h8n4s2","openid":"ouN6_s_0RF7IHiDvGN5bm6mBRlf0","out_trade_no":"126806760120151006112434","result_code":"SUCCESS","return_code":"SUCCESS","sign":"93C48DFC2DE0DD4359A2F10A01C23DD4","time_end":"20151006112625","total_fee":"6000","trade_type":"JSAPI","transaction_id":"1003040869201510061104743661"}
[2015-10-06 11:26:31][debug] query:{"appid":"wx161f19ac48b1f2f3","attach":"\u9a6c\u62c9\u677e\u62a5\u540d","bank_type":"CMB_CREDIT","cash_fee":"6000","fee_type":"CNY","is_subscribe":"Y","mch_id":"1268067601","nonce_str":"MvDoOv60MUtwbYVI","openid":"ouN6_s_0RF7IHiDvGN5bm6mBRlf0","out_trade_no":"126806760120151006112434","result_code":"SUCCESS","return_code":"SUCCESS","return_msg":"OK","sign":"3674DC0FEBC363C8B50DF6880BB75F57","time_end":"20151006112624","total_fee":"6000","trade_state":"SUCCESS","trade_type":"JSAPI","transaction_id":"1003040869201510061104743661"}
[2015-10-06 11:26:31][debug] call back test:订单查询成功
[2015-10-06 11:26:31][debug] call back test:未入库
[2015-10-06 11:26:31][debug] call back test sql:UPDATE pa_marathon SET ispay =1,transaction_id="1003040869201510061104743661",out_trade_no="126806760120151006112434" WHERE openid ="ouN6_s_0RF7IHiDvGN5bm6mBRlf0"
[2015-10-06 11:26:31][debug] call back test:入库成功
[2015-10-06 11:26:40][debug] begin notify
[2015-10-06 11:26:40][debug] call back test:{"appid":"wx161f19ac48b1f2f3","attach":"\u9a6c\u62c9\u677e\u62a5\u540d","bank_type":"CMB_CREDIT","cash_fee":"6000","fee_type":"CNY","is_subscribe":"Y","mch_id":"1268067601","nonce_str":"xn7uvvt8c6axowzs5jx9n74c98h8n4s2","openid":"ouN6_s_0RF7IHiDvGN5bm6mBRlf0","out_trade_no":"126806760120151006112434","result_code":"SUCCESS","return_code":"SUCCESS","sign":"93C48DFC2DE0DD4359A2F10A01C23DD4","time_end":"20151006112625","total_fee":"6000","trade_type":"JSAPI","transaction_id":"1003040869201510061104743661"}
[2015-10-06 11:26:41][debug] query:{"appid":"wx161f19ac48b1f2f3","attach":"\u9a6c\u62c9\u677e\u62a5\u540d","bank_type":"CMB_CREDIT","cash_fee":"6000","fee_type":"CNY","is_subscribe":"Y","mch_id":"1268067601","nonce_str":"fKwRW53g3YdIWsQX","openid":"ouN6_s_0RF7IHiDvGN5bm6mBRlf0","out_trade_no":"126806760120151006112434","result_code":"SUCCESS","return_code":"SUCCESS","return_msg":"OK","sign":"507C81E6CDE7E2193A9F464AD702EF8B","time_end":"20151006112624","total_fee":"6000","trade_state":"SUCCESS","trade_type":"JSAPI","transaction_id":"1003040869201510061104743661"}
[2015-10-06 11:26:41][debug] call back test:订单查询成功
[2015-10-06 11:26:41][debug] call back test:已入库
[2015-10-06 11:51:37][debug] begin notify
[2015-10-06 11:51:37][debug] call back test:{"appid":"wx161f19ac48b1f2f3","attach":"\u9a6c\u62c9\u677e\u62a5\u540d","bank_type":"CFT","cash_fee":"6000","fee_type":"CNY","is_subscribe":"Y","mch_id":"1268067601","nonce_str":"p538aby2al1vja0aythbbhurs4prwxbl","openid":"ouN6_sw09KUAo13uoYUdnEew0v8U","out_trade_no":"126806760120151006115030","result_code":"SUCCESS","return_code":"SUCCESS","sign":"3B65A313C2EF0D92E5F8E1E66C3A8E15","time_end":"20151006115136","total_fee":"6000","trade_type":"JSAPI","transaction_id":"1007120869201510061105115351"}
[2015-10-06 11:51:37][debug] query:{"appid":"wx161f19ac48b1f2f3","attach":"\u9a6c\u62c9\u677e\u62a5\u540d","bank_type":"CFT","cash_fee":"6000","fee_type":"CNY","is_subscribe":"Y","mch_id":"1268067601","nonce_str":"54jGOYnlwpYVch0W","openid":"ouN6_sw09KUAo13uoYUdnEew0v8U","out_trade_no":"126806760120151006115030","result_code":"SUCCESS","return_code":"SUCCESS","return_msg":"OK","sign":"048EFF19182FE61C0C302A3C38FE2028","time_end":"20151006115136","total_fee":"6000","trade_state":"SUCCESS","trade_type":"JSAPI","transaction_id":"1007120869201510061105115351"}
[2015-10-06 11:51:37][debug] call back test:订单查询成功
[2015-10-06 11:51:37][debug] call back test:未入库
[2015-10-06 11:51:37][debug] call back test sql:UPDATE pa_marathon SET ispay =1,transaction_id="1007120869201510061105115351",out_trade_no="126806760120151006115030" WHERE openid ="ouN6_sw09KUAo13uoYUdnEew0v8U"
[2015-10-06 11:51:37][debug] call back test:入库成功
[2015-10-06 11:57:15][debug] begin notify
[2015-10-06 11:57:15][debug] call back test:{"appid":"wx161f19ac48b1f2f3","attach":"\u9a6c\u62c9\u677e\u62a5\u540d","bank_type":"CCB_DEBIT","cash_fee":"4000","fee_type":"CNY","is_subscribe":"Y","mch_id":"1268067601","nonce_str":"mcozjmq06hlv4pzxbtyz4ycw8huuq0uv","openid":"ouN6_s1f9mCCGX5mmOfxEfXTyWxw","out_trade_no":"126806760120151006115628","result_code":"SUCCESS","return_code":"SUCCESS","sign":"5F8EA44F608B43757E98195EA5C0CA18","time_end":"20151006115714","total_fee":"4000","trade_type":"JSAPI","transaction_id":"1002120869201510061105217620"}
[2015-10-06 11:57:15][debug] query:{"appid":"wx161f19ac48b1f2f3","attach":"\u9a6c\u62c9\u677e\u62a5\u540d","bank_type":"CCB_DEBIT","cash_fee":"4000","fee_type":"CNY","is_subscribe":"Y","mch_id":"1268067601","nonce_str":"9pvcnz3EQSeh1QU9","openid":"ouN6_s1f9mCCGX5mmOfxEfXTyWxw","out_trade_no":"126806760120151006115628","result_code":"SUCCESS","return_code":"SUCCESS","return_msg":"OK","sign":"C3AFB115EAB5EC4ACA9C95085CA820F4","time_end":"20151006115714","total_fee":"4000","trade_state":"SUCCESS","trade_type":"JSAPI","transaction_id":"1002120869201510061105217620"}
[2015-10-06 11:57:15][debug] call back test:订单查询成功
[2015-10-06 11:57:15][debug] call back test:未入库
[2015-10-06 11:57:15][debug] call back test sql:UPDATE pa_marathon SET ispay =1,transaction_id="1002120869201510061105217620",out_trade_no="126806760120151006115628" WHERE openid ="ouN6_s1f9mCCGX5mmOfxEfXTyWxw"
[2015-10-06 11:57:15][debug] call back test:入库成功
[2015-10-06 12:17:48][debug] begin notify
[2015-10-06 12:17:48][debug] call back test:{"appid":"wx161f19ac48b1f2f3","attach":"\u9a6c\u62c9\u677e\u62a5\u540d","bank_type":"ICBC_DEBIT","cash_fee":"6000","fee_type":"CNY","is_subscribe":"Y","mch_id":"1268067601","nonce_str":"c0se23n5cqazzgti2ogufphhpi414xb6","openid":"ouN6_s00vYCRLzuJ53MTxg-aEjzc","out_trade_no":"126806760120151006121718","result_code":"SUCCESS","return_code":"SUCCESS","sign":"73A755548915752AC53FADBF250FB576","time_end":"20151006121747","total_fee":"6000","trade_type":"JSAPI","transaction_id":"1003230869201510061105529254"}
[2015-10-06 12:17:48][debug] query:{"appid":"wx161f19ac48b1f2f3","attach":"\u9a6c\u62c9\u677e\u62a5\u540d","bank_type":"ICBC_DEBIT","cash_fee":"6000","fee_type":"CNY","is_subscribe":"Y","mch_id":"1268067601","nonce_str":"J4Giidxdtbefoqi6","openid":"ouN6_s00vYCRLzuJ53MTxg-aEjzc","out_trade_no":"126806760120151006121718","result_code":"SUCCESS","return_code":"SUCCESS","return_msg":"OK","sign":"06EC412703F0376E764DD4C02C4110A3","time_end":"20151006121746","total_fee":"6000","trade_state":"SUCCESS","trade_type":"JSAPI","transaction_id":"1003230869201510061105529254"}
[2015-10-06 12:17:48][debug] call back test:订单查询成功
[2015-10-06 12:17:48][debug] call back test:未入库
[2015-10-06 12:17:48][debug] call back test sql:UPDATE pa_marathon SET ispay =1,transaction_id="1003230869201510061105529254",out_trade_no="126806760120151006121718" WHERE openid ="ouN6_s00vYCRLzuJ53MTxg-aEjzc"
[2015-10-06 12:17:48][debug] call back test:入库成功
[2015-10-06 12:27:03][debug] begin notify
[2015-10-06 12:27:03][debug] call back test:{"appid":"wx161f19ac48b1f2f3","attach":"\u9a6c\u62c9\u677e\u62a5\u540d","bank_type":"ABC_DEBIT","cash_fee":"4000","fee_type":"CNY","is_subscribe":"N","mch_id":"1268067601","nonce_str":"3jrmqb4j5ajao7y4ie3e2g78xqo4g3ms","openid":"ouN6_s4u98M-U2vPNU701IaHduPc","out_trade_no":"126806760120151006122603","result_code":"SUCCESS","return_code":"SUCCESS","sign":"8E4A6256ED7552D16159E3C5B1F8A937","time_end":"20151006122702","total_fee":"4000","trade_type":"JSAPI","transaction_id":"1006000869201510061105643718"}
[2015-10-06 12:27:03][debug] query:{"appid":"wx161f19ac48b1f2f3","attach":"\u9a6c\u62c9\u677e\u62a5\u540d","bank_type":"ABC_DEBIT","cash_fee":"4000","fee_type":"CNY","is_subscribe":"N","mch_id":"1268067601","nonce_str":"UipUAtokkDdhMW1T","openid":"ouN6_s4u98M-U2vPNU701IaHduPc","out_trade_no":"126806760120151006122603","result_code":"SUCCESS","return_code":"SUCCESS","return_msg":"OK","sign":"10A123137DF37A8A33504292C2DAC9EA","time_end":"20151006122702","total_fee":"4000","trade_state":"SUCCESS","trade_type":"JSAPI","transaction_id":"1006000869201510061105643718"}
[2015-10-06 12:27:03][debug] call back test:订单查询成功
[2015-10-06 12:27:03][debug] call back test:未入库
[2015-10-06 12:27:03][debug] call back test sql:UPDATE pa_marathon SET ispay =1,transaction_id="1006000869201510061105643718",out_trade_no="126806760120151006122603" WHERE openid ="ouN6_s4u98M-U2vPNU701IaHduPc"
[2015-10-06 12:27:03][debug] call back test:入库成功
[2015-10-06 12:29:27][debug] begin notify
[2015-10-06 12:29:27][debug] call back test:{"appid":"wx161f19ac48b1f2f3","attach":"\u9a6c\u62c9\u677e\u62a5\u540d","bank_type":"CCB_DEBIT","cash_fee":"4000","fee_type":"CNY","is_subscribe":"N","mch_id":"1268067601","nonce_str":"iekc8398vwcq88zs9823p04rbxhreyvz","openid":"ouN6_s5oXF-heu3W1zn2dOfvL_R8","out_trade_no":"126806760120151006122342","result_code":"SUCCESS","return_code":"SUCCESS","sign":"E64A7331E9F2569E0E1FF4A4B6079D4D","time_end":"20151006122910","total_fee":"4000","trade_type":"JSAPI","transaction_id":"1001540869201510061105631626"}
[2015-10-06 12:29:30][debug] query:{"appid":"wx161f19ac48b1f2f3","attach":"\u9a6c\u62c9\u677e\u62a5\u540d","bank_type":"CCB_DEBIT","cash_fee":"4000","fee_type":"CNY","is_subscribe":"Y","mch_id":"1268067601","nonce_str":"DR8LAJd7s3IG2on6","openid":"ouN6_s5oXF-heu3W1zn2dOfvL_R8","out_trade_no":"126806760120151006122342","result_code":"SUCCESS","return_code":"SUCCESS","return_msg":"OK","sign":"F1B50B9DE9D324983BBDE0399A858D04","time_end":"20151006122828","total_fee":"4000","trade_state":"SUCCESS","trade_type":"JSAPI","transaction_id":"1001540869201510061105631626"}
[2015-10-06 12:29:30][debug] call back test:订单查询成功
[2015-10-06 12:29:30][debug] call back test:未入库
[2015-10-06 12:29:30][debug] call back test sql:UPDATE pa_marathon SET ispay =1,transaction_id="1001540869201510061105631626",out_trade_no="126806760120151006122342" WHERE openid ="ouN6_s5oXF-heu3W1zn2dOfvL_R8"
[2015-10-06 12:29:30][debug] call back test:入库成功
[2015-10-06 12:40:38][debug] begin notify
[2015-10-06 12:40:38][debug] call back test:{"appid":"wx161f19ac48b1f2f3","attach":"\u9a6c\u62c9\u677e\u62a5\u540d","bank_type":"ABC_DEBIT","cash_fee":"4000","fee_type":"CNY","is_subscribe":"Y","mch_id":"1268067601","nonce_str":"xgj3xi0k1xjcedmya94tdsvup2gk2pm6","openid":"ouN6_s_YuMQYaVT_W1fKDnHomg9M","out_trade_no":"126806760120151006123952","result_code":"SUCCESS","return_code":"SUCCESS","sign":"384229E291B016118847AE9C3E4E4DF7","time_end":"20151006124037","total_fee":"4000","trade_type":"JSAPI","transaction_id":"1005510869201510061105868490"}
[2015-10-06 12:40:38][debug] query:{"appid":"wx161f19ac48b1f2f3","attach":"\u9a6c\u62c9\u677e\u62a5\u540d","bank_type":"ABC_DEBIT","cash_fee":"4000","fee_type":"CNY","is_subscribe":"Y","mch_id":"1268067601","nonce_str":"BIXLGOe5TW2CWEZd","openid":"ouN6_s_YuMQYaVT_W1fKDnHomg9M","out_trade_no":"126806760120151006123952","result_code":"SUCCESS","return_code":"SUCCESS","return_msg":"OK","sign":"BA0F0E7C998950C5034A13094C5B1797","time_end":"20151006124037","total_fee":"4000","trade_state":"SUCCESS","trade_type":"JSAPI","transaction_id":"1005510869201510061105868490"}
[2015-10-06 12:40:38][debug] call back test:订单查询成功
[2015-10-06 12:40:38][debug] call back test:未入库
[2015-10-06 12:40:38][debug] call back test sql:UPDATE pa_marathon SET ispay =1,transaction_id="1005510869201510061105868490",out_trade_no="126806760120151006123952" WHERE openid ="ouN6_s_YuMQYaVT_W1fKDnHomg9M"
[2015-10-06 12:40:38][debug] call back test:入库成功
[2015-10-06 12:47:56][debug] begin notify
[2015-10-06 12:47:56][debug] call back test:{"appid":"wx161f19ac48b1f2f3","attach":"\u9a6c\u62c9\u677e\u62a5\u540d","bank_type":"CFT","cash_fee":"4000","fee_type":"CNY","is_subscribe":"Y","mch_id":"1268067601","nonce_str":"1gf9n348mwgx3mlutowu5ekauxrgofeb","openid":"ouN6_s3Ze8B-7g_LCN0tB0W86vN8","out_trade_no":"126806760120151006124459","result_code":"SUCCESS","return_code":"SUCCESS","sign":"8894E084C380A740675C81B8BCB992AB","time_end":"20151006124754","total_fee":"4000","trade_type":"JSAPI","transaction_id":"1003670869201510061105958557"}
[2015-10-06 12:48:01][debug] query:{"appid":"wx161f19ac48b1f2f3","attach":"\u9a6c\u62c9\u677e\u62a5\u540d","bank_type":"CFT","cash_fee":"4000","fee_type":"CNY","is_subscribe":"Y","mch_id":"1268067601","nonce_str":"vjYggY8n0GaQScgs","openid":"ouN6_s3Ze8B-7g_LCN0tB0W86vN8","out_trade_no":"126806760120151006124459","result_code":"SUCCESS","return_code":"SUCCESS","return_msg":"OK","sign":"95FB93FAB50189F5BCFACFAF742F909F","time_end":"20151006124754","total_fee":"4000","trade_state":"SUCCESS","trade_type":"JSAPI","transaction_id":"1003670869201510061105958557"}
[2015-10-06 12:48:01][debug] call back test:订单查询成功
[2015-10-06 12:48:01][debug] call back test:未入库
[2015-10-06 12:48:01][debug] call back test sql:UPDATE pa_marathon SET ispay =1,transaction_id="1003670869201510061105958557",out_trade_no="126806760120151006124459" WHERE openid ="ouN6_s3Ze8B-7g_LCN0tB0W86vN8"
[2015-10-06 12:48:01][debug] call back test:入库成功
[2015-10-06 12:48:09][debug] begin notify
[2015-10-06 12:48:09][debug] call back test:{"appid":"wx161f19ac48b1f2f3","attach":"\u9a6c\u62c9\u677e\u62a5\u540d","bank_type":"CFT","cash_fee":"4000","fee_type":"CNY","is_subscribe":"Y","mch_id":"1268067601","nonce_str":"1gf9n348mwgx3mlutowu5ekauxrgofeb","openid":"ouN6_s3Ze8B-7g_LCN0tB0W86vN8","out_trade_no":"126806760120151006124459","result_code":"SUCCESS","return_code":"SUCCESS","sign":"8894E084C380A740675C81B8BCB992AB","time_end":"20151006124754","total_fee":"4000","trade_type":"JSAPI","transaction_id":"1003670869201510061105958557"}
[2015-10-06 12:48:09][debug] query:{"appid":"wx161f19ac48b1f2f3","attach":"\u9a6c\u62c9\u677e\u62a5\u540d","bank_type":"CFT","cash_fee":"4000","fee_type":"CNY","is_subscribe":"Y","mch_id":"1268067601","nonce_str":"iV7L6iXYzb8wRR9l","openid":"ouN6_s3Ze8B-7g_LCN0tB0W86vN8","out_trade_no":"126806760120151006124459","result_code":"SUCCESS","return_code":"SUCCESS","return_msg":"OK","sign":"72728A8672BBFF9B38EE1904319819BB","time_end":"20151006124754","total_fee":"4000","trade_state":"SUCCESS","trade_type":"JSAPI","transaction_id":"1003670869201510061105958557"}
[2015-10-06 12:48:09][debug] call back test:订单查询成功
[2015-10-06 12:48:09][debug] call back test:已入库
[2015-10-06 13:12:50][debug] begin notify
[2015-10-06 13:12:50][debug] call back test:{"appid":"wx161f19ac48b1f2f3","attach":"\u9a6c\u62c9\u677e\u62a5\u540d","bank_type":"ABC_DEBIT","cash_fee":"4000","fee_type":"CNY","is_subscribe":"N","mch_id":"1268067601","nonce_str":"rdd8uo4xz31abh9cirrkyixy5lix3z9r","openid":"ouN6_s6YmIIsJd1MD06SAKUaJ-Ik","out_trade_no":"126806760120151006131209","result_code":"SUCCESS","return_code":"SUCCESS","sign":"DC88271B955A75F412CC8361E0AC968B","time_end":"20151006131250","total_fee":"4000","trade_type":"JSAPI","transaction_id":"1002760869201510061106306888"}
[2015-10-06 13:12:50][debug] query:{"appid":"wx161f19ac48b1f2f3","attach":"\u9a6c\u62c9\u677e\u62a5\u540d","bank_type":"ABC_DEBIT","cash_fee":"4000","fee_type":"CNY","is_subscribe":"N","mch_id":"1268067601","nonce_str":"JnCKFq6z6UlWGctx","openid":"ouN6_s6YmIIsJd1MD06SAKUaJ-Ik","out_trade_no":"126806760120151006131209","result_code":"SUCCESS","return_code":"SUCCESS","return_msg":"OK","sign":"730857D9F0648A80DF23209C042CB1AB","time_end":"20151006131249","total_fee":"4000","trade_state":"SUCCESS","trade_type":"JSAPI","transaction_id":"1002760869201510061106306888"}
[2015-10-06 13:12:50][debug] call back test:订单查询成功
[2015-10-06 13:12:50][debug] call back test:未入库
[2015-10-06 13:12:50][debug] call back test sql:UPDATE pa_marathon SET ispay =1,transaction_id="1002760869201510061106306888",out_trade_no="126806760120151006131209" WHERE openid ="ouN6_s6YmIIsJd1MD06SAKUaJ-Ik"
[2015-10-06 13:12:50][debug] call back test:入库成功
[2015-10-06 14:00:48][debug] begin notify
[2015-10-06 14:00:48][debug] call back test:{"appid":"wx161f19ac48b1f2f3","attach":"\u9a6c\u62c9\u677e\u62a5\u540d","bank_type":"CFT","cash_fee":"6000","fee_type":"CNY","is_subscribe":"N","mch_id":"1268067601","nonce_str":"i2vfkzwuxbpq7v5jw7f7oxkzbvlraipf","openid":"ouN6_s5QwcUo9Vwg8LPwmaBngAqs","out_trade_no":"126806760120151006140030","result_code":"SUCCESS","return_code":"SUCCESS","sign":"61E8FA0D2C2AB8BF2A5896EA1AF7C916","time_end":"20151006140048","total_fee":"6000","trade_type":"JSAPI","transaction_id":"1004840869201510061106918411"}
[2015-10-06 14:00:48][debug] query:{"appid":"wx161f19ac48b1f2f3","attach":"\u9a6c\u62c9\u677e\u62a5\u540d","bank_type":"CFT","cash_fee":"6000","fee_type":"CNY","is_subscribe":"N","mch_id":"1268067601","nonce_str":"eh5NOPZDpoM0K4J5","openid":"ouN6_s5QwcUo9Vwg8LPwmaBngAqs","out_trade_no":"126806760120151006140030","result_code":"SUCCESS","return_code":"SUCCESS","return_msg":"OK","sign":"DA68F6C3ACF789EC26E8672516363CE2","time_end":"20151006140047","total_fee":"6000","trade_state":"SUCCESS","trade_type":"JSAPI","transaction_id":"1004840869201510061106918411"}
[2015-10-06 14:00:48][debug] call back test:订单查询成功
[2015-10-06 14:00:48][debug] call back test:未入库
[2015-10-06 14:00:48][debug] call back test sql:UPDATE pa_marathon SET ispay =1,transaction_id="1004840869201510061106918411",out_trade_no="126806760120151006140030" WHERE openid ="ouN6_s5QwcUo9Vwg8LPwmaBngAqs"
[2015-10-06 14:00:48][debug] call back test:入库成功
[2015-10-06 14:38:35][debug] begin notify
[2015-10-06 14:38:35][debug] call back test:{"appid":"wx161f19ac48b1f2f3","attach":"\u9a6c\u62c9\u677e\u62a5\u540d","bank_type":"CFT","cash_fee":"8000","fee_type":"CNY","is_subscribe":"Y","mch_id":"1268067601","nonce_str":"gxxw7pkhc0i9zx53gjr8h60ockiowrsb","openid":"ouN6_s9z6syUj9blBBi5i_q6KFmM","out_trade_no":"126806760120151006143817","result_code":"SUCCESS","return_code":"SUCCESS","sign":"F2E62D633BC277C7AECE36A29C375562","time_end":"20151006143835","total_fee":"8000","trade_type":"JSAPI","transaction_id":"1000600869201510061107324998"}
[2015-10-06 14:38:35][debug] query:{"appid":"wx161f19ac48b1f2f3","attach":"\u9a6c\u62c9\u677e\u62a5\u540d","bank_type":"CFT","cash_fee":"8000","fee_type":"CNY","is_subscribe":"Y","mch_id":"1268067601","nonce_str":"CAIbWQ5Ps2YsnELn","openid":"ouN6_s9z6syUj9blBBi5i_q6KFmM","out_trade_no":"126806760120151006143817","result_code":"SUCCESS","return_code":"SUCCESS","return_msg":"OK","sign":"AD3AFBAE8297AF3175648E3DE19709A7","time_end":"20151006143834","total_fee":"8000","trade_state":"SUCCESS","trade_type":"JSAPI","transaction_id":"1000600869201510061107324998"}
[2015-10-06 14:38:35][debug] call back test:订单查询成功
[2015-10-06 14:38:35][debug] call back test:未入库
[2015-10-06 14:38:35][debug] call back test sql:UPDATE pa_marathon SET ispay =1,transaction_id="1000600869201510061107324998",out_trade_no="126806760120151006143817" WHERE openid ="ouN6_s9z6syUj9blBBi5i_q6KFmM"
[2015-10-06 14:38:35][debug] call back test:入库成功
[2015-10-06 15:08:24][debug] begin notify
[2015-10-06 15:08:24][debug] call back test:{"appid":"wx161f19ac48b1f2f3","attach":"\u9a6c\u62c9\u677e\u62a5\u540d","bank_type":"ICBC_CREDIT","cash_fee":"6000","fee_type":"CNY","is_subscribe":"Y","mch_id":"1268067601","nonce_str":"ecrv2efh0c0l4u20kbtzqqhhe7ssjfmp","openid":"ouN6_s_oM98DnCYPnmfxk1srlGZ4","out_trade_no":"126806760120151006150809","result_code":"SUCCESS","return_code":"SUCCESS","sign":"F902BD398E9BCBAFDCEC33B12BE79161","time_end":"20151006150824","total_fee":"6000","trade_type":"JSAPI","transaction_id":"1000380869201510061107673464"}
[2015-10-06 15:08:25][debug] query:{"appid":"wx161f19ac48b1f2f3","attach":"\u9a6c\u62c9\u677e\u62a5\u540d","bank_type":"ICBC_CREDIT","cash_fee":"6000","fee_type":"CNY","is_subscribe":"Y","mch_id":"1268067601","nonce_str":"VVXf5SDWdliBUyXZ","openid":"ouN6_s_oM98DnCYPnmfxk1srlGZ4","out_trade_no":"126806760120151006150809","result_code":"SUCCESS","return_code":"SUCCESS","return_msg":"OK","sign":"F3168605E4FD803791FBBE2E2580F174","time_end":"20151006150823","total_fee":"6000","trade_state":"SUCCESS","trade_type":"JSAPI","transaction_id":"1000380869201510061107673464"}
[2015-10-06 15:08:25][debug] call back test:订单查询成功
[2015-10-06 15:08:25][debug] call back test:未入库
[2015-10-06 15:08:25][debug] call back test sql:UPDATE pa_marathon SET ispay =1,transaction_id="1000380869201510061107673464",out_trade_no="126806760120151006150809" WHERE openid ="ouN6_s_oM98DnCYPnmfxk1srlGZ4"
[2015-10-06 15:08:25][debug] call back test:入库成功
[2015-10-06 15:27:04][debug] begin notify
[2015-10-06 15:27:04][debug] call back test:{"appid":"wx161f19ac48b1f2f3","attach":"\u9a6c\u62c9\u677e\u62a5\u540d","bank_type":"CFT","cash_fee":"6000","fee_type":"CNY","is_subscribe":"Y","mch_id":"1268067601","nonce_str":"ef81eg7lqp8udc87oikupmb5mg69rva2","openid":"ouN6_s3HnZJuGv8uJ7TP6_hg8DtY","out_trade_no":"126806760120151006152656","result_code":"SUCCESS","return_code":"SUCCESS","sign":"1FDAC02E19246D2D7DF01DBC2D6E164D","time_end":"20151006152704","total_fee":"6000","trade_type":"JSAPI","transaction_id":"1008200869201510061107860512"}
[2015-10-06 15:27:04][debug] query:{"appid":"wx161f19ac48b1f2f3","attach":"\u9a6c\u62c9\u677e\u62a5\u540d","bank_type":"CFT","cash_fee":"6000","fee_type":"CNY","is_subscribe":"Y","mch_id":"1268067601","nonce_str":"ZFTRKypQA8NEAzti","openid":"ouN6_s3HnZJuGv8uJ7TP6_hg8DtY","out_trade_no":"126806760120151006152656","result_code":"SUCCESS","return_code":"SUCCESS","return_msg":"OK","sign":"9BF99DD497266AA04F8F0E4518549197","time_end":"20151006152703","total_fee":"6000","trade_state":"SUCCESS","trade_type":"JSAPI","transaction_id":"1008200869201510061107860512"}
[2015-10-06 15:27:04][debug] call back test:订单查询成功
[2015-10-06 15:27:04][debug] call back test:未入库
[2015-10-06 15:27:04][debug] call back test sql:UPDATE pa_marathon SET ispay =1,transaction_id="1008200869201510061107860512",out_trade_no="126806760120151006152656" WHERE openid ="ouN6_s3HnZJuGv8uJ7TP6_hg8DtY"
[2015-10-06 15:27:04][debug] call back test:入库成功
[2015-10-06 15:27:07][debug] begin notify
[2015-10-06 15:27:07][debug] call back test:{"appid":"wx161f19ac48b1f2f3","attach":"\u9a6c\u62c9\u677e\u62a5\u540d","bank_type":"CFT","cash_fee":"6000","fee_type":"CNY","is_subscribe":"Y","mch_id":"1268067601","nonce_str":"ewvy2xuk0a98k3nosj6e4tn3krt11q5n","openid":"ouN6_sz_DixqjHuMo5O0Pm4ncQaY","out_trade_no":"126806760120151006152617","result_code":"SUCCESS","return_code":"SUCCESS","sign":"360AB59449FE94B484FAD5A90C3993B1","time_end":"20151006152706","total_fee":"6000","trade_type":"JSAPI","transaction_id":"1007200869201510061107867328"}
[2015-10-06 15:27:08][debug] query:{"appid":"wx161f19ac48b1f2f3","attach":"\u9a6c\u62c9\u677e\u62a5\u540d","bank_type":"CFT","cash_fee":"6000","fee_type":"CNY","is_subscribe":"Y","mch_id":"1268067601","nonce_str":"Lt6yOLRbjTE88PtP","openid":"ouN6_sz_DixqjHuMo5O0Pm4ncQaY","out_trade_no":"126806760120151006152617","result_code":"SUCCESS","return_code":"SUCCESS","return_msg":"OK","sign":"E72E85C302AD48FD115D7091AFE8DA1E","time_end":"20151006152706","total_fee":"6000","trade_state":"SUCCESS","trade_type":"JSAPI","transaction_id":"1007200869201510061107867328"}
[2015-10-06 15:27:08][debug] call back test:订单查询成功
[2015-10-06 15:27:08][debug] call back test:未入库
[2015-10-06 15:27:08][debug] call back test sql:UPDATE pa_marathon SET ispay =1,transaction_id="1007200869201510061107867328",out_trade_no="126806760120151006152617" WHERE openid ="ouN6_sz_DixqjHuMo5O0Pm4ncQaY"
[2015-10-06 15:27:08][debug] call back test:入库成功
[2015-10-06 15:29:22][debug] begin notify
[2015-10-06 15:29:22][debug] call back test:{"appid":"wx161f19ac48b1f2f3","attach":"\u9a6c\u62c9\u677e\u62a5\u540d","bank_type":"CFT","cash_fee":"6000","fee_type":"CNY","is_subscribe":"Y","mch_id":"1268067601","nonce_str":"v0frcrl6b8k9n8n1f982v4va2bntgnr5","openid":"ouN6_syDtNcWXg7OGSvDETvLe61A","out_trade_no":"126806760120151006152859","result_code":"SUCCESS","return_code":"SUCCESS","sign":"A92822A366427C33DE07021E2798F71A","time_end":"20151006152922","total_fee":"6000","trade_type":"JSAPI","transaction_id":"1006090869201510061107878560"}
[2015-10-06 15:29:22][debug] query:{"appid":"wx161f19ac48b1f2f3","attach":"\u9a6c\u62c9\u677e\u62a5\u540d","bank_type":"CFT","cash_fee":"6000","fee_type":"CNY","is_subscribe":"Y","mch_id":"1268067601","nonce_str":"vCgPcKnl4UeArQNp","openid":"ouN6_syDtNcWXg7OGSvDETvLe61A","out_trade_no":"126806760120151006152859","result_code":"SUCCESS","return_code":"SUCCESS","return_msg":"OK","sign":"F3347BEE132DDDD4A2A433F267668371","time_end":"20151006152921","total_fee":"6000","trade_state":"SUCCESS","trade_type":"JSAPI","transaction_id":"1006090869201510061107878560"}
[2015-10-06 15:29:22][debug] call back test:订单查询成功
[2015-10-06 15:29:22][debug] call back test:未入库
[2015-10-06 15:29:22][debug] call back test sql:UPDATE pa_marathon SET ispay =1,transaction_id="1006090869201510061107878560",out_trade_no="126806760120151006152859" WHERE openid ="ouN6_syDtNcWXg7OGSvDETvLe61A"
[2015-10-06 15:29:22][debug] call back test:入库成功
[2015-10-06 16:11:59][debug] begin notify
[2015-10-06 16:11:59][debug] call back test:{"appid":"wx161f19ac48b1f2f3","attach":"\u9a6c\u62c9\u677e\u62a5\u540d","bank_type":"BOC_DEBIT","cash_fee":"6000","fee_type":"CNY","is_subscribe":"Y","mch_id":"1268067601","nonce_str":"mt4n9sh4supa5ic6l1uypqrugdzao0e9","openid":"ouN6_s0WWoCQpE-TbIqSQc-21m74","out_trade_no":"126806760120151006161103","result_code":"SUCCESS","return_code":"SUCCESS","sign":"47CEB1615EBF72C651B775574B34E3DD","time_end":"20151006161158","total_fee":"6000","trade_type":"JSAPI","transaction_id":"1007750869201510061108344667"}
[2015-10-06 16:11:59][debug] query:{"appid":"wx161f19ac48b1f2f3","attach":"\u9a6c\u62c9\u677e\u62a5\u540d","bank_type":"BOC_DEBIT","cash_fee":"6000","fee_type":"CNY","is_subscribe":"Y","mch_id":"1268067601","nonce_str":"4f1TkISgaYEFFr4e","openid":"ouN6_s0WWoCQpE-TbIqSQc-21m74","out_trade_no":"126806760120151006161103","result_code":"SUCCESS","return_code":"SUCCESS","return_msg":"OK","sign":"F207FDEB129B1210F289B946A4799A42","time_end":"20151006161157","total_fee":"6000","trade_state":"SUCCESS","trade_type":"JSAPI","transaction_id":"1007750869201510061108344667"}
[2015-10-06 16:11:59][debug] call back test:订单查询成功
[2015-10-06 16:11:59][debug] call back test:未入库
[2015-10-06 16:11:59][debug] call back test sql:UPDATE pa_marathon SET ispay =1,transaction_id="1007750869201510061108344667",out_trade_no="126806760120151006161103" WHERE openid ="ouN6_s0WWoCQpE-TbIqSQc-21m74"
[2015-10-06 16:11:59][debug] call back test:入库成功
[2015-10-06 17:00:11][debug] begin notify
[2015-10-06 17:00:11][debug] call back test:{"appid":"wx161f19ac48b1f2f3","attach":"\u9a6c\u62c9\u677e\u62a5\u540d","bank_type":"ABC_DEBIT","cash_fee":"6000","fee_type":"CNY","is_subscribe":"Y","mch_id":"1268067601","nonce_str":"ge5zqjnwze59lya8401gcx7w093gflnb","openid":"ouN6_s3rYxJtl5wu6syCwbgaZALU","out_trade_no":"126806760120151006165857","result_code":"SUCCESS","return_code":"SUCCESS","sign":"F85E05AA90552FC8B60C3FAECC917F88","time_end":"20151006170009","total_fee":"6000","trade_type":"JSAPI","transaction_id":"1008000869201510061108867172"}
[2015-10-06 17:00:12][debug] query:{"appid":"wx161f19ac48b1f2f3","attach":"\u9a6c\u62c9\u677e\u62a5\u540d","bank_type":"ABC_DEBIT","cash_fee":"6000","fee_type":"CNY","is_subscribe":"Y","mch_id":"1268067601","nonce_str":"EQulYv2YNlbAwxvX","openid":"ouN6_s3rYxJtl5wu6syCwbgaZALU","out_trade_no":"126806760120151006165857","result_code":"SUCCESS","return_code":"SUCCESS","return_msg":"OK","sign":"56C13013483AC3322554E13EDE173198","time_end":"20151006170008","total_fee":"6000","trade_state":"SUCCESS","trade_type":"JSAPI","transaction_id":"1008000869201510061108867172"}
[2015-10-06 17:00:12][debug] call back test:订单查询成功
[2015-10-06 17:00:12][debug] call back test:未入库
[2015-10-06 17:00:12][debug] call back test sql:UPDATE pa_marathon SET ispay =1,transaction_id="1008000869201510061108867172",out_trade_no="126806760120151006165857" WHERE openid ="ouN6_s3rYxJtl5wu6syCwbgaZALU"
[2015-10-06 17:00:12][debug] call back test:入库成功
[2015-10-06 17:00:26][debug] begin notify
[2015-10-06 17:00:26][debug] call back test:{"appid":"wx161f19ac48b1f2f3","attach":"\u9a6c\u62c9\u677e\u62a5\u540d","bank_type":"ABC_DEBIT","cash_fee":"6000","fee_type":"CNY","is_subscribe":"Y","mch_id":"1268067601","nonce_str":"ge5zqjnwze59lya8401gcx7w093gflnb","openid":"ouN6_s3rYxJtl5wu6syCwbgaZALU","out_trade_no":"126806760120151006165857","result_code":"SUCCESS","return_code":"SUCCESS","sign":"F85E05AA90552FC8B60C3FAECC917F88","time_end":"20151006170009","total_fee":"6000","trade_type":"JSAPI","transaction_id":"1008000869201510061108867172"}
[2015-10-06 17:00:27][debug] query:{"appid":"wx161f19ac48b1f2f3","attach":"\u9a6c\u62c9\u677e\u62a5\u540d","bank_type":"ABC_DEBIT","cash_fee":"6000","fee_type":"CNY","is_subscribe":"Y","mch_id":"1268067601","nonce_str":"uplDDZMtukTlq4Tb","openid":"ouN6_s3rYxJtl5wu6syCwbgaZALU","out_trade_no":"126806760120151006165857","result_code":"SUCCESS","return_code":"SUCCESS","return_msg":"OK","sign":"0B0BBBD1F26950F22FD1D2D668A9F67A","time_end":"20151006170008","total_fee":"6000","trade_state":"SUCCESS","trade_type":"JSAPI","transaction_id":"1008000869201510061108867172"}
[2015-10-06 17:00:27][debug] call back test:订单查询成功
[2015-10-06 17:00:27][debug] call back test:已入库
[2015-10-06 18:09:59][debug] begin notify
[2015-10-06 18:09:59][debug] call back test:{"appid":"wx161f19ac48b1f2f3","attach":"\u9a6c\u62c9\u677e\u62a5\u540d","bank_type":"CFT","cash_fee":"4000","fee_type":"CNY","is_subscribe":"Y","mch_id":"1268067601","nonce_str":"2y57r8onbga7yulyfhtavzyyysud3blp","openid":"ouN6_s6301_8zWdvykMihmxrZ_Yo","out_trade_no":"126806760120151006180902","result_code":"SUCCESS","return_code":"SUCCESS","sign":"A66B24B88E5A73507A3BECA46DAE6048","time_end":"20151006180957","total_fee":"4000","trade_type":"JSAPI","transaction_id":"1008960869201510061109786310"}
[2015-10-06 18:09:59][debug] query:{"appid":"wx161f19ac48b1f2f3","attach":"\u9a6c\u62c9\u677e\u62a5\u540d","bank_type":"CFT","cash_fee":"4000","fee_type":"CNY","is_subscribe":"Y","mch_id":"1268067601","nonce_str":"vPA84FzM1QSz1d4T","openid":"ouN6_s6301_8zWdvykMihmxrZ_Yo","out_trade_no":"126806760120151006180902","result_code":"SUCCESS","return_code":"SUCCESS","return_msg":"OK","sign":"66C6641A04B73C00999C693C587F48C5","time_end":"20151006180957","total_fee":"4000","trade_state":"SUCCESS","trade_type":"JSAPI","transaction_id":"1008960869201510061109786310"}
[2015-10-06 18:09:59][debug] call back test:订单查询成功
[2015-10-06 18:09:59][debug] call back test:未入库
[2015-10-06 18:09:59][debug] call back test sql:UPDATE pa_marathon SET ispay =1,transaction_id="1008960869201510061109786310",out_trade_no="126806760120151006180902" WHERE openid ="ouN6_s6301_8zWdvykMihmxrZ_Yo"
[2015-10-06 18:09:59][debug] call back test:入库成功
[2015-10-06 18:51:17][debug] begin notify
[2015-10-06 18:51:17][debug] call back test:{"appid":"wx161f19ac48b1f2f3","attach":"\u9a6c\u62c9\u677e\u62a5\u540d","bank_type":"CFT","cash_fee":"4000","fee_type":"CNY","is_subscribe":"Y","mch_id":"1268067601","nonce_str":"tu31sefmb02zcutx68gv8mt967ccufu9","openid":"ouN6_s5ZyfHkEQ4k1Q5xUenLYCV4","out_trade_no":"126806760120151006185052","result_code":"SUCCESS","return_code":"SUCCESS","sign":"F2778580BB82EC38962CFA397CBD98A9","time_end":"20151006185117","total_fee":"4000","trade_type":"JSAPI","transaction_id":"1005380869201510061110317172"}
[2015-10-06 18:51:18][debug] query:{"appid":"wx161f19ac48b1f2f3","attach":"\u9a6c\u62c9\u677e\u62a5\u540d","bank_type":"CFT","cash_fee":"4000","fee_type":"CNY","is_subscribe":"Y","mch_id":"1268067601","nonce_str":"IbcRRuoDcOgc4lqu","openid":"ouN6_s5ZyfHkEQ4k1Q5xUenLYCV4","out_trade_no":"126806760120151006185052","result_code":"SUCCESS","return_code":"SUCCESS","return_msg":"OK","sign":"8B08EE41F47BF64B475360930AC6E676","time_end":"20151006185117","total_fee":"4000","trade_state":"SUCCESS","trade_type":"JSAPI","transaction_id":"1005380869201510061110317172"}
[2015-10-06 18:51:18][debug] call back test:订单查询成功
[2015-10-06 18:51:18][debug] call back test:未入库
[2015-10-06 18:51:18][debug] call back test sql:UPDATE pa_marathon SET ispay =1,transaction_id="1005380869201510061110317172",out_trade_no="126806760120151006185052" WHERE openid ="ouN6_s5ZyfHkEQ4k1Q5xUenLYCV4"
[2015-10-06 18:51:18][debug] call back test:入库成功
[2015-10-06 19:08:30][debug] begin notify
[2015-10-06 19:08:30][debug] call back test:{"appid":"wx161f19ac48b1f2f3","attach":"\u9a6c\u62c9\u677e\u62a5\u540d","bank_type":"CFT","cash_fee":"4000","fee_type":"CNY","is_subscribe":"Y","mch_id":"1268067601","nonce_str":"jo4e7svlizq5gfs1pn2sxmujxya0h3sc","openid":"ouN6_s0Giiv6dadQa3EaxSyJJtLQ","out_trade_no":"126806760120151006190759","result_code":"SUCCESS","return_code":"SUCCESS","sign":"AB947C39437DA3FBC8C1210F2A78590F","time_end":"20151006190830","total_fee":"4000","trade_type":"JSAPI","transaction_id":"1005440869201510061110568225"}
[2015-10-06 19:08:30][debug] query:{"appid":"wx161f19ac48b1f2f3","attach":"\u9a6c\u62c9\u677e\u62a5\u540d","bank_type":"CFT","cash_fee":"4000","fee_type":"CNY","is_subscribe":"Y","mch_id":"1268067601","nonce_str":"ZOJctBKtWTXyYFni","openid":"ouN6_s0Giiv6dadQa3EaxSyJJtLQ","out_trade_no":"126806760120151006190759","result_code":"SUCCESS","return_code":"SUCCESS","return_msg":"OK","sign":"C19E9734A8DF75405E13B6A466A46598","time_end":"20151006190829","total_fee":"4000","trade_state":"SUCCESS","trade_type":"JSAPI","transaction_id":"1005440869201510061110568225"}
[2015-10-06 19:08:30][debug] call back test:订单查询成功
[2015-10-06 19:08:30][debug] call back test:未入库
[2015-10-06 19:08:30][debug] call back test sql:UPDATE pa_marathon SET ispay =1,transaction_id="1005440869201510061110568225",out_trade_no="126806760120151006190759" WHERE openid ="ouN6_s0Giiv6dadQa3EaxSyJJtLQ"
[2015-10-06 19:08:30][debug] call back test:入库成功
[2015-10-06 19:09:18][debug] begin notify
[2015-10-06 19:09:18][debug] call back test:{"appid":"wx161f19ac48b1f2f3","attach":"\u9a6c\u62c9\u677e\u62a5\u540d","bank_type":"CFT","cash_fee":"8000","fee_type":"CNY","is_subscribe":"Y","mch_id":"1268067601","nonce_str":"6erz3xtbn1vtpezk6p64ru6uf82h054s","openid":"ouN6_sxl1xgOWV_VsH2LQzoa-hFo","out_trade_no":"126806760120151006190902","result_code":"SUCCESS","return_code":"SUCCESS","sign":"857E8D86683944D59FF1D1255530C933","time_end":"20151006190916","total_fee":"8000","trade_type":"JSAPI","transaction_id":"1000030869201510061110540385"}
[2015-10-06 19:09:18][debug] query:{"appid":"wx161f19ac48b1f2f3","attach":"\u9a6c\u62c9\u677e\u62a5\u540d","bank_type":"CFT","cash_fee":"8000","fee_type":"CNY","is_subscribe":"Y","mch_id":"1268067601","nonce_str":"pCiDEBezCpwkZ29t","openid":"ouN6_sxl1xgOWV_VsH2LQzoa-hFo","out_trade_no":"126806760120151006190902","result_code":"SUCCESS","return_code":"SUCCESS","return_msg":"OK","sign":"7696913D31464BAE9394145CF1F61336","time_end":"20151006190916","total_fee":"8000","trade_state":"SUCCESS","trade_type":"JSAPI","transaction_id":"1000030869201510061110540385"}
[2015-10-06 19:09:18][debug] call back test:订单查询成功
[2015-10-06 19:09:18][debug] call back test:未入库
[2015-10-06 19:09:18][debug] call back test sql:UPDATE pa_marathon SET ispay =1,transaction_id="1000030869201510061110540385",out_trade_no="126806760120151006190902" WHERE openid ="ouN6_sxl1xgOWV_VsH2LQzoa-hFo"
[2015-10-06 19:09:18][debug] call back test:入库成功
[2015-10-06 19:15:05][debug] begin notify
[2015-10-06 19:15:05][debug] call back test:{"appid":"wx161f19ac48b1f2f3","attach":"\u9a6c\u62c9\u677e\u62a5\u540d","bank_type":"CFT","cash_fee":"6000","fee_type":"CNY","is_subscribe":"Y","mch_id":"1268067601","nonce_str":"1ej4p4qnmxnet7j7g1ytzhdbtqra330o","openid":"ouN6_s5QwcUo9Vwg8LPwmaBngAqs","out_trade_no":"126806760120151006191449","result_code":"SUCCESS","return_code":"SUCCESS","sign":"82B3723D8AF294785C5FF31AF5541FB4","time_end":"20151006191504","total_fee":"6000","trade_type":"JSAPI","transaction_id":"1004840869201510061110617181"}
[2015-10-06 19:15:05][debug] query:{"appid":"wx161f19ac48b1f2f3","attach":"\u9a6c\u62c9\u677e\u62a5\u540d","bank_type":"CFT","cash_fee":"6000","fee_type":"CNY","is_subscribe":"Y","mch_id":"1268067601","nonce_str":"7tYlA2lXmSlGfGeY","openid":"ouN6_s5QwcUo9Vwg8LPwmaBngAqs","out_trade_no":"126806760120151006191449","result_code":"SUCCESS","return_code":"SUCCESS","return_msg":"OK","sign":"B422FBBD7FAD432F750DBF48A2D8D1B0","time_end":"20151006191504","total_fee":"6000","trade_state":"SUCCESS","trade_type":"JSAPI","transaction_id":"1004840869201510061110617181"}
[2015-10-06 19:15:05][debug] call back test:订单查询成功
[2015-10-06 19:15:05][debug] call back test:未入库
[2015-10-06 19:15:05][debug] call back test sql:UPDATE pa_marathon SET ispay =1,transaction_id="1004840869201510061110617181",out_trade_no="126806760120151006191449" WHERE openid ="ouN6_s5QwcUo9Vwg8LPwmaBngAqs"
[2015-10-06 19:15:05][debug] call back test:入库成功
[2015-10-06 19:31:55][debug] begin notify
[2015-10-06 19:31:55][debug] call back test:{"appid":"wx161f19ac48b1f2f3","attach":"\u9a6c\u62c9\u677e\u62a5\u540d","bank_type":"CFT","cash_fee":"6000","fee_type":"CNY","is_subscribe":"Y","mch_id":"1268067601","nonce_str":"mliepu0rv611dsl0li4nv1c8gfpk3d41","openid":"ouN6_s6340usQNyl01fTwYy1DNYM","out_trade_no":"126806760120151006193048","result_code":"SUCCESS","return_code":"SUCCESS","sign":"2DD8285CB37B0A49C841158F11DCB776","time_end":"20151006193155","total_fee":"6000","trade_type":"JSAPI","transaction_id":"1009120869201510061110850810"}
[2015-10-06 19:31:56][debug] query:{"appid":"wx161f19ac48b1f2f3","attach":"\u9a6c\u62c9\u677e\u62a5\u540d","bank_type":"CFT","cash_fee":"6000","fee_type":"CNY","is_subscribe":"Y","mch_id":"1268067601","nonce_str":"Txj5zl1mP6GJxCuk","openid":"ouN6_s6340usQNyl01fTwYy1DNYM","out_trade_no":"126806760120151006193048","result_code":"SUCCESS","return_code":"SUCCESS","return_msg":"OK","sign":"1D11289CD456C415FC8B2670EB51EE7E","time_end":"20151006193155","total_fee":"6000","trade_state":"SUCCESS","trade_type":"JSAPI","transaction_id":"1009120869201510061110850810"}
[2015-10-06 19:31:56][debug] call back test:订单查询成功
[2015-10-06 19:31:56][debug] call back test:未入库
[2015-10-06 19:31:56][debug] call back test sql:UPDATE pa_marathon SET ispay =1,transaction_id="1009120869201510061110850810",out_trade_no="126806760120151006193048" WHERE openid ="ouN6_s6340usQNyl01fTwYy1DNYM"
[2015-10-06 19:31:56][debug] call back test:入库成功
[2015-10-06 19:35:23][debug] begin notify
[2015-10-06 19:35:23][debug] call back test:{"appid":"wx161f19ac48b1f2f3","attach":"\u9a6c\u62c9\u677e\u62a5\u540d","bank_type":"CCB_DEBIT","cash_fee":"4000","fee_type":"CNY","is_subscribe":"N","mch_id":"1268067601","nonce_str":"ocuri9jzdtx8tlgrurh7fxjb8r95hq2f","openid":"ouN6_s7679mm1QVqOSf_ZysJMZUs","out_trade_no":"126806760120151006193235","result_code":"SUCCESS","return_code":"SUCCESS","sign":"2010C918BA20E36C99756D2B3AEB2B47","time_end":"20151006193523","total_fee":"4000","trade_type":"JSAPI","transaction_id":"1007410869201510061110847175"}
[2015-10-06 19:35:39][debug] begin notify
[2015-10-06 19:35:39][debug] call back test:{"appid":"wx161f19ac48b1f2f3","attach":"\u9a6c\u62c9\u677e\u62a5\u540d","bank_type":"CCB_DEBIT","cash_fee":"4000","fee_type":"CNY","is_subscribe":"N","mch_id":"1268067601","nonce_str":"ocuri9jzdtx8tlgrurh7fxjb8r95hq2f","openid":"ouN6_s7679mm1QVqOSf_ZysJMZUs","out_trade_no":"126806760120151006193235","result_code":"SUCCESS","return_code":"SUCCESS","sign":"2010C918BA20E36C99756D2B3AEB2B47","time_end":"20151006193523","total_fee":"4000","trade_type":"JSAPI","transaction_id":"1007410869201510061110847175"}
[2015-10-06 19:35:59][debug] begin notify
[2015-10-06 19:35:59][debug] call back test:{"appid":"wx161f19ac48b1f2f3","attach":"\u9a6c\u62c9\u677e\u62a5\u540d","bank_type":"CCB_DEBIT","cash_fee":"4000","fee_type":"CNY","is_subscribe":"N","mch_id":"1268067601","nonce_str":"ocuri9jzdtx8tlgrurh7fxjb8r95hq2f","openid":"ouN6_s7679mm1QVqOSf_ZysJMZUs","out_trade_no":"126806760120151006193235","result_code":"SUCCESS","return_code":"SUCCESS","sign":"2010C918BA20E36C99756D2B3AEB2B47","time_end":"20151006193523","total_fee":"4000","trade_type":"JSAPI","transaction_id":"1007410869201510061110847175"}
[2015-10-06 19:36:36][debug] begin notify
[2015-10-06 19:36:36][debug] call back test:{"appid":"wx161f19ac48b1f2f3","attach":"\u9a6c\u62c9\u677e\u62a5\u540d","bank_type":"CCB_DEBIT","cash_fee":"4000","fee_type":"CNY","is_subscribe":"N","mch_id":"1268067601","nonce_str":"ocuri9jzdtx8tlgrurh7fxjb8r95hq2f","openid":"ouN6_s7679mm1QVqOSf_ZysJMZUs","out_trade_no":"126806760120151006193235","result_code":"SUCCESS","return_code":"SUCCESS","sign":"2010C918BA20E36C99756D2B3AEB2B47","time_end":"20151006193523","total_fee":"4000","trade_type":"JSAPI","transaction_id":"1007410869201510061110847175"}
[2015-10-06 19:36:40][debug] query:{"appid":"wx161f19ac48b1f2f3","attach":"\u9a6c\u62c9\u677e\u62a5\u540d","bank_type":"CCB_DEBIT","cash_fee":"4000","fee_type":"CNY","is_subscribe":"Y","mch_id":"1268067601","nonce_str":"En0uY5mWPUTJsFUj","openid":"ouN6_s7679mm1QVqOSf_ZysJMZUs","out_trade_no":"126806760120151006193235","result_code":"SUCCESS","return_code":"SUCCESS","return_msg":"OK","sign":"845595AF411E0633B0739682A8793CF7","time_end":"20151006193502","total_fee":"4000","trade_state":"SUCCESS","trade_type":"JSAPI","transaction_id":"1007410869201510061110847175"}
[2015-10-06 19:36:40][debug] call back test:订单查询成功
[2015-10-06 19:36:40][debug] call back test:未入库
[2015-10-06 19:36:40][debug] call back test sql:UPDATE pa_marathon SET ispay =1,transaction_id="1007410869201510061110847175",out_trade_no="126806760120151006193235" WHERE openid ="ouN6_s7679mm1QVqOSf_ZysJMZUs"
[2015-10-06 19:36:40][debug] call back test:入库成功
[2015-10-06 19:41:50][debug] begin notify
[2015-10-06 19:41:50][debug] call back test:{"appid":"wx161f19ac48b1f2f3","attach":"\u9a6c\u62c9\u677e\u62a5\u540d","bank_type":"CCB_DEBIT","cash_fee":"4000","fee_type":"CNY","is_subscribe":"Y","mch_id":"1268067601","nonce_str":"sf1fy8y4ab3qudwtuhx6dk5tdtrfj76w","openid":"ouN6_s_G_trj7w-PX46dibCL5QFc","out_trade_no":"126806760120151006194043","result_code":"SUCCESS","return_code":"SUCCESS","sign":"6EADE4B4E03DDC893E18D1A0C7008354","time_end":"20151006194150","total_fee":"4000","trade_type":"JSAPI","transaction_id":"1003950869201510061110950118"}
[2015-10-06 19:42:04][debug] begin notify
[2015-10-06 19:42:04][debug] call back test:{"appid":"wx161f19ac48b1f2f3","attach":"\u9a6c\u62c9\u677e\u62a5\u540d","bank_type":"CCB_DEBIT","cash_fee":"4000","fee_type":"CNY","is_subscribe":"Y","mch_id":"1268067601","nonce_str":"sf1fy8y4ab3qudwtuhx6dk5tdtrfj76w","openid":"ouN6_s_G_trj7w-PX46dibCL5QFc","out_trade_no":"126806760120151006194043","result_code":"SUCCESS","return_code":"SUCCESS","sign":"6EADE4B4E03DDC893E18D1A0C7008354","time_end":"20151006194150","total_fee":"4000","trade_type":"JSAPI","transaction_id":"1003950869201510061110950118"}
[2015-10-06 19:42:26][debug] begin notify
[2015-10-06 19:42:26][debug] call back test:{"appid":"wx161f19ac48b1f2f3","attach":"\u9a6c\u62c9\u677e\u62a5\u540d","bank_type":"CCB_DEBIT","cash_fee":"4000","fee_type":"CNY","is_subscribe":"Y","mch_id":"1268067601","nonce_str":"sf1fy8y4ab3qudwtuhx6dk5tdtrfj76w","openid":"ouN6_s_G_trj7w-PX46dibCL5QFc","out_trade_no":"126806760120151006194043","result_code":"SUCCESS","return_code":"SUCCESS","sign":"6EADE4B4E03DDC893E18D1A0C7008354","time_end":"20151006194150","total_fee":"4000","trade_type":"JSAPI","transaction_id":"1003950869201510061110950118"}
[2015-10-06 19:43:02][debug] begin notify
[2015-10-06 19:43:02][debug] call back test:{"appid":"wx161f19ac48b1f2f3","attach":"\u9a6c\u62c9\u677e\u62a5\u540d","bank_type":"CCB_DEBIT","cash_fee":"4000","fee_type":"CNY","is_subscribe":"Y","mch_id":"1268067601","nonce_str":"sf1fy8y4ab3qudwtuhx6dk5tdtrfj76w","openid":"ouN6_s_G_trj7w-PX46dibCL5QFc","out_trade_no":"126806760120151006194043","result_code":"SUCCESS","return_code":"SUCCESS","sign":"6EADE4B4E03DDC893E18D1A0C7008354","time_end":"20151006194150","total_fee":"4000","trade_type":"JSAPI","transaction_id":"1003950869201510061110950118"}
[2015-10-06 19:43:07][debug] query:{"appid":"wx161f19ac48b1f2f3","attach":"\u9a6c\u62c9\u677e\u62a5\u540d","bank_type":"CCB_DEBIT","cash_fee":"4000","fee_type":"CNY","is_subscribe":"Y","mch_id":"1268067601","nonce_str":"4pIQ1JdWKXjNPm1o","openid":"ouN6_s_G_trj7w-PX46dibCL5QFc","out_trade_no":"126806760120151006194043","result_code":"SUCCESS","return_code":"SUCCESS","return_msg":"OK","sign":"A5672ECD554930A8F5F454F6A834C900","time_end":"20151006194141","total_fee":"4000","trade_state":"SUCCESS","trade_type":"JSAPI","transaction_id":"1003950869201510061110950118"}
[2015-10-06 19:43:07][debug] call back test:订单查询成功
[2015-10-06 19:43:07][debug] call back test:未入库
[2015-10-06 19:43:07][debug] call back test sql:UPDATE pa_marathon SET ispay =1,transaction_id="1003950869201510061110950118",out_trade_no="126806760120151006194043" WHERE openid ="ouN6_s_G_trj7w-PX46dibCL5QFc"
[2015-10-06 19:43:07][debug] call back test:入库成功
[2015-10-06 19:46:08][debug] begin notify
[2015-10-06 19:46:08][debug] call back test:{"appid":"wx161f19ac48b1f2f3","attach":"\u9a6c\u62c9\u677e\u62a5\u540d","bank_type":"CCB_DEBIT","cash_fee":"4000","fee_type":"CNY","is_subscribe":"Y","mch_id":"1268067601","nonce_str":"sf1fy8y4ab3qudwtuhx6dk5tdtrfj76w","openid":"ouN6_s_G_trj7w-PX46dibCL5QFc","out_trade_no":"126806760120151006194043","result_code":"SUCCESS","return_code":"SUCCESS","sign":"6EADE4B4E03DDC893E18D1A0C7008354","time_end":"20151006194150","total_fee":"4000","trade_type":"JSAPI","transaction_id":"1003950869201510061110950118"}
[2015-10-06 19:47:47][debug] begin notify
[2015-10-06 19:47:47][debug] call back test:{"appid":"wx161f19ac48b1f2f3","attach":"\u9a6c\u62c9\u677e\u62a5\u540d","bank_type":"ICBC_DEBIT","cash_fee":"6000","fee_type":"CNY","is_subscribe":"Y","mch_id":"1268067601","nonce_str":"s27trfrj03pzdhf27n96ze0xcrihvg18","openid":"ouN6_s5U-x1Bf9z3u0rbYf_FCiow","out_trade_no":"126806760120151006194722","result_code":"SUCCESS","return_code":"SUCCESS","sign":"F01532788DA78F01AAF4EA87B15751C5","time_end":"20151006194746","total_fee":"6000","trade_type":"JSAPI","transaction_id":"1009390869201510061111015560"}
[2015-10-06 19:47:47][debug] query:{"appid":"wx161f19ac48b1f2f3","attach":"\u9a6c\u62c9\u677e\u62a5\u540d","bank_type":"ICBC_DEBIT","cash_fee":"6000","fee_type":"CNY","is_subscribe":"Y","mch_id":"1268067601","nonce_str":"R3pTIyClAexKTyVl","openid":"ouN6_s5U-x1Bf9z3u0rbYf_FCiow","out_trade_no":"126806760120151006194722","result_code":"SUCCESS","return_code":"SUCCESS","return_msg":"OK","sign":"70F6056BDCC4A89F25502B59CFB4C42D","time_end":"20151006194745","total_fee":"6000","trade_state":"SUCCESS","trade_type":"JSAPI","transaction_id":"1009390869201510061111015560"}
[2015-10-06 19:47:47][debug] call back test:订单查询成功
[2015-10-06 19:47:47][debug] call back test:未入库
[2015-10-06 19:47:47][debug] call back test sql:UPDATE pa_marathon SET ispay =1,transaction_id="1009390869201510061111015560",out_trade_no="126806760120151006194722" WHERE openid ="ouN6_s5U-x1Bf9z3u0rbYf_FCiow"
[2015-10-06 19:47:47][debug] call back test:入库成功
[2015-10-06 19:49:37][debug] begin notify
[2015-10-06 19:49:37][debug] call back test:{"appid":"wx161f19ac48b1f2f3","attach":"\u9a6c\u62c9\u677e\u62a5\u540d","bank_type":"ICBC_DEBIT","cash_fee":"6000","fee_type":"CNY","is_subscribe":"Y","mch_id":"1268067601","nonce_str":"sw5hjeiyocn1csf3kb0ksw3plicqvhuy","openid":"ouN6_s0-z_7t6nv3BkDQ7b4x0tBY","out_trade_no":"126806760120151006194757","result_code":"SUCCESS","return_code":"SUCCESS","sign":"3CCA55EF4ADA694498DD2694BDDD6129","time_end":"20151006194937","total_fee":"6000","trade_type":"JSAPI","transaction_id":"1001190869201510061111036653"}
[2015-10-06 19:49:43][debug] query:{"appid":"wx161f19ac48b1f2f3","attach":"\u9a6c\u62c9\u677e\u62a5\u540d","bank_type":"ICBC_DEBIT","cash_fee":"6000","fee_type":"CNY","is_subscribe":"Y","mch_id":"1268067601","nonce_str":"K5ILOSN5YfaUvfXD","openid":"ouN6_s0-z_7t6nv3BkDQ7b4x0tBY","out_trade_no":"126806760120151006194757","result_code":"SUCCESS","return_code":"SUCCESS","return_msg":"OK","sign":"AD3983F6B5EFC84C1C758E2E8DE1D3BD","time_end":"20151006194925","total_fee":"6000","trade_state":"SUCCESS","trade_type":"JSAPI","transaction_id":"1001190869201510061111036653"}
[2015-10-06 19:49:43][debug] call back test:订单查询成功
[2015-10-06 19:49:43][debug] call back test:未入库
[2015-10-06 19:49:43][debug] call back test sql:UPDATE pa_marathon SET ispay =1,transaction_id="1001190869201510061111036653",out_trade_no="126806760120151006194757" WHERE openid ="ouN6_s0-z_7t6nv3BkDQ7b4x0tBY"
[2015-10-06 19:49:43][debug] call back test:入库成功
[2015-10-06 19:49:57][debug] begin notify
[2015-10-06 19:49:57][debug] call back test:{"appid":"wx161f19ac48b1f2f3","attach":"\u9a6c\u62c9\u677e\u62a5\u540d","bank_type":"ICBC_DEBIT","cash_fee":"6000","fee_type":"CNY","is_subscribe":"Y","mch_id":"1268067601","nonce_str":"sw5hjeiyocn1csf3kb0ksw3plicqvhuy","openid":"ouN6_s0-z_7t6nv3BkDQ7b4x0tBY","out_trade_no":"126806760120151006194757","result_code":"SUCCESS","return_code":"SUCCESS","sign":"3CCA55EF4ADA694498DD2694BDDD6129","time_end":"20151006194937","total_fee":"6000","trade_type":"JSAPI","transaction_id":"1001190869201510061111036653"}
[2015-10-06 19:49:57][debug] query:{"appid":"wx161f19ac48b1f2f3","attach":"\u9a6c\u62c9\u677e\u62a5\u540d","bank_type":"ICBC_DEBIT","cash_fee":"6000","fee_type":"CNY","is_subscribe":"Y","mch_id":"1268067601","nonce_str":"Z924snPZ3eIUfUCX","openid":"ouN6_s0-z_7t6nv3BkDQ7b4x0tBY","out_trade_no":"126806760120151006194757","result_code":"SUCCESS","return_code":"SUCCESS","return_msg":"OK","sign":"1C4E2BC15E273BFBC03023AC3F3E32FA","time_end":"20151006194925","total_fee":"6000","trade_state":"SUCCESS","trade_type":"JSAPI","transaction_id":"1001190869201510061111036653"}
[2015-10-06 19:49:57][debug] call back test:订单查询成功
[2015-10-06 19:49:57][debug] call back test:已入库
[2015-10-06 19:58:09][debug] begin notify
[2015-10-06 19:58:09][debug] call back test:{"appid":"wx161f19ac48b1f2f3","attach":"\u9a6c\u62c9\u677e\u62a5\u540d","bank_type":"CCB_DEBIT","cash_fee":"4000","fee_type":"CNY","is_subscribe":"Y","mch_id":"1268067601","nonce_str":"2t5evziiovgchuvfdu9dxj9j36zni9r6","openid":"ouN6_s_G_trj7w-PX46dibCL5QFc","out_trade_no":"126806760120151006195743","result_code":"SUCCESS","return_code":"SUCCESS","sign":"0A3B52B4468E6A8AD6D1CBA6AC943455","time_end":"20151006195808","total_fee":"4000","trade_type":"JSAPI","transaction_id":"1003950869201510061111148663"}
[2015-10-06 19:58:09][debug] query:{"appid":"wx161f19ac48b1f2f3","attach":"\u9a6c\u62c9\u677e\u62a5\u540d","bank_type":"CCB_DEBIT","cash_fee":"4000","fee_type":"CNY","is_subscribe":"Y","mch_id":"1268067601","nonce_str":"70VKnZAZZtQ8HQoN","openid":"ouN6_s_G_trj7w-PX46dibCL5QFc","out_trade_no":"126806760120151006195743","result_code":"SUCCESS","return_code":"SUCCESS","return_msg":"OK","sign":"B2864BD92D32163EC3DAF1B5849F05B1","time_end":"20151006195808","total_fee":"4000","trade_state":"SUCCESS","trade_type":"JSAPI","transaction_id":"1003950869201510061111148663"}
[2015-10-06 19:58:09][debug] call back test:订单查询成功
[2015-10-06 19:58:09][debug] call back test:未入库
[2015-10-06 19:58:09][debug] call back test sql:UPDATE pa_marathon SET ispay =1,transaction_id="1003950869201510061111148663",out_trade_no="126806760120151006195743" WHERE openid ="ouN6_s_G_trj7w-PX46dibCL5QFc"
[2015-10-06 19:58:09][debug] call back test:入库成功
[2015-10-06 19:58:44][debug] begin notify
[2015-10-06 19:58:44][debug] call back test:{"appid":"wx161f19ac48b1f2f3","attach":"\u9a6c\u62c9\u677e\u62a5\u540d","bank_type":"CFT","cash_fee":"4000","fee_type":"CNY","is_subscribe":"Y","mch_id":"1268067601","nonce_str":"jugfj1xi7a2v3fv1bq4auymsi2nuc14o","openid":"ouN6_s5ZyfHkEQ4k1Q5xUenLYCV4","out_trade_no":"126806760120151006195831","result_code":"SUCCESS","return_code":"SUCCESS","sign":"4333EAA9759E1E39A95A87FFD128665D","time_end":"20151006195844","total_fee":"4000","trade_type":"JSAPI","transaction_id":"1005380869201510061111151276"}
[2015-10-06 19:58:45][debug] query:{"appid":"wx161f19ac48b1f2f3","attach":"\u9a6c\u62c9\u677e\u62a5\u540d","bank_type":"CFT","cash_fee":"4000","fee_type":"CNY","is_subscribe":"Y","mch_id":"1268067601","nonce_str":"i2qSikd5rRdaaQxl","openid":"ouN6_s5ZyfHkEQ4k1Q5xUenLYCV4","out_trade_no":"126806760120151006195831","result_code":"SUCCESS","return_code":"SUCCESS","return_msg":"OK","sign":"789897B24857880BB14309F082EC0B6C","time_end":"20151006195843","total_fee":"4000","trade_state":"SUCCESS","trade_type":"JSAPI","transaction_id":"1005380869201510061111151276"}
[2015-10-06 19:58:45][debug] call back test:订单查询成功
[2015-10-06 19:58:45][debug] call back test:未入库
[2015-10-06 19:58:45][debug] call back test sql:UPDATE pa_marathon SET ispay =1,transaction_id="1005380869201510061111151276",out_trade_no="126806760120151006195831" WHERE openid ="ouN6_s5ZyfHkEQ4k1Q5xUenLYCV4"
[2015-10-06 19:58:45][debug] call back test:入库成功
[2015-10-06 20:07:41][debug] begin notify
[2015-10-06 20:07:41][debug] call back test:{"appid":"wx161f19ac48b1f2f3","attach":"\u9a6c\u62c9\u677e\u62a5\u540d","bank_type":"ICBC_DEBIT","cash_fee":"6000","fee_type":"CNY","is_subscribe":"N","mch_id":"1268067601","nonce_str":"4jgzupdw6mjro10uaxa8ta1qz0ghgoxg","openid":"ouN6_szWs_k2nxdf8mxOGVjjwEnQ","out_trade_no":"126806760120151006200705","result_code":"SUCCESS","return_code":"SUCCESS","sign":"CDD7C9BB60B8D22B389383FAF0E6CBF3","time_end":"20151006200739","total_fee":"6000","trade_type":"JSAPI","transaction_id":"1010060869201510061111266023"}
[2015-10-06 20:07:41][debug] query:{"appid":"wx161f19ac48b1f2f3","attach":"\u9a6c\u62c9\u677e\u62a5\u540d","bank_type":"ICBC_DEBIT","cash_fee":"6000","fee_type":"CNY","is_subscribe":"N","mch_id":"1268067601","nonce_str":"C8oWr3OX45dMWk2s","openid":"ouN6_szWs_k2nxdf8mxOGVjjwEnQ","out_trade_no":"126806760120151006200705","result_code":"SUCCESS","return_code":"SUCCESS","return_msg":"OK","sign":"BDE9A1E84B28DD442DC945DFD02573EB","time_end":"20151006200739","total_fee":"6000","trade_state":"SUCCESS","trade_type":"JSAPI","transaction_id":"1010060869201510061111266023"}
[2015-10-06 20:07:41][debug] call back test:订单查询成功
[2015-10-06 20:07:41][debug] call back test:未入库
[2015-10-06 20:07:41][debug] call back test sql:UPDATE pa_marathon SET ispay =1,transaction_id="1010060869201510061111266023",out_trade_no="126806760120151006200705" WHERE openid ="ouN6_szWs_k2nxdf8mxOGVjjwEnQ"
[2015-10-06 20:07:41][debug] call back test:入库成功
[2015-10-06 20:16:14][debug] begin notify
[2015-10-06 20:16:14][debug] call back test:{"appid":"wx161f19ac48b1f2f3","attach":"\u9a6c\u62c9\u677e\u62a5\u540d","bank_type":"CCB_DEBIT","cash_fee":"4000","fee_type":"CNY","is_subscribe":"Y","mch_id":"1268067601","nonce_str":"sf1fy8y4ab3qudwtuhx6dk5tdtrfj76w","openid":"ouN6_s_G_trj7w-PX46dibCL5QFc","out_trade_no":"126806760120151006194043","result_code":"SUCCESS","return_code":"SUCCESS","sign":"6EADE4B4E03DDC893E18D1A0C7008354","time_end":"20151006194150","total_fee":"4000","trade_type":"JSAPI","transaction_id":"1003950869201510061110950118"}
[2015-10-06 20:16:18][debug] query:{"appid":"wx161f19ac48b1f2f3","attach":"\u9a6c\u62c9\u677e\u62a5\u540d","bank_type":"CCB_DEBIT","cash_fee":"4000","fee_type":"CNY","is_subscribe":"Y","mch_id":"1268067601","nonce_str":"p94gWmT9ztCySYh5","openid":"ouN6_s_G_trj7w-PX46dibCL5QFc","out_trade_no":"126806760120151006194043","result_code":"SUCCESS","return_code":"SUCCESS","return_msg":"OK","sign":"B13A800A1C81E293ED31382DC876092D","time_end":"20151006194141","total_fee":"4000","trade_state":"SUCCESS","trade_type":"JSAPI","transaction_id":"1003950869201510061110950118"}
[2015-10-06 20:16:18][debug] call back test:订单查询成功
[2015-10-06 20:16:18][debug] call back test:未入库
[2015-10-06 20:16:18][debug] call back test sql:UPDATE pa_marathon SET ispay =1,transaction_id="1003950869201510061110950118",out_trade_no="126806760120151006194043" WHERE openid ="ouN6_s_G_trj7w-PX46dibCL5QFc"
[2015-10-06 20:16:18][debug] call back test:入库成功
[2015-10-06 20:20:36][debug] begin notify
[2015-10-06 20:20:36][debug] call back test:{"appid":"wx161f19ac48b1f2f3","attach":"\u9a6c\u62c9\u677e\u62a5\u540d","bank_type":"CFT","cash_fee":"4000","fee_type":"CNY","is_subscribe":"Y","mch_id":"1268067601","nonce_str":"9hnozkqkltoqreuryy1x7nauajmsxsv2","openid":"ouN6_sxDeuH_slHze4_n46B7bRYw","out_trade_no":"126806760120151006201938","result_code":"SUCCESS","return_code":"SUCCESS","sign":"54CE900166AD66BB56FF33478FC8E924","time_end":"20151006202036","total_fee":"4000","trade_type":"JSAPI","transaction_id":"1006470869201510061111375978"}
[2015-10-06 20:20:37][debug] query:{"appid":"wx161f19ac48b1f2f3","attach":"\u9a6c\u62c9\u677e\u62a5\u540d","bank_type":"CFT","cash_fee":"4000","fee_type":"CNY","is_subscribe":"Y","mch_id":"1268067601","nonce_str":"xavvvwtX4zI9NQzV","openid":"ouN6_sxDeuH_slHze4_n46B7bRYw","out_trade_no":"126806760120151006201938","result_code":"SUCCESS","return_code":"SUCCESS","return_msg":"OK","sign":"FDFC0B8B953AF4460FE2A96E9D2424E1","time_end":"20151006202036","total_fee":"4000","trade_state":"SUCCESS","trade_type":"JSAPI","transaction_id":"1006470869201510061111375978"}
[2015-10-06 20:20:37][debug] call back test:订单查询成功
[2015-10-06 20:20:37][debug] call back test:未入库
[2015-10-06 20:20:37][debug] call back test sql:UPDATE pa_marathon SET ispay =1,transaction_id="1006470869201510061111375978",out_trade_no="126806760120151006201938" WHERE openid ="ouN6_sxDeuH_slHze4_n46B7bRYw"
[2015-10-06 20:20:37][debug] call back test:入库成功
[2015-10-06 21:09:00][debug] begin notify
[2015-10-06 21:09:00][debug] call back test:{"appid":"wx161f19ac48b1f2f3","attach":"\u9a6c\u62c9\u677e\u62a5\u540d","bank_type":"CFT","cash_fee":"4000","fee_type":"CNY","is_subscribe":"Y","mch_id":"1268067601","nonce_str":"siyp9xum9vb42sp102nw3s3s2dgxpp02","openid":"ouN6_szQxKZyKiCLAoA_zh4Db2i4","out_trade_no":"126806760120151006210834","result_code":"SUCCESS","return_code":"SUCCESS","sign":"8BD2F70996E04AC6B9E04580DC892856","time_end":"20151006210859","total_fee":"4000","trade_type":"JSAPI","transaction_id":"1008960869201510061111916028"}
[2015-10-06 21:09:00][debug] query:{"appid":"wx161f19ac48b1f2f3","attach":"\u9a6c\u62c9\u677e\u62a5\u540d","bank_type":"CFT","cash_fee":"4000","fee_type":"CNY","is_subscribe":"Y","mch_id":"1268067601","nonce_str":"ZPjjOKyzMgqA5eOs","openid":"ouN6_szQxKZyKiCLAoA_zh4Db2i4","out_trade_no":"126806760120151006210834","result_code":"SUCCESS","return_code":"SUCCESS","return_msg":"OK","sign":"6C4408C5DF0341CEDDB69594ADB22BAC","time_end":"20151006210859","total_fee":"4000","trade_state":"SUCCESS","trade_type":"JSAPI","transaction_id":"1008960869201510061111916028"}
[2015-10-06 21:09:00][debug] call back test:订单查询成功
[2015-10-06 21:09:00][debug] call back test:未入库
[2015-10-06 21:09:00][debug] call back test sql:UPDATE pa_marathon SET ispay =1,transaction_id="1008960869201510061111916028",out_trade_no="126806760120151006210834" WHERE openid ="ouN6_szQxKZyKiCLAoA_zh4Db2i4"
[2015-10-06 21:09:00][debug] call back test:入库成功
[2015-10-06 21:10:35][debug] begin notify
[2015-10-06 21:10:35][debug] call back test:{"appid":"wx161f19ac48b1f2f3","attach":"\u9a6c\u62c9\u677e\u62a5\u540d","bank_type":"ICBC_CREDIT","cash_fee":"4000","fee_type":"CNY","is_subscribe":"Y","mch_id":"1268067601","nonce_str":"6u1itnj2cok8ohg84lapledfz7yqow5t","openid":"ouN6_szx7bVwe3j82sRtC2aodcEY","out_trade_no":"126806760120151006210944","result_code":"SUCCESS","return_code":"SUCCESS","sign":"74B56B80771C6DC815C602B3A940AE1A","time_end":"20151006211035","total_fee":"4000","trade_type":"JSAPI","transaction_id":"1003520869201510061111918300"}
[2015-10-06 21:10:35][debug] query:{"appid":"wx161f19ac48b1f2f3","attach":"\u9a6c\u62c9\u677e\u62a5\u540d","bank_type":"ICBC_CREDIT","cash_fee":"4000","fee_type":"CNY","is_subscribe":"Y","mch_id":"1268067601","nonce_str":"8UoGAvhKz6f5uSOY","openid":"ouN6_szx7bVwe3j82sRtC2aodcEY","out_trade_no":"126806760120151006210944","result_code":"SUCCESS","return_code":"SUCCESS","return_msg":"OK","sign":"46F4F3D99D490E94820E9036B498DC0E","time_end":"20151006211034","total_fee":"4000","trade_state":"SUCCESS","trade_type":"JSAPI","transaction_id":"1003520869201510061111918300"}
[2015-10-06 21:10:35][debug] call back test:订单查询成功
[2015-10-06 21:10:35][debug] call back test:未入库
[2015-10-06 21:10:35][debug] call back test sql:UPDATE pa_marathon SET ispay =1,transaction_id="1003520869201510061111918300",out_trade_no="126806760120151006210944" WHERE openid ="ouN6_szx7bVwe3j82sRtC2aodcEY"
[2015-10-06 21:10:35][debug] call back test:入库成功
[2015-10-06 21:18:05][debug] begin notify
[2015-10-06 21:18:05][debug] call back test:{"appid":"wx161f19ac48b1f2f3","attach":"\u9a6c\u62c9\u677e\u62a5\u540d","bank_type":"ICBC_CREDIT","cash_fee":"4000","fee_type":"CNY","is_subscribe":"Y","mch_id":"1268067601","nonce_str":"d3oku2ancex4b0vb46uc4qjv0agl0sv0","openid":"ouN6_szx7bVwe3j82sRtC2aodcEY","out_trade_no":"126806760120151006211734","result_code":"SUCCESS","return_code":"SUCCESS","sign":"54518BA32FC14345FC9136E038C93398","time_end":"20151006211804","total_fee":"4000","trade_type":"JSAPI","transaction_id":"1003520869201510061111988972"}
[2015-10-06 21:18:06][debug] query:{"appid":"wx161f19ac48b1f2f3","attach":"\u9a6c\u62c9\u677e\u62a5\u540d","bank_type":"ICBC_CREDIT","cash_fee":"4000","fee_type":"CNY","is_subscribe":"Y","mch_id":"1268067601","nonce_str":"yUv89WlElBGKab1b","openid":"ouN6_szx7bVwe3j82sRtC2aodcEY","out_trade_no":"126806760120151006211734","result_code":"SUCCESS","return_code":"SUCCESS","return_msg":"OK","sign":"4777A4991E9B4471655A897E0D55E6B3","time_end":"20151006211803","total_fee":"4000","trade_state":"SUCCESS","trade_type":"JSAPI","transaction_id":"1003520869201510061111988972"}
[2015-10-06 21:18:06][debug] call back test:订单查询成功
[2015-10-06 21:18:06][debug] call back test:未入库
[2015-10-06 21:18:06][debug] call back test sql:UPDATE pa_marathon SET ispay =1,transaction_id="1003520869201510061111988972",out_trade_no="126806760120151006211734" WHERE openid ="ouN6_szx7bVwe3j82sRtC2aodcEY"
[2015-10-06 21:18:06][debug] call back test:入库成功
[2015-10-06 21:21:20][debug] begin notify
[2015-10-06 21:21:20][debug] call back test:{"appid":"wx161f19ac48b1f2f3","attach":"\u9a6c\u62c9\u677e\u62a5\u540d","bank_type":"ICBC_DEBIT","cash_fee":"6000","fee_type":"CNY","is_subscribe":"Y","mch_id":"1268067601","nonce_str":"ypfxo96lennpggn7zcrchsge19s54mtj","openid":"ouN6_syuhtv5ZR4UsLbXX9ZrSFeg","out_trade_no":"126806760120151006211949","result_code":"SUCCESS","return_code":"SUCCESS","sign":"1DAF76F04DD76542A0054AB46788CDF5","time_end":"20151006212119","total_fee":"6000","trade_type":"JSAPI","transaction_id":"1008960869201510061112038243"}
[2015-10-06 21:21:20][debug] query:{"appid":"wx161f19ac48b1f2f3","attach":"\u9a6c\u62c9\u677e\u62a5\u540d","bank_type":"ICBC_DEBIT","cash_fee":"6000","fee_type":"CNY","is_subscribe":"Y","mch_id":"1268067601","nonce_str":"MsVIgEPD4j8fzwYM","openid":"ouN6_syuhtv5ZR4UsLbXX9ZrSFeg","out_trade_no":"126806760120151006211949","result_code":"SUCCESS","return_code":"SUCCESS","return_msg":"OK","sign":"00EA933A291BDAC8373CDF4F75EB7B00","time_end":"20151006212118","total_fee":"6000","trade_state":"SUCCESS","trade_type":"JSAPI","transaction_id":"1008960869201510061112038243"}
[2015-10-06 21:21:20][debug] call back test:订单查询成功
[2015-10-06 21:21:20][debug] call back test:未入库
[2015-10-06 21:21:20][debug] call back test sql:UPDATE pa_marathon SET ispay =1,transaction_id="1008960869201510061112038243",out_trade_no="126806760120151006211949" WHERE openid ="ouN6_syuhtv5ZR4UsLbXX9ZrSFeg"
[2015-10-06 21:21:20][debug] call back test:入库成功
[2015-10-06 21:31:58][debug] begin notify
[2015-10-06 21:31:58][debug] call back test:{"appid":"wx161f19ac48b1f2f3","attach":"\u9a6c\u62c9\u677e\u62a5\u540d","bank_type":"ICBC_DEBIT","cash_fee":"6000","fee_type":"CNY","is_subscribe":"Y","mch_id":"1268067601","nonce_str":"yw9ge8otibt3b5y809wozsxuw27rob3z","openid":"ouN6_s7yl71L30ev4QWbJhreXeiw","out_trade_no":"126806760120151006213044","result_code":"SUCCESS","return_code":"SUCCESS","sign":"BDCCF42110EB8EE5AFBC473AA1D944A0","time_end":"20151006213157","total_fee":"6000","trade_type":"JSAPI","transaction_id":"1009240869201510061112132525"}
[2015-10-06 21:31:58][debug] query:{"appid":"wx161f19ac48b1f2f3","attach":"\u9a6c\u62c9\u677e\u62a5\u540d","bank_type":"ICBC_DEBIT","cash_fee":"6000","fee_type":"CNY","is_subscribe":"Y","mch_id":"1268067601","nonce_str":"evTy1mLRx0ojavuQ","openid":"ouN6_s7yl71L30ev4QWbJhreXeiw","out_trade_no":"126806760120151006213044","result_code":"SUCCESS","return_code":"SUCCESS","return_msg":"OK","sign":"08ED4985100C691B20DAADC3DBD4A312","time_end":"20151006213156","total_fee":"6000","trade_state":"SUCCESS","trade_type":"JSAPI","transaction_id":"1009240869201510061112132525"}
[2015-10-06 21:31:58][debug] call back test:订单查询成功
[2015-10-06 21:31:58][debug] call back test:未入库
[2015-10-06 21:31:58][debug] call back test sql:UPDATE pa_marathon SET ispay =1,transaction_id="1009240869201510061112132525",out_trade_no="126806760120151006213044" WHERE openid ="ouN6_s7yl71L30ev4QWbJhreXeiw"
[2015-10-06 21:31:58][debug] call back test:入库成功
[2015-10-06 21:46:09][debug] begin notify
[2015-10-06 21:46:09][debug] call back test:{"appid":"wx161f19ac48b1f2f3","attach":"\u9a6c\u62c9\u677e\u62a5\u540d","bank_type":"CITIC_CREDIT","cash_fee":"6000","fee_type":"CNY","is_subscribe":"Y","mch_id":"1268067601","nonce_str":"tg4b3g5ldfbvlkstx4zhsjmdudgy5f5w","openid":"ouN6_s8gWXpf9TzypyM-t_ErnNPY","out_trade_no":"126806760120151006214259","result_code":"SUCCESS","return_code":"SUCCESS","sign":"0C6629CF16F4FA493B351D807AAF7C46","time_end":"20151006214608","total_fee":"6000","trade_type":"JSAPI","transaction_id":"1005070869201510061112234897"}
[2015-10-06 21:46:13][debug] query:{"appid":"wx161f19ac48b1f2f3","attach":"\u9a6c\u62c9\u677e\u62a5\u540d","bank_type":"CITIC_CREDIT","cash_fee":"6000","fee_type":"CNY","is_subscribe":"Y","mch_id":"1268067601","nonce_str":"y3cV7IoWDZ1lH5bm","openid":"ouN6_s8gWXpf9TzypyM-t_ErnNPY","out_trade_no":"126806760120151006214259","result_code":"SUCCESS","return_code":"SUCCESS","return_msg":"OK","sign":"1AB7EEBC23D10F49C6669E296080E05A","time_end":"20151006214530","total_fee":"6000","trade_state":"SUCCESS","trade_type":"JSAPI","transaction_id":"1005070869201510061112234897"}
[2015-10-06 21:46:13][debug] call back test:订单查询成功
[2015-10-06 21:46:13][debug] call back test:未入库
[2015-10-06 21:46:13][debug] call back test sql:UPDATE pa_marathon SET ispay =1,transaction_id="1005070869201510061112234897",out_trade_no="126806760120151006214259" WHERE openid ="ouN6_s8gWXpf9TzypyM-t_ErnNPY"
[2015-10-06 21:46:13][debug] call back test:入库成功
[2015-10-06 21:46:32][debug] begin notify
[2015-10-06 21:46:32][debug] call back test:{"appid":"wx161f19ac48b1f2f3","attach":"\u9a6c\u62c9\u677e\u62a5\u540d","bank_type":"CITIC_CREDIT","cash_fee":"6000","fee_type":"CNY","is_subscribe":"Y","mch_id":"1268067601","nonce_str":"tg4b3g5ldfbvlkstx4zhsjmdudgy5f5w","openid":"ouN6_s8gWXpf9TzypyM-t_ErnNPY","out_trade_no":"126806760120151006214259","result_code":"SUCCESS","return_code":"SUCCESS","sign":"0C6629CF16F4FA493B351D807AAF7C46","time_end":"20151006214608","total_fee":"6000","trade_type":"JSAPI","transaction_id":"1005070869201510061112234897"}
[2015-10-06 21:46:32][debug] query:{"appid":"wx161f19ac48b1f2f3","attach":"\u9a6c\u62c9\u677e\u62a5\u540d","bank_type":"CITIC_CREDIT","cash_fee":"6000","fee_type":"CNY","is_subscribe":"Y","mch_id":"1268067601","nonce_str":"mtaM3eZ8QEpky5QK","openid":"ouN6_s8gWXpf9TzypyM-t_ErnNPY","out_trade_no":"126806760120151006214259","result_code":"SUCCESS","return_code":"SUCCESS","return_msg":"OK","sign":"3E67D8A1BD7D6C9F58671E65878C05C1","time_end":"20151006214530","total_fee":"6000","trade_state":"SUCCESS","trade_type":"JSAPI","transaction_id":"1005070869201510061112234897"}
[2015-10-06 21:46:32][debug] call back test:订单查询成功
[2015-10-06 21:46:32][debug] call back test:已入库
[2015-10-06 21:51:32][debug] begin notify
[2015-10-06 21:51:32][debug] call back test:{"appid":"wx161f19ac48b1f2f3","attach":"\u9a6c\u62c9\u677e\u62a5\u540d","bank_type":"CCB_DEBIT","cash_fee":"6000","fee_type":"CNY","is_subscribe":"Y","mch_id":"1268067601","nonce_str":"1o3wfrnqgkwyfc4yfsfaqiggbhl1zzz2","openid":"ouN6_s5Z_79Wn3cMiBllduaws2G0","out_trade_no":"126806760120151006215004","result_code":"SUCCESS","return_code":"SUCCESS","sign":"568F8862A547D1C2EB58B92CAD8786CE","time_end":"20151006215131","total_fee":"6000","trade_type":"JSAPI","transaction_id":"1006230869201510061112319234"}
[2015-10-06 21:51:32][debug] query:{"appid":"wx161f19ac48b1f2f3","attach":"\u9a6c\u62c9\u677e\u62a5\u540d","bank_type":"CCB_DEBIT","cash_fee":"6000","fee_type":"CNY","is_subscribe":"Y","mch_id":"1268067601","nonce_str":"NND8B1xJ1wvaUM65","openid":"ouN6_s5Z_79Wn3cMiBllduaws2G0","out_trade_no":"126806760120151006215004","result_code":"SUCCESS","return_code":"SUCCESS","return_msg":"OK","sign":"D66CE758EC9390BF39DDBD18E38E63B5","time_end":"20151006215130","total_fee":"6000","trade_state":"SUCCESS","trade_type":"JSAPI","transaction_id":"1006230869201510061112319234"}
[2015-10-06 21:51:32][debug] call back test:订单查询成功
[2015-10-06 21:51:32][debug] call back test:未入库
[2015-10-06 21:51:32][debug] call back test sql:UPDATE pa_marathon SET ispay =1,transaction_id="1006230869201510061112319234",out_trade_no="126806760120151006215004" WHERE openid ="ouN6_s5Z_79Wn3cMiBllduaws2G0"
[2015-10-06 21:51:32][debug] call back test:入库成功
[2015-10-06 21:55:25][debug] begin notify
[2015-10-06 21:55:25][debug] call back test:{"appid":"wx161f19ac48b1f2f3","attach":"\u9a6c\u62c9\u677e\u62a5\u540d","bank_type":"ICBC_DEBIT","cash_fee":"6000","fee_type":"CNY","is_subscribe":"N","mch_id":"1268067601","nonce_str":"8k6ith93zryrk5ssl40c0a59peqgy463","openid":"ouN6_swC55QLa-stTO4jhrtPYvQM","out_trade_no":"126806760120151006215115","result_code":"SUCCESS","return_code":"SUCCESS","sign":"B35AB2CA136889480B7DB9A6C383D9AF","time_end":"20151006215523","total_fee":"6000","trade_type":"JSAPI","transaction_id":"1008460869201510061112323291"}
[2015-10-06 21:55:29][debug] query:{"appid":"wx161f19ac48b1f2f3","attach":"\u9a6c\u62c9\u677e\u62a5\u540d","bank_type":"ICBC_DEBIT","cash_fee":"6000","fee_type":"CNY","is_subscribe":"N","mch_id":"1268067601","nonce_str":"OodpjtNecG95yaRG","openid":"ouN6_swC55QLa-stTO4jhrtPYvQM","out_trade_no":"126806760120151006215115","result_code":"SUCCESS","return_code":"SUCCESS","return_msg":"OK","sign":"5342ACE502C557F91A4F26855E54B0A0","time_end":"20151006215455","total_fee":"6000","trade_state":"SUCCESS","trade_type":"JSAPI","transaction_id":"1008460869201510061112323291"}
[2015-10-06 21:55:29][debug] call back test:订单查询成功
[2015-10-06 21:55:29][debug] call back test:未入库
[2015-10-06 21:55:29][debug] call back test sql:UPDATE pa_marathon SET ispay =1,transaction_id="1008460869201510061112323291",out_trade_no="126806760120151006215115" WHERE openid ="ouN6_swC55QLa-stTO4jhrtPYvQM"
[2015-10-06 21:55:29][debug] call back test:入库成功
[2015-10-06 21:55:46][debug] begin notify
[2015-10-06 21:55:46][debug] call back test:{"appid":"wx161f19ac48b1f2f3","attach":"\u9a6c\u62c9\u677e\u62a5\u540d","bank_type":"ICBC_DEBIT","cash_fee":"6000","fee_type":"CNY","is_subscribe":"N","mch_id":"1268067601","nonce_str":"8k6ith93zryrk5ssl40c0a59peqgy463","openid":"ouN6_swC55QLa-stTO4jhrtPYvQM","out_trade_no":"126806760120151006215115","result_code":"SUCCESS","return_code":"SUCCESS","sign":"B35AB2CA136889480B7DB9A6C383D9AF","time_end":"20151006215523","total_fee":"6000","trade_type":"JSAPI","transaction_id":"1008460869201510061112323291"}
[2015-10-06 21:55:47][debug] query:{"appid":"wx161f19ac48b1f2f3","attach":"\u9a6c\u62c9\u677e\u62a5\u540d","bank_type":"ICBC_DEBIT","cash_fee":"6000","fee_type":"CNY","is_subscribe":"Y","mch_id":"1268067601","nonce_str":"UInX66knqBSxeawt","openid":"ouN6_swC55QLa-stTO4jhrtPYvQM","out_trade_no":"126806760120151006215115","result_code":"SUCCESS","return_code":"SUCCESS","return_msg":"OK","sign":"342F907AC150C02538B6FD7BDD268A4F","time_end":"20151006215455","total_fee":"6000","trade_state":"SUCCESS","trade_type":"JSAPI","transaction_id":"1008460869201510061112323291"}
[2015-10-06 21:55:47][debug] call back test:订单查询成功
[2015-10-06 21:55:47][debug] call back test:已入库
[2015-10-06 22:00:21][debug] begin notify
[2015-10-06 22:00:21][debug] call back test:{"appid":"wx161f19ac48b1f2f3","attach":"\u9a6c\u62c9\u677e\u62a5\u540d","bank_type":"CFT","cash_fee":"6000","fee_type":"CNY","is_subscribe":"Y","mch_id":"1268067601","nonce_str":"9m813xwjq7rukmov6izc0c6u8ia8hyut","openid":"ouN6_s5gzdeFd1-xeENl95IDtrOA","out_trade_no":"126806760120151006215925","result_code":"SUCCESS","return_code":"SUCCESS","sign":"5077ED93F745A0D8EDF690A4B47BD5E5","time_end":"20151006220020","total_fee":"6000","trade_type":"JSAPI","transaction_id":"1001520869201510061112391477"}
[2015-10-06 22:00:21][debug] query:{"appid":"wx161f19ac48b1f2f3","attach":"\u9a6c\u62c9\u677e\u62a5\u540d","bank_type":"CFT","cash_fee":"6000","fee_type":"CNY","is_subscribe":"Y","mch_id":"1268067601","nonce_str":"pxkOAxoZl5mgGQ6n","openid":"ouN6_s5gzdeFd1-xeENl95IDtrOA","out_trade_no":"126806760120151006215925","result_code":"SUCCESS","return_code":"SUCCESS","return_msg":"OK","sign":"DA95D9C5DFCFA1CF31795E401B6B347A","time_end":"20151006220020","total_fee":"6000","trade_state":"SUCCESS","trade_type":"JSAPI","transaction_id":"1001520869201510061112391477"}
[2015-10-06 22:00:21][debug] call back test:订单查询成功
[2015-10-06 22:00:21][debug] call back test:未入库
[2015-10-06 22:00:21][debug] call back test sql:UPDATE pa_marathon SET ispay =1,transaction_id="1001520869201510061112391477",out_trade_no="126806760120151006215925" WHERE openid ="ouN6_s5gzdeFd1-xeENl95IDtrOA"
[2015-10-06 22:00:21][debug] call back test:入库成功
[2015-10-06 22:16:37][debug] begin notify
[2015-10-06 22:16:37][debug] call back test:{"appid":"wx161f19ac48b1f2f3","attach":"\u9a6c\u62c9\u677e\u62a5\u540d","bank_type":"CCB_DEBIT","cash_fee":"6000","fee_type":"CNY","is_subscribe":"Y","mch_id":"1268067601","nonce_str":"0upjnajvpun0u40x6ssxjjg0rzziiyab","openid":"ouN6_s-ZvWTrgtpRaXbJozOzH4ZU","out_trade_no":"126806760120151006221517","result_code":"SUCCESS","return_code":"SUCCESS","sign":"75CC160D1A9238AB733BF8070BAFF0EB","time_end":"20151006221637","total_fee":"6000","trade_type":"JSAPI","transaction_id":"1005270869201510061112528293"}
[2015-10-06 22:16:38][debug] query:{"appid":"wx161f19ac48b1f2f3","attach":"\u9a6c\u62c9\u677e\u62a5\u540d","bank_type":"CCB_DEBIT","cash_fee":"6000","fee_type":"CNY","is_subscribe":"Y","mch_id":"1268067601","nonce_str":"3ZPupo8oCohECML4","openid":"ouN6_s-ZvWTrgtpRaXbJozOzH4ZU","out_trade_no":"126806760120151006221517","result_code":"SUCCESS","return_code":"SUCCESS","return_msg":"OK","sign":"DB3FD3BDACE2B204CBA50D7826C23AA5","time_end":"20151006221636","total_fee":"6000","trade_state":"SUCCESS","trade_type":"JSAPI","transaction_id":"1005270869201510061112528293"}
[2015-10-06 22:16:38][debug] call back test:订单查询成功
[2015-10-06 22:16:38][debug] call back test:未入库
[2015-10-06 22:16:38][debug] call back test sql:UPDATE pa_marathon SET ispay =1,transaction_id="1005270869201510061112528293",out_trade_no="126806760120151006221517" WHERE openid ="ouN6_s-ZvWTrgtpRaXbJozOzH4ZU"
[2015-10-06 22:16:38][debug] call back test:入库成功
[2015-10-06 22:20:10][debug] begin notify
[2015-10-06 22:20:10][debug] call back test:{"appid":"wx161f19ac48b1f2f3","attach":"\u9a6c\u62c9\u677e\u62a5\u540d","bank_type":"HXB_DEBIT","cash_fee":"6000","fee_type":"CNY","is_subscribe":"Y","mch_id":"1268067601","nonce_str":"klnar59epe13lv7rmmzuwltcsp97s7yq","openid":"ouN6_s_Xt5B5wtYsa1msxsfbc2Zw","out_trade_no":"126806760120151006221630","result_code":"SUCCESS","return_code":"SUCCESS","sign":"8CC654A5583A17CE76C41E3031553BD4","time_end":"20151006222008","total_fee":"6000","trade_type":"JSAPI","transaction_id":"1007670869201510061112547797"}
[2015-10-06 22:20:13][debug] query:{"appid":"wx161f19ac48b1f2f3","attach":"\u9a6c\u62c9\u677e\u62a5\u540d","bank_type":"HXB_DEBIT","cash_fee":"6000","fee_type":"CNY","is_subscribe":"Y","mch_id":"1268067601","nonce_str":"IacYGSFR4kkdcwwR","openid":"ouN6_s_Xt5B5wtYsa1msxsfbc2Zw","out_trade_no":"126806760120151006221630","result_code":"SUCCESS","return_code":"SUCCESS","return_msg":"OK","sign":"F4F3062A42A47B28F72D7DEC7BABC8E4","time_end":"20151006222004","total_fee":"6000","trade_state":"SUCCESS","trade_type":"JSAPI","transaction_id":"1007670869201510061112547797"}
[2015-10-06 22:20:13][debug] call back test:订单查询成功
[2015-10-06 22:20:13][debug] call back test:未入库
[2015-10-06 22:20:13][debug] call back test sql:UPDATE pa_marathon SET ispay =1,transaction_id="1007670869201510061112547797",out_trade_no="126806760120151006221630" WHERE openid ="ouN6_s_Xt5B5wtYsa1msxsfbc2Zw"
[2015-10-06 22:20:13][debug] call back test:入库成功
[2015-10-06 22:20:24][debug] begin notify
[2015-10-06 22:20:24][debug] call back test:{"appid":"wx161f19ac48b1f2f3","attach":"\u9a6c\u62c9\u677e\u62a5\u540d","bank_type":"HXB_DEBIT","cash_fee":"6000","fee_type":"CNY","is_subscribe":"Y","mch_id":"1268067601","nonce_str":"klnar59epe13lv7rmmzuwltcsp97s7yq","openid":"ouN6_s_Xt5B5wtYsa1msxsfbc2Zw","out_trade_no":"126806760120151006221630","result_code":"SUCCESS","return_code":"SUCCESS","sign":"8CC654A5583A17CE76C41E3031553BD4","time_end":"20151006222008","total_fee":"6000","trade_type":"JSAPI","transaction_id":"1007670869201510061112547797"}
[2015-10-06 22:20:25][debug] query:{"appid":"wx161f19ac48b1f2f3","attach":"\u9a6c\u62c9\u677e\u62a5\u540d","bank_type":"HXB_DEBIT","cash_fee":"6000","fee_type":"CNY","is_subscribe":"Y","mch_id":"1268067601","nonce_str":"P1TxJt43dWDb3nRG","openid":"ouN6_s_Xt5B5wtYsa1msxsfbc2Zw","out_trade_no":"126806760120151006221630","result_code":"SUCCESS","return_code":"SUCCESS","return_msg":"OK","sign":"58FD76F143A126A83BAFC502FD9F45E7","time_end":"20151006222004","total_fee":"6000","trade_state":"SUCCESS","trade_type":"JSAPI","transaction_id":"1007670869201510061112547797"}
[2015-10-06 22:20:25][debug] call back test:订单查询成功
[2015-10-06 22:20:25][debug] call back test:已入库
[2015-10-06 22:32:09][debug] begin notify
[2015-10-06 22:32:09][debug] call back test:{"appid":"wx161f19ac48b1f2f3","attach":"\u9a6c\u62c9\u677e\u62a5\u540d","bank_type":"ICBC_CREDIT","cash_fee":"4000","fee_type":"CNY","is_subscribe":"Y","mch_id":"1268067601","nonce_str":"mmd3gbk4v38g3s6klmwpj79y8by7noi1","openid":"ouN6_szx7bVwe3j82sRtC2aodcEY","out_trade_no":"126806760120151006223155","result_code":"SUCCESS","return_code":"SUCCESS","sign":"61249D1C59138E9B4C30C94B4C12623E","time_end":"20151006223209","total_fee":"4000","trade_type":"JSAPI","transaction_id":"1003520869201510061112649336"}
[2015-10-06 22:32:10][debug] query:{"appid":"wx161f19ac48b1f2f3","attach":"\u9a6c\u62c9\u677e\u62a5\u540d","bank_type":"ICBC_CREDIT","cash_fee":"4000","fee_type":"CNY","is_subscribe":"Y","mch_id":"1268067601","nonce_str":"sUyZgHQIFpUj1Q3t","openid":"ouN6_szx7bVwe3j82sRtC2aodcEY","out_trade_no":"126806760120151006223155","result_code":"SUCCESS","return_code":"SUCCESS","return_msg":"OK","sign":"E2F883CE26C9736E49DEA4B687369500","time_end":"20151006223208","total_fee":"4000","trade_state":"SUCCESS","trade_type":"JSAPI","transaction_id":"1003520869201510061112649336"}
[2015-10-06 22:32:10][debug] call back test:订单查询成功
[2015-10-06 22:32:10][debug] call back test:未入库
[2015-10-06 22:32:10][debug] call back test sql:UPDATE pa_marathon SET ispay =1,transaction_id="1003520869201510061112649336",out_trade_no="126806760120151006223155" WHERE openid ="ouN6_szx7bVwe3j82sRtC2aodcEY"
[2015-10-06 22:32:10][debug] call back test:入库成功
[2015-10-06 22:37:22][debug] begin notify
[2015-10-06 22:37:22][debug] call back test:{"appid":"wx161f19ac48b1f2f3","attach":"\u9a6c\u62c9\u677e\u62a5\u540d","bank_type":"ICBC_DEBIT","cash_fee":"6000","fee_type":"CNY","is_subscribe":"Y","mch_id":"1268067601","nonce_str":"n1bwq09tem50139ind995ql2ui8hy1ln","openid":"ouN6_s_qhUgRMWmnwGpaA1p5Au2M","out_trade_no":"126806760120151006223414","result_code":"SUCCESS","return_code":"SUCCESS","sign":"3E77E6F2EBE28BC9E269BEE52756D350","time_end":"20151006223706","total_fee":"6000","trade_type":"JSAPI","transaction_id":"1008560869201510061112664759"}
[2015-10-06 22:37:27][debug] query:{"appid":"wx161f19ac48b1f2f3","attach":"\u9a6c\u62c9\u677e\u62a5\u540d","bank_type":"ICBC_DEBIT","cash_fee":"6000","fee_type":"CNY","is_subscribe":"Y","mch_id":"1268067601","nonce_str":"5bdxKtlnaly8NWcY","openid":"ouN6_s_qhUgRMWmnwGpaA1p5Au2M","out_trade_no":"126806760120151006223414","result_code":"SUCCESS","return_code":"SUCCESS","return_msg":"OK","sign":"2245073CE34E7BE6BA4D48A1D5D36112","time_end":"20151006223611","total_fee":"6000","trade_state":"SUCCESS","trade_type":"JSAPI","transaction_id":"1008560869201510061112664759"}
[2015-10-06 22:37:27][debug] call back test:订单查询成功
[2015-10-06 22:37:27][debug] call back test:未入库
[2015-10-06 22:37:27][debug] call back test sql:UPDATE pa_marathon SET ispay =1,transaction_id="1008560869201510061112664759",out_trade_no="126806760120151006223414" WHERE openid ="ouN6_s_qhUgRMWmnwGpaA1p5Au2M"
[2015-10-06 22:37:27][debug] call back test:入库成功
[2015-10-06 22:37:42][debug] begin notify
[2015-10-06 22:37:42][debug] call back test:{"appid":"wx161f19ac48b1f2f3","attach":"\u9a6c\u62c9\u677e\u62a5\u540d","bank_type":"ICBC_DEBIT","cash_fee":"6000","fee_type":"CNY","is_subscribe":"Y","mch_id":"1268067601","nonce_str":"n1bwq09tem50139ind995ql2ui8hy1ln","openid":"ouN6_s_qhUgRMWmnwGpaA1p5Au2M","out_trade_no":"126806760120151006223414","result_code":"SUCCESS","return_code":"SUCCESS","sign":"3E77E6F2EBE28BC9E269BEE52756D350","time_end":"20151006223706","total_fee":"6000","trade_type":"JSAPI","transaction_id":"1008560869201510061112664759"}
[2015-10-06 22:37:42][debug] query:{"appid":"wx161f19ac48b1f2f3","attach":"\u9a6c\u62c9\u677e\u62a5\u540d","bank_type":"ICBC_DEBIT","cash_fee":"6000","fee_type":"CNY","is_subscribe":"Y","mch_id":"1268067601","nonce_str":"nbSxbkgGDz3AuuKn","openid":"ouN6_s_qhUgRMWmnwGpaA1p5Au2M","out_trade_no":"126806760120151006223414","result_code":"SUCCESS","return_code":"SUCCESS","return_msg":"OK","sign":"FFF8DF6BBAB99F88918D4FF1B0090364","time_end":"20151006223611","total_fee":"6000","trade_state":"SUCCESS","trade_type":"JSAPI","transaction_id":"1008560869201510061112664759"}
[2015-10-06 22:37:42][debug] call back test:订单查询成功
[2015-10-06 22:37:42][debug] call back test:已入库
[2015-10-06 23:47:48][debug] begin notify
[2015-10-06 23:47:48][debug] call back test:{"appid":"wx161f19ac48b1f2f3","attach":"\u9a6c\u62c9\u677e\u62a5\u540d","bank_type":"BOC_DEBIT","cash_fee":"6000","fee_type":"CNY","is_subscribe":"Y","mch_id":"1268067601","nonce_str":"9i2bw9nomg72qx4syf8wp5ejezfu7tc0","openid":"ouN6_s2vZZvdBuXed-nukCK-VZnY","out_trade_no":"126806760120151006234710","result_code":"SUCCESS","return_code":"SUCCESS","sign":"626C25DAB1F66E120A55399F5294298E","time_end":"20151006234747","total_fee":"6000","trade_type":"JSAPI","transaction_id":"1004390869201510061113149024"}
[2015-10-06 23:47:48][debug] query:{"appid":"wx161f19ac48b1f2f3","attach":"\u9a6c\u62c9\u677e\u62a5\u540d","bank_type":"BOC_DEBIT","cash_fee":"6000","fee_type":"CNY","is_subscribe":"Y","mch_id":"1268067601","nonce_str":"aJgLddzYtjKiKFCK","openid":"ouN6_s2vZZvdBuXed-nukCK-VZnY","out_trade_no":"126806760120151006234710","result_code":"SUCCESS","return_code":"SUCCESS","return_msg":"OK","sign":"C39FE8002C4DFDA369F495B292AD3725","time_end":"20151006234746","total_fee":"6000","trade_state":"SUCCESS","trade_type":"JSAPI","transaction_id":"1004390869201510061113149024"}
[2015-10-06 23:47:48][debug] call back test:订单查询成功
[2015-10-06 23:47:48][debug] call back test:未入库
[2015-10-06 23:47:48][debug] call back test sql:UPDATE pa_marathon SET ispay =1,transaction_id="1004390869201510061113149024",out_trade_no="126806760120151006234710" WHERE openid ="ouN6_s2vZZvdBuXed-nukCK-VZnY"
[2015-10-06 23:47:48][debug] call back test:入库成功
