[2015-10-01 08:56:07][debug] begin notify
[2015-10-01 08:56:07][debug] call back test:{"appid":"wx161f19ac48b1f2f3","attach":"\u9a6c\u62c9\u677e\u62a5\u540d","bank_type":"CFT","cash_fee":"4000","fee_type":"CNY","is_subscribe":"N","mch_id":"1268067601","nonce_str":"poui0hla3ulm5dhs1mmv2tocv8sr5vpy","openid":"ouN6_s5iI5jaHaoWuJ_atwOeZFds","out_trade_no":"126806760120151001085316","result_code":"SUCCESS","return_code":"SUCCESS","sign":"8690E09AFA6F9DD0DCE3AFA3D6502C80","time_end":"20151001085607","total_fee":"4000","trade_type":"JSAPI","transaction_id":"1007500869201510011050606429"}
[2015-10-01 08:56:25][debug] begin notify
[2015-10-01 08:56:25][debug] call back test:{"appid":"wx161f19ac48b1f2f3","attach":"\u9a6c\u62c9\u677e\u62a5\u540d","bank_type":"CFT","cash_fee":"4000","fee_type":"CNY","is_subscribe":"N","mch_id":"1268067601","nonce_str":"poui0hla3ulm5dhs1mmv2tocv8sr5vpy","openid":"ouN6_s5iI5jaHaoWuJ_atwOeZFds","out_trade_no":"126806760120151001085316","result_code":"SUCCESS","return_code":"SUCCESS","sign":"8690E09AFA6F9DD0DCE3AFA3D6502C80","time_end":"20151001085607","total_fee":"4000","trade_type":"JSAPI","transaction_id":"1007500869201510011050606429"}
[2015-10-01 08:56:29][debug] query:{"appid":"wx161f19ac48b1f2f3","attach":"\u9a6c\u62c9\u677e\u62a5\u540d","bank_type":"CFT","cash_fee":"4000","fee_type":"CNY","is_subscribe":"N","mch_id":"1268067601","nonce_str":"jCtUX25sWBlfkaI5","openid":"ouN6_s5iI5jaHaoWuJ_atwOeZFds","out_trade_no":"126806760120151001085316","result_code":"SUCCESS","return_code":"SUCCESS","return_msg":"OK","sign":"C19E5E4D19C1FF01C21B74D0788B01C9","time_end":"20151001085606","total_fee":"4000","trade_state":"SUCCESS","trade_type":"JSAPI","transaction_id":"1007500869201510011050606429"}
[2015-10-01 08:56:29][debug] call back test:订单查询成功
[2015-10-01 08:56:29][debug] call back test:未入库
[2015-10-01 08:56:29][debug] call back test sql:UPDATE pa_marathon SET ispay =1,transaction_id="1007500869201510011050606429",out_trade_no="126806760120151001085316" WHERE openid ="ouN6_s5iI5jaHaoWuJ_atwOeZFds"
[2015-10-01 08:56:29][debug] call back test:入库成功
[2015-10-01 08:59:02][debug] begin notify
[2015-10-01 08:59:02][debug] call back test:{"appid":"wx161f19ac48b1f2f3","attach":"\u9a6c\u62c9\u677e\u62a5\u540d","bank_type":"CFT","cash_fee":"4000","fee_type":"CNY","is_subscribe":"N","mch_id":"1268067601","nonce_str":"lo8s4609o4t1y3wnjrvsge0qc0s11zv8","openid":"ouN6_s7AMDOcil2h4j8ccG5DlJ9A","out_trade_no":"126806760120151001085841","result_code":"SUCCESS","return_code":"SUCCESS","sign":"1E629B1818743EFA4707708D1F4ADE37","time_end":"20151001085902","total_fee":"4000","trade_type":"JSAPI","transaction_id":"1006360869201510011050630692"}
[2015-10-01 08:59:02][debug] query:{"appid":"wx161f19ac48b1f2f3","attach":"\u9a6c\u62c9\u677e\u62a5\u540d","bank_type":"CFT","cash_fee":"4000","fee_type":"CNY","is_subscribe":"N","mch_id":"1268067601","nonce_str":"q8WwZutvzieaatOs","openid":"ouN6_s7AMDOcil2h4j8ccG5DlJ9A","out_trade_no":"126806760120151001085841","result_code":"SUCCESS","return_code":"SUCCESS","return_msg":"OK","sign":"B0D2E30D78E0ABE9FBB5A308404EC517","time_end":"20151001085901","total_fee":"4000","trade_state":"SUCCESS","trade_type":"JSAPI","transaction_id":"1006360869201510011050630692"}
[2015-10-01 08:59:02][debug] call back test:订单查询成功
[2015-10-01 08:59:02][debug] call back test:未入库
[2015-10-01 08:59:02][debug] call back test sql:UPDATE pa_marathon SET ispay =1,transaction_id="1006360869201510011050630692",out_trade_no="126806760120151001085841" WHERE openid ="ouN6_s7AMDOcil2h4j8ccG5DlJ9A"
[2015-10-01 08:59:02][debug] call back test:入库成功
[2015-10-01 09:10:02][debug] begin notify
[2015-10-01 09:10:02][debug] call back test:{"appid":"wx161f19ac48b1f2f3","attach":"\u9a6c\u62c9\u677e\u62a5\u540d","bank_type":"CCB_DEBIT","cash_fee":"6000","fee_type":"CNY","is_subscribe":"N","mch_id":"1268067601","nonce_str":"d6ftulez344dyzwm9olx8hgjmynv903z","openid":"ouN6_s-IWictkZV2GJ-LEeS5DmE0","out_trade_no":"126806760120151001090947","result_code":"SUCCESS","return_code":"SUCCESS","sign":"5482D0A3B4C9D9C61628C05AC00329AF","time_end":"20151001091002","total_fee":"6000","trade_type":"JSAPI","transaction_id":"1003410869201510011050720455"}
[2015-10-01 09:10:03][debug] query:{"appid":"wx161f19ac48b1f2f3","attach":"\u9a6c\u62c9\u677e\u62a5\u540d","bank_type":"CCB_DEBIT","cash_fee":"6000","fee_type":"CNY","is_subscribe":"N","mch_id":"1268067601","nonce_str":"VsQEaPMut8CAoiTC","openid":"ouN6_s-IWictkZV2GJ-LEeS5DmE0","out_trade_no":"126806760120151001090947","result_code":"SUCCESS","return_code":"SUCCESS","return_msg":"OK","sign":"32CEE5DC838E55A8ED59F052259711CB","time_end":"20151001091001","total_fee":"6000","trade_state":"SUCCESS","trade_type":"JSAPI","transaction_id":"1003410869201510011050720455"}
[2015-10-01 09:10:03][debug] call back test:订单查询成功
[2015-10-01 09:10:03][debug] call back test:未入库
[2015-10-01 09:10:03][debug] call back test sql:UPDATE pa_marathon SET ispay =1,transaction_id="1003410869201510011050720455",out_trade_no="126806760120151001090947" WHERE openid ="ouN6_s-IWictkZV2GJ-LEeS5DmE0"
[2015-10-01 09:10:03][debug] call back test:入库成功
[2015-10-01 09:27:47][debug] begin notify
[2015-10-01 09:27:47][debug] call back test:{"appid":"wx161f19ac48b1f2f3","attach":"\u9a6c\u62c9\u677e\u62a5\u540d","bank_type":"CMB_CREDIT","cash_fee":"4000","fee_type":"CNY","is_subscribe":"Y","mch_id":"1268067601","nonce_str":"zjgodpna6zbaa3je5fkm8qgwqcgnbspz","openid":"ouN6_syVx8WR4IItVisKqBgpxjqI","out_trade_no":"126806760120151001092459","result_code":"SUCCESS","return_code":"SUCCESS","sign":"CB8AF10A25242ECD63068BD139E657F0","time_end":"20151001092747","total_fee":"4000","trade_type":"JSAPI","transaction_id":"1006820869201510011050855696"}
[2015-10-01 09:28:02][debug] begin notify
[2015-10-01 09:28:02][debug] call back test:{"appid":"wx161f19ac48b1f2f3","attach":"\u9a6c\u62c9\u677e\u62a5\u540d","bank_type":"CMB_CREDIT","cash_fee":"4000","fee_type":"CNY","is_subscribe":"Y","mch_id":"1268067601","nonce_str":"zjgodpna6zbaa3je5fkm8qgwqcgnbspz","openid":"ouN6_syVx8WR4IItVisKqBgpxjqI","out_trade_no":"126806760120151001092459","result_code":"SUCCESS","return_code":"SUCCESS","sign":"CB8AF10A25242ECD63068BD139E657F0","time_end":"20151001092747","total_fee":"4000","trade_type":"JSAPI","transaction_id":"1006820869201510011050855696"}
[2015-10-01 09:28:23][debug] begin notify
[2015-10-01 09:28:23][debug] call back test:{"appid":"wx161f19ac48b1f2f3","attach":"\u9a6c\u62c9\u677e\u62a5\u540d","bank_type":"CMB_CREDIT","cash_fee":"4000","fee_type":"CNY","is_subscribe":"Y","mch_id":"1268067601","nonce_str":"zjgodpna6zbaa3je5fkm8qgwqcgnbspz","openid":"ouN6_syVx8WR4IItVisKqBgpxjqI","out_trade_no":"126806760120151001092459","result_code":"SUCCESS","return_code":"SUCCESS","sign":"CB8AF10A25242ECD63068BD139E657F0","time_end":"20151001092747","total_fee":"4000","trade_type":"JSAPI","transaction_id":"1006820869201510011050855696"}
[2015-10-01 09:28:26][debug] query:{"appid":"wx161f19ac48b1f2f3","attach":"\u9a6c\u62c9\u677e\u62a5\u540d","bank_type":"CMB_CREDIT","cash_fee":"4000","fee_type":"CNY","is_subscribe":"Y","mch_id":"1268067601","nonce_str":"lxBULpWBzQG89WQH","openid":"ouN6_syVx8WR4IItVisKqBgpxjqI","out_trade_no":"126806760120151001092459","result_code":"SUCCESS","return_code":"SUCCESS","return_msg":"OK","sign":"8356C2A519A23960BE1818AE64A75F5F","time_end":"20151001092746","total_fee":"4000","trade_state":"SUCCESS","trade_type":"JSAPI","transaction_id":"1006820869201510011050855696"}
[2015-10-01 09:28:26][debug] call back test:订单查询成功
[2015-10-01 09:28:26][debug] call back test:未入库
[2015-10-01 09:28:26][debug] call back test sql:UPDATE pa_marathon SET ispay =1,transaction_id="1006820869201510011050855696",out_trade_no="126806760120151001092459" WHERE openid ="ouN6_syVx8WR4IItVisKqBgpxjqI"
[2015-10-01 09:28:26][debug] call back test:入库成功
[2015-10-01 10:19:01][debug] begin notify
[2015-10-01 10:19:01][debug] call back test:{"appid":"wx161f19ac48b1f2f3","attach":"\u9a6c\u62c9\u677e\u62a5\u540d","bank_type":"CFT","cash_fee":"4000","fee_type":"CNY","is_subscribe":"N","mch_id":"1268067601","nonce_str":"z40q4hesmbs1ztvriek9q88fps0hctlt","openid":"ouN6_swG_Q8c0-4n9gmAbBRtb5cU","out_trade_no":"126806760120151001101845","result_code":"SUCCESS","return_code":"SUCCESS","sign":"8D69EED4DA883F88251601D6FDFC3AA4","time_end":"20151001101900","total_fee":"4000","trade_type":"JSAPI","transaction_id":"1007040869201510011051337525"}
[2015-10-01 10:19:02][debug] query:{"appid":"wx161f19ac48b1f2f3","attach":"\u9a6c\u62c9\u677e\u62a5\u540d","bank_type":"CFT","cash_fee":"4000","fee_type":"CNY","is_subscribe":"N","mch_id":"1268067601","nonce_str":"9Cpg7hJlCFH5rO8P","openid":"ouN6_swG_Q8c0-4n9gmAbBRtb5cU","out_trade_no":"126806760120151001101845","result_code":"SUCCESS","return_code":"SUCCESS","return_msg":"OK","sign":"4A53DF11A07285D6E48F548507D077C6","time_end":"20151001101900","total_fee":"4000","trade_state":"SUCCESS","trade_type":"JSAPI","transaction_id":"1007040869201510011051337525"}
[2015-10-01 10:19:02][debug] call back test:订单查询成功
[2015-10-01 10:19:02][debug] call back test:未入库
[2015-10-01 10:19:02][debug] call back test sql:UPDATE pa_marathon SET ispay =1,transaction_id="1007040869201510011051337525",out_trade_no="126806760120151001101845" WHERE openid ="ouN6_swG_Q8c0-4n9gmAbBRtb5cU"
[2015-10-01 10:19:02][debug] call back test:入库成功
[2015-10-01 10:32:31][debug] begin notify
[2015-10-01 10:32:31][debug] call back test:{"appid":"wx161f19ac48b1f2f3","attach":"\u9a6c\u62c9\u677e\u62a5\u540d","bank_type":"ICBC_DEBIT","cash_fee":"6000","fee_type":"CNY","is_subscribe":"Y","mch_id":"1268067601","nonce_str":"wncknuc3f2m9fys2nay6b4sj5d41e2ye","openid":"ouN6_s0EHG7yKGgLYqIFG-yBsc_g","out_trade_no":"126806760120151001103214","result_code":"SUCCESS","return_code":"SUCCESS","sign":"0DE6FD4A3488AC2172A3420E41A07C96","time_end":"20151001103231","total_fee":"6000","trade_type":"JSAPI","transaction_id":"1000290869201510011051486145"}
[2015-10-01 10:32:32][debug] query:{"appid":"wx161f19ac48b1f2f3","attach":"\u9a6c\u62c9\u677e\u62a5\u540d","bank_type":"ICBC_DEBIT","cash_fee":"6000","fee_type":"CNY","is_subscribe":"Y","mch_id":"1268067601","nonce_str":"XcePwFDSgVbJCSvq","openid":"ouN6_s0EHG7yKGgLYqIFG-yBsc_g","out_trade_no":"126806760120151001103214","result_code":"SUCCESS","return_code":"SUCCESS","return_msg":"OK","sign":"3115E29FCFFFFBE09CB9E64A102C8058","time_end":"20151001103230","total_fee":"6000","trade_state":"SUCCESS","trade_type":"JSAPI","transaction_id":"1000290869201510011051486145"}
[2015-10-01 10:32:32][debug] call back test:订单查询成功
[2015-10-01 10:32:32][debug] call back test:未入库
[2015-10-01 10:32:32][debug] call back test sql:UPDATE pa_marathon SET ispay =1,transaction_id="1000290869201510011051486145",out_trade_no="126806760120151001103214" WHERE openid ="ouN6_s0EHG7yKGgLYqIFG-yBsc_g"
[2015-10-01 10:32:32][debug] call back test:入库成功
[2015-10-01 10:44:22][debug] begin notify
[2015-10-01 10:44:22][debug] call back test:{"appid":"wx161f19ac48b1f2f3","attach":"\u9a6c\u62c9\u677e\u62a5\u540d","bank_type":"ICBC_DEBIT","cash_fee":"8000","fee_type":"CNY","is_subscribe":"Y","mch_id":"1268067601","nonce_str":"v3d098656z937a65mlacebjosv2nn4me","openid":"ouN6_s9aSF5YMi3Vw_30VUq2NPs4","out_trade_no":"126806760120151001104352","result_code":"SUCCESS","return_code":"SUCCESS","sign":"C1D72977EC3C8679114E9D4879206FC6","time_end":"20151001104420","total_fee":"8000","trade_type":"JSAPI","transaction_id":"1002710869201510011051640629"}
[2015-10-01 10:44:22][debug] query:{"appid":"wx161f19ac48b1f2f3","attach":"\u9a6c\u62c9\u677e\u62a5\u540d","bank_type":"ICBC_DEBIT","cash_fee":"8000","fee_type":"CNY","is_subscribe":"Y","mch_id":"1268067601","nonce_str":"SrnWqev6JOQkMCTB","openid":"ouN6_s9aSF5YMi3Vw_30VUq2NPs4","out_trade_no":"126806760120151001104352","result_code":"SUCCESS","return_code":"SUCCESS","return_msg":"OK","sign":"5BF49146E8A597AF87A9C911607C6AAC","time_end":"20151001104419","total_fee":"8000","trade_state":"SUCCESS","trade_type":"JSAPI","transaction_id":"1002710869201510011051640629"}
[2015-10-01 10:44:22][debug] call back test:订单查询成功
[2015-10-01 10:44:22][debug] call back test:未入库
[2015-10-01 10:44:22][debug] call back test sql:UPDATE pa_marathon SET ispay =1,transaction_id="1002710869201510011051640629",out_trade_no="126806760120151001104352" WHERE openid ="ouN6_s9aSF5YMi3Vw_30VUq2NPs4"
[2015-10-01 10:44:22][debug] call back test:入库成功
[2015-10-01 11:04:00][debug] begin notify
[2015-10-01 11:04:00][debug] call back test:{"appid":"wx161f19ac48b1f2f3","attach":"\u9a6c\u62c9\u677e\u62a5\u540d","bank_type":"ICBC_DEBIT","cash_fee":"4000","fee_type":"CNY","is_subscribe":"Y","mch_id":"1268067601","nonce_str":"68bjesqudx7u8cndx4zrxeqby2mph9be","openid":"ouN6_s9YI8SNexqijYJd22ev-FOc","out_trade_no":"126806760120151001110227","result_code":"SUCCESS","return_code":"SUCCESS","sign":"CE20AEA43BB732E5FAD0441B78C22A6F","time_end":"20151001110359","total_fee":"4000","trade_type":"JSAPI","transaction_id":"1002960869201510011051862132"}
[2015-10-01 11:04:01][debug] query:{"appid":"wx161f19ac48b1f2f3","attach":"\u9a6c\u62c9\u677e\u62a5\u540d","bank_type":"ICBC_DEBIT","cash_fee":"4000","fee_type":"CNY","is_subscribe":"Y","mch_id":"1268067601","nonce_str":"4kkzrJ6VfoUldIsZ","openid":"ouN6_s9YI8SNexqijYJd22ev-FOc","out_trade_no":"126806760120151001110227","result_code":"SUCCESS","return_code":"SUCCESS","return_msg":"OK","sign":"336C16F57A4A14EDD7D2980F9E44E02A","time_end":"20151001110358","total_fee":"4000","trade_state":"SUCCESS","trade_type":"JSAPI","transaction_id":"1002960869201510011051862132"}
[2015-10-01 11:04:01][debug] call back test:订单查询成功
[2015-10-01 11:04:01][debug] call back test:未入库
[2015-10-01 11:04:01][debug] call back test sql:UPDATE pa_marathon SET ispay =1,transaction_id="1002960869201510011051862132",out_trade_no="126806760120151001110227" WHERE openid ="ouN6_s9YI8SNexqijYJd22ev-FOc"
[2015-10-01 11:04:01][debug] call back test:入库成功
[2015-10-01 12:13:05][debug] begin notify
[2015-10-01 12:13:05][debug] call back test:{"appid":"wx161f19ac48b1f2f3","attach":"\u9a6c\u62c9\u677e\u62a5\u540d","bank_type":"CMB_CREDIT","cash_fee":"8000","fee_type":"CNY","is_subscribe":"Y","mch_id":"1268067601","nonce_str":"3llpy5pxxr6oap91nvrswq2mc5tcuakf","openid":"ouN6_s_NyZsrJy84gB2jpqAQsz2s","out_trade_no":"126806760120151001121241","result_code":"SUCCESS","return_code":"SUCCESS","sign":"A84780F790B34E1B257268A339794090","time_end":"20151001121305","total_fee":"8000","trade_type":"JSAPI","transaction_id":"1009300869201510011052871315"}
[2015-10-01 12:13:05][debug] query:{"appid":"wx161f19ac48b1f2f3","attach":"\u9a6c\u62c9\u677e\u62a5\u540d","bank_type":"CMB_CREDIT","cash_fee":"8000","fee_type":"CNY","is_subscribe":"Y","mch_id":"1268067601","nonce_str":"Mwu42VGWQ89yO6ey","openid":"ouN6_s_NyZsrJy84gB2jpqAQsz2s","out_trade_no":"126806760120151001121241","result_code":"SUCCESS","return_code":"SUCCESS","return_msg":"OK","sign":"FA452563CBC8809DDA4519571BAFB3BB","time_end":"20151001121304","total_fee":"8000","trade_state":"SUCCESS","trade_type":"JSAPI","transaction_id":"1009300869201510011052871315"}
[2015-10-01 12:13:06][debug] call back test:订单查询成功
[2015-10-01 12:13:06][debug] call back test:未入库
[2015-10-01 12:13:06][debug] call back test sql:UPDATE pa_marathon SET ispay =1,transaction_id="1009300869201510011052871315",out_trade_no="126806760120151001121241" WHERE openid ="ouN6_s_NyZsrJy84gB2jpqAQsz2s"
[2015-10-01 12:13:06][debug] call back test:入库成功
[2015-10-01 12:24:00][debug] begin notify
[2015-10-01 12:24:00][debug] call back test:{"appid":"wx161f19ac48b1f2f3","attach":"\u9a6c\u62c9\u677e\u62a5\u540d","bank_type":"CFT","cash_fee":"4000","fee_type":"CNY","is_subscribe":"Y","mch_id":"1268067601","nonce_str":"qe74ir6z69qebb37yckwdkxzpyw0kj01","openid":"ouN6_syh8KSR5w95ELdCbAbG2z2w","out_trade_no":"126806760120151001122335","result_code":"SUCCESS","return_code":"SUCCESS","sign":"F540F1946BA60552BB95C3E99BE0F853","time_end":"20151001122358","total_fee":"4000","trade_type":"JSAPI","transaction_id":"1006140869201510011053060257"}
[2015-10-01 12:24:14][debug] begin notify
[2015-10-01 12:24:14][debug] call back test:{"appid":"wx161f19ac48b1f2f3","attach":"\u9a6c\u62c9\u677e\u62a5\u540d","bank_type":"CFT","cash_fee":"4000","fee_type":"CNY","is_subscribe":"Y","mch_id":"1268067601","nonce_str":"qe74ir6z69qebb37yckwdkxzpyw0kj01","openid":"ouN6_syh8KSR5w95ELdCbAbG2z2w","out_trade_no":"126806760120151001122335","result_code":"SUCCESS","return_code":"SUCCESS","sign":"F540F1946BA60552BB95C3E99BE0F853","time_end":"20151001122358","total_fee":"4000","trade_type":"JSAPI","transaction_id":"1006140869201510011053060257"}
[2015-10-01 12:24:18][debug] query:{"appid":"wx161f19ac48b1f2f3","attach":"\u9a6c\u62c9\u677e\u62a5\u540d","bank_type":"CFT","cash_fee":"4000","fee_type":"CNY","is_subscribe":"Y","mch_id":"1268067601","nonce_str":"N65n1HgwO8r9rSod","openid":"ouN6_syh8KSR5w95ELdCbAbG2z2w","out_trade_no":"126806760120151001122335","result_code":"SUCCESS","return_code":"SUCCESS","return_msg":"OK","sign":"E91306D3B0C7426A5A98185F3D8CDB25","time_end":"20151001122358","total_fee":"4000","trade_state":"SUCCESS","trade_type":"JSAPI","transaction_id":"1006140869201510011053060257"}
[2015-10-01 12:24:18][debug] call back test:订单查询成功
[2015-10-01 12:24:18][debug] call back test:未入库
[2015-10-01 12:24:18][debug] call back test sql:UPDATE pa_marathon SET ispay =1,transaction_id="1006140869201510011053060257",out_trade_no="126806760120151001122335" WHERE openid ="ouN6_syh8KSR5w95ELdCbAbG2z2w"
[2015-10-01 12:24:18][debug] call back test:入库成功
[2015-10-01 12:24:35][debug] begin notify
[2015-10-01 12:24:35][debug] call back test:{"appid":"wx161f19ac48b1f2f3","attach":"\u9a6c\u62c9\u677e\u62a5\u540d","bank_type":"CFT","cash_fee":"4000","fee_type":"CNY","is_subscribe":"Y","mch_id":"1268067601","nonce_str":"qe74ir6z69qebb37yckwdkxzpyw0kj01","openid":"ouN6_syh8KSR5w95ELdCbAbG2z2w","out_trade_no":"126806760120151001122335","result_code":"SUCCESS","return_code":"SUCCESS","sign":"F540F1946BA60552BB95C3E99BE0F853","time_end":"20151001122358","total_fee":"4000","trade_type":"JSAPI","transaction_id":"1006140869201510011053060257"}
[2015-10-01 12:24:35][debug] query:{"appid":"wx161f19ac48b1f2f3","attach":"\u9a6c\u62c9\u677e\u62a5\u540d","bank_type":"CFT","cash_fee":"4000","fee_type":"CNY","is_subscribe":"Y","mch_id":"1268067601","nonce_str":"LVtEJFGEMvmLVGKl","openid":"ouN6_syh8KSR5w95ELdCbAbG2z2w","out_trade_no":"126806760120151001122335","result_code":"SUCCESS","return_code":"SUCCESS","return_msg":"OK","sign":"4E937E7A533405FDD69A88EF84711FFC","time_end":"20151001122358","total_fee":"4000","trade_state":"SUCCESS","trade_type":"JSAPI","transaction_id":"1006140869201510011053060257"}
[2015-10-01 12:24:35][debug] call back test:订单查询成功
[2015-10-01 12:24:35][debug] call back test:已入库
[2015-10-01 12:44:24][debug] begin notify
[2015-10-01 12:44:24][debug] call back test:{"appid":"wx161f19ac48b1f2f3","attach":"\u9a6c\u62c9\u677e\u62a5\u540d","bank_type":"CFT","cash_fee":"4000","fee_type":"CNY","is_subscribe":"Y","mch_id":"1268067601","nonce_str":"pxoajbkh508lq0bffqrn9a823vlqiy1n","openid":"ouN6_szFxJfTEWxE8IAJ9tam2pyc","out_trade_no":"126806760120151001124331","result_code":"SUCCESS","return_code":"SUCCESS","sign":"BCA971206B25D03D1B7788A6AE8392F8","time_end":"20151001124423","total_fee":"4000","trade_type":"JSAPI","transaction_id":"1002650869201510011053340153"}
[2015-10-01 12:44:24][debug] query:{"appid":"wx161f19ac48b1f2f3","attach":"\u9a6c\u62c9\u677e\u62a5\u540d","bank_type":"CFT","cash_fee":"4000","fee_type":"CNY","is_subscribe":"Y","mch_id":"1268067601","nonce_str":"r4sTfqaU5wVpVIkp","openid":"ouN6_szFxJfTEWxE8IAJ9tam2pyc","out_trade_no":"126806760120151001124331","result_code":"SUCCESS","return_code":"SUCCESS","return_msg":"OK","sign":"0790030BB4FE1BC514C6E6E6A7784B57","time_end":"20151001124423","total_fee":"4000","trade_state":"SUCCESS","trade_type":"JSAPI","transaction_id":"1002650869201510011053340153"}
[2015-10-01 12:44:24][debug] call back test:订单查询成功
[2015-10-01 12:44:24][debug] call back test:未入库
[2015-10-01 12:44:24][debug] call back test sql:UPDATE pa_marathon SET ispay =1,transaction_id="1002650869201510011053340153",out_trade_no="126806760120151001124331" WHERE openid ="ouN6_szFxJfTEWxE8IAJ9tam2pyc"
[2015-10-01 12:44:24][debug] call back test:入库成功
[2015-10-01 12:48:05][debug] begin notify
[2015-10-01 12:48:05][debug] call back test:{"appid":"wx161f19ac48b1f2f3","attach":"\u9a6c\u62c9\u677e\u62a5\u540d","bank_type":"CFT","cash_fee":"6000","fee_type":"CNY","is_subscribe":"Y","mch_id":"1268067601","nonce_str":"e2a2jly80brnvav53dgj4v4zjut5btbv","openid":"ouN6_s5ZQukL1s9bHdYAs5x5PyAM","out_trade_no":"126806760120151001124626","result_code":"SUCCESS","return_code":"SUCCESS","sign":"1D831F815ED4B161CCCFEB81FC7163F1","time_end":"20151001124804","total_fee":"6000","trade_type":"JSAPI","transaction_id":"1005830869201510011053381575"}
[2015-10-01 12:48:05][debug] query:{"appid":"wx161f19ac48b1f2f3","attach":"\u9a6c\u62c9\u677e\u62a5\u540d","bank_type":"CFT","cash_fee":"6000","fee_type":"CNY","is_subscribe":"Y","mch_id":"1268067601","nonce_str":"AHZvwwbyTXilc3nf","openid":"ouN6_s5ZQukL1s9bHdYAs5x5PyAM","out_trade_no":"126806760120151001124626","result_code":"SUCCESS","return_code":"SUCCESS","return_msg":"OK","sign":"81FA9CC305CDDEC91CFF39E8C8BC04AD","time_end":"20151001124804","total_fee":"6000","trade_state":"SUCCESS","trade_type":"JSAPI","transaction_id":"1005830869201510011053381575"}
[2015-10-01 12:48:05][debug] call back test:订单查询成功
[2015-10-01 12:48:05][debug] call back test:未入库
[2015-10-01 12:48:05][debug] call back test sql:UPDATE pa_marathon SET ispay =1,transaction_id="1005830869201510011053381575",out_trade_no="126806760120151001124626" WHERE openid ="ouN6_s5ZQukL1s9bHdYAs5x5PyAM"
[2015-10-01 12:48:05][debug] call back test:入库成功
[2015-10-01 13:52:34][debug] begin notify
[2015-10-01 13:52:34][debug] call back test:{"appid":"wx161f19ac48b1f2f3","attach":"\u9a6c\u62c9\u677e\u62a5\u540d","bank_type":"CFT","cash_fee":"6000","fee_type":"CNY","is_subscribe":"N","mch_id":"1268067601","nonce_str":"f6vxpu5jx42qpllm5amrjpp3ltx4sdj4","openid":"ouN6_sxzDSEx8Dujug92Wy03erBE","out_trade_no":"126806760120151001135214","result_code":"SUCCESS","return_code":"SUCCESS","sign":"EB31177708E2D1178E31ADA735B8D25B","time_end":"20151001135233","total_fee":"6000","trade_type":"JSAPI","transaction_id":"1001740869201510011054288032"}
[2015-10-01 13:52:34][debug] query:{"appid":"wx161f19ac48b1f2f3","attach":"\u9a6c\u62c9\u677e\u62a5\u540d","bank_type":"CFT","cash_fee":"6000","fee_type":"CNY","is_subscribe":"N","mch_id":"1268067601","nonce_str":"Zb88me3Ev9vPvaBR","openid":"ouN6_sxzDSEx8Dujug92Wy03erBE","out_trade_no":"126806760120151001135214","result_code":"SUCCESS","return_code":"SUCCESS","return_msg":"OK","sign":"462D4A01BD844E3D36484651C314F27A","time_end":"20151001135233","total_fee":"6000","trade_state":"SUCCESS","trade_type":"JSAPI","transaction_id":"1001740869201510011054288032"}
[2015-10-01 13:52:34][debug] call back test:订单查询成功
[2015-10-01 13:52:34][debug] call back test:未入库
[2015-10-01 13:52:34][debug] call back test sql:UPDATE pa_marathon SET ispay =1,transaction_id="1001740869201510011054288032",out_trade_no="126806760120151001135214" WHERE openid ="ouN6_sxzDSEx8Dujug92Wy03erBE"
[2015-10-01 13:52:34][debug] call back test:入库成功
[2015-10-01 14:29:26][debug] begin notify
[2015-10-01 14:29:26][debug] call back test:{"appid":"wx161f19ac48b1f2f3","attach":"\u9a6c\u62c9\u677e\u62a5\u540d","bank_type":"CFT","cash_fee":"4000","fee_type":"CNY","is_subscribe":"Y","mch_id":"1268067601","nonce_str":"04ugmz53eftcrhy3ql9ycrjc0kds740f","openid":"ouN6_sxHepszwS3l7tNrxt4ve0jA","out_trade_no":"126806760120151001142905","result_code":"SUCCESS","return_code":"SUCCESS","sign":"9399B435585F1E7C8A2E71A3EE7F729B","time_end":"20151001142926","total_fee":"4000","trade_type":"JSAPI","transaction_id":"1000040869201510011054718471"}
[2015-10-01 14:29:27][debug] query:{"appid":"wx161f19ac48b1f2f3","attach":"\u9a6c\u62c9\u677e\u62a5\u540d","bank_type":"CFT","cash_fee":"4000","fee_type":"CNY","is_subscribe":"Y","mch_id":"1268067601","nonce_str":"wR0hZKAEpTHDqHXv","openid":"ouN6_sxHepszwS3l7tNrxt4ve0jA","out_trade_no":"126806760120151001142905","result_code":"SUCCESS","return_code":"SUCCESS","return_msg":"OK","sign":"30C34D59793BD6179DEC6BE8FEFC8224","time_end":"20151001142926","total_fee":"4000","trade_state":"SUCCESS","trade_type":"JSAPI","transaction_id":"1000040869201510011054718471"}
[2015-10-01 14:29:27][debug] call back test:订单查询成功
[2015-10-01 14:29:27][debug] call back test:未入库
[2015-10-01 14:29:27][debug] call back test sql:UPDATE pa_marathon SET ispay =1,transaction_id="1000040869201510011054718471",out_trade_no="126806760120151001142905" WHERE openid ="ouN6_sxHepszwS3l7tNrxt4ve0jA"
[2015-10-01 14:29:27][debug] call back test:入库成功
[2015-10-01 15:39:31][debug] begin notify
[2015-10-01 15:39:31][debug] call back test:{"appid":"wx161f19ac48b1f2f3","attach":"\u9a6c\u62c9\u677e\u62a5\u540d","bank_type":"CFT","cash_fee":"8000","fee_type":"CNY","is_subscribe":"Y","mch_id":"1268067601","nonce_str":"grd22p98ene6tjw8lclh9t1q6uk7i23i","openid":"ouN6_s465O4JmCo6d0-yLKFiJ3bI","out_trade_no":"126806760120151001153726","result_code":"SUCCESS","return_code":"SUCCESS","sign":"737D4CAF0C0FA1BDA4D3E0AF4F4F4B32","time_end":"20151001153931","total_fee":"8000","trade_type":"JSAPI","transaction_id":"1008460869201510011055480578"}
[2015-10-01 15:39:34][debug] query:{"appid":"wx161f19ac48b1f2f3","attach":"\u9a6c\u62c9\u677e\u62a5\u540d","bank_type":"CFT","cash_fee":"8000","fee_type":"CNY","is_subscribe":"Y","mch_id":"1268067601","nonce_str":"zYzqLQxbA4E6KCen","openid":"ouN6_s465O4JmCo6d0-yLKFiJ3bI","out_trade_no":"126806760120151001153726","result_code":"SUCCESS","return_code":"SUCCESS","return_msg":"OK","sign":"DD13DF9552F6A9B8DB357B9D47EB92EF","time_end":"20151001153931","total_fee":"8000","trade_state":"SUCCESS","trade_type":"JSAPI","transaction_id":"1008460869201510011055480578"}
[2015-10-01 15:39:34][debug] call back test:订单查询成功
[2015-10-01 15:39:34][debug] call back test:未入库
[2015-10-01 15:39:34][debug] call back test sql:UPDATE pa_marathon SET ispay =1,transaction_id="1008460869201510011055480578",out_trade_no="126806760120151001153726" WHERE openid ="ouN6_s465O4JmCo6d0-yLKFiJ3bI"
[2015-10-01 15:39:34][debug] call back test:入库成功
[2015-10-01 15:39:46][debug] begin notify
[2015-10-01 15:39:46][debug] call back test:{"appid":"wx161f19ac48b1f2f3","attach":"\u9a6c\u62c9\u677e\u62a5\u540d","bank_type":"CFT","cash_fee":"8000","fee_type":"CNY","is_subscribe":"Y","mch_id":"1268067601","nonce_str":"grd22p98ene6tjw8lclh9t1q6uk7i23i","openid":"ouN6_s465O4JmCo6d0-yLKFiJ3bI","out_trade_no":"126806760120151001153726","result_code":"SUCCESS","return_code":"SUCCESS","sign":"737D4CAF0C0FA1BDA4D3E0AF4F4F4B32","time_end":"20151001153931","total_fee":"8000","trade_type":"JSAPI","transaction_id":"1008460869201510011055480578"}
[2015-10-01 15:39:46][debug] query:{"appid":"wx161f19ac48b1f2f3","attach":"\u9a6c\u62c9\u677e\u62a5\u540d","bank_type":"CFT","cash_fee":"8000","fee_type":"CNY","is_subscribe":"Y","mch_id":"1268067601","nonce_str":"l0u6U7SlAoWn5jWl","openid":"ouN6_s465O4JmCo6d0-yLKFiJ3bI","out_trade_no":"126806760120151001153726","result_code":"SUCCESS","return_code":"SUCCESS","return_msg":"OK","sign":"1475AD762B1544E648D7C31039B61DA6","time_end":"20151001153931","total_fee":"8000","trade_state":"SUCCESS","trade_type":"JSAPI","transaction_id":"1008460869201510011055480578"}
[2015-10-01 15:39:46][debug] call back test:订单查询成功
[2015-10-01 15:39:46][debug] call back test:已入库
[2015-10-01 17:04:13][debug] begin notify
[2015-10-01 17:04:13][debug] call back test:{"appid":"wx161f19ac48b1f2f3","attach":"\u9a6c\u62c9\u677e\u62a5\u540d","bank_type":"CFT","cash_fee":"4000","fee_type":"CNY","is_subscribe":"Y","mch_id":"1268067601","nonce_str":"c9o5dbrbuyvmnsqxntthiv87d9y608e1","openid":"ouN6_s2H8zt7Y2WnuM0alMcqimU4","out_trade_no":"126806760120151001170316","result_code":"SUCCESS","return_code":"SUCCESS","sign":"8E88381EBC272627F48DB88851FFB8D2","time_end":"20151001170412","total_fee":"4000","trade_type":"JSAPI","transaction_id":"1009080869201510011056394899"}
[2015-10-01 17:04:14][debug] query:{"appid":"wx161f19ac48b1f2f3","attach":"\u9a6c\u62c9\u677e\u62a5\u540d","bank_type":"CFT","cash_fee":"4000","fee_type":"CNY","is_subscribe":"Y","mch_id":"1268067601","nonce_str":"Oogy2C5yYlBZBnST","openid":"ouN6_s2H8zt7Y2WnuM0alMcqimU4","out_trade_no":"126806760120151001170316","result_code":"SUCCESS","return_code":"SUCCESS","return_msg":"OK","sign":"667A23BE0DA3BFB744884F40DE76550A","time_end":"20151001170412","total_fee":"4000","trade_state":"SUCCESS","trade_type":"JSAPI","transaction_id":"1009080869201510011056394899"}
[2015-10-01 17:04:14][debug] call back test:订单查询成功
[2015-10-01 17:04:14][debug] call back test:未入库
[2015-10-01 17:04:14][debug] call back test sql:UPDATE pa_marathon SET ispay =1,transaction_id="1009080869201510011056394899",out_trade_no="126806760120151001170316" WHERE openid ="ouN6_s2H8zt7Y2WnuM0alMcqimU4"
[2015-10-01 17:04:14][debug] call back test:入库成功
[2015-10-01 17:08:44][debug] begin notify
[2015-10-01 17:08:44][debug] call back test:{"appid":"wx161f19ac48b1f2f3","attach":"\u9a6c\u62c9\u677e\u62a5\u540d","bank_type":"CFT","cash_fee":"4000","fee_type":"CNY","is_subscribe":"Y","mch_id":"1268067601","nonce_str":"ip9a3fgov0cmicw5pk2zwz40cdepfckf","openid":"ouN6_s0YTS4U79KVgOygAzKJwcbU","out_trade_no":"126806760120151001170749","result_code":"SUCCESS","return_code":"SUCCESS","sign":"A7E9A9C8B54941471330DEB161927EEA","time_end":"20151001170843","total_fee":"4000","trade_type":"JSAPI","transaction_id":"1000390869201510011056439559"}
[2015-10-01 17:08:44][debug] query:{"appid":"wx161f19ac48b1f2f3","attach":"\u9a6c\u62c9\u677e\u62a5\u540d","bank_type":"CFT","cash_fee":"4000","fee_type":"CNY","is_subscribe":"Y","mch_id":"1268067601","nonce_str":"dHmeHa9gCYhtrWWD","openid":"ouN6_s0YTS4U79KVgOygAzKJwcbU","out_trade_no":"126806760120151001170749","result_code":"SUCCESS","return_code":"SUCCESS","return_msg":"OK","sign":"EBE077E6699CD845E3488B42AD3CECE3","time_end":"20151001170843","total_fee":"4000","trade_state":"SUCCESS","trade_type":"JSAPI","transaction_id":"1000390869201510011056439559"}
[2015-10-01 17:08:44][debug] call back test:订单查询成功
[2015-10-01 17:08:44][debug] call back test:未入库
[2015-10-01 17:08:44][debug] call back test sql:UPDATE pa_marathon SET ispay =1,transaction_id="1000390869201510011056439559",out_trade_no="126806760120151001170749" WHERE openid ="ouN6_s0YTS4U79KVgOygAzKJwcbU"
[2015-10-01 17:08:44][debug] call back test:入库成功
[2015-10-01 17:15:18][debug] begin notify
[2015-10-01 17:15:18][debug] call back test:{"appid":"wx161f19ac48b1f2f3","attach":"\u9a6c\u62c9\u677e\u62a5\u540d","bank_type":"CFT","cash_fee":"4000","fee_type":"CNY","is_subscribe":"Y","mch_id":"1268067601","nonce_str":"iu9iilxuimz57uroecnytyg2ce0hir3l","openid":"ouN6_s0YTS4U79KVgOygAzKJwcbU","out_trade_no":"126806760120151001171500","result_code":"SUCCESS","return_code":"SUCCESS","sign":"0DE5E3DE31DBDC3D674754A9F5CF075C","time_end":"20151001171517","total_fee":"4000","trade_type":"JSAPI","transaction_id":"1000390869201510011056509999"}
[2015-10-01 17:15:18][debug] query:{"appid":"wx161f19ac48b1f2f3","attach":"\u9a6c\u62c9\u677e\u62a5\u540d","bank_type":"CFT","cash_fee":"4000","fee_type":"CNY","is_subscribe":"Y","mch_id":"1268067601","nonce_str":"1LvZ9six2Lwp0Lgh","openid":"ouN6_s0YTS4U79KVgOygAzKJwcbU","out_trade_no":"126806760120151001171500","result_code":"SUCCESS","return_code":"SUCCESS","return_msg":"OK","sign":"8C2096F6BF718D620E2618F1E625C830","time_end":"20151001171517","total_fee":"4000","trade_state":"SUCCESS","trade_type":"JSAPI","transaction_id":"1000390869201510011056509999"}
[2015-10-01 17:15:18][debug] call back test:订单查询成功
[2015-10-01 17:15:18][debug] call back test:未入库
[2015-10-01 17:15:18][debug] call back test sql:UPDATE pa_marathon SET ispay =1,transaction_id="1000390869201510011056509999",out_trade_no="126806760120151001171500" WHERE openid ="ouN6_s0YTS4U79KVgOygAzKJwcbU"
[2015-10-01 17:15:18][debug] call back test:入库成功
[2015-10-01 18:30:53][debug] begin notify
[2015-10-01 18:30:53][debug] call back test:{"appid":"wx161f19ac48b1f2f3","attach":"\u9a6c\u62c9\u677e\u62a5\u540d","bank_type":"ABC_DEBIT","cash_fee":"6000","fee_type":"CNY","is_subscribe":"Y","mch_id":"1268067601","nonce_str":"7grtilfoev5tbu8pk2az0rz6o7tehb5y","openid":"ouN6_s8H9ZMYbQMJyiKe4Em1EV-w","out_trade_no":"126806760120151001182849","result_code":"SUCCESS","return_code":"SUCCESS","sign":"93DF0B7AC48624429D21FA397EF37A21","time_end":"20151001183053","total_fee":"6000","trade_type":"JSAPI","transaction_id":"1005120869201510011057449085"}
[2015-10-01 18:30:54][debug] query:{"appid":"wx161f19ac48b1f2f3","attach":"\u9a6c\u62c9\u677e\u62a5\u540d","bank_type":"ABC_DEBIT","cash_fee":"6000","fee_type":"CNY","is_subscribe":"Y","mch_id":"1268067601","nonce_str":"LyUjvmG058v0M7Wi","openid":"ouN6_s8H9ZMYbQMJyiKe4Em1EV-w","out_trade_no":"126806760120151001182849","result_code":"SUCCESS","return_code":"SUCCESS","return_msg":"OK","sign":"029D39DEF852A30DCCF379615049D8D3","time_end":"20151001183038","total_fee":"6000","trade_state":"SUCCESS","trade_type":"JSAPI","transaction_id":"1005120869201510011057449085"}
[2015-10-01 18:30:54][debug] call back test:订单查询成功
[2015-10-01 18:30:54][debug] call back test:未入库
[2015-10-01 18:30:54][debug] call back test sql:UPDATE pa_marathon SET ispay =1,transaction_id="1005120869201510011057449085",out_trade_no="126806760120151001182849" WHERE openid ="ouN6_s8H9ZMYbQMJyiKe4Em1EV-w"
[2015-10-01 18:30:54][debug] call back test:入库成功
[2015-10-01 18:31:21][debug] begin notify
[2015-10-01 18:31:21][debug] call back test:{"appid":"wx161f19ac48b1f2f3","attach":"\u9a6c\u62c9\u677e\u62a5\u540d","bank_type":"ICBC_DEBIT","cash_fee":"6000","fee_type":"CNY","is_subscribe":"N","mch_id":"1268067601","nonce_str":"tu1rrv7x3uq7k3l5oesgn7yr90ojpbb5","openid":"ouN6_s6agcsw8fdMnK4hfT2j5X2k","out_trade_no":"126806760120151001183057","result_code":"SUCCESS","return_code":"SUCCESS","sign":"419DAB5B7E8546851F13AD2E2160E2D5","time_end":"20151001183120","total_fee":"6000","trade_type":"JSAPI","transaction_id":"1000900869201510011057467358"}
[2015-10-01 18:31:21][debug] query:{"appid":"wx161f19ac48b1f2f3","attach":"\u9a6c\u62c9\u677e\u62a5\u540d","bank_type":"ICBC_DEBIT","cash_fee":"6000","fee_type":"CNY","is_subscribe":"N","mch_id":"1268067601","nonce_str":"WMgfX4tderwuXQIK","openid":"ouN6_s6agcsw8fdMnK4hfT2j5X2k","out_trade_no":"126806760120151001183057","result_code":"SUCCESS","return_code":"SUCCESS","return_msg":"OK","sign":"A48243DE2B6E1780A776E83832599C46","time_end":"20151001183119","total_fee":"6000","trade_state":"SUCCESS","trade_type":"JSAPI","transaction_id":"1000900869201510011057467358"}
[2015-10-01 18:31:21][debug] call back test:订单查询成功
[2015-10-01 18:31:21][debug] call back test:未入库
[2015-10-01 18:31:21][debug] call back test sql:UPDATE pa_marathon SET ispay =1,transaction_id="1000900869201510011057467358",out_trade_no="126806760120151001183057" WHERE openid ="ouN6_s6agcsw8fdMnK4hfT2j5X2k"
[2015-10-01 18:31:21][debug] call back test:入库成功
[2015-10-01 18:38:48][debug] begin notify
[2015-10-01 18:38:48][debug] call back test:{"appid":"wx161f19ac48b1f2f3","attach":"\u9a6c\u62c9\u677e\u62a5\u540d","bank_type":"ICBC_DEBIT","cash_fee":"6000","fee_type":"CNY","is_subscribe":"Y","mch_id":"1268067601","nonce_str":"wbeb501vlqilrunr90prrd03ahz4epyw","openid":"ouN6_s0uNhOiaWhoFlaC7pisUEkc","out_trade_no":"126806760120151001183820","result_code":"SUCCESS","return_code":"SUCCESS","sign":"D832CAFBA764198AAFAA66277978363F","time_end":"20151001183848","total_fee":"6000","trade_type":"JSAPI","transaction_id":"1005680869201510011057554755"}
[2015-10-01 18:38:49][debug] query:{"appid":"wx161f19ac48b1f2f3","attach":"\u9a6c\u62c9\u677e\u62a5\u540d","bank_type":"ICBC_DEBIT","cash_fee":"6000","fee_type":"CNY","is_subscribe":"Y","mch_id":"1268067601","nonce_str":"lFWHB39hEnOBCMe3","openid":"ouN6_s0uNhOiaWhoFlaC7pisUEkc","out_trade_no":"126806760120151001183820","result_code":"SUCCESS","return_code":"SUCCESS","return_msg":"OK","sign":"BA6FBD1295394C7D836E9E203CA8E57D","time_end":"20151001183847","total_fee":"6000","trade_state":"SUCCESS","trade_type":"JSAPI","transaction_id":"1005680869201510011057554755"}
[2015-10-01 18:38:49][debug] call back test:订单查询成功
[2015-10-01 18:38:49][debug] call back test:未入库
[2015-10-01 18:38:49][debug] call back test sql:UPDATE pa_marathon SET ispay =1,transaction_id="1005680869201510011057554755",out_trade_no="126806760120151001183820" WHERE openid ="ouN6_s0uNhOiaWhoFlaC7pisUEkc"
[2015-10-01 18:38:49][debug] call back test:入库成功
[2015-10-01 19:13:24][debug] begin notify
[2015-10-01 19:13:24][debug] call back test:{"appid":"wx161f19ac48b1f2f3","attach":"\u9a6c\u62c9\u677e\u62a5\u540d","bank_type":"BOC_DEBIT","cash_fee":"8000","fee_type":"CNY","is_subscribe":"Y","mch_id":"1268067601","nonce_str":"8y6d9y4bobdvb9os0efmqr4xssnf9zpq","openid":"ouN6_s2n6p51jrzeKAdF7HQXH_Ws","out_trade_no":"126806760120151001191309","result_code":"SUCCESS","return_code":"SUCCESS","sign":"5829171D572904E5AA7B5B4E48976084","time_end":"20151001191324","total_fee":"8000","trade_type":"JSAPI","transaction_id":"1002400869201510011058003296"}
[2015-10-01 19:13:25][debug] query:{"appid":"wx161f19ac48b1f2f3","attach":"\u9a6c\u62c9\u677e\u62a5\u540d","bank_type":"BOC_DEBIT","cash_fee":"8000","fee_type":"CNY","is_subscribe":"Y","mch_id":"1268067601","nonce_str":"1W5rwTJiLmsoe1ss","openid":"ouN6_s2n6p51jrzeKAdF7HQXH_Ws","out_trade_no":"126806760120151001191309","result_code":"SUCCESS","return_code":"SUCCESS","return_msg":"OK","sign":"5BBCA2115AFEEAA195B41DF31B28531F","time_end":"20151001191323","total_fee":"8000","trade_state":"SUCCESS","trade_type":"JSAPI","transaction_id":"1002400869201510011058003296"}
[2015-10-01 19:13:25][debug] call back test:订单查询成功
[2015-10-01 19:13:25][debug] call back test:未入库
[2015-10-01 19:13:25][debug] call back test sql:UPDATE pa_marathon SET ispay =1,transaction_id="1002400869201510011058003296",out_trade_no="126806760120151001191309" WHERE openid ="ouN6_s2n6p51jrzeKAdF7HQXH_Ws"
[2015-10-01 19:13:25][debug] call back test:入库成功
[2015-10-01 19:16:07][debug] begin notify
[2015-10-01 19:16:07][debug] call back test:{"appid":"wx161f19ac48b1f2f3","attach":"\u9a6c\u62c9\u677e\u62a5\u540d","bank_type":"BOC_DEBIT","cash_fee":"8000","fee_type":"CNY","is_subscribe":"Y","mch_id":"1268067601","nonce_str":"qns52n8val5eolg0e87d1ssu4r1u3nm1","openid":"ouN6_s2n6p51jrzeKAdF7HQXH_Ws","out_trade_no":"126806760120151001191551","result_code":"SUCCESS","return_code":"SUCCESS","sign":"66285B41A97263401735B536B9E57C34","time_end":"20151001191606","total_fee":"8000","trade_type":"JSAPI","transaction_id":"1002400869201510011058054255"}
[2015-10-01 19:16:08][debug] query:{"appid":"wx161f19ac48b1f2f3","attach":"\u9a6c\u62c9\u677e\u62a5\u540d","bank_type":"BOC_DEBIT","cash_fee":"8000","fee_type":"CNY","is_subscribe":"Y","mch_id":"1268067601","nonce_str":"M3QeI3zKeCD3hJV8","openid":"ouN6_s2n6p51jrzeKAdF7HQXH_Ws","out_trade_no":"126806760120151001191551","result_code":"SUCCESS","return_code":"SUCCESS","return_msg":"OK","sign":"AE5082DBB488CC6E87D5E86231654DA5","time_end":"20151001191605","total_fee":"8000","trade_state":"SUCCESS","trade_type":"JSAPI","transaction_id":"1002400869201510011058054255"}
[2015-10-01 19:16:08][debug] call back test:订单查询成功
[2015-10-01 19:16:08][debug] call back test:未入库
[2015-10-01 19:16:08][debug] call back test sql:UPDATE pa_marathon SET ispay =1,transaction_id="1002400869201510011058054255",out_trade_no="126806760120151001191551" WHERE openid ="ouN6_s2n6p51jrzeKAdF7HQXH_Ws"
[2015-10-01 19:16:08][debug] call back test:入库成功
[2015-10-01 19:22:51][debug] begin notify
[2015-10-01 19:22:51][debug] call back test:{"appid":"wx161f19ac48b1f2f3","attach":"\u9a6c\u62c9\u677e\u62a5\u540d","bank_type":"CFT","cash_fee":"6000","fee_type":"CNY","is_subscribe":"Y","mch_id":"1268067601","nonce_str":"bp01x118sa19qlq2evbixd5w7nviaf7o","openid":"ouN6_sw_g81NCbmrkv-9rAmROZ2Y","out_trade_no":"126806760120151001192132","result_code":"SUCCESS","return_code":"SUCCESS","sign":"CBBD0D94A2519D0D02AEA9A86132C372","time_end":"20151001192251","total_fee":"6000","trade_type":"JSAPI","transaction_id":"1003310869201510011058139041"}
[2015-10-01 19:22:52][debug] query:{"appid":"wx161f19ac48b1f2f3","attach":"\u9a6c\u62c9\u677e\u62a5\u540d","bank_type":"CFT","cash_fee":"6000","fee_type":"CNY","is_subscribe":"Y","mch_id":"1268067601","nonce_str":"HfPfOwQpEL2MSUZE","openid":"ouN6_sw_g81NCbmrkv-9rAmROZ2Y","out_trade_no":"126806760120151001192132","result_code":"SUCCESS","return_code":"SUCCESS","return_msg":"OK","sign":"4C671DA3ED1FC3B4645FE6D1A951B152","time_end":"20151001192251","total_fee":"6000","trade_state":"SUCCESS","trade_type":"JSAPI","transaction_id":"1003310869201510011058139041"}
[2015-10-01 19:22:52][debug] call back test:订单查询成功
[2015-10-01 19:22:52][debug] call back test:未入库
[2015-10-01 19:22:52][debug] call back test sql:UPDATE pa_marathon SET ispay =1,transaction_id="1003310869201510011058139041",out_trade_no="126806760120151001192132" WHERE openid ="ouN6_sw_g81NCbmrkv-9rAmROZ2Y"
[2015-10-01 19:22:52][debug] call back test:入库成功
[2015-10-01 19:41:52][debug] begin notify
[2015-10-01 19:41:52][debug] call back test:{"appid":"wx161f19ac48b1f2f3","attach":"\u9a6c\u62c9\u677e\u62a5\u540d","bank_type":"CFT","cash_fee":"6000","fee_type":"CNY","is_subscribe":"Y","mch_id":"1268067601","nonce_str":"4iqh4wl8jouvz6s44fs42obmpbbzagu4","openid":"ouN6_swYnAKTtVds2ebMSOoU5ZPc","out_trade_no":"126806760120151001194055","result_code":"SUCCESS","return_code":"SUCCESS","sign":"3D011FE1D215C8BA32D4DE58B61F640F","time_end":"20151001194151","total_fee":"6000","trade_type":"JSAPI","transaction_id":"1008960869201510011058370051"}
[2015-10-01 19:41:52][debug] query:{"appid":"wx161f19ac48b1f2f3","attach":"\u9a6c\u62c9\u677e\u62a5\u540d","bank_type":"CFT","cash_fee":"6000","fee_type":"CNY","is_subscribe":"Y","mch_id":"1268067601","nonce_str":"dQ4XDYwNzde7971G","openid":"ouN6_swYnAKTtVds2ebMSOoU5ZPc","out_trade_no":"126806760120151001194055","result_code":"SUCCESS","return_code":"SUCCESS","return_msg":"OK","sign":"60618E6A8843FFD58CD38FD3EBB62506","time_end":"20151001194151","total_fee":"6000","trade_state":"SUCCESS","trade_type":"JSAPI","transaction_id":"1008960869201510011058370051"}
[2015-10-01 19:41:52][debug] call back test:订单查询成功
[2015-10-01 19:41:52][debug] call back test:未入库
[2015-10-01 19:41:52][debug] call back test sql:UPDATE pa_marathon SET ispay =1,transaction_id="1008960869201510011058370051",out_trade_no="126806760120151001194055" WHERE openid ="ouN6_swYnAKTtVds2ebMSOoU5ZPc"
[2015-10-01 19:41:52][debug] call back test:入库成功
[2015-10-01 20:29:07][debug] begin notify
[2015-10-01 20:29:07][debug] call back test:{"appid":"wx161f19ac48b1f2f3","attach":"\u9a6c\u62c9\u677e\u62a5\u540d","bank_type":"ABC_DEBIT","cash_fee":"8000","fee_type":"CNY","is_subscribe":"Y","mch_id":"1268067601","nonce_str":"2mbpsdsnsuzknohufs9pxp06k8of4pbw","openid":"ouN6_syNVT6NRu0tseVt3wNFEYQQ","out_trade_no":"126806760120151001202718","result_code":"SUCCESS","return_code":"SUCCESS","sign":"AF7C60D108BD53FFC436A9D5365ED5E2","time_end":"20151001202851","total_fee":"8000","trade_type":"JSAPI","transaction_id":"1005300869201510011058902482"}
[2015-10-01 20:29:08][debug] query:{"appid":"wx161f19ac48b1f2f3","attach":"\u9a6c\u62c9\u677e\u62a5\u540d","bank_type":"ABC_DEBIT","cash_fee":"8000","fee_type":"CNY","is_subscribe":"Y","mch_id":"1268067601","nonce_str":"zdo3nAxRqDnuodji","openid":"ouN6_syNVT6NRu0tseVt3wNFEYQQ","out_trade_no":"126806760120151001202718","result_code":"SUCCESS","return_code":"SUCCESS","return_msg":"OK","sign":"D9AD52399CB8CEE2484C4A670F893BA7","time_end":"20151001202825","total_fee":"8000","trade_state":"SUCCESS","trade_type":"JSAPI","transaction_id":"1005300869201510011058902482"}
[2015-10-01 20:29:08][debug] call back test:订单查询成功
[2015-10-01 20:29:08][debug] call back test:未入库
[2015-10-01 20:29:08][debug] call back test sql:UPDATE pa_marathon SET ispay =1,transaction_id="1005300869201510011058902482",out_trade_no="126806760120151001202718" WHERE openid ="ouN6_syNVT6NRu0tseVt3wNFEYQQ"
[2015-10-01 20:29:08][debug] call back test:入库成功
[2015-10-01 20:47:03][debug] begin notify
[2015-10-01 20:47:03][debug] call back test:{"appid":"wx161f19ac48b1f2f3","attach":"\u9a6c\u62c9\u677e\u62a5\u540d","bank_type":"CCB_DEBIT","cash_fee":"8000","fee_type":"CNY","is_subscribe":"N","mch_id":"1268067601","nonce_str":"jjizuw419vvxs4dxtbnoijxw570rzxgl","openid":"ouN6_s6WV2sQMq1Z556ypB6lP6uE","out_trade_no":"126806760120151001204548","result_code":"SUCCESS","return_code":"SUCCESS","sign":"2E6FEC41A75AC5F0DFDB5098C2A561B1","time_end":"20151001204703","total_fee":"8000","trade_type":"JSAPI","transaction_id":"1000040869201510011059118094"}
[2015-10-01 20:47:04][debug] query:{"appid":"wx161f19ac48b1f2f3","attach":"\u9a6c\u62c9\u677e\u62a5\u540d","bank_type":"CCB_DEBIT","cash_fee":"8000","fee_type":"CNY","is_subscribe":"N","mch_id":"1268067601","nonce_str":"RjRSRp0Gd8WJLGOC","openid":"ouN6_s6WV2sQMq1Z556ypB6lP6uE","out_trade_no":"126806760120151001204548","result_code":"SUCCESS","return_code":"SUCCESS","return_msg":"OK","sign":"573D2C482A9D807236FB8F9F70CBE8CB","time_end":"20151001204702","total_fee":"8000","trade_state":"SUCCESS","trade_type":"JSAPI","transaction_id":"1000040869201510011059118094"}
[2015-10-01 20:47:04][debug] call back test:订单查询成功
[2015-10-01 20:47:04][debug] call back test:未入库
[2015-10-01 20:47:04][debug] call back test sql:UPDATE pa_marathon SET ispay =1,transaction_id="1000040869201510011059118094",out_trade_no="126806760120151001204548" WHERE openid ="ouN6_s6WV2sQMq1Z556ypB6lP6uE"
[2015-10-01 20:47:04][debug] call back test:入库成功
[2015-10-01 21:17:14][debug] begin notify
[2015-10-01 21:17:14][debug] call back test:{"appid":"wx161f19ac48b1f2f3","attach":"\u9a6c\u62c9\u677e\u62a5\u540d","bank_type":"CFT","cash_fee":"4000","fee_type":"CNY","is_subscribe":"Y","mch_id":"1268067601","nonce_str":"zifsg3dhg36yp91bcmfdtwt2qbytkjnu","openid":"ouN6_s9wP0-TiEVlJiWELImwODlM","out_trade_no":"126806760120151001211556","result_code":"SUCCESS","return_code":"SUCCESS","sign":"F593D915A946507E1D8BEACD877502E0","time_end":"20151001211712","total_fee":"4000","trade_type":"JSAPI","transaction_id":"1001520869201510011059413192"}
[2015-10-01 21:17:15][debug] query:{"appid":"wx161f19ac48b1f2f3","attach":"\u9a6c\u62c9\u677e\u62a5\u540d","bank_type":"CFT","cash_fee":"4000","fee_type":"CNY","is_subscribe":"Y","mch_id":"1268067601","nonce_str":"mmklopGhG8r0WuRX","openid":"ouN6_s9wP0-TiEVlJiWELImwODlM","out_trade_no":"126806760120151001211556","result_code":"SUCCESS","return_code":"SUCCESS","return_msg":"OK","sign":"FB244CB62EF36E885292F1447D9089A8","time_end":"20151001211712","total_fee":"4000","trade_state":"SUCCESS","trade_type":"JSAPI","transaction_id":"1001520869201510011059413192"}
[2015-10-01 21:17:15][debug] call back test:订单查询成功
[2015-10-01 21:17:15][debug] call back test:未入库
[2015-10-01 21:17:15][debug] call back test sql:UPDATE pa_marathon SET ispay =1,transaction_id="1001520869201510011059413192",out_trade_no="126806760120151001211556" WHERE openid ="ouN6_s9wP0-TiEVlJiWELImwODlM"
[2015-10-01 21:17:15][debug] call back test:入库成功
[2015-10-01 21:30:04][debug] begin notify
[2015-10-01 21:30:04][debug] call back test:{"appid":"wx161f19ac48b1f2f3","attach":"\u9a6c\u62c9\u677e\u62a5\u540d","bank_type":"CFT","cash_fee":"4000","fee_type":"CNY","is_subscribe":"N","mch_id":"1268067601","nonce_str":"96ddy6csdfy348p90ouz925x8qitnsc0","openid":"ouN6_s2iIsw63hyjaLZ_OXWT3DJA","out_trade_no":"126806760120151001212934","result_code":"SUCCESS","return_code":"SUCCESS","sign":"3CADD924D27BB8EE88A7EC7980164BE9","time_end":"20151001213004","total_fee":"4000","trade_type":"JSAPI","transaction_id":"1008370869201510011059558534"}
[2015-10-01 21:30:05][debug] query:{"appid":"wx161f19ac48b1f2f3","attach":"\u9a6c\u62c9\u677e\u62a5\u540d","bank_type":"CFT","cash_fee":"4000","fee_type":"CNY","is_subscribe":"N","mch_id":"1268067601","nonce_str":"bSHBZsTP3DKUbxrW","openid":"ouN6_s2iIsw63hyjaLZ_OXWT3DJA","out_trade_no":"126806760120151001212934","result_code":"SUCCESS","return_code":"SUCCESS","return_msg":"OK","sign":"EB990E8EEFF7DC0EA950242F3995CAF0","time_end":"20151001213004","total_fee":"4000","trade_state":"SUCCESS","trade_type":"JSAPI","transaction_id":"1008370869201510011059558534"}
[2015-10-01 21:30:05][debug] call back test:订单查询成功
[2015-10-01 21:30:05][debug] call back test:未入库
[2015-10-01 21:30:05][debug] call back test sql:UPDATE pa_marathon SET ispay =1,transaction_id="1008370869201510011059558534",out_trade_no="126806760120151001212934" WHERE openid ="ouN6_s2iIsw63hyjaLZ_OXWT3DJA"
[2015-10-01 21:30:05][debug] call back test:入库成功
[2015-10-01 21:59:49][debug] begin notify
[2015-10-01 21:59:49][debug] call back test:{"appid":"wx161f19ac48b1f2f3","attach":"\u9a6c\u62c9\u677e\u62a5\u540d","bank_type":"CFT","cash_fee":"8000","fee_type":"CNY","is_subscribe":"Y","mch_id":"1268067601","nonce_str":"wy0jemz156iday3yhhdw8th9chneck3f","openid":"ouN6_s_PbhZdECBrM0-vDoJlYieE","out_trade_no":"126806760120151001215919","result_code":"SUCCESS","return_code":"SUCCESS","sign":"B519CCA9B4AF38C031E546710FF23B79","time_end":"20151001215948","total_fee":"8000","trade_type":"JSAPI","transaction_id":"1008140869201510011059829777"}
[2015-10-01 21:59:49][debug] query:{"appid":"wx161f19ac48b1f2f3","attach":"\u9a6c\u62c9\u677e\u62a5\u540d","bank_type":"CFT","cash_fee":"8000","fee_type":"CNY","is_subscribe":"Y","mch_id":"1268067601","nonce_str":"t0qv1qOVcVyHKh5N","openid":"ouN6_s_PbhZdECBrM0-vDoJlYieE","out_trade_no":"126806760120151001215919","result_code":"SUCCESS","return_code":"SUCCESS","return_msg":"OK","sign":"78F9B18BB8E9DCE6DC0DD26DC7D38DB6","time_end":"20151001215948","total_fee":"8000","trade_state":"SUCCESS","trade_type":"JSAPI","transaction_id":"1008140869201510011059829777"}
[2015-10-01 21:59:49][debug] call back test:订单查询成功
[2015-10-01 21:59:49][debug] call back test:未入库
[2015-10-01 21:59:49][debug] call back test sql:UPDATE pa_marathon SET ispay =1,transaction_id="1008140869201510011059829777",out_trade_no="126806760120151001215919" WHERE openid ="ouN6_s_PbhZdECBrM0-vDoJlYieE"
[2015-10-01 21:59:49][debug] call back test:入库成功
