[2015-10-15 06:28:59][debug] begin notify
[2015-10-15 06:28:59][debug] call back test:{"appid":"wx161f19ac48b1f2f3","attach":"\u9a6c\u62c9\u677e\u62a5\u540d","bank_type":"CMB_CREDIT","cash_fee":"8000","fee_type":"CNY","is_subscribe":"Y","mch_id":"1268067601","nonce_str":"dqxa1reonz0p2i5c3b5388tjig9ohva6","openid":"ouN6_s_a1pVZZZYqGIpn--TxXxGc","out_trade_no":"126806760120151015062843","result_code":"SUCCESS","return_code":"SUCCESS","sign":"2BF7FA095A0EC35075A2CC87B04BF963","time_end":"20151015062858","total_fee":"8000","trade_type":"JSAPI","transaction_id":"1009790869201510151199869768"}
[2015-10-15 06:29:00][debug] query:{"appid":"wx161f19ac48b1f2f3","attach":"\u9a6c\u62c9\u677e\u62a5\u540d","bank_type":"CMB_CREDIT","cash_fee":"8000","fee_type":"CNY","is_subscribe":"Y","mch_id":"1268067601","nonce_str":"ktMBp2g9k3bduQiJ","openid":"ouN6_s_a1pVZZZYqGIpn--TxXxGc","out_trade_no":"126806760120151015062843","result_code":"SUCCESS","return_code":"SUCCESS","return_msg":"OK","sign":"88D71B5775953E073ADEA42881780C28","time_end":"20151015062858","total_fee":"8000","trade_state":"SUCCESS","trade_type":"JSAPI","transaction_id":"1009790869201510151199869768"}
[2015-10-15 06:29:00][debug] call back test:订单查询成功
[2015-10-15 06:29:00][debug] call back test:未入库
[2015-10-15 06:29:00][debug] call back test sql:UPDATE pa_marathon SET ispay =1,transaction_id="1009790869201510151199869768",out_trade_no="126806760120151015062843" WHERE openid ="ouN6_s_a1pVZZZYqGIpn--TxXxGc"
[2015-10-15 06:29:00][debug] call back test:入库成功
[2015-10-15 08:14:21][debug] begin notify
[2015-10-15 08:14:21][debug] call back test:{"appid":"wx161f19ac48b1f2f3","attach":"\u9a6c\u62c9\u677e\u62a5\u540d","bank_type":"SPDB_CREDIT","cash_fee":"4000","fee_type":"CNY","is_subscribe":"Y","mch_id":"1268067601","nonce_str":"s4sa9llnrvago18jls1uqkgtfacpsnf9","openid":"ouN6_s520SWkAJGf_szgjOqf5ykU","out_trade_no":"126806760120151015081302","result_code":"SUCCESS","return_code":"SUCCESS","sign":"C3BC169BECC7D0D40E7B7D6157821DD4","time_end":"20151015081420","total_fee":"4000","trade_type":"JSAPI","transaction_id":"1007360869201510151200299579"}
[2015-10-15 08:14:22][debug] query:{"appid":"wx161f19ac48b1f2f3","attach":"\u9a6c\u62c9\u677e\u62a5\u540d","bank_type":"SPDB_CREDIT","cash_fee":"4000","fee_type":"CNY","is_subscribe":"Y","mch_id":"1268067601","nonce_str":"YoEwaPDYepL0CiYI","openid":"ouN6_s520SWkAJGf_szgjOqf5ykU","out_trade_no":"126806760120151015081302","result_code":"SUCCESS","return_code":"SUCCESS","return_msg":"OK","sign":"16E031CA42CA9B5C83AB2DA0C738CEEE","time_end":"20151015081418","total_fee":"4000","trade_state":"SUCCESS","trade_type":"JSAPI","transaction_id":"1007360869201510151200299579"}
[2015-10-15 08:14:22][debug] call back test:订单查询成功
[2015-10-15 08:14:22][debug] call back test:未入库
[2015-10-15 08:14:22][debug] call back test sql:UPDATE pa_marathon SET ispay =1,transaction_id="1007360869201510151200299579",out_trade_no="126806760120151015081302" WHERE openid ="ouN6_s520SWkAJGf_szgjOqf5ykU"
[2015-10-15 08:14:22][debug] call back test:入库成功
[2015-10-15 08:51:42][debug] begin notify
[2015-10-15 08:51:42][debug] call back test:{"appid":"wx161f19ac48b1f2f3","attach":"\u9a6c\u62c9\u677e\u62a5\u540d","bank_type":"CCB_DEBIT","cash_fee":"4000","fee_type":"CNY","is_subscribe":"Y","mch_id":"1268067601","nonce_str":"ifieqb3lvdds4734nzcrsbs6yc5zfd4g","openid":"ouN6_s-YKrcMYRRpah_wgllYbYx4","out_trade_no":"126806760120151015084815","result_code":"SUCCESS","return_code":"SUCCESS","sign":"141128C984C567D65A7F89E28022BF0C","time_end":"20151015085141","total_fee":"4000","trade_type":"JSAPI","transaction_id":"1009280869201510151200556951"}
[2015-10-15 08:51:59][debug] begin notify
[2015-10-15 08:51:59][debug] call back test:{"appid":"wx161f19ac48b1f2f3","attach":"\u9a6c\u62c9\u677e\u62a5\u540d","bank_type":"CCB_DEBIT","cash_fee":"4000","fee_type":"CNY","is_subscribe":"Y","mch_id":"1268067601","nonce_str":"ifieqb3lvdds4734nzcrsbs6yc5zfd4g","openid":"ouN6_s-YKrcMYRRpah_wgllYbYx4","out_trade_no":"126806760120151015084815","result_code":"SUCCESS","return_code":"SUCCESS","sign":"141128C984C567D65A7F89E28022BF0C","time_end":"20151015085141","total_fee":"4000","trade_type":"JSAPI","transaction_id":"1009280869201510151200556951"}
[2015-10-15 08:52:19][debug] begin notify
[2015-10-15 08:52:19][debug] call back test:{"appid":"wx161f19ac48b1f2f3","attach":"\u9a6c\u62c9\u677e\u62a5\u540d","bank_type":"CCB_DEBIT","cash_fee":"4000","fee_type":"CNY","is_subscribe":"Y","mch_id":"1268067601","nonce_str":"ifieqb3lvdds4734nzcrsbs6yc5zfd4g","openid":"ouN6_s-YKrcMYRRpah_wgllYbYx4","out_trade_no":"126806760120151015084815","result_code":"SUCCESS","return_code":"SUCCESS","sign":"141128C984C567D65A7F89E28022BF0C","time_end":"20151015085141","total_fee":"4000","trade_type":"JSAPI","transaction_id":"1009280869201510151200556951"}
[2015-10-15 08:52:56][debug] begin notify
[2015-10-15 08:52:56][debug] call back test:{"appid":"wx161f19ac48b1f2f3","attach":"\u9a6c\u62c9\u677e\u62a5\u540d","bank_type":"CCB_DEBIT","cash_fee":"4000","fee_type":"CNY","is_subscribe":"Y","mch_id":"1268067601","nonce_str":"ifieqb3lvdds4734nzcrsbs6yc5zfd4g","openid":"ouN6_s-YKrcMYRRpah_wgllYbYx4","out_trade_no":"126806760120151015084815","result_code":"SUCCESS","return_code":"SUCCESS","sign":"141128C984C567D65A7F89E28022BF0C","time_end":"20151015085141","total_fee":"4000","trade_type":"JSAPI","transaction_id":"1009280869201510151200556951"}
[2015-10-15 08:53:00][debug] query:{"appid":"wx161f19ac48b1f2f3","attach":"\u9a6c\u62c9\u677e\u62a5\u540d","bank_type":"CCB_DEBIT","cash_fee":"4000","fee_type":"CNY","is_subscribe":"Y","mch_id":"1268067601","nonce_str":"fmO2picEur1bJhFo","openid":"ouN6_s-YKrcMYRRpah_wgllYbYx4","out_trade_no":"126806760120151015084815","result_code":"SUCCESS","return_code":"SUCCESS","return_msg":"OK","sign":"1908346E5AF91E0B30F9E75B91D9D7A9","time_end":"20151015085140","total_fee":"4000","trade_state":"SUCCESS","trade_type":"JSAPI","transaction_id":"1009280869201510151200556951"}
[2015-10-15 08:53:00][debug] call back test:订单查询成功
[2015-10-15 08:53:00][debug] call back test:未入库
[2015-10-15 08:53:00][debug] call back test sql:UPDATE pa_marathon SET ispay =1,transaction_id="1009280869201510151200556951",out_trade_no="126806760120151015084815" WHERE openid ="ouN6_s-YKrcMYRRpah_wgllYbYx4"
[2015-10-15 08:53:00][debug] call back test:入库成功
[2015-10-15 09:24:39][debug] begin notify
[2015-10-15 09:24:39][debug] call back test:{"appid":"wx161f19ac48b1f2f3","attach":"\u9a6c\u62c9\u677e\u62a5\u540d","bank_type":"ABC_DEBIT","cash_fee":"4000","fee_type":"CNY","is_subscribe":"Y","mch_id":"1268067601","nonce_str":"qd9fo1r7afvt2w0xf2z60l5yzenob0q6","openid":"ouN6_s2X3mqfoZ298CY0YejICbjc","out_trade_no":"126806760120151015092422","result_code":"SUCCESS","return_code":"SUCCESS","sign":"CE2AFE4328A093EEF5EE8A34E61BBBFB","time_end":"20151015092439","total_fee":"4000","trade_type":"JSAPI","transaction_id":"1008320869201510151200846870"}
[2015-10-15 09:24:40][debug] query:{"appid":"wx161f19ac48b1f2f3","attach":"\u9a6c\u62c9\u677e\u62a5\u540d","bank_type":"ABC_DEBIT","cash_fee":"4000","fee_type":"CNY","is_subscribe":"Y","mch_id":"1268067601","nonce_str":"z3ZX9a4UHQnkSthw","openid":"ouN6_s2X3mqfoZ298CY0YejICbjc","out_trade_no":"126806760120151015092422","result_code":"SUCCESS","return_code":"SUCCESS","return_msg":"OK","sign":"650E496693D1016430CC48420E981DF7","time_end":"20151015092439","total_fee":"4000","trade_state":"SUCCESS","trade_type":"JSAPI","transaction_id":"1008320869201510151200846870"}
[2015-10-15 09:24:40][debug] call back test:订单查询成功
[2015-10-15 09:24:40][debug] call back test:未入库
[2015-10-15 09:24:40][debug] call back test sql:UPDATE pa_marathon SET ispay =1,transaction_id="1008320869201510151200846870",out_trade_no="126806760120151015092422" WHERE openid ="ouN6_s2X3mqfoZ298CY0YejICbjc"
[2015-10-15 09:24:40][debug] call back test:入库成功
[2015-10-15 09:32:57][debug] begin notify
[2015-10-15 09:32:57][debug] call back test:{"appid":"wx161f19ac48b1f2f3","attach":"\u9a6c\u62c9\u677e\u62a5\u540d","bank_type":"ABC_DEBIT","cash_fee":"4000","fee_type":"CNY","is_subscribe":"Y","mch_id":"1268067601","nonce_str":"ny62xco6pues92r627kqn2qi4n7q14z0","openid":"ouN6_s9zqRCeCcQF-y5knfmDru2c","out_trade_no":"126806760120151015093158","result_code":"SUCCESS","return_code":"SUCCESS","sign":"26DE1D0379DFF28CFC68AC3ECF398234","time_end":"20151015093256","total_fee":"4000","trade_type":"JSAPI","transaction_id":"1003400869201510151200924214"}
[2015-10-15 09:32:57][debug] query:{"appid":"wx161f19ac48b1f2f3","attach":"\u9a6c\u62c9\u677e\u62a5\u540d","bank_type":"ABC_DEBIT","cash_fee":"4000","fee_type":"CNY","is_subscribe":"Y","mch_id":"1268067601","nonce_str":"2NX6QDoC2H6SCYgn","openid":"ouN6_s9zqRCeCcQF-y5knfmDru2c","out_trade_no":"126806760120151015093158","result_code":"SUCCESS","return_code":"SUCCESS","return_msg":"OK","sign":"3438E1F2ECD7FF9135E63A6501A9E1C3","time_end":"20151015093256","total_fee":"4000","trade_state":"SUCCESS","trade_type":"JSAPI","transaction_id":"1003400869201510151200924214"}
[2015-10-15 09:32:57][debug] call back test:订单查询成功
[2015-10-15 09:32:57][debug] call back test:未入库
[2015-10-15 09:32:57][debug] call back test sql:UPDATE pa_marathon SET ispay =1,transaction_id="1003400869201510151200924214",out_trade_no="126806760120151015093158" WHERE openid ="ouN6_s9zqRCeCcQF-y5knfmDru2c"
[2015-10-15 09:32:57][debug] call back test:入库成功
[2015-10-15 09:37:06][debug] begin notify
[2015-10-15 09:37:06][debug] call back test:{"appid":"wx161f19ac48b1f2f3","attach":"\u9a6c\u62c9\u677e\u62a5\u540d","bank_type":"GDB_CREDIT","cash_fee":"4000","fee_type":"CNY","is_subscribe":"Y","mch_id":"1268067601","nonce_str":"pxg0vaq8mqp5nmurphqgtjppor9901yi","openid":"ouN6_szFh6pfWcRZ1NCxKppkpu68","out_trade_no":"126806760120151015093623","result_code":"SUCCESS","return_code":"SUCCESS","sign":"7F8C3F190BDE8338A314B41F73A47A2B","time_end":"20151015093706","total_fee":"4000","trade_type":"JSAPI","transaction_id":"1000840869201510151200965838"}
[2015-10-15 09:37:07][debug] query:{"appid":"wx161f19ac48b1f2f3","attach":"\u9a6c\u62c9\u677e\u62a5\u540d","bank_type":"GDB_CREDIT","cash_fee":"4000","fee_type":"CNY","is_subscribe":"Y","mch_id":"1268067601","nonce_str":"fnSNDF4BRiE5cG1A","openid":"ouN6_szFh6pfWcRZ1NCxKppkpu68","out_trade_no":"126806760120151015093623","result_code":"SUCCESS","return_code":"SUCCESS","return_msg":"OK","sign":"3D1D88E5F115559C898A77026BBFF78B","time_end":"20151015093705","total_fee":"4000","trade_state":"SUCCESS","trade_type":"JSAPI","transaction_id":"1000840869201510151200965838"}
[2015-10-15 09:37:07][debug] call back test:订单查询成功
[2015-10-15 09:37:07][debug] call back test:未入库
[2015-10-15 09:37:07][debug] call back test sql:UPDATE pa_marathon SET ispay =1,transaction_id="1000840869201510151200965838",out_trade_no="126806760120151015093623" WHERE openid ="ouN6_szFh6pfWcRZ1NCxKppkpu68"
[2015-10-15 09:37:07][debug] call back test:入库成功
[2015-10-15 09:40:40][debug] begin notify
[2015-10-15 09:40:40][debug] call back test:{"appid":"wx161f19ac48b1f2f3","attach":"\u9a6c\u62c9\u677e\u62a5\u540d","bank_type":"GDB_CREDIT","cash_fee":"4000","fee_type":"CNY","is_subscribe":"Y","mch_id":"1268067601","nonce_str":"1wuwaafgpabotgtm6gybsublfe8z4pdr","openid":"ouN6_szFh6pfWcRZ1NCxKppkpu68","out_trade_no":"126806760120151015094010","result_code":"SUCCESS","return_code":"SUCCESS","sign":"DAB34C08A0B0C8173029720507D6DC42","time_end":"20151015094039","total_fee":"4000","trade_type":"JSAPI","transaction_id":"1000840869201510151200995400"}
[2015-10-15 09:40:40][debug] query:{"appid":"wx161f19ac48b1f2f3","attach":"\u9a6c\u62c9\u677e\u62a5\u540d","bank_type":"GDB_CREDIT","cash_fee":"4000","fee_type":"CNY","is_subscribe":"Y","mch_id":"1268067601","nonce_str":"CRwQPfEfQ2hFpqIN","openid":"ouN6_szFh6pfWcRZ1NCxKppkpu68","out_trade_no":"126806760120151015094010","result_code":"SUCCESS","return_code":"SUCCESS","return_msg":"OK","sign":"4A815F2623A2C17ED5CCFBF1749C76AC","time_end":"20151015094038","total_fee":"4000","trade_state":"SUCCESS","trade_type":"JSAPI","transaction_id":"1000840869201510151200995400"}
[2015-10-15 09:40:40][debug] call back test:订单查询成功
[2015-10-15 09:40:40][debug] call back test:未入库
[2015-10-15 09:40:40][debug] call back test sql:UPDATE pa_marathon SET ispay =1,transaction_id="1000840869201510151200995400",out_trade_no="126806760120151015094010" WHERE openid ="ouN6_szFh6pfWcRZ1NCxKppkpu68"
[2015-10-15 09:40:40][debug] call back test:入库成功
[2015-10-15 09:51:47][debug] begin notify
[2015-10-15 09:51:47][debug] call back test:{"appid":"wx161f19ac48b1f2f3","attach":"\u9a6c\u62c9\u677e\u62a5\u540d","bank_type":"CFT","cash_fee":"4000","fee_type":"CNY","is_subscribe":"Y","mch_id":"1268067601","nonce_str":"cfi2byotxnbgzjzync4etdb8ssxg4w46","openid":"ouN6_s69oL8LC7_5vNy-EZTX-FPU","out_trade_no":"126806760120151015095059","result_code":"SUCCESS","return_code":"SUCCESS","sign":"2078A0AB54113ECA7FD23CAEB3E2738D","time_end":"20151015095147","total_fee":"4000","trade_type":"JSAPI","transaction_id":"1004690869201510151201078117"}
[2015-10-15 09:51:47][debug] query:{"appid":"wx161f19ac48b1f2f3","attach":"\u9a6c\u62c9\u677e\u62a5\u540d","bank_type":"CFT","cash_fee":"4000","fee_type":"CNY","is_subscribe":"Y","mch_id":"1268067601","nonce_str":"55sk3IYFmcQPLY9m","openid":"ouN6_s69oL8LC7_5vNy-EZTX-FPU","out_trade_no":"126806760120151015095059","result_code":"SUCCESS","return_code":"SUCCESS","return_msg":"OK","sign":"0521B9BAFADB4691E74772D04FDDCA64","time_end":"20151015095146","total_fee":"4000","trade_state":"SUCCESS","trade_type":"JSAPI","transaction_id":"1004690869201510151201078117"}
[2015-10-15 09:51:47][debug] call back test:订单查询成功
[2015-10-15 09:51:47][debug] call back test:未入库
[2015-10-15 09:51:47][debug] call back test sql:UPDATE pa_marathon SET ispay =1,transaction_id="1004690869201510151201078117",out_trade_no="126806760120151015095059" WHERE openid ="ouN6_s69oL8LC7_5vNy-EZTX-FPU"
[2015-10-15 09:51:47][debug] call back test:入库成功
[2015-10-15 10:20:18][debug] begin notify
[2015-10-15 10:20:18][debug] call back test:{"appid":"wx161f19ac48b1f2f3","attach":"\u9a6c\u62c9\u677e\u62a5\u540d","bank_type":"ABC_DEBIT","cash_fee":"8000","fee_type":"CNY","is_subscribe":"Y","mch_id":"1268067601","nonce_str":"yo1o007whqsr780dxza1s52ofworqfze","openid":"ouN6_s6LsMtiEdBIEBNAVLNy2hvw","out_trade_no":"126806760120151015101950","result_code":"SUCCESS","return_code":"SUCCESS","sign":"1B27D8C1B411DE1099E9D45C91318339","time_end":"20151015102017","total_fee":"8000","trade_type":"JSAPI","transaction_id":"1004400869201510151201396170"}
[2015-10-15 10:20:19][debug] query:{"appid":"wx161f19ac48b1f2f3","attach":"\u9a6c\u62c9\u677e\u62a5\u540d","bank_type":"ABC_DEBIT","cash_fee":"8000","fee_type":"CNY","is_subscribe":"Y","mch_id":"1268067601","nonce_str":"BPSqbeesxmBuwIaM","openid":"ouN6_s6LsMtiEdBIEBNAVLNy2hvw","out_trade_no":"126806760120151015101950","result_code":"SUCCESS","return_code":"SUCCESS","return_msg":"OK","sign":"00BCD5759F95801D4698F88495FDDCE8","time_end":"20151015102016","total_fee":"8000","trade_state":"SUCCESS","trade_type":"JSAPI","transaction_id":"1004400869201510151201396170"}
[2015-10-15 10:20:19][debug] call back test:订单查询成功
[2015-10-15 10:20:19][debug] call back test:未入库
[2015-10-15 10:20:19][debug] call back test sql:UPDATE pa_marathon SET ispay =1,transaction_id="1004400869201510151201396170",out_trade_no="126806760120151015101950" WHERE openid ="ouN6_s6LsMtiEdBIEBNAVLNy2hvw"
[2015-10-15 10:20:19][debug] call back test:入库成功
[2015-10-15 10:29:41][debug] begin notify
[2015-10-15 10:53:48][debug] begin notify
[2015-10-15 10:53:48][debug] call back test:{"appid":"wx161f19ac48b1f2f3","attach":"\u9a6c\u62c9\u677e\u62a5\u540d","bank_type":"ABC_DEBIT","cash_fee":"6000","fee_type":"CNY","is_subscribe":"N","mch_id":"1268067601","nonce_str":"zl8jvfr3t8d6vnf1lnxk1n57x3h25a5v","openid":"ouN6_s4jUJ5ffVa2mBh8MYfjULLI","out_trade_no":"126806760120151015105332","result_code":"SUCCESS","return_code":"SUCCESS","sign":"7E09AE5A6B41330BA1EF6C9CDE1B5914","time_end":"20151015105348","total_fee":"6000","trade_type":"JSAPI","transaction_id":"1009120869201510151201823375"}
[2015-10-15 10:53:49][debug] query:{"appid":"wx161f19ac48b1f2f3","attach":"\u9a6c\u62c9\u677e\u62a5\u540d","bank_type":"ABC_DEBIT","cash_fee":"6000","fee_type":"CNY","is_subscribe":"N","mch_id":"1268067601","nonce_str":"O6RMBGf7AFy2ahob","openid":"ouN6_s4jUJ5ffVa2mBh8MYfjULLI","out_trade_no":"126806760120151015105332","result_code":"SUCCESS","return_code":"SUCCESS","return_msg":"OK","sign":"8EB39A80A3BB25ECF8D7E84A26374A7A","time_end":"20151015105348","total_fee":"6000","trade_state":"SUCCESS","trade_type":"JSAPI","transaction_id":"1009120869201510151201823375"}
[2015-10-15 10:53:49][debug] call back test:订单查询成功
[2015-10-15 10:53:49][debug] call back test:未入库
[2015-10-15 10:53:49][debug] call back test sql:UPDATE pa_marathon SET ispay =1,transaction_id="1009120869201510151201823375",out_trade_no="126806760120151015105332" WHERE openid ="ouN6_s4jUJ5ffVa2mBh8MYfjULLI"
[2015-10-15 10:53:49][debug] call back test:入库成功
[2015-10-15 10:56:54][debug] begin notify
[2015-10-15 10:56:54][debug] call back test:{"appid":"wx161f19ac48b1f2f3","attach":"\u9a6c\u62c9\u677e\u62a5\u540d","bank_type":"CFT","cash_fee":"8000","fee_type":"CNY","is_subscribe":"Y","mch_id":"1268067601","nonce_str":"swxz13qjpuxasw2rspycxg15cwvtxpzc","openid":"ouN6_s8XGMpaoyGuh37ij9LqMZwA","out_trade_no":"126806760120151015105525","result_code":"SUCCESS","return_code":"SUCCESS","sign":"BCB67DDD6255D75D14256227DE4A3696","time_end":"20151015105653","total_fee":"8000","trade_type":"JSAPI","transaction_id":"1001350869201510151201879041"}
[2015-10-15 10:56:58][debug] query:{"appid":"wx161f19ac48b1f2f3","attach":"\u9a6c\u62c9\u677e\u62a5\u540d","bank_type":"CFT","cash_fee":"8000","fee_type":"CNY","is_subscribe":"Y","mch_id":"1268067601","nonce_str":"XG30y1as161dOOvq","openid":"ouN6_s8XGMpaoyGuh37ij9LqMZwA","out_trade_no":"126806760120151015105525","result_code":"SUCCESS","return_code":"SUCCESS","return_msg":"OK","sign":"9A47DA7E4BDBB701FC994C4F6E636AF5","time_end":"20151015105653","total_fee":"8000","trade_state":"SUCCESS","trade_type":"JSAPI","transaction_id":"1001350869201510151201879041"}
[2015-10-15 10:56:58][debug] call back test:订单查询成功
[2015-10-15 10:56:58][debug] call back test:未入库
[2015-10-15 10:56:58][debug] call back test sql:UPDATE pa_marathon SET ispay =1,transaction_id="1001350869201510151201879041",out_trade_no="126806760120151015105525" WHERE openid ="ouN6_s8XGMpaoyGuh37ij9LqMZwA"
[2015-10-15 10:56:58][debug] call back test:入库成功
[2015-10-15 10:57:11][debug] begin notify
[2015-10-15 10:57:11][debug] call back test:{"appid":"wx161f19ac48b1f2f3","attach":"\u9a6c\u62c9\u677e\u62a5\u540d","bank_type":"CFT","cash_fee":"8000","fee_type":"CNY","is_subscribe":"Y","mch_id":"1268067601","nonce_str":"swxz13qjpuxasw2rspycxg15cwvtxpzc","openid":"ouN6_s8XGMpaoyGuh37ij9LqMZwA","out_trade_no":"126806760120151015105525","result_code":"SUCCESS","return_code":"SUCCESS","sign":"BCB67DDD6255D75D14256227DE4A3696","time_end":"20151015105653","total_fee":"8000","trade_type":"JSAPI","transaction_id":"1001350869201510151201879041"}
[2015-10-15 10:57:12][debug] query:{"appid":"wx161f19ac48b1f2f3","attach":"\u9a6c\u62c9\u677e\u62a5\u540d","bank_type":"CFT","cash_fee":"8000","fee_type":"CNY","is_subscribe":"Y","mch_id":"1268067601","nonce_str":"aK92vBKqXMImEnQ0","openid":"ouN6_s8XGMpaoyGuh37ij9LqMZwA","out_trade_no":"126806760120151015105525","result_code":"SUCCESS","return_code":"SUCCESS","return_msg":"OK","sign":"6F23537A59C8751FB21C20E3458D6B0D","time_end":"20151015105653","total_fee":"8000","trade_state":"SUCCESS","trade_type":"JSAPI","transaction_id":"1001350869201510151201879041"}
[2015-10-15 10:57:12][debug] call back test:订单查询成功
[2015-10-15 10:57:12][debug] call back test:已入库
[2015-10-15 10:58:43][debug] begin notify
[2015-10-15 11:00:53][debug] begin notify
[2015-10-15 11:15:21][debug] begin notify
[2015-10-15 11:15:21][debug] call back test:{"appid":"wx161f19ac48b1f2f3","attach":"\u9a6c\u62c9\u677e\u62a5\u540d","bank_type":"CFT","cash_fee":"4000","fee_type":"CNY","is_subscribe":"Y","mch_id":"1268067601","nonce_str":"4taceo0coijc738ekr5m052hcpjkau36","openid":"ouN6_s7gCK6WvrefoRRY1JZILnc0","out_trade_no":"126806760120151015111457","result_code":"SUCCESS","return_code":"SUCCESS","sign":"DB701A1B8435C286BC31BA12E901C655","time_end":"20151015111521","total_fee":"4000","trade_type":"JSAPI","transaction_id":"1004890869201510151202161548"}
[2015-10-15 11:15:22][debug] query:{"appid":"wx161f19ac48b1f2f3","attach":"\u9a6c\u62c9\u677e\u62a5\u540d","bank_type":"CFT","cash_fee":"4000","fee_type":"CNY","is_subscribe":"Y","mch_id":"1268067601","nonce_str":"6aaiK0vPZUKYTUJb","openid":"ouN6_s7gCK6WvrefoRRY1JZILnc0","out_trade_no":"126806760120151015111457","result_code":"SUCCESS","return_code":"SUCCESS","return_msg":"OK","sign":"D75179AFDE4935C4D727014B4AA0726D","time_end":"20151015111521","total_fee":"4000","trade_state":"SUCCESS","trade_type":"JSAPI","transaction_id":"1004890869201510151202161548"}
[2015-10-15 11:15:22][debug] call back test:订单查询成功
[2015-10-15 11:15:22][debug] call back test:未入库
[2015-10-15 11:15:22][debug] call back test sql:UPDATE pa_marathon SET ispay =1,transaction_id="1004890869201510151202161548",out_trade_no="126806760120151015111457" WHERE openid ="ouN6_s7gCK6WvrefoRRY1JZILnc0"
[2015-10-15 11:15:22][debug] call back test:入库成功
[2015-10-15 11:18:03][debug] begin notify
[2015-10-15 11:29:33][debug] begin notify
[2015-10-15 12:10:58][debug] begin notify
[2015-10-15 12:10:58][debug] call back test:{"appid":"wx161f19ac48b1f2f3","attach":"\u9a6c\u62c9\u677e\u62a5\u540d","bank_type":"BOC_DEBIT","cash_fee":"8000","fee_type":"CNY","is_subscribe":"Y","mch_id":"1268067601","nonce_str":"rkvesiw63ozklank3u85buqiv86f1o3j","openid":"ouN6_szk6KSbL8nmrbTt8KOD63LE","out_trade_no":"126806760120151015121040","result_code":"SUCCESS","return_code":"SUCCESS","sign":"489F25BEC2741D155D07A9C487134DB8","time_end":"20151015121058","total_fee":"8000","trade_type":"JSAPI","transaction_id":"1004940869201510151203116932"}
[2015-10-15 12:10:59][debug] query:{"appid":"wx161f19ac48b1f2f3","attach":"\u9a6c\u62c9\u677e\u62a5\u540d","bank_type":"BOC_DEBIT","cash_fee":"8000","fee_type":"CNY","is_subscribe":"Y","mch_id":"1268067601","nonce_str":"Yi6G9u9237cUml6b","openid":"ouN6_szk6KSbL8nmrbTt8KOD63LE","out_trade_no":"126806760120151015121040","result_code":"SUCCESS","return_code":"SUCCESS","return_msg":"OK","sign":"63C2B76EC088D09C20C554D8E0B89D69","time_end":"20151015121057","total_fee":"8000","trade_state":"SUCCESS","trade_type":"JSAPI","transaction_id":"1004940869201510151203116932"}
[2015-10-15 12:10:59][debug] call back test:订单查询成功
[2015-10-15 12:10:59][debug] call back test:未入库
[2015-10-15 12:10:59][debug] call back test sql:UPDATE pa_marathon SET ispay =1,transaction_id="1004940869201510151203116932",out_trade_no="126806760120151015121040" WHERE openid ="ouN6_szk6KSbL8nmrbTt8KOD63LE"
[2015-10-15 12:10:59][debug] call back test:入库成功
[2015-10-15 12:12:54][debug] begin notify
[2015-10-15 12:12:54][debug] call back test:{"appid":"wx161f19ac48b1f2f3","attach":"\u9a6c\u62c9\u677e\u62a5\u540d","bank_type":"CFT","cash_fee":"4000","fee_type":"CNY","is_subscribe":"Y","mch_id":"1268067601","nonce_str":"2n809rkhnaohxhittuinwghrt5r2sqac","openid":"ouN6_s5dcgMFvlE_4edbqxx1nTzg","out_trade_no":"126806760120151015121242","result_code":"SUCCESS","return_code":"SUCCESS","sign":"74A2807F4791C8596B8EB64FBC076F9B","time_end":"20151015121253","total_fee":"4000","trade_type":"JSAPI","transaction_id":"1003960869201510151203166055"}
[2015-10-15 12:13:11][debug] begin notify
[2015-10-15 12:13:11][debug] call back test:{"appid":"wx161f19ac48b1f2f3","attach":"\u9a6c\u62c9\u677e\u62a5\u540d","bank_type":"CFT","cash_fee":"4000","fee_type":"CNY","is_subscribe":"Y","mch_id":"1268067601","nonce_str":"2n809rkhnaohxhittuinwghrt5r2sqac","openid":"ouN6_s5dcgMFvlE_4edbqxx1nTzg","out_trade_no":"126806760120151015121242","result_code":"SUCCESS","return_code":"SUCCESS","sign":"74A2807F4791C8596B8EB64FBC076F9B","time_end":"20151015121253","total_fee":"4000","trade_type":"JSAPI","transaction_id":"1003960869201510151203166055"}
[2015-10-15 12:13:16][debug] query:{"appid":"wx161f19ac48b1f2f3","attach":"\u9a6c\u62c9\u677e\u62a5\u540d","bank_type":"CFT","cash_fee":"4000","fee_type":"CNY","is_subscribe":"Y","mch_id":"1268067601","nonce_str":"loRfaOFq4IH44SGA","openid":"ouN6_s5dcgMFvlE_4edbqxx1nTzg","out_trade_no":"126806760120151015121242","result_code":"SUCCESS","return_code":"SUCCESS","return_msg":"OK","sign":"D0FF7C62D23D3A713E73DD6B0E94D562","time_end":"20151015121253","total_fee":"4000","trade_state":"SUCCESS","trade_type":"JSAPI","transaction_id":"1003960869201510151203166055"}
[2015-10-15 12:13:16][debug] call back test:订单查询成功
[2015-10-15 12:13:16][debug] call back test:未入库
[2015-10-15 12:13:16][debug] call back test sql:UPDATE pa_marathon SET ispay =1,transaction_id="1003960869201510151203166055",out_trade_no="126806760120151015121242" WHERE openid ="ouN6_s5dcgMFvlE_4edbqxx1nTzg"
[2015-10-15 12:13:16][debug] call back test:入库成功
[2015-10-15 12:13:32][debug] begin notify
[2015-10-15 12:13:32][debug] call back test:{"appid":"wx161f19ac48b1f2f3","attach":"\u9a6c\u62c9\u677e\u62a5\u540d","bank_type":"CFT","cash_fee":"4000","fee_type":"CNY","is_subscribe":"Y","mch_id":"1268067601","nonce_str":"2n809rkhnaohxhittuinwghrt5r2sqac","openid":"ouN6_s5dcgMFvlE_4edbqxx1nTzg","out_trade_no":"126806760120151015121242","result_code":"SUCCESS","return_code":"SUCCESS","sign":"74A2807F4791C8596B8EB64FBC076F9B","time_end":"20151015121253","total_fee":"4000","trade_type":"JSAPI","transaction_id":"1003960869201510151203166055"}
[2015-10-15 12:13:32][debug] query:{"appid":"wx161f19ac48b1f2f3","attach":"\u9a6c\u62c9\u677e\u62a5\u540d","bank_type":"CFT","cash_fee":"4000","fee_type":"CNY","is_subscribe":"Y","mch_id":"1268067601","nonce_str":"Bm7xqCplekhNcM3l","openid":"ouN6_s5dcgMFvlE_4edbqxx1nTzg","out_trade_no":"126806760120151015121242","result_code":"SUCCESS","return_code":"SUCCESS","return_msg":"OK","sign":"16BF83FB1AD2B596FBAD75E149A66C01","time_end":"20151015121253","total_fee":"4000","trade_state":"SUCCESS","trade_type":"JSAPI","transaction_id":"1003960869201510151203166055"}
[2015-10-15 12:13:32][debug] call back test:订单查询成功
[2015-10-15 12:13:32][debug] call back test:已入库
[2015-10-15 14:41:32][debug] begin notify
[2015-10-15 14:41:32][debug] call back test:{"appid":"wx161f19ac48b1f2f3","attach":"\u9a6c\u62c9\u677e\u62a5\u540d","bank_type":"ICBC_DEBIT","cash_fee":"4000","fee_type":"CNY","is_subscribe":"N","mch_id":"1268067601","nonce_str":"5f38kdb07ivzcck92s4cm736gkqjrpf9","openid":"ouN6_s6RLcbNJZTJO8Th3K08ld8A","out_trade_no":"126806760120151015143918","result_code":"SUCCESS","return_code":"SUCCESS","sign":"5B87EE74E57F84E74EC6F3CFAC802EEB","time_end":"20151015144132","total_fee":"4000","trade_type":"JSAPI","transaction_id":"1002150869201510151205185496"}
[2015-10-15 14:41:34][debug] query:{"appid":"wx161f19ac48b1f2f3","attach":"\u9a6c\u62c9\u677e\u62a5\u540d","bank_type":"ICBC_DEBIT","cash_fee":"4000","fee_type":"CNY","is_subscribe":"N","mch_id":"1268067601","nonce_str":"4Bp7JRiSeX4jpPWf","openid":"ouN6_s6RLcbNJZTJO8Th3K08ld8A","out_trade_no":"126806760120151015143918","result_code":"SUCCESS","return_code":"SUCCESS","return_msg":"OK","sign":"EEE6D548C3D393D4C42D0D8EE4BD8F5E","time_end":"20151015144131","total_fee":"4000","trade_state":"SUCCESS","trade_type":"JSAPI","transaction_id":"1002150869201510151205185496"}
[2015-10-15 14:41:34][debug] call back test:订单查询成功
[2015-10-15 14:41:34][debug] call back test:未入库
[2015-10-15 14:41:34][debug] call back test sql:UPDATE pa_marathon SET ispay =1,transaction_id="1002150869201510151205185496",out_trade_no="126806760120151015143918" WHERE openid ="ouN6_s6RLcbNJZTJO8Th3K08ld8A"
[2015-10-15 14:41:34][debug] call back test:入库成功
[2015-10-15 14:54:21][debug] begin notify
[2015-10-15 14:54:21][debug] call back test:{"appid":"wx161f19ac48b1f2f3","attach":"\u9a6c\u62c9\u677e\u62a5\u540d","bank_type":"PAB_CREDIT","cash_fee":"4000","fee_type":"CNY","is_subscribe":"N","mch_id":"1268067601","nonce_str":"43ny0crziclvuwqcj70nngjuwex63igp","openid":"ouN6_s_5Je1cyyMZd5P-teahS0Z0","out_trade_no":"126806760120151015145308","result_code":"SUCCESS","return_code":"SUCCESS","sign":"0BA75EEB4CAF9EDAC7EDDDC98C07DE95","time_end":"20151015145420","total_fee":"4000","trade_type":"JSAPI","transaction_id":"1001730869201510151205333810"}
[2015-10-15 14:54:33][debug] begin notify
[2015-10-15 14:54:33][debug] call back test:{"appid":"wx161f19ac48b1f2f3","attach":"\u9a6c\u62c9\u677e\u62a5\u540d","bank_type":"PAB_CREDIT","cash_fee":"4000","fee_type":"CNY","is_subscribe":"N","mch_id":"1268067601","nonce_str":"43ny0crziclvuwqcj70nngjuwex63igp","openid":"ouN6_s_5Je1cyyMZd5P-teahS0Z0","out_trade_no":"126806760120151015145308","result_code":"SUCCESS","return_code":"SUCCESS","sign":"0BA75EEB4CAF9EDAC7EDDDC98C07DE95","time_end":"20151015145420","total_fee":"4000","trade_type":"JSAPI","transaction_id":"1001730869201510151205333810"}
[2015-10-15 14:54:55][debug] begin notify
[2015-10-15 14:54:55][debug] call back test:{"appid":"wx161f19ac48b1f2f3","attach":"\u9a6c\u62c9\u677e\u62a5\u540d","bank_type":"PAB_CREDIT","cash_fee":"4000","fee_type":"CNY","is_subscribe":"N","mch_id":"1268067601","nonce_str":"43ny0crziclvuwqcj70nngjuwex63igp","openid":"ouN6_s_5Je1cyyMZd5P-teahS0Z0","out_trade_no":"126806760120151015145308","result_code":"SUCCESS","return_code":"SUCCESS","sign":"0BA75EEB4CAF9EDAC7EDDDC98C07DE95","time_end":"20151015145420","total_fee":"4000","trade_type":"JSAPI","transaction_id":"1001730869201510151205333810"}
[2015-10-15 14:55:32][debug] begin notify
[2015-10-15 14:55:32][debug] call back test:{"appid":"wx161f19ac48b1f2f3","attach":"\u9a6c\u62c9\u677e\u62a5\u540d","bank_type":"PAB_CREDIT","cash_fee":"4000","fee_type":"CNY","is_subscribe":"N","mch_id":"1268067601","nonce_str":"43ny0crziclvuwqcj70nngjuwex63igp","openid":"ouN6_s_5Je1cyyMZd5P-teahS0Z0","out_trade_no":"126806760120151015145308","result_code":"SUCCESS","return_code":"SUCCESS","sign":"0BA75EEB4CAF9EDAC7EDDDC98C07DE95","time_end":"20151015145420","total_fee":"4000","trade_type":"JSAPI","transaction_id":"1001730869201510151205333810"}
[2015-10-15 14:55:35][debug] query:{"appid":"wx161f19ac48b1f2f3","attach":"\u9a6c\u62c9\u677e\u62a5\u540d","bank_type":"PAB_CREDIT","cash_fee":"4000","fee_type":"CNY","is_subscribe":"Y","mch_id":"1268067601","nonce_str":"3lZwSpuzFmHNxUfG","openid":"ouN6_s_5Je1cyyMZd5P-teahS0Z0","out_trade_no":"126806760120151015145308","result_code":"SUCCESS","return_code":"SUCCESS","return_msg":"OK","sign":"44E51CD3CF79C52762FB7028F762966D","time_end":"20151015145419","total_fee":"4000","trade_state":"SUCCESS","trade_type":"JSAPI","transaction_id":"1001730869201510151205333810"}
[2015-10-15 14:55:35][debug] call back test:订单查询成功
[2015-10-15 14:55:35][debug] call back test:未入库
[2015-10-15 14:55:35][debug] call back test sql:UPDATE pa_marathon SET ispay =1,transaction_id="1001730869201510151205333810",out_trade_no="126806760120151015145308" WHERE openid ="ouN6_s_5Je1cyyMZd5P-teahS0Z0"
[2015-10-15 14:55:35][debug] call back test:入库成功
[2015-10-15 15:02:52][debug] begin notify
[2015-10-15 15:02:52][debug] call back test:{"appid":"wx161f19ac48b1f2f3","attach":"\u9a6c\u62c9\u677e\u62a5\u540d","bank_type":"ICBC_DEBIT","cash_fee":"6000","fee_type":"CNY","is_subscribe":"Y","mch_id":"1268067601","nonce_str":"nes2r77rx94v4cqp2bxkkq1dyfss327w","openid":"ouN6_s6k8pOY8dKSjb89FWtoPVhM","out_trade_no":"126806760120151015150126","result_code":"SUCCESS","return_code":"SUCCESS","sign":"BC6DFD151355D3D214E8A99CC9A21A32","time_end":"20151015150252","total_fee":"6000","trade_type":"JSAPI","transaction_id":"1008880869201510151205419328"}
[2015-10-15 15:02:53][debug] query:{"appid":"wx161f19ac48b1f2f3","attach":"\u9a6c\u62c9\u677e\u62a5\u540d","bank_type":"ICBC_DEBIT","cash_fee":"6000","fee_type":"CNY","is_subscribe":"Y","mch_id":"1268067601","nonce_str":"C1nXaXQ5ARTW6ybc","openid":"ouN6_s6k8pOY8dKSjb89FWtoPVhM","out_trade_no":"126806760120151015150126","result_code":"SUCCESS","return_code":"SUCCESS","return_msg":"OK","sign":"04009D9187510EF2B45D2CBFD1C92FB5","time_end":"20151015150251","total_fee":"6000","trade_state":"SUCCESS","trade_type":"JSAPI","transaction_id":"1008880869201510151205419328"}
[2015-10-15 15:02:53][debug] call back test:订单查询成功
[2015-10-15 15:02:53][debug] call back test:未入库
[2015-10-15 15:02:53][debug] call back test sql:UPDATE pa_marathon SET ispay =1,transaction_id="1008880869201510151205419328",out_trade_no="126806760120151015150126" WHERE openid ="ouN6_s6k8pOY8dKSjb89FWtoPVhM"
[2015-10-15 15:02:53][debug] call back test:入库成功
[2015-10-15 15:31:12][debug] begin notify
[2015-10-15 15:31:12][debug] call back test:{"appid":"wx161f19ac48b1f2f3","attach":"\u9a6c\u62c9\u677e\u62a5\u540d","bank_type":"BOC_DEBIT","cash_fee":"8000","fee_type":"CNY","is_subscribe":"Y","mch_id":"1268067601","nonce_str":"c9p9uulxzxmr7qz5rnfnnu165uuduvfx","openid":"ouN6_syOCxAwfhZ4OtLPp-HmN_7Y","out_trade_no":"126806760120151015153030","result_code":"SUCCESS","return_code":"SUCCESS","sign":"79F0883960921D2C5EF63839BC5B850C","time_end":"20151015153112","total_fee":"8000","trade_type":"JSAPI","transaction_id":"1001590869201510151205715984"}
[2015-10-15 15:31:13][debug] query:{"appid":"wx161f19ac48b1f2f3","attach":"\u9a6c\u62c9\u677e\u62a5\u540d","bank_type":"BOC_DEBIT","cash_fee":"8000","fee_type":"CNY","is_subscribe":"Y","mch_id":"1268067601","nonce_str":"qSWUGVguG9KTcDhb","openid":"ouN6_syOCxAwfhZ4OtLPp-HmN_7Y","out_trade_no":"126806760120151015153030","result_code":"SUCCESS","return_code":"SUCCESS","return_msg":"OK","sign":"771721FE447422F7D70D9A1736566AFB","time_end":"20151015153110","total_fee":"8000","trade_state":"SUCCESS","trade_type":"JSAPI","transaction_id":"1001590869201510151205715984"}
[2015-10-15 15:31:13][debug] call back test:订单查询成功
[2015-10-15 15:31:13][debug] call back test:未入库
[2015-10-15 15:31:13][debug] call back test sql:UPDATE pa_marathon SET ispay =1,transaction_id="1001590869201510151205715984",out_trade_no="126806760120151015153030" WHERE openid ="ouN6_syOCxAwfhZ4OtLPp-HmN_7Y"
[2015-10-15 15:31:13][debug] call back test:入库成功
[2015-10-15 16:54:58][debug] begin notify
[2015-10-15 16:54:58][debug] call back test:{"appid":"wx161f19ac48b1f2f3","attach":"\u9a6c\u62c9\u677e\u62a5\u540d","bank_type":"CMB_DEBIT","cash_fee":"4000","fee_type":"CNY","is_subscribe":"N","mch_id":"1268067601","nonce_str":"dkltaulzlrrb6cm28geecyoz8essk6pk","openid":"ouN6_s_9TUDLUuAQUGtiNOIk99wE","out_trade_no":"126806760120151015165416","result_code":"SUCCESS","return_code":"SUCCESS","sign":"90F7BCEA3F92BF3D3D3F157FF397794C","time_end":"20151015165458","total_fee":"4000","trade_type":"JSAPI","transaction_id":"1009990869201510151206737600"}
[2015-10-15 16:54:59][debug] query:{"appid":"wx161f19ac48b1f2f3","attach":"\u9a6c\u62c9\u677e\u62a5\u540d","bank_type":"CMB_DEBIT","cash_fee":"4000","fee_type":"CNY","is_subscribe":"N","mch_id":"1268067601","nonce_str":"9LlfyqrLG9VDRMgh","openid":"ouN6_s_9TUDLUuAQUGtiNOIk99wE","out_trade_no":"126806760120151015165416","result_code":"SUCCESS","return_code":"SUCCESS","return_msg":"OK","sign":"479ED77331F2167DB49AE60F1E4F8BA6","time_end":"20151015165457","total_fee":"4000","trade_state":"SUCCESS","trade_type":"JSAPI","transaction_id":"1009990869201510151206737600"}
[2015-10-15 16:54:59][debug] call back test:订单查询成功
[2015-10-15 16:54:59][debug] call back test:未入库
[2015-10-15 16:54:59][debug] call back test sql:UPDATE pa_marathon SET ispay =1,transaction_id="1009990869201510151206737600",out_trade_no="126806760120151015165416" WHERE openid ="ouN6_s_9TUDLUuAQUGtiNOIk99wE"
[2015-10-15 16:54:59][debug] call back test:入库成功
[2015-10-15 17:46:37][debug] begin notify
[2015-10-15 17:46:37][debug] call back test:{"appid":"wx161f19ac48b1f2f3","attach":"\u9a6c\u62c9\u677e\u62a5\u540d","bank_type":"ABC_DEBIT","cash_fee":"4000","fee_type":"CNY","is_subscribe":"Y","mch_id":"1268067601","nonce_str":"m5vo88evhkvym1ux66jy3fd91vyt4ky1","openid":"ouN6_sy715wxuqtbEvAUKD0j1_TE","out_trade_no":"126806760120151015174528","result_code":"SUCCESS","return_code":"SUCCESS","sign":"6DC364439C377C9454ADCE5CC28A8DE7","time_end":"20151015174636","total_fee":"4000","trade_type":"JSAPI","transaction_id":"1007560869201510151207447797"}
[2015-10-15 17:46:37][debug] query:{"appid":"wx161f19ac48b1f2f3","attach":"\u9a6c\u62c9\u677e\u62a5\u540d","bank_type":"ABC_DEBIT","cash_fee":"4000","fee_type":"CNY","is_subscribe":"Y","mch_id":"1268067601","nonce_str":"xsBbmZ9L4y82kr3F","openid":"ouN6_sy715wxuqtbEvAUKD0j1_TE","out_trade_no":"126806760120151015174528","result_code":"SUCCESS","return_code":"SUCCESS","return_msg":"OK","sign":"912F058263A4B5358EEED35EB7888686","time_end":"20151015174636","total_fee":"4000","trade_state":"SUCCESS","trade_type":"JSAPI","transaction_id":"1007560869201510151207447797"}
[2015-10-15 17:46:37][debug] call back test:订单查询成功
[2015-10-15 17:46:37][debug] call back test:未入库
[2015-10-15 17:46:37][debug] call back test sql:UPDATE pa_marathon SET ispay =1,transaction_id="1007560869201510151207447797",out_trade_no="126806760120151015174528" WHERE openid ="ouN6_sy715wxuqtbEvAUKD0j1_TE"
[2015-10-15 17:46:37][debug] call back test:入库成功
[2015-10-15 18:01:46][debug] begin notify
[2015-10-15 18:01:46][debug] call back test:{"appid":"wx161f19ac48b1f2f3","attach":"\u9a6c\u62c9\u677e\u62a5\u540d","bank_type":"CFT","cash_fee":"4000","fee_type":"CNY","is_subscribe":"Y","mch_id":"1268067601","nonce_str":"9piwg56mxgryu44sxfikxxpqplvvkf5i","openid":"ouN6_s4aIM8Lvo2ws64GIrroFStw","out_trade_no":"126806760120151015180125","result_code":"SUCCESS","return_code":"SUCCESS","sign":"8298EAE36149431C0AF4D070BB6ACDAA","time_end":"20151015180145","total_fee":"4000","trade_type":"JSAPI","transaction_id":"1004630869201510151207691712"}
[2015-10-15 18:01:46][debug] query:{"appid":"wx161f19ac48b1f2f3","attach":"\u9a6c\u62c9\u677e\u62a5\u540d","bank_type":"CFT","cash_fee":"4000","fee_type":"CNY","is_subscribe":"Y","mch_id":"1268067601","nonce_str":"kKl08N8cEEShuZ2l","openid":"ouN6_s4aIM8Lvo2ws64GIrroFStw","out_trade_no":"126806760120151015180125","result_code":"SUCCESS","return_code":"SUCCESS","return_msg":"OK","sign":"8887D522EE7090A35F74B15A1E3BF377","time_end":"20151015180145","total_fee":"4000","trade_state":"SUCCESS","trade_type":"JSAPI","transaction_id":"1004630869201510151207691712"}
[2015-10-15 18:01:46][debug] call back test:订单查询成功
[2015-10-15 18:01:46][debug] call back test:未入库
[2015-10-15 18:01:46][debug] call back test sql:UPDATE pa_marathon SET ispay =1,transaction_id="1004630869201510151207691712",out_trade_no="126806760120151015180125" WHERE openid ="ouN6_s4aIM8Lvo2ws64GIrroFStw"
[2015-10-15 18:01:46][debug] call back test:入库成功
[2015-10-15 18:06:16][debug] begin notify
[2015-10-15 18:06:16][debug] call back test:{"appid":"wx161f19ac48b1f2f3","attach":"\u9a6c\u62c9\u677e\u62a5\u540d","bank_type":"CFT","cash_fee":"4000","fee_type":"CNY","is_subscribe":"Y","mch_id":"1268067601","nonce_str":"r39l22v1i1750dfxlwllaautd32kjt1f","openid":"ouN6_s4aIM8Lvo2ws64GIrroFStw","out_trade_no":"126806760120151015180600","result_code":"SUCCESS","return_code":"SUCCESS","sign":"6E48A4554AF13B12BBC4972A9AED943A","time_end":"20151015180616","total_fee":"4000","trade_type":"JSAPI","transaction_id":"1004630869201510151207759908"}
[2015-10-15 18:06:17][debug] query:{"appid":"wx161f19ac48b1f2f3","attach":"\u9a6c\u62c9\u677e\u62a5\u540d","bank_type":"CFT","cash_fee":"4000","fee_type":"CNY","is_subscribe":"Y","mch_id":"1268067601","nonce_str":"vaSiKvfkxZjzWnZu","openid":"ouN6_s4aIM8Lvo2ws64GIrroFStw","out_trade_no":"126806760120151015180600","result_code":"SUCCESS","return_code":"SUCCESS","return_msg":"OK","sign":"D593D88A2F93CBD60A5A0AEF15B0B9AD","time_end":"20151015180615","total_fee":"4000","trade_state":"SUCCESS","trade_type":"JSAPI","transaction_id":"1004630869201510151207759908"}
[2015-10-15 18:06:17][debug] call back test:订单查询成功
[2015-10-15 18:06:17][debug] call back test:未入库
[2015-10-15 18:06:17][debug] call back test sql:UPDATE pa_marathon SET ispay =1,transaction_id="1004630869201510151207759908",out_trade_no="126806760120151015180600" WHERE openid ="ouN6_s4aIM8Lvo2ws64GIrroFStw"
[2015-10-15 18:06:17][debug] call back test:入库成功
[2015-10-15 18:40:55][debug] begin notify
[2015-10-15 18:40:55][debug] call back test:{"appid":"wx161f19ac48b1f2f3","attach":"\u9a6c\u62c9\u677e\u62a5\u540d","bank_type":"CCB_DEBIT","cash_fee":"4000","fee_type":"CNY","is_subscribe":"Y","mch_id":"1268067601","nonce_str":"r8ue5u8d55ptnatroz11efg8bng5s4eg","openid":"ouN6_s0ifVJvIXJl3VftcVjcohL8","out_trade_no":"126806760120151015183831","result_code":"SUCCESS","return_code":"SUCCESS","sign":"BF8795F9220CFC1E0DDC5B5A867371F9","time_end":"20151015184055","total_fee":"4000","trade_type":"JSAPI","transaction_id":"1003560869201510151208279570"}
[2015-10-15 18:41:12][debug] begin notify
[2015-10-15 18:41:12][debug] call back test:{"appid":"wx161f19ac48b1f2f3","attach":"\u9a6c\u62c9\u677e\u62a5\u540d","bank_type":"CCB_DEBIT","cash_fee":"4000","fee_type":"CNY","is_subscribe":"Y","mch_id":"1268067601","nonce_str":"r8ue5u8d55ptnatroz11efg8bng5s4eg","openid":"ouN6_s0ifVJvIXJl3VftcVjcohL8","out_trade_no":"126806760120151015183831","result_code":"SUCCESS","return_code":"SUCCESS","sign":"BF8795F9220CFC1E0DDC5B5A867371F9","time_end":"20151015184055","total_fee":"4000","trade_type":"JSAPI","transaction_id":"1003560869201510151208279570"}
[2015-10-15 18:41:16][debug] query:{"appid":"wx161f19ac48b1f2f3","attach":"\u9a6c\u62c9\u677e\u62a5\u540d","bank_type":"CCB_DEBIT","cash_fee":"4000","fee_type":"CNY","is_subscribe":"Y","mch_id":"1268067601","nonce_str":"hmZflpsue0vh9Moy","openid":"ouN6_s0ifVJvIXJl3VftcVjcohL8","out_trade_no":"126806760120151015183831","result_code":"SUCCESS","return_code":"SUCCESS","return_msg":"OK","sign":"20E4660D3811671B6AB371E5800D1ECF","time_end":"20151015184054","total_fee":"4000","trade_state":"SUCCESS","trade_type":"JSAPI","transaction_id":"1003560869201510151208279570"}
[2015-10-15 18:41:16][debug] call back test:订单查询成功
[2015-10-15 18:41:16][debug] call back test:未入库
[2015-10-15 18:41:16][debug] call back test sql:UPDATE pa_marathon SET ispay =1,transaction_id="1003560869201510151208279570",out_trade_no="126806760120151015183831" WHERE openid ="ouN6_s0ifVJvIXJl3VftcVjcohL8"
[2015-10-15 18:41:16][debug] call back test:入库成功
[2015-10-15 19:03:55][debug] begin notify
[2015-10-15 19:03:55][debug] call back test:{"appid":"wx161f19ac48b1f2f3","attach":"\u9a6c\u62c9\u677e\u62a5\u540d","bank_type":"CCB_DEBIT","cash_fee":"8000","fee_type":"CNY","is_subscribe":"Y","mch_id":"1268067601","nonce_str":"3bntje4zit49etz0kyqec6bbqwzk7kah","openid":"ouN6_s1g8LtNESKF6dW_Vx9NgY7k","out_trade_no":"126806760120151015190252","result_code":"SUCCESS","return_code":"SUCCESS","sign":"43B54E407EBFFCCA11DC094001B046E9","time_end":"20151015190354","total_fee":"8000","trade_type":"JSAPI","transaction_id":"1001430869201510151208666097"}
[2015-10-15 19:03:55][debug] query:{"appid":"wx161f19ac48b1f2f3","attach":"\u9a6c\u62c9\u677e\u62a5\u540d","bank_type":"CCB_DEBIT","cash_fee":"8000","fee_type":"CNY","is_subscribe":"Y","mch_id":"1268067601","nonce_str":"G5KBtMTmH65kqxdk","openid":"ouN6_s1g8LtNESKF6dW_Vx9NgY7k","out_trade_no":"126806760120151015190252","result_code":"SUCCESS","return_code":"SUCCESS","return_msg":"OK","sign":"2BA68597E073CE4FAFD44F28843785A0","time_end":"20151015190353","total_fee":"8000","trade_state":"SUCCESS","trade_type":"JSAPI","transaction_id":"1001430869201510151208666097"}
[2015-10-15 19:03:55][debug] call back test:订单查询成功
[2015-10-15 19:03:55][debug] call back test:未入库
[2015-10-15 19:03:55][debug] call back test sql:UPDATE pa_marathon SET ispay =1,transaction_id="1001430869201510151208666097",out_trade_no="126806760120151015190252" WHERE openid ="ouN6_s1g8LtNESKF6dW_Vx9NgY7k"
[2015-10-15 19:03:55][debug] call back test:入库成功
[2015-10-15 19:53:47][debug] begin notify
[2015-10-15 19:53:47][debug] call back test:{"appid":"wx161f19ac48b1f2f3","attach":"\u9a6c\u62c9\u677e\u62a5\u540d","bank_type":"ICBC_DEBIT","cash_fee":"4000","fee_type":"CNY","is_subscribe":"N","mch_id":"1268067601","nonce_str":"isuhmwtsbsp6tgjmkc9epac6zhtdy6vf","openid":"ouN6_s91mDk1pvER3JirehjSIJ_4","out_trade_no":"126806760120151015195204","result_code":"SUCCESS","return_code":"SUCCESS","sign":"76A1BEA6595796A836E804D9102DDE9A","time_end":"20151015195347","total_fee":"4000","trade_type":"JSAPI","transaction_id":"1002490869201510151209389163"}
[2015-10-15 19:53:48][debug] query:{"appid":"wx161f19ac48b1f2f3","attach":"\u9a6c\u62c9\u677e\u62a5\u540d","bank_type":"ICBC_DEBIT","cash_fee":"4000","fee_type":"CNY","is_subscribe":"N","mch_id":"1268067601","nonce_str":"ty0pNXfrfRkls0d0","openid":"ouN6_s91mDk1pvER3JirehjSIJ_4","out_trade_no":"126806760120151015195204","result_code":"SUCCESS","return_code":"SUCCESS","return_msg":"OK","sign":"14C34DECBF9FCFF3B46758CE6FD153C0","time_end":"20151015195346","total_fee":"4000","trade_state":"SUCCESS","trade_type":"JSAPI","transaction_id":"1002490869201510151209389163"}
[2015-10-15 19:53:48][debug] call back test:订单查询成功
[2015-10-15 19:53:48][debug] call back test:未入库
[2015-10-15 19:53:48][debug] call back test sql:UPDATE pa_marathon SET ispay =1,transaction_id="1002490869201510151209389163",out_trade_no="126806760120151015195204" WHERE openid ="ouN6_s91mDk1pvER3JirehjSIJ_4"
[2015-10-15 19:53:48][debug] call back test:入库成功
[2015-10-15 20:05:33][debug] begin notify
[2015-10-15 20:05:33][debug] call back test:{"appid":"wx161f19ac48b1f2f3","attach":"\u9a6c\u62c9\u677e\u62a5\u540d","bank_type":"CCB_DEBIT","cash_fee":"6000","fee_type":"CNY","is_subscribe":"Y","mch_id":"1268067601","nonce_str":"ohuozrsyvbhwkc0bvxs1yzbcbyorm8fc","openid":"ouN6_s0B2U01RbjABwJYSz7ueyZ8","out_trade_no":"126806760120151015200246","result_code":"SUCCESS","return_code":"SUCCESS","sign":"22BF8A760D41D7806B59072D9877C629","time_end":"20151015200532","total_fee":"6000","trade_type":"JSAPI","transaction_id":"1008240869201510151209561502"}
[2015-10-15 20:05:47][debug] begin notify
[2015-10-15 20:05:47][debug] call back test:{"appid":"wx161f19ac48b1f2f3","attach":"\u9a6c\u62c9\u677e\u62a5\u540d","bank_type":"CCB_DEBIT","cash_fee":"6000","fee_type":"CNY","is_subscribe":"Y","mch_id":"1268067601","nonce_str":"ohuozrsyvbhwkc0bvxs1yzbcbyorm8fc","openid":"ouN6_s0B2U01RbjABwJYSz7ueyZ8","out_trade_no":"126806760120151015200246","result_code":"SUCCESS","return_code":"SUCCESS","sign":"22BF8A760D41D7806B59072D9877C629","time_end":"20151015200532","total_fee":"6000","trade_type":"JSAPI","transaction_id":"1008240869201510151209561502"}
[2015-10-15 20:05:52][debug] query:{"appid":"wx161f19ac48b1f2f3","attach":"\u9a6c\u62c9\u677e\u62a5\u540d","bank_type":"CCB_DEBIT","cash_fee":"6000","fee_type":"CNY","is_subscribe":"Y","mch_id":"1268067601","nonce_str":"0j8mlcWuJeoqAOT9","openid":"ouN6_s0B2U01RbjABwJYSz7ueyZ8","out_trade_no":"126806760120151015200246","result_code":"SUCCESS","return_code":"SUCCESS","return_msg":"OK","sign":"C1AFD00A12C651A1F96389ADC0F2AC37","time_end":"20151015200532","total_fee":"6000","trade_state":"SUCCESS","trade_type":"JSAPI","transaction_id":"1008240869201510151209561502"}
[2015-10-15 20:05:52][debug] call back test:订单查询成功
[2015-10-15 20:05:52][debug] call back test:未入库
[2015-10-15 20:05:52][debug] call back test sql:UPDATE pa_marathon SET ispay =1,transaction_id="1008240869201510151209561502",out_trade_no="126806760120151015200246" WHERE openid ="ouN6_s0B2U01RbjABwJYSz7ueyZ8"
[2015-10-15 20:05:52][debug] call back test:入库成功
[2015-10-15 20:06:08][debug] begin notify
[2015-10-15 20:06:08][debug] call back test:{"appid":"wx161f19ac48b1f2f3","attach":"\u9a6c\u62c9\u677e\u62a5\u540d","bank_type":"CCB_DEBIT","cash_fee":"6000","fee_type":"CNY","is_subscribe":"Y","mch_id":"1268067601","nonce_str":"ohuozrsyvbhwkc0bvxs1yzbcbyorm8fc","openid":"ouN6_s0B2U01RbjABwJYSz7ueyZ8","out_trade_no":"126806760120151015200246","result_code":"SUCCESS","return_code":"SUCCESS","sign":"22BF8A760D41D7806B59072D9877C629","time_end":"20151015200532","total_fee":"6000","trade_type":"JSAPI","transaction_id":"1008240869201510151209561502"}
[2015-10-15 20:06:08][debug] query:{"appid":"wx161f19ac48b1f2f3","attach":"\u9a6c\u62c9\u677e\u62a5\u540d","bank_type":"CCB_DEBIT","cash_fee":"6000","fee_type":"CNY","is_subscribe":"Y","mch_id":"1268067601","nonce_str":"g0ZngEacDQV9w4Rk","openid":"ouN6_s0B2U01RbjABwJYSz7ueyZ8","out_trade_no":"126806760120151015200246","result_code":"SUCCESS","return_code":"SUCCESS","return_msg":"OK","sign":"2FB1DBD42BE234689AEBEFA3E7AF4B19","time_end":"20151015200532","total_fee":"6000","trade_state":"SUCCESS","trade_type":"JSAPI","transaction_id":"1008240869201510151209561502"}
[2015-10-15 20:06:08][debug] call back test:订单查询成功
[2015-10-15 20:06:08][debug] call back test:已入库
[2015-10-15 20:16:51][debug] begin notify
[2015-10-15 20:16:51][debug] call back test:{"appid":"wx161f19ac48b1f2f3","attach":"\u9a6c\u62c9\u677e\u62a5\u540d","bank_type":"CFT","cash_fee":"6000","fee_type":"CNY","is_subscribe":"Y","mch_id":"1268067601","nonce_str":"hy43i4umelyun0eto4u9ogep2f9k0oto","openid":"ouN6_s2QXXmCrdhKe-7pGPm2F_EI","out_trade_no":"126806760120151015201607","result_code":"SUCCESS","return_code":"SUCCESS","sign":"042C4F927DFF190D261B97F1D99D4AEF","time_end":"20151015201650","total_fee":"6000","trade_type":"JSAPI","transaction_id":"1006670869201510151209718850"}
[2015-10-15 20:16:52][debug] query:{"appid":"wx161f19ac48b1f2f3","attach":"\u9a6c\u62c9\u677e\u62a5\u540d","bank_type":"CFT","cash_fee":"6000","fee_type":"CNY","is_subscribe":"Y","mch_id":"1268067601","nonce_str":"8xXXQULP0nv3ntpW","openid":"ouN6_s2QXXmCrdhKe-7pGPm2F_EI","out_trade_no":"126806760120151015201607","result_code":"SUCCESS","return_code":"SUCCESS","return_msg":"OK","sign":"7C918CC67D81EF1B27823941B7EE42A5","time_end":"20151015201650","total_fee":"6000","trade_state":"SUCCESS","trade_type":"JSAPI","transaction_id":"1006670869201510151209718850"}
[2015-10-15 20:16:52][debug] call back test:订单查询成功
[2015-10-15 20:16:52][debug] call back test:未入库
[2015-10-15 20:16:52][debug] call back test sql:UPDATE pa_marathon SET ispay =1,transaction_id="1006670869201510151209718850",out_trade_no="126806760120151015201607" WHERE openid ="ouN6_s2QXXmCrdhKe-7pGPm2F_EI"
[2015-10-15 20:16:52][debug] call back test:入库成功
[2015-10-15 20:38:59][debug] begin notify
[2015-10-15 20:38:59][debug] call back test:{"appid":"wx161f19ac48b1f2f3","attach":"\u9a6c\u62c9\u677e\u62a5\u540d","bank_type":"CFT","cash_fee":"4000","fee_type":"CNY","is_subscribe":"N","mch_id":"1268067601","nonce_str":"9557zg6un8plvl004qs523xs5nduegrp","openid":"ouN6_s6RQyJmqcA7THoqLoIdvOKQ","out_trade_no":"126806760120151015203839","result_code":"SUCCESS","return_code":"SUCCESS","sign":"00C3348A93EC631BABA9649445ED90E2","time_end":"20151015203859","total_fee":"4000","trade_type":"JSAPI","transaction_id":"1006420869201510151210001590"}
[2015-10-15 20:39:00][debug] query:{"appid":"wx161f19ac48b1f2f3","attach":"\u9a6c\u62c9\u677e\u62a5\u540d","bank_type":"CFT","cash_fee":"4000","fee_type":"CNY","is_subscribe":"N","mch_id":"1268067601","nonce_str":"miFi2YTdkIw9zchA","openid":"ouN6_s6RQyJmqcA7THoqLoIdvOKQ","out_trade_no":"126806760120151015203839","result_code":"SUCCESS","return_code":"SUCCESS","return_msg":"OK","sign":"4C160DFB8DC8047D19854017AAA05C1E","time_end":"20151015203858","total_fee":"4000","trade_state":"SUCCESS","trade_type":"JSAPI","transaction_id":"1006420869201510151210001590"}
[2015-10-15 20:39:00][debug] call back test:订单查询成功
[2015-10-15 20:39:00][debug] call back test:未入库
[2015-10-15 20:39:00][debug] call back test sql:UPDATE pa_marathon SET ispay =1,transaction_id="1006420869201510151210001590",out_trade_no="126806760120151015203839" WHERE openid ="ouN6_s6RQyJmqcA7THoqLoIdvOKQ"
[2015-10-15 20:39:00][debug] call back test:入库成功
[2015-10-15 20:41:05][debug] begin notify
[2015-10-15 20:41:05][debug] call back test:{"appid":"wx161f19ac48b1f2f3","attach":"\u9a6c\u62c9\u677e\u62a5\u540d","bank_type":"CFT","cash_fee":"4000","fee_type":"CNY","is_subscribe":"N","mch_id":"1268067601","nonce_str":"megi9pzxgm4eltv99c8x9aem6uj2uaf2","openid":"ouN6_s23nz0p4Xcj99rhUj1inpzA","out_trade_no":"126806760120151015203927","result_code":"SUCCESS","return_code":"SUCCESS","sign":"EFF27EFC447B2FA576153C65EA97DB8C","time_end":"20151015204105","total_fee":"4000","trade_type":"JSAPI","transaction_id":"1006080869201510151210043946"}
[2015-10-15 20:41:25][debug] begin notify
[2015-10-15 20:41:25][debug] call back test:{"appid":"wx161f19ac48b1f2f3","attach":"\u9a6c\u62c9\u677e\u62a5\u540d","bank_type":"CFT","cash_fee":"4000","fee_type":"CNY","is_subscribe":"N","mch_id":"1268067601","nonce_str":"megi9pzxgm4eltv99c8x9aem6uj2uaf2","openid":"ouN6_s23nz0p4Xcj99rhUj1inpzA","out_trade_no":"126806760120151015203927","result_code":"SUCCESS","return_code":"SUCCESS","sign":"EFF27EFC447B2FA576153C65EA97DB8C","time_end":"20151015204105","total_fee":"4000","trade_type":"JSAPI","transaction_id":"1006080869201510151210043946"}
[2015-10-15 20:41:29][debug] query:{"appid":"wx161f19ac48b1f2f3","attach":"\u9a6c\u62c9\u677e\u62a5\u540d","bank_type":"CFT","cash_fee":"4000","fee_type":"CNY","is_subscribe":"Y","mch_id":"1268067601","nonce_str":"oK39wteDZmFuoYg3","openid":"ouN6_s23nz0p4Xcj99rhUj1inpzA","out_trade_no":"126806760120151015203927","result_code":"SUCCESS","return_code":"SUCCESS","return_msg":"OK","sign":"C9CD34E66B6769F5BCF1C12552BBBBD4","time_end":"20151015204104","total_fee":"4000","trade_state":"SUCCESS","trade_type":"JSAPI","transaction_id":"1006080869201510151210043946"}
[2015-10-15 20:41:29][debug] call back test:订单查询成功
[2015-10-15 20:41:29][debug] call back test:未入库
[2015-10-15 20:41:29][debug] call back test sql:UPDATE pa_marathon SET ispay =1,transaction_id="1006080869201510151210043946",out_trade_no="126806760120151015203927" WHERE openid ="ouN6_s23nz0p4Xcj99rhUj1inpzA"
[2015-10-15 20:41:29][debug] call back test:入库成功
[2015-10-15 21:03:30][debug] begin notify
[2015-10-15 21:03:30][debug] call back test:{"appid":"wx161f19ac48b1f2f3","attach":"\u9a6c\u62c9\u677e\u62a5\u540d","bank_type":"GDB_CREDIT","cash_fee":"6000","fee_type":"CNY","is_subscribe":"Y","mch_id":"1268067601","nonce_str":"jtye47rqahrbduz4ey6hi1e28ga7axnt","openid":"ouN6_s0VwGkPe-ccx1_rB26-r59U","out_trade_no":"126806760120151015210306","result_code":"SUCCESS","return_code":"SUCCESS","sign":"1FAA9BA79060BF7D80CF31C9AB1E1CD1","time_end":"20151015210329","total_fee":"6000","trade_type":"JSAPI","transaction_id":"1009880869201510151210328350"}
[2015-10-15 21:03:30][debug] query:{"appid":"wx161f19ac48b1f2f3","attach":"\u9a6c\u62c9\u677e\u62a5\u540d","bank_type":"GDB_CREDIT","cash_fee":"6000","fee_type":"CNY","is_subscribe":"Y","mch_id":"1268067601","nonce_str":"c2d2dGXJQgY2N1S4","openid":"ouN6_s0VwGkPe-ccx1_rB26-r59U","out_trade_no":"126806760120151015210306","result_code":"SUCCESS","return_code":"SUCCESS","return_msg":"OK","sign":"11D5A37D242FCBC0594A681BB4C0B071","time_end":"20151015210329","total_fee":"6000","trade_state":"SUCCESS","trade_type":"JSAPI","transaction_id":"1009880869201510151210328350"}
[2015-10-15 21:03:30][debug] call back test:订单查询成功
[2015-10-15 21:03:30][debug] call back test:未入库
[2015-10-15 21:03:30][debug] call back test sql:UPDATE pa_marathon SET ispay =1,transaction_id="1009880869201510151210328350",out_trade_no="126806760120151015210306" WHERE openid ="ouN6_s0VwGkPe-ccx1_rB26-r59U"
[2015-10-15 21:03:30][debug] call back test:入库成功
[2015-10-15 21:04:33][debug] begin notify
[2015-10-15 21:04:33][debug] call back test:{"appid":"wx161f19ac48b1f2f3","attach":"\u9a6c\u62c9\u677e\u62a5\u540d","bank_type":"CFT","cash_fee":"4000","fee_type":"CNY","is_subscribe":"N","mch_id":"1268067601","nonce_str":"1jh7dl0nk2iyw3kumhte5bhbaegdpf73","openid":"ouN6_s2OTJ4bu3n2R5haFzg0-L3A","out_trade_no":"126806760120151015210417","result_code":"SUCCESS","return_code":"SUCCESS","sign":"D6D7B1FEAD0F0AF4751C696099012282","time_end":"20151015210433","total_fee":"4000","trade_type":"JSAPI","transaction_id":"1007310869201510151210343333"}
[2015-10-15 21:04:34][debug] query:{"appid":"wx161f19ac48b1f2f3","attach":"\u9a6c\u62c9\u677e\u62a5\u540d","bank_type":"CFT","cash_fee":"4000","fee_type":"CNY","is_subscribe":"N","mch_id":"1268067601","nonce_str":"N4fmRTjRbfTll8Gh","openid":"ouN6_s2OTJ4bu3n2R5haFzg0-L3A","out_trade_no":"126806760120151015210417","result_code":"SUCCESS","return_code":"SUCCESS","return_msg":"OK","sign":"285C82AE3FDD049303CF52CAA3248D9C","time_end":"20151015210433","total_fee":"4000","trade_state":"SUCCESS","trade_type":"JSAPI","transaction_id":"1007310869201510151210343333"}
[2015-10-15 21:04:34][debug] call back test:订单查询成功
[2015-10-15 21:04:34][debug] call back test:未入库
[2015-10-15 21:04:34][debug] call back test sql:UPDATE pa_marathon SET ispay =1,transaction_id="1007310869201510151210343333",out_trade_no="126806760120151015210417" WHERE openid ="ouN6_s2OTJ4bu3n2R5haFzg0-L3A"
[2015-10-15 21:04:34][debug] call back test:入库成功
[2015-10-15 21:08:07][debug] begin notify
[2015-10-15 21:08:07][debug] call back test:{"appid":"wx161f19ac48b1f2f3","attach":"\u9a6c\u62c9\u677e\u62a5\u540d","bank_type":"ICBC_DEBIT","cash_fee":"6000","fee_type":"CNY","is_subscribe":"Y","mch_id":"1268067601","nonce_str":"gbacixcj962rnxek6ynok26hupty5qmn","openid":"ouN6_s_TLa6Y6PNidwquL3O9ZnA0","out_trade_no":"126806760120151015210651","result_code":"SUCCESS","return_code":"SUCCESS","sign":"305A8FF4FAF10B854137AEF5FB2E4B94","time_end":"20151015210807","total_fee":"6000","trade_type":"JSAPI","transaction_id":"1008820869201510151210409819"}
[2015-10-15 21:08:07][debug] query:{"appid":"wx161f19ac48b1f2f3","attach":"\u9a6c\u62c9\u677e\u62a5\u540d","bank_type":"ICBC_DEBIT","cash_fee":"6000","fee_type":"CNY","is_subscribe":"Y","mch_id":"1268067601","nonce_str":"bneqSIgpyWZX2WfD","openid":"ouN6_s_TLa6Y6PNidwquL3O9ZnA0","out_trade_no":"126806760120151015210651","result_code":"SUCCESS","return_code":"SUCCESS","return_msg":"OK","sign":"D73F192279C9A0A1E920E9D1F6CCAEFD","time_end":"20151015210806","total_fee":"6000","trade_state":"SUCCESS","trade_type":"JSAPI","transaction_id":"1008820869201510151210409819"}
[2015-10-15 21:08:07][debug] call back test:订单查询成功
[2015-10-15 21:08:07][debug] call back test:未入库
[2015-10-15 21:08:07][debug] call back test sql:UPDATE pa_marathon SET ispay =1,transaction_id="1008820869201510151210409819",out_trade_no="126806760120151015210651" WHERE openid ="ouN6_s_TLa6Y6PNidwquL3O9ZnA0"
[2015-10-15 21:08:07][debug] call back test:入库成功
[2015-10-15 23:49:28][debug] begin notify
[2015-10-15 23:49:28][debug] call back test:{"appid":"wx161f19ac48b1f2f3","attach":"\u9a6c\u62c9\u677e\u62a5\u540d","bank_type":"ICBC_DEBIT","cash_fee":"6000","fee_type":"CNY","is_subscribe":"Y","mch_id":"1268067601","nonce_str":"9xkuhajau205b5h2zb6c0zuytg28qjxj","openid":"ouN6_s0t1_3_g5SG_s1tKCsGuzAc","out_trade_no":"126806760120151015234840","result_code":"SUCCESS","return_code":"SUCCESS","sign":"F91B1AA2F8400950CECE54C2727482BC","time_end":"20151015234927","total_fee":"6000","trade_type":"JSAPI","transaction_id":"1008520869201510151211981133"}
[2015-10-15 23:49:28][debug] query:{"appid":"wx161f19ac48b1f2f3","attach":"\u9a6c\u62c9\u677e\u62a5\u540d","bank_type":"ICBC_DEBIT","cash_fee":"6000","fee_type":"CNY","is_subscribe":"Y","mch_id":"1268067601","nonce_str":"50cDXC6xORHfXMrN","openid":"ouN6_s0t1_3_g5SG_s1tKCsGuzAc","out_trade_no":"126806760120151015234840","result_code":"SUCCESS","return_code":"SUCCESS","return_msg":"OK","sign":"3ACD26D4CEA398BF2BC4174D3B337DA2","time_end":"20151015234924","total_fee":"6000","trade_state":"SUCCESS","trade_type":"JSAPI","transaction_id":"1008520869201510151211981133"}
[2015-10-15 23:49:28][debug] call back test:订单查询成功
[2015-10-15 23:49:28][debug] call back test:未入库
[2015-10-15 23:49:28][debug] call back test sql:UPDATE pa_marathon SET ispay =1,transaction_id="1008520869201510151211981133",out_trade_no="126806760120151015234840" WHERE openid ="ouN6_s0t1_3_g5SG_s1tKCsGuzAc"
[2015-10-15 23:49:28][debug] call back test:入库成功
