[2015-10-24 07:25:55][debug] begin notify
[2015-10-24 07:25:55][debug] call back test:{"appid":"wx161f19ac48b1f2f3","attach":"\u9a6c\u62c9\u677e\u62a5\u540d","bank_type":"CCB_DEBIT","cash_fee":"4000","fee_type":"CNY","is_subscribe":"N","mch_id":"1268067601","nonce_str":"h69utp2esv1rpprt2an5lyqru7q418yg","openid":"ouN6_s2VzQCf5bFyBelJRU7bFUO4","out_trade_no":"126806760120151024072345","result_code":"SUCCESS","return_code":"SUCCESS","sign":"9D3B113EFC9DCF6A97FDFAEB1C28B04A","time_end":"20151024072555","total_fee":"4000","trade_type":"JSAPI","transaction_id":"1003870869201510241310056359"}
[2015-10-24 07:25:59][debug] query:{"appid":"wx161f19ac48b1f2f3","attach":"\u9a6c\u62c9\u677e\u62a5\u540d","bank_type":"CCB_DEBIT","cash_fee":"4000","fee_type":"CNY","is_subscribe":"N","mch_id":"1268067601","nonce_str":"RUrY5QQ2voayZp2o","openid":"ouN6_s2VzQCf5bFyBelJRU7bFUO4","out_trade_no":"126806760120151024072345","result_code":"SUCCESS","return_code":"SUCCESS","return_msg":"OK","sign":"2CFD1D3604966762BD34EF8154A701CC","time_end":"20151024072538","total_fee":"4000","trade_state":"SUCCESS","trade_type":"JSAPI","transaction_id":"1003870869201510241310056359"}
[2015-10-24 07:25:59][debug] call back test:订单查询成功
[2015-10-24 07:25:59][debug] call back test:未入库
[2015-10-24 07:25:59][debug] call back test sql:UPDATE pa_marathon SET ispay =1,transaction_id="1003870869201510241310056359",out_trade_no="126806760120151024072345" WHERE openid ="ouN6_s2VzQCf5bFyBelJRU7bFUO4"
[2015-10-24 07:25:59][debug] call back test:入库成功
[2015-10-24 07:26:11][debug] begin notify
[2015-10-24 07:26:11][debug] call back test:{"appid":"wx161f19ac48b1f2f3","attach":"\u9a6c\u62c9\u677e\u62a5\u540d","bank_type":"CCB_DEBIT","cash_fee":"4000","fee_type":"CNY","is_subscribe":"N","mch_id":"1268067601","nonce_str":"h69utp2esv1rpprt2an5lyqru7q418yg","openid":"ouN6_s2VzQCf5bFyBelJRU7bFUO4","out_trade_no":"126806760120151024072345","result_code":"SUCCESS","return_code":"SUCCESS","sign":"9D3B113EFC9DCF6A97FDFAEB1C28B04A","time_end":"20151024072555","total_fee":"4000","trade_type":"JSAPI","transaction_id":"1003870869201510241310056359"}
[2015-10-24 07:26:12][debug] query:{"appid":"wx161f19ac48b1f2f3","attach":"\u9a6c\u62c9\u677e\u62a5\u540d","bank_type":"CCB_DEBIT","cash_fee":"4000","fee_type":"CNY","is_subscribe":"N","mch_id":"1268067601","nonce_str":"TLiYkChwOc5tPBWk","openid":"ouN6_s2VzQCf5bFyBelJRU7bFUO4","out_trade_no":"126806760120151024072345","result_code":"SUCCESS","return_code":"SUCCESS","return_msg":"OK","sign":"F3BED1820B6AF2F57F7D6D4863B77347","time_end":"20151024072538","total_fee":"4000","trade_state":"SUCCESS","trade_type":"JSAPI","transaction_id":"1003870869201510241310056359"}
[2015-10-24 07:26:12][debug] call back test:订单查询成功
[2015-10-24 07:26:12][debug] call back test:已入库
[2015-10-24 07:43:49][debug] begin notify
[2015-10-24 07:43:49][debug] call back test:{"appid":"wx161f19ac48b1f2f3","attach":"\u9a6c\u62c9\u677e\u62a5\u540d","bank_type":"CFT","cash_fee":"4000","fee_type":"CNY","is_subscribe":"Y","mch_id":"1268067601","nonce_str":"bomcq8z6twr43mrko68dq4nehjmdtv8w","openid":"ouN6_sxlWgb36XP2BeAJLyHHsIFs","out_trade_no":"126806760120151024074325","result_code":"SUCCESS","return_code":"SUCCESS","sign":"E3A17875FE905EA08C7F7A91C5C4BD63","time_end":"20151024074347","total_fee":"4000","trade_type":"JSAPI","transaction_id":"1002160869201510241310149421"}
[2015-10-24 07:43:50][debug] query:{"appid":"wx161f19ac48b1f2f3","attach":"\u9a6c\u62c9\u677e\u62a5\u540d","bank_type":"CFT","cash_fee":"4000","fee_type":"CNY","is_subscribe":"Y","mch_id":"1268067601","nonce_str":"SwzT9Iq8lXPI764e","openid":"ouN6_sxlWgb36XP2BeAJLyHHsIFs","out_trade_no":"126806760120151024074325","result_code":"SUCCESS","return_code":"SUCCESS","return_msg":"OK","sign":"DE65D7814DA87141A025051BC2CC1BA0","time_end":"20151024074346","total_fee":"4000","trade_state":"SUCCESS","trade_type":"JSAPI","transaction_id":"1002160869201510241310149421"}
[2015-10-24 07:43:50][debug] call back test:订单查询成功
[2015-10-24 07:43:50][debug] call back test:未入库
[2015-10-24 07:43:50][debug] call back test sql:UPDATE pa_marathon SET ispay =1,transaction_id="1002160869201510241310149421",out_trade_no="126806760120151024074325" WHERE openid ="ouN6_sxlWgb36XP2BeAJLyHHsIFs"
[2015-10-24 07:43:50][debug] call back test:入库成功
[2015-10-24 07:46:11][debug] begin notify
[2015-10-24 07:46:11][debug] call back test:{"appid":"wx161f19ac48b1f2f3","attach":"\u9a6c\u62c9\u677e\u62a5\u540d","bank_type":"ICBC_DEBIT","cash_fee":"4000","fee_type":"CNY","is_subscribe":"Y","mch_id":"1268067601","nonce_str":"aeq0ka9e5nsfoacdt5ul97bzyrhlwe13","openid":"ouN6_s2exkQc3zgecLh-FCB1uZy8","out_trade_no":"126806760120151024074541","result_code":"SUCCESS","return_code":"SUCCESS","sign":"2535F732A0B2CC0386300F4F2F19468D","time_end":"20151024074610","total_fee":"4000","trade_type":"JSAPI","transaction_id":"1002080869201510241310150096"}
[2015-10-24 07:46:12][debug] query:{"appid":"wx161f19ac48b1f2f3","attach":"\u9a6c\u62c9\u677e\u62a5\u540d","bank_type":"ICBC_DEBIT","cash_fee":"4000","fee_type":"CNY","is_subscribe":"Y","mch_id":"1268067601","nonce_str":"0NhEMrsyVuqujNut","openid":"ouN6_s2exkQc3zgecLh-FCB1uZy8","out_trade_no":"126806760120151024074541","result_code":"SUCCESS","return_code":"SUCCESS","return_msg":"OK","sign":"4AC3795D986445C823BD6F7E7D64BB9C","time_end":"20151024074609","total_fee":"4000","trade_state":"SUCCESS","trade_type":"JSAPI","transaction_id":"1002080869201510241310150096"}
[2015-10-24 07:46:12][debug] call back test:订单查询成功
[2015-10-24 07:46:12][debug] call back test:未入库
[2015-10-24 07:46:12][debug] call back test sql:UPDATE pa_marathon SET ispay =1,transaction_id="1002080869201510241310150096",out_trade_no="126806760120151024074541" WHERE openid ="ouN6_s2exkQc3zgecLh-FCB1uZy8"
[2015-10-24 07:46:12][debug] call back test:入库成功
[2015-10-24 07:46:24][debug] begin notify
[2015-10-24 07:46:24][debug] call back test:{"appid":"wx161f19ac48b1f2f3","attach":"\u9a6c\u62c9\u677e\u62a5\u540d","bank_type":"CMB_DEBIT","cash_fee":"4000","fee_type":"CNY","is_subscribe":"Y","mch_id":"1268067601","nonce_str":"qixtbmcjoitaplupumaagwe0ydxtvkif","openid":"ouN6_s7mVdMDAgL51ZpdGyKErayE","out_trade_no":"126806760120151024074612","result_code":"SUCCESS","return_code":"SUCCESS","sign":"4B588F5CE2070B222A5398EEA296E9CC","time_end":"20151024074624","total_fee":"4000","trade_type":"JSAPI","transaction_id":"1000700869201510241310158044"}
[2015-10-24 07:46:25][debug] query:{"appid":"wx161f19ac48b1f2f3","attach":"\u9a6c\u62c9\u677e\u62a5\u540d","bank_type":"CMB_DEBIT","cash_fee":"4000","fee_type":"CNY","is_subscribe":"Y","mch_id":"1268067601","nonce_str":"RQQElYjAqtnaJJgi","openid":"ouN6_s7mVdMDAgL51ZpdGyKErayE","out_trade_no":"126806760120151024074612","result_code":"SUCCESS","return_code":"SUCCESS","return_msg":"OK","sign":"F5DDCB2B7D0D15D1361DCFB00A4E1697","time_end":"20151024074623","total_fee":"4000","trade_state":"SUCCESS","trade_type":"JSAPI","transaction_id":"1000700869201510241310158044"}
[2015-10-24 07:46:25][debug] call back test:订单查询成功
[2015-10-24 07:46:25][debug] call back test:未入库
[2015-10-24 07:46:25][debug] call back test sql:UPDATE pa_marathon SET ispay =1,transaction_id="1000700869201510241310158044",out_trade_no="126806760120151024074612" WHERE openid ="ouN6_s7mVdMDAgL51ZpdGyKErayE"
[2015-10-24 07:46:25][debug] call back test:入库成功
[2015-10-24 08:22:09][debug] begin notify
[2015-10-24 08:22:09][debug] call back test:{"appid":"wx161f19ac48b1f2f3","attach":"\u9a6c\u62c9\u677e\u62a5\u540d","bank_type":"CFT","cash_fee":"6000","fee_type":"CNY","is_subscribe":"N","mch_id":"1268067601","nonce_str":"7spt8o8b0ibyqa4vi9bvfcbf19z6br44","openid":"ouN6_s4jvMWMHOENFCoyTTj4Yv3g","out_trade_no":"126806760120151024082046","result_code":"SUCCESS","return_code":"SUCCESS","sign":"FEA9131F735C54A829EC0259CE15F228","time_end":"20151024082207","total_fee":"6000","trade_type":"JSAPI","transaction_id":"1002280869201510241310322961"}
[2015-10-24 08:22:09][debug] query:{"appid":"wx161f19ac48b1f2f3","attach":"\u9a6c\u62c9\u677e\u62a5\u540d","bank_type":"CFT","cash_fee":"6000","fee_type":"CNY","is_subscribe":"N","mch_id":"1268067601","nonce_str":"Ky5hMyGwqD0LPUld","openid":"ouN6_s4jvMWMHOENFCoyTTj4Yv3g","out_trade_no":"126806760120151024082046","result_code":"SUCCESS","return_code":"SUCCESS","return_msg":"OK","sign":"AD0515C6923E3E74BBA5C28A236DAD7C","time_end":"20151024082206","total_fee":"6000","trade_state":"SUCCESS","trade_type":"JSAPI","transaction_id":"1002280869201510241310322961"}
[2015-10-24 08:22:09][debug] call back test:订单查询成功
[2015-10-24 08:22:09][debug] call back test:未入库
[2015-10-24 08:22:09][debug] call back test sql:UPDATE pa_marathon SET ispay =1,transaction_id="1002280869201510241310322961",out_trade_no="126806760120151024082046" WHERE openid ="ouN6_s4jvMWMHOENFCoyTTj4Yv3g"
[2015-10-24 08:22:09][debug] call back test:入库成功
[2015-10-24 08:30:15][debug] begin notify
[2015-10-24 08:30:15][debug] call back test:{"appid":"wx161f19ac48b1f2f3","attach":"\u9a6c\u62c9\u677e\u62a5\u540d","bank_type":"CMB_DEBIT","cash_fee":"6000","fee_type":"CNY","is_subscribe":"N","mch_id":"1268067601","nonce_str":"f778dnyg3xrh5mzoqry88trznjxcshcx","openid":"ouN6_s6D9_BlAPqbMzuNZziKvNBQ","out_trade_no":"126806760120151024082556","result_code":"SUCCESS","return_code":"SUCCESS","sign":"369CBA2A0F69C24C0459751A484A2899","time_end":"20151024083014","total_fee":"6000","trade_type":"JSAPI","transaction_id":"1001670869201510241310371954"}
[2015-10-24 08:30:18][debug] query:{"appid":"wx161f19ac48b1f2f3","attach":"\u9a6c\u62c9\u677e\u62a5\u540d","bank_type":"CMB_DEBIT","cash_fee":"6000","fee_type":"CNY","is_subscribe":"Y","mch_id":"1268067601","nonce_str":"uoSshn2BrKbNw8Bj","openid":"ouN6_s6D9_BlAPqbMzuNZziKvNBQ","out_trade_no":"126806760120151024082556","result_code":"SUCCESS","return_code":"SUCCESS","return_msg":"OK","sign":"C353E273E014D94D8F46BF840711D44B","time_end":"20151024083013","total_fee":"6000","trade_state":"SUCCESS","trade_type":"JSAPI","transaction_id":"1001670869201510241310371954"}
[2015-10-24 08:30:18][debug] call back test:订单查询成功
[2015-10-24 08:30:18][debug] call back test:未入库
[2015-10-24 08:30:18][debug] call back test sql:UPDATE pa_marathon SET ispay =1,transaction_id="1001670869201510241310371954",out_trade_no="126806760120151024082556" WHERE openid ="ouN6_s6D9_BlAPqbMzuNZziKvNBQ"
[2015-10-24 08:30:18][debug] call back test:入库成功
[2015-10-24 08:30:27][debug] begin notify
[2015-10-24 08:30:27][debug] call back test:{"appid":"wx161f19ac48b1f2f3","attach":"\u9a6c\u62c9\u677e\u62a5\u540d","bank_type":"CMB_DEBIT","cash_fee":"6000","fee_type":"CNY","is_subscribe":"N","mch_id":"1268067601","nonce_str":"f778dnyg3xrh5mzoqry88trznjxcshcx","openid":"ouN6_s6D9_BlAPqbMzuNZziKvNBQ","out_trade_no":"126806760120151024082556","result_code":"SUCCESS","return_code":"SUCCESS","sign":"369CBA2A0F69C24C0459751A484A2899","time_end":"20151024083014","total_fee":"6000","trade_type":"JSAPI","transaction_id":"1001670869201510241310371954"}
[2015-10-24 08:30:27][debug] query:{"appid":"wx161f19ac48b1f2f3","attach":"\u9a6c\u62c9\u677e\u62a5\u540d","bank_type":"CMB_DEBIT","cash_fee":"6000","fee_type":"CNY","is_subscribe":"Y","mch_id":"1268067601","nonce_str":"VRBvZenEDaN1tz3s","openid":"ouN6_s6D9_BlAPqbMzuNZziKvNBQ","out_trade_no":"126806760120151024082556","result_code":"SUCCESS","return_code":"SUCCESS","return_msg":"OK","sign":"62544CF77A1A24100D3A9C0BD69D0076","time_end":"20151024083013","total_fee":"6000","trade_state":"SUCCESS","trade_type":"JSAPI","transaction_id":"1001670869201510241310371954"}
[2015-10-24 08:30:27][debug] call back test:订单查询成功
[2015-10-24 08:30:27][debug] call back test:已入库
[2015-10-24 08:33:50][debug] begin notify
[2015-10-24 08:33:50][debug] call back test:{"appid":"wx161f19ac48b1f2f3","attach":"\u9a6c\u62c9\u677e\u62a5\u540d","bank_type":"ABC_DEBIT","cash_fee":"4000","fee_type":"CNY","is_subscribe":"Y","mch_id":"1268067601","nonce_str":"aqyhzeup3sd8v9tnjbirklhu5egpat15","openid":"ouN6_s4jLiIYfLXsnbf15cBZ4kAY","out_trade_no":"126806760120151024083335","result_code":"SUCCESS","return_code":"SUCCESS","sign":"33724FC833D013FBB413DAD9B3AD960B","time_end":"20151024083350","total_fee":"4000","trade_type":"JSAPI","transaction_id":"1003320869201510241310402314"}
[2015-10-24 08:33:51][debug] query:{"appid":"wx161f19ac48b1f2f3","attach":"\u9a6c\u62c9\u677e\u62a5\u540d","bank_type":"ABC_DEBIT","cash_fee":"4000","fee_type":"CNY","is_subscribe":"Y","mch_id":"1268067601","nonce_str":"yhtUx1lOTqbBchf8","openid":"ouN6_s4jLiIYfLXsnbf15cBZ4kAY","out_trade_no":"126806760120151024083335","result_code":"SUCCESS","return_code":"SUCCESS","return_msg":"OK","sign":"54AB71DBC32676689CC6450083D261FC","time_end":"20151024083349","total_fee":"4000","trade_state":"SUCCESS","trade_type":"JSAPI","transaction_id":"1003320869201510241310402314"}
[2015-10-24 08:33:51][debug] call back test:订单查询成功
[2015-10-24 08:33:51][debug] call back test:未入库
[2015-10-24 08:33:51][debug] call back test sql:UPDATE pa_marathon SET ispay =1,transaction_id="1003320869201510241310402314",out_trade_no="126806760120151024083335" WHERE openid ="ouN6_s4jLiIYfLXsnbf15cBZ4kAY"
[2015-10-24 08:33:51][debug] call back test:入库成功
[2015-10-24 08:35:48][debug] begin notify
[2015-10-24 08:35:48][debug] call back test:{"appid":"wx161f19ac48b1f2f3","attach":"\u9a6c\u62c9\u677e\u62a5\u540d","bank_type":"HZB_DEBIT","cash_fee":"4000","fee_type":"CNY","is_subscribe":"N","mch_id":"1268067601","nonce_str":"cg7f6lq629kvi0x0gg56h2uyr90pinu2","openid":"ouN6_s5YYSlSHcZUX0s1EM0kkH2o","out_trade_no":"126806760120151024083528","result_code":"SUCCESS","return_code":"SUCCESS","sign":"3610EF280D1ECB5CC70DD876657D4DEE","time_end":"20151024083548","total_fee":"4000","trade_type":"JSAPI","transaction_id":"1008370869201510241310420047"}
[2015-10-24 08:35:48][debug] query:{"appid":"wx161f19ac48b1f2f3","attach":"\u9a6c\u62c9\u677e\u62a5\u540d","bank_type":"HZB_DEBIT","cash_fee":"4000","fee_type":"CNY","is_subscribe":"N","mch_id":"1268067601","nonce_str":"NCFpBQ1anc3lH1Vy","openid":"ouN6_s5YYSlSHcZUX0s1EM0kkH2o","out_trade_no":"126806760120151024083528","result_code":"SUCCESS","return_code":"SUCCESS","return_msg":"OK","sign":"354E9B88A40ECA173CB7DCDB3DB5386E","time_end":"20151024083546","total_fee":"4000","trade_state":"SUCCESS","trade_type":"JSAPI","transaction_id":"1008370869201510241310420047"}
[2015-10-24 08:35:48][debug] call back test:订单查询成功
[2015-10-24 08:35:48][debug] call back test:未入库
[2015-10-24 08:35:48][debug] call back test sql:UPDATE pa_marathon SET ispay =1,transaction_id="1008370869201510241310420047",out_trade_no="126806760120151024083528" WHERE openid ="ouN6_s5YYSlSHcZUX0s1EM0kkH2o"
[2015-10-24 08:35:48][debug] call back test:入库成功
[2015-10-24 08:36:50][debug] begin notify
[2015-10-24 08:36:50][debug] call back test:{"appid":"wx161f19ac48b1f2f3","attach":"\u9a6c\u62c9\u677e\u62a5\u540d","bank_type":"CFT","cash_fee":"4000","fee_type":"CNY","is_subscribe":"Y","mch_id":"1268067601","nonce_str":"2jotp2et26id85h33yd3ig0dnwgr87m4","openid":"ouN6_s8qyyYjQ_YZUeHuG8G5zUiU","out_trade_no":"126806760120151024083631","result_code":"SUCCESS","return_code":"SUCCESS","sign":"A345D2234C125FED93672D6520AB9B45","time_end":"20151024083649","total_fee":"4000","trade_type":"JSAPI","transaction_id":"1004480869201510241310410381"}
[2015-10-24 08:36:50][debug] query:{"appid":"wx161f19ac48b1f2f3","attach":"\u9a6c\u62c9\u677e\u62a5\u540d","bank_type":"CFT","cash_fee":"4000","fee_type":"CNY","is_subscribe":"Y","mch_id":"1268067601","nonce_str":"y8q3O4jsRdhkXe2R","openid":"ouN6_s8qyyYjQ_YZUeHuG8G5zUiU","out_trade_no":"126806760120151024083631","result_code":"SUCCESS","return_code":"SUCCESS","return_msg":"OK","sign":"35AA59115EEAB91FA8EC2EBA7F20D2BC","time_end":"20151024083649","total_fee":"4000","trade_state":"SUCCESS","trade_type":"JSAPI","transaction_id":"1004480869201510241310410381"}
[2015-10-24 08:36:50][debug] call back test:订单查询成功
[2015-10-24 08:36:50][debug] call back test:未入库
[2015-10-24 08:36:50][debug] call back test sql:UPDATE pa_marathon SET ispay =1,transaction_id="1004480869201510241310410381",out_trade_no="126806760120151024083631" WHERE openid ="ouN6_s8qyyYjQ_YZUeHuG8G5zUiU"
[2015-10-24 08:36:50][debug] call back test:入库成功
[2015-10-24 08:38:29][debug] begin notify
[2015-10-24 08:38:29][debug] call back test:{"appid":"wx161f19ac48b1f2f3","attach":"\u9a6c\u62c9\u677e\u62a5\u540d","bank_type":"CFT","cash_fee":"4000","fee_type":"CNY","is_subscribe":"N","mch_id":"1268067601","nonce_str":"tajtyb4j1qoaz3hyy1tqb5fekpv81plt","openid":"ouN6_s4WUs-ZxmVSeU7FOkNr9zt4","out_trade_no":"126806760120151024083811","result_code":"SUCCESS","return_code":"SUCCESS","sign":"F550D0AE656ED70EB608378A1977092F","time_end":"20151024083828","total_fee":"4000","trade_type":"JSAPI","transaction_id":"1006930869201510241310440454"}
[2015-10-24 08:38:29][debug] query:{"appid":"wx161f19ac48b1f2f3","attach":"\u9a6c\u62c9\u677e\u62a5\u540d","bank_type":"CFT","cash_fee":"4000","fee_type":"CNY","is_subscribe":"N","mch_id":"1268067601","nonce_str":"oWKcaELLEgaUxm2h","openid":"ouN6_s4WUs-ZxmVSeU7FOkNr9zt4","out_trade_no":"126806760120151024083811","result_code":"SUCCESS","return_code":"SUCCESS","return_msg":"OK","sign":"901CFC275C55809507E47939A8D7A048","time_end":"20151024083828","total_fee":"4000","trade_state":"SUCCESS","trade_type":"JSAPI","transaction_id":"1006930869201510241310440454"}
[2015-10-24 08:38:29][debug] call back test:订单查询成功
[2015-10-24 08:38:29][debug] call back test:未入库
[2015-10-24 08:38:29][debug] call back test sql:UPDATE pa_marathon SET ispay =1,transaction_id="1006930869201510241310440454",out_trade_no="126806760120151024083811" WHERE openid ="ouN6_s4WUs-ZxmVSeU7FOkNr9zt4"
[2015-10-24 08:38:29][debug] call back test:入库成功
[2015-10-24 08:39:36][debug] begin notify
[2015-10-24 08:39:36][debug] call back test:{"appid":"wx161f19ac48b1f2f3","attach":"\u9a6c\u62c9\u677e\u62a5\u540d","bank_type":"ABC_DEBIT","cash_fee":"6000","fee_type":"CNY","is_subscribe":"N","mch_id":"1268067601","nonce_str":"2ugf2aqw7na8qieg3tvkr3lngfh70a6s","openid":"ouN6_s4Z58mZQTwCwWbiSsr-Ido0","out_trade_no":"126806760120151024083848","result_code":"SUCCESS","return_code":"SUCCESS","sign":"115A9F8812597C0733CA1BCB8925865A","time_end":"20151024083935","total_fee":"6000","trade_type":"JSAPI","transaction_id":"1008490869201510241310438479"}
[2015-10-24 08:39:36][debug] query:{"appid":"wx161f19ac48b1f2f3","attach":"\u9a6c\u62c9\u677e\u62a5\u540d","bank_type":"ABC_DEBIT","cash_fee":"6000","fee_type":"CNY","is_subscribe":"N","mch_id":"1268067601","nonce_str":"HJH2fa44xcys4gcX","openid":"ouN6_s4Z58mZQTwCwWbiSsr-Ido0","out_trade_no":"126806760120151024083848","result_code":"SUCCESS","return_code":"SUCCESS","return_msg":"OK","sign":"A0C76459537A962317183A6D9059A114","time_end":"20151024083935","total_fee":"6000","trade_state":"SUCCESS","trade_type":"JSAPI","transaction_id":"1008490869201510241310438479"}
[2015-10-24 08:39:36][debug] call back test:订单查询成功
[2015-10-24 08:39:36][debug] call back test:未入库
[2015-10-24 08:39:36][debug] call back test sql:UPDATE pa_marathon SET ispay =1,transaction_id="1008490869201510241310438479",out_trade_no="126806760120151024083848" WHERE openid ="ouN6_s4Z58mZQTwCwWbiSsr-Ido0"
[2015-10-24 08:39:36][debug] call back test:入库成功
[2015-10-24 08:44:38][debug] begin notify
[2015-10-24 08:44:38][debug] call back test:{"appid":"wx161f19ac48b1f2f3","attach":"\u9a6c\u62c9\u677e\u62a5\u540d","bank_type":"ABC_DEBIT","cash_fee":"6000","fee_type":"CNY","is_subscribe":"N","mch_id":"1268067601","nonce_str":"otde3rdhltwizrpe1jz0i07kxh5mthh6","openid":"ouN6_s4Z58mZQTwCwWbiSsr-Ido0","out_trade_no":"126806760120151024084428","result_code":"SUCCESS","return_code":"SUCCESS","sign":"E99D83DE7CFA97080F2268B620520079","time_end":"20151024084438","total_fee":"6000","trade_type":"JSAPI","transaction_id":"1008490869201510241310474044"}
[2015-10-24 08:44:38][debug] query:{"appid":"wx161f19ac48b1f2f3","attach":"\u9a6c\u62c9\u677e\u62a5\u540d","bank_type":"ABC_DEBIT","cash_fee":"6000","fee_type":"CNY","is_subscribe":"N","mch_id":"1268067601","nonce_str":"TNCtX0elYgSU6nBl","openid":"ouN6_s4Z58mZQTwCwWbiSsr-Ido0","out_trade_no":"126806760120151024084428","result_code":"SUCCESS","return_code":"SUCCESS","return_msg":"OK","sign":"8DB348A2DCCEE423FF26230B32FB97F7","time_end":"20151024084437","total_fee":"6000","trade_state":"SUCCESS","trade_type":"JSAPI","transaction_id":"1008490869201510241310474044"}
[2015-10-24 08:44:38][debug] call back test:订单查询成功
[2015-10-24 08:44:38][debug] call back test:未入库
[2015-10-24 08:44:38][debug] call back test sql:UPDATE pa_marathon SET ispay =1,transaction_id="1008490869201510241310474044",out_trade_no="126806760120151024084428" WHERE openid ="ouN6_s4Z58mZQTwCwWbiSsr-Ido0"
[2015-10-24 08:44:38][debug] call back test:入库成功
[2015-10-24 08:49:04][debug] begin notify
[2015-10-24 08:49:04][debug] call back test:{"appid":"wx161f19ac48b1f2f3","attach":"\u9a6c\u62c9\u677e\u62a5\u540d","bank_type":"CFT","cash_fee":"6000","fee_type":"CNY","is_subscribe":"Y","mch_id":"1268067601","nonce_str":"l20mp5ahb0sxbelss8scpm9retfhvj08","openid":"ouN6_s7YUdfOgIu6FFJADAIOfWjc","out_trade_no":"126806760120151024084853","result_code":"SUCCESS","return_code":"SUCCESS","sign":"BE85A2C700EFE8E747845438F9980FE4","time_end":"20151024084904","total_fee":"6000","trade_type":"JSAPI","transaction_id":"1002080869201510241310504866"}
[2015-10-24 08:49:05][debug] query:{"appid":"wx161f19ac48b1f2f3","attach":"\u9a6c\u62c9\u677e\u62a5\u540d","bank_type":"CFT","cash_fee":"6000","fee_type":"CNY","is_subscribe":"Y","mch_id":"1268067601","nonce_str":"xy3xW2xM5YPgUZTP","openid":"ouN6_s7YUdfOgIu6FFJADAIOfWjc","out_trade_no":"126806760120151024084853","result_code":"SUCCESS","return_code":"SUCCESS","return_msg":"OK","sign":"3A6D8848A50F282577A77E1F136AC60E","time_end":"20151024084904","total_fee":"6000","trade_state":"SUCCESS","trade_type":"JSAPI","transaction_id":"1002080869201510241310504866"}
[2015-10-24 08:49:05][debug] call back test:订单查询成功
[2015-10-24 08:49:05][debug] call back test:未入库
[2015-10-24 08:49:05][debug] call back test sql:UPDATE pa_marathon SET ispay =1,transaction_id="1002080869201510241310504866",out_trade_no="126806760120151024084853" WHERE openid ="ouN6_s7YUdfOgIu6FFJADAIOfWjc"
[2015-10-24 08:49:05][debug] call back test:入库成功
[2015-10-24 08:54:00][debug] begin notify
[2015-10-24 08:54:00][debug] call back test:{"appid":"wx161f19ac48b1f2f3","attach":"\u9a6c\u62c9\u677e\u62a5\u540d","bank_type":"CFT","cash_fee":"6000","fee_type":"CNY","is_subscribe":"Y","mch_id":"1268067601","nonce_str":"a931nf9e0wyh8k7xcrq2x0l9sut7man8","openid":"ouN6_s-GRgvAc_hscIP0AdGRSwnU","out_trade_no":"126806760120151024085348","result_code":"SUCCESS","return_code":"SUCCESS","sign":"7E4BD32BC598924027CE0D0A71982EF4","time_end":"20151024085359","total_fee":"6000","trade_type":"JSAPI","transaction_id":"1006480869201510241310524990"}
[2015-10-24 08:54:00][debug] query:{"appid":"wx161f19ac48b1f2f3","attach":"\u9a6c\u62c9\u677e\u62a5\u540d","bank_type":"CFT","cash_fee":"6000","fee_type":"CNY","is_subscribe":"Y","mch_id":"1268067601","nonce_str":"DJNSekjUXxhd45J2","openid":"ouN6_s-GRgvAc_hscIP0AdGRSwnU","out_trade_no":"126806760120151024085348","result_code":"SUCCESS","return_code":"SUCCESS","return_msg":"OK","sign":"23565A3B74F53B728D6473D5AB2E5702","time_end":"20151024085359","total_fee":"6000","trade_state":"SUCCESS","trade_type":"JSAPI","transaction_id":"1006480869201510241310524990"}
[2015-10-24 08:54:00][debug] call back test:订单查询成功
[2015-10-24 08:54:00][debug] call back test:未入库
[2015-10-24 08:54:00][debug] call back test sql:UPDATE pa_marathon SET ispay =1,transaction_id="1006480869201510241310524990",out_trade_no="126806760120151024085348" WHERE openid ="ouN6_s-GRgvAc_hscIP0AdGRSwnU"
[2015-10-24 08:54:00][debug] call back test:入库成功
[2015-10-24 08:56:56][debug] begin notify
[2015-10-24 08:56:56][debug] call back test:{"appid":"wx161f19ac48b1f2f3","attach":"\u9a6c\u62c9\u677e\u62a5\u540d","bank_type":"CFT","cash_fee":"6000","fee_type":"CNY","is_subscribe":"Y","mch_id":"1268067601","nonce_str":"711b1ibd0b0tyk21ahll23p3ei982gvc","openid":"ouN6_s-GRgvAc_hscIP0AdGRSwnU","out_trade_no":"126806760120151024085643","result_code":"SUCCESS","return_code":"SUCCESS","sign":"2242450C900FADB668B84C324D1A580E","time_end":"20151024085655","total_fee":"6000","trade_type":"JSAPI","transaction_id":"1006480869201510241310554719"}
[2015-10-24 08:56:56][debug] query:{"appid":"wx161f19ac48b1f2f3","attach":"\u9a6c\u62c9\u677e\u62a5\u540d","bank_type":"CFT","cash_fee":"6000","fee_type":"CNY","is_subscribe":"Y","mch_id":"1268067601","nonce_str":"00ufeEBM0Y5nOTp0","openid":"ouN6_s-GRgvAc_hscIP0AdGRSwnU","out_trade_no":"126806760120151024085643","result_code":"SUCCESS","return_code":"SUCCESS","return_msg":"OK","sign":"77EAACC8082D2D48DF494CAB6051571E","time_end":"20151024085654","total_fee":"6000","trade_state":"SUCCESS","trade_type":"JSAPI","transaction_id":"1006480869201510241310554719"}
[2015-10-24 08:56:56][debug] call back test:订单查询成功
[2015-10-24 08:56:56][debug] call back test:未入库
[2015-10-24 08:56:56][debug] call back test sql:UPDATE pa_marathon SET ispay =1,transaction_id="1006480869201510241310554719",out_trade_no="126806760120151024085643" WHERE openid ="ouN6_s-GRgvAc_hscIP0AdGRSwnU"
[2015-10-24 08:56:56][debug] call back test:入库成功
[2015-10-24 09:07:42][debug] begin notify
[2015-10-24 09:07:42][debug] call back test:{"appid":"wx161f19ac48b1f2f3","attach":"\u9a6c\u62c9\u677e\u62a5\u540d","bank_type":"CMB_DEBIT","cash_fee":"4000","fee_type":"CNY","is_subscribe":"Y","mch_id":"1268067601","nonce_str":"x2gxh6mfvswsnclku6pyp2cau2040xll","openid":"ouN6_s7mVdMDAgL51ZpdGyKErayE","out_trade_no":"126806760120151024090726","result_code":"SUCCESS","return_code":"SUCCESS","sign":"937328D39FA506545D2D80CF910061BF","time_end":"20151024090741","total_fee":"4000","trade_type":"JSAPI","transaction_id":"1000700869201510241310627109"}
[2015-10-24 09:07:42][debug] query:{"appid":"wx161f19ac48b1f2f3","attach":"\u9a6c\u62c9\u677e\u62a5\u540d","bank_type":"CMB_DEBIT","cash_fee":"4000","fee_type":"CNY","is_subscribe":"Y","mch_id":"1268067601","nonce_str":"BdNpvmJFBYYQihN5","openid":"ouN6_s7mVdMDAgL51ZpdGyKErayE","out_trade_no":"126806760120151024090726","result_code":"SUCCESS","return_code":"SUCCESS","return_msg":"OK","sign":"A260AF35DA74518141418BA4B042CEE7","time_end":"20151024090740","total_fee":"4000","trade_state":"SUCCESS","trade_type":"JSAPI","transaction_id":"1000700869201510241310627109"}
[2015-10-24 09:07:42][debug] call back test:订单查询成功
[2015-10-24 09:07:42][debug] call back test:未入库
[2015-10-24 09:07:42][debug] call back test sql:UPDATE pa_marathon SET ispay =1,transaction_id="1000700869201510241310627109",out_trade_no="126806760120151024090726" WHERE openid ="ouN6_s7mVdMDAgL51ZpdGyKErayE"
[2015-10-24 09:07:42][debug] call back test:入库成功
[2015-10-24 09:25:53][debug] begin notify
[2015-10-24 09:25:53][debug] call back test:{"appid":"wx161f19ac48b1f2f3","attach":"\u9a6c\u62c9\u677e\u62a5\u540d","bank_type":"CMB_DEBIT","cash_fee":"6000","fee_type":"CNY","is_subscribe":"N","mch_id":"1268067601","nonce_str":"wf6eqjsteflsc9c8460a6bwkfk6ix7hm","openid":"ouN6_s9zGuoEsgmPcAX94ih6-n58","out_trade_no":"126806760120151024092456","result_code":"SUCCESS","return_code":"SUCCESS","sign":"111C74604598067130903B1962CC10CA","time_end":"20151024092553","total_fee":"6000","trade_type":"JSAPI","transaction_id":"1004450869201510241310791227"}
[2015-10-24 09:25:57][debug] query:{"appid":"wx161f19ac48b1f2f3","attach":"\u9a6c\u62c9\u677e\u62a5\u540d","bank_type":"CMB_DEBIT","cash_fee":"6000","fee_type":"CNY","is_subscribe":"N","mch_id":"1268067601","nonce_str":"TU7v22OQpjcLySq9","openid":"ouN6_s9zGuoEsgmPcAX94ih6-n58","out_trade_no":"126806760120151024092456","result_code":"SUCCESS","return_code":"SUCCESS","return_msg":"OK","sign":"8B22A8258F9902967B3A0DF669BC2EFC","time_end":"20151024092552","total_fee":"6000","trade_state":"SUCCESS","trade_type":"JSAPI","transaction_id":"1004450869201510241310791227"}
[2015-10-24 09:25:57][debug] call back test:订单查询成功
[2015-10-24 09:25:57][debug] call back test:未入库
[2015-10-24 09:25:57][debug] call back test sql:UPDATE pa_marathon SET ispay =1,transaction_id="1004450869201510241310791227",out_trade_no="126806760120151024092456" WHERE openid ="ouN6_s9zGuoEsgmPcAX94ih6-n58"
[2015-10-24 09:25:57][debug] call back test:入库成功
[2015-10-24 09:26:06][debug] begin notify
[2015-10-24 09:26:06][debug] call back test:{"appid":"wx161f19ac48b1f2f3","attach":"\u9a6c\u62c9\u677e\u62a5\u540d","bank_type":"CMB_DEBIT","cash_fee":"6000","fee_type":"CNY","is_subscribe":"N","mch_id":"1268067601","nonce_str":"wf6eqjsteflsc9c8460a6bwkfk6ix7hm","openid":"ouN6_s9zGuoEsgmPcAX94ih6-n58","out_trade_no":"126806760120151024092456","result_code":"SUCCESS","return_code":"SUCCESS","sign":"111C74604598067130903B1962CC10CA","time_end":"20151024092553","total_fee":"6000","trade_type":"JSAPI","transaction_id":"1004450869201510241310791227"}
[2015-10-24 09:26:06][debug] query:{"appid":"wx161f19ac48b1f2f3","attach":"\u9a6c\u62c9\u677e\u62a5\u540d","bank_type":"CMB_DEBIT","cash_fee":"6000","fee_type":"CNY","is_subscribe":"Y","mch_id":"1268067601","nonce_str":"kZLabw1evcZzUAe0","openid":"ouN6_s9zGuoEsgmPcAX94ih6-n58","out_trade_no":"126806760120151024092456","result_code":"SUCCESS","return_code":"SUCCESS","return_msg":"OK","sign":"C747ADBD0B75E0B1032F6159F35CC1E8","time_end":"20151024092552","total_fee":"6000","trade_state":"SUCCESS","trade_type":"JSAPI","transaction_id":"1004450869201510241310791227"}
[2015-10-24 09:26:06][debug] call back test:订单查询成功
[2015-10-24 09:26:06][debug] call back test:已入库
[2015-10-24 09:26:37][debug] begin notify
[2015-10-24 09:26:37][debug] call back test:{"appid":"wx161f19ac48b1f2f3","attach":"\u9a6c\u62c9\u677e\u62a5\u540d","bank_type":"ICBC_DEBIT","cash_fee":"6000","fee_type":"CNY","is_subscribe":"N","mch_id":"1268067601","nonce_str":"m9pnpbkpsegje7nmkr4z3ng396k8epl6","openid":"ouN6_sxZ2MQVnnRM6g4nkJHWM-a0","out_trade_no":"126806760120151024092530","result_code":"SUCCESS","return_code":"SUCCESS","sign":"F1B4A4798AD64651C2153D456BE0CE80","time_end":"20151024092637","total_fee":"6000","trade_type":"JSAPI","transaction_id":"1010110869201510241310785733"}
[2015-10-24 09:26:38][debug] query:{"appid":"wx161f19ac48b1f2f3","attach":"\u9a6c\u62c9\u677e\u62a5\u540d","bank_type":"ICBC_DEBIT","cash_fee":"6000","fee_type":"CNY","is_subscribe":"N","mch_id":"1268067601","nonce_str":"atpUzHQeQ3N3mLAK","openid":"ouN6_sxZ2MQVnnRM6g4nkJHWM-a0","out_trade_no":"126806760120151024092530","result_code":"SUCCESS","return_code":"SUCCESS","return_msg":"OK","sign":"DB344CCC314A7CD42A8E9C7C01055956","time_end":"20151024092636","total_fee":"6000","trade_state":"SUCCESS","trade_type":"JSAPI","transaction_id":"1010110869201510241310785733"}
[2015-10-24 09:26:38][debug] call back test:订单查询成功
[2015-10-24 09:26:38][debug] call back test:未入库
[2015-10-24 09:26:38][debug] call back test sql:UPDATE pa_marathon SET ispay =1,transaction_id="1010110869201510241310785733",out_trade_no="126806760120151024092530" WHERE openid ="ouN6_sxZ2MQVnnRM6g4nkJHWM-a0"
[2015-10-24 09:26:38][debug] call back test:入库成功
[2015-10-24 09:34:25][debug] begin notify
[2015-10-24 09:34:25][debug] call back test:{"appid":"wx161f19ac48b1f2f3","attach":"\u9a6c\u62c9\u677e\u62a5\u540d","bank_type":"CFT","cash_fee":"4000","fee_type":"CNY","is_subscribe":"N","mch_id":"1268067601","nonce_str":"7tuqa0na12e44fovrrt5b13ht1qiqi9u","openid":"ouN6_s-i2X1KoHjJXz8ign_HZ0sw","out_trade_no":"126806760120151024093400","result_code":"SUCCESS","return_code":"SUCCESS","sign":"1B8917D6B1C82A8939235B965DBD3144","time_end":"20151024093424","total_fee":"4000","trade_type":"JSAPI","transaction_id":"1005720869201510241310849692"}
[2015-10-24 09:34:26][debug] query:{"appid":"wx161f19ac48b1f2f3","attach":"\u9a6c\u62c9\u677e\u62a5\u540d","bank_type":"CFT","cash_fee":"4000","fee_type":"CNY","is_subscribe":"N","mch_id":"1268067601","nonce_str":"TUG3Trr7Nbh6YyQ6","openid":"ouN6_s-i2X1KoHjJXz8ign_HZ0sw","out_trade_no":"126806760120151024093400","result_code":"SUCCESS","return_code":"SUCCESS","return_msg":"OK","sign":"572AF9289728EA0105E68029E0B4E206","time_end":"20151024093423","total_fee":"4000","trade_state":"SUCCESS","trade_type":"JSAPI","transaction_id":"1005720869201510241310849692"}
[2015-10-24 09:34:26][debug] call back test:订单查询成功
[2015-10-24 09:34:26][debug] call back test:未入库
[2015-10-24 09:34:26][debug] call back test sql:UPDATE pa_marathon SET ispay =1,transaction_id="1005720869201510241310849692",out_trade_no="126806760120151024093400" WHERE openid ="ouN6_s-i2X1KoHjJXz8ign_HZ0sw"
[2015-10-24 09:34:26][debug] call back test:入库成功
[2015-10-24 09:51:43][debug] begin notify
[2015-10-24 09:51:43][debug] call back test:{"appid":"wx161f19ac48b1f2f3","attach":"\u9a6c\u62c9\u677e\u62a5\u540d","bank_type":"CCB_DEBIT","cash_fee":"4000","fee_type":"CNY","is_subscribe":"Y","mch_id":"1268067601","nonce_str":"5tjtif8rfbteio3tmfuoz89woqbpsc5p","openid":"ouN6_s6SCdfvP7U4cJJgEJj9EHT8","out_trade_no":"126806760120151024095125","result_code":"SUCCESS","return_code":"SUCCESS","sign":"B44281601248E54CF75BC8AF0CB89853","time_end":"20151024095142","total_fee":"4000","trade_type":"JSAPI","transaction_id":"1006570869201510241311011690"}
[2015-10-24 09:51:43][debug] query:{"appid":"wx161f19ac48b1f2f3","attach":"\u9a6c\u62c9\u677e\u62a5\u540d","bank_type":"CCB_DEBIT","cash_fee":"4000","fee_type":"CNY","is_subscribe":"Y","mch_id":"1268067601","nonce_str":"RKj5GLEF8muhoGex","openid":"ouN6_s6SCdfvP7U4cJJgEJj9EHT8","out_trade_no":"126806760120151024095125","result_code":"SUCCESS","return_code":"SUCCESS","return_msg":"OK","sign":"69C4A9628BF32625240106108B5C59A1","time_end":"20151024095142","total_fee":"4000","trade_state":"SUCCESS","trade_type":"JSAPI","transaction_id":"1006570869201510241311011690"}
[2015-10-24 09:51:43][debug] call back test:订单查询成功
[2015-10-24 09:51:43][debug] call back test:未入库
[2015-10-24 09:51:43][debug] call back test sql:UPDATE pa_marathon SET ispay =1,transaction_id="1006570869201510241311011690",out_trade_no="126806760120151024095125" WHERE openid ="ouN6_s6SCdfvP7U4cJJgEJj9EHT8"
[2015-10-24 09:51:43][debug] call back test:入库成功
[2015-10-24 10:36:25][debug] begin notify
[2015-10-24 10:36:25][debug] call back test:{"appid":"wx161f19ac48b1f2f3","attach":"\u9a6c\u62c9\u677e\u62a5\u540d","bank_type":"CCB_DEBIT","cash_fee":"6000","fee_type":"CNY","is_subscribe":"Y","mch_id":"1268067601","nonce_str":"1i9xxm4opsjlenvsa7qqznzqe1gmj2rh","openid":"ouN6_syOOoBboc1C1sF6QJRXvGuw","out_trade_no":"126806760120151024103608","result_code":"SUCCESS","return_code":"SUCCESS","sign":"1ED1F31EC8E27D0D1E82C43248AA6FE8","time_end":"20151024103625","total_fee":"6000","trade_type":"JSAPI","transaction_id":"1001540869201510241311511510"}
[2015-10-24 10:36:25][debug] query:{"appid":"wx161f19ac48b1f2f3","attach":"\u9a6c\u62c9\u677e\u62a5\u540d","bank_type":"CCB_DEBIT","cash_fee":"6000","fee_type":"CNY","is_subscribe":"Y","mch_id":"1268067601","nonce_str":"DCAr1XyJisbQFTCk","openid":"ouN6_syOOoBboc1C1sF6QJRXvGuw","out_trade_no":"126806760120151024103608","result_code":"SUCCESS","return_code":"SUCCESS","return_msg":"OK","sign":"34E91364F47A9584E8616232EDE86E31","time_end":"20151024103624","total_fee":"6000","trade_state":"SUCCESS","trade_type":"JSAPI","transaction_id":"1001540869201510241311511510"}
[2015-10-24 10:36:25][debug] call back test:订单查询成功
[2015-10-24 10:36:25][debug] call back test:未入库
[2015-10-24 10:36:25][debug] call back test sql:UPDATE pa_marathon SET ispay =1,transaction_id="1001540869201510241311511510",out_trade_no="126806760120151024103608" WHERE openid ="ouN6_syOOoBboc1C1sF6QJRXvGuw"
[2015-10-24 10:36:25][debug] call back test:入库成功
[2015-10-24 10:36:56][debug] begin notify
[2015-10-24 10:36:56][debug] call back test:{"appid":"wx161f19ac48b1f2f3","attach":"\u9a6c\u62c9\u677e\u62a5\u540d","bank_type":"CFT","cash_fee":"6000","fee_type":"CNY","is_subscribe":"Y","mch_id":"1268067601","nonce_str":"zs0ysve426ljowfw01y5zssuypvcgq65","openid":"ouN6_s0LDALA7JnOEGr4QOwpaWFA","out_trade_no":"126806760120151024103628","result_code":"SUCCESS","return_code":"SUCCESS","sign":"D77B20C80E9137E64E9C1140A99DF671","time_end":"20151024103655","total_fee":"6000","trade_type":"JSAPI","transaction_id":"1009670869201510241311519264"}
[2015-10-24 10:37:10][debug] begin notify
[2015-10-24 10:37:10][debug] call back test:{"appid":"wx161f19ac48b1f2f3","attach":"\u9a6c\u62c9\u677e\u62a5\u540d","bank_type":"CFT","cash_fee":"6000","fee_type":"CNY","is_subscribe":"Y","mch_id":"1268067601","nonce_str":"zs0ysve426ljowfw01y5zssuypvcgq65","openid":"ouN6_s0LDALA7JnOEGr4QOwpaWFA","out_trade_no":"126806760120151024103628","result_code":"SUCCESS","return_code":"SUCCESS","sign":"D77B20C80E9137E64E9C1140A99DF671","time_end":"20151024103655","total_fee":"6000","trade_type":"JSAPI","transaction_id":"1009670869201510241311519264"}
[2015-10-24 10:37:10][debug] query:{"appid":"wx161f19ac48b1f2f3","attach":"\u9a6c\u62c9\u677e\u62a5\u540d","bank_type":"CFT","cash_fee":"6000","fee_type":"CNY","is_subscribe":"Y","mch_id":"1268067601","nonce_str":"TUIX2wFjvATbnBz4","openid":"ouN6_s0LDALA7JnOEGr4QOwpaWFA","out_trade_no":"126806760120151024103628","result_code":"SUCCESS","return_code":"SUCCESS","return_msg":"OK","sign":"17F9321A5E15DA7DAC7AF45C6E2434E9","time_end":"20151024103655","total_fee":"6000","trade_state":"SUCCESS","trade_type":"JSAPI","transaction_id":"1009670869201510241311519264"}
[2015-10-24 10:37:10][debug] call back test:订单查询成功
[2015-10-24 10:37:10][debug] call back test:未入库
[2015-10-24 10:37:10][debug] call back test sql:UPDATE pa_marathon SET ispay =1,transaction_id="1009670869201510241311519264",out_trade_no="126806760120151024103628" WHERE openid ="ouN6_s0LDALA7JnOEGr4QOwpaWFA"
[2015-10-24 10:37:10][debug] call back test:入库成功
[2015-10-24 10:37:20][debug] begin notify
[2015-10-24 10:37:20][debug] call back test:{"appid":"wx161f19ac48b1f2f3","attach":"\u9a6c\u62c9\u677e\u62a5\u540d","bank_type":"GDB_CREDIT","cash_fee":"4000","fee_type":"CNY","is_subscribe":"Y","mch_id":"1268067601","nonce_str":"44hth8m7khjg7o7669fsd5852l9wwhq9","openid":"ouN6_s6h-_sbk_fi5LEZpSxm6yOA","out_trade_no":"126806760120151024103650","result_code":"SUCCESS","return_code":"SUCCESS","sign":"6039A88366DE04DFFB2B8C8D626CFDC9","time_end":"20151024103720","total_fee":"4000","trade_type":"JSAPI","transaction_id":"1010200869201510241311517116"}
[2015-10-24 10:37:20][debug] query:{"appid":"wx161f19ac48b1f2f3","attach":"\u9a6c\u62c9\u677e\u62a5\u540d","bank_type":"GDB_CREDIT","cash_fee":"4000","fee_type":"CNY","is_subscribe":"Y","mch_id":"1268067601","nonce_str":"Cl1CmIoOLqZwi2qp","openid":"ouN6_s6h-_sbk_fi5LEZpSxm6yOA","out_trade_no":"126806760120151024103650","result_code":"SUCCESS","return_code":"SUCCESS","return_msg":"OK","sign":"400A5B6E8DD0ED32B1DAC12D9200BAF6","time_end":"20151024103719","total_fee":"4000","trade_state":"SUCCESS","trade_type":"JSAPI","transaction_id":"1010200869201510241311517116"}
[2015-10-24 10:37:20][debug] call back test:订单查询成功
[2015-10-24 10:37:20][debug] call back test:未入库
[2015-10-24 10:37:20][debug] call back test sql:UPDATE pa_marathon SET ispay =1,transaction_id="1010200869201510241311517116",out_trade_no="126806760120151024103650" WHERE openid ="ouN6_s6h-_sbk_fi5LEZpSxm6yOA"
[2015-10-24 10:37:20][debug] call back test:入库成功
[2015-10-24 10:46:30][debug] begin notify
[2015-10-24 10:46:30][debug] call back test:{"appid":"wx161f19ac48b1f2f3","attach":"\u9a6c\u62c9\u677e\u62a5\u540d","bank_type":"CFT","cash_fee":"4000","fee_type":"CNY","is_subscribe":"Y","mch_id":"1268067601","nonce_str":"wqx3p3ztav9dyww9yll2h0er8njglorr","openid":"ouN6_s6b2dgDx7Ofbg5284fYQ5II","out_trade_no":"126806760120151024104128","result_code":"SUCCESS","return_code":"SUCCESS","sign":"8DEFC76E9652E0DA5A2941A49E03BEFB","time_end":"20151024104224","total_fee":"4000","trade_type":"JSAPI","transaction_id":"1003830869201510241311573736"}
[2015-10-24 11:16:33][debug] begin notify
[2015-10-24 11:16:33][debug] call back test:{"appid":"wx161f19ac48b1f2f3","attach":"\u9a6c\u62c9\u677e\u62a5\u540d","bank_type":"CFT","cash_fee":"4000","fee_type":"CNY","is_subscribe":"N","mch_id":"1268067601","nonce_str":"haomsk4k5k850z3ckar1a2gyqp5o440v","openid":"ouN6_s-sriTnexAR4MZ8rA1TepEQ","out_trade_no":"126806760120151024111609","result_code":"SUCCESS","return_code":"SUCCESS","sign":"2C585F54F10C17A43C089F8C15307F02","time_end":"20151024111632","total_fee":"4000","trade_type":"JSAPI","transaction_id":"1004990869201510241312085285"}
[2015-10-24 11:16:33][debug] query:{"appid":"wx161f19ac48b1f2f3","attach":"\u9a6c\u62c9\u677e\u62a5\u540d","bank_type":"CFT","cash_fee":"4000","fee_type":"CNY","is_subscribe":"N","mch_id":"1268067601","nonce_str":"Jr1UAhPnsxsVBUG3","openid":"ouN6_s-sriTnexAR4MZ8rA1TepEQ","out_trade_no":"126806760120151024111609","result_code":"SUCCESS","return_code":"SUCCESS","return_msg":"OK","sign":"784FBD60A96D785879A5D839564F84DA","time_end":"20151024111632","total_fee":"4000","trade_state":"SUCCESS","trade_type":"JSAPI","transaction_id":"1004990869201510241312085285"}
[2015-10-24 11:16:33][debug] call back test:订单查询成功
[2015-10-24 11:16:33][debug] call back test:未入库
[2015-10-24 11:16:33][debug] call back test sql:UPDATE pa_marathon SET ispay =1,transaction_id="1004990869201510241312085285",out_trade_no="126806760120151024111609" WHERE openid ="ouN6_s-sriTnexAR4MZ8rA1TepEQ"
[2015-10-24 11:16:33][debug] call back test:入库成功
[2015-10-24 11:16:36][debug] begin notify
[2015-10-24 11:16:36][debug] call back test:{"appid":"wx161f19ac48b1f2f3","attach":"\u9a6c\u62c9\u677e\u62a5\u540d","bank_type":"CFT","cash_fee":"4000","fee_type":"CNY","is_subscribe":"Y","mch_id":"1268067601","nonce_str":"wqx3p3ztav9dyww9yll2h0er8njglorr","openid":"ouN6_s6b2dgDx7Ofbg5284fYQ5II","out_trade_no":"126806760120151024104128","result_code":"SUCCESS","return_code":"SUCCESS","sign":"8DEFC76E9652E0DA5A2941A49E03BEFB","time_end":"20151024104224","total_fee":"4000","trade_type":"JSAPI","transaction_id":"1003830869201510241311573736"}
[2015-10-24 11:16:36][debug] query:{"appid":"wx161f19ac48b1f2f3","attach":"\u9a6c\u62c9\u677e\u62a5\u540d","bank_type":"CFT","cash_fee":"4000","fee_type":"CNY","is_subscribe":"Y","mch_id":"1268067601","nonce_str":"yCRg18hv4BDPCx2a","openid":"ouN6_s6b2dgDx7Ofbg5284fYQ5II","out_trade_no":"126806760120151024104128","result_code":"SUCCESS","return_code":"SUCCESS","return_msg":"OK","sign":"B9C97E13CB123DBEEDF233EAE320C91D","time_end":"20151024104224","total_fee":"4000","trade_state":"SUCCESS","trade_type":"JSAPI","transaction_id":"1003830869201510241311573736"}
[2015-10-24 11:16:36][debug] call back test:订单查询成功
[2015-10-24 11:16:36][debug] call back test:未入库
[2015-10-24 11:16:36][debug] call back test sql:UPDATE pa_marathon SET ispay =1,transaction_id="1003830869201510241311573736",out_trade_no="126806760120151024104128" WHERE openid ="ouN6_s6b2dgDx7Ofbg5284fYQ5II"
[2015-10-24 11:16:36][debug] call back test:入库成功
[2015-10-24 11:17:07][debug] begin notify
[2015-10-24 11:17:07][debug] call back test:{"appid":"wx161f19ac48b1f2f3","attach":"\u9a6c\u62c9\u677e\u62a5\u540d","bank_type":"CFT","cash_fee":"4000","fee_type":"CNY","is_subscribe":"Y","mch_id":"1268067601","nonce_str":"wzi3j12gpn90rl7v3uo50blszejd5j4m","openid":"ouN6_s6nk3gV-mI0IDq598Xn-uPo","out_trade_no":"126806760120151024111654","result_code":"SUCCESS","return_code":"SUCCESS","sign":"43D068EF4138B0BF3CC4A799D595033F","time_end":"20151024111706","total_fee":"4000","trade_type":"JSAPI","transaction_id":"1004420869201510241312095874"}
[2015-10-24 11:17:07][debug] query:{"appid":"wx161f19ac48b1f2f3","attach":"\u9a6c\u62c9\u677e\u62a5\u540d","bank_type":"CFT","cash_fee":"4000","fee_type":"CNY","is_subscribe":"Y","mch_id":"1268067601","nonce_str":"otRAG2nWDVRHq2aQ","openid":"ouN6_s6nk3gV-mI0IDq598Xn-uPo","out_trade_no":"126806760120151024111654","result_code":"SUCCESS","return_code":"SUCCESS","return_msg":"OK","sign":"80D25C1E764B0C8FEE0A67DEB97B1D1C","time_end":"20151024111706","total_fee":"4000","trade_state":"SUCCESS","trade_type":"JSAPI","transaction_id":"1004420869201510241312095874"}
[2015-10-24 11:17:07][debug] call back test:订单查询成功
[2015-10-24 11:17:07][debug] call back test:未入库
[2015-10-24 11:17:07][debug] call back test sql:UPDATE pa_marathon SET ispay =1,transaction_id="1004420869201510241312095874",out_trade_no="126806760120151024111654" WHERE openid ="ouN6_s6nk3gV-mI0IDq598Xn-uPo"
[2015-10-24 11:17:07][debug] call back test:入库成功
[2015-10-24 11:29:02][debug] begin notify
[2015-10-24 11:29:02][debug] call back test:{"appid":"wx161f19ac48b1f2f3","attach":"\u9a6c\u62c9\u677e\u62a5\u540d","bank_type":"CMB_CREDIT","cash_fee":"4000","fee_type":"CNY","is_subscribe":"Y","mch_id":"1268067601","nonce_str":"ydmas1x7kwcem824fygqvlu2899klpab","openid":"ouN6_s9vCfgYNxAxMmpu5vgoC_uM","out_trade_no":"126806760120151024112757","result_code":"SUCCESS","return_code":"SUCCESS","sign":"F8BD2FF6F4A86B2EE2D9705544BEC14C","time_end":"20151024112902","total_fee":"4000","trade_type":"JSAPI","transaction_id":"1008260869201510241312291674"}
[2015-10-24 11:29:02][debug] query:{"appid":"wx161f19ac48b1f2f3","attach":"\u9a6c\u62c9\u677e\u62a5\u540d","bank_type":"CMB_CREDIT","cash_fee":"4000","fee_type":"CNY","is_subscribe":"Y","mch_id":"1268067601","nonce_str":"l3EcOEJYDXRSoV0b","openid":"ouN6_s9vCfgYNxAxMmpu5vgoC_uM","out_trade_no":"126806760120151024112757","result_code":"SUCCESS","return_code":"SUCCESS","return_msg":"OK","sign":"4F15ACC6D0E31852015642A3B1A1A6E3","time_end":"20151024112901","total_fee":"4000","trade_state":"SUCCESS","trade_type":"JSAPI","transaction_id":"1008260869201510241312291674"}
[2015-10-24 11:29:02][debug] call back test:订单查询成功
[2015-10-24 11:29:02][debug] call back test:未入库
[2015-10-24 11:29:02][debug] call back test sql:UPDATE pa_marathon SET ispay =1,transaction_id="1008260869201510241312291674",out_trade_no="126806760120151024112757" WHERE openid ="ouN6_s9vCfgYNxAxMmpu5vgoC_uM"
[2015-10-24 11:29:03][debug] call back test:入库成功
[2015-10-24 11:50:49][debug] begin notify
[2015-10-24 11:50:49][debug] call back test:{"appid":"wx161f19ac48b1f2f3","attach":"\u9a6c\u62c9\u677e\u62a5\u540d","bank_type":"CFT","cash_fee":"4000","fee_type":"CNY","is_subscribe":"Y","mch_id":"1268067601","nonce_str":"s7ql9wfc3vf8jxrfsiwjgn6mk3jw97z4","openid":"ouN6_s2H8zt7Y2WnuM0alMcqimU4","out_trade_no":"126806760120151024114844","result_code":"SUCCESS","return_code":"SUCCESS","sign":"869D0BB70D6C8EBACD3771138C2FA40E","time_end":"20151024115049","total_fee":"4000","trade_type":"JSAPI","transaction_id":"1009080869201510241312639183"}
[2015-10-24 11:50:53][debug] query:{"appid":"wx161f19ac48b1f2f3","attach":"\u9a6c\u62c9\u677e\u62a5\u540d","bank_type":"CFT","cash_fee":"4000","fee_type":"CNY","is_subscribe":"Y","mch_id":"1268067601","nonce_str":"VfguEg9A8JqiPGLb","openid":"ouN6_s2H8zt7Y2WnuM0alMcqimU4","out_trade_no":"126806760120151024114844","result_code":"SUCCESS","return_code":"SUCCESS","return_msg":"OK","sign":"4848E366BCCB7B02B8B2EC0FEB89E3CE","time_end":"20151024115048","total_fee":"4000","trade_state":"SUCCESS","trade_type":"JSAPI","transaction_id":"1009080869201510241312639183"}
[2015-10-24 11:50:53][debug] call back test:订单查询成功
[2015-10-24 11:50:53][debug] call back test:未入库
[2015-10-24 11:50:53][debug] call back test sql:UPDATE pa_marathon SET ispay =1,transaction_id="1009080869201510241312639183",out_trade_no="126806760120151024114844" WHERE openid ="ouN6_s2H8zt7Y2WnuM0alMcqimU4"
[2015-10-24 11:50:53][debug] call back test:入库成功
[2015-10-24 11:51:02][debug] begin notify
[2015-10-24 11:51:02][debug] call back test:{"appid":"wx161f19ac48b1f2f3","attach":"\u9a6c\u62c9\u677e\u62a5\u540d","bank_type":"CFT","cash_fee":"4000","fee_type":"CNY","is_subscribe":"Y","mch_id":"1268067601","nonce_str":"s7ql9wfc3vf8jxrfsiwjgn6mk3jw97z4","openid":"ouN6_s2H8zt7Y2WnuM0alMcqimU4","out_trade_no":"126806760120151024114844","result_code":"SUCCESS","return_code":"SUCCESS","sign":"869D0BB70D6C8EBACD3771138C2FA40E","time_end":"20151024115049","total_fee":"4000","trade_type":"JSAPI","transaction_id":"1009080869201510241312639183"}
[2015-10-24 11:51:02][debug] query:{"appid":"wx161f19ac48b1f2f3","attach":"\u9a6c\u62c9\u677e\u62a5\u540d","bank_type":"CFT","cash_fee":"4000","fee_type":"CNY","is_subscribe":"Y","mch_id":"1268067601","nonce_str":"YshYJ7ZIH61zny9l","openid":"ouN6_s2H8zt7Y2WnuM0alMcqimU4","out_trade_no":"126806760120151024114844","result_code":"SUCCESS","return_code":"SUCCESS","return_msg":"OK","sign":"FD55AFABBD79440757589136F1B8DBFC","time_end":"20151024115048","total_fee":"4000","trade_state":"SUCCESS","trade_type":"JSAPI","transaction_id":"1009080869201510241312639183"}
[2015-10-24 11:51:02][debug] call back test:订单查询成功
[2015-10-24 11:51:02][debug] call back test:已入库
[2015-10-24 11:58:55][debug] begin notify
[2015-10-24 11:58:55][debug] call back test:{"appid":"wx161f19ac48b1f2f3","attach":"\u9a6c\u62c9\u677e\u62a5\u540d","bank_type":"CFT","cash_fee":"4000","fee_type":"CNY","is_subscribe":"Y","mch_id":"1268067601","nonce_str":"6aeb1vwtulpxlmiava7mocnk6zvk70i9","openid":"ouN6_szsMMZ21IMJSjoppM1C7o3I","out_trade_no":"126806760120151024115828","result_code":"SUCCESS","return_code":"SUCCESS","sign":"BD9900EA096D208A0CDCE920A99E7380","time_end":"20151024115855","total_fee":"4000","trade_type":"JSAPI","transaction_id":"1003440869201510241312781978"}
[2015-10-24 11:58:56][debug] query:{"appid":"wx161f19ac48b1f2f3","attach":"\u9a6c\u62c9\u677e\u62a5\u540d","bank_type":"CFT","cash_fee":"4000","fee_type":"CNY","is_subscribe":"Y","mch_id":"1268067601","nonce_str":"VRX199OU1sK30wPp","openid":"ouN6_szsMMZ21IMJSjoppM1C7o3I","out_trade_no":"126806760120151024115828","result_code":"SUCCESS","return_code":"SUCCESS","return_msg":"OK","sign":"9C3C7874B745EDBDCE5891B6BEB7B2F8","time_end":"20151024115854","total_fee":"4000","trade_state":"SUCCESS","trade_type":"JSAPI","transaction_id":"1003440869201510241312781978"}
[2015-10-24 11:58:56][debug] call back test:订单查询成功
[2015-10-24 11:58:56][debug] call back test:未入库
[2015-10-24 11:58:56][debug] call back test sql:UPDATE pa_marathon SET ispay =1,transaction_id="1003440869201510241312781978",out_trade_no="126806760120151024115828" WHERE openid ="ouN6_szsMMZ21IMJSjoppM1C7o3I"
[2015-10-24 11:58:56][debug] call back test:入库成功
[2015-10-24 12:02:15][debug] begin notify
[2015-10-24 12:02:15][debug] call back test:{"appid":"wx161f19ac48b1f2f3","attach":"\u9a6c\u62c9\u677e\u62a5\u540d","bank_type":"CCB_CREDIT","cash_fee":"4000","fee_type":"CNY","is_subscribe":"Y","mch_id":"1268067601","nonce_str":"g90955h52p4xev2kwhgveqmvvfg05zmw","openid":"ouN6_s6Nh8IWitnGP2NIRr-d-Ynw","out_trade_no":"126806760120151024120154","result_code":"SUCCESS","return_code":"SUCCESS","sign":"91B9BE55D4BFA17A786C35137E83DD70","time_end":"20151024120215","total_fee":"4000","trade_type":"JSAPI","transaction_id":"1005330869201510241312850923"}
[2015-10-24 12:02:15][debug] query:{"appid":"wx161f19ac48b1f2f3","attach":"\u9a6c\u62c9\u677e\u62a5\u540d","bank_type":"CCB_CREDIT","cash_fee":"4000","fee_type":"CNY","is_subscribe":"Y","mch_id":"1268067601","nonce_str":"01o3NNABIdlFeSA7","openid":"ouN6_s6Nh8IWitnGP2NIRr-d-Ynw","out_trade_no":"126806760120151024120154","result_code":"SUCCESS","return_code":"SUCCESS","return_msg":"OK","sign":"6CF0534E7EDFF9686A121D76B1BC2453","time_end":"20151024120214","total_fee":"4000","trade_state":"SUCCESS","trade_type":"JSAPI","transaction_id":"1005330869201510241312850923"}
[2015-10-24 12:02:15][debug] call back test:订单查询成功
[2015-10-24 12:02:15][debug] call back test:未入库
[2015-10-24 12:02:15][debug] call back test sql:UPDATE pa_marathon SET ispay =1,transaction_id="1005330869201510241312850923",out_trade_no="126806760120151024120154" WHERE openid ="ouN6_s6Nh8IWitnGP2NIRr-d-Ynw"
[2015-10-24 12:02:15][debug] call back test:入库成功
[2015-10-24 12:11:34][debug] begin notify
[2015-10-24 12:11:34][debug] call back test:{"appid":"wx161f19ac48b1f2f3","attach":"\u9a6c\u62c9\u677e\u62a5\u540d","bank_type":"CFT","cash_fee":"6000","fee_type":"CNY","is_subscribe":"Y","mch_id":"1268067601","nonce_str":"rs6z13vj6ab9idyh8gb69lqsmopeiuqs","openid":"ouN6_s8c5ymcic8sX-96X2uj36ek","out_trade_no":"126806760120151024120857","result_code":"SUCCESS","return_code":"SUCCESS","sign":"3685ED134DEDDBF30A7D42DC96741BEA","time_end":"20151024121134","total_fee":"6000","trade_type":"JSAPI","transaction_id":"1006560869201510241313014531"}
[2015-10-24 12:11:37][debug] query:{"appid":"wx161f19ac48b1f2f3","attach":"\u9a6c\u62c9\u677e\u62a5\u540d","bank_type":"CFT","cash_fee":"6000","fee_type":"CNY","is_subscribe":"Y","mch_id":"1268067601","nonce_str":"lGHb97Va78fe05uj","openid":"ouN6_s8c5ymcic8sX-96X2uj36ek","out_trade_no":"126806760120151024120857","result_code":"SUCCESS","return_code":"SUCCESS","return_msg":"OK","sign":"6F1E3A8E065DD4BCC089CECEC274B284","time_end":"20151024121134","total_fee":"6000","trade_state":"SUCCESS","trade_type":"JSAPI","transaction_id":"1006560869201510241313014531"}
[2015-10-24 12:11:37][debug] call back test:订单查询成功
[2015-10-24 12:11:37][debug] call back test:未入库
[2015-10-24 12:11:37][debug] call back test sql:UPDATE pa_marathon SET ispay =1,transaction_id="1006560869201510241313014531",out_trade_no="126806760120151024120857" WHERE openid ="ouN6_s8c5ymcic8sX-96X2uj36ek"
[2015-10-24 12:11:37][debug] call back test:入库成功
[2015-10-24 12:11:50][debug] begin notify
[2015-10-24 12:11:50][debug] call back test:{"appid":"wx161f19ac48b1f2f3","attach":"\u9a6c\u62c9\u677e\u62a5\u540d","bank_type":"CFT","cash_fee":"6000","fee_type":"CNY","is_subscribe":"Y","mch_id":"1268067601","nonce_str":"rs6z13vj6ab9idyh8gb69lqsmopeiuqs","openid":"ouN6_s8c5ymcic8sX-96X2uj36ek","out_trade_no":"126806760120151024120857","result_code":"SUCCESS","return_code":"SUCCESS","sign":"3685ED134DEDDBF30A7D42DC96741BEA","time_end":"20151024121134","total_fee":"6000","trade_type":"JSAPI","transaction_id":"1006560869201510241313014531"}
[2015-10-24 12:11:51][debug] query:{"appid":"wx161f19ac48b1f2f3","attach":"\u9a6c\u62c9\u677e\u62a5\u540d","bank_type":"CFT","cash_fee":"6000","fee_type":"CNY","is_subscribe":"Y","mch_id":"1268067601","nonce_str":"acxCEX6X7jOmvWR1","openid":"ouN6_s8c5ymcic8sX-96X2uj36ek","out_trade_no":"126806760120151024120857","result_code":"SUCCESS","return_code":"SUCCESS","return_msg":"OK","sign":"49749772AF8C1A6B02E9903FD1B7676F","time_end":"20151024121134","total_fee":"6000","trade_state":"SUCCESS","trade_type":"JSAPI","transaction_id":"1006560869201510241313014531"}
[2015-10-24 12:11:51][debug] call back test:订单查询成功
[2015-10-24 12:11:51][debug] call back test:已入库
[2015-10-24 13:37:02][debug] begin notify
[2015-10-24 13:37:02][debug] call back test:{"appid":"wx161f19ac48b1f2f3","attach":"\u9a6c\u62c9\u677e\u62a5\u540d","bank_type":"COMM_DEBIT","cash_fee":"6000","fee_type":"CNY","is_subscribe":"N","mch_id":"1268067601","nonce_str":"f3zva36qlpp3ywduhzuo95c75hee5lcx","openid":"ouN6_s9dS7QyftChO9_YVSd-O1AA","out_trade_no":"126806760120151024133626","result_code":"SUCCESS","return_code":"SUCCESS","sign":"901DE50BD7C0ECA11475B1CBFE3418D5","time_end":"20151024133702","total_fee":"6000","trade_type":"JSAPI","transaction_id":"1008060869201510241314388110"}
[2015-10-24 13:37:03][debug] query:{"appid":"wx161f19ac48b1f2f3","attach":"\u9a6c\u62c9\u677e\u62a5\u540d","bank_type":"COMM_DEBIT","cash_fee":"6000","fee_type":"CNY","is_subscribe":"N","mch_id":"1268067601","nonce_str":"wfYIVHMOIUi2LiuD","openid":"ouN6_s9dS7QyftChO9_YVSd-O1AA","out_trade_no":"126806760120151024133626","result_code":"SUCCESS","return_code":"SUCCESS","return_msg":"OK","sign":"6EBEBCFBB6E19F1BB87237491F31EED5","time_end":"20151024133701","total_fee":"6000","trade_state":"SUCCESS","trade_type":"JSAPI","transaction_id":"1008060869201510241314388110"}
[2015-10-24 13:37:03][debug] call back test:订单查询成功
[2015-10-24 13:37:03][debug] call back test:未入库
[2015-10-24 13:37:03][debug] call back test sql:UPDATE pa_marathon SET ispay =1,transaction_id="1008060869201510241314388110",out_trade_no="126806760120151024133626" WHERE openid ="ouN6_s9dS7QyftChO9_YVSd-O1AA"
[2015-10-24 13:37:03][debug] call back test:入库成功
[2015-10-24 15:15:48][debug] begin notify
[2015-10-24 15:15:48][debug] call back test:{"appid":"wx161f19ac48b1f2f3","attach":"\u9a6c\u62c9\u677e\u62a5\u540d","bank_type":"CFT","cash_fee":"6000","fee_type":"CNY","is_subscribe":"N","mch_id":"1268067601","nonce_str":"yoxq8b61iycoxg5jy60ssgj42u353pnq","openid":"ouN6_sxmoWpXx-MpKPIa-XRRk7HQ","out_trade_no":"126806760120151024151428","result_code":"SUCCESS","return_code":"SUCCESS","sign":"D7435358A58426EA4307D16A248A2A84","time_end":"20151024151547","total_fee":"6000","trade_type":"JSAPI","transaction_id":"1008000869201510241315664404"}
[2015-10-24 15:15:48][debug] query:{"appid":"wx161f19ac48b1f2f3","attach":"\u9a6c\u62c9\u677e\u62a5\u540d","bank_type":"CFT","cash_fee":"6000","fee_type":"CNY","is_subscribe":"N","mch_id":"1268067601","nonce_str":"lmV5nH1WZ1OXmo3u","openid":"ouN6_sxmoWpXx-MpKPIa-XRRk7HQ","out_trade_no":"126806760120151024151428","result_code":"SUCCESS","return_code":"SUCCESS","return_msg":"OK","sign":"4AF0ADD19D3858F72C889B430759DBEA","time_end":"20151024151547","total_fee":"6000","trade_state":"SUCCESS","trade_type":"JSAPI","transaction_id":"1008000869201510241315664404"}
[2015-10-24 15:15:48][debug] call back test:订单查询成功
[2015-10-24 15:15:48][debug] call back test:未入库
[2015-10-24 15:15:48][debug] call back test sql:UPDATE pa_marathon SET ispay =1,transaction_id="1008000869201510241315664404",out_trade_no="126806760120151024151428" WHERE openid ="ouN6_sxmoWpXx-MpKPIa-XRRk7HQ"
[2015-10-24 15:15:48][debug] call back test:入库成功
[2015-10-24 15:31:32][debug] begin notify
[2015-10-24 15:31:32][debug] call back test:{"appid":"wx161f19ac48b1f2f3","attach":"\u9a6c\u62c9\u677e\u62a5\u540d","bank_type":"ICBC_DEBIT","cash_fee":"8000","fee_type":"CNY","is_subscribe":"Y","mch_id":"1268067601","nonce_str":"g76jdfon1y5sbok7e1sh1mrqbmd5sw1d","openid":"ouN6_s9nDFlsIQ7quRAu-YUqSS5w","out_trade_no":"126806760120151024152913","result_code":"SUCCESS","return_code":"SUCCESS","sign":"C56C58222B6B72AF984292C7F0A94052","time_end":"20151024153131","total_fee":"8000","trade_type":"JSAPI","transaction_id":"1005120869201510241315824187"}
[2015-10-24 15:31:50][debug] begin notify
[2015-10-24 15:31:50][debug] call back test:{"appid":"wx161f19ac48b1f2f3","attach":"\u9a6c\u62c9\u677e\u62a5\u540d","bank_type":"ICBC_DEBIT","cash_fee":"8000","fee_type":"CNY","is_subscribe":"Y","mch_id":"1268067601","nonce_str":"g76jdfon1y5sbok7e1sh1mrqbmd5sw1d","openid":"ouN6_s9nDFlsIQ7quRAu-YUqSS5w","out_trade_no":"126806760120151024152913","result_code":"SUCCESS","return_code":"SUCCESS","sign":"C56C58222B6B72AF984292C7F0A94052","time_end":"20151024153131","total_fee":"8000","trade_type":"JSAPI","transaction_id":"1005120869201510241315824187"}
[2015-10-24 15:32:15][debug] begin notify
[2015-10-24 15:32:15][debug] call back test:{"appid":"wx161f19ac48b1f2f3","attach":"\u9a6c\u62c9\u677e\u62a5\u540d","bank_type":"ICBC_DEBIT","cash_fee":"8000","fee_type":"CNY","is_subscribe":"Y","mch_id":"1268067601","nonce_str":"g76jdfon1y5sbok7e1sh1mrqbmd5sw1d","openid":"ouN6_s9nDFlsIQ7quRAu-YUqSS5w","out_trade_no":"126806760120151024152913","result_code":"SUCCESS","return_code":"SUCCESS","sign":"C56C58222B6B72AF984292C7F0A94052","time_end":"20151024153131","total_fee":"8000","trade_type":"JSAPI","transaction_id":"1005120869201510241315824187"}
[2015-10-24 15:32:51][debug] begin notify
[2015-10-24 15:32:51][debug] call back test:{"appid":"wx161f19ac48b1f2f3","attach":"\u9a6c\u62c9\u677e\u62a5\u540d","bank_type":"ICBC_DEBIT","cash_fee":"8000","fee_type":"CNY","is_subscribe":"Y","mch_id":"1268067601","nonce_str":"g76jdfon1y5sbok7e1sh1mrqbmd5sw1d","openid":"ouN6_s9nDFlsIQ7quRAu-YUqSS5w","out_trade_no":"126806760120151024152913","result_code":"SUCCESS","return_code":"SUCCESS","sign":"C56C58222B6B72AF984292C7F0A94052","time_end":"20151024153131","total_fee":"8000","trade_type":"JSAPI","transaction_id":"1005120869201510241315824187"}
[2015-10-24 15:35:57][debug] begin notify
[2015-10-24 15:35:57][debug] call back test:{"appid":"wx161f19ac48b1f2f3","attach":"\u9a6c\u62c9\u677e\u62a5\u540d","bank_type":"ICBC_DEBIT","cash_fee":"8000","fee_type":"CNY","is_subscribe":"Y","mch_id":"1268067601","nonce_str":"g76jdfon1y5sbok7e1sh1mrqbmd5sw1d","openid":"ouN6_s9nDFlsIQ7quRAu-YUqSS5w","out_trade_no":"126806760120151024152913","result_code":"SUCCESS","return_code":"SUCCESS","sign":"C56C58222B6B72AF984292C7F0A94052","time_end":"20151024153131","total_fee":"8000","trade_type":"JSAPI","transaction_id":"1005120869201510241315824187"}
[2015-10-24 16:06:02][debug] begin notify
[2015-10-24 16:06:02][debug] call back test:{"appid":"wx161f19ac48b1f2f3","attach":"\u9a6c\u62c9\u677e\u62a5\u540d","bank_type":"ICBC_DEBIT","cash_fee":"8000","fee_type":"CNY","is_subscribe":"Y","mch_id":"1268067601","nonce_str":"g76jdfon1y5sbok7e1sh1mrqbmd5sw1d","openid":"ouN6_s9nDFlsIQ7quRAu-YUqSS5w","out_trade_no":"126806760120151024152913","result_code":"SUCCESS","return_code":"SUCCESS","sign":"C56C58222B6B72AF984292C7F0A94052","time_end":"20151024153131","total_fee":"8000","trade_type":"JSAPI","transaction_id":"1005120869201510241315824187"}
[2015-10-24 16:06:08][debug] query:{"appid":"wx161f19ac48b1f2f3","attach":"\u9a6c\u62c9\u677e\u62a5\u540d","bank_type":"ICBC_DEBIT","cash_fee":"8000","fee_type":"CNY","is_subscribe":"Y","mch_id":"1268067601","nonce_str":"yvead8jwQXbjKwWt","openid":"ouN6_s9nDFlsIQ7quRAu-YUqSS5w","out_trade_no":"126806760120151024152913","result_code":"SUCCESS","return_code":"SUCCESS","return_msg":"OK","sign":"8A68BBA543301F058A8464590270CA37","time_end":"20151024153131","total_fee":"8000","trade_state":"SUCCESS","trade_type":"JSAPI","transaction_id":"1005120869201510241315824187"}
[2015-10-24 16:06:08][debug] call back test:订单查询成功
[2015-10-24 16:06:08][debug] call back test:未入库
[2015-10-24 16:06:08][debug] call back test sql:UPDATE pa_marathon SET ispay =1,transaction_id="1005120869201510241315824187",out_trade_no="126806760120151024152913" WHERE openid ="ouN6_s9nDFlsIQ7quRAu-YUqSS5w"
[2015-10-24 16:06:08][debug] call back test:入库成功
[2015-10-24 16:09:49][debug] begin notify
[2015-10-24 16:09:49][debug] call back test:{"appid":"wx161f19ac48b1f2f3","attach":"\u9a6c\u62c9\u677e\u62a5\u540d","bank_type":"PSBC_DEBIT","cash_fee":"4000","fee_type":"CNY","is_subscribe":"Y","mch_id":"1268067601","nonce_str":"tjrc85sv7kdqmn5k3hzm8xkiawdh4272","openid":"ouN6_s5_CqnV1t4nlTG6j9Cd4ZIo","out_trade_no":"126806760120151024160807","result_code":"SUCCESS","return_code":"SUCCESS","sign":"C4173B679D3A38DA094108BA4D3DABFB","time_end":"20151024160932","total_fee":"4000","trade_type":"JSAPI","transaction_id":"1001030869201510241316259998"}
[2015-10-24 16:09:52][debug] query:{"appid":"wx161f19ac48b1f2f3","attach":"\u9a6c\u62c9\u677e\u62a5\u540d","bank_type":"PSBC_DEBIT","cash_fee":"4000","fee_type":"CNY","is_subscribe":"Y","mch_id":"1268067601","nonce_str":"h0l6GoYIKVLvIuNE","openid":"ouN6_s5_CqnV1t4nlTG6j9Cd4ZIo","out_trade_no":"126806760120151024160807","result_code":"SUCCESS","return_code":"SUCCESS","return_msg":"OK","sign":"044B9ECB0D17AFA2FEA5B9A6947D8465","time_end":"20151024160902","total_fee":"4000","trade_state":"SUCCESS","trade_type":"JSAPI","transaction_id":"1001030869201510241316259998"}
[2015-10-24 16:09:52][debug] call back test:订单查询成功
[2015-10-24 16:09:52][debug] call back test:未入库
[2015-10-24 16:09:52][debug] call back test sql:UPDATE pa_marathon SET ispay =1,transaction_id="1001030869201510241316259998",out_trade_no="126806760120151024160807" WHERE openid ="ouN6_s5_CqnV1t4nlTG6j9Cd4ZIo"
[2015-10-24 16:09:52][debug] call back test:入库成功
[2015-10-24 16:36:08][debug] begin notify
[2015-10-24 16:36:08][debug] call back test:{"appid":"wx161f19ac48b1f2f3","attach":"\u9a6c\u62c9\u677e\u62a5\u540d","bank_type":"ICBC_DEBIT","cash_fee":"8000","fee_type":"CNY","is_subscribe":"Y","mch_id":"1268067601","nonce_str":"g76jdfon1y5sbok7e1sh1mrqbmd5sw1d","openid":"ouN6_s9nDFlsIQ7quRAu-YUqSS5w","out_trade_no":"126806760120151024152913","result_code":"SUCCESS","return_code":"SUCCESS","sign":"C56C58222B6B72AF984292C7F0A94052","time_end":"20151024153131","total_fee":"8000","trade_type":"JSAPI","transaction_id":"1005120869201510241315824187"}
[2015-10-24 16:36:12][debug] query:{"appid":"wx161f19ac48b1f2f3","attach":"\u9a6c\u62c9\u677e\u62a5\u540d","bank_type":"ICBC_DEBIT","cash_fee":"8000","fee_type":"CNY","is_subscribe":"Y","mch_id":"1268067601","nonce_str":"7Ex80HVNEOUkZTpu","openid":"ouN6_s9nDFlsIQ7quRAu-YUqSS5w","out_trade_no":"126806760120151024152913","result_code":"SUCCESS","return_code":"SUCCESS","return_msg":"OK","sign":"EC794DAE9C1F918E3C3CBD8B945699E3","time_end":"20151024153131","total_fee":"8000","trade_state":"SUCCESS","trade_type":"JSAPI","transaction_id":"1005120869201510241315824187"}
[2015-10-24 16:36:12][debug] call back test:订单查询成功
[2015-10-24 16:36:12][debug] call back test:已入库
[2015-10-24 17:36:04][debug] begin notify
[2015-10-24 17:36:04][debug] call back test:{"appid":"wx161f19ac48b1f2f3","attach":"\u9a6c\u62c9\u677e\u62a5\u540d","bank_type":"ICBC_DEBIT","cash_fee":"6000","fee_type":"CNY","is_subscribe":"Y","mch_id":"1268067601","nonce_str":"whuw12dvce58ntu26zonwjif0ypt361i","openid":"ouN6_s_TFGD8ksyac3x1gkze4lZY","out_trade_no":"126806760120151024173538","result_code":"SUCCESS","return_code":"SUCCESS","sign":"2C0B176EE085955C603823D36A919459","time_end":"20151024173604","total_fee":"6000","trade_type":"JSAPI","transaction_id":"1007910869201510241317461550"}
[2015-10-24 17:36:05][debug] query:{"appid":"wx161f19ac48b1f2f3","attach":"\u9a6c\u62c9\u677e\u62a5\u540d","bank_type":"ICBC_DEBIT","cash_fee":"6000","fee_type":"CNY","is_subscribe":"Y","mch_id":"1268067601","nonce_str":"t2ma5H1Ydjix3f6I","openid":"ouN6_s_TFGD8ksyac3x1gkze4lZY","out_trade_no":"126806760120151024173538","result_code":"SUCCESS","return_code":"SUCCESS","return_msg":"OK","sign":"E2D45D2AA9653865A94FB1B917845309","time_end":"20151024173602","total_fee":"6000","trade_state":"SUCCESS","trade_type":"JSAPI","transaction_id":"1007910869201510241317461550"}
[2015-10-24 17:36:05][debug] call back test:订单查询成功
[2015-10-24 17:36:05][debug] call back test:未入库
[2015-10-24 17:36:05][debug] call back test sql:UPDATE pa_marathon SET ispay =1,transaction_id="1007910869201510241317461550",out_trade_no="126806760120151024173538" WHERE openid ="ouN6_s_TFGD8ksyac3x1gkze4lZY"
[2015-10-24 17:36:05][debug] call back test:入库成功
[2015-10-24 19:10:59][debug] begin notify
[2015-10-24 19:10:59][debug] call back test:{"appid":"wx161f19ac48b1f2f3","attach":"\u9a6c\u62c9\u677e\u62a5\u540d","bank_type":"CCB_DEBIT","cash_fee":"4000","fee_type":"CNY","is_subscribe":"Y","mch_id":"1268067601","nonce_str":"rpw7b1z3u2ilwzt6gvjfimy0rr4sqmj8","openid":"ouN6_swSaegfAiEqwFGZ8ZZUQYLU","out_trade_no":"126806760120151024190848","result_code":"SUCCESS","return_code":"SUCCESS","sign":"8FD82E236B8C0CD3708777888113C5FD","time_end":"20151024191058","total_fee":"4000","trade_type":"JSAPI","transaction_id":"1004850869201510241319006255"}
[2015-10-24 19:11:04][debug] query:{"appid":"wx161f19ac48b1f2f3","attach":"\u9a6c\u62c9\u677e\u62a5\u540d","bank_type":"CCB_DEBIT","cash_fee":"4000","fee_type":"CNY","is_subscribe":"Y","mch_id":"1268067601","nonce_str":"PrClmjEksgMIHsLu","openid":"ouN6_swSaegfAiEqwFGZ8ZZUQYLU","out_trade_no":"126806760120151024190848","result_code":"SUCCESS","return_code":"SUCCESS","return_msg":"OK","sign":"12BD1966C30262CA553A0CE7D0015989","time_end":"20151024191057","total_fee":"4000","trade_state":"SUCCESS","trade_type":"JSAPI","transaction_id":"1004850869201510241319006255"}
[2015-10-24 19:11:04][debug] call back test:订单查询成功
[2015-10-24 19:11:04][debug] call back test:未入库
[2015-10-24 19:11:04][debug] call back test sql:UPDATE pa_marathon SET ispay =1,transaction_id="1004850869201510241319006255",out_trade_no="126806760120151024190848" WHERE openid ="ouN6_swSaegfAiEqwFGZ8ZZUQYLU"
[2015-10-24 19:11:04][debug] call back test:入库成功
[2015-10-24 19:11:16][debug] begin notify
[2015-10-24 19:11:16][debug] call back test:{"appid":"wx161f19ac48b1f2f3","attach":"\u9a6c\u62c9\u677e\u62a5\u540d","bank_type":"CCB_DEBIT","cash_fee":"4000","fee_type":"CNY","is_subscribe":"Y","mch_id":"1268067601","nonce_str":"rpw7b1z3u2ilwzt6gvjfimy0rr4sqmj8","openid":"ouN6_swSaegfAiEqwFGZ8ZZUQYLU","out_trade_no":"126806760120151024190848","result_code":"SUCCESS","return_code":"SUCCESS","sign":"8FD82E236B8C0CD3708777888113C5FD","time_end":"20151024191058","total_fee":"4000","trade_type":"JSAPI","transaction_id":"1004850869201510241319006255"}
[2015-10-24 19:11:17][debug] query:{"appid":"wx161f19ac48b1f2f3","attach":"\u9a6c\u62c9\u677e\u62a5\u540d","bank_type":"CCB_DEBIT","cash_fee":"4000","fee_type":"CNY","is_subscribe":"Y","mch_id":"1268067601","nonce_str":"Z2XWHYC6HiU7OXHP","openid":"ouN6_swSaegfAiEqwFGZ8ZZUQYLU","out_trade_no":"126806760120151024190848","result_code":"SUCCESS","return_code":"SUCCESS","return_msg":"OK","sign":"DAD93D59F0531FED02C2FAC99A48094C","time_end":"20151024191057","total_fee":"4000","trade_state":"SUCCESS","trade_type":"JSAPI","transaction_id":"1004850869201510241319006255"}
[2015-10-24 19:11:17][debug] call back test:订单查询成功
[2015-10-24 19:11:17][debug] call back test:已入库
[2015-10-24 19:12:17][debug] begin notify
[2015-10-24 19:12:17][debug] call back test:{"appid":"wx161f19ac48b1f2f3","attach":"\u9a6c\u62c9\u677e\u62a5\u540d","bank_type":"CMB_CREDIT","cash_fee":"4000","fee_type":"CNY","is_subscribe":"Y","mch_id":"1268067601","nonce_str":"18quzep7l0uamhge9svknr1e0jk9zdl6","openid":"ouN6_s1JhkIddn4KzkNhxjnMGF0M","out_trade_no":"126806760120151024191118","result_code":"SUCCESS","return_code":"SUCCESS","sign":"563AF13C2E8A6A1AD8399C855B32429F","time_end":"20151024191216","total_fee":"4000","trade_type":"JSAPI","transaction_id":"1008760869201510241319018347"}
[2015-10-24 19:12:17][debug] query:{"appid":"wx161f19ac48b1f2f3","attach":"\u9a6c\u62c9\u677e\u62a5\u540d","bank_type":"CMB_CREDIT","cash_fee":"4000","fee_type":"CNY","is_subscribe":"Y","mch_id":"1268067601","nonce_str":"IWAcxg5xvgmvEr9A","openid":"ouN6_s1JhkIddn4KzkNhxjnMGF0M","out_trade_no":"126806760120151024191118","result_code":"SUCCESS","return_code":"SUCCESS","return_msg":"OK","sign":"D5B6286EF9BE6AD0E79BC0856EEFF9AA","time_end":"20151024191216","total_fee":"4000","trade_state":"SUCCESS","trade_type":"JSAPI","transaction_id":"1008760869201510241319018347"}
[2015-10-24 19:12:17][debug] call back test:订单查询成功
[2015-10-24 19:12:17][debug] call back test:未入库
[2015-10-24 19:12:17][debug] call back test sql:UPDATE pa_marathon SET ispay =1,transaction_id="1008760869201510241319018347",out_trade_no="126806760120151024191118" WHERE openid ="ouN6_s1JhkIddn4KzkNhxjnMGF0M"
[2015-10-24 19:12:17][debug] call back test:入库成功
[2015-10-24 19:38:58][debug] begin notify
[2015-10-24 19:38:58][debug] call back test:{"appid":"wx161f19ac48b1f2f3","attach":"\u9a6c\u62c9\u677e\u62a5\u540d","bank_type":"CFT","cash_fee":"4000","fee_type":"CNY","is_subscribe":"Y","mch_id":"1268067601","nonce_str":"1e7oiapbgf2c6ogg4rlf5bd6a7jv7yc8","openid":"ouN6_s05O8E0RPuYHekXxSMCL_go","out_trade_no":"126806760120151024193825","result_code":"SUCCESS","return_code":"SUCCESS","sign":"BD2CC7D4640117B879B5AF8E96F7D430","time_end":"20151024193856","total_fee":"4000","trade_type":"JSAPI","transaction_id":"1007440869201510241319428942"}
[2015-10-24 19:38:59][debug] query:{"appid":"wx161f19ac48b1f2f3","attach":"\u9a6c\u62c9\u677e\u62a5\u540d","bank_type":"CFT","cash_fee":"4000","fee_type":"CNY","is_subscribe":"Y","mch_id":"1268067601","nonce_str":"bDUZfbWMY9Abr1EY","openid":"ouN6_s05O8E0RPuYHekXxSMCL_go","out_trade_no":"126806760120151024193825","result_code":"SUCCESS","return_code":"SUCCESS","return_msg":"OK","sign":"2ECC4ED216146F4B1C50DED354701A83","time_end":"20151024193854","total_fee":"4000","trade_state":"SUCCESS","trade_type":"JSAPI","transaction_id":"1007440869201510241319428942"}
[2015-10-24 19:38:59][debug] call back test:订单查询成功
[2015-10-24 19:38:59][debug] call back test:未入库
[2015-10-24 19:38:59][debug] call back test sql:UPDATE pa_marathon SET ispay =1,transaction_id="1007440869201510241319428942",out_trade_no="126806760120151024193825" WHERE openid ="ouN6_s05O8E0RPuYHekXxSMCL_go"
[2015-10-24 19:38:59][debug] call back test:入库成功
[2015-10-24 19:39:18][debug] begin notify
[2015-10-24 19:39:18][debug] call back test:{"appid":"wx161f19ac48b1f2f3","attach":"\u9a6c\u62c9\u677e\u62a5\u540d","bank_type":"CFT","cash_fee":"4000","fee_type":"CNY","is_subscribe":"Y","mch_id":"1268067601","nonce_str":"1e7oiapbgf2c6ogg4rlf5bd6a7jv7yc8","openid":"ouN6_s05O8E0RPuYHekXxSMCL_go","out_trade_no":"126806760120151024193825","result_code":"SUCCESS","return_code":"SUCCESS","sign":"BD2CC7D4640117B879B5AF8E96F7D430","time_end":"20151024193856","total_fee":"4000","trade_type":"JSAPI","transaction_id":"1007440869201510241319428942"}
[2015-10-24 19:39:18][debug] query:{"appid":"wx161f19ac48b1f2f3","attach":"\u9a6c\u62c9\u677e\u62a5\u540d","bank_type":"CFT","cash_fee":"4000","fee_type":"CNY","is_subscribe":"Y","mch_id":"1268067601","nonce_str":"BydC5k69hNOTQrkA","openid":"ouN6_s05O8E0RPuYHekXxSMCL_go","out_trade_no":"126806760120151024193825","result_code":"SUCCESS","return_code":"SUCCESS","return_msg":"OK","sign":"922702A781C187666C271F82360A88F8","time_end":"20151024193854","total_fee":"4000","trade_state":"SUCCESS","trade_type":"JSAPI","transaction_id":"1007440869201510241319428942"}
[2015-10-24 19:39:18][debug] call back test:订单查询成功
[2015-10-24 19:39:18][debug] call back test:已入库
[2015-10-24 19:45:46][debug] begin notify
[2015-10-24 19:45:46][debug] call back test:{"appid":"wx161f19ac48b1f2f3","attach":"\u9a6c\u62c9\u677e\u62a5\u540d","bank_type":"ABC_DEBIT","cash_fee":"4000","fee_type":"CNY","is_subscribe":"Y","mch_id":"1268067601","nonce_str":"dsaf80lehpehjyf2evgurtrxlfbhjjvi","openid":"ouN6_s-kDoChUDBLnPK60_Lexxuk","out_trade_no":"126806760120151024194516","result_code":"SUCCESS","return_code":"SUCCESS","sign":"3E640C666D2B33010B1E6AC59AD42A76","time_end":"20151024194546","total_fee":"4000","trade_type":"JSAPI","transaction_id":"1001680869201510241319534657"}
[2015-10-24 19:45:47][debug] query:{"appid":"wx161f19ac48b1f2f3","attach":"\u9a6c\u62c9\u677e\u62a5\u540d","bank_type":"ABC_DEBIT","cash_fee":"4000","fee_type":"CNY","is_subscribe":"Y","mch_id":"1268067601","nonce_str":"sLeRrKriPMuvBN7F","openid":"ouN6_s-kDoChUDBLnPK60_Lexxuk","out_trade_no":"126806760120151024194516","result_code":"SUCCESS","return_code":"SUCCESS","return_msg":"OK","sign":"142618F1C30845432570B578EE27AD27","time_end":"20151024194545","total_fee":"4000","trade_state":"SUCCESS","trade_type":"JSAPI","transaction_id":"1001680869201510241319534657"}
[2015-10-24 19:45:47][debug] call back test:订单查询成功
[2015-10-24 19:45:47][debug] call back test:未入库
[2015-10-24 19:45:47][debug] call back test sql:UPDATE pa_marathon SET ispay =1,transaction_id="1001680869201510241319534657",out_trade_no="126806760120151024194516" WHERE openid ="ouN6_s-kDoChUDBLnPK60_Lexxuk"
[2015-10-24 19:45:47][debug] call back test:入库成功
[2015-10-24 19:53:52][debug] begin notify
[2015-10-24 19:53:52][debug] call back test:{"appid":"wx161f19ac48b1f2f3","attach":"\u9a6c\u62c9\u677e\u62a5\u540d","bank_type":"CFT","cash_fee":"4000","fee_type":"CNY","is_subscribe":"Y","mch_id":"1268067601","nonce_str":"4uo37hxk92tje0hk9hiv7spwhsu74ux5","openid":"ouN6_s4aIM8Lvo2ws64GIrroFStw","out_trade_no":"126806760120151024195336","result_code":"SUCCESS","return_code":"SUCCESS","sign":"C746F0251511906FF9616278648982B9","time_end":"20151024195351","total_fee":"4000","trade_type":"JSAPI","transaction_id":"1004630869201510241319660225"}
[2015-10-24 19:53:52][debug] query:{"appid":"wx161f19ac48b1f2f3","attach":"\u9a6c\u62c9\u677e\u62a5\u540d","bank_type":"CFT","cash_fee":"4000","fee_type":"CNY","is_subscribe":"Y","mch_id":"1268067601","nonce_str":"P3AoVpJcns2I3KZ4","openid":"ouN6_s4aIM8Lvo2ws64GIrroFStw","out_trade_no":"126806760120151024195336","result_code":"SUCCESS","return_code":"SUCCESS","return_msg":"OK","sign":"78886A88AD6F4911705DDE18F94E5E06","time_end":"20151024195350","total_fee":"4000","trade_state":"SUCCESS","trade_type":"JSAPI","transaction_id":"1004630869201510241319660225"}
[2015-10-24 19:53:52][debug] call back test:订单查询成功
[2015-10-24 19:53:52][debug] call back test:未入库
[2015-10-24 19:53:52][debug] call back test sql:UPDATE pa_marathon SET ispay =1,transaction_id="1004630869201510241319660225",out_trade_no="126806760120151024195336" WHERE openid ="ouN6_s4aIM8Lvo2ws64GIrroFStw"
[2015-10-24 19:53:52][debug] call back test:入库成功
[2015-10-24 20:07:01][debug] begin notify
[2015-10-24 20:07:01][debug] call back test:{"appid":"wx161f19ac48b1f2f3","attach":"\u9a6c\u62c9\u677e\u62a5\u540d","bank_type":"CFT","cash_fee":"4000","fee_type":"CNY","is_subscribe":"Y","mch_id":"1268067601","nonce_str":"ggdd1l60r3gcgoj7at283rxha4ii12yt","openid":"ouN6_s6W8oWcwe32MixkiKt55qwI","out_trade_no":"126806760120151024200642","result_code":"SUCCESS","return_code":"SUCCESS","sign":"6B250D734416A2B4FA17DF1B869B5200","time_end":"20151024200701","total_fee":"4000","trade_type":"JSAPI","transaction_id":"1001000869201510241319831325"}
[2015-10-24 20:07:02][debug] query:{"appid":"wx161f19ac48b1f2f3","attach":"\u9a6c\u62c9\u677e\u62a5\u540d","bank_type":"CFT","cash_fee":"4000","fee_type":"CNY","is_subscribe":"Y","mch_id":"1268067601","nonce_str":"nCV0eRt7weyTp16e","openid":"ouN6_s6W8oWcwe32MixkiKt55qwI","out_trade_no":"126806760120151024200642","result_code":"SUCCESS","return_code":"SUCCESS","return_msg":"OK","sign":"23EE89A97EAAF901C56484D022BD2FFD","time_end":"20151024200700","total_fee":"4000","trade_state":"SUCCESS","trade_type":"JSAPI","transaction_id":"1001000869201510241319831325"}
[2015-10-24 20:07:02][debug] call back test:订单查询成功
[2015-10-24 20:07:02][debug] call back test:未入库
[2015-10-24 20:07:02][debug] call back test sql:UPDATE pa_marathon SET ispay =1,transaction_id="1001000869201510241319831325",out_trade_no="126806760120151024200642" WHERE openid ="ouN6_s6W8oWcwe32MixkiKt55qwI"
[2015-10-24 20:07:02][debug] call back test:入库成功
[2015-10-24 20:54:29][debug] begin notify
[2015-10-24 20:54:29][debug] call back test:{"appid":"wx161f19ac48b1f2f3","attach":"\u9a6c\u62c9\u677e\u62a5\u540d","bank_type":"ABC_DEBIT","cash_fee":"4000","fee_type":"CNY","is_subscribe":"Y","mch_id":"1268067601","nonce_str":"2w5fje1zg25hnbyzmhsst1cqangboh8g","openid":"ouN6_s8CdVuhxuujSVHF_YvE8w4U","out_trade_no":"126806760120151024205305","result_code":"SUCCESS","return_code":"SUCCESS","sign":"B63D911EA8BC464AD67DAE61993EA0B4","time_end":"20151024205427","total_fee":"4000","trade_type":"JSAPI","transaction_id":"1000160869201510241320456985"}
[2015-10-24 20:54:29][debug] query:{"appid":"wx161f19ac48b1f2f3","attach":"\u9a6c\u62c9\u677e\u62a5\u540d","bank_type":"ABC_DEBIT","cash_fee":"4000","fee_type":"CNY","is_subscribe":"Y","mch_id":"1268067601","nonce_str":"YZ15EbP9yryHOoGJ","openid":"ouN6_s8CdVuhxuujSVHF_YvE8w4U","out_trade_no":"126806760120151024205305","result_code":"SUCCESS","return_code":"SUCCESS","return_msg":"OK","sign":"9E933518627A6FA2B043565BBFFAE471","time_end":"20151024205427","total_fee":"4000","trade_state":"SUCCESS","trade_type":"JSAPI","transaction_id":"1000160869201510241320456985"}
[2015-10-24 20:54:29][debug] call back test:订单查询成功
[2015-10-24 20:54:29][debug] call back test:未入库
[2015-10-24 20:54:29][debug] call back test sql:UPDATE pa_marathon SET ispay =1,transaction_id="1000160869201510241320456985",out_trade_no="126806760120151024205305" WHERE openid ="ouN6_s8CdVuhxuujSVHF_YvE8w4U"
[2015-10-24 20:54:29][debug] call back test:入库成功
[2015-10-24 21:56:53][debug] begin notify
[2015-10-24 21:56:53][debug] call back test:{"appid":"wx161f19ac48b1f2f3","attach":"\u9a6c\u62c9\u677e\u62a5\u540d","bank_type":"CFT","cash_fee":"4000","fee_type":"CNY","is_subscribe":"Y","mch_id":"1268067601","nonce_str":"dj6zvbd08xz10wfmv9lqky5xy1aiz01x","openid":"ouN6_s3pp_6L5dqFnWHD7_evEeOw","out_trade_no":"126806760120151024215626","result_code":"SUCCESS","return_code":"SUCCESS","sign":"A5C1780F4D4D272DE808EBD831168EBF","time_end":"20151024215652","total_fee":"4000","trade_type":"JSAPI","transaction_id":"1010090869201510241321185076"}
[2015-10-24 21:56:53][debug] query:{"appid":"wx161f19ac48b1f2f3","attach":"\u9a6c\u62c9\u677e\u62a5\u540d","bank_type":"CFT","cash_fee":"4000","fee_type":"CNY","is_subscribe":"Y","mch_id":"1268067601","nonce_str":"wl07w1vYV0QzfoBY","openid":"ouN6_s3pp_6L5dqFnWHD7_evEeOw","out_trade_no":"126806760120151024215626","result_code":"SUCCESS","return_code":"SUCCESS","return_msg":"OK","sign":"84AADBE63297BFC6FEC30FCD46CBA104","time_end":"20151024215651","total_fee":"4000","trade_state":"SUCCESS","trade_type":"JSAPI","transaction_id":"1010090869201510241321185076"}
[2015-10-24 21:56:53][debug] call back test:订单查询成功
[2015-10-24 21:56:53][debug] call back test:未入库
[2015-10-24 21:56:53][debug] call back test sql:UPDATE pa_marathon SET ispay =1,transaction_id="1010090869201510241321185076",out_trade_no="126806760120151024215626" WHERE openid ="ouN6_s3pp_6L5dqFnWHD7_evEeOw"
[2015-10-24 21:56:53][debug] call back test:入库成功
[2015-10-24 22:02:12][debug] begin notify
[2015-10-24 22:02:12][debug] call back test:{"appid":"wx161f19ac48b1f2f3","attach":"\u9a6c\u62c9\u677e\u62a5\u540d","bank_type":"ICBC_CREDIT","cash_fee":"4000","fee_type":"CNY","is_subscribe":"Y","mch_id":"1268067601","nonce_str":"mexiw0ot9vdju2lua96uplhxtb2hpwbp","openid":"ouN6_sxLTcxpwkUIupRkGjH_67Ao","out_trade_no":"126806760120151024220144","result_code":"SUCCESS","return_code":"SUCCESS","sign":"0F61185327501AC2435F683488218A53","time_end":"20151024220211","total_fee":"4000","trade_type":"JSAPI","transaction_id":"1008390869201510241321243035"}
[2015-10-24 22:02:12][debug] query:{"appid":"wx161f19ac48b1f2f3","attach":"\u9a6c\u62c9\u677e\u62a5\u540d","bank_type":"ICBC_CREDIT","cash_fee":"4000","fee_type":"CNY","is_subscribe":"Y","mch_id":"1268067601","nonce_str":"xkejfulQg3L4P2Rn","openid":"ouN6_sxLTcxpwkUIupRkGjH_67Ao","out_trade_no":"126806760120151024220144","result_code":"SUCCESS","return_code":"SUCCESS","return_msg":"OK","sign":"F2787DDF1D2E2CDB69327A4CB7EEE57A","time_end":"20151024220210","total_fee":"4000","trade_state":"SUCCESS","trade_type":"JSAPI","transaction_id":"1008390869201510241321243035"}
[2015-10-24 22:02:12][debug] call back test:订单查询成功
[2015-10-24 22:02:12][debug] call back test:未入库
[2015-10-24 22:02:12][debug] call back test sql:UPDATE pa_marathon SET ispay =1,transaction_id="1008390869201510241321243035",out_trade_no="126806760120151024220144" WHERE openid ="ouN6_sxLTcxpwkUIupRkGjH_67Ao"
[2015-10-24 22:02:12][debug] call back test:入库成功
[2015-10-24 22:34:48][debug] begin notify
[2015-10-24 22:34:48][debug] call back test:{"appid":"wx161f19ac48b1f2f3","attach":"\u9a6c\u62c9\u677e\u62a5\u540d","bank_type":"CFT","cash_fee":"4000","fee_type":"CNY","is_subscribe":"Y","mch_id":"1268067601","nonce_str":"4trvw57cc1payo1l68kz3lyatdsdupx1","openid":"ouN6_s3ByDJOgyKVMP5-5V-YZ3IM","out_trade_no":"126806760120151024223425","result_code":"SUCCESS","return_code":"SUCCESS","sign":"91E7F13DBD23DBB526F6741A98000E06","time_end":"20151024223447","total_fee":"4000","trade_type":"JSAPI","transaction_id":"1000640869201510241321532768"}
[2015-10-24 22:34:48][debug] query:{"appid":"wx161f19ac48b1f2f3","attach":"\u9a6c\u62c9\u677e\u62a5\u540d","bank_type":"CFT","cash_fee":"4000","fee_type":"CNY","is_subscribe":"Y","mch_id":"1268067601","nonce_str":"BHb9M4Q6VLyQgZxx","openid":"ouN6_s3ByDJOgyKVMP5-5V-YZ3IM","out_trade_no":"126806760120151024223425","result_code":"SUCCESS","return_code":"SUCCESS","return_msg":"OK","sign":"0776DE720CE680897DC6638E7C03F523","time_end":"20151024223447","total_fee":"4000","trade_state":"SUCCESS","trade_type":"JSAPI","transaction_id":"1000640869201510241321532768"}
[2015-10-24 22:34:48][debug] call back test:订单查询成功
[2015-10-24 22:34:48][debug] call back test:未入库
[2015-10-24 22:34:48][debug] call back test sql:UPDATE pa_marathon SET ispay =1,transaction_id="1000640869201510241321532768",out_trade_no="126806760120151024223425" WHERE openid ="ouN6_s3ByDJOgyKVMP5-5V-YZ3IM"
[2015-10-24 22:34:48][debug] call back test:入库成功
[2015-10-24 22:41:38][debug] begin notify
[2015-10-24 22:41:38][debug] call back test:{"appid":"wx161f19ac48b1f2f3","attach":"\u9a6c\u62c9\u677e\u62a5\u540d","bank_type":"ABC_DEBIT","cash_fee":"4000","fee_type":"CNY","is_subscribe":"Y","mch_id":"1268067601","nonce_str":"t6alac6d0jk30w7jyk2d2ap4z0rplt3s","openid":"ouN6_s_tDjJMFLljdUU_vVaXiPB4","out_trade_no":"126806760120151024224115","result_code":"SUCCESS","return_code":"SUCCESS","sign":"71A9BF1720BB11054E556B51156B0D3E","time_end":"20151024224138","total_fee":"4000","trade_type":"JSAPI","transaction_id":"1007680869201510241321600569"}
[2015-10-24 22:41:38][debug] query:{"appid":"wx161f19ac48b1f2f3","attach":"\u9a6c\u62c9\u677e\u62a5\u540d","bank_type":"ABC_DEBIT","cash_fee":"4000","fee_type":"CNY","is_subscribe":"Y","mch_id":"1268067601","nonce_str":"2kjt2BfsqzVumpYE","openid":"ouN6_s_tDjJMFLljdUU_vVaXiPB4","out_trade_no":"126806760120151024224115","result_code":"SUCCESS","return_code":"SUCCESS","return_msg":"OK","sign":"EDD79C0E04F9517818523DC84C862477","time_end":"20151024224137","total_fee":"4000","trade_state":"SUCCESS","trade_type":"JSAPI","transaction_id":"1007680869201510241321600569"}
[2015-10-24 22:41:38][debug] call back test:订单查询成功
[2015-10-24 22:41:38][debug] call back test:未入库
[2015-10-24 22:41:38][debug] call back test sql:UPDATE pa_marathon SET ispay =1,transaction_id="1007680869201510241321600569",out_trade_no="126806760120151024224115" WHERE openid ="ouN6_s_tDjJMFLljdUU_vVaXiPB4"
[2015-10-24 22:41:38][debug] call back test:入库成功
[2015-10-24 23:47:33][debug] begin notify
[2015-10-24 23:47:33][debug] call back test:{"appid":"wx161f19ac48b1f2f3","attach":"\u9a6c\u62c9\u677e\u62a5\u540d","bank_type":"CFT","cash_fee":"4000","fee_type":"CNY","is_subscribe":"Y","mch_id":"1268067601","nonce_str":"ib4epgq2opnwhegz8zn7excwrk9fyhyv","openid":"ouN6_s9mC1cZ0sHzBIoIqkJ5wCDg","out_trade_no":"126806760120151024234644","result_code":"SUCCESS","return_code":"SUCCESS","sign":"68DEEBC4FAE109933C6064331511BC70","time_end":"20151024234733","total_fee":"4000","trade_type":"JSAPI","transaction_id":"1000090869201510241322110204"}
[2015-10-24 23:47:33][debug] query:{"appid":"wx161f19ac48b1f2f3","attach":"\u9a6c\u62c9\u677e\u62a5\u540d","bank_type":"CFT","cash_fee":"4000","fee_type":"CNY","is_subscribe":"Y","mch_id":"1268067601","nonce_str":"x6MM1pJQTzhk4nfr","openid":"ouN6_s9mC1cZ0sHzBIoIqkJ5wCDg","out_trade_no":"126806760120151024234644","result_code":"SUCCESS","return_code":"SUCCESS","return_msg":"OK","sign":"B898D1E9551B2FA4551213F0089344C7","time_end":"20151024234732","total_fee":"4000","trade_state":"SUCCESS","trade_type":"JSAPI","transaction_id":"1000090869201510241322110204"}
[2015-10-24 23:47:33][debug] call back test:订单查询成功
[2015-10-24 23:47:33][debug] call back test:未入库
[2015-10-24 23:47:33][debug] call back test sql:UPDATE pa_marathon SET ispay =1,transaction_id="1000090869201510241322110204",out_trade_no="126806760120151024234644" WHERE openid ="ouN6_s9mC1cZ0sHzBIoIqkJ5wCDg"
[2015-10-24 23:47:33][debug] call back test:入库成功
