[2015-10-14 08:27:28][debug] begin notify
[2015-10-14 08:27:28][debug] call back test:{"appid":"wx161f19ac48b1f2f3","attach":"\u9a6c\u62c9\u677e\u62a5\u540d","bank_type":"ABC_DEBIT","cash_fee":"4000","fee_type":"CNY","is_subscribe":"Y","mch_id":"1268067601","nonce_str":"27nplu4hdnuql2sss6lak1azv6vsh7a0","openid":"ouN6_s2Ax0KUFbx0j300hWVBen6g","out_trade_no":"126806760120151014082551","result_code":"SUCCESS","return_code":"SUCCESS","sign":"0C5BDF4FBEECA014EC0E64D5F744400F","time_end":"20151014082727","total_fee":"4000","trade_type":"JSAPI","transaction_id":"1009950869201510141189015956"}
[2015-10-14 08:27:28][debug] query:{"appid":"wx161f19ac48b1f2f3","attach":"\u9a6c\u62c9\u677e\u62a5\u540d","bank_type":"ABC_DEBIT","cash_fee":"4000","fee_type":"CNY","is_subscribe":"Y","mch_id":"1268067601","nonce_str":"LmVdktXzj75ApBUA","openid":"ouN6_s2Ax0KUFbx0j300hWVBen6g","out_trade_no":"126806760120151014082551","result_code":"SUCCESS","return_code":"SUCCESS","return_msg":"OK","sign":"781D134B94DC7A2DC5BF7800A00F306D","time_end":"20151014082727","total_fee":"4000","trade_state":"SUCCESS","trade_type":"JSAPI","transaction_id":"1009950869201510141189015956"}
[2015-10-14 08:27:28][debug] call back test:订单查询成功
[2015-10-14 08:27:28][debug] call back test:未入库
[2015-10-14 08:27:28][debug] call back test sql:UPDATE pa_marathon SET ispay =1,transaction_id="1009950869201510141189015956",out_trade_no="126806760120151014082551" WHERE openid ="ouN6_s2Ax0KUFbx0j300hWVBen6g"
[2015-10-14 08:27:28][debug] call back test:入库成功
[2015-10-14 08:30:10][debug] begin notify
[2015-10-14 08:30:10][debug] call back test:{"appid":"wx161f19ac48b1f2f3","attach":"\u9a6c\u62c9\u677e\u62a5\u540d","bank_type":"ABC_DEBIT","cash_fee":"4000","fee_type":"CNY","is_subscribe":"Y","mch_id":"1268067601","nonce_str":"1o4lb0jpuirx962azhzfssr48o4yqb68","openid":"ouN6_s2Ax0KUFbx0j300hWVBen6g","out_trade_no":"126806760120151014082958","result_code":"SUCCESS","return_code":"SUCCESS","sign":"04FA4C7B93ABFBDBD0BA10A4E8D41E4C","time_end":"20151014083010","total_fee":"4000","trade_type":"JSAPI","transaction_id":"1009950869201510141189034276"}
[2015-10-14 08:30:10][debug] query:{"appid":"wx161f19ac48b1f2f3","attach":"\u9a6c\u62c9\u677e\u62a5\u540d","bank_type":"ABC_DEBIT","cash_fee":"4000","fee_type":"CNY","is_subscribe":"Y","mch_id":"1268067601","nonce_str":"i87OMVg4l53enQ7M","openid":"ouN6_s2Ax0KUFbx0j300hWVBen6g","out_trade_no":"126806760120151014082958","result_code":"SUCCESS","return_code":"SUCCESS","return_msg":"OK","sign":"BEECB5EEFF7E084013EC155BC4C213C6","time_end":"20151014083009","total_fee":"4000","trade_state":"SUCCESS","trade_type":"JSAPI","transaction_id":"1009950869201510141189034276"}
[2015-10-14 08:30:10][debug] call back test:订单查询成功
[2015-10-14 08:30:10][debug] call back test:未入库
[2015-10-14 08:30:10][debug] call back test sql:UPDATE pa_marathon SET ispay =1,transaction_id="1009950869201510141189034276",out_trade_no="126806760120151014082958" WHERE openid ="ouN6_s2Ax0KUFbx0j300hWVBen6g"
[2015-10-14 08:30:11][debug] call back test:入库成功
[2015-10-14 09:05:51][debug] begin notify
[2015-10-14 09:05:51][debug] call back test:{"appid":"wx161f19ac48b1f2f3","attach":"\u9a6c\u62c9\u677e\u62a5\u540d","bank_type":"CCB_DEBIT","cash_fee":"8000","fee_type":"CNY","is_subscribe":"Y","mch_id":"1268067601","nonce_str":"x1kt81ljdgq6bwh89g435n0zeqx909wi","openid":"ouN6_s9Kx0lXEd5IwY9-Z7da_j4I","out_trade_no":"126806760120151014090428","result_code":"SUCCESS","return_code":"SUCCESS","sign":"824401968B7EC512D641CD07BA867D2F","time_end":"20151014090551","total_fee":"8000","trade_type":"JSAPI","transaction_id":"1009440869201510141189251749"}
[2015-10-14 09:05:52][debug] query:{"appid":"wx161f19ac48b1f2f3","attach":"\u9a6c\u62c9\u677e\u62a5\u540d","bank_type":"CCB_DEBIT","cash_fee":"8000","fee_type":"CNY","is_subscribe":"Y","mch_id":"1268067601","nonce_str":"yFOdiTD5TqdC76AV","openid":"ouN6_s9Kx0lXEd5IwY9-Z7da_j4I","out_trade_no":"126806760120151014090428","result_code":"SUCCESS","return_code":"SUCCESS","return_msg":"OK","sign":"421E03E6CB70CD2542C9A5D4FE703871","time_end":"20151014090550","total_fee":"8000","trade_state":"SUCCESS","trade_type":"JSAPI","transaction_id":"1009440869201510141189251749"}
[2015-10-14 09:05:52][debug] call back test:订单查询成功
[2015-10-14 09:05:52][debug] call back test:未入库
[2015-10-14 09:05:52][debug] call back test sql:UPDATE pa_marathon SET ispay =1,transaction_id="1009440869201510141189251749",out_trade_no="126806760120151014090428" WHERE openid ="ouN6_s9Kx0lXEd5IwY9-Z7da_j4I"
[2015-10-14 09:05:52][debug] call back test:入库成功
[2015-10-14 09:41:29][debug] begin notify
[2015-10-14 09:41:29][debug] call back test:{"appid":"wx161f19ac48b1f2f3","attach":"\u9a6c\u62c9\u677e\u62a5\u540d","bank_type":"ICBC_DEBIT","cash_fee":"4000","fee_type":"CNY","is_subscribe":"Y","mch_id":"1268067601","nonce_str":"s2kc2b2pz05tceyl4lv85raxr3yicv3e","openid":"ouN6_s1H5FvKlZIHaTm_0XEv_Tn0","out_trade_no":"126806760120151014094112","result_code":"SUCCESS","return_code":"SUCCESS","sign":"D7B68CBE702F43CA0D6105F7F3B76E67","time_end":"20151014094128","total_fee":"4000","trade_type":"JSAPI","transaction_id":"1001320869201510141189512736"}
[2015-10-14 09:41:29][debug] query:{"appid":"wx161f19ac48b1f2f3","attach":"\u9a6c\u62c9\u677e\u62a5\u540d","bank_type":"ICBC_DEBIT","cash_fee":"4000","fee_type":"CNY","is_subscribe":"Y","mch_id":"1268067601","nonce_str":"J9Uns1WuNjJ61Rap","openid":"ouN6_s1H5FvKlZIHaTm_0XEv_Tn0","out_trade_no":"126806760120151014094112","result_code":"SUCCESS","return_code":"SUCCESS","return_msg":"OK","sign":"02D11A4A4D82171FAC6E464FC73B3D8A","time_end":"20151014094127","total_fee":"4000","trade_state":"SUCCESS","trade_type":"JSAPI","transaction_id":"1001320869201510141189512736"}
[2015-10-14 09:41:29][debug] call back test:订单查询成功
[2015-10-14 09:41:29][debug] call back test:未入库
[2015-10-14 09:41:29][debug] call back test sql:UPDATE pa_marathon SET ispay =1,transaction_id="1001320869201510141189512736",out_trade_no="126806760120151014094112" WHERE openid ="ouN6_s1H5FvKlZIHaTm_0XEv_Tn0"
[2015-10-14 09:41:29][debug] call back test:入库成功
[2015-10-14 09:50:24][debug] begin notify
[2015-10-14 09:50:24][debug] call back test:{"appid":"wx161f19ac48b1f2f3","attach":"\u9a6c\u62c9\u677e\u62a5\u540d","bank_type":"CFT","cash_fee":"4000","fee_type":"CNY","is_subscribe":"N","mch_id":"1268067601","nonce_str":"69rye67bj43ifwi07wp9rnuxtj46vork","openid":"ouN6_sykg2KFnUlKb7SLx7qclW9U","out_trade_no":"126806760120151014094748","result_code":"SUCCESS","return_code":"SUCCESS","sign":"7A8B461A7CA2346AE07D33F41038392F","time_end":"20151014095024","total_fee":"4000","trade_type":"JSAPI","transaction_id":"1001540869201510141189591136"}
[2015-10-14 09:50:28][debug] query:{"appid":"wx161f19ac48b1f2f3","attach":"\u9a6c\u62c9\u677e\u62a5\u540d","bank_type":"CFT","cash_fee":"4000","fee_type":"CNY","is_subscribe":"N","mch_id":"1268067601","nonce_str":"fN6xFQK4HlDgEdeR","openid":"ouN6_sykg2KFnUlKb7SLx7qclW9U","out_trade_no":"126806760120151014094748","result_code":"SUCCESS","return_code":"SUCCESS","return_msg":"OK","sign":"8A621B8B4F9D2EB7043B3ACFA5B730F8","time_end":"20151014095023","total_fee":"4000","trade_state":"SUCCESS","trade_type":"JSAPI","transaction_id":"1001540869201510141189591136"}
[2015-10-14 09:50:28][debug] call back test:订单查询成功
[2015-10-14 09:50:28][debug] call back test:未入库
[2015-10-14 09:50:28][debug] call back test sql:UPDATE pa_marathon SET ispay =1,transaction_id="1001540869201510141189591136",out_trade_no="126806760120151014094748" WHERE openid ="ouN6_sykg2KFnUlKb7SLx7qclW9U"
[2015-10-14 09:50:28][debug] call back test:入库成功
[2015-10-14 09:50:41][debug] begin notify
[2015-10-14 09:50:41][debug] call back test:{"appid":"wx161f19ac48b1f2f3","attach":"\u9a6c\u62c9\u677e\u62a5\u540d","bank_type":"CFT","cash_fee":"4000","fee_type":"CNY","is_subscribe":"N","mch_id":"1268067601","nonce_str":"69rye67bj43ifwi07wp9rnuxtj46vork","openid":"ouN6_sykg2KFnUlKb7SLx7qclW9U","out_trade_no":"126806760120151014094748","result_code":"SUCCESS","return_code":"SUCCESS","sign":"7A8B461A7CA2346AE07D33F41038392F","time_end":"20151014095024","total_fee":"4000","trade_type":"JSAPI","transaction_id":"1001540869201510141189591136"}
[2015-10-14 09:50:41][debug] query:{"appid":"wx161f19ac48b1f2f3","attach":"\u9a6c\u62c9\u677e\u62a5\u540d","bank_type":"CFT","cash_fee":"4000","fee_type":"CNY","is_subscribe":"Y","mch_id":"1268067601","nonce_str":"pzAdapDFQbY3XCSL","openid":"ouN6_sykg2KFnUlKb7SLx7qclW9U","out_trade_no":"126806760120151014094748","result_code":"SUCCESS","return_code":"SUCCESS","return_msg":"OK","sign":"AF99345E9B7BACBCABA1478EE128FD9B","time_end":"20151014095023","total_fee":"4000","trade_state":"SUCCESS","trade_type":"JSAPI","transaction_id":"1001540869201510141189591136"}
[2015-10-14 09:50:41][debug] call back test:订单查询成功
[2015-10-14 09:50:41][debug] call back test:已入库
[2015-10-14 10:02:31][debug] begin notify
[2015-10-14 10:27:01][debug] begin notify
[2015-10-14 10:27:01][debug] call back test:{"appid":"wx161f19ac48b1f2f3","attach":"\u9a6c\u62c9\u677e\u62a5\u540d","bank_type":"CFT","cash_fee":"8000","fee_type":"CNY","is_subscribe":"Y","mch_id":"1268067601","nonce_str":"9d8vytoy4n3e07s89c1larh3mz3pmmdt","openid":"ouN6_s8v3VWJrWvQENasPgQ_VKz8","out_trade_no":"126806760120151014102526","result_code":"SUCCESS","return_code":"SUCCESS","sign":"02646FAE57EAA842CA81DD5FFB3EAD0D","time_end":"20151014102701","total_fee":"8000","trade_type":"JSAPI","transaction_id":"1002920869201510141189944367"}
[2015-10-14 10:27:02][debug] query:{"appid":"wx161f19ac48b1f2f3","attach":"\u9a6c\u62c9\u677e\u62a5\u540d","bank_type":"CFT","cash_fee":"8000","fee_type":"CNY","is_subscribe":"Y","mch_id":"1268067601","nonce_str":"majCzFVrdh2fKk6Z","openid":"ouN6_s8v3VWJrWvQENasPgQ_VKz8","out_trade_no":"126806760120151014102526","result_code":"SUCCESS","return_code":"SUCCESS","return_msg":"OK","sign":"3DFDD174F0FD140ED55BA209456842B5","time_end":"20151014102701","total_fee":"8000","trade_state":"SUCCESS","trade_type":"JSAPI","transaction_id":"1002920869201510141189944367"}
[2015-10-14 10:27:02][debug] call back test:订单查询成功
[2015-10-14 10:27:02][debug] call back test:未入库
[2015-10-14 10:27:02][debug] call back test sql:UPDATE pa_marathon SET ispay =1,transaction_id="1002920869201510141189944367",out_trade_no="126806760120151014102526" WHERE openid ="ouN6_s8v3VWJrWvQENasPgQ_VKz8"
[2015-10-14 10:27:02][debug] call back test:入库成功
[2015-10-14 10:32:46][debug] begin notify
[2015-10-14 10:32:46][debug] call back test:{"appid":"wx161f19ac48b1f2f3","attach":"\u9a6c\u62c9\u677e\u62a5\u540d","bank_type":"ABC_DEBIT","cash_fee":"4000","fee_type":"CNY","is_subscribe":"Y","mch_id":"1268067601","nonce_str":"6r83sdgq9hd8z0jv0uzn90owiuxttcpm","openid":"ouN6_s_PgMAUH_sAuSIunEvJSx_0","out_trade_no":"126806760120151014102919","result_code":"SUCCESS","return_code":"SUCCESS","sign":"109FEBE9ABB9A238BED6D63307867F83","time_end":"20151014103244","total_fee":"4000","trade_type":"JSAPI","transaction_id":"1001200869201510141190008779"}
[2015-10-14 10:32:52][debug] query:{"appid":"wx161f19ac48b1f2f3","attach":"\u9a6c\u62c9\u677e\u62a5\u540d","bank_type":"ABC_DEBIT","cash_fee":"4000","fee_type":"CNY","is_subscribe":"Y","mch_id":"1268067601","nonce_str":"z4YlNgk61wzxeEjg","openid":"ouN6_s_PgMAUH_sAuSIunEvJSx_0","out_trade_no":"126806760120151014102919","result_code":"SUCCESS","return_code":"SUCCESS","return_msg":"OK","sign":"FCE6A7A1F82BC4D8C8EBBE391CF31AB1","time_end":"20151014103244","total_fee":"4000","trade_state":"SUCCESS","trade_type":"JSAPI","transaction_id":"1001200869201510141190008779"}
[2015-10-14 10:32:52][debug] call back test:订单查询成功
[2015-10-14 10:32:52][debug] call back test:未入库
[2015-10-14 10:32:52][debug] call back test sql:UPDATE pa_marathon SET ispay =1,transaction_id="1001200869201510141190008779",out_trade_no="126806760120151014102919" WHERE openid ="ouN6_s_PgMAUH_sAuSIunEvJSx_0"
[2015-10-14 10:32:52][debug] call back test:入库成功
[2015-10-14 10:32:58][debug] begin notify
[2015-10-14 10:32:58][debug] call back test:{"appid":"wx161f19ac48b1f2f3","attach":"\u9a6c\u62c9\u677e\u62a5\u540d","bank_type":"ABC_DEBIT","cash_fee":"4000","fee_type":"CNY","is_subscribe":"Y","mch_id":"1268067601","nonce_str":"6r83sdgq9hd8z0jv0uzn90owiuxttcpm","openid":"ouN6_s_PgMAUH_sAuSIunEvJSx_0","out_trade_no":"126806760120151014102919","result_code":"SUCCESS","return_code":"SUCCESS","sign":"109FEBE9ABB9A238BED6D63307867F83","time_end":"20151014103244","total_fee":"4000","trade_type":"JSAPI","transaction_id":"1001200869201510141190008779"}
[2015-10-14 10:32:59][debug] query:{"appid":"wx161f19ac48b1f2f3","attach":"\u9a6c\u62c9\u677e\u62a5\u540d","bank_type":"ABC_DEBIT","cash_fee":"4000","fee_type":"CNY","is_subscribe":"Y","mch_id":"1268067601","nonce_str":"6U5oaHGsqTa1ugL2","openid":"ouN6_s_PgMAUH_sAuSIunEvJSx_0","out_trade_no":"126806760120151014102919","result_code":"SUCCESS","return_code":"SUCCESS","return_msg":"OK","sign":"EF8C2577367167BDC40ACD2D71320D3C","time_end":"20151014103244","total_fee":"4000","trade_state":"SUCCESS","trade_type":"JSAPI","transaction_id":"1001200869201510141190008779"}
[2015-10-14 10:32:59][debug] call back test:订单查询成功
[2015-10-14 10:32:59][debug] call back test:已入库
[2015-10-14 10:57:13][debug] begin notify
[2015-10-14 10:57:13][debug] call back test:{"appid":"wx161f19ac48b1f2f3","attach":"\u9a6c\u62c9\u677e\u62a5\u540d","bank_type":"PSBC_DEBIT","cash_fee":"4000","fee_type":"CNY","is_subscribe":"Y","mch_id":"1268067601","nonce_str":"uhej9yc7dq01gwufvpcuvdaeqtaob3g2","openid":"ouN6_s2_3_7MlIyHr4Yvh6-qp-f8","out_trade_no":"126806760120151014105332","result_code":"SUCCESS","return_code":"SUCCESS","sign":"C9F45BC03E63DD3E1BF0EC3ED5AB24B4","time_end":"20151014105712","total_fee":"4000","trade_type":"JSAPI","transaction_id":"1005440869201510141190313887"}
[2015-10-14 10:57:17][debug] query:{"appid":"wx161f19ac48b1f2f3","attach":"\u9a6c\u62c9\u677e\u62a5\u540d","bank_type":"PSBC_DEBIT","cash_fee":"4000","fee_type":"CNY","is_subscribe":"Y","mch_id":"1268067601","nonce_str":"aOza1bU9ccH7tKwZ","openid":"ouN6_s2_3_7MlIyHr4Yvh6-qp-f8","out_trade_no":"126806760120151014105332","result_code":"SUCCESS","return_code":"SUCCESS","return_msg":"OK","sign":"85A51B6E95249858CF8D6A85C1A04B14","time_end":"20151014105655","total_fee":"4000","trade_state":"SUCCESS","trade_type":"JSAPI","transaction_id":"1005440869201510141190313887"}
[2015-10-14 10:57:17][debug] call back test:订单查询成功
[2015-10-14 10:57:17][debug] call back test:未入库
[2015-10-14 10:57:17][debug] call back test sql:UPDATE pa_marathon SET ispay =1,transaction_id="1005440869201510141190313887",out_trade_no="126806760120151014105332" WHERE openid ="ouN6_s2_3_7MlIyHr4Yvh6-qp-f8"
[2015-10-14 10:57:17][debug] call back test:入库成功
[2015-10-14 10:57:27][debug] begin notify
[2015-10-14 10:57:27][debug] call back test:{"appid":"wx161f19ac48b1f2f3","attach":"\u9a6c\u62c9\u677e\u62a5\u540d","bank_type":"PSBC_DEBIT","cash_fee":"4000","fee_type":"CNY","is_subscribe":"Y","mch_id":"1268067601","nonce_str":"uhej9yc7dq01gwufvpcuvdaeqtaob3g2","openid":"ouN6_s2_3_7MlIyHr4Yvh6-qp-f8","out_trade_no":"126806760120151014105332","result_code":"SUCCESS","return_code":"SUCCESS","sign":"C9F45BC03E63DD3E1BF0EC3ED5AB24B4","time_end":"20151014105712","total_fee":"4000","trade_type":"JSAPI","transaction_id":"1005440869201510141190313887"}
[2015-10-14 10:57:27][debug] query:{"appid":"wx161f19ac48b1f2f3","attach":"\u9a6c\u62c9\u677e\u62a5\u540d","bank_type":"PSBC_DEBIT","cash_fee":"4000","fee_type":"CNY","is_subscribe":"Y","mch_id":"1268067601","nonce_str":"uGpcHuNCPg25syPc","openid":"ouN6_s2_3_7MlIyHr4Yvh6-qp-f8","out_trade_no":"126806760120151014105332","result_code":"SUCCESS","return_code":"SUCCESS","return_msg":"OK","sign":"8E6DF6F07133669799CBB5596B41816C","time_end":"20151014105655","total_fee":"4000","trade_state":"SUCCESS","trade_type":"JSAPI","transaction_id":"1005440869201510141190313887"}
[2015-10-14 10:57:27][debug] call back test:订单查询成功
[2015-10-14 10:57:27][debug] call back test:已入库
[2015-10-14 10:59:06][debug] begin notify
[2015-10-14 10:59:06][debug] call back test:{"appid":"wx161f19ac48b1f2f3","attach":"\u9a6c\u62c9\u677e\u62a5\u540d","bank_type":"ICBC_DEBIT","cash_fee":"6000","fee_type":"CNY","is_subscribe":"Y","mch_id":"1268067601","nonce_str":"ke7hnmqdkih4f1h9sa2pd5zep0j7eu5s","openid":"ouN6_s50UODZB0BGrLkvORFKWt0w","out_trade_no":"126806760120151014105854","result_code":"SUCCESS","return_code":"SUCCESS","sign":"858246074058E840D2312C152941F37F","time_end":"20151014105905","total_fee":"6000","trade_type":"JSAPI","transaction_id":"1004640869201510141190339084"}
[2015-10-14 10:59:06][debug] query:{"appid":"wx161f19ac48b1f2f3","attach":"\u9a6c\u62c9\u677e\u62a5\u540d","bank_type":"ICBC_DEBIT","cash_fee":"6000","fee_type":"CNY","is_subscribe":"Y","mch_id":"1268067601","nonce_str":"FBgcAlsa0aAq6In8","openid":"ouN6_s50UODZB0BGrLkvORFKWt0w","out_trade_no":"126806760120151014105854","result_code":"SUCCESS","return_code":"SUCCESS","return_msg":"OK","sign":"BCD901FBCD1399C6A21F938A85FFE097","time_end":"20151014105904","total_fee":"6000","trade_state":"SUCCESS","trade_type":"JSAPI","transaction_id":"1004640869201510141190339084"}
[2015-10-14 10:59:06][debug] call back test:订单查询成功
[2015-10-14 10:59:06][debug] call back test:未入库
[2015-10-14 10:59:06][debug] call back test sql:UPDATE pa_marathon SET ispay =1,transaction_id="1004640869201510141190339084",out_trade_no="126806760120151014105854" WHERE openid ="ouN6_s50UODZB0BGrLkvORFKWt0w"
[2015-10-14 10:59:06][debug] call back test:入库成功
[2015-10-14 11:04:29][debug] begin notify
[2015-10-14 11:04:29][debug] call back test:{"appid":"wx161f19ac48b1f2f3","attach":"\u9a6c\u62c9\u677e\u62a5\u540d","bank_type":"ICBC_DEBIT","cash_fee":"8000","fee_type":"CNY","is_subscribe":"N","mch_id":"1268067601","nonce_str":"cd8bacfm6zsr27cf6dh4xjkrp0hw1zzi","openid":"ouN6_s7gHi3HTKeThFQr_fHme5Hw","out_trade_no":"126806760120151014110337","result_code":"SUCCESS","return_code":"SUCCESS","sign":"A5D540957839AA5CD3D5DF87D2B7466E","time_end":"20151014110429","total_fee":"8000","trade_type":"JSAPI","transaction_id":"1007740869201510141190428433"}
[2015-10-14 11:04:30][debug] query:{"appid":"wx161f19ac48b1f2f3","attach":"\u9a6c\u62c9\u677e\u62a5\u540d","bank_type":"ICBC_DEBIT","cash_fee":"8000","fee_type":"CNY","is_subscribe":"N","mch_id":"1268067601","nonce_str":"BBUL0WVJmT7WBREr","openid":"ouN6_s7gHi3HTKeThFQr_fHme5Hw","out_trade_no":"126806760120151014110337","result_code":"SUCCESS","return_code":"SUCCESS","return_msg":"OK","sign":"7FE68FD9340B5535A90BF0C744D37957","time_end":"20151014110428","total_fee":"8000","trade_state":"SUCCESS","trade_type":"JSAPI","transaction_id":"1007740869201510141190428433"}
[2015-10-14 11:04:30][debug] call back test:订单查询成功
[2015-10-14 11:04:30][debug] call back test:未入库
[2015-10-14 11:04:30][debug] call back test sql:UPDATE pa_marathon SET ispay =1,transaction_id="1007740869201510141190428433",out_trade_no="126806760120151014110337" WHERE openid ="ouN6_s7gHi3HTKeThFQr_fHme5Hw"
[2015-10-14 11:04:30][debug] call back test:入库成功
[2015-10-14 11:39:21][debug] begin notify
[2015-10-14 11:39:21][debug] call back test:{"appid":"wx161f19ac48b1f2f3","attach":"\u9a6c\u62c9\u677e\u62a5\u540d","bank_type":"CCB_DEBIT","cash_fee":"4000","fee_type":"CNY","is_subscribe":"N","mch_id":"1268067601","nonce_str":"3sqss8103vgu2771b63vlk1d3d6wlu2m","openid":"ouN6_s7STIMhPwbh0fhflEpEEvV8","out_trade_no":"126806760120151014113407","result_code":"SUCCESS","return_code":"SUCCESS","sign":"CB22A25BC33804B30597E6BAE9B40BC3","time_end":"20151014113921","total_fee":"4000","trade_type":"JSAPI","transaction_id":"1007840869201510141190947891"}
[2015-10-14 11:39:39][debug] begin notify
[2015-10-14 11:39:39][debug] call back test:{"appid":"wx161f19ac48b1f2f3","attach":"\u9a6c\u62c9\u677e\u62a5\u540d","bank_type":"CCB_DEBIT","cash_fee":"4000","fee_type":"CNY","is_subscribe":"N","mch_id":"1268067601","nonce_str":"3sqss8103vgu2771b63vlk1d3d6wlu2m","openid":"ouN6_s7STIMhPwbh0fhflEpEEvV8","out_trade_no":"126806760120151014113407","result_code":"SUCCESS","return_code":"SUCCESS","sign":"CB22A25BC33804B30597E6BAE9B40BC3","time_end":"20151014113921","total_fee":"4000","trade_type":"JSAPI","transaction_id":"1007840869201510141190947891"}
[2015-10-14 11:40:01][debug] begin notify
[2015-10-14 11:40:01][debug] call back test:{"appid":"wx161f19ac48b1f2f3","attach":"\u9a6c\u62c9\u677e\u62a5\u540d","bank_type":"CCB_DEBIT","cash_fee":"4000","fee_type":"CNY","is_subscribe":"N","mch_id":"1268067601","nonce_str":"3sqss8103vgu2771b63vlk1d3d6wlu2m","openid":"ouN6_s7STIMhPwbh0fhflEpEEvV8","out_trade_no":"126806760120151014113407","result_code":"SUCCESS","return_code":"SUCCESS","sign":"CB22A25BC33804B30597E6BAE9B40BC3","time_end":"20151014113921","total_fee":"4000","trade_type":"JSAPI","transaction_id":"1007840869201510141190947891"}
[2015-10-14 11:40:37][debug] begin notify
[2015-10-14 11:40:37][debug] call back test:{"appid":"wx161f19ac48b1f2f3","attach":"\u9a6c\u62c9\u677e\u62a5\u540d","bank_type":"CCB_DEBIT","cash_fee":"4000","fee_type":"CNY","is_subscribe":"N","mch_id":"1268067601","nonce_str":"3sqss8103vgu2771b63vlk1d3d6wlu2m","openid":"ouN6_s7STIMhPwbh0fhflEpEEvV8","out_trade_no":"126806760120151014113407","result_code":"SUCCESS","return_code":"SUCCESS","sign":"CB22A25BC33804B30597E6BAE9B40BC3","time_end":"20151014113921","total_fee":"4000","trade_type":"JSAPI","transaction_id":"1007840869201510141190947891"}
[2015-10-14 11:43:43][debug] begin notify
[2015-10-14 11:43:43][debug] call back test:{"appid":"wx161f19ac48b1f2f3","attach":"\u9a6c\u62c9\u677e\u62a5\u540d","bank_type":"CCB_DEBIT","cash_fee":"4000","fee_type":"CNY","is_subscribe":"N","mch_id":"1268067601","nonce_str":"3sqss8103vgu2771b63vlk1d3d6wlu2m","openid":"ouN6_s7STIMhPwbh0fhflEpEEvV8","out_trade_no":"126806760120151014113407","result_code":"SUCCESS","return_code":"SUCCESS","sign":"CB22A25BC33804B30597E6BAE9B40BC3","time_end":"20151014113921","total_fee":"4000","trade_type":"JSAPI","transaction_id":"1007840869201510141190947891"}
[2015-10-14 11:43:47][debug] query:{"appid":"wx161f19ac48b1f2f3","attach":"\u9a6c\u62c9\u677e\u62a5\u540d","bank_type":"CCB_DEBIT","cash_fee":"4000","fee_type":"CNY","is_subscribe":"Y","mch_id":"1268067601","nonce_str":"ah8oNPuHj7vwGaqw","openid":"ouN6_s7STIMhPwbh0fhflEpEEvV8","out_trade_no":"126806760120151014113407","result_code":"SUCCESS","return_code":"SUCCESS","return_msg":"OK","sign":"9937406B689BFDD1A98F228DB93ED0D3","time_end":"20151014113920","total_fee":"4000","trade_state":"SUCCESS","trade_type":"JSAPI","transaction_id":"1007840869201510141190947891"}
[2015-10-14 11:43:47][debug] call back test:订单查询成功
[2015-10-14 11:43:47][debug] call back test:未入库
[2015-10-14 11:43:47][debug] call back test sql:UPDATE pa_marathon SET ispay =1,transaction_id="1007840869201510141190947891",out_trade_no="126806760120151014113407" WHERE openid ="ouN6_s7STIMhPwbh0fhflEpEEvV8"
[2015-10-14 11:43:47][debug] call back test:入库成功
[2015-10-14 12:14:00][debug] begin notify
[2015-10-14 12:14:00][debug] call back test:{"appid":"wx161f19ac48b1f2f3","attach":"\u9a6c\u62c9\u677e\u62a5\u540d","bank_type":"CMB_DEBIT","cash_fee":"6000","fee_type":"CNY","is_subscribe":"N","mch_id":"1268067601","nonce_str":"hs7g2xf5kk8702fqg6kj9wkm95ge0ht4","openid":"ouN6_s79aruxOFqTfviXOVNEWOGM","out_trade_no":"126806760120151014121038","result_code":"SUCCESS","return_code":"SUCCESS","sign":"17FD8BEDA1D37968C761A661EAD7061B","time_end":"20151014121359","total_fee":"6000","trade_type":"JSAPI","transaction_id":"1000800869201510141191472503"}
[2015-10-14 12:14:06][debug] query:{"appid":"wx161f19ac48b1f2f3","attach":"\u9a6c\u62c9\u677e\u62a5\u540d","bank_type":"CMB_DEBIT","cash_fee":"6000","fee_type":"CNY","is_subscribe":"N","mch_id":"1268067601","nonce_str":"86179hTZuUPbXoFe","openid":"ouN6_s79aruxOFqTfviXOVNEWOGM","out_trade_no":"126806760120151014121038","result_code":"SUCCESS","return_code":"SUCCESS","return_msg":"OK","sign":"FF774B77019F29E2435B7064DE4404ED","time_end":"20151014121358","total_fee":"6000","trade_state":"SUCCESS","trade_type":"JSAPI","transaction_id":"1000800869201510141191472503"}
[2015-10-14 12:14:06][debug] call back test:订单查询成功
[2015-10-14 12:14:06][debug] call back test:未入库
[2015-10-14 12:14:06][debug] call back test sql:UPDATE pa_marathon SET ispay =1,transaction_id="1000800869201510141191472503",out_trade_no="126806760120151014121038" WHERE openid ="ouN6_s79aruxOFqTfviXOVNEWOGM"
[2015-10-14 12:14:06][debug] call back test:入库成功
[2015-10-14 12:14:19][debug] begin notify
[2015-10-14 12:14:19][debug] call back test:{"appid":"wx161f19ac48b1f2f3","attach":"\u9a6c\u62c9\u677e\u62a5\u540d","bank_type":"CMB_DEBIT","cash_fee":"6000","fee_type":"CNY","is_subscribe":"N","mch_id":"1268067601","nonce_str":"hs7g2xf5kk8702fqg6kj9wkm95ge0ht4","openid":"ouN6_s79aruxOFqTfviXOVNEWOGM","out_trade_no":"126806760120151014121038","result_code":"SUCCESS","return_code":"SUCCESS","sign":"17FD8BEDA1D37968C761A661EAD7061B","time_end":"20151014121359","total_fee":"6000","trade_type":"JSAPI","transaction_id":"1000800869201510141191472503"}
[2015-10-14 12:14:19][debug] query:{"appid":"wx161f19ac48b1f2f3","attach":"\u9a6c\u62c9\u677e\u62a5\u540d","bank_type":"CMB_DEBIT","cash_fee":"6000","fee_type":"CNY","is_subscribe":"N","mch_id":"1268067601","nonce_str":"o5ZgYOWWl5pd8cSS","openid":"ouN6_s79aruxOFqTfviXOVNEWOGM","out_trade_no":"126806760120151014121038","result_code":"SUCCESS","return_code":"SUCCESS","return_msg":"OK","sign":"6DA4C9A67139755A7C2B1C9A342E2F11","time_end":"20151014121358","total_fee":"6000","trade_state":"SUCCESS","trade_type":"JSAPI","transaction_id":"1000800869201510141191472503"}
[2015-10-14 12:14:19][debug] call back test:订单查询成功
[2015-10-14 12:14:19][debug] call back test:已入库
[2015-10-14 12:23:57][debug] begin notify
[2015-10-14 12:23:57][debug] call back test:{"appid":"wx161f19ac48b1f2f3","attach":"\u9a6c\u62c9\u677e\u62a5\u540d","bank_type":"CFT","cash_fee":"6000","fee_type":"CNY","is_subscribe":"Y","mch_id":"1268067601","nonce_str":"t3ybv7tcqdu8ry8ukv9jystfs5c2tokq","openid":"ouN6_sx-qiyd-LXAaQfYXqs_0vdA","out_trade_no":"126806760120151014122254","result_code":"SUCCESS","return_code":"SUCCESS","sign":"0FF08BB73D9C992E142BCA74D0DDE6D0","time_end":"20151014122356","total_fee":"6000","trade_type":"JSAPI","transaction_id":"1003930869201510141191653106"}
[2015-10-14 12:23:58][debug] query:{"appid":"wx161f19ac48b1f2f3","attach":"\u9a6c\u62c9\u677e\u62a5\u540d","bank_type":"CFT","cash_fee":"6000","fee_type":"CNY","is_subscribe":"Y","mch_id":"1268067601","nonce_str":"fUWHF8j6GAthNOow","openid":"ouN6_sx-qiyd-LXAaQfYXqs_0vdA","out_trade_no":"126806760120151014122254","result_code":"SUCCESS","return_code":"SUCCESS","return_msg":"OK","sign":"DEE06E79D4EBACCE6CFFBD3BD6CA060E","time_end":"20151014122355","total_fee":"6000","trade_state":"SUCCESS","trade_type":"JSAPI","transaction_id":"1003930869201510141191653106"}
[2015-10-14 12:23:58][debug] call back test:订单查询成功
[2015-10-14 12:23:58][debug] call back test:未入库
[2015-10-14 12:23:58][debug] call back test sql:UPDATE pa_marathon SET ispay =1,transaction_id="1003930869201510141191653106",out_trade_no="126806760120151014122254" WHERE openid ="ouN6_sx-qiyd-LXAaQfYXqs_0vdA"
[2015-10-14 12:23:58][debug] call back test:入库成功
[2015-10-14 12:41:49][debug] begin notify
[2015-10-14 12:41:49][debug] call back test:{"appid":"wx161f19ac48b1f2f3","attach":"\u9a6c\u62c9\u677e\u62a5\u540d","bank_type":"ABC_DEBIT","cash_fee":"4000","fee_type":"CNY","is_subscribe":"Y","mch_id":"1268067601","nonce_str":"vbjf97y3dek8mi5sat6np2oecfd1j473","openid":"ouN6_s7xhpIO7Gm182u1VOE3DDpg","out_trade_no":"126806760120151014124052","result_code":"SUCCESS","return_code":"SUCCESS","sign":"6BC210CD39BE5F7ACB52ED3A10CAE0DB","time_end":"20151014124149","total_fee":"4000","trade_type":"JSAPI","transaction_id":"1007520869201510141191939439"}
[2015-10-14 12:41:52][debug] query:{"appid":"wx161f19ac48b1f2f3","attach":"\u9a6c\u62c9\u677e\u62a5\u540d","bank_type":"ABC_DEBIT","cash_fee":"4000","fee_type":"CNY","is_subscribe":"Y","mch_id":"1268067601","nonce_str":"zC2lKbswO6F6EQkB","openid":"ouN6_s7xhpIO7Gm182u1VOE3DDpg","out_trade_no":"126806760120151014124052","result_code":"SUCCESS","return_code":"SUCCESS","return_msg":"OK","sign":"3934AAA208900B31A87734FAF0CB5FC6","time_end":"20151014124148","total_fee":"4000","trade_state":"SUCCESS","trade_type":"JSAPI","transaction_id":"1007520869201510141191939439"}
[2015-10-14 12:41:52][debug] call back test:订单查询成功
[2015-10-14 12:41:52][debug] call back test:未入库
[2015-10-14 12:41:52][debug] call back test sql:UPDATE pa_marathon SET ispay =1,transaction_id="1007520869201510141191939439",out_trade_no="126806760120151014124052" WHERE openid ="ouN6_s7xhpIO7Gm182u1VOE3DDpg"
[2015-10-14 12:41:52][debug] call back test:入库成功
[2015-10-14 12:42:03][debug] begin notify
[2015-10-14 12:42:03][debug] call back test:{"appid":"wx161f19ac48b1f2f3","attach":"\u9a6c\u62c9\u677e\u62a5\u540d","bank_type":"ABC_DEBIT","cash_fee":"4000","fee_type":"CNY","is_subscribe":"Y","mch_id":"1268067601","nonce_str":"vbjf97y3dek8mi5sat6np2oecfd1j473","openid":"ouN6_s7xhpIO7Gm182u1VOE3DDpg","out_trade_no":"126806760120151014124052","result_code":"SUCCESS","return_code":"SUCCESS","sign":"6BC210CD39BE5F7ACB52ED3A10CAE0DB","time_end":"20151014124149","total_fee":"4000","trade_type":"JSAPI","transaction_id":"1007520869201510141191939439"}
[2015-10-14 12:42:03][debug] query:{"appid":"wx161f19ac48b1f2f3","attach":"\u9a6c\u62c9\u677e\u62a5\u540d","bank_type":"ABC_DEBIT","cash_fee":"4000","fee_type":"CNY","is_subscribe":"Y","mch_id":"1268067601","nonce_str":"HcjcB95Ng9ctRpx8","openid":"ouN6_s7xhpIO7Gm182u1VOE3DDpg","out_trade_no":"126806760120151014124052","result_code":"SUCCESS","return_code":"SUCCESS","return_msg":"OK","sign":"FDD4AF3881433BFFF8B6D2FCDE5DDB67","time_end":"20151014124148","total_fee":"4000","trade_state":"SUCCESS","trade_type":"JSAPI","transaction_id":"1007520869201510141191939439"}
[2015-10-14 12:42:03][debug] call back test:订单查询成功
[2015-10-14 12:42:03][debug] call back test:已入库
[2015-10-14 13:33:45][debug] begin notify
[2015-10-14 13:33:45][debug] call back test:{"appid":"wx161f19ac48b1f2f3","attach":"\u9a6c\u62c9\u677e\u62a5\u540d","bank_type":"PSBC_DEBIT","cash_fee":"4000","fee_type":"CNY","is_subscribe":"N","mch_id":"1268067601","nonce_str":"qjihe4lbpnou9e848likf0sx56d1v96t","openid":"ouN6_s4554ITJ0jZiFDySmLXFTj8","out_trade_no":"126806760120151014133305","result_code":"SUCCESS","return_code":"SUCCESS","sign":"4E303FDDB41CD0A6227BD0A2E633F6FD","time_end":"20151014133344","total_fee":"4000","trade_type":"JSAPI","transaction_id":"1000320869201510141192565389"}
[2015-10-14 13:33:45][debug] query:{"appid":"wx161f19ac48b1f2f3","attach":"\u9a6c\u62c9\u677e\u62a5\u540d","bank_type":"PSBC_DEBIT","cash_fee":"4000","fee_type":"CNY","is_subscribe":"N","mch_id":"1268067601","nonce_str":"x4MuPFjJuSm9lNq1","openid":"ouN6_s4554ITJ0jZiFDySmLXFTj8","out_trade_no":"126806760120151014133305","result_code":"SUCCESS","return_code":"SUCCESS","return_msg":"OK","sign":"76A07D4669C2B2DF8FF6940894E9F86B","time_end":"20151014133334","total_fee":"4000","trade_state":"SUCCESS","trade_type":"JSAPI","transaction_id":"1000320869201510141192565389"}
[2015-10-14 13:33:45][debug] call back test:订单查询成功
[2015-10-14 13:33:45][debug] call back test:未入库
[2015-10-14 13:33:45][debug] call back test sql:UPDATE pa_marathon SET ispay =1,transaction_id="1000320869201510141192565389",out_trade_no="126806760120151014133305" WHERE openid ="ouN6_s4554ITJ0jZiFDySmLXFTj8"
[2015-10-14 13:33:45][debug] call back test:入库成功
[2015-10-14 13:44:52][debug] begin notify
[2015-10-14 13:44:52][debug] call back test:{"appid":"wx161f19ac48b1f2f3","attach":"\u9a6c\u62c9\u677e\u62a5\u540d","bank_type":"CFT","cash_fee":"4000","fee_type":"CNY","is_subscribe":"N","mch_id":"1268067601","nonce_str":"sqsxeeqm2gxcwk8jq7w4o90y4b797y2c","openid":"ouN6_s6haRvOsKZA81hDXQzaUoMk","out_trade_no":"126806760120151014134424","result_code":"SUCCESS","return_code":"SUCCESS","sign":"65BEA036BBA20846E34301CBFF6B685F","time_end":"20151014134452","total_fee":"4000","trade_type":"JSAPI","transaction_id":"1002960869201510141192692177"}
[2015-10-14 13:44:52][debug] query:{"appid":"wx161f19ac48b1f2f3","attach":"\u9a6c\u62c9\u677e\u62a5\u540d","bank_type":"CFT","cash_fee":"4000","fee_type":"CNY","is_subscribe":"N","mch_id":"1268067601","nonce_str":"5nqRCXTyrolpcvUJ","openid":"ouN6_s6haRvOsKZA81hDXQzaUoMk","out_trade_no":"126806760120151014134424","result_code":"SUCCESS","return_code":"SUCCESS","return_msg":"OK","sign":"48F083274529AEC55A6EEC129EB28663","time_end":"20151014134451","total_fee":"4000","trade_state":"SUCCESS","trade_type":"JSAPI","transaction_id":"1002960869201510141192692177"}
[2015-10-14 13:44:52][debug] call back test:订单查询成功
[2015-10-14 13:44:52][debug] call back test:未入库
[2015-10-14 13:44:52][debug] call back test sql:UPDATE pa_marathon SET ispay =1,transaction_id="1002960869201510141192692177",out_trade_no="126806760120151014134424" WHERE openid ="ouN6_s6haRvOsKZA81hDXQzaUoMk"
[2015-10-14 13:44:52][debug] call back test:入库成功
[2015-10-14 13:54:26][debug] begin notify
[2015-10-14 13:54:26][debug] call back test:{"appid":"wx161f19ac48b1f2f3","attach":"\u9a6c\u62c9\u677e\u62a5\u540d","bank_type":"CFT","cash_fee":"4000","fee_type":"CNY","is_subscribe":"Y","mch_id":"1268067601","nonce_str":"goojgaedk1nkvheci1690uo99lq29h4e","openid":"ouN6_s6haRvOsKZA81hDXQzaUoMk","out_trade_no":"126806760120151014134557","result_code":"SUCCESS","return_code":"SUCCESS","sign":"1BB85FE4895B7B326460F916BC90D82F","time_end":"20151014135426","total_fee":"4000","trade_type":"JSAPI","transaction_id":"1002960869201510141192808236"}
[2015-10-14 13:54:31][debug] query:{"appid":"wx161f19ac48b1f2f3","attach":"\u9a6c\u62c9\u677e\u62a5\u540d","bank_type":"CFT","cash_fee":"4000","fee_type":"CNY","is_subscribe":"Y","mch_id":"1268067601","nonce_str":"pqtL1zANpk4VDr4U","openid":"ouN6_s6haRvOsKZA81hDXQzaUoMk","out_trade_no":"126806760120151014134557","result_code":"SUCCESS","return_code":"SUCCESS","return_msg":"OK","sign":"AD20B2352A3B90BA74299923098A77E9","time_end":"20151014135425","total_fee":"4000","trade_state":"SUCCESS","trade_type":"JSAPI","transaction_id":"1002960869201510141192808236"}
[2015-10-14 13:54:31][debug] call back test:订单查询成功
[2015-10-14 13:54:31][debug] call back test:未入库
[2015-10-14 13:54:31][debug] call back test sql:UPDATE pa_marathon SET ispay =1,transaction_id="1002960869201510141192808236",out_trade_no="126806760120151014134557" WHERE openid ="ouN6_s6haRvOsKZA81hDXQzaUoMk"
[2015-10-14 13:54:31][debug] call back test:入库成功
[2015-10-14 13:54:38][debug] begin notify
[2015-10-14 13:54:38][debug] call back test:{"appid":"wx161f19ac48b1f2f3","attach":"\u9a6c\u62c9\u677e\u62a5\u540d","bank_type":"CFT","cash_fee":"4000","fee_type":"CNY","is_subscribe":"Y","mch_id":"1268067601","nonce_str":"goojgaedk1nkvheci1690uo99lq29h4e","openid":"ouN6_s6haRvOsKZA81hDXQzaUoMk","out_trade_no":"126806760120151014134557","result_code":"SUCCESS","return_code":"SUCCESS","sign":"1BB85FE4895B7B326460F916BC90D82F","time_end":"20151014135426","total_fee":"4000","trade_type":"JSAPI","transaction_id":"1002960869201510141192808236"}
[2015-10-14 13:54:39][debug] query:{"appid":"wx161f19ac48b1f2f3","attach":"\u9a6c\u62c9\u677e\u62a5\u540d","bank_type":"CFT","cash_fee":"4000","fee_type":"CNY","is_subscribe":"Y","mch_id":"1268067601","nonce_str":"7VapvAtSEJK2kocj","openid":"ouN6_s6haRvOsKZA81hDXQzaUoMk","out_trade_no":"126806760120151014134557","result_code":"SUCCESS","return_code":"SUCCESS","return_msg":"OK","sign":"FB0F579FB107B33AEAD0AF739B48B392","time_end":"20151014135425","total_fee":"4000","trade_state":"SUCCESS","trade_type":"JSAPI","transaction_id":"1002960869201510141192808236"}
[2015-10-14 13:54:39][debug] call back test:订单查询成功
[2015-10-14 13:54:39][debug] call back test:已入库
[2015-10-14 14:28:55][debug] begin notify
[2015-10-14 14:28:55][debug] call back test:{"appid":"wx161f19ac48b1f2f3","attach":"\u9a6c\u62c9\u677e\u62a5\u540d","bank_type":"ICBC_CREDIT","cash_fee":"4000","fee_type":"CNY","is_subscribe":"Y","mch_id":"1268067601","nonce_str":"66fxmg54l1y1kx3i2x9yjz00payhr80h","openid":"ouN6_s3OWv_l28r8sFq-a-s92C4M","out_trade_no":"126806760120151014142758","result_code":"SUCCESS","return_code":"SUCCESS","sign":"1D9FBCCBE551A1244AEA98A70D7392BC","time_end":"20151014142853","total_fee":"4000","trade_type":"JSAPI","transaction_id":"1008680869201510141193158628"}
[2015-10-14 14:28:55][debug] query:{"appid":"wx161f19ac48b1f2f3","attach":"\u9a6c\u62c9\u677e\u62a5\u540d","bank_type":"ICBC_CREDIT","cash_fee":"4000","fee_type":"CNY","is_subscribe":"Y","mch_id":"1268067601","nonce_str":"HAXsPVoXjQBG8lgt","openid":"ouN6_s3OWv_l28r8sFq-a-s92C4M","out_trade_no":"126806760120151014142758","result_code":"SUCCESS","return_code":"SUCCESS","return_msg":"OK","sign":"2C59C2839B7613C1EFC98A435242F9B2","time_end":"20151014142852","total_fee":"4000","trade_state":"SUCCESS","trade_type":"JSAPI","transaction_id":"1008680869201510141193158628"}
[2015-10-14 14:28:55][debug] call back test:订单查询成功
[2015-10-14 14:28:55][debug] call back test:未入库
[2015-10-14 14:28:55][debug] call back test sql:UPDATE pa_marathon SET ispay =1,transaction_id="1008680869201510141193158628",out_trade_no="126806760120151014142758" WHERE openid ="ouN6_s3OWv_l28r8sFq-a-s92C4M"
[2015-10-14 14:28:55][debug] call back test:入库成功
[2015-10-14 14:43:09][debug] begin notify
[2015-10-14 14:43:09][debug] call back test:{"appid":"wx161f19ac48b1f2f3","attach":"\u9a6c\u62c9\u677e\u62a5\u540d","bank_type":"ICBC_DEBIT","cash_fee":"8000","fee_type":"CNY","is_subscribe":"N","mch_id":"1268067601","nonce_str":"00w6v6nbx2632fodbcu0d4z206ap8czz","openid":"ouN6_s4nDrwJILNQTKEmlG41mTjQ","out_trade_no":"126806760120151014144237","result_code":"SUCCESS","return_code":"SUCCESS","sign":"AF9953276A61A1A828B95C33F21F169A","time_end":"20151014144308","total_fee":"8000","trade_type":"JSAPI","transaction_id":"1007400869201510141193277176"}
[2015-10-14 14:43:10][debug] query:{"appid":"wx161f19ac48b1f2f3","attach":"\u9a6c\u62c9\u677e\u62a5\u540d","bank_type":"ICBC_DEBIT","cash_fee":"8000","fee_type":"CNY","is_subscribe":"N","mch_id":"1268067601","nonce_str":"xgYUk9vV0cbdvtHv","openid":"ouN6_s4nDrwJILNQTKEmlG41mTjQ","out_trade_no":"126806760120151014144237","result_code":"SUCCESS","return_code":"SUCCESS","return_msg":"OK","sign":"F7DA8CDFB9BDBD79CFD5D612AE91C807","time_end":"20151014144306","total_fee":"8000","trade_state":"SUCCESS","trade_type":"JSAPI","transaction_id":"1007400869201510141193277176"}
[2015-10-14 14:43:10][debug] call back test:订单查询成功
[2015-10-14 14:43:10][debug] call back test:未入库
[2015-10-14 14:43:10][debug] call back test sql:UPDATE pa_marathon SET ispay =1,transaction_id="1007400869201510141193277176",out_trade_no="126806760120151014144237" WHERE openid ="ouN6_s4nDrwJILNQTKEmlG41mTjQ"
[2015-10-14 14:43:10][debug] call back test:入库成功
[2015-10-14 17:00:37][debug] begin notify
[2015-10-14 17:00:37][debug] call back test:{"appid":"wx161f19ac48b1f2f3","attach":"\u9a6c\u62c9\u677e\u62a5\u540d","bank_type":"CFT","cash_fee":"4000","fee_type":"CNY","is_subscribe":"N","mch_id":"1268067601","nonce_str":"03budszujwbjs8jmgr3fzdcovx4ke265","openid":"ouN6_syJjgatpAo86M4QcdCIGVfw","out_trade_no":"126806760120151014170016","result_code":"SUCCESS","return_code":"SUCCESS","sign":"9C963393D18C23CF80FF611F264DCB42","time_end":"20151014170036","total_fee":"4000","trade_type":"JSAPI","transaction_id":"1005490869201510141194682798"}
[2015-10-14 17:00:37][debug] query:{"appid":"wx161f19ac48b1f2f3","attach":"\u9a6c\u62c9\u677e\u62a5\u540d","bank_type":"CFT","cash_fee":"4000","fee_type":"CNY","is_subscribe":"N","mch_id":"1268067601","nonce_str":"rAtI9tfGV1ZiEKvm","openid":"ouN6_syJjgatpAo86M4QcdCIGVfw","out_trade_no":"126806760120151014170016","result_code":"SUCCESS","return_code":"SUCCESS","return_msg":"OK","sign":"B927E9871E45575F56CE614D302E0E57","time_end":"20151014170036","total_fee":"4000","trade_state":"SUCCESS","trade_type":"JSAPI","transaction_id":"1005490869201510141194682798"}
[2015-10-14 17:00:37][debug] call back test:订单查询成功
[2015-10-14 17:00:37][debug] call back test:未入库
[2015-10-14 17:00:37][debug] call back test sql:UPDATE pa_marathon SET ispay =1,transaction_id="1005490869201510141194682798",out_trade_no="126806760120151014170016" WHERE openid ="ouN6_syJjgatpAo86M4QcdCIGVfw"
[2015-10-14 17:00:37][debug] call back test:入库成功
[2015-10-14 18:44:05][debug] begin notify
[2015-10-14 18:44:05][debug] call back test:{"appid":"wx161f19ac48b1f2f3","attach":"\u9a6c\u62c9\u677e\u62a5\u540d","bank_type":"CMB_CREDIT","cash_fee":"4000","fee_type":"CNY","is_subscribe":"Y","mch_id":"1268067601","nonce_str":"q9hrrkbr4mjhmpan3ys2pyar8vfm9k1v","openid":"ouN6_s5r00YKkIpRvYvuDHyQtVMo","out_trade_no":"126806760120151014184336","result_code":"SUCCESS","return_code":"SUCCESS","sign":"37A283924481B47F84BC8952DFF1E797","time_end":"20151014184405","total_fee":"4000","trade_type":"JSAPI","transaction_id":"1009750869201510141196038539"}
[2015-10-14 18:44:06][debug] query:{"appid":"wx161f19ac48b1f2f3","attach":"\u9a6c\u62c9\u677e\u62a5\u540d","bank_type":"CMB_CREDIT","cash_fee":"4000","fee_type":"CNY","is_subscribe":"Y","mch_id":"1268067601","nonce_str":"MGzEGPhTPy6QQf3a","openid":"ouN6_s5r00YKkIpRvYvuDHyQtVMo","out_trade_no":"126806760120151014184336","result_code":"SUCCESS","return_code":"SUCCESS","return_msg":"OK","sign":"8DA5677D52E7D399D0F8832C95EAA19C","time_end":"20151014184404","total_fee":"4000","trade_state":"SUCCESS","trade_type":"JSAPI","transaction_id":"1009750869201510141196038539"}
[2015-10-14 18:44:06][debug] call back test:订单查询成功
[2015-10-14 18:44:06][debug] call back test:未入库
[2015-10-14 18:44:06][debug] call back test sql:UPDATE pa_marathon SET ispay =1,transaction_id="1009750869201510141196038539",out_trade_no="126806760120151014184336" WHERE openid ="ouN6_s5r00YKkIpRvYvuDHyQtVMo"
[2015-10-14 18:44:06][debug] call back test:入库成功
[2015-10-14 19:38:11][debug] begin notify
[2015-10-14 19:38:11][debug] call back test:{"appid":"wx161f19ac48b1f2f3","attach":"\u9a6c\u62c9\u677e\u62a5\u540d","bank_type":"CCB_CREDIT","cash_fee":"4000","fee_type":"CNY","is_subscribe":"Y","mch_id":"1268067601","nonce_str":"n88hxjfomx1eo3nt1442eq20y3i9p8pb","openid":"ouN6_s1VwN-5gvi3TJuYTsh8ua_I","out_trade_no":"126806760120151014193658","result_code":"SUCCESS","return_code":"SUCCESS","sign":"5927E831CF50F749D04569A03741DEB3","time_end":"20151014193810","total_fee":"4000","trade_type":"JSAPI","transaction_id":"1009880869201510141196735384"}
[2015-10-14 19:38:11][debug] query:{"appid":"wx161f19ac48b1f2f3","attach":"\u9a6c\u62c9\u677e\u62a5\u540d","bank_type":"CCB_CREDIT","cash_fee":"4000","fee_type":"CNY","is_subscribe":"Y","mch_id":"1268067601","nonce_str":"dsf1eTVNKwhsKGZt","openid":"ouN6_s1VwN-5gvi3TJuYTsh8ua_I","out_trade_no":"126806760120151014193658","result_code":"SUCCESS","return_code":"SUCCESS","return_msg":"OK","sign":"DCB840E8988B595543909B91AEC04D5F","time_end":"20151014193810","total_fee":"4000","trade_state":"SUCCESS","trade_type":"JSAPI","transaction_id":"1009880869201510141196735384"}
[2015-10-14 19:38:11][debug] call back test:订单查询成功
[2015-10-14 19:38:11][debug] call back test:未入库
[2015-10-14 19:38:11][debug] call back test sql:UPDATE pa_marathon SET ispay =1,transaction_id="1009880869201510141196735384",out_trade_no="126806760120151014193658" WHERE openid ="ouN6_s1VwN-5gvi3TJuYTsh8ua_I"
[2015-10-14 19:38:11][debug] call back test:入库成功
[2015-10-14 20:35:27][debug] begin notify
[2015-10-14 20:35:27][debug] call back test:{"appid":"wx161f19ac48b1f2f3","attach":"\u9a6c\u62c9\u677e\u62a5\u540d","bank_type":"PSBC_DEBIT","cash_fee":"8000","fee_type":"CNY","is_subscribe":"Y","mch_id":"1268067601","nonce_str":"ou0k8pdczv3cc9f4ria4q5rryyverswf","openid":"ouN6_sxqpnnd_1QRgqUQddJBYLHc","out_trade_no":"126806760120151014203310","result_code":"SUCCESS","return_code":"SUCCESS","sign":"BA201A8BFAAC1C0DA8C7B8B070E72A52","time_end":"20151014203527","total_fee":"8000","trade_type":"JSAPI","transaction_id":"1000110869201510141197383920"}
[2015-10-14 20:35:47][debug] begin notify
[2015-10-14 20:35:47][debug] call back test:{"appid":"wx161f19ac48b1f2f3","attach":"\u9a6c\u62c9\u677e\u62a5\u540d","bank_type":"PSBC_DEBIT","cash_fee":"8000","fee_type":"CNY","is_subscribe":"Y","mch_id":"1268067601","nonce_str":"ou0k8pdczv3cc9f4ria4q5rryyverswf","openid":"ouN6_sxqpnnd_1QRgqUQddJBYLHc","out_trade_no":"126806760120151014203310","result_code":"SUCCESS","return_code":"SUCCESS","sign":"BA201A8BFAAC1C0DA8C7B8B070E72A52","time_end":"20151014203527","total_fee":"8000","trade_type":"JSAPI","transaction_id":"1000110869201510141197383920"}
[2015-10-14 20:36:08][debug] begin notify
[2015-10-14 20:36:08][debug] call back test:{"appid":"wx161f19ac48b1f2f3","attach":"\u9a6c\u62c9\u677e\u62a5\u540d","bank_type":"PSBC_DEBIT","cash_fee":"8000","fee_type":"CNY","is_subscribe":"Y","mch_id":"1268067601","nonce_str":"ou0k8pdczv3cc9f4ria4q5rryyverswf","openid":"ouN6_sxqpnnd_1QRgqUQddJBYLHc","out_trade_no":"126806760120151014203310","result_code":"SUCCESS","return_code":"SUCCESS","sign":"BA201A8BFAAC1C0DA8C7B8B070E72A52","time_end":"20151014203527","total_fee":"8000","trade_type":"JSAPI","transaction_id":"1000110869201510141197383920"}
[2015-10-14 20:36:44][debug] begin notify
[2015-10-14 20:36:44][debug] call back test:{"appid":"wx161f19ac48b1f2f3","attach":"\u9a6c\u62c9\u677e\u62a5\u540d","bank_type":"PSBC_DEBIT","cash_fee":"8000","fee_type":"CNY","is_subscribe":"Y","mch_id":"1268067601","nonce_str":"ou0k8pdczv3cc9f4ria4q5rryyverswf","openid":"ouN6_sxqpnnd_1QRgqUQddJBYLHc","out_trade_no":"126806760120151014203310","result_code":"SUCCESS","return_code":"SUCCESS","sign":"BA201A8BFAAC1C0DA8C7B8B070E72A52","time_end":"20151014203527","total_fee":"8000","trade_type":"JSAPI","transaction_id":"1000110869201510141197383920"}
[2015-10-14 20:39:49][debug] begin notify
[2015-10-14 20:39:49][debug] call back test:{"appid":"wx161f19ac48b1f2f3","attach":"\u9a6c\u62c9\u677e\u62a5\u540d","bank_type":"PSBC_DEBIT","cash_fee":"8000","fee_type":"CNY","is_subscribe":"Y","mch_id":"1268067601","nonce_str":"ou0k8pdczv3cc9f4ria4q5rryyverswf","openid":"ouN6_sxqpnnd_1QRgqUQddJBYLHc","out_trade_no":"126806760120151014203310","result_code":"SUCCESS","return_code":"SUCCESS","sign":"BA201A8BFAAC1C0DA8C7B8B070E72A52","time_end":"20151014203527","total_fee":"8000","trade_type":"JSAPI","transaction_id":"1000110869201510141197383920"}
[2015-10-14 20:39:53][debug] query:{"appid":"wx161f19ac48b1f2f3","attach":"\u9a6c\u62c9\u677e\u62a5\u540d","bank_type":"PSBC_DEBIT","cash_fee":"8000","fee_type":"CNY","is_subscribe":"Y","mch_id":"1268067601","nonce_str":"7tDMtvjC5MPDx2vg","openid":"ouN6_sxqpnnd_1QRgqUQddJBYLHc","out_trade_no":"126806760120151014203310","result_code":"SUCCESS","return_code":"SUCCESS","return_msg":"OK","sign":"7130988971930F0A7BBAEB59DA74D435","time_end":"20151014203514","total_fee":"8000","trade_state":"SUCCESS","trade_type":"JSAPI","transaction_id":"1000110869201510141197383920"}
[2015-10-14 20:39:53][debug] call back test:订单查询成功
[2015-10-14 20:39:53][debug] call back test:未入库
[2015-10-14 20:39:53][debug] call back test sql:UPDATE pa_marathon SET ispay =1,transaction_id="1000110869201510141197383920",out_trade_no="126806760120151014203310" WHERE openid ="ouN6_sxqpnnd_1QRgqUQddJBYLHc"
[2015-10-14 20:39:53][debug] call back test:入库成功
[2015-10-14 21:41:26][debug] begin notify
[2015-10-14 21:41:26][debug] call back test:{"appid":"wx161f19ac48b1f2f3","attach":"\u9a6c\u62c9\u677e\u62a5\u540d","bank_type":"CFT","cash_fee":"4000","fee_type":"CNY","is_subscribe":"N","mch_id":"1268067601","nonce_str":"9c79ywjk2p2iaoil7b6oa0xz0oti5oqr","openid":"ouN6_s1AW4rXBm4IVZVKj_wsFJRY","out_trade_no":"126806760120151014213939","result_code":"SUCCESS","return_code":"SUCCESS","sign":"600CBBB4253EA9A548BBFE14956BE6FA","time_end":"20151014214126","total_fee":"4000","trade_type":"JSAPI","transaction_id":"1008040869201510141198092895"}
[2015-10-14 21:41:26][debug] query:{"appid":"wx161f19ac48b1f2f3","attach":"\u9a6c\u62c9\u677e\u62a5\u540d","bank_type":"CFT","cash_fee":"4000","fee_type":"CNY","is_subscribe":"N","mch_id":"1268067601","nonce_str":"qiauP2qvYDYNl1fn","openid":"ouN6_s1AW4rXBm4IVZVKj_wsFJRY","out_trade_no":"126806760120151014213939","result_code":"SUCCESS","return_code":"SUCCESS","return_msg":"OK","sign":"6315F514B9F7724876EF8995491A2CEC","time_end":"20151014214125","total_fee":"4000","trade_state":"SUCCESS","trade_type":"JSAPI","transaction_id":"1008040869201510141198092895"}
[2015-10-14 21:41:26][debug] call back test:订单查询成功
[2015-10-14 21:41:26][debug] call back test:未入库
[2015-10-14 21:41:26][debug] call back test sql:UPDATE pa_marathon SET ispay =1,transaction_id="1008040869201510141198092895",out_trade_no="126806760120151014213939" WHERE openid ="ouN6_s1AW4rXBm4IVZVKj_wsFJRY"
[2015-10-14 21:41:26][debug] call back test:入库成功
[2015-10-14 21:44:22][debug] begin notify
[2015-10-14 21:44:22][debug] call back test:{"appid":"wx161f19ac48b1f2f3","attach":"\u9a6c\u62c9\u677e\u62a5\u540d","bank_type":"ICBC_DEBIT","cash_fee":"4000","fee_type":"CNY","is_subscribe":"Y","mch_id":"1268067601","nonce_str":"hdyk50clbihnh1nuluhenuqfwaubxequ","openid":"ouN6_s6m5UJBtOC2IYnZzpLVw2Yc","out_trade_no":"126806760120151014214320","result_code":"SUCCESS","return_code":"SUCCESS","sign":"E957D6153DC294F6C973F670115C4B85","time_end":"20151014214422","total_fee":"4000","trade_type":"JSAPI","transaction_id":"1006440869201510141198111183"}
[2015-10-14 21:44:22][debug] query:{"appid":"wx161f19ac48b1f2f3","attach":"\u9a6c\u62c9\u677e\u62a5\u540d","bank_type":"ICBC_DEBIT","cash_fee":"4000","fee_type":"CNY","is_subscribe":"Y","mch_id":"1268067601","nonce_str":"S83Kwfdjgs6WF7QU","openid":"ouN6_s6m5UJBtOC2IYnZzpLVw2Yc","out_trade_no":"126806760120151014214320","result_code":"SUCCESS","return_code":"SUCCESS","return_msg":"OK","sign":"428DE638329B352C64BEA70648B486F6","time_end":"20151014214421","total_fee":"4000","trade_state":"SUCCESS","trade_type":"JSAPI","transaction_id":"1006440869201510141198111183"}
[2015-10-14 21:44:22][debug] call back test:订单查询成功
[2015-10-14 21:44:22][debug] call back test:未入库
[2015-10-14 21:44:22][debug] call back test sql:UPDATE pa_marathon SET ispay =1,transaction_id="1006440869201510141198111183",out_trade_no="126806760120151014214320" WHERE openid ="ouN6_s6m5UJBtOC2IYnZzpLVw2Yc"
[2015-10-14 21:44:22][debug] call back test:入库成功
[2015-10-14 23:08:53][debug] begin notify
[2015-10-14 23:08:53][debug] call back test:{"appid":"wx161f19ac48b1f2f3","attach":"\u9a6c\u62c9\u677e\u62a5\u540d","bank_type":"CCB_DEBIT","cash_fee":"6000","fee_type":"CNY","is_subscribe":"N","mch_id":"1268067601","nonce_str":"8dsgfvnnlrvzr3syjjtmhn24x4c5shwk","openid":"ouN6_sxZWkFTdFBTpy9GwPEN_35U","out_trade_no":"126806760120151014230518","result_code":"SUCCESS","return_code":"SUCCESS","sign":"51DBE1FAF2713CA89B99BA90E030779E","time_end":"20151014230842","total_fee":"6000","trade_type":"JSAPI","transaction_id":"1006050869201510141198798740"}
[2015-10-14 23:08:59][debug] query:{"appid":"wx161f19ac48b1f2f3","attach":"\u9a6c\u62c9\u677e\u62a5\u540d","bank_type":"CCB_DEBIT","cash_fee":"6000","fee_type":"CNY","is_subscribe":"N","mch_id":"1268067601","nonce_str":"8J2qjpvnezcQ3GA2","openid":"ouN6_sxZWkFTdFBTpy9GwPEN_35U","out_trade_no":"126806760120151014230518","result_code":"SUCCESS","return_code":"SUCCESS","return_msg":"OK","sign":"FCDC28C8C91DF8C39389E7A6A4853CDF","time_end":"20151014230748","total_fee":"6000","trade_state":"SUCCESS","trade_type":"JSAPI","transaction_id":"1006050869201510141198798740"}
[2015-10-14 23:08:59][debug] call back test:订单查询成功
[2015-10-14 23:08:59][debug] call back test:未入库
[2015-10-14 23:08:59][debug] call back test sql:UPDATE pa_marathon SET ispay =1,transaction_id="1006050869201510141198798740",out_trade_no="126806760120151014230518" WHERE openid ="ouN6_sxZWkFTdFBTpy9GwPEN_35U"
[2015-10-14 23:08:59][debug] call back test:入库成功
[2015-10-14 23:09:14][debug] begin notify
[2015-10-14 23:09:14][debug] call back test:{"appid":"wx161f19ac48b1f2f3","attach":"\u9a6c\u62c9\u677e\u62a5\u540d","bank_type":"CCB_DEBIT","cash_fee":"6000","fee_type":"CNY","is_subscribe":"N","mch_id":"1268067601","nonce_str":"8dsgfvnnlrvzr3syjjtmhn24x4c5shwk","openid":"ouN6_sxZWkFTdFBTpy9GwPEN_35U","out_trade_no":"126806760120151014230518","result_code":"SUCCESS","return_code":"SUCCESS","sign":"51DBE1FAF2713CA89B99BA90E030779E","time_end":"20151014230842","total_fee":"6000","trade_type":"JSAPI","transaction_id":"1006050869201510141198798740"}
[2015-10-14 23:09:14][debug] query:{"appid":"wx161f19ac48b1f2f3","attach":"\u9a6c\u62c9\u677e\u62a5\u540d","bank_type":"CCB_DEBIT","cash_fee":"6000","fee_type":"CNY","is_subscribe":"Y","mch_id":"1268067601","nonce_str":"wDfZXbPfoxL7m2Wg","openid":"ouN6_sxZWkFTdFBTpy9GwPEN_35U","out_trade_no":"126806760120151014230518","result_code":"SUCCESS","return_code":"SUCCESS","return_msg":"OK","sign":"DD53C44F79F4ACE839ECD03CED92E301","time_end":"20151014230748","total_fee":"6000","trade_state":"SUCCESS","trade_type":"JSAPI","transaction_id":"1006050869201510141198798740"}
[2015-10-14 23:09:14][debug] call back test:订单查询成功
[2015-10-14 23:09:14][debug] call back test:已入库
[2015-10-14 23:17:35][debug] begin notify
[2015-10-14 23:17:35][debug] call back test:{"appid":"wx161f19ac48b1f2f3","attach":"\u9a6c\u62c9\u677e\u62a5\u540d","bank_type":"CFT","cash_fee":"4000","fee_type":"CNY","is_subscribe":"N","mch_id":"1268067601","nonce_str":"6x9h76zqevu1qvurf9k73qm9qorhml45","openid":"ouN6_swSVT8msomPfNAcOilhRbcs","out_trade_no":"126806760120151014231550","result_code":"SUCCESS","return_code":"SUCCESS","sign":"C514ABF0F523859A4387491BBBB8CDA7","time_end":"20151014231735","total_fee":"4000","trade_type":"JSAPI","transaction_id":"1005360869201510141198866963"}
[2015-10-14 23:17:35][debug] query:{"appid":"wx161f19ac48b1f2f3","attach":"\u9a6c\u62c9\u677e\u62a5\u540d","bank_type":"CFT","cash_fee":"4000","fee_type":"CNY","is_subscribe":"N","mch_id":"1268067601","nonce_str":"JHp3HTEfGd2URehZ","openid":"ouN6_swSVT8msomPfNAcOilhRbcs","out_trade_no":"126806760120151014231550","result_code":"SUCCESS","return_code":"SUCCESS","return_msg":"OK","sign":"7EAECB6DCA9CA5B6D3D2742D642430E4","time_end":"20151014231734","total_fee":"4000","trade_state":"SUCCESS","trade_type":"JSAPI","transaction_id":"1005360869201510141198866963"}
[2015-10-14 23:17:35][debug] call back test:订单查询成功
[2015-10-14 23:17:35][debug] call back test:未入库
[2015-10-14 23:17:35][debug] call back test sql:UPDATE pa_marathon SET ispay =1,transaction_id="1005360869201510141198866963",out_trade_no="126806760120151014231550" WHERE openid ="ouN6_swSVT8msomPfNAcOilhRbcs"
[2015-10-14 23:17:35][debug] call back test:入库成功
