[2015-10-21 00:12:29][debug] begin notify
[2015-10-21 00:12:29][debug] call back test:{"appid":"wx161f19ac48b1f2f3","attach":"\u9a6c\u62c9\u677e\u62a5\u540d","bank_type":"CMB_CREDIT","cash_fee":"8000","fee_type":"CNY","is_subscribe":"Y","mch_id":"1268067601","nonce_str":"l8v3vj2exjyilpynjoo034oitvftgdc4","openid":"ouN6_sxmzm0Fh-hAkSILVl04G2tA","out_trade_no":"126806760120151021001212","result_code":"SUCCESS","return_code":"SUCCESS","sign":"AD65E3B17F563D94AE0765E2D928468A","time_end":"20151021001229","total_fee":"8000","trade_type":"JSAPI","transaction_id":"1005040869201510211272494293"}
[2015-10-21 00:12:30][debug] query:{"appid":"wx161f19ac48b1f2f3","attach":"\u9a6c\u62c9\u677e\u62a5\u540d","bank_type":"CMB_CREDIT","cash_fee":"8000","fee_type":"CNY","is_subscribe":"Y","mch_id":"1268067601","nonce_str":"vGi4ruW0Jer51dHT","openid":"ouN6_sxmzm0Fh-hAkSILVl04G2tA","out_trade_no":"126806760120151021001212","result_code":"SUCCESS","return_code":"SUCCESS","return_msg":"OK","sign":"7C47DA681CE5F68BD497077C6EF73D02","time_end":"20151021001228","total_fee":"8000","trade_state":"SUCCESS","trade_type":"JSAPI","transaction_id":"1005040869201510211272494293"}
[2015-10-21 00:12:30][debug] call back test:订单查询成功
[2015-10-21 00:12:30][debug] call back test:未入库
[2015-10-21 00:12:30][debug] call back test sql:UPDATE pa_marathon SET ispay =1,transaction_id="1005040869201510211272494293",out_trade_no="126806760120151021001212" WHERE openid ="ouN6_sxmzm0Fh-hAkSILVl04G2tA"
[2015-10-21 00:12:30][debug] call back test:入库成功
[2015-10-21 00:18:29][debug] begin notify
[2015-10-21 00:18:29][debug] call back test:{"appid":"wx161f19ac48b1f2f3","attach":"\u9a6c\u62c9\u677e\u62a5\u540d","bank_type":"CFT","cash_fee":"6000","fee_type":"CNY","is_subscribe":"Y","mch_id":"1268067601","nonce_str":"7nkrjzatq8yw8e29pe8uwe2ie9wvu40y","openid":"ouN6_s7X1BI5kjbBI_D7seLIe0N4","out_trade_no":"126806760120151020221128","result_code":"SUCCESS","return_code":"SUCCESS","sign":"76D049BC01E2BC1D1CAD0C16D8A01BEF","time_end":"20151020221344","total_fee":"6000","trade_type":"JSAPI","transaction_id":"1001560869201510201271687096"}
[2015-10-21 00:18:33][debug] query:{"appid":"wx161f19ac48b1f2f3","attach":"\u9a6c\u62c9\u677e\u62a5\u540d","bank_type":"CFT","cash_fee":"6000","fee_type":"CNY","is_subscribe":"Y","mch_id":"1268067601","nonce_str":"PsUtsGE7epeMFkiJ","openid":"ouN6_s7X1BI5kjbBI_D7seLIe0N4","out_trade_no":"126806760120151020221128","result_code":"SUCCESS","return_code":"SUCCESS","return_msg":"OK","sign":"4DCDD6AFC5477C4EF6A3BA099C9226A3","time_end":"20151020221344","total_fee":"6000","trade_state":"SUCCESS","trade_type":"JSAPI","transaction_id":"1001560869201510201271687096"}
[2015-10-21 00:18:33][debug] call back test:订单查询成功
[2015-10-21 00:18:33][debug] call back test:已入库
[2015-10-21 03:15:40][debug] begin notify
[2015-10-21 03:15:40][debug] call back test:{"appid":"wx161f19ac48b1f2f3","attach":"\u9a6c\u62c9\u677e\u62a5\u540d","bank_type":"CMB_DEBIT","cash_fee":"4000","fee_type":"CNY","is_subscribe":"Y","mch_id":"1268067601","nonce_str":"we55sxq6d1are99gps84nf3y2i9krlhs","openid":"ouN6_s6rwCF5brR2B1pR-3zJIJUw","out_trade_no":"126806760120151021031403","result_code":"SUCCESS","return_code":"SUCCESS","sign":"9C4B9BDAA84F394B32531509401399CA","time_end":"20151021031539","total_fee":"4000","trade_type":"JSAPI","transaction_id":"1008600869201510211272903515"}
[2015-10-21 03:15:40][debug] query:{"appid":"wx161f19ac48b1f2f3","attach":"\u9a6c\u62c9\u677e\u62a5\u540d","bank_type":"CMB_DEBIT","cash_fee":"4000","fee_type":"CNY","is_subscribe":"Y","mch_id":"1268067601","nonce_str":"nMBnp7Wkan0yaCtg","openid":"ouN6_s6rwCF5brR2B1pR-3zJIJUw","out_trade_no":"126806760120151021031403","result_code":"SUCCESS","return_code":"SUCCESS","return_msg":"OK","sign":"32BCC565259EB68DD79138277F1B2FF0","time_end":"20151021031538","total_fee":"4000","trade_state":"SUCCESS","trade_type":"JSAPI","transaction_id":"1008600869201510211272903515"}
[2015-10-21 03:15:40][debug] call back test:订单查询成功
[2015-10-21 03:15:40][debug] call back test:未入库
[2015-10-21 03:15:40][debug] call back test sql:UPDATE pa_marathon SET ispay =1,transaction_id="1008600869201510211272903515",out_trade_no="126806760120151021031403" WHERE openid ="ouN6_s6rwCF5brR2B1pR-3zJIJUw"
[2015-10-21 03:15:40][debug] call back test:入库成功
[2015-10-21 03:17:05][debug] begin notify
[2015-10-21 03:17:05][debug] call back test:{"appid":"wx161f19ac48b1f2f3","attach":"\u9a6c\u62c9\u677e\u62a5\u540d","bank_type":"CMB_DEBIT","cash_fee":"4000","fee_type":"CNY","is_subscribe":"Y","mch_id":"1268067601","nonce_str":"nxcohg91vakdfaot8bn61g7e2fmmo5wn","openid":"ouN6_s6rwCF5brR2B1pR-3zJIJUw","out_trade_no":"126806760120151021031651","result_code":"SUCCESS","return_code":"SUCCESS","sign":"1AF9A4B0F19DBF8B460F69136186BB5A","time_end":"20151021031704","total_fee":"4000","trade_type":"JSAPI","transaction_id":"1008600869201510211272918451"}
[2015-10-21 03:17:05][debug] query:{"appid":"wx161f19ac48b1f2f3","attach":"\u9a6c\u62c9\u677e\u62a5\u540d","bank_type":"CMB_DEBIT","cash_fee":"4000","fee_type":"CNY","is_subscribe":"Y","mch_id":"1268067601","nonce_str":"rPdvzSo167E9OaSM","openid":"ouN6_s6rwCF5brR2B1pR-3zJIJUw","out_trade_no":"126806760120151021031651","result_code":"SUCCESS","return_code":"SUCCESS","return_msg":"OK","sign":"30DF4DC1E8E45400A7A621384238C932","time_end":"20151021031703","total_fee":"4000","trade_state":"SUCCESS","trade_type":"JSAPI","transaction_id":"1008600869201510211272918451"}
[2015-10-21 03:17:05][debug] call back test:订单查询成功
[2015-10-21 03:17:05][debug] call back test:未入库
[2015-10-21 03:17:05][debug] call back test sql:UPDATE pa_marathon SET ispay =1,transaction_id="1008600869201510211272918451",out_trade_no="126806760120151021031651" WHERE openid ="ouN6_s6rwCF5brR2B1pR-3zJIJUw"
[2015-10-21 03:17:05][debug] call back test:入库成功
[2015-10-21 08:06:21][debug] begin notify
[2015-10-21 08:06:21][debug] call back test:{"appid":"wx161f19ac48b1f2f3","attach":"\u9a6c\u62c9\u677e\u62a5\u540d","bank_type":"BOC_DEBIT","cash_fee":"4000","fee_type":"CNY","is_subscribe":"Y","mch_id":"1268067601","nonce_str":"z5sguvbpx0yzsb3a6rqbj9ctbh6suzc9","openid":"ouN6_s4CjBWQJzJJOLAuFhgJxnUs","out_trade_no":"126806760120151021080534","result_code":"SUCCESS","return_code":"SUCCESS","sign":"9F999FDB25842F69F5C81B4BE51285E4","time_end":"20151021080621","total_fee":"4000","trade_type":"JSAPI","transaction_id":"1004480869201510211273359335"}
[2015-10-21 08:06:22][debug] query:{"appid":"wx161f19ac48b1f2f3","attach":"\u9a6c\u62c9\u677e\u62a5\u540d","bank_type":"BOC_DEBIT","cash_fee":"4000","fee_type":"CNY","is_subscribe":"Y","mch_id":"1268067601","nonce_str":"xilCsaMUeAkDJyup","openid":"ouN6_s4CjBWQJzJJOLAuFhgJxnUs","out_trade_no":"126806760120151021080534","result_code":"SUCCESS","return_code":"SUCCESS","return_msg":"OK","sign":"49D4090147355229EB0A3AFA3FD3FF25","time_end":"20151021080620","total_fee":"4000","trade_state":"SUCCESS","trade_type":"JSAPI","transaction_id":"1004480869201510211273359335"}
[2015-10-21 08:06:22][debug] call back test:订单查询成功
[2015-10-21 08:06:22][debug] call back test:未入库
[2015-10-21 08:06:22][debug] call back test sql:UPDATE pa_marathon SET ispay =1,transaction_id="1004480869201510211273359335",out_trade_no="126806760120151021080534" WHERE openid ="ouN6_s4CjBWQJzJJOLAuFhgJxnUs"
[2015-10-21 08:06:22][debug] call back test:入库成功
[2015-10-21 08:30:02][debug] begin notify
[2015-10-21 08:30:02][debug] call back test:{"appid":"wx161f19ac48b1f2f3","attach":"\u9a6c\u62c9\u677e\u62a5\u540d","bank_type":"COMM_DEBIT","cash_fee":"6000","fee_type":"CNY","is_subscribe":"N","mch_id":"1268067601","nonce_str":"qotr3mk8bvwqs1xdbq0qxwewch953dpv","openid":"ouN6_sxo8YrC833VG76aMcv47Fpo","out_trade_no":"126806760120151021082730","result_code":"SUCCESS","return_code":"SUCCESS","sign":"F22C312960E836D1B3FA4D047B8C8BDC","time_end":"20151021083001","total_fee":"6000","trade_type":"JSAPI","transaction_id":"1007880869201510211273511075"}
[2015-10-21 08:30:05][debug] query:{"appid":"wx161f19ac48b1f2f3","attach":"\u9a6c\u62c9\u677e\u62a5\u540d","bank_type":"COMM_DEBIT","cash_fee":"6000","fee_type":"CNY","is_subscribe":"N","mch_id":"1268067601","nonce_str":"298TIFZTinbomabK","openid":"ouN6_sxo8YrC833VG76aMcv47Fpo","out_trade_no":"126806760120151021082730","result_code":"SUCCESS","return_code":"SUCCESS","return_msg":"OK","sign":"B08E87E74C6FB831FF060C41D9D04430","time_end":"20151021083000","total_fee":"6000","trade_state":"SUCCESS","trade_type":"JSAPI","transaction_id":"1007880869201510211273511075"}
[2015-10-21 08:30:05][debug] call back test:订单查询成功
[2015-10-21 08:30:05][debug] call back test:未入库
[2015-10-21 08:30:05][debug] call back test sql:UPDATE pa_marathon SET ispay =1,transaction_id="1007880869201510211273511075",out_trade_no="126806760120151021082730" WHERE openid ="ouN6_sxo8YrC833VG76aMcv47Fpo"
[2015-10-21 08:30:05][debug] call back test:入库成功
[2015-10-21 08:30:17][debug] begin notify
[2015-10-21 08:30:17][debug] call back test:{"appid":"wx161f19ac48b1f2f3","attach":"\u9a6c\u62c9\u677e\u62a5\u540d","bank_type":"COMM_DEBIT","cash_fee":"6000","fee_type":"CNY","is_subscribe":"N","mch_id":"1268067601","nonce_str":"qotr3mk8bvwqs1xdbq0qxwewch953dpv","openid":"ouN6_sxo8YrC833VG76aMcv47Fpo","out_trade_no":"126806760120151021082730","result_code":"SUCCESS","return_code":"SUCCESS","sign":"F22C312960E836D1B3FA4D047B8C8BDC","time_end":"20151021083001","total_fee":"6000","trade_type":"JSAPI","transaction_id":"1007880869201510211273511075"}
[2015-10-21 08:30:18][debug] query:{"appid":"wx161f19ac48b1f2f3","attach":"\u9a6c\u62c9\u677e\u62a5\u540d","bank_type":"COMM_DEBIT","cash_fee":"6000","fee_type":"CNY","is_subscribe":"Y","mch_id":"1268067601","nonce_str":"OlTYHICd1yDBqK2R","openid":"ouN6_sxo8YrC833VG76aMcv47Fpo","out_trade_no":"126806760120151021082730","result_code":"SUCCESS","return_code":"SUCCESS","return_msg":"OK","sign":"28B70D78B27FCDB7BC201321AFDE2599","time_end":"20151021083000","total_fee":"6000","trade_state":"SUCCESS","trade_type":"JSAPI","transaction_id":"1007880869201510211273511075"}
[2015-10-21 08:30:18][debug] call back test:订单查询成功
[2015-10-21 08:30:18][debug] call back test:已入库
[2015-10-21 08:32:09][debug] begin notify
[2015-10-21 08:32:09][debug] call back test:{"appid":"wx161f19ac48b1f2f3","attach":"\u9a6c\u62c9\u677e\u62a5\u540d","bank_type":"ABC_DEBIT","cash_fee":"4000","fee_type":"CNY","is_subscribe":"Y","mch_id":"1268067601","nonce_str":"37t8n15p1dovb426bfqdatkghs40kvss","openid":"ouN6_s_09RMruW85ilpWt361wsI4","out_trade_no":"126806760120151021082807","result_code":"SUCCESS","return_code":"SUCCESS","sign":"53C7D0A85DBC5FA2FACF8A1B2DCCB39C","time_end":"20151021083159","total_fee":"4000","trade_type":"JSAPI","transaction_id":"1004810869201510211273487956"}
[2015-10-21 08:32:12][debug] query:{"appid":"wx161f19ac48b1f2f3","attach":"\u9a6c\u62c9\u677e\u62a5\u540d","bank_type":"ABC_DEBIT","cash_fee":"4000","fee_type":"CNY","is_subscribe":"Y","mch_id":"1268067601","nonce_str":"TBB3wEr2qZRIuXYy","openid":"ouN6_s_09RMruW85ilpWt361wsI4","out_trade_no":"126806760120151021082807","result_code":"SUCCESS","return_code":"SUCCESS","return_msg":"OK","sign":"D54D038084B5BA5681C70834C487D2AA","time_end":"20151021083020","total_fee":"4000","trade_state":"SUCCESS","trade_type":"JSAPI","transaction_id":"1004810869201510211273487956"}
[2015-10-21 08:32:12][debug] call back test:订单查询成功
[2015-10-21 08:32:12][debug] call back test:未入库
[2015-10-21 08:32:12][debug] call back test sql:UPDATE pa_marathon SET ispay =1,transaction_id="1004810869201510211273487956",out_trade_no="126806760120151021082807" WHERE openid ="ouN6_s_09RMruW85ilpWt361wsI4"
[2015-10-21 08:32:12][debug] call back test:入库成功
[2015-10-21 09:19:57][debug] begin notify
[2015-10-21 09:19:57][debug] call back test:{"appid":"wx161f19ac48b1f2f3","attach":"\u9a6c\u62c9\u677e\u62a5\u540d","bank_type":"PSBC_DEBIT","cash_fee":"8000","fee_type":"CNY","is_subscribe":"Y","mch_id":"1268067601","nonce_str":"b7nbxei6mfqn0phhkf6b9g1dga4x55bi","openid":"ouN6_s8ipFiZSs_bVqXv8NNHYpg4","out_trade_no":"126806760120151021091713","result_code":"SUCCESS","return_code":"SUCCESS","sign":"FAFC6B95B558CC2F53C0F37082F6F20D","time_end":"20151021091956","total_fee":"8000","trade_type":"JSAPI","transaction_id":"1002250869201510211273861650"}
[2015-10-21 09:20:01][debug] query:{"appid":"wx161f19ac48b1f2f3","attach":"\u9a6c\u62c9\u677e\u62a5\u540d","bank_type":"PSBC_DEBIT","cash_fee":"8000","fee_type":"CNY","is_subscribe":"Y","mch_id":"1268067601","nonce_str":"h8eLUHcAT7uoImP4","openid":"ouN6_s8ipFiZSs_bVqXv8NNHYpg4","out_trade_no":"126806760120151021091713","result_code":"SUCCESS","return_code":"SUCCESS","return_msg":"OK","sign":"CF4E82DBC67B9B0A910F3D6AF3FB090A","time_end":"20151021091937","total_fee":"8000","trade_state":"SUCCESS","trade_type":"JSAPI","transaction_id":"1002250869201510211273861650"}
[2015-10-21 09:20:01][debug] call back test:订单查询成功
[2015-10-21 09:20:01][debug] call back test:未入库
[2015-10-21 09:20:01][debug] call back test sql:UPDATE pa_marathon SET ispay =1,transaction_id="1002250869201510211273861650",out_trade_no="126806760120151021091713" WHERE openid ="ouN6_s8ipFiZSs_bVqXv8NNHYpg4"
[2015-10-21 09:20:01][debug] call back test:入库成功
[2015-10-21 09:20:10][debug] begin notify
[2015-10-21 09:20:10][debug] call back test:{"appid":"wx161f19ac48b1f2f3","attach":"\u9a6c\u62c9\u677e\u62a5\u540d","bank_type":"PSBC_DEBIT","cash_fee":"8000","fee_type":"CNY","is_subscribe":"Y","mch_id":"1268067601","nonce_str":"b7nbxei6mfqn0phhkf6b9g1dga4x55bi","openid":"ouN6_s8ipFiZSs_bVqXv8NNHYpg4","out_trade_no":"126806760120151021091713","result_code":"SUCCESS","return_code":"SUCCESS","sign":"FAFC6B95B558CC2F53C0F37082F6F20D","time_end":"20151021091956","total_fee":"8000","trade_type":"JSAPI","transaction_id":"1002250869201510211273861650"}
[2015-10-21 09:20:10][debug] query:{"appid":"wx161f19ac48b1f2f3","attach":"\u9a6c\u62c9\u677e\u62a5\u540d","bank_type":"PSBC_DEBIT","cash_fee":"8000","fee_type":"CNY","is_subscribe":"Y","mch_id":"1268067601","nonce_str":"WY8zeyvdWhCIUAsE","openid":"ouN6_s8ipFiZSs_bVqXv8NNHYpg4","out_trade_no":"126806760120151021091713","result_code":"SUCCESS","return_code":"SUCCESS","return_msg":"OK","sign":"548D9A592C958C3FD348397429C3C4F0","time_end":"20151021091937","total_fee":"8000","trade_state":"SUCCESS","trade_type":"JSAPI","transaction_id":"1002250869201510211273861650"}
[2015-10-21 09:20:10][debug] call back test:订单查询成功
[2015-10-21 09:20:10][debug] call back test:已入库
[2015-10-21 09:26:17][debug] begin notify
[2015-10-21 09:26:17][debug] call back test:{"appid":"wx161f19ac48b1f2f3","attach":"\u9a6c\u62c9\u677e\u62a5\u540d","bank_type":"CCB_DEBIT","cash_fee":"4000","fee_type":"CNY","is_subscribe":"Y","mch_id":"1268067601","nonce_str":"u1vugxeb2cvxnkgakq2apotjb3dgxl11","openid":"ouN6_s1LTXwHP4XOdNayNu1EUkXw","out_trade_no":"126806760120151021092422","result_code":"SUCCESS","return_code":"SUCCESS","sign":"78D7B84BFD485D21308B5F7DC89B7D85","time_end":"20151021092617","total_fee":"4000","trade_type":"JSAPI","transaction_id":"1004760869201510211273916345"}
[2015-10-21 09:26:18][debug] query:{"appid":"wx161f19ac48b1f2f3","attach":"\u9a6c\u62c9\u677e\u62a5\u540d","bank_type":"CCB_DEBIT","cash_fee":"4000","fee_type":"CNY","is_subscribe":"Y","mch_id":"1268067601","nonce_str":"2PeG40MQNE3n5ic5","openid":"ouN6_s1LTXwHP4XOdNayNu1EUkXw","out_trade_no":"126806760120151021092422","result_code":"SUCCESS","return_code":"SUCCESS","return_msg":"OK","sign":"CF423639C2A58FEDFD8DC56243375964","time_end":"20151021092616","total_fee":"4000","trade_state":"SUCCESS","trade_type":"JSAPI","transaction_id":"1004760869201510211273916345"}
[2015-10-21 09:26:18][debug] call back test:订单查询成功
[2015-10-21 09:26:18][debug] call back test:未入库
[2015-10-21 09:26:18][debug] call back test sql:UPDATE pa_marathon SET ispay =1,transaction_id="1004760869201510211273916345",out_trade_no="126806760120151021092422" WHERE openid ="ouN6_s1LTXwHP4XOdNayNu1EUkXw"
[2015-10-21 09:26:18][debug] call back test:入库成功
[2015-10-21 09:37:09][debug] begin notify
[2015-10-21 09:37:09][debug] call back test:{"appid":"wx161f19ac48b1f2f3","attach":"\u9a6c\u62c9\u677e\u62a5\u540d","bank_type":"ABC_DEBIT","cash_fee":"6000","fee_type":"CNY","is_subscribe":"Y","mch_id":"1268067601","nonce_str":"z0twfmjizo821ny0yixdf9vh45iqho27","openid":"ouN6_syrhfyre_70inThq9plW8nk","out_trade_no":"126806760120151021093555","result_code":"SUCCESS","return_code":"SUCCESS","sign":"57010C3CEA318C91C7157DE9ED256B0E","time_end":"20151021093708","total_fee":"6000","trade_type":"JSAPI","transaction_id":"1000880869201510211274022647"}
[2015-10-21 09:37:10][debug] query:{"appid":"wx161f19ac48b1f2f3","attach":"\u9a6c\u62c9\u677e\u62a5\u540d","bank_type":"ABC_DEBIT","cash_fee":"6000","fee_type":"CNY","is_subscribe":"Y","mch_id":"1268067601","nonce_str":"oioWZotZ3cES9i30","openid":"ouN6_syrhfyre_70inThq9plW8nk","out_trade_no":"126806760120151021093555","result_code":"SUCCESS","return_code":"SUCCESS","return_msg":"OK","sign":"ECEABDB954190DB5AAC57C3AAA1AE149","time_end":"20151021093707","total_fee":"6000","trade_state":"SUCCESS","trade_type":"JSAPI","transaction_id":"1000880869201510211274022647"}
[2015-10-21 09:37:10][debug] call back test:订单查询成功
[2015-10-21 09:37:10][debug] call back test:未入库
[2015-10-21 09:37:10][debug] call back test sql:UPDATE pa_marathon SET ispay =1,transaction_id="1000880869201510211274022647",out_trade_no="126806760120151021093555" WHERE openid ="ouN6_syrhfyre_70inThq9plW8nk"
[2015-10-21 09:37:10][debug] call back test:入库成功
[2015-10-21 10:03:40][debug] begin notify
[2015-10-21 10:03:40][debug] call back test:{"appid":"wx161f19ac48b1f2f3","attach":"\u9a6c\u62c9\u677e\u62a5\u540d","bank_type":"CCB_DEBIT","cash_fee":"4000","fee_type":"CNY","is_subscribe":"Y","mch_id":"1268067601","nonce_str":"lh06jzsg3igjyscprpmczjhk7wwsozqp","openid":"ouN6_s1LTXwHP4XOdNayNu1EUkXw","out_trade_no":"126806760120151021100223","result_code":"SUCCESS","return_code":"SUCCESS","sign":"4243045E375F8AB14545C882989C12CE","time_end":"20151021100338","total_fee":"4000","trade_type":"JSAPI","transaction_id":"1004760869201510211274264906"}
[2015-10-21 10:03:40][debug] query:{"appid":"wx161f19ac48b1f2f3","attach":"\u9a6c\u62c9\u677e\u62a5\u540d","bank_type":"CCB_DEBIT","cash_fee":"4000","fee_type":"CNY","is_subscribe":"Y","mch_id":"1268067601","nonce_str":"wHuLR7gKcqC4hZeq","openid":"ouN6_s1LTXwHP4XOdNayNu1EUkXw","out_trade_no":"126806760120151021100223","result_code":"SUCCESS","return_code":"SUCCESS","return_msg":"OK","sign":"9C42F9012C79FB557034423EA9AAE826","time_end":"20151021100337","total_fee":"4000","trade_state":"SUCCESS","trade_type":"JSAPI","transaction_id":"1004760869201510211274264906"}
[2015-10-21 10:03:40][debug] call back test:订单查询成功
[2015-10-21 10:03:40][debug] call back test:未入库
[2015-10-21 10:03:40][debug] call back test sql:UPDATE pa_marathon SET ispay =1,transaction_id="1004760869201510211274264906",out_trade_no="126806760120151021100223" WHERE openid ="ouN6_s1LTXwHP4XOdNayNu1EUkXw"
[2015-10-21 10:03:40][debug] call back test:入库成功
[2015-10-21 10:45:03][debug] begin notify
[2015-10-21 10:45:03][debug] call back test:{"appid":"wx161f19ac48b1f2f3","attach":"\u9a6c\u62c9\u677e\u62a5\u540d","bank_type":"CMB_CREDIT","cash_fee":"4000","fee_type":"CNY","is_subscribe":"Y","mch_id":"1268067601","nonce_str":"ebnthatgrc6k66o7sdo70usdfwgcuwlz","openid":"ouN6_s-hlb1ehyuUfMJU9d9qPyYg","out_trade_no":"126806760120151021104358","result_code":"SUCCESS","return_code":"SUCCESS","sign":"D86C214558DBB1FFB073A7A47AEBD425","time_end":"20151021104502","total_fee":"4000","trade_type":"JSAPI","transaction_id":"1003070869201510211274719501"}
[2015-10-21 10:45:03][debug] query:{"appid":"wx161f19ac48b1f2f3","attach":"\u9a6c\u62c9\u677e\u62a5\u540d","bank_type":"CMB_CREDIT","cash_fee":"4000","fee_type":"CNY","is_subscribe":"Y","mch_id":"1268067601","nonce_str":"z23ycWjoJqceJgCT","openid":"ouN6_s-hlb1ehyuUfMJU9d9qPyYg","out_trade_no":"126806760120151021104358","result_code":"SUCCESS","return_code":"SUCCESS","return_msg":"OK","sign":"23DE2535B45F701C4E3E449CB52F8E82","time_end":"20151021104502","total_fee":"4000","trade_state":"SUCCESS","trade_type":"JSAPI","transaction_id":"1003070869201510211274719501"}
[2015-10-21 10:45:03][debug] call back test:订单查询成功
[2015-10-21 10:45:03][debug] call back test:未入库
[2015-10-21 10:45:03][debug] call back test sql:UPDATE pa_marathon SET ispay =1,transaction_id="1003070869201510211274719501",out_trade_no="126806760120151021104358" WHERE openid ="ouN6_s-hlb1ehyuUfMJU9d9qPyYg"
[2015-10-21 10:45:03][debug] call back test:入库成功
[2015-10-21 10:49:28][debug] begin notify
[2015-10-21 10:49:28][debug] call back test:{"appid":"wx161f19ac48b1f2f3","attach":"\u9a6c\u62c9\u677e\u62a5\u540d","bank_type":"ABC_DEBIT","cash_fee":"4000","fee_type":"CNY","is_subscribe":"Y","mch_id":"1268067601","nonce_str":"4lqtee0frfbyiextl3wxu3amul7qnw12","openid":"ouN6_sxA8ahCwVfzGMynARZ_7l2w","out_trade_no":"126806760120151021104917","result_code":"SUCCESS","return_code":"SUCCESS","sign":"92D3A9DA1DE5F92D7A6BEB4982F955F0","time_end":"20151021104928","total_fee":"4000","trade_type":"JSAPI","transaction_id":"1005890869201510211274777958"}
[2015-10-21 10:49:29][debug] query:{"appid":"wx161f19ac48b1f2f3","attach":"\u9a6c\u62c9\u677e\u62a5\u540d","bank_type":"ABC_DEBIT","cash_fee":"4000","fee_type":"CNY","is_subscribe":"Y","mch_id":"1268067601","nonce_str":"BdMcrY76VcVgcOh9","openid":"ouN6_sxA8ahCwVfzGMynARZ_7l2w","out_trade_no":"126806760120151021104917","result_code":"SUCCESS","return_code":"SUCCESS","return_msg":"OK","sign":"5F8277D67B6552556162BBE2BD076ACB","time_end":"20151021104928","total_fee":"4000","trade_state":"SUCCESS","trade_type":"JSAPI","transaction_id":"1005890869201510211274777958"}
[2015-10-21 10:49:29][debug] call back test:订单查询成功
[2015-10-21 10:49:29][debug] call back test:未入库
[2015-10-21 10:49:29][debug] call back test sql:UPDATE pa_marathon SET ispay =1,transaction_id="1005890869201510211274777958",out_trade_no="126806760120151021104917" WHERE openid ="ouN6_sxA8ahCwVfzGMynARZ_7l2w"
[2015-10-21 10:49:29][debug] call back test:入库成功
[2015-10-21 11:01:40][debug] begin notify
[2015-10-21 11:01:40][debug] call back test:{"appid":"wx161f19ac48b1f2f3","attach":"\u9a6c\u62c9\u677e\u62a5\u540d","bank_type":"CFT","cash_fee":"4000","fee_type":"CNY","is_subscribe":"Y","mch_id":"1268067601","nonce_str":"hpt6y9z1sfldsb94w0haltbm1xyqwpkd","openid":"ouN6_s_PhFF9ZuTnPb67R_YcPsu8","out_trade_no":"126806760120151021110124","result_code":"SUCCESS","return_code":"SUCCESS","sign":"388B91D01E3350C91F1C302EA31B60F1","time_end":"20151021110138","total_fee":"4000","trade_type":"JSAPI","transaction_id":"1006400869201510211274965224"}
[2015-10-21 11:01:40][debug] query:{"appid":"wx161f19ac48b1f2f3","attach":"\u9a6c\u62c9\u677e\u62a5\u540d","bank_type":"CFT","cash_fee":"4000","fee_type":"CNY","is_subscribe":"Y","mch_id":"1268067601","nonce_str":"c2hSTfMUeLlsDg2c","openid":"ouN6_s_PhFF9ZuTnPb67R_YcPsu8","out_trade_no":"126806760120151021110124","result_code":"SUCCESS","return_code":"SUCCESS","return_msg":"OK","sign":"E6F54C49DD693EF6F7888CC0E9267211","time_end":"20151021110138","total_fee":"4000","trade_state":"SUCCESS","trade_type":"JSAPI","transaction_id":"1006400869201510211274965224"}
[2015-10-21 11:01:40][debug] call back test:订单查询成功
[2015-10-21 11:01:40][debug] call back test:未入库
[2015-10-21 11:01:40][debug] call back test sql:UPDATE pa_marathon SET ispay =1,transaction_id="1006400869201510211274965224",out_trade_no="126806760120151021110124" WHERE openid ="ouN6_s_PhFF9ZuTnPb67R_YcPsu8"
[2015-10-21 11:01:40][debug] call back test:入库成功
[2015-10-21 11:17:01][debug] begin notify
[2015-10-21 11:17:01][debug] call back test:{"appid":"wx161f19ac48b1f2f3","attach":"\u9a6c\u62c9\u677e\u62a5\u540d","bank_type":"CFT","cash_fee":"6000","fee_type":"CNY","is_subscribe":"Y","mch_id":"1268067601","nonce_str":"03e9e0r38bocvpjnyutmacflz2jrjndx","openid":"ouN6_s4sMZ-2S5FRQoh9_DgYx8S8","out_trade_no":"126806760120151021110907","result_code":"SUCCESS","return_code":"SUCCESS","sign":"F68476142CA5E6368EBC94139953D1D3","time_end":"20151021111700","total_fee":"6000","trade_type":"JSAPI","transaction_id":"1000350869201510211275184814"}
[2015-10-21 11:17:04][debug] query:{"appid":"wx161f19ac48b1f2f3","attach":"\u9a6c\u62c9\u677e\u62a5\u540d","bank_type":"CFT","cash_fee":"6000","fee_type":"CNY","is_subscribe":"Y","mch_id":"1268067601","nonce_str":"j21Lr8Pouhd9ChuK","openid":"ouN6_s4sMZ-2S5FRQoh9_DgYx8S8","out_trade_no":"126806760120151021110907","result_code":"SUCCESS","return_code":"SUCCESS","return_msg":"OK","sign":"0A4B49E7CD65F8F4D435A34AC130C26F","time_end":"20151021111700","total_fee":"6000","trade_state":"SUCCESS","trade_type":"JSAPI","transaction_id":"1000350869201510211275184814"}
[2015-10-21 11:17:04][debug] call back test:订单查询成功
[2015-10-21 11:17:04][debug] call back test:未入库
[2015-10-21 11:17:04][debug] call back test sql:UPDATE pa_marathon SET ispay =1,transaction_id="1000350869201510211275184814",out_trade_no="126806760120151021110907" WHERE openid ="ouN6_s4sMZ-2S5FRQoh9_DgYx8S8"
[2015-10-21 11:17:04][debug] call back test:入库成功
[2015-10-21 11:17:14][debug] begin notify
[2015-10-21 11:17:14][debug] call back test:{"appid":"wx161f19ac48b1f2f3","attach":"\u9a6c\u62c9\u677e\u62a5\u540d","bank_type":"CFT","cash_fee":"6000","fee_type":"CNY","is_subscribe":"Y","mch_id":"1268067601","nonce_str":"03e9e0r38bocvpjnyutmacflz2jrjndx","openid":"ouN6_s4sMZ-2S5FRQoh9_DgYx8S8","out_trade_no":"126806760120151021110907","result_code":"SUCCESS","return_code":"SUCCESS","sign":"F68476142CA5E6368EBC94139953D1D3","time_end":"20151021111700","total_fee":"6000","trade_type":"JSAPI","transaction_id":"1000350869201510211275184814"}
[2015-10-21 11:17:14][debug] query:{"appid":"wx161f19ac48b1f2f3","attach":"\u9a6c\u62c9\u677e\u62a5\u540d","bank_type":"CFT","cash_fee":"6000","fee_type":"CNY","is_subscribe":"Y","mch_id":"1268067601","nonce_str":"oDZIGvrN31L7qsaC","openid":"ouN6_s4sMZ-2S5FRQoh9_DgYx8S8","out_trade_no":"126806760120151021110907","result_code":"SUCCESS","return_code":"SUCCESS","return_msg":"OK","sign":"63747F3B20F2D429C5FFA3BC698BC457","time_end":"20151021111700","total_fee":"6000","trade_state":"SUCCESS","trade_type":"JSAPI","transaction_id":"1000350869201510211275184814"}
[2015-10-21 11:17:14][debug] call back test:订单查询成功
[2015-10-21 11:17:14][debug] call back test:已入库
[2015-10-21 11:32:13][debug] begin notify
[2015-10-21 11:32:13][debug] call back test:{"appid":"wx161f19ac48b1f2f3","attach":"\u9a6c\u62c9\u677e\u62a5\u540d","bank_type":"CMB_DEBIT","cash_fee":"4000","fee_type":"CNY","is_subscribe":"Y","mch_id":"1268067601","nonce_str":"t7dnanzaej5g5dz5rrbza7wdhgspmobw","openid":"ouN6_swMERbAdc3Kq9GviALEyDQ0","out_trade_no":"126806760120151021113134","result_code":"SUCCESS","return_code":"SUCCESS","sign":"A07E6B00374658F07D5A80545CE0351C","time_end":"20151021113212","total_fee":"4000","trade_type":"JSAPI","transaction_id":"1008000869201510211275419236"}
[2015-10-21 11:32:14][debug] query:{"appid":"wx161f19ac48b1f2f3","attach":"\u9a6c\u62c9\u677e\u62a5\u540d","bank_type":"CMB_DEBIT","cash_fee":"4000","fee_type":"CNY","is_subscribe":"Y","mch_id":"1268067601","nonce_str":"WZzW3Dpst0rqziop","openid":"ouN6_swMERbAdc3Kq9GviALEyDQ0","out_trade_no":"126806760120151021113134","result_code":"SUCCESS","return_code":"SUCCESS","return_msg":"OK","sign":"B306DC6170EFB922F8E3B9AB20AC8D21","time_end":"20151021113211","total_fee":"4000","trade_state":"SUCCESS","trade_type":"JSAPI","transaction_id":"1008000869201510211275419236"}
[2015-10-21 11:32:14][debug] call back test:订单查询成功
[2015-10-21 11:32:14][debug] call back test:未入库
[2015-10-21 11:32:14][debug] call back test sql:UPDATE pa_marathon SET ispay =1,transaction_id="1008000869201510211275419236",out_trade_no="126806760120151021113134" WHERE openid ="ouN6_swMERbAdc3Kq9GviALEyDQ0"
[2015-10-21 11:32:14][debug] call back test:入库成功
[2015-10-21 11:42:59][debug] begin notify
[2015-10-21 11:42:59][debug] call back test:{"appid":"wx161f19ac48b1f2f3","attach":"\u9a6c\u62c9\u677e\u62a5\u540d","bank_type":"CFT","cash_fee":"8000","fee_type":"CNY","is_subscribe":"Y","mch_id":"1268067601","nonce_str":"vv7qn8xhliww9xfpimtyjc9n5cfux9cj","openid":"ouN6_sylUs9ROGRj_E7IS8w5p70Q","out_trade_no":"126806760120151021114005","result_code":"SUCCESS","return_code":"SUCCESS","sign":"68A11DDD8E6CCAA85811022038361D2A","time_end":"20151021114258","total_fee":"8000","trade_type":"JSAPI","transaction_id":"1002290869201510211275598815"}
[2015-10-21 11:43:14][debug] begin notify
[2015-10-21 11:43:14][debug] call back test:{"appid":"wx161f19ac48b1f2f3","attach":"\u9a6c\u62c9\u677e\u62a5\u540d","bank_type":"CFT","cash_fee":"8000","fee_type":"CNY","is_subscribe":"Y","mch_id":"1268067601","nonce_str":"vv7qn8xhliww9xfpimtyjc9n5cfux9cj","openid":"ouN6_sylUs9ROGRj_E7IS8w5p70Q","out_trade_no":"126806760120151021114005","result_code":"SUCCESS","return_code":"SUCCESS","sign":"68A11DDD8E6CCAA85811022038361D2A","time_end":"20151021114258","total_fee":"8000","trade_type":"JSAPI","transaction_id":"1002290869201510211275598815"}
[2015-10-21 11:43:36][debug] begin notify
[2015-10-21 11:43:36][debug] call back test:{"appid":"wx161f19ac48b1f2f3","attach":"\u9a6c\u62c9\u677e\u62a5\u540d","bank_type":"CFT","cash_fee":"8000","fee_type":"CNY","is_subscribe":"Y","mch_id":"1268067601","nonce_str":"vv7qn8xhliww9xfpimtyjc9n5cfux9cj","openid":"ouN6_sylUs9ROGRj_E7IS8w5p70Q","out_trade_no":"126806760120151021114005","result_code":"SUCCESS","return_code":"SUCCESS","sign":"68A11DDD8E6CCAA85811022038361D2A","time_end":"20151021114258","total_fee":"8000","trade_type":"JSAPI","transaction_id":"1002290869201510211275598815"}
[2015-10-21 11:43:42][debug] query:{"appid":"wx161f19ac48b1f2f3","attach":"\u9a6c\u62c9\u677e\u62a5\u540d","bank_type":"CFT","cash_fee":"8000","fee_type":"CNY","is_subscribe":"Y","mch_id":"1268067601","nonce_str":"TbsF2dNkjZDRiF9O","openid":"ouN6_sylUs9ROGRj_E7IS8w5p70Q","out_trade_no":"126806760120151021114005","result_code":"SUCCESS","return_code":"SUCCESS","return_msg":"OK","sign":"0D71D56912947515D5055E2D733F0F86","time_end":"20151021114257","total_fee":"8000","trade_state":"SUCCESS","trade_type":"JSAPI","transaction_id":"1002290869201510211275598815"}
[2015-10-21 11:43:42][debug] call back test:订单查询成功
[2015-10-21 11:43:42][debug] call back test:未入库
[2015-10-21 11:43:42][debug] call back test sql:UPDATE pa_marathon SET ispay =1,transaction_id="1002290869201510211275598815",out_trade_no="126806760120151021114005" WHERE openid ="ouN6_sylUs9ROGRj_E7IS8w5p70Q"
[2015-10-21 11:43:42][debug] call back test:入库成功
[2015-10-21 11:44:12][debug] begin notify
[2015-10-21 11:44:12][debug] call back test:{"appid":"wx161f19ac48b1f2f3","attach":"\u9a6c\u62c9\u677e\u62a5\u540d","bank_type":"CFT","cash_fee":"8000","fee_type":"CNY","is_subscribe":"Y","mch_id":"1268067601","nonce_str":"vv7qn8xhliww9xfpimtyjc9n5cfux9cj","openid":"ouN6_sylUs9ROGRj_E7IS8w5p70Q","out_trade_no":"126806760120151021114005","result_code":"SUCCESS","return_code":"SUCCESS","sign":"68A11DDD8E6CCAA85811022038361D2A","time_end":"20151021114258","total_fee":"8000","trade_type":"JSAPI","transaction_id":"1002290869201510211275598815"}
[2015-10-21 11:44:12][debug] query:{"appid":"wx161f19ac48b1f2f3","attach":"\u9a6c\u62c9\u677e\u62a5\u540d","bank_type":"CFT","cash_fee":"8000","fee_type":"CNY","is_subscribe":"Y","mch_id":"1268067601","nonce_str":"fdZ5XcQe4AoRn3LE","openid":"ouN6_sylUs9ROGRj_E7IS8w5p70Q","out_trade_no":"126806760120151021114005","result_code":"SUCCESS","return_code":"SUCCESS","return_msg":"OK","sign":"8DC6C8EEFA746AC6E6903A9204A81CC9","time_end":"20151021114257","total_fee":"8000","trade_state":"SUCCESS","trade_type":"JSAPI","transaction_id":"1002290869201510211275598815"}
[2015-10-21 11:44:12][debug] call back test:订单查询成功
[2015-10-21 11:44:12][debug] call back test:已入库
[2015-10-21 11:46:41][debug] begin notify
[2015-10-21 11:46:41][debug] call back test:{"appid":"wx161f19ac48b1f2f3","attach":"\u9a6c\u62c9\u677e\u62a5\u540d","bank_type":"ABC_DEBIT","cash_fee":"4000","fee_type":"CNY","is_subscribe":"Y","mch_id":"1268067601","nonce_str":"cy1sn9vstip0o7h3f742zbr577xq0lwi","openid":"ouN6_sz4PBBo6QJR9GT-u2VJ6RTE","out_trade_no":"126806760120151021114609","result_code":"SUCCESS","return_code":"SUCCESS","sign":"FE63CFCF6B9D5C03E4505B1A432B9BD5","time_end":"20151021114641","total_fee":"4000","trade_type":"JSAPI","transaction_id":"1001650869201510211275656816"}
[2015-10-21 11:46:41][debug] query:{"appid":"wx161f19ac48b1f2f3","attach":"\u9a6c\u62c9\u677e\u62a5\u540d","bank_type":"ABC_DEBIT","cash_fee":"4000","fee_type":"CNY","is_subscribe":"Y","mch_id":"1268067601","nonce_str":"l1BQn0bF0oniPnAu","openid":"ouN6_sz4PBBo6QJR9GT-u2VJ6RTE","out_trade_no":"126806760120151021114609","result_code":"SUCCESS","return_code":"SUCCESS","return_msg":"OK","sign":"EAD770737D2C9B511C8B7FB149B1485C","time_end":"20151021114640","total_fee":"4000","trade_state":"SUCCESS","trade_type":"JSAPI","transaction_id":"1001650869201510211275656816"}
[2015-10-21 11:46:41][debug] call back test:订单查询成功
[2015-10-21 11:46:41][debug] call back test:未入库
[2015-10-21 11:46:41][debug] call back test sql:UPDATE pa_marathon SET ispay =1,transaction_id="1001650869201510211275656816",out_trade_no="126806760120151021114609" WHERE openid ="ouN6_sz4PBBo6QJR9GT-u2VJ6RTE"
[2015-10-21 11:46:41][debug] call back test:入库成功
[2015-10-21 11:58:39][debug] begin notify
[2015-10-21 11:58:39][debug] call back test:{"appid":"wx161f19ac48b1f2f3","attach":"\u9a6c\u62c9\u677e\u62a5\u540d","bank_type":"CFT","cash_fee":"6000","fee_type":"CNY","is_subscribe":"Y","mch_id":"1268067601","nonce_str":"u2gcgjkvhanugfwhz2vum7o9dda7537q","openid":"ouN6_szPy2Hq4q0Kpd7vxESx3igI","out_trade_no":"126806760120151021115816","result_code":"SUCCESS","return_code":"SUCCESS","sign":"5A7E632D6A3553513838DE7B64125F30","time_end":"20151021115839","total_fee":"6000","trade_type":"JSAPI","transaction_id":"1000820869201510211275823160"}
[2015-10-21 11:58:39][debug] query:{"appid":"wx161f19ac48b1f2f3","attach":"\u9a6c\u62c9\u677e\u62a5\u540d","bank_type":"CFT","cash_fee":"6000","fee_type":"CNY","is_subscribe":"Y","mch_id":"1268067601","nonce_str":"9fQodM8HdyA0UKJQ","openid":"ouN6_szPy2Hq4q0Kpd7vxESx3igI","out_trade_no":"126806760120151021115816","result_code":"SUCCESS","return_code":"SUCCESS","return_msg":"OK","sign":"CB280DEC74F4B18A2209E8C9B7778767","time_end":"20151021115838","total_fee":"6000","trade_state":"SUCCESS","trade_type":"JSAPI","transaction_id":"1000820869201510211275823160"}
[2015-10-21 11:58:39][debug] call back test:订单查询成功
[2015-10-21 11:58:40][debug] call back test:未入库
[2015-10-21 11:58:40][debug] call back test sql:UPDATE pa_marathon SET ispay =1,transaction_id="1000820869201510211275823160",out_trade_no="126806760120151021115816" WHERE openid ="ouN6_szPy2Hq4q0Kpd7vxESx3igI"
[2015-10-21 11:58:40][debug] call back test:入库成功
[2015-10-21 12:08:44][debug] begin notify
[2015-10-21 12:08:44][debug] call back test:{"appid":"wx161f19ac48b1f2f3","attach":"\u9a6c\u62c9\u677e\u62a5\u540d","bank_type":"CFT","cash_fee":"4000","fee_type":"CNY","is_subscribe":"Y","mch_id":"1268067601","nonce_str":"y8eun18k9y5wbc7ina6m7i1bvzczpeo0","openid":"ouN6_s5jkaKLnFAWgiqn3OTmsbks","out_trade_no":"126806760120151021120727","result_code":"SUCCESS","return_code":"SUCCESS","sign":"C2ECB2BC430CF5A8D5A66B6ADD331413","time_end":"20151021120844","total_fee":"4000","trade_type":"JSAPI","transaction_id":"1004560869201510211276006648"}
[2015-10-21 12:08:45][debug] query:{"appid":"wx161f19ac48b1f2f3","attach":"\u9a6c\u62c9\u677e\u62a5\u540d","bank_type":"CFT","cash_fee":"4000","fee_type":"CNY","is_subscribe":"Y","mch_id":"1268067601","nonce_str":"5EAPnRUyXbFiCctc","openid":"ouN6_s5jkaKLnFAWgiqn3OTmsbks","out_trade_no":"126806760120151021120727","result_code":"SUCCESS","return_code":"SUCCESS","return_msg":"OK","sign":"0BB392AB9F1C1452F2207ACBBFB48F2E","time_end":"20151021120844","total_fee":"4000","trade_state":"SUCCESS","trade_type":"JSAPI","transaction_id":"1004560869201510211276006648"}
[2015-10-21 12:08:45][debug] call back test:订单查询成功
[2015-10-21 12:08:45][debug] call back test:未入库
[2015-10-21 12:08:45][debug] call back test sql:UPDATE pa_marathon SET ispay =1,transaction_id="1004560869201510211276006648",out_trade_no="126806760120151021120727" WHERE openid ="ouN6_s5jkaKLnFAWgiqn3OTmsbks"
[2015-10-21 12:08:45][debug] call back test:入库成功
[2015-10-21 12:19:32][debug] begin notify
[2015-10-21 12:19:32][debug] call back test:{"appid":"wx161f19ac48b1f2f3","attach":"\u9a6c\u62c9\u677e\u62a5\u540d","bank_type":"PSBC_DEBIT","cash_fee":"6000","fee_type":"CNY","is_subscribe":"Y","mch_id":"1268067601","nonce_str":"6g32j86fv0h8anncrxuuwliw94pava3x","openid":"ouN6_s_Yx9Ul_sKgI8DAFX06dpZs","out_trade_no":"126806760120151021121513","result_code":"SUCCESS","return_code":"SUCCESS","sign":"FD91DD95BC4C47ABCFB702637E8D6094","time_end":"20151021121916","total_fee":"6000","trade_type":"JSAPI","transaction_id":"1009480869201510211276146082"}
[2015-10-21 12:19:35][debug] query:{"appid":"wx161f19ac48b1f2f3","attach":"\u9a6c\u62c9\u677e\u62a5\u540d","bank_type":"PSBC_DEBIT","cash_fee":"6000","fee_type":"CNY","is_subscribe":"Y","mch_id":"1268067601","nonce_str":"X9rnRPgfJjFPkZor","openid":"ouN6_s_Yx9Ul_sKgI8DAFX06dpZs","out_trade_no":"126806760120151021121513","result_code":"SUCCESS","return_code":"SUCCESS","return_msg":"OK","sign":"951FD9AEAE6A460232D1A23F1FBE21C5","time_end":"20151021121837","total_fee":"6000","trade_state":"SUCCESS","trade_type":"JSAPI","transaction_id":"1009480869201510211276146082"}
[2015-10-21 12:19:35][debug] call back test:订单查询成功
[2015-10-21 12:19:35][debug] call back test:未入库
[2015-10-21 12:19:35][debug] call back test sql:UPDATE pa_marathon SET ispay =1,transaction_id="1009480869201510211276146082",out_trade_no="126806760120151021121513" WHERE openid ="ouN6_s_Yx9Ul_sKgI8DAFX06dpZs"
[2015-10-21 12:19:35][debug] call back test:入库成功
[2015-10-21 12:52:16][debug] begin notify
[2015-10-21 12:52:16][debug] call back test:{"appid":"wx161f19ac48b1f2f3","attach":"\u9a6c\u62c9\u677e\u62a5\u540d","bank_type":"CFT","cash_fee":"4000","fee_type":"CNY","is_subscribe":"Y","mch_id":"1268067601","nonce_str":"lq5m4tqj9u2u7sppduchykais9b874pa","openid":"ouN6_s_eby5wt1Pfa7meyxQrp5bU","out_trade_no":"126806760120151021125158","result_code":"SUCCESS","return_code":"SUCCESS","sign":"35CD3A30787504290BF6A2DEC31BD928","time_end":"20151021125216","total_fee":"4000","trade_type":"JSAPI","transaction_id":"1008700869201510211276682643"}
[2015-10-21 12:52:18][debug] query:{"appid":"wx161f19ac48b1f2f3","attach":"\u9a6c\u62c9\u677e\u62a5\u540d","bank_type":"CFT","cash_fee":"4000","fee_type":"CNY","is_subscribe":"Y","mch_id":"1268067601","nonce_str":"4uRUc5PVo4KPiVvL","openid":"ouN6_s_eby5wt1Pfa7meyxQrp5bU","out_trade_no":"126806760120151021125158","result_code":"SUCCESS","return_code":"SUCCESS","return_msg":"OK","sign":"6726F146D77E4D3E6A1A6CCCDF066B90","time_end":"20151021125215","total_fee":"4000","trade_state":"SUCCESS","trade_type":"JSAPI","transaction_id":"1008700869201510211276682643"}
[2015-10-21 12:52:18][debug] call back test:订单查询成功
[2015-10-21 12:52:18][debug] call back test:未入库
[2015-10-21 12:52:18][debug] call back test sql:UPDATE pa_marathon SET ispay =1,transaction_id="1008700869201510211276682643",out_trade_no="126806760120151021125158" WHERE openid ="ouN6_s_eby5wt1Pfa7meyxQrp5bU"
[2015-10-21 12:52:18][debug] call back test:入库成功
[2015-10-21 13:01:46][debug] begin notify
[2015-10-21 13:01:46][debug] call back test:{"appid":"wx161f19ac48b1f2f3","attach":"\u9a6c\u62c9\u677e\u62a5\u540d","bank_type":"ABC_DEBIT","cash_fee":"6000","fee_type":"CNY","is_subscribe":"N","mch_id":"1268067601","nonce_str":"acpcei74ag8m4071lombslklf3gcbfuc","openid":"ouN6_s-jqXyrNzqBglDOiXtbq8wk","out_trade_no":"126806760120151021130004","result_code":"SUCCESS","return_code":"SUCCESS","sign":"F3D8AB0DE607B334F4DCD905C5741FDF","time_end":"20151021130145","total_fee":"6000","trade_type":"JSAPI","transaction_id":"1001440869201510211276796978"}
[2015-10-21 13:01:46][debug] query:{"appid":"wx161f19ac48b1f2f3","attach":"\u9a6c\u62c9\u677e\u62a5\u540d","bank_type":"ABC_DEBIT","cash_fee":"6000","fee_type":"CNY","is_subscribe":"N","mch_id":"1268067601","nonce_str":"EWg5PVSn20cSFOWE","openid":"ouN6_s-jqXyrNzqBglDOiXtbq8wk","out_trade_no":"126806760120151021130004","result_code":"SUCCESS","return_code":"SUCCESS","return_msg":"OK","sign":"8B5E8660B0A5AD426025B6CD9E1C5964","time_end":"20151021130145","total_fee":"6000","trade_state":"SUCCESS","trade_type":"JSAPI","transaction_id":"1001440869201510211276796978"}
[2015-10-21 13:01:46][debug] call back test:订单查询成功
[2015-10-21 13:01:46][debug] call back test:未入库
[2015-10-21 13:01:46][debug] call back test sql:UPDATE pa_marathon SET ispay =1,transaction_id="1001440869201510211276796978",out_trade_no="126806760120151021130004" WHERE openid ="ouN6_s-jqXyrNzqBglDOiXtbq8wk"
[2015-10-21 13:01:46][debug] call back test:入库成功
[2015-10-21 13:03:39][debug] begin notify
[2015-10-21 13:03:39][debug] call back test:{"appid":"wx161f19ac48b1f2f3","attach":"\u9a6c\u62c9\u677e\u62a5\u540d","bank_type":"CFT","cash_fee":"4000","fee_type":"CNY","is_subscribe":"Y","mch_id":"1268067601","nonce_str":"5l2647sr5u55iw9644l4quo9sfzavj33","openid":"ouN6_syk0Su48G_Can6Av5E1ceWI","out_trade_no":"126806760120151021130323","result_code":"SUCCESS","return_code":"SUCCESS","sign":"B71137ED4DE91500BE6ED2D09969AC42","time_end":"20151021130338","total_fee":"4000","trade_type":"JSAPI","transaction_id":"1001840869201510211276845038"}
[2015-10-21 13:03:39][debug] query:{"appid":"wx161f19ac48b1f2f3","attach":"\u9a6c\u62c9\u677e\u62a5\u540d","bank_type":"CFT","cash_fee":"4000","fee_type":"CNY","is_subscribe":"Y","mch_id":"1268067601","nonce_str":"aHbWEmhxih44SLjh","openid":"ouN6_syk0Su48G_Can6Av5E1ceWI","out_trade_no":"126806760120151021130323","result_code":"SUCCESS","return_code":"SUCCESS","return_msg":"OK","sign":"77E559A256E9DA505014BAFEFADC10E9","time_end":"20151021130338","total_fee":"4000","trade_state":"SUCCESS","trade_type":"JSAPI","transaction_id":"1001840869201510211276845038"}
[2015-10-21 13:03:39][debug] call back test:订单查询成功
[2015-10-21 13:03:39][debug] call back test:未入库
[2015-10-21 13:03:39][debug] call back test sql:UPDATE pa_marathon SET ispay =1,transaction_id="1001840869201510211276845038",out_trade_no="126806760120151021130323" WHERE openid ="ouN6_syk0Su48G_Can6Av5E1ceWI"
[2015-10-21 13:03:39][debug] call back test:入库成功
[2015-10-21 13:04:02][debug] begin notify
[2015-10-21 13:04:02][debug] call back test:{"appid":"wx161f19ac48b1f2f3","attach":"\u9a6c\u62c9\u677e\u62a5\u540d","bank_type":"ICBC_CREDIT","cash_fee":"6000","fee_type":"CNY","is_subscribe":"Y","mch_id":"1268067601","nonce_str":"y699dqe1mlfv07osf04bohwn86pc9ej6","openid":"ouN6_s7zKQ1mIaEmTRgXWo-hxkgo","out_trade_no":"126806760120151021130212","result_code":"SUCCESS","return_code":"SUCCESS","sign":"1D1867DB18767DA2B26E9FF6156CB780","time_end":"20151021130402","total_fee":"6000","trade_type":"JSAPI","transaction_id":"1000010869201510211276827298"}
[2015-10-21 13:04:02][debug] query:{"appid":"wx161f19ac48b1f2f3","attach":"\u9a6c\u62c9\u677e\u62a5\u540d","bank_type":"ICBC_CREDIT","cash_fee":"6000","fee_type":"CNY","is_subscribe":"Y","mch_id":"1268067601","nonce_str":"jQsqfb4IP9qGn06l","openid":"ouN6_s7zKQ1mIaEmTRgXWo-hxkgo","out_trade_no":"126806760120151021130212","result_code":"SUCCESS","return_code":"SUCCESS","return_msg":"OK","sign":"DEEC33F28BD0BFE2A5F12D4D33360464","time_end":"20151021130401","total_fee":"6000","trade_state":"SUCCESS","trade_type":"JSAPI","transaction_id":"1000010869201510211276827298"}
[2015-10-21 13:04:02][debug] call back test:订单查询成功
[2015-10-21 13:04:02][debug] call back test:未入库
[2015-10-21 13:04:02][debug] call back test sql:UPDATE pa_marathon SET ispay =1,transaction_id="1000010869201510211276827298",out_trade_no="126806760120151021130212" WHERE openid ="ouN6_s7zKQ1mIaEmTRgXWo-hxkgo"
[2015-10-21 13:04:02][debug] call back test:入库成功
[2015-10-21 13:30:53][debug] begin notify
[2015-10-21 13:30:53][debug] call back test:{"appid":"wx161f19ac48b1f2f3","attach":"\u9a6c\u62c9\u677e\u62a5\u540d","bank_type":"CFT","cash_fee":"4000","fee_type":"CNY","is_subscribe":"Y","mch_id":"1268067601","nonce_str":"39swq0zgxqgef71wuvlc1pi5i9b4q1v4","openid":"ouN6_sziVn0I3wAR1mWu4EHObT-8","out_trade_no":"126806760120151021133028","result_code":"SUCCESS","return_code":"SUCCESS","sign":"CDEBCF1B5353CC74E9478378E9997F9C","time_end":"20151021133052","total_fee":"4000","trade_type":"JSAPI","transaction_id":"1001170869201510211277192052"}
[2015-10-21 13:30:58][debug] query:{"appid":"wx161f19ac48b1f2f3","attach":"\u9a6c\u62c9\u677e\u62a5\u540d","bank_type":"CFT","cash_fee":"4000","fee_type":"CNY","is_subscribe":"Y","mch_id":"1268067601","nonce_str":"p3ls9XLYGSfRw4c2","openid":"ouN6_sziVn0I3wAR1mWu4EHObT-8","out_trade_no":"126806760120151021133028","result_code":"SUCCESS","return_code":"SUCCESS","return_msg":"OK","sign":"14DD52F2AA5E4BC5BACA07FD0E8A7AD6","time_end":"20151021133052","total_fee":"4000","trade_state":"SUCCESS","trade_type":"JSAPI","transaction_id":"1001170869201510211277192052"}
[2015-10-21 13:30:58][debug] call back test:订单查询成功
[2015-10-21 13:30:58][debug] call back test:未入库
[2015-10-21 13:30:58][debug] call back test sql:UPDATE pa_marathon SET ispay =1,transaction_id="1001170869201510211277192052",out_trade_no="126806760120151021133028" WHERE openid ="ouN6_sziVn0I3wAR1mWu4EHObT-8"
[2015-10-21 13:30:58][debug] call back test:入库成功
[2015-10-21 13:31:07][debug] begin notify
[2015-10-21 13:31:07][debug] call back test:{"appid":"wx161f19ac48b1f2f3","attach":"\u9a6c\u62c9\u677e\u62a5\u540d","bank_type":"CFT","cash_fee":"4000","fee_type":"CNY","is_subscribe":"Y","mch_id":"1268067601","nonce_str":"39swq0zgxqgef71wuvlc1pi5i9b4q1v4","openid":"ouN6_sziVn0I3wAR1mWu4EHObT-8","out_trade_no":"126806760120151021133028","result_code":"SUCCESS","return_code":"SUCCESS","sign":"CDEBCF1B5353CC74E9478378E9997F9C","time_end":"20151021133052","total_fee":"4000","trade_type":"JSAPI","transaction_id":"1001170869201510211277192052"}
[2015-10-21 13:31:07][debug] query:{"appid":"wx161f19ac48b1f2f3","attach":"\u9a6c\u62c9\u677e\u62a5\u540d","bank_type":"CFT","cash_fee":"4000","fee_type":"CNY","is_subscribe":"Y","mch_id":"1268067601","nonce_str":"53kd5mD3xnfRffCA","openid":"ouN6_sziVn0I3wAR1mWu4EHObT-8","out_trade_no":"126806760120151021133028","result_code":"SUCCESS","return_code":"SUCCESS","return_msg":"OK","sign":"31BCB9AB3E7A9B72334B84F591482FBA","time_end":"20151021133052","total_fee":"4000","trade_state":"SUCCESS","trade_type":"JSAPI","transaction_id":"1001170869201510211277192052"}
[2015-10-21 13:31:07][debug] call back test:订单查询成功
[2015-10-21 13:31:07][debug] call back test:已入库
[2015-10-21 13:46:46][debug] begin notify
[2015-10-21 13:46:46][debug] call back test:{"appid":"wx161f19ac48b1f2f3","attach":"\u9a6c\u62c9\u677e\u62a5\u540d","bank_type":"CIB_DEBIT","cash_fee":"6000","fee_type":"CNY","is_subscribe":"N","mch_id":"1268067601","nonce_str":"yamnuud1xy60g5sg68fg0fhr9v8igjph","openid":"ouN6_s35xFD52WyeffzZbdbaVmY0","out_trade_no":"126806760120151021134609","result_code":"SUCCESS","return_code":"SUCCESS","sign":"1B02C9746B77C127014E6E6C57AF09BC","time_end":"20151021134645","total_fee":"6000","trade_type":"JSAPI","transaction_id":"1006120869201510211277362547"}
[2015-10-21 13:46:46][debug] query:{"appid":"wx161f19ac48b1f2f3","attach":"\u9a6c\u62c9\u677e\u62a5\u540d","bank_type":"CIB_DEBIT","cash_fee":"6000","fee_type":"CNY","is_subscribe":"N","mch_id":"1268067601","nonce_str":"MkNJuYBh4EdRtDpU","openid":"ouN6_s35xFD52WyeffzZbdbaVmY0","out_trade_no":"126806760120151021134609","result_code":"SUCCESS","return_code":"SUCCESS","return_msg":"OK","sign":"3C8821164341EDA64F0D4DF7C84EC360","time_end":"20151021134644","total_fee":"6000","trade_state":"SUCCESS","trade_type":"JSAPI","transaction_id":"1006120869201510211277362547"}
[2015-10-21 13:46:46][debug] call back test:订单查询成功
[2015-10-21 13:46:46][debug] call back test:未入库
[2015-10-21 13:46:46][debug] call back test sql:UPDATE pa_marathon SET ispay =1,transaction_id="1006120869201510211277362547",out_trade_no="126806760120151021134609" WHERE openid ="ouN6_s35xFD52WyeffzZbdbaVmY0"
[2015-10-21 13:46:46][debug] call back test:入库成功
[2015-10-21 13:50:30][debug] begin notify
[2015-10-21 13:50:30][debug] call back test:{"appid":"wx161f19ac48b1f2f3","attach":"\u9a6c\u62c9\u677e\u62a5\u540d","bank_type":"CFT","cash_fee":"4000","fee_type":"CNY","is_subscribe":"Y","mch_id":"1268067601","nonce_str":"vekgyjhvvw5q9tkdws9umldnq78vlb2h","openid":"ouN6_sxojDAc9em_ryMaiJ0SXt-Y","out_trade_no":"126806760120151021134902","result_code":"SUCCESS","return_code":"SUCCESS","sign":"812F8E452033E9976B523601A4FADA22","time_end":"20151021135029","total_fee":"4000","trade_type":"JSAPI","transaction_id":"1001180869201510211277402955"}
[2015-10-21 13:50:30][debug] query:{"appid":"wx161f19ac48b1f2f3","attach":"\u9a6c\u62c9\u677e\u62a5\u540d","bank_type":"CFT","cash_fee":"4000","fee_type":"CNY","is_subscribe":"Y","mch_id":"1268067601","nonce_str":"vrmXESYwwJXkPkQS","openid":"ouN6_sxojDAc9em_ryMaiJ0SXt-Y","out_trade_no":"126806760120151021134902","result_code":"SUCCESS","return_code":"SUCCESS","return_msg":"OK","sign":"1753CBA7BCB5859722F28CE47F8C0AEE","time_end":"20151021135029","total_fee":"4000","trade_state":"SUCCESS","trade_type":"JSAPI","transaction_id":"1001180869201510211277402955"}
[2015-10-21 13:50:30][debug] call back test:订单查询成功
[2015-10-21 13:50:30][debug] call back test:未入库
[2015-10-21 13:50:30][debug] call back test sql:UPDATE pa_marathon SET ispay =1,transaction_id="1001180869201510211277402955",out_trade_no="126806760120151021134902" WHERE openid ="ouN6_sxojDAc9em_ryMaiJ0SXt-Y"
[2015-10-21 13:50:30][debug] call back test:入库成功
[2015-10-21 15:30:44][debug] begin notify
[2015-10-21 15:30:44][debug] call back test:{"appid":"wx161f19ac48b1f2f3","attach":"\u9a6c\u62c9\u677e\u62a5\u540d","bank_type":"ABC_DEBIT","cash_fee":"6000","fee_type":"CNY","is_subscribe":"Y","mch_id":"1268067601","nonce_str":"710rg2c4c744wrs4fewmomdpqcu3f8hk","openid":"ouN6_s1T2iwLOm0TSw9Dyp1yFs70","out_trade_no":"126806760120151021152905","result_code":"SUCCESS","return_code":"SUCCESS","sign":"21F538D9979B89877818726546DE6A9A","time_end":"20151021153043","total_fee":"6000","trade_type":"JSAPI","transaction_id":"1003150869201510211278469082"}
[2015-10-21 15:30:44][debug] query:{"appid":"wx161f19ac48b1f2f3","attach":"\u9a6c\u62c9\u677e\u62a5\u540d","bank_type":"ABC_DEBIT","cash_fee":"6000","fee_type":"CNY","is_subscribe":"Y","mch_id":"1268067601","nonce_str":"oc84t5xArDNiuZDN","openid":"ouN6_s1T2iwLOm0TSw9Dyp1yFs70","out_trade_no":"126806760120151021152905","result_code":"SUCCESS","return_code":"SUCCESS","return_msg":"OK","sign":"84391050C6D69D929B45D4019A31ADBD","time_end":"20151021153042","total_fee":"6000","trade_state":"SUCCESS","trade_type":"JSAPI","transaction_id":"1003150869201510211278469082"}
[2015-10-21 15:30:44][debug] call back test:订单查询成功
[2015-10-21 15:30:44][debug] call back test:未入库
[2015-10-21 15:30:44][debug] call back test sql:UPDATE pa_marathon SET ispay =1,transaction_id="1003150869201510211278469082",out_trade_no="126806760120151021152905" WHERE openid ="ouN6_s1T2iwLOm0TSw9Dyp1yFs70"
[2015-10-21 15:30:44][debug] call back test:入库成功
[2015-10-21 16:41:25][debug] begin notify
[2015-10-21 16:41:25][debug] call back test:{"appid":"wx161f19ac48b1f2f3","attach":"\u9a6c\u62c9\u677e\u62a5\u540d","bank_type":"CFT","cash_fee":"6000","fee_type":"CNY","is_subscribe":"N","mch_id":"1268067601","nonce_str":"c99x720jr13go4e3x069iypr7ueg68is","openid":"ouN6_s5Czdsw_eTiyQqm1nhKzNFk","out_trade_no":"126806760120151021164003","result_code":"SUCCESS","return_code":"SUCCESS","sign":"59E84FBF0B414F30F3B742D9D3CC24E0","time_end":"20151021164123","total_fee":"6000","trade_type":"JSAPI","transaction_id":"1005080869201510211279238436"}
[2015-10-21 16:41:25][debug] query:{"appid":"wx161f19ac48b1f2f3","attach":"\u9a6c\u62c9\u677e\u62a5\u540d","bank_type":"CFT","cash_fee":"6000","fee_type":"CNY","is_subscribe":"N","mch_id":"1268067601","nonce_str":"s1i4dgB808mSzHHP","openid":"ouN6_s5Czdsw_eTiyQqm1nhKzNFk","out_trade_no":"126806760120151021164003","result_code":"SUCCESS","return_code":"SUCCESS","return_msg":"OK","sign":"3716EA401AA51F174EFA95E5D8568231","time_end":"20151021164123","total_fee":"6000","trade_state":"SUCCESS","trade_type":"JSAPI","transaction_id":"1005080869201510211279238436"}
[2015-10-21 16:41:25][debug] call back test:订单查询成功
[2015-10-21 16:41:25][debug] call back test:未入库
[2015-10-21 16:41:25][debug] call back test sql:UPDATE pa_marathon SET ispay =1,transaction_id="1005080869201510211279238436",out_trade_no="126806760120151021164003" WHERE openid ="ouN6_s5Czdsw_eTiyQqm1nhKzNFk"
[2015-10-21 16:41:25][debug] call back test:入库成功
[2015-10-21 17:23:26][debug] begin notify
[2015-10-21 17:23:26][debug] call back test:{"appid":"wx161f19ac48b1f2f3","attach":"\u9a6c\u62c9\u677e\u62a5\u540d","bank_type":"ABC_DEBIT","cash_fee":"4000","fee_type":"CNY","is_subscribe":"Y","mch_id":"1268067601","nonce_str":"a4cbsrnos641zncz01e93df5uc7t4qso","openid":"ouN6_s6W1eqsIW_LGqaaYdbH9LSA","out_trade_no":"126806760120151021172217","result_code":"SUCCESS","return_code":"SUCCESS","sign":"9B3DE9ABDCBD9302BB67FEA7AA4AFC2B","time_end":"20151021172325","total_fee":"4000","trade_type":"JSAPI","transaction_id":"1009240869201510211279723598"}
[2015-10-21 17:23:26][debug] query:{"appid":"wx161f19ac48b1f2f3","attach":"\u9a6c\u62c9\u677e\u62a5\u540d","bank_type":"ABC_DEBIT","cash_fee":"4000","fee_type":"CNY","is_subscribe":"Y","mch_id":"1268067601","nonce_str":"JuBg4QArFRXriUX3","openid":"ouN6_s6W1eqsIW_LGqaaYdbH9LSA","out_trade_no":"126806760120151021172217","result_code":"SUCCESS","return_code":"SUCCESS","return_msg":"OK","sign":"986A2CBE64D192FBE9639C2CAA0D730B","time_end":"20151021172325","total_fee":"4000","trade_state":"SUCCESS","trade_type":"JSAPI","transaction_id":"1009240869201510211279723598"}
[2015-10-21 17:23:26][debug] call back test:订单查询成功
[2015-10-21 17:23:26][debug] call back test:未入库
[2015-10-21 17:23:26][debug] call back test sql:UPDATE pa_marathon SET ispay =1,transaction_id="1009240869201510211279723598",out_trade_no="126806760120151021172217" WHERE openid ="ouN6_s6W1eqsIW_LGqaaYdbH9LSA"
[2015-10-21 17:23:26][debug] call back test:入库成功
[2015-10-21 18:08:48][debug] begin notify
[2015-10-21 18:09:27][debug] begin notify
[2015-10-21 18:09:27][debug] call back test:{"appid":"wx161f19ac48b1f2f3","attach":"\u9a6c\u62c9\u677e\u62a5\u540d","bank_type":"ABC_DEBIT","cash_fee":"4000","fee_type":"CNY","is_subscribe":"Y","mch_id":"1268067601","nonce_str":"g74zhkduae4vma6x5icyqdavb9oq8gjb","openid":"ouN6_sxs8McQDKQzSLd0uwmk24LY","out_trade_no":"126806760120151021180734","result_code":"SUCCESS","return_code":"SUCCESS","sign":"5481D76C2B002FDDB3AF3239A1E1B660","time_end":"20151021180926","total_fee":"4000","trade_type":"JSAPI","transaction_id":"1009570869201510211280359924"}
[2015-10-21 18:09:27][debug] query:{"appid":"wx161f19ac48b1f2f3","attach":"\u9a6c\u62c9\u677e\u62a5\u540d","bank_type":"ABC_DEBIT","cash_fee":"4000","fee_type":"CNY","is_subscribe":"Y","mch_id":"1268067601","nonce_str":"UacknfHtuJsLJmax","openid":"ouN6_sxs8McQDKQzSLd0uwmk24LY","out_trade_no":"126806760120151021180734","result_code":"SUCCESS","return_code":"SUCCESS","return_msg":"OK","sign":"FB5C22147DDF4DE4CABFDC4FA19CFBAF","time_end":"20151021180926","total_fee":"4000","trade_state":"SUCCESS","trade_type":"JSAPI","transaction_id":"1009570869201510211280359924"}
[2015-10-21 18:09:27][debug] call back test:订单查询成功
[2015-10-21 18:09:27][debug] call back test:未入库
[2015-10-21 18:09:27][debug] call back test sql:UPDATE pa_marathon SET ispay =1,transaction_id="1009570869201510211280359924",out_trade_no="126806760120151021180734" WHERE openid ="ouN6_sxs8McQDKQzSLd0uwmk24LY"
[2015-10-21 18:09:27][debug] call back test:入库成功
[2015-10-21 18:25:58][debug] begin notify
[2015-10-21 19:21:13][debug] begin notify
[2015-10-21 19:21:13][debug] call back test:{"appid":"wx161f19ac48b1f2f3","attach":"\u9a6c\u62c9\u677e\u62a5\u540d","bank_type":"CCB_DEBIT","cash_fee":"4000","fee_type":"CNY","is_subscribe":"Y","mch_id":"1268067601","nonce_str":"0rsuf4nvsxlyesw9369jvgrbzos8q12a","openid":"ouN6_s-Kxn1_jxqpS1fxaVlhU320","out_trade_no":"126806760120151021192032","result_code":"SUCCESS","return_code":"SUCCESS","sign":"32C4B0B57E57D83A3CD774E3B28384E1","time_end":"20151021192112","total_fee":"4000","trade_type":"JSAPI","transaction_id":"1007960869201510211281371686"}
[2015-10-21 19:21:13][debug] query:{"appid":"wx161f19ac48b1f2f3","attach":"\u9a6c\u62c9\u677e\u62a5\u540d","bank_type":"CCB_DEBIT","cash_fee":"4000","fee_type":"CNY","is_subscribe":"Y","mch_id":"1268067601","nonce_str":"UihRzzZ082u7iBRr","openid":"ouN6_s-Kxn1_jxqpS1fxaVlhU320","out_trade_no":"126806760120151021192032","result_code":"SUCCESS","return_code":"SUCCESS","return_msg":"OK","sign":"FEC5AE874D00364B4B5FD42F5933945F","time_end":"20151021192111","total_fee":"4000","trade_state":"SUCCESS","trade_type":"JSAPI","transaction_id":"1007960869201510211281371686"}
[2015-10-21 19:21:13][debug] call back test:订单查询成功
[2015-10-21 19:21:13][debug] call back test:未入库
[2015-10-21 19:21:13][debug] call back test sql:UPDATE pa_marathon SET ispay =1,transaction_id="1007960869201510211281371686",out_trade_no="126806760120151021192032" WHERE openid ="ouN6_s-Kxn1_jxqpS1fxaVlhU320"
[2015-10-21 19:21:13][debug] call back test:入库成功
[2015-10-21 19:25:34][debug] begin notify
[2015-10-21 19:25:34][debug] call back test:{"appid":"wx161f19ac48b1f2f3","attach":"\u9a6c\u62c9\u677e\u62a5\u540d","bank_type":"ABC_DEBIT","cash_fee":"4000","fee_type":"CNY","is_subscribe":"Y","mch_id":"1268067601","nonce_str":"bd1vle6dqeaemdzvg6retks63muytwnp","openid":"ouN6_sxs8McQDKQzSLd0uwmk24LY","out_trade_no":"126806760120151021192438","result_code":"SUCCESS","return_code":"SUCCESS","sign":"8ACE57908A71E5F94554831E10FD1163","time_end":"20151021192533","total_fee":"4000","trade_type":"JSAPI","transaction_id":"1009570869201510211281414754"}
[2015-10-21 19:25:34][debug] query:{"appid":"wx161f19ac48b1f2f3","attach":"\u9a6c\u62c9\u677e\u62a5\u540d","bank_type":"ABC_DEBIT","cash_fee":"4000","fee_type":"CNY","is_subscribe":"Y","mch_id":"1268067601","nonce_str":"d0WWfhlDr0yWeAKu","openid":"ouN6_sxs8McQDKQzSLd0uwmk24LY","out_trade_no":"126806760120151021192438","result_code":"SUCCESS","return_code":"SUCCESS","return_msg":"OK","sign":"0AE7871A87C04101176D56E4A9EA5E0E","time_end":"20151021192533","total_fee":"4000","trade_state":"SUCCESS","trade_type":"JSAPI","transaction_id":"1009570869201510211281414754"}
[2015-10-21 19:25:34][debug] call back test:订单查询成功
[2015-10-21 19:25:34][debug] call back test:未入库
[2015-10-21 19:25:34][debug] call back test sql:UPDATE pa_marathon SET ispay =1,transaction_id="1009570869201510211281414754",out_trade_no="126806760120151021192438" WHERE openid ="ouN6_sxs8McQDKQzSLd0uwmk24LY"
[2015-10-21 19:25:34][debug] call back test:入库成功
[2015-10-21 20:41:13][debug] begin notify
[2015-10-21 20:41:13][debug] call back test:{"appid":"wx161f19ac48b1f2f3","attach":"\u9a6c\u62c9\u677e\u62a5\u540d","bank_type":"CFT","cash_fee":"6000","fee_type":"CNY","is_subscribe":"Y","mch_id":"1268067601","nonce_str":"5c3pc4rmv7wna3sxjirsm348wqg1a6cq","openid":"ouN6_s7n1WYlx0Ra9sL-FcZMrfcA","out_trade_no":"126806760120151021204044","result_code":"SUCCESS","return_code":"SUCCESS","sign":"5EF528DCF3DA1714BE3DDCB7F566F717","time_end":"20151021204111","total_fee":"6000","trade_type":"JSAPI","transaction_id":"1000490869201510211282366990"}
[2015-10-21 20:41:13][debug] query:{"appid":"wx161f19ac48b1f2f3","attach":"\u9a6c\u62c9\u677e\u62a5\u540d","bank_type":"CFT","cash_fee":"6000","fee_type":"CNY","is_subscribe":"Y","mch_id":"1268067601","nonce_str":"eHlJDiYihPfENYn3","openid":"ouN6_s7n1WYlx0Ra9sL-FcZMrfcA","out_trade_no":"126806760120151021204044","result_code":"SUCCESS","return_code":"SUCCESS","return_msg":"OK","sign":"8DDB005B293E16ED81689B00283F2E62","time_end":"20151021204111","total_fee":"6000","trade_state":"SUCCESS","trade_type":"JSAPI","transaction_id":"1000490869201510211282366990"}
[2015-10-21 20:41:13][debug] call back test:订单查询成功
[2015-10-21 20:41:13][debug] call back test:未入库
[2015-10-21 20:41:13][debug] call back test sql:UPDATE pa_marathon SET ispay =1,transaction_id="1000490869201510211282366990",out_trade_no="126806760120151021204044" WHERE openid ="ouN6_s7n1WYlx0Ra9sL-FcZMrfcA"
[2015-10-21 20:41:13][debug] call back test:入库成功
[2015-10-21 21:08:07][debug] begin notify
[2015-10-21 21:08:07][debug] call back test:{"appid":"wx161f19ac48b1f2f3","attach":"\u9a6c\u62c9\u677e\u62a5\u540d","bank_type":"HXB_CREDIT","cash_fee":"8000","fee_type":"CNY","is_subscribe":"N","mch_id":"1268067601","nonce_str":"2etjabt6ldgd8ywbmxezlydkjsgbzi66","openid":"ouN6_s3J7aloKddGeJOYGPw4eOcY","out_trade_no":"126806760120151021210704","result_code":"SUCCESS","return_code":"SUCCESS","sign":"D092741AC9BFD010B188F71503D11D78","time_end":"20151021210807","total_fee":"8000","trade_type":"JSAPI","transaction_id":"1005850869201510211282685912"}
[2015-10-21 21:08:08][debug] query:{"appid":"wx161f19ac48b1f2f3","attach":"\u9a6c\u62c9\u677e\u62a5\u540d","bank_type":"HXB_CREDIT","cash_fee":"8000","fee_type":"CNY","is_subscribe":"N","mch_id":"1268067601","nonce_str":"cP4308Eikvs9LppI","openid":"ouN6_s3J7aloKddGeJOYGPw4eOcY","out_trade_no":"126806760120151021210704","result_code":"SUCCESS","return_code":"SUCCESS","return_msg":"OK","sign":"318C4FACED8DFDC786E16BAEF3E7E2F5","time_end":"20151021210805","total_fee":"8000","trade_state":"SUCCESS","trade_type":"JSAPI","transaction_id":"1005850869201510211282685912"}
[2015-10-21 21:08:08][debug] call back test:订单查询成功
[2015-10-21 21:08:08][debug] call back test:未入库
[2015-10-21 21:08:08][debug] call back test sql:UPDATE pa_marathon SET ispay =1,transaction_id="1005850869201510211282685912",out_trade_no="126806760120151021210704" WHERE openid ="ouN6_s3J7aloKddGeJOYGPw4eOcY"
[2015-10-21 21:08:08][debug] call back test:入库成功
[2015-10-21 21:13:15][debug] begin notify
[2015-10-21 21:13:15][debug] call back test:{"appid":"wx161f19ac48b1f2f3","attach":"\u9a6c\u62c9\u677e\u62a5\u540d","bank_type":"ABC_DEBIT","cash_fee":"4000","fee_type":"CNY","is_subscribe":"Y","mch_id":"1268067601","nonce_str":"rpn6bzjrma9r07ocqer8t4edzytab000","openid":"ouN6_sxs8McQDKQzSLd0uwmk24LY","out_trade_no":"126806760120151021211214","result_code":"SUCCESS","return_code":"SUCCESS","sign":"9012EAAB23AEFE680FB72E951ACABE52","time_end":"20151021211313","total_fee":"4000","trade_type":"JSAPI","transaction_id":"1009570869201510211282730181"}
[2015-10-21 21:13:15][debug] query:{"appid":"wx161f19ac48b1f2f3","attach":"\u9a6c\u62c9\u677e\u62a5\u540d","bank_type":"ABC_DEBIT","cash_fee":"4000","fee_type":"CNY","is_subscribe":"Y","mch_id":"1268067601","nonce_str":"JXC1mRU25I78eOid","openid":"ouN6_sxs8McQDKQzSLd0uwmk24LY","out_trade_no":"126806760120151021211214","result_code":"SUCCESS","return_code":"SUCCESS","return_msg":"OK","sign":"994B23BC71188B01A4EC2F554CAFB419","time_end":"20151021211313","total_fee":"4000","trade_state":"SUCCESS","trade_type":"JSAPI","transaction_id":"1009570869201510211282730181"}
[2015-10-21 21:13:15][debug] call back test:订单查询成功
[2015-10-21 21:13:15][debug] call back test:未入库
[2015-10-21 21:13:15][debug] call back test sql:UPDATE pa_marathon SET ispay =1,transaction_id="1009570869201510211282730181",out_trade_no="126806760120151021211214" WHERE openid ="ouN6_sxs8McQDKQzSLd0uwmk24LY"
[2015-10-21 21:13:15][debug] call back test:入库成功
[2015-10-21 21:55:09][debug] begin notify
[2015-10-21 21:55:09][debug] call back test:{"appid":"wx161f19ac48b1f2f3","attach":"\u9a6c\u62c9\u677e\u62a5\u540d","bank_type":"ICBC_DEBIT","cash_fee":"4000","fee_type":"CNY","is_subscribe":"Y","mch_id":"1268067601","nonce_str":"jw4jouehw2x4f2in9anc97h2gu7polh8","openid":"ouN6_swN4lsroEXxU-sh-37VaT-U","out_trade_no":"126806760120151021214943","result_code":"SUCCESS","return_code":"SUCCESS","sign":"ADA23D65E381B1AAF8E3D6038A390477","time_end":"20151021215456","total_fee":"4000","trade_type":"JSAPI","transaction_id":"1010010869201510211283150407"}
[2015-10-21 21:55:14][debug] query:{"appid":"wx161f19ac48b1f2f3","attach":"\u9a6c\u62c9\u677e\u62a5\u540d","bank_type":"ICBC_DEBIT","cash_fee":"4000","fee_type":"CNY","is_subscribe":"Y","mch_id":"1268067601","nonce_str":"e5m285FK5C3Q1wdK","openid":"ouN6_swN4lsroEXxU-sh-37VaT-U","out_trade_no":"126806760120151021214943","result_code":"SUCCESS","return_code":"SUCCESS","return_msg":"OK","sign":"D8CAD3AE07CE7655CBCD6A6242BD92E4","time_end":"20151021215337","total_fee":"4000","trade_state":"SUCCESS","trade_type":"JSAPI","transaction_id":"1010010869201510211283150407"}
[2015-10-21 21:55:14][debug] call back test:订单查询成功
[2015-10-21 21:55:14][debug] call back test:未入库
[2015-10-21 21:55:14][debug] call back test sql:UPDATE pa_marathon SET ispay =1,transaction_id="1010010869201510211283150407",out_trade_no="126806760120151021214943" WHERE openid ="ouN6_swN4lsroEXxU-sh-37VaT-U"
[2015-10-21 21:55:14][debug] call back test:入库成功
[2015-10-21 21:55:30][debug] begin notify
[2015-10-21 21:55:30][debug] call back test:{"appid":"wx161f19ac48b1f2f3","attach":"\u9a6c\u62c9\u677e\u62a5\u540d","bank_type":"ICBC_DEBIT","cash_fee":"4000","fee_type":"CNY","is_subscribe":"Y","mch_id":"1268067601","nonce_str":"jw4jouehw2x4f2in9anc97h2gu7polh8","openid":"ouN6_swN4lsroEXxU-sh-37VaT-U","out_trade_no":"126806760120151021214943","result_code":"SUCCESS","return_code":"SUCCESS","sign":"ADA23D65E381B1AAF8E3D6038A390477","time_end":"20151021215456","total_fee":"4000","trade_type":"JSAPI","transaction_id":"1010010869201510211283150407"}
[2015-10-21 21:55:32][debug] query:{"appid":"wx161f19ac48b1f2f3","attach":"\u9a6c\u62c9\u677e\u62a5\u540d","bank_type":"ICBC_DEBIT","cash_fee":"4000","fee_type":"CNY","is_subscribe":"Y","mch_id":"1268067601","nonce_str":"mP88n8shrIsVBM51","openid":"ouN6_swN4lsroEXxU-sh-37VaT-U","out_trade_no":"126806760120151021214943","result_code":"SUCCESS","return_code":"SUCCESS","return_msg":"OK","sign":"C08F038CCC5E625D5FC92CD4EE713049","time_end":"20151021215337","total_fee":"4000","trade_state":"SUCCESS","trade_type":"JSAPI","transaction_id":"1010010869201510211283150407"}
[2015-10-21 21:55:32][debug] call back test:订单查询成功
[2015-10-21 21:55:32][debug] call back test:已入库
[2015-10-21 22:14:25][debug] begin notify
[2015-10-21 22:14:25][debug] call back test:{"appid":"wx161f19ac48b1f2f3","attach":"\u9a6c\u62c9\u677e\u62a5\u540d","bank_type":"BOC_CREDIT","cash_fee":"4000","fee_type":"CNY","is_subscribe":"Y","mch_id":"1268067601","nonce_str":"iyhf769g2zxjupqhz41qeatq1t7shu0f","openid":"ouN6_s7CAOz2c_g3OSpJqnpoW4Is","out_trade_no":"126806760120151021221407","result_code":"SUCCESS","return_code":"SUCCESS","sign":"615BAE28044A9363011C9497F12EAC8F","time_end":"20151021221425","total_fee":"4000","trade_type":"JSAPI","transaction_id":"1006170869201510211283367909"}
[2015-10-21 22:14:26][debug] query:{"appid":"wx161f19ac48b1f2f3","attach":"\u9a6c\u62c9\u677e\u62a5\u540d","bank_type":"BOC_CREDIT","cash_fee":"4000","fee_type":"CNY","is_subscribe":"Y","mch_id":"1268067601","nonce_str":"413csilK1gGaoXe3","openid":"ouN6_s7CAOz2c_g3OSpJqnpoW4Is","out_trade_no":"126806760120151021221407","result_code":"SUCCESS","return_code":"SUCCESS","return_msg":"OK","sign":"6C498E091DD0A0395136C8E12C452A59","time_end":"20151021221424","total_fee":"4000","trade_state":"SUCCESS","trade_type":"JSAPI","transaction_id":"1006170869201510211283367909"}
[2015-10-21 22:14:26][debug] call back test:订单查询成功
[2015-10-21 22:14:26][debug] call back test:未入库
[2015-10-21 22:14:26][debug] call back test sql:UPDATE pa_marathon SET ispay =1,transaction_id="1006170869201510211283367909",out_trade_no="126806760120151021221407" WHERE openid ="ouN6_s7CAOz2c_g3OSpJqnpoW4Is"
[2015-10-21 22:14:26][debug] call back test:入库成功
[2015-10-21 22:28:37][debug] begin notify
[2015-10-21 22:28:37][debug] call back test:{"appid":"wx161f19ac48b1f2f3","attach":"\u9a6c\u62c9\u677e\u62a5\u540d","bank_type":"ICBC_DEBIT","cash_fee":"4000","fee_type":"CNY","is_subscribe":"Y","mch_id":"1268067601","nonce_str":"iom8g8lrs4yl4ld8nlkjuvhplntr2pxu","openid":"ouN6_syZ9W13cpYPBrFwHhf5Yo_I","out_trade_no":"126806760120151021222630","result_code":"SUCCESS","return_code":"SUCCESS","sign":"10636C8409EA3DF1E0E1C05179675E99","time_end":"20151021222833","total_fee":"4000","trade_type":"JSAPI","transaction_id":"1005150869201510211283482374"}
[2015-10-21 22:28:37][debug] query:{"appid":"wx161f19ac48b1f2f3","attach":"\u9a6c\u62c9\u677e\u62a5\u540d","bank_type":"ICBC_DEBIT","cash_fee":"4000","fee_type":"CNY","is_subscribe":"Y","mch_id":"1268067601","nonce_str":"LjQ0iSRuwOTY5dKW","openid":"ouN6_syZ9W13cpYPBrFwHhf5Yo_I","out_trade_no":"126806760120151021222630","result_code":"SUCCESS","return_code":"SUCCESS","return_msg":"OK","sign":"4A502359061696CDC95F6EDE6C56E331","time_end":"20151021222833","total_fee":"4000","trade_state":"SUCCESS","trade_type":"JSAPI","transaction_id":"1005150869201510211283482374"}
[2015-10-21 22:28:37][debug] call back test:订单查询成功
[2015-10-21 22:28:37][debug] call back test:未入库
[2015-10-21 22:28:37][debug] call back test sql:UPDATE pa_marathon SET ispay =1,transaction_id="1005150869201510211283482374",out_trade_no="126806760120151021222630" WHERE openid ="ouN6_syZ9W13cpYPBrFwHhf5Yo_I"
[2015-10-21 22:28:37][debug] call back test:入库成功
[2015-10-21 22:28:52][debug] begin notify
[2015-10-21 22:28:52][debug] call back test:{"appid":"wx161f19ac48b1f2f3","attach":"\u9a6c\u62c9\u677e\u62a5\u540d","bank_type":"ICBC_DEBIT","cash_fee":"4000","fee_type":"CNY","is_subscribe":"Y","mch_id":"1268067601","nonce_str":"iom8g8lrs4yl4ld8nlkjuvhplntr2pxu","openid":"ouN6_syZ9W13cpYPBrFwHhf5Yo_I","out_trade_no":"126806760120151021222630","result_code":"SUCCESS","return_code":"SUCCESS","sign":"10636C8409EA3DF1E0E1C05179675E99","time_end":"20151021222833","total_fee":"4000","trade_type":"JSAPI","transaction_id":"1005150869201510211283482374"}
[2015-10-21 22:29:12][debug] begin notify
[2015-10-21 22:29:12][debug] call back test:{"appid":"wx161f19ac48b1f2f3","attach":"\u9a6c\u62c9\u677e\u62a5\u540d","bank_type":"ICBC_DEBIT","cash_fee":"4000","fee_type":"CNY","is_subscribe":"Y","mch_id":"1268067601","nonce_str":"iom8g8lrs4yl4ld8nlkjuvhplntr2pxu","openid":"ouN6_syZ9W13cpYPBrFwHhf5Yo_I","out_trade_no":"126806760120151021222630","result_code":"SUCCESS","return_code":"SUCCESS","sign":"10636C8409EA3DF1E0E1C05179675E99","time_end":"20151021222833","total_fee":"4000","trade_type":"JSAPI","transaction_id":"1005150869201510211283482374"}
[2015-10-21 22:29:48][debug] begin notify
[2015-10-21 22:29:48][debug] call back test:{"appid":"wx161f19ac48b1f2f3","attach":"\u9a6c\u62c9\u677e\u62a5\u540d","bank_type":"ICBC_DEBIT","cash_fee":"4000","fee_type":"CNY","is_subscribe":"Y","mch_id":"1268067601","nonce_str":"iom8g8lrs4yl4ld8nlkjuvhplntr2pxu","openid":"ouN6_syZ9W13cpYPBrFwHhf5Yo_I","out_trade_no":"126806760120151021222630","result_code":"SUCCESS","return_code":"SUCCESS","sign":"10636C8409EA3DF1E0E1C05179675E99","time_end":"20151021222833","total_fee":"4000","trade_type":"JSAPI","transaction_id":"1005150869201510211283482374"}
[2015-10-21 22:29:54][debug] query:{"appid":"wx161f19ac48b1f2f3","attach":"\u9a6c\u62c9\u677e\u62a5\u540d","bank_type":"ICBC_DEBIT","cash_fee":"4000","fee_type":"CNY","is_subscribe":"Y","mch_id":"1268067601","nonce_str":"UUGMG7JlAxISa4pF","openid":"ouN6_syZ9W13cpYPBrFwHhf5Yo_I","out_trade_no":"126806760120151021222630","result_code":"SUCCESS","return_code":"SUCCESS","return_msg":"OK","sign":"E647FD6EBD1B08B404EE17895D2054CC","time_end":"20151021222833","total_fee":"4000","trade_state":"SUCCESS","trade_type":"JSAPI","transaction_id":"1005150869201510211283482374"}
[2015-10-21 22:29:54][debug] call back test:订单查询成功
[2015-10-21 22:29:54][debug] call back test:已入库
[2015-10-21 22:32:53][debug] begin notify
[2015-10-21 22:32:53][debug] call back test:{"appid":"wx161f19ac48b1f2f3","attach":"\u9a6c\u62c9\u677e\u62a5\u540d","bank_type":"ICBC_DEBIT","cash_fee":"4000","fee_type":"CNY","is_subscribe":"Y","mch_id":"1268067601","nonce_str":"iom8g8lrs4yl4ld8nlkjuvhplntr2pxu","openid":"ouN6_syZ9W13cpYPBrFwHhf5Yo_I","out_trade_no":"126806760120151021222630","result_code":"SUCCESS","return_code":"SUCCESS","sign":"10636C8409EA3DF1E0E1C05179675E99","time_end":"20151021222833","total_fee":"4000","trade_type":"JSAPI","transaction_id":"1005150869201510211283482374"}
[2015-10-21 22:32:59][debug] query:{"appid":"wx161f19ac48b1f2f3","attach":"\u9a6c\u62c9\u677e\u62a5\u540d","bank_type":"ICBC_DEBIT","cash_fee":"4000","fee_type":"CNY","is_subscribe":"Y","mch_id":"1268067601","nonce_str":"JjKBCQSHdPdnnGwa","openid":"ouN6_syZ9W13cpYPBrFwHhf5Yo_I","out_trade_no":"126806760120151021222630","result_code":"SUCCESS","return_code":"SUCCESS","return_msg":"OK","sign":"35A79AE563A9A470CEE5EC2C435C693D","time_end":"20151021222833","total_fee":"4000","trade_state":"SUCCESS","trade_type":"JSAPI","transaction_id":"1005150869201510211283482374"}
[2015-10-21 22:32:59][debug] call back test:订单查询成功
[2015-10-21 22:32:59][debug] call back test:已入库
[2015-10-21 22:44:34][debug] begin notify
[2015-10-21 22:44:34][debug] call back test:{"appid":"wx161f19ac48b1f2f3","attach":"\u9a6c\u62c9\u677e\u62a5\u540d","bank_type":"ABC_DEBIT","cash_fee":"6000","fee_type":"CNY","is_subscribe":"Y","mch_id":"1268067601","nonce_str":"pv6qx4yaqacj7qmispgtu5brx9hpieeq","openid":"ouN6_s0Kq1A0AhpsODhNhe7ceBvc","out_trade_no":"126806760120151021224412","result_code":"SUCCESS","return_code":"SUCCESS","sign":"1642E024576EC353F6DD2B2923A78072","time_end":"20151021224434","total_fee":"6000","trade_type":"JSAPI","transaction_id":"1003390869201510211283629511"}
[2015-10-21 22:44:35][debug] query:{"appid":"wx161f19ac48b1f2f3","attach":"\u9a6c\u62c9\u677e\u62a5\u540d","bank_type":"ABC_DEBIT","cash_fee":"6000","fee_type":"CNY","is_subscribe":"Y","mch_id":"1268067601","nonce_str":"1O0ry922sh27HDba","openid":"ouN6_s0Kq1A0AhpsODhNhe7ceBvc","out_trade_no":"126806760120151021224412","result_code":"SUCCESS","return_code":"SUCCESS","return_msg":"OK","sign":"157E47CC0B42B351E4F7F1EBB3DFBF5C","time_end":"20151021224433","total_fee":"6000","trade_state":"SUCCESS","trade_type":"JSAPI","transaction_id":"1003390869201510211283629511"}
[2015-10-21 22:44:35][debug] call back test:订单查询成功
[2015-10-21 22:44:35][debug] call back test:未入库
[2015-10-21 22:44:35][debug] call back test sql:UPDATE pa_marathon SET ispay =1,transaction_id="1003390869201510211283629511",out_trade_no="126806760120151021224412" WHERE openid ="ouN6_s0Kq1A0AhpsODhNhe7ceBvc"
[2015-10-21 22:44:35][debug] call back test:入库成功
[2015-10-21 22:50:14][debug] begin notify
[2015-10-21 22:50:14][debug] call back test:{"appid":"wx161f19ac48b1f2f3","attach":"\u9a6c\u62c9\u677e\u62a5\u540d","bank_type":"ABC_DEBIT","cash_fee":"8000","fee_type":"CNY","is_subscribe":"Y","mch_id":"1268067601","nonce_str":"hcw8rt6j75xk9cc8yjbjr8gyre7rn9nl","openid":"ouN6_s0JSuVzA1XhAq7sjsRsKl2o","out_trade_no":"126806760120151021224943","result_code":"SUCCESS","return_code":"SUCCESS","sign":"9E173F891034E7972750561C176DC7A3","time_end":"20151021225013","total_fee":"8000","trade_type":"JSAPI","transaction_id":"1001730869201510211283681460"}
[2015-10-21 22:50:14][debug] query:{"appid":"wx161f19ac48b1f2f3","attach":"\u9a6c\u62c9\u677e\u62a5\u540d","bank_type":"ABC_DEBIT","cash_fee":"8000","fee_type":"CNY","is_subscribe":"Y","mch_id":"1268067601","nonce_str":"UTqjcoJWM9T6K7vU","openid":"ouN6_s0JSuVzA1XhAq7sjsRsKl2o","out_trade_no":"126806760120151021224943","result_code":"SUCCESS","return_code":"SUCCESS","return_msg":"OK","sign":"77CABAFF1BFC8079B60584496F47EDD3","time_end":"20151021225013","total_fee":"8000","trade_state":"SUCCESS","trade_type":"JSAPI","transaction_id":"1001730869201510211283681460"}
[2015-10-21 22:50:14][debug] call back test:订单查询成功
[2015-10-21 22:50:14][debug] call back test:未入库
[2015-10-21 22:50:14][debug] call back test sql:UPDATE pa_marathon SET ispay =1,transaction_id="1001730869201510211283681460",out_trade_no="126806760120151021224943" WHERE openid ="ouN6_s0JSuVzA1XhAq7sjsRsKl2o"
[2015-10-21 22:50:14][debug] call back test:入库成功
[2015-10-21 23:02:58][debug] begin notify
[2015-10-21 23:02:58][debug] call back test:{"appid":"wx161f19ac48b1f2f3","attach":"\u9a6c\u62c9\u677e\u62a5\u540d","bank_type":"ICBC_DEBIT","cash_fee":"4000","fee_type":"CNY","is_subscribe":"Y","mch_id":"1268067601","nonce_str":"iom8g8lrs4yl4ld8nlkjuvhplntr2pxu","openid":"ouN6_syZ9W13cpYPBrFwHhf5Yo_I","out_trade_no":"126806760120151021222630","result_code":"SUCCESS","return_code":"SUCCESS","sign":"10636C8409EA3DF1E0E1C05179675E99","time_end":"20151021222833","total_fee":"4000","trade_type":"JSAPI","transaction_id":"1005150869201510211283482374"}
[2015-10-21 23:33:04][debug] begin notify
[2015-10-21 23:33:04][debug] call back test:{"appid":"wx161f19ac48b1f2f3","attach":"\u9a6c\u62c9\u677e\u62a5\u540d","bank_type":"ICBC_DEBIT","cash_fee":"4000","fee_type":"CNY","is_subscribe":"Y","mch_id":"1268067601","nonce_str":"iom8g8lrs4yl4ld8nlkjuvhplntr2pxu","openid":"ouN6_syZ9W13cpYPBrFwHhf5Yo_I","out_trade_no":"126806760120151021222630","result_code":"SUCCESS","return_code":"SUCCESS","sign":"10636C8409EA3DF1E0E1C05179675E99","time_end":"20151021222833","total_fee":"4000","trade_type":"JSAPI","transaction_id":"1005150869201510211283482374"}
