[2015-10-29 00:00:07][debug] begin notify
[2015-10-29 00:00:07][debug] call back test:{"appid":"wx161f19ac48b1f2f3","attach":"\u9a6c\u62c9\u677e\u62a5\u540d","bank_type":"ICBC_DEBIT","cash_fee":"6000","fee_type":"CNY","is_subscribe":"N","mch_id":"1268067601","nonce_str":"go7df7k10ibjv3vquj3j19rzeg7uzvmq","openid":"ouN6_s3SS0aRn-Inp-E2ht-wLQlQ","out_trade_no":"126806760120151028235254","result_code":"SUCCESS","return_code":"SUCCESS","sign":"AB0643789A82B5EF85584A4B9A9529BA","time_end":"20151028235553","total_fee":"6000","trade_type":"JSAPI","transaction_id":"1003010869201510281370794429"}
[2015-10-29 00:30:14][debug] begin notify
[2015-10-29 00:30:14][debug] call back test:{"appid":"wx161f19ac48b1f2f3","attach":"\u9a6c\u62c9\u677e\u62a5\u540d","bank_type":"ICBC_DEBIT","cash_fee":"6000","fee_type":"CNY","is_subscribe":"N","mch_id":"1268067601","nonce_str":"go7df7k10ibjv3vquj3j19rzeg7uzvmq","openid":"ouN6_s3SS0aRn-Inp-E2ht-wLQlQ","out_trade_no":"126806760120151028235254","result_code":"SUCCESS","return_code":"SUCCESS","sign":"AB0643789A82B5EF85584A4B9A9529BA","time_end":"20151028235553","total_fee":"6000","trade_type":"JSAPI","transaction_id":"1003010869201510281370794429"}
[2015-10-29 01:00:20][debug] begin notify
[2015-10-29 01:00:20][debug] call back test:{"appid":"wx161f19ac48b1f2f3","attach":"\u9a6c\u62c9\u677e\u62a5\u540d","bank_type":"ICBC_DEBIT","cash_fee":"6000","fee_type":"CNY","is_subscribe":"N","mch_id":"1268067601","nonce_str":"go7df7k10ibjv3vquj3j19rzeg7uzvmq","openid":"ouN6_s3SS0aRn-Inp-E2ht-wLQlQ","out_trade_no":"126806760120151028235254","result_code":"SUCCESS","return_code":"SUCCESS","sign":"AB0643789A82B5EF85584A4B9A9529BA","time_end":"20151028235553","total_fee":"6000","trade_type":"JSAPI","transaction_id":"1003010869201510281370794429"}
[2015-10-29 01:00:26][debug] query:{"appid":"wx161f19ac48b1f2f3","attach":"\u9a6c\u62c9\u677e\u62a5\u540d","bank_type":"ICBC_DEBIT","cash_fee":"6000","fee_type":"CNY","is_subscribe":"Y","mch_id":"1268067601","nonce_str":"n7gU42BBG8VivElt","openid":"ouN6_s3SS0aRn-Inp-E2ht-wLQlQ","out_trade_no":"126806760120151028235254","result_code":"SUCCESS","return_code":"SUCCESS","return_msg":"OK","sign":"13995D121E8DBCB93AB8040B5EF12A46","time_end":"20151028235552","total_fee":"6000","trade_state":"SUCCESS","trade_type":"JSAPI","transaction_id":"1003010869201510281370794429"}
[2015-10-29 01:00:26][debug] call back test:订单查询成功
[2015-10-29 01:00:26][debug] call back test:未入库
[2015-10-29 01:00:26][debug] call back test sql:UPDATE pa_marathon SET ispay =1,transaction_id="1003010869201510281370794429",out_trade_no="126806760120151028235254" WHERE openid ="ouN6_s3SS0aRn-Inp-E2ht-wLQlQ"
[2015-10-29 01:00:26][debug] call back test:入库成功
[2015-10-29 01:30:25][debug] begin notify
[2015-10-29 01:30:25][debug] call back test:{"appid":"wx161f19ac48b1f2f3","attach":"\u9a6c\u62c9\u677e\u62a5\u540d","bank_type":"ICBC_DEBIT","cash_fee":"6000","fee_type":"CNY","is_subscribe":"N","mch_id":"1268067601","nonce_str":"go7df7k10ibjv3vquj3j19rzeg7uzvmq","openid":"ouN6_s3SS0aRn-Inp-E2ht-wLQlQ","out_trade_no":"126806760120151028235254","result_code":"SUCCESS","return_code":"SUCCESS","sign":"AB0643789A82B5EF85584A4B9A9529BA","time_end":"20151028235553","total_fee":"6000","trade_type":"JSAPI","transaction_id":"1003010869201510281370794429"}
[2015-10-29 02:00:31][debug] begin notify
[2015-10-29 02:00:31][debug] call back test:{"appid":"wx161f19ac48b1f2f3","attach":"\u9a6c\u62c9\u677e\u62a5\u540d","bank_type":"ICBC_DEBIT","cash_fee":"6000","fee_type":"CNY","is_subscribe":"N","mch_id":"1268067601","nonce_str":"go7df7k10ibjv3vquj3j19rzeg7uzvmq","openid":"ouN6_s3SS0aRn-Inp-E2ht-wLQlQ","out_trade_no":"126806760120151028235254","result_code":"SUCCESS","return_code":"SUCCESS","sign":"AB0643789A82B5EF85584A4B9A9529BA","time_end":"20151028235553","total_fee":"6000","trade_type":"JSAPI","transaction_id":"1003010869201510281370794429"}
[2015-10-29 02:00:35][debug] query:{"appid":"wx161f19ac48b1f2f3","attach":"\u9a6c\u62c9\u677e\u62a5\u540d","bank_type":"ICBC_DEBIT","cash_fee":"6000","fee_type":"CNY","is_subscribe":"Y","mch_id":"1268067601","nonce_str":"utmKsHLhlo9AJkUT","openid":"ouN6_s3SS0aRn-Inp-E2ht-wLQlQ","out_trade_no":"126806760120151028235254","result_code":"SUCCESS","return_code":"SUCCESS","return_msg":"OK","sign":"3E12CE392814D7194B51C2ECA7F8C5D9","time_end":"20151028235552","total_fee":"6000","trade_state":"SUCCESS","trade_type":"JSAPI","transaction_id":"1003010869201510281370794429"}
[2015-10-29 02:00:35][debug] call back test:订单查询成功
[2015-10-29 02:00:35][debug] call back test:已入库
[2015-10-29 09:47:08][debug] begin notify
[2015-10-29 09:47:08][debug] call back test:{"appid":"wx161f19ac48b1f2f3","attach":"\u9a6c\u62c9\u677e\u62a5\u540d","bank_type":"PSBC_DEBIT","cash_fee":"4000","fee_type":"CNY","is_subscribe":"N","mch_id":"1268067601","nonce_str":"7mc9nh7hxuzfkmbtrr2kisy44af0yjyk","openid":"ouN6_s5qOwsyAuDjKOW11uDZDF28","out_trade_no":"126806760120151029094531","result_code":"SUCCESS","return_code":"SUCCESS","sign":"74C69F41E82F2E7C152529F3163DF0D1","time_end":"20151029094706","total_fee":"4000","trade_type":"JSAPI","transaction_id":"1009100869201510291372626858"}
[2015-10-29 09:47:08][debug] query:{"appid":"wx161f19ac48b1f2f3","attach":"\u9a6c\u62c9\u677e\u62a5\u540d","bank_type":"PSBC_DEBIT","cash_fee":"4000","fee_type":"CNY","is_subscribe":"N","mch_id":"1268067601","nonce_str":"pZEpotbJuLTr8zlM","openid":"ouN6_s5qOwsyAuDjKOW11uDZDF28","out_trade_no":"126806760120151029094531","result_code":"SUCCESS","return_code":"SUCCESS","return_msg":"OK","sign":"2873B7BE16A82CD4A441CE3F370BE3E9","time_end":"20151029094644","total_fee":"4000","trade_state":"SUCCESS","trade_type":"JSAPI","transaction_id":"1009100869201510291372626858"}
[2015-10-29 09:47:08][debug] call back test:订单查询成功
[2015-10-29 09:47:08][debug] call back test:未入库
[2015-10-29 09:47:08][debug] call back test sql:UPDATE pa_marathon SET ispay =1,transaction_id="1009100869201510291372626858",out_trade_no="126806760120151029094531" WHERE openid ="ouN6_s5qOwsyAuDjKOW11uDZDF28"
[2015-10-29 09:47:08][debug] call back test:入库成功
[2015-10-29 13:06:53][debug] begin notify
[2015-10-29 13:06:53][debug] call back test:{"appid":"wx161f19ac48b1f2f3","attach":"\u9a6c\u62c9\u677e\u62a5\u540d","bank_type":"CCB_DEBIT","cash_fee":"6000","fee_type":"CNY","is_subscribe":"Y","mch_id":"1268067601","nonce_str":"b3snks2501ei5lt1xsx78vmzv189nc4c","openid":"ouN6_s4FQL3OhUnME73d-AqYEKOY","out_trade_no":"126806760120151029130611","result_code":"SUCCESS","return_code":"SUCCESS","sign":"75CBF097D7A19A3D671C3F573378A435","time_end":"20151029130652","total_fee":"6000","trade_type":"JSAPI","transaction_id":"1002280869201510291375729082"}
[2015-10-29 13:06:53][debug] query:{"appid":"wx161f19ac48b1f2f3","attach":"\u9a6c\u62c9\u677e\u62a5\u540d","bank_type":"CCB_DEBIT","cash_fee":"6000","fee_type":"CNY","is_subscribe":"Y","mch_id":"1268067601","nonce_str":"2WeAd4T8MonQp09m","openid":"ouN6_s4FQL3OhUnME73d-AqYEKOY","out_trade_no":"126806760120151029130611","result_code":"SUCCESS","return_code":"SUCCESS","return_msg":"OK","sign":"BEEA4E568FDD3AAD8634464E8C2ABEDE","time_end":"20151029130652","total_fee":"6000","trade_state":"SUCCESS","trade_type":"JSAPI","transaction_id":"1002280869201510291375729082"}
[2015-10-29 13:06:53][debug] call back test:订单查询成功
[2015-10-29 13:06:53][debug] call back test:未入库
[2015-10-29 13:06:53][debug] call back test sql:UPDATE pa_marathon SET ispay =1,transaction_id="1002280869201510291375729082",out_trade_no="126806760120151029130611" WHERE openid ="ouN6_s4FQL3OhUnME73d-AqYEKOY"
[2015-10-29 13:06:53][debug] call back test:入库成功
