[2015-09-28 08:03:22][debug] begin notify
[2015-09-28 08:03:22][debug] call back test:{"appid":"wx161f19ac48b1f2f3","attach":"\u9a6c\u62c9\u677e\u62a5\u540d","bank_type":"PSBC_DEBIT","cash_fee":"6000","fee_type":"CNY","is_subscribe":"Y","mch_id":"1268067601","nonce_str":"e9lgva9ogj59vm574nywihoolwy9sj3t","openid":"ouN6_sxAUESYAHayJbRpvav4S3wM","out_trade_no":"126806760120150928075929","result_code":"SUCCESS","return_code":"SUCCESS","sign":"60624A302DC2EA22D300473C96F3C1F0","time_end":"20150928080310","total_fee":"6000","trade_type":"JSAPI","transaction_id":"1009830869201509281017180388"}
[2015-09-28 08:03:22][debug] query:{"appid":"wx161f19ac48b1f2f3","attach":"\u9a6c\u62c9\u677e\u62a5\u540d","bank_type":"PSBC_DEBIT","cash_fee":"6000","fee_type":"CNY","is_subscribe":"Y","mch_id":"1268067601","nonce_str":"FZJl2RgxVpcwi3PC","openid":"ouN6_sxAUESYAHayJbRpvav4S3wM","out_trade_no":"126806760120150928075929","result_code":"SUCCESS","return_code":"SUCCESS","return_msg":"OK","sign":"5CC179258733F0EFC8546FAE2B93197A","time_end":"20150928080218","total_fee":"6000","trade_state":"SUCCESS","trade_type":"JSAPI","transaction_id":"1009830869201509281017180388"}
[2015-09-28 08:03:22][debug] call back test:订单查询成功
[2015-09-28 08:03:22][debug] call back test:未入库
[2015-09-28 08:03:22][debug] call back test sql:UPDATE pa_marathon SET ispay =1,transaction_id="1009830869201509281017180388",out_trade_no="126806760120150928075929" WHERE openid ="ouN6_sxAUESYAHayJbRpvav4S3wM"
[2015-09-28 08:03:22][debug] call back test:入库成功
[2015-09-28 08:11:24][debug] begin notify
[2015-09-28 08:11:24][debug] call back test:{"appid":"wx161f19ac48b1f2f3","attach":"\u9a6c\u62c9\u677e\u62a5\u540d","bank_type":"CFT","cash_fee":"6000","fee_type":"CNY","is_subscribe":"Y","mch_id":"1268067601","nonce_str":"32rwmrib0e1bvkk305qbooqx48hs6f8x","openid":"ouN6_s7PqGF6fFPw6AgzcupsX46w","out_trade_no":"126806760120150928081117","result_code":"SUCCESS","return_code":"SUCCESS","sign":"C75DEBDDF4666CC98A1939AC2983A6D1","time_end":"20150928081123","total_fee":"6000","trade_type":"JSAPI","transaction_id":"1006730869201509281017241227"}
[2015-09-28 08:11:24][debug] query:{"appid":"wx161f19ac48b1f2f3","attach":"\u9a6c\u62c9\u677e\u62a5\u540d","bank_type":"CFT","cash_fee":"6000","fee_type":"CNY","is_subscribe":"Y","mch_id":"1268067601","nonce_str":"WbqT8tT6kwq2447u","openid":"ouN6_s7PqGF6fFPw6AgzcupsX46w","out_trade_no":"126806760120150928081117","result_code":"SUCCESS","return_code":"SUCCESS","return_msg":"OK","sign":"3B991DFD2D9743926B81BA2B8C4E580C","time_end":"20150928081122","total_fee":"6000","trade_state":"SUCCESS","trade_type":"JSAPI","transaction_id":"1006730869201509281017241227"}
[2015-09-28 08:11:24][debug] call back test:订单查询成功
[2015-09-28 08:11:24][debug] call back test:未入库
[2015-09-28 08:11:24][debug] call back test sql:UPDATE pa_marathon SET ispay =1,transaction_id="1006730869201509281017241227",out_trade_no="126806760120150928081117" WHERE openid ="ouN6_s7PqGF6fFPw6AgzcupsX46w"
[2015-09-28 08:11:25][debug] call back test:入库成功
[2015-09-28 08:32:54][debug] begin notify
[2015-09-28 08:32:54][debug] call back test:{"appid":"wx161f19ac48b1f2f3","attach":"\u9a6c\u62c9\u677e\u62a5\u540d","bank_type":"CMB_CREDIT","cash_fee":"6000","fee_type":"CNY","is_subscribe":"Y","mch_id":"1268067601","nonce_str":"io1rtccomv1pox506dtd5uahm1gcsugu","openid":"ouN6_s5k3bcj2QQJtn7g4hA1YC9o","out_trade_no":"126806760120150928083127","result_code":"SUCCESS","return_code":"SUCCESS","sign":"146CBA21C92ABB2D36BBE9E55245D8F5","time_end":"20150928083253","total_fee":"6000","trade_type":"JSAPI","transaction_id":"1002640869201509281017339802"}
[2015-09-28 08:32:54][debug] query:{"appid":"wx161f19ac48b1f2f3","attach":"\u9a6c\u62c9\u677e\u62a5\u540d","bank_type":"CMB_CREDIT","cash_fee":"6000","fee_type":"CNY","is_subscribe":"Y","mch_id":"1268067601","nonce_str":"UZC2K4P9ueyQlnL4","openid":"ouN6_s5k3bcj2QQJtn7g4hA1YC9o","out_trade_no":"126806760120150928083127","result_code":"SUCCESS","return_code":"SUCCESS","return_msg":"OK","sign":"7CB2E03B07156BB88C44CEAB297F998F","time_end":"20150928083253","total_fee":"6000","trade_state":"SUCCESS","trade_type":"JSAPI","transaction_id":"1002640869201509281017339802"}
[2015-09-28 08:32:54][debug] call back test:订单查询成功
[2015-09-28 08:32:54][debug] call back test:未入库
[2015-09-28 08:32:54][debug] call back test sql:UPDATE pa_marathon SET ispay =1,transaction_id="1002640869201509281017339802",out_trade_no="126806760120150928083127" WHERE openid ="ouN6_s5k3bcj2QQJtn7g4hA1YC9o"
[2015-09-28 08:32:54][debug] call back test:入库成功
[2015-09-28 09:03:31][debug] begin notify
[2015-09-28 09:03:31][debug] call back test:{"appid":"wx161f19ac48b1f2f3","attach":"\u9a6c\u62c9\u677e\u62a5\u540d","bank_type":"COMM_DEBIT","cash_fee":"8000","fee_type":"CNY","is_subscribe":"Y","mch_id":"1268067601","nonce_str":"uy1nmfrynplx1wim0hpabdfci5a6491j","openid":"ouN6_s_stVyucQ0oUGB9IIqbAyKY","out_trade_no":"126806760120150928090253","result_code":"SUCCESS","return_code":"SUCCESS","sign":"1867BA29C9780E79B57B375B387CA265","time_end":"20150928090331","total_fee":"8000","trade_type":"JSAPI","transaction_id":"1005680869201509281017511440"}
[2015-09-28 09:03:32][debug] query:{"appid":"wx161f19ac48b1f2f3","attach":"\u9a6c\u62c9\u677e\u62a5\u540d","bank_type":"COMM_DEBIT","cash_fee":"8000","fee_type":"CNY","is_subscribe":"Y","mch_id":"1268067601","nonce_str":"dOe2ZssPp5RS0kSO","openid":"ouN6_s_stVyucQ0oUGB9IIqbAyKY","out_trade_no":"126806760120150928090253","result_code":"SUCCESS","return_code":"SUCCESS","return_msg":"OK","sign":"FCF9087A3087B96E36F318F628193A26","time_end":"20150928090330","total_fee":"8000","trade_state":"SUCCESS","trade_type":"JSAPI","transaction_id":"1005680869201509281017511440"}
[2015-09-28 09:03:32][debug] call back test:订单查询成功
[2015-09-28 09:03:32][debug] call back test:未入库
[2015-09-28 09:03:32][debug] call back test sql:UPDATE pa_marathon SET ispay =1,transaction_id="1005680869201509281017511440",out_trade_no="126806760120150928090253" WHERE openid ="ouN6_s_stVyucQ0oUGB9IIqbAyKY"
[2015-09-28 09:03:32][debug] call back test:入库成功
[2015-09-28 09:05:37][debug] begin notify
[2015-09-28 09:05:37][debug] call back test:{"appid":"wx161f19ac48b1f2f3","attach":"\u9a6c\u62c9\u677e\u62a5\u540d","bank_type":"CCB_CREDIT","cash_fee":"6000","fee_type":"CNY","is_subscribe":"Y","mch_id":"1268067601","nonce_str":"hs7hp7rcrnujwuii69a32agysjpj1sss","openid":"ouN6_s60OL8liwc0gcOM77m9MVqg","out_trade_no":"126806760120150928090134","result_code":"SUCCESS","return_code":"SUCCESS","sign":"DB0A7A61062D9F4A233BC6006AAAF375","time_end":"20150928090536","total_fee":"6000","trade_type":"JSAPI","transaction_id":"1009350869201509281017490948"}
[2015-09-28 09:05:40][debug] query:{"appid":"wx161f19ac48b1f2f3","attach":"\u9a6c\u62c9\u677e\u62a5\u540d","bank_type":"CCB_CREDIT","cash_fee":"6000","fee_type":"CNY","is_subscribe":"Y","mch_id":"1268067601","nonce_str":"zBmFLJ7yjxDHXYRP","openid":"ouN6_s60OL8liwc0gcOM77m9MVqg","out_trade_no":"126806760120150928090134","result_code":"SUCCESS","return_code":"SUCCESS","return_msg":"OK","sign":"04BC74CACD3B9FC0850A6C941D118B79","time_end":"20150928090536","total_fee":"6000","trade_state":"SUCCESS","trade_type":"JSAPI","transaction_id":"1009350869201509281017490948"}
[2015-09-28 09:05:40][debug] call back test:订单查询成功
[2015-09-28 09:05:40][debug] call back test:未入库
[2015-09-28 09:05:40][debug] call back test sql:UPDATE pa_marathon SET ispay =1,transaction_id="1009350869201509281017490948",out_trade_no="126806760120150928090134" WHERE openid ="ouN6_s60OL8liwc0gcOM77m9MVqg"
[2015-09-28 09:05:40][debug] call back test:入库成功
[2015-09-28 09:05:50][debug] begin notify
[2015-09-28 09:05:50][debug] call back test:{"appid":"wx161f19ac48b1f2f3","attach":"\u9a6c\u62c9\u677e\u62a5\u540d","bank_type":"CCB_CREDIT","cash_fee":"6000","fee_type":"CNY","is_subscribe":"Y","mch_id":"1268067601","nonce_str":"hs7hp7rcrnujwuii69a32agysjpj1sss","openid":"ouN6_s60OL8liwc0gcOM77m9MVqg","out_trade_no":"126806760120150928090134","result_code":"SUCCESS","return_code":"SUCCESS","sign":"DB0A7A61062D9F4A233BC6006AAAF375","time_end":"20150928090536","total_fee":"6000","trade_type":"JSAPI","transaction_id":"1009350869201509281017490948"}
[2015-09-28 09:05:50][debug] query:{"appid":"wx161f19ac48b1f2f3","attach":"\u9a6c\u62c9\u677e\u62a5\u540d","bank_type":"CCB_CREDIT","cash_fee":"6000","fee_type":"CNY","is_subscribe":"Y","mch_id":"1268067601","nonce_str":"a6ithhnw1g1aNzLY","openid":"ouN6_s60OL8liwc0gcOM77m9MVqg","out_trade_no":"126806760120150928090134","result_code":"SUCCESS","return_code":"SUCCESS","return_msg":"OK","sign":"A83E227E19532BBDDE1D4FF85AB3B63F","time_end":"20150928090536","total_fee":"6000","trade_state":"SUCCESS","trade_type":"JSAPI","transaction_id":"1009350869201509281017490948"}
[2015-09-28 09:05:50][debug] call back test:订单查询成功
[2015-09-28 09:05:50][debug] call back test:已入库
[2015-09-28 09:17:56][debug] begin notify
[2015-09-28 09:17:56][debug] call back test:{"appid":"wx161f19ac48b1f2f3","attach":"\u9a6c\u62c9\u677e\u62a5\u540d","bank_type":"CFT","cash_fee":"6000","fee_type":"CNY","is_subscribe":"Y","mch_id":"1268067601","nonce_str":"987607c1p4exsqer50q1mvrr2r5z7ctu","openid":"ouN6_sxosJZjobVIYfr9vA5oGIDE","out_trade_no":"126806760120150928091646","result_code":"SUCCESS","return_code":"SUCCESS","sign":"66C7D2E9B6ABCD640285795B22FFA968","time_end":"20150928091755","total_fee":"6000","trade_type":"JSAPI","transaction_id":"1009680869201509281017611032"}
[2015-09-28 09:17:56][debug] query:{"appid":"wx161f19ac48b1f2f3","attach":"\u9a6c\u62c9\u677e\u62a5\u540d","bank_type":"CFT","cash_fee":"6000","fee_type":"CNY","is_subscribe":"Y","mch_id":"1268067601","nonce_str":"4uIcoYytAF8Pq6qG","openid":"ouN6_sxosJZjobVIYfr9vA5oGIDE","out_trade_no":"126806760120150928091646","result_code":"SUCCESS","return_code":"SUCCESS","return_msg":"OK","sign":"F6763E0EEAE0B548719295A18E456EDF","time_end":"20150928091755","total_fee":"6000","trade_state":"SUCCESS","trade_type":"JSAPI","transaction_id":"1009680869201509281017611032"}
[2015-09-28 09:17:56][debug] call back test:订单查询成功
[2015-09-28 09:17:56][debug] call back test:未入库
[2015-09-28 09:17:56][debug] call back test sql:UPDATE pa_marathon SET ispay =1,transaction_id="1009680869201509281017611032",out_trade_no="126806760120150928091646" WHERE openid ="ouN6_sxosJZjobVIYfr9vA5oGIDE"
[2015-09-28 09:17:56][debug] call back test:入库成功
[2015-09-28 10:20:15][debug] begin notify
[2015-09-28 10:20:15][debug] call back test:{"appid":"wx161f19ac48b1f2f3","attach":"\u9a6c\u62c9\u677e\u62a5\u540d","bank_type":"CCB_DEBIT","cash_fee":"6000","fee_type":"CNY","is_subscribe":"Y","mch_id":"1268067601","nonce_str":"1bbj3b8iesfjkx0wouqiwjd45hivwnoi","openid":"ouN6_s4hllvglo7HwebYP8dRbgVM","out_trade_no":"126806760120150928101906","result_code":"SUCCESS","return_code":"SUCCESS","sign":"DF2FA655C3D87DF188BFF113CCD9CB50","time_end":"20150928102013","total_fee":"6000","trade_type":"JSAPI","transaction_id":"1000490869201509281018095459"}
[2015-09-28 10:20:15][debug] query:{"appid":"wx161f19ac48b1f2f3","attach":"\u9a6c\u62c9\u677e\u62a5\u540d","bank_type":"CCB_DEBIT","cash_fee":"6000","fee_type":"CNY","is_subscribe":"Y","mch_id":"1268067601","nonce_str":"GGRav15VuN52YF3W","openid":"ouN6_s4hllvglo7HwebYP8dRbgVM","out_trade_no":"126806760120150928101906","result_code":"SUCCESS","return_code":"SUCCESS","return_msg":"OK","sign":"78C82F93821F594F043224BE0E8B13FD","time_end":"20150928102013","total_fee":"6000","trade_state":"SUCCESS","trade_type":"JSAPI","transaction_id":"1000490869201509281018095459"}
[2015-09-28 10:20:15][debug] call back test:订单查询成功
[2015-09-28 10:20:15][debug] call back test:未入库
[2015-09-28 10:20:15][debug] call back test sql:UPDATE pa_marathon SET ispay =1,transaction_id="1000490869201509281018095459",out_trade_no="126806760120150928101906" WHERE openid ="ouN6_s4hllvglo7HwebYP8dRbgVM"
[2015-09-28 10:20:15][debug] call back test:入库成功
[2015-09-28 10:25:06][debug] begin notify
[2015-09-28 10:25:06][debug] call back test:{"appid":"wx161f19ac48b1f2f3","attach":"\u9a6c\u62c9\u677e\u62a5\u540d","bank_type":"CFT","cash_fee":"6000","fee_type":"CNY","is_subscribe":"Y","mch_id":"1268067601","nonce_str":"8k8ks3wdkp3rjsyja7uq4k57xxcgvoxo","openid":"ouN6_s0_eZIIlQJELeoIYxBbotvU","out_trade_no":"126806760120150928102439","result_code":"SUCCESS","return_code":"SUCCESS","sign":"6A626EAFEC9C6D85C9311CA5EEF74610","time_end":"20150928102506","total_fee":"6000","trade_type":"JSAPI","transaction_id":"1005830869201509281018126133"}
[2015-09-28 10:25:07][debug] query:{"appid":"wx161f19ac48b1f2f3","attach":"\u9a6c\u62c9\u677e\u62a5\u540d","bank_type":"CFT","cash_fee":"6000","fee_type":"CNY","is_subscribe":"Y","mch_id":"1268067601","nonce_str":"i9tmmdTSYgHYdK6w","openid":"ouN6_s0_eZIIlQJELeoIYxBbotvU","out_trade_no":"126806760120150928102439","result_code":"SUCCESS","return_code":"SUCCESS","return_msg":"OK","sign":"B92668C792250C2152635039F90FDD1C","time_end":"20150928102506","total_fee":"6000","trade_state":"SUCCESS","trade_type":"JSAPI","transaction_id":"1005830869201509281018126133"}
[2015-09-28 10:25:07][debug] call back test:订单查询成功
[2015-09-28 10:25:07][debug] call back test:未入库
[2015-09-28 10:25:07][debug] call back test sql:UPDATE pa_marathon SET ispay =1,transaction_id="1005830869201509281018126133",out_trade_no="126806760120150928102439" WHERE openid ="ouN6_s0_eZIIlQJELeoIYxBbotvU"
[2015-09-28 10:25:07][debug] call back test:入库成功
[2015-09-28 10:32:18][debug] begin notify
[2015-09-28 10:32:18][debug] call back test:{"appid":"wx161f19ac48b1f2f3","attach":"\u9a6c\u62c9\u677e\u62a5\u540d","bank_type":"ICBC_DEBIT","cash_fee":"8000","fee_type":"CNY","is_subscribe":"N","mch_id":"1268067601","nonce_str":"x1tv0s081am5xjmd5jwug5zrnpk2u9cg","openid":"ouN6_s7m4mSMcKC0MIqJCVZpz0qk","out_trade_no":"126806760120150928103035","result_code":"SUCCESS","return_code":"SUCCESS","sign":"3F57B21BEA479ED8C2E1D92B93AF5528","time_end":"20150928103216","total_fee":"8000","trade_type":"JSAPI","transaction_id":"1009650869201509281018196108"}
[2015-09-28 10:32:19][debug] query:{"appid":"wx161f19ac48b1f2f3","attach":"\u9a6c\u62c9\u677e\u62a5\u540d","bank_type":"ICBC_DEBIT","cash_fee":"8000","fee_type":"CNY","is_subscribe":"N","mch_id":"1268067601","nonce_str":"QTJLX5cJQxTBF064","openid":"ouN6_s7m4mSMcKC0MIqJCVZpz0qk","out_trade_no":"126806760120150928103035","result_code":"SUCCESS","return_code":"SUCCESS","return_msg":"OK","sign":"94239291936F1B27710E9F3566AC1EDB","time_end":"20150928103216","total_fee":"8000","trade_state":"SUCCESS","trade_type":"JSAPI","transaction_id":"1009650869201509281018196108"}
[2015-09-28 10:32:19][debug] call back test:订单查询成功
[2015-09-28 10:32:19][debug] call back test:未入库
[2015-09-28 10:32:19][debug] call back test sql:UPDATE pa_marathon SET ispay =1,transaction_id="1009650869201509281018196108",out_trade_no="126806760120150928103035" WHERE openid ="ouN6_s7m4mSMcKC0MIqJCVZpz0qk"
[2015-09-28 10:32:19][debug] call back test:入库成功
[2015-09-28 10:35:01][debug] begin notify
[2015-09-28 10:35:01][debug] call back test:{"appid":"wx161f19ac48b1f2f3","attach":"\u9a6c\u62c9\u677e\u62a5\u540d","bank_type":"CFT","cash_fee":"6000","fee_type":"CNY","is_subscribe":"Y","mch_id":"1268067601","nonce_str":"6nyw8ex2jbe79871nv9pggfu9h13ao0t","openid":"ouN6_szt_9im1XJci66BBpgUnKw8","out_trade_no":"126806760120150928103412","result_code":"SUCCESS","return_code":"SUCCESS","sign":"A698B54DFBBF7E41934226F419384B1A","time_end":"20150928103500","total_fee":"6000","trade_type":"JSAPI","transaction_id":"1002720869201509281018213754"}
[2015-09-28 10:35:03][debug] query:{"appid":"wx161f19ac48b1f2f3","attach":"\u9a6c\u62c9\u677e\u62a5\u540d","bank_type":"CFT","cash_fee":"6000","fee_type":"CNY","is_subscribe":"Y","mch_id":"1268067601","nonce_str":"N7VszoZCdD4mwbcR","openid":"ouN6_szt_9im1XJci66BBpgUnKw8","out_trade_no":"126806760120150928103412","result_code":"SUCCESS","return_code":"SUCCESS","return_msg":"OK","sign":"06F692083C087EB32B689FA9BDD78246","time_end":"20150928103500","total_fee":"6000","trade_state":"SUCCESS","trade_type":"JSAPI","transaction_id":"1002720869201509281018213754"}
[2015-09-28 10:35:03][debug] call back test:订单查询成功
[2015-09-28 10:35:03][debug] call back test:未入库
[2015-09-28 10:35:03][debug] call back test sql:UPDATE pa_marathon SET ispay =1,transaction_id="1002720869201509281018213754",out_trade_no="126806760120150928103412" WHERE openid ="ouN6_szt_9im1XJci66BBpgUnKw8"
[2015-09-28 10:35:03][debug] call back test:入库成功
[2015-09-28 11:15:43][debug] begin notify
[2015-09-28 11:15:43][debug] call back test:{"appid":"wx161f19ac48b1f2f3","attach":"\u9a6c\u62c9\u677e\u62a5\u540d","bank_type":"ICBC_DEBIT","cash_fee":"6000","fee_type":"CNY","is_subscribe":"Y","mch_id":"1268067601","nonce_str":"p8bf29oq3zb63fu2jiqwm346x11vsygs","openid":"ouN6_s7m4mSMcKC0MIqJCVZpz0qk","out_trade_no":"126806760120150928111435","result_code":"SUCCESS","return_code":"SUCCESS","sign":"4CF28C323C6F9C50D41E9A2B80935BFD","time_end":"20150928111543","total_fee":"6000","trade_type":"JSAPI","transaction_id":"1009650869201509281018721826"}
[2015-09-28 11:15:43][debug] query:{"appid":"wx161f19ac48b1f2f3","attach":"\u9a6c\u62c9\u677e\u62a5\u540d","bank_type":"ICBC_DEBIT","cash_fee":"6000","fee_type":"CNY","is_subscribe":"Y","mch_id":"1268067601","nonce_str":"V6VfMGRdSnJdxCUV","openid":"ouN6_s7m4mSMcKC0MIqJCVZpz0qk","out_trade_no":"126806760120150928111435","result_code":"SUCCESS","return_code":"SUCCESS","return_msg":"OK","sign":"3AE02AC9BBEEA29494DF0914D0D431F5","time_end":"20150928111542","total_fee":"6000","trade_state":"SUCCESS","trade_type":"JSAPI","transaction_id":"1009650869201509281018721826"}
[2015-09-28 11:15:43][debug] call back test:订单查询成功
[2015-09-28 11:15:43][debug] call back test:未入库
[2015-09-28 11:15:43][debug] call back test sql:UPDATE pa_marathon SET ispay =1,transaction_id="1009650869201509281018721826",out_trade_no="126806760120150928111435" WHERE openid ="ouN6_s7m4mSMcKC0MIqJCVZpz0qk"
[2015-09-28 11:15:43][debug] call back test:入库成功
[2015-09-28 12:21:07][debug] begin notify
[2015-09-28 12:21:07][debug] call back test:{"appid":"wx161f19ac48b1f2f3","attach":"\u9a6c\u62c9\u677e\u62a5\u540d","bank_type":"ICBC_DEBIT","cash_fee":"6000","fee_type":"CNY","is_subscribe":"Y","mch_id":"1268067601","nonce_str":"hudjcqorl3mt8enad04hf94cn18poxkl","openid":"ouN6_syAH-bwQuOrbOZMLkhBxV9Y","out_trade_no":"126806760120150928122051","result_code":"SUCCESS","return_code":"SUCCESS","sign":"2102EDCA7C4E8A15C98C099C0D52DDD5","time_end":"20150928122107","total_fee":"6000","trade_type":"JSAPI","transaction_id":"1006370869201509281019591082"}
[2015-09-28 12:21:07][debug] query:{"appid":"wx161f19ac48b1f2f3","attach":"\u9a6c\u62c9\u677e\u62a5\u540d","bank_type":"ICBC_DEBIT","cash_fee":"6000","fee_type":"CNY","is_subscribe":"Y","mch_id":"1268067601","nonce_str":"mhovslJG0qT7OVys","openid":"ouN6_syAH-bwQuOrbOZMLkhBxV9Y","out_trade_no":"126806760120150928122051","result_code":"SUCCESS","return_code":"SUCCESS","return_msg":"OK","sign":"9050CC3264873782DE47DB109F955E3E","time_end":"20150928122106","total_fee":"6000","trade_state":"SUCCESS","trade_type":"JSAPI","transaction_id":"1006370869201509281019591082"}
[2015-09-28 12:21:07][debug] call back test:订单查询成功
[2015-09-28 12:21:07][debug] call back test:未入库
[2015-09-28 12:21:07][debug] call back test sql:UPDATE pa_marathon SET ispay =1,transaction_id="1006370869201509281019591082",out_trade_no="126806760120150928122051" WHERE openid ="ouN6_syAH-bwQuOrbOZMLkhBxV9Y"
[2015-09-28 12:21:07][debug] call back test:入库成功
[2015-09-28 12:48:21][debug] begin notify
[2015-09-28 12:48:21][debug] call back test:{"appid":"wx161f19ac48b1f2f3","attach":"\u9a6c\u62c9\u677e\u62a5\u540d","bank_type":"ICBC_CREDIT","cash_fee":"6000","fee_type":"CNY","is_subscribe":"Y","mch_id":"1268067601","nonce_str":"62v9s67zevknobdovbcgc2e7a7ech3ub","openid":"ouN6_s8dqwcVhpwLrf_IsooYswf0","out_trade_no":"126806760120150928124749","result_code":"SUCCESS","return_code":"SUCCESS","sign":"67716C45DBDB22CB3C9359DABBEC4185","time_end":"20150928124821","total_fee":"6000","trade_type":"JSAPI","transaction_id":"1002300869201509281019948606"}
[2015-09-28 12:48:22][debug] query:{"appid":"wx161f19ac48b1f2f3","attach":"\u9a6c\u62c9\u677e\u62a5\u540d","bank_type":"ICBC_CREDIT","cash_fee":"6000","fee_type":"CNY","is_subscribe":"Y","mch_id":"1268067601","nonce_str":"Uf6B5GgE32OPleu1","openid":"ouN6_s8dqwcVhpwLrf_IsooYswf0","out_trade_no":"126806760120150928124749","result_code":"SUCCESS","return_code":"SUCCESS","return_msg":"OK","sign":"E59E7AEB09E3B746F7FED5136E322C05","time_end":"20150928124820","total_fee":"6000","trade_state":"SUCCESS","trade_type":"JSAPI","transaction_id":"1002300869201509281019948606"}
[2015-09-28 12:48:22][debug] call back test:订单查询成功
[2015-09-28 12:48:22][debug] call back test:未入库
[2015-09-28 12:48:22][debug] call back test sql:UPDATE pa_marathon SET ispay =1,transaction_id="1002300869201509281019948606",out_trade_no="126806760120150928124749" WHERE openid ="ouN6_s8dqwcVhpwLrf_IsooYswf0"
[2015-09-28 12:48:22][debug] call back test:入库成功
[2015-09-28 13:26:23][debug] begin notify
[2015-09-28 13:26:23][debug] call back test:{"appid":"wx161f19ac48b1f2f3","attach":"\u9a6c\u62c9\u677e\u62a5\u540d","bank_type":"ICBC_DEBIT","cash_fee":"8000","fee_type":"CNY","is_subscribe":"Y","mch_id":"1268067601","nonce_str":"xpokwsjh9m1qy60v6uiv36k12alnuwgw","openid":"ouN6_s_ObBN1WzcNrcgVQdXlqQag","out_trade_no":"126806760120150928132420","result_code":"SUCCESS","return_code":"SUCCESS","sign":"1BCB5E27BF502773A913F9FCA06CCD84","time_end":"20150928132622","total_fee":"8000","trade_type":"JSAPI","transaction_id":"1005410869201509281020358267"}
[2015-09-28 13:26:23][debug] query:{"appid":"wx161f19ac48b1f2f3","attach":"\u9a6c\u62c9\u677e\u62a5\u540d","bank_type":"ICBC_DEBIT","cash_fee":"8000","fee_type":"CNY","is_subscribe":"Y","mch_id":"1268067601","nonce_str":"MhDA50ob50fjrczq","openid":"ouN6_s_ObBN1WzcNrcgVQdXlqQag","out_trade_no":"126806760120150928132420","result_code":"SUCCESS","return_code":"SUCCESS","return_msg":"OK","sign":"82BE6166B9FB349149941D57F9380733","time_end":"20150928132621","total_fee":"8000","trade_state":"SUCCESS","trade_type":"JSAPI","transaction_id":"1005410869201509281020358267"}
[2015-09-28 13:26:23][debug] call back test:订单查询成功
[2015-09-28 13:26:23][debug] call back test:未入库
[2015-09-28 13:26:23][debug] call back test sql:UPDATE pa_marathon SET ispay =1,transaction_id="1005410869201509281020358267",out_trade_no="126806760120150928132420" WHERE openid ="ouN6_s_ObBN1WzcNrcgVQdXlqQag"
[2015-09-28 13:26:23][debug] call back test:入库成功
[2015-09-28 13:34:35][debug] begin notify
[2015-09-28 13:34:35][debug] call back test:{"appid":"wx161f19ac48b1f2f3","attach":"\u9a6c\u62c9\u677e\u62a5\u540d","bank_type":"ICBC_DEBIT","cash_fee":"6000","fee_type":"CNY","is_subscribe":"N","mch_id":"1268067601","nonce_str":"5qeb50kx17iubeipuk833x23c8cyguvj","openid":"ouN6_sx-u_7Y2rDnT3pnCy9pT-Ls","out_trade_no":"126806760120150928133319","result_code":"SUCCESS","return_code":"SUCCESS","sign":"4D23E12AFD380DA6EDEE3072795AC303","time_end":"20150928133433","total_fee":"6000","trade_type":"JSAPI","transaction_id":"1007370869201509281020413972"}
[2015-09-28 13:34:35][debug] query:{"appid":"wx161f19ac48b1f2f3","attach":"\u9a6c\u62c9\u677e\u62a5\u540d","bank_type":"ICBC_DEBIT","cash_fee":"6000","fee_type":"CNY","is_subscribe":"N","mch_id":"1268067601","nonce_str":"1NDz4nZuumnOE2M8","openid":"ouN6_sx-u_7Y2rDnT3pnCy9pT-Ls","out_trade_no":"126806760120150928133319","result_code":"SUCCESS","return_code":"SUCCESS","return_msg":"OK","sign":"63E6A3997E9063904ADF1E490D9F1BB6","time_end":"20150928133432","total_fee":"6000","trade_state":"SUCCESS","trade_type":"JSAPI","transaction_id":"1007370869201509281020413972"}
[2015-09-28 13:34:35][debug] call back test:订单查询成功
[2015-09-28 13:34:35][debug] call back test:未入库
[2015-09-28 13:34:35][debug] call back test sql:UPDATE pa_marathon SET ispay =1,transaction_id="1007370869201509281020413972",out_trade_no="126806760120150928133319" WHERE openid ="ouN6_sx-u_7Y2rDnT3pnCy9pT-Ls"
[2015-09-28 13:34:35][debug] call back test:入库成功
[2015-09-28 13:36:44][debug] begin notify
[2015-09-28 13:36:44][debug] call back test:{"appid":"wx161f19ac48b1f2f3","attach":"\u9a6c\u62c9\u677e\u62a5\u540d","bank_type":"ICBC_DEBIT","cash_fee":"6000","fee_type":"CNY","is_subscribe":"N","mch_id":"1268067601","nonce_str":"esqf44khv97yuvyhz12mrf37lfw4ensl","openid":"ouN6_s7_kh2RK6YqopxxeB8H_Iic","out_trade_no":"126806760120150928133456","result_code":"SUCCESS","return_code":"SUCCESS","sign":"959342593D8D202C748F7BB68D308E1C","time_end":"20150928133642","total_fee":"6000","trade_type":"JSAPI","transaction_id":"1009900869201509281020443768"}
[2015-09-28 13:36:45][debug] query:{"appid":"wx161f19ac48b1f2f3","attach":"\u9a6c\u62c9\u677e\u62a5\u540d","bank_type":"ICBC_DEBIT","cash_fee":"6000","fee_type":"CNY","is_subscribe":"N","mch_id":"1268067601","nonce_str":"LLaw3uVaYnNHevJw","openid":"ouN6_s7_kh2RK6YqopxxeB8H_Iic","out_trade_no":"126806760120150928133456","result_code":"SUCCESS","return_code":"SUCCESS","return_msg":"OK","sign":"68FAA8A7EFBDDDA9B6D3AA684C909692","time_end":"20150928133641","total_fee":"6000","trade_state":"SUCCESS","trade_type":"JSAPI","transaction_id":"1009900869201509281020443768"}
[2015-09-28 13:36:45][debug] call back test:订单查询成功
[2015-09-28 13:36:45][debug] call back test:未入库
[2015-09-28 13:36:45][debug] call back test sql:UPDATE pa_marathon SET ispay =1,transaction_id="1009900869201509281020443768",out_trade_no="126806760120150928133456" WHERE openid ="ouN6_s7_kh2RK6YqopxxeB8H_Iic"
[2015-09-28 13:36:45][debug] call back test:入库成功
[2015-09-28 13:37:01][debug] begin notify
[2015-09-28 13:37:01][debug] call back test:{"appid":"wx161f19ac48b1f2f3","attach":"\u9a6c\u62c9\u677e\u62a5\u540d","bank_type":"ICBC_DEBIT","cash_fee":"6000","fee_type":"CNY","is_subscribe":"N","mch_id":"1268067601","nonce_str":"esqf44khv97yuvyhz12mrf37lfw4ensl","openid":"ouN6_s7_kh2RK6YqopxxeB8H_Iic","out_trade_no":"126806760120150928133456","result_code":"SUCCESS","return_code":"SUCCESS","sign":"959342593D8D202C748F7BB68D308E1C","time_end":"20150928133642","total_fee":"6000","trade_type":"JSAPI","transaction_id":"1009900869201509281020443768"}
[2015-09-28 13:37:02][debug] query:{"appid":"wx161f19ac48b1f2f3","attach":"\u9a6c\u62c9\u677e\u62a5\u540d","bank_type":"ICBC_DEBIT","cash_fee":"6000","fee_type":"CNY","is_subscribe":"Y","mch_id":"1268067601","nonce_str":"RhhJJEixglpqtVT7","openid":"ouN6_s7_kh2RK6YqopxxeB8H_Iic","out_trade_no":"126806760120150928133456","result_code":"SUCCESS","return_code":"SUCCESS","return_msg":"OK","sign":"21F7324EE83FB495A0D58B2EBAB2058C","time_end":"20150928133641","total_fee":"6000","trade_state":"SUCCESS","trade_type":"JSAPI","transaction_id":"1009900869201509281020443768"}
[2015-09-28 13:37:02][debug] call back test:订单查询成功
[2015-09-28 13:37:02][debug] call back test:已入库
[2015-09-28 13:40:18][debug] begin notify
[2015-09-28 13:40:18][debug] call back test:{"appid":"wx161f19ac48b1f2f3","attach":"\u9a6c\u62c9\u677e\u62a5\u540d","bank_type":"CFT","cash_fee":"6000","fee_type":"CNY","is_subscribe":"Y","mch_id":"1268067601","nonce_str":"7hvslkvcql5me1sn4lq6pntr5rd72pxf","openid":"ouN6_s6l7DXuTxuw-UkFRmCaNPdQ","out_trade_no":"126806760120150928133929","result_code":"SUCCESS","return_code":"SUCCESS","sign":"C967AF1D9027F31AFE9F9BD2FC226157","time_end":"20150928134016","total_fee":"6000","trade_type":"JSAPI","transaction_id":"1005520869201509281020490731"}
[2015-09-28 13:40:18][debug] query:{"appid":"wx161f19ac48b1f2f3","attach":"\u9a6c\u62c9\u677e\u62a5\u540d","bank_type":"CFT","cash_fee":"6000","fee_type":"CNY","is_subscribe":"Y","mch_id":"1268067601","nonce_str":"rVHfgEadm6hrXFbU","openid":"ouN6_s6l7DXuTxuw-UkFRmCaNPdQ","out_trade_no":"126806760120150928133929","result_code":"SUCCESS","return_code":"SUCCESS","return_msg":"OK","sign":"CA901AB034CF3DDA278389D58C16DA4F","time_end":"20150928134016","total_fee":"6000","trade_state":"SUCCESS","trade_type":"JSAPI","transaction_id":"1005520869201509281020490731"}
[2015-09-28 13:40:18][debug] call back test:订单查询成功
[2015-09-28 13:40:18][debug] call back test:未入库
[2015-09-28 13:40:18][debug] call back test sql:UPDATE pa_marathon SET ispay =1,transaction_id="1005520869201509281020490731",out_trade_no="126806760120150928133929" WHERE openid ="ouN6_s6l7DXuTxuw-UkFRmCaNPdQ"
[2015-09-28 13:40:18][debug] call back test:入库成功
[2015-09-28 13:46:15][debug] begin notify
[2015-09-28 13:46:15][debug] call back test:{"appid":"wx161f19ac48b1f2f3","attach":"\u9a6c\u62c9\u677e\u62a5\u540d","bank_type":"ICBC_DEBIT","cash_fee":"6000","fee_type":"CNY","is_subscribe":"Y","mch_id":"1268067601","nonce_str":"76e3zj30yma6cp0e7wlyuupgpk05d0jg","openid":"ouN6_s4i0HHO-QrTwbrv8HAsr7qg","out_trade_no":"126806760120150928134426","result_code":"SUCCESS","return_code":"SUCCESS","sign":"7DDD5CE44A97791796BA5F70A7ED7D69","time_end":"20150928134615","total_fee":"6000","trade_type":"JSAPI","transaction_id":"1004230869201509281020541534"}
[2015-09-28 13:46:15][debug] query:{"appid":"wx161f19ac48b1f2f3","attach":"\u9a6c\u62c9\u677e\u62a5\u540d","bank_type":"ICBC_DEBIT","cash_fee":"6000","fee_type":"CNY","is_subscribe":"Y","mch_id":"1268067601","nonce_str":"zdjIiPNbLiJneVM7","openid":"ouN6_s4i0HHO-QrTwbrv8HAsr7qg","out_trade_no":"126806760120150928134426","result_code":"SUCCESS","return_code":"SUCCESS","return_msg":"OK","sign":"4B4D0F7B14DF536F97A22F49FADB44A9","time_end":"20150928134614","total_fee":"6000","trade_state":"SUCCESS","trade_type":"JSAPI","transaction_id":"1004230869201509281020541534"}
[2015-09-28 13:46:15][debug] call back test:订单查询成功
[2015-09-28 13:46:15][debug] call back test:未入库
[2015-09-28 13:46:15][debug] call back test sql:UPDATE pa_marathon SET ispay =1,transaction_id="1004230869201509281020541534",out_trade_no="126806760120150928134426" WHERE openid ="ouN6_s4i0HHO-QrTwbrv8HAsr7qg"
[2015-09-28 13:46:15][debug] call back test:入库成功
[2015-09-28 13:47:15][debug] begin notify
[2015-09-28 13:47:15][debug] call back test:{"appid":"wx161f19ac48b1f2f3","attach":"\u9a6c\u62c9\u677e\u62a5\u540d","bank_type":"CFT","cash_fee":"8000","fee_type":"CNY","is_subscribe":"N","mch_id":"1268067601","nonce_str":"einuzedvtvhtdy7zyg4tm752q4wou61i","openid":"ouN6_sxdZTLHmSZiIu2DJv6dn4Y8","out_trade_no":"126806760120150928134607","result_code":"SUCCESS","return_code":"SUCCESS","sign":"90D46B617141D01407F5D402F3EDDAC6","time_end":"20150928134714","total_fee":"8000","trade_type":"JSAPI","transaction_id":"1000740869201509281020543559"}
[2015-09-28 13:47:15][debug] query:{"appid":"wx161f19ac48b1f2f3","attach":"\u9a6c\u62c9\u677e\u62a5\u540d","bank_type":"CFT","cash_fee":"8000","fee_type":"CNY","is_subscribe":"N","mch_id":"1268067601","nonce_str":"TvfkUqonuWa2Xe5i","openid":"ouN6_sxdZTLHmSZiIu2DJv6dn4Y8","out_trade_no":"126806760120150928134607","result_code":"SUCCESS","return_code":"SUCCESS","return_msg":"OK","sign":"17BB467FC479D46CE66C3B70259B871D","time_end":"20150928134714","total_fee":"8000","trade_state":"SUCCESS","trade_type":"JSAPI","transaction_id":"1000740869201509281020543559"}
[2015-09-28 13:47:15][debug] call back test:订单查询成功
[2015-09-28 13:47:15][debug] call back test:未入库
[2015-09-28 13:47:15][debug] call back test sql:UPDATE pa_marathon SET ispay =1,transaction_id="1000740869201509281020543559",out_trade_no="126806760120150928134607" WHERE openid ="ouN6_sxdZTLHmSZiIu2DJv6dn4Y8"
[2015-09-28 13:47:15][debug] call back test:入库成功
[2015-09-28 13:50:26][debug] begin notify
[2015-09-28 13:50:26][debug] call back test:{"appid":"wx161f19ac48b1f2f3","attach":"\u9a6c\u62c9\u677e\u62a5\u540d","bank_type":"CFT","cash_fee":"6000","fee_type":"CNY","is_subscribe":"N","mch_id":"1268067601","nonce_str":"t7tddi2nw75ott3n94wtjjnv168ln62r","openid":"ouN6_sz6t57v4IQiUnEEyO0sXsfQ","out_trade_no":"126806760120150928135012","result_code":"SUCCESS","return_code":"SUCCESS","sign":"972357E5711DFEEE652F4A0DA2A88C56","time_end":"20150928135026","total_fee":"6000","trade_type":"JSAPI","transaction_id":"1004160869201509281020595651"}
[2015-09-28 13:50:27][debug] query:{"appid":"wx161f19ac48b1f2f3","attach":"\u9a6c\u62c9\u677e\u62a5\u540d","bank_type":"CFT","cash_fee":"6000","fee_type":"CNY","is_subscribe":"N","mch_id":"1268067601","nonce_str":"LxPJpwGIO3yxsvxS","openid":"ouN6_sz6t57v4IQiUnEEyO0sXsfQ","out_trade_no":"126806760120150928135012","result_code":"SUCCESS","return_code":"SUCCESS","return_msg":"OK","sign":"D101DA0DF5311FD143D9B459A6AF7D3C","time_end":"20150928135026","total_fee":"6000","trade_state":"SUCCESS","trade_type":"JSAPI","transaction_id":"1004160869201509281020595651"}
[2015-09-28 13:50:27][debug] call back test:订单查询成功
[2015-09-28 13:50:27][debug] call back test:未入库
[2015-09-28 13:50:27][debug] call back test sql:UPDATE pa_marathon SET ispay =1,transaction_id="1004160869201509281020595651",out_trade_no="126806760120150928135012" WHERE openid ="ouN6_sz6t57v4IQiUnEEyO0sXsfQ"
[2015-09-28 13:50:27][debug] call back test:入库成功
[2015-09-28 14:05:33][debug] begin notify
[2015-09-28 14:05:33][debug] call back test:{"appid":"wx161f19ac48b1f2f3","attach":"\u9a6c\u62c9\u677e\u62a5\u540d","bank_type":"CFT","cash_fee":"4000","fee_type":"CNY","is_subscribe":"Y","mch_id":"1268067601","nonce_str":"mjupkgbecypjo22zjipnp0dqw5bs6mrh","openid":"ouN6_s6xq88kZf0Wab89EwWMwDc8","out_trade_no":"126806760120150928140450","result_code":"SUCCESS","return_code":"SUCCESS","sign":"37973C61A2C9065ACB1B8425841B6EAF","time_end":"20150928140532","total_fee":"4000","trade_type":"JSAPI","transaction_id":"1009910869201509281020724338"}
[2015-09-28 14:05:33][debug] query:{"appid":"wx161f19ac48b1f2f3","attach":"\u9a6c\u62c9\u677e\u62a5\u540d","bank_type":"CFT","cash_fee":"4000","fee_type":"CNY","is_subscribe":"Y","mch_id":"1268067601","nonce_str":"CHzvnlNbFScSYui3","openid":"ouN6_s6xq88kZf0Wab89EwWMwDc8","out_trade_no":"126806760120150928140450","result_code":"SUCCESS","return_code":"SUCCESS","return_msg":"OK","sign":"12764F982520BFD5530767DEFF53DB01","time_end":"20150928140532","total_fee":"4000","trade_state":"SUCCESS","trade_type":"JSAPI","transaction_id":"1009910869201509281020724338"}
[2015-09-28 14:05:33][debug] call back test:订单查询成功
[2015-09-28 14:05:33][debug] call back test:未入库
[2015-09-28 14:05:33][debug] call back test sql:UPDATE pa_marathon SET ispay =1,transaction_id="1009910869201509281020724338",out_trade_no="126806760120150928140450" WHERE openid ="ouN6_s6xq88kZf0Wab89EwWMwDc8"
[2015-09-28 14:05:33][debug] call back test:入库成功
[2015-09-28 14:11:57][debug] begin notify
[2015-09-28 14:11:57][debug] call back test:{"appid":"wx161f19ac48b1f2f3","attach":"\u9a6c\u62c9\u677e\u62a5\u540d","bank_type":"CFT","cash_fee":"8000","fee_type":"CNY","is_subscribe":"N","mch_id":"1268067601","nonce_str":"oolubcjopn8rnxm1nlwwh4vb6yfblg0b","openid":"ouN6_s7ihhgQD7qCciYsoTmK6ENI","out_trade_no":"126806760120150928141129","result_code":"SUCCESS","return_code":"SUCCESS","sign":"66FC6AA65AD4737BB8A009A89C30E6DA","time_end":"20150928141155","total_fee":"8000","trade_type":"JSAPI","transaction_id":"1004910869201509281020783928"}
[2015-09-28 14:11:57][debug] query:{"appid":"wx161f19ac48b1f2f3","attach":"\u9a6c\u62c9\u677e\u62a5\u540d","bank_type":"CFT","cash_fee":"8000","fee_type":"CNY","is_subscribe":"N","mch_id":"1268067601","nonce_str":"4zGpcJoFmrQ8Or85","openid":"ouN6_s7ihhgQD7qCciYsoTmK6ENI","out_trade_no":"126806760120150928141129","result_code":"SUCCESS","return_code":"SUCCESS","return_msg":"OK","sign":"D386F751218CB93137DE3E47E1F87954","time_end":"20150928141155","total_fee":"8000","trade_state":"SUCCESS","trade_type":"JSAPI","transaction_id":"1004910869201509281020783928"}
[2015-09-28 14:11:57][debug] call back test:订单查询成功
[2015-09-28 14:11:57][debug] call back test:未入库
[2015-09-28 14:11:57][debug] call back test sql:UPDATE pa_marathon SET ispay =1,transaction_id="1004910869201509281020783928",out_trade_no="126806760120150928141129" WHERE openid ="ouN6_s7ihhgQD7qCciYsoTmK6ENI"
[2015-09-28 14:11:57][debug] call back test:入库成功
[2015-09-28 14:32:08][debug] begin notify
[2015-09-28 14:32:08][debug] call back test:{"appid":"wx161f19ac48b1f2f3","attach":"\u9a6c\u62c9\u677e\u62a5\u540d","bank_type":"CFT","cash_fee":"6000","fee_type":"CNY","is_subscribe":"N","mch_id":"1268067601","nonce_str":"cisef67skf1mzpiqjzvaf0b3x2fjl7ru","openid":"ouN6_szpbrjwTCUPwvi6uAXBm4L0","out_trade_no":"126806760120150928143020","result_code":"SUCCESS","return_code":"SUCCESS","sign":"18F3D67FF0B4456FC6E989651C82BC74","time_end":"20150928143206","total_fee":"6000","trade_type":"JSAPI","transaction_id":"1006120869201509281020983625"}
[2015-09-28 14:32:08][debug] query:{"appid":"wx161f19ac48b1f2f3","attach":"\u9a6c\u62c9\u677e\u62a5\u540d","bank_type":"CFT","cash_fee":"6000","fee_type":"CNY","is_subscribe":"N","mch_id":"1268067601","nonce_str":"4kVVW6Mtf4jG1nQi","openid":"ouN6_szpbrjwTCUPwvi6uAXBm4L0","out_trade_no":"126806760120150928143020","result_code":"SUCCESS","return_code":"SUCCESS","return_msg":"OK","sign":"8B15A77120CF9934F738725D27E478A9","time_end":"20150928143206","total_fee":"6000","trade_state":"SUCCESS","trade_type":"JSAPI","transaction_id":"1006120869201509281020983625"}
[2015-09-28 14:32:08][debug] call back test:订单查询成功
[2015-09-28 14:32:08][debug] call back test:未入库
[2015-09-28 14:32:08][debug] call back test sql:UPDATE pa_marathon SET ispay =1,transaction_id="1006120869201509281020983625",out_trade_no="126806760120150928143020" WHERE openid ="ouN6_szpbrjwTCUPwvi6uAXBm4L0"
[2015-09-28 14:32:08][debug] call back test:入库成功
[2015-09-28 15:16:04][debug] begin notify
[2015-09-28 15:16:04][debug] call back test:{"appid":"wx161f19ac48b1f2f3","attach":"\u9a6c\u62c9\u677e\u62a5\u540d","bank_type":"CMB_DEBIT","cash_fee":"8000","fee_type":"CNY","is_subscribe":"Y","mch_id":"1268067601","nonce_str":"05n9opyqtiao3ybm05y8n0c3ubmqmdz1","openid":"ouN6_swwvSvUbPquuBFnm17ZEkpQ","out_trade_no":"126806760120150928151542","result_code":"SUCCESS","return_code":"SUCCESS","sign":"FEAFDAEECB7155513E14601B7B5A0F05","time_end":"20150928151603","total_fee":"8000","trade_type":"JSAPI","transaction_id":"1009930869201509281021380108"}
[2015-09-28 15:16:04][debug] query:{"appid":"wx161f19ac48b1f2f3","attach":"\u9a6c\u62c9\u677e\u62a5\u540d","bank_type":"CMB_DEBIT","cash_fee":"8000","fee_type":"CNY","is_subscribe":"Y","mch_id":"1268067601","nonce_str":"TimNO8dKtmP0f9gS","openid":"ouN6_swwvSvUbPquuBFnm17ZEkpQ","out_trade_no":"126806760120150928151542","result_code":"SUCCESS","return_code":"SUCCESS","return_msg":"OK","sign":"8822EF0C58493C3353586F38BE3D590E","time_end":"20150928151602","total_fee":"8000","trade_state":"SUCCESS","trade_type":"JSAPI","transaction_id":"1009930869201509281021380108"}
[2015-09-28 15:16:04][debug] call back test:订单查询成功
[2015-09-28 15:16:04][debug] call back test:未入库
[2015-09-28 15:16:04][debug] call back test sql:UPDATE pa_marathon SET ispay =1,transaction_id="1009930869201509281021380108",out_trade_no="126806760120150928151542" WHERE openid ="ouN6_swwvSvUbPquuBFnm17ZEkpQ"
[2015-09-28 15:16:04][debug] call back test:入库成功
[2015-09-28 15:44:18][debug] begin notify
[2015-09-28 15:44:18][debug] call back test:{"appid":"wx161f19ac48b1f2f3","attach":"\u9a6c\u62c9\u677e\u62a5\u540d","bank_type":"ICBC_DEBIT","cash_fee":"6000","fee_type":"CNY","is_subscribe":"Y","mch_id":"1268067601","nonce_str":"vcjg4glz2iqiha4f9y3e6o53mr8k4x12","openid":"ouN6_s8i7GJVisNXIxR1yjWTC550","out_trade_no":"126806760120150928154342","result_code":"SUCCESS","return_code":"SUCCESS","sign":"36F92B1194DA835C3530427A1680791A","time_end":"20150928154416","total_fee":"6000","trade_type":"JSAPI","transaction_id":"1006940869201509281021662609"}
[2015-09-28 15:44:18][debug] query:{"appid":"wx161f19ac48b1f2f3","attach":"\u9a6c\u62c9\u677e\u62a5\u540d","bank_type":"ICBC_DEBIT","cash_fee":"6000","fee_type":"CNY","is_subscribe":"Y","mch_id":"1268067601","nonce_str":"FdQ0nEfMkuX5QXQi","openid":"ouN6_s8i7GJVisNXIxR1yjWTC550","out_trade_no":"126806760120150928154342","result_code":"SUCCESS","return_code":"SUCCESS","return_msg":"OK","sign":"64989B237493F6CE9BA20535125441E4","time_end":"20150928154415","total_fee":"6000","trade_state":"SUCCESS","trade_type":"JSAPI","transaction_id":"1006940869201509281021662609"}
[2015-09-28 15:44:18][debug] call back test:订单查询成功
[2015-09-28 15:44:18][debug] call back test:未入库
[2015-09-28 15:44:18][debug] call back test sql:UPDATE pa_marathon SET ispay =1,transaction_id="1006940869201509281021662609",out_trade_no="126806760120150928154342" WHERE openid ="ouN6_s8i7GJVisNXIxR1yjWTC550"
[2015-09-28 15:44:18][debug] call back test:入库成功
[2015-09-28 15:59:48][debug] begin notify
[2015-09-28 15:59:48][debug] call back test:{"appid":"wx161f19ac48b1f2f3","attach":"\u9a6c\u62c9\u677e\u62a5\u540d","bank_type":"CFT","cash_fee":"6000","fee_type":"CNY","is_subscribe":"Y","mch_id":"1268067601","nonce_str":"vtls6aq97mrr46gjubsuecevyil5atco","openid":"ouN6_s1t9CVY3Mpwryti1bVTs6MM","out_trade_no":"126806760120150928155912","result_code":"SUCCESS","return_code":"SUCCESS","sign":"86BAFCBC9F788A72D3A095D4F66AEDA9","time_end":"20150928155948","total_fee":"6000","trade_type":"JSAPI","transaction_id":"1004400869201509281021802104"}
[2015-09-28 15:59:48][debug] query:{"appid":"wx161f19ac48b1f2f3","attach":"\u9a6c\u62c9\u677e\u62a5\u540d","bank_type":"CFT","cash_fee":"6000","fee_type":"CNY","is_subscribe":"Y","mch_id":"1268067601","nonce_str":"JfWo3FznGhFWYCTK","openid":"ouN6_s1t9CVY3Mpwryti1bVTs6MM","out_trade_no":"126806760120150928155912","result_code":"SUCCESS","return_code":"SUCCESS","return_msg":"OK","sign":"E58C1BCE7A835BBC85C9457241901837","time_end":"20150928155947","total_fee":"6000","trade_state":"SUCCESS","trade_type":"JSAPI","transaction_id":"1004400869201509281021802104"}
[2015-09-28 15:59:48][debug] call back test:订单查询成功
[2015-09-28 15:59:48][debug] call back test:未入库
[2015-09-28 15:59:48][debug] call back test sql:UPDATE pa_marathon SET ispay =1,transaction_id="1004400869201509281021802104",out_trade_no="126806760120150928155912" WHERE openid ="ouN6_s1t9CVY3Mpwryti1bVTs6MM"
[2015-09-28 15:59:48][debug] call back test:入库成功
[2015-09-28 16:41:58][debug] begin notify
[2015-09-28 16:41:58][debug] call back test:{"appid":"wx161f19ac48b1f2f3","attach":"\u9a6c\u62c9\u677e\u62a5\u540d","bank_type":"CFT","cash_fee":"6000","fee_type":"CNY","is_subscribe":"N","mch_id":"1268067601","nonce_str":"ixcfz7a84r4i2loyrd28o0sx5wg4909h","openid":"ouN6_s6hNrqeX9SsiW0grIwcjo1o","out_trade_no":"126806760120150928164148","result_code":"SUCCESS","return_code":"SUCCESS","sign":"99476760FA064C2195778C45E8BA890A","time_end":"20150928164156","total_fee":"6000","trade_type":"JSAPI","transaction_id":"1005120869201509281022232972"}
[2015-09-28 16:41:58][debug] query:{"appid":"wx161f19ac48b1f2f3","attach":"\u9a6c\u62c9\u677e\u62a5\u540d","bank_type":"CFT","cash_fee":"6000","fee_type":"CNY","is_subscribe":"N","mch_id":"1268067601","nonce_str":"bGvYks3J1N64p5EK","openid":"ouN6_s6hNrqeX9SsiW0grIwcjo1o","out_trade_no":"126806760120150928164148","result_code":"SUCCESS","return_code":"SUCCESS","return_msg":"OK","sign":"86E01A28C6760CF94C9CED27EE1ABCB4","time_end":"20150928164156","total_fee":"6000","trade_state":"SUCCESS","trade_type":"JSAPI","transaction_id":"1005120869201509281022232972"}
[2015-09-28 16:41:58][debug] call back test:订单查询成功
[2015-09-28 16:41:58][debug] call back test:未入库
[2015-09-28 16:41:58][debug] call back test sql:UPDATE pa_marathon SET ispay =1,transaction_id="1005120869201509281022232972",out_trade_no="126806760120150928164148" WHERE openid ="ouN6_s6hNrqeX9SsiW0grIwcjo1o"
[2015-09-28 16:41:58][debug] call back test:入库成功
[2015-09-28 16:59:52][debug] begin notify
[2015-09-28 16:59:52][debug] call back test:{"appid":"wx161f19ac48b1f2f3","attach":"\u9a6c\u62c9\u677e\u62a5\u540d","bank_type":"ABC_DEBIT","cash_fee":"6000","fee_type":"CNY","is_subscribe":"Y","mch_id":"1268067601","nonce_str":"0sdvi3su258q975gite2ct4i9dcw0j9u","openid":"ouN6_szqwTE6fJL8fEbUzzTNS9qs","out_trade_no":"126806760120150928165712","result_code":"SUCCESS","return_code":"SUCCESS","sign":"6B3EACB5697205DB4C67323DA46DB741","time_end":"20150928165937","total_fee":"6000","trade_type":"JSAPI","transaction_id":"1007880869201509281022416065"}
[2015-09-28 16:59:56][debug] query:{"appid":"wx161f19ac48b1f2f3","attach":"\u9a6c\u62c9\u677e\u62a5\u540d","bank_type":"ABC_DEBIT","cash_fee":"6000","fee_type":"CNY","is_subscribe":"Y","mch_id":"1268067601","nonce_str":"J5nKRElk2ltmqmD4","openid":"ouN6_szqwTE6fJL8fEbUzzTNS9qs","out_trade_no":"126806760120150928165712","result_code":"SUCCESS","return_code":"SUCCESS","return_msg":"OK","sign":"E5013903EC55E44C9B7710434E72BBF7","time_end":"20150928165855","total_fee":"6000","trade_state":"SUCCESS","trade_type":"JSAPI","transaction_id":"1007880869201509281022416065"}
[2015-09-28 16:59:56][debug] call back test:订单查询成功
[2015-09-28 16:59:56][debug] call back test:未入库
[2015-09-28 16:59:56][debug] call back test sql:UPDATE pa_marathon SET ispay =1,transaction_id="1007880869201509281022416065",out_trade_no="126806760120150928165712" WHERE openid ="ouN6_szqwTE6fJL8fEbUzzTNS9qs"
[2015-09-28 16:59:56][debug] call back test:入库成功
[2015-09-28 17:09:23][debug] begin notify
[2015-09-28 17:09:23][debug] call back test:{"appid":"wx161f19ac48b1f2f3","attach":"\u9a6c\u62c9\u677e\u62a5\u540d","bank_type":"CMB_DEBIT","cash_fee":"6000","fee_type":"CNY","is_subscribe":"N","mch_id":"1268067601","nonce_str":"5wetnywzjwjq2gd6mbo7jbuhzx6kiu1q","openid":"ouN6_s7cRDVve3GxmA0nYsAqq85c","out_trade_no":"126806760120150928170908","result_code":"SUCCESS","return_code":"SUCCESS","sign":"E30EA48D3EAC55797F3D6A7F467D7162","time_end":"20150928170922","total_fee":"6000","trade_type":"JSAPI","transaction_id":"1005090869201509281022559233"}
[2015-09-28 17:09:23][debug] query:{"appid":"wx161f19ac48b1f2f3","attach":"\u9a6c\u62c9\u677e\u62a5\u540d","bank_type":"CMB_DEBIT","cash_fee":"6000","fee_type":"CNY","is_subscribe":"N","mch_id":"1268067601","nonce_str":"fM1Wf3dag11NQIuQ","openid":"ouN6_s7cRDVve3GxmA0nYsAqq85c","out_trade_no":"126806760120150928170908","result_code":"SUCCESS","return_code":"SUCCESS","return_msg":"OK","sign":"420E2050BA3F142B4B1580E62D4304F5","time_end":"20150928170921","total_fee":"6000","trade_state":"SUCCESS","trade_type":"JSAPI","transaction_id":"1005090869201509281022559233"}
[2015-09-28 17:09:23][debug] call back test:订单查询成功
[2015-09-28 17:09:23][debug] call back test:未入库
[2015-09-28 17:09:23][debug] call back test sql:UPDATE pa_marathon SET ispay =1,transaction_id="1005090869201509281022559233",out_trade_no="126806760120150928170908" WHERE openid ="ouN6_s7cRDVve3GxmA0nYsAqq85c"
[2015-09-28 17:09:23][debug] call back test:入库成功
[2015-09-28 17:25:59][debug] begin notify
[2015-09-28 17:25:59][debug] call back test:{"appid":"wx161f19ac48b1f2f3","attach":"\u9a6c\u62c9\u677e\u62a5\u540d","bank_type":"CMB_CREDIT","cash_fee":"6000","fee_type":"CNY","is_subscribe":"Y","mch_id":"1268067601","nonce_str":"j4iook7jqqitnxbvmuen8ib9lmx3bbhm","openid":"ouN6_s1PEyMqvD2zyITwanQLmtFQ","out_trade_no":"126806760120150928172210","result_code":"SUCCESS","return_code":"SUCCESS","sign":"C3527B5C955D56F2F7D7580F3245AF12","time_end":"20150928172559","total_fee":"6000","trade_type":"JSAPI","transaction_id":"1006680869201509281022763842"}
[2015-09-28 17:26:02][debug] query:{"appid":"wx161f19ac48b1f2f3","attach":"\u9a6c\u62c9\u677e\u62a5\u540d","bank_type":"CMB_CREDIT","cash_fee":"6000","fee_type":"CNY","is_subscribe":"Y","mch_id":"1268067601","nonce_str":"n2PF7UfKTpe4yWJQ","openid":"ouN6_s1PEyMqvD2zyITwanQLmtFQ","out_trade_no":"126806760120150928172210","result_code":"SUCCESS","return_code":"SUCCESS","return_msg":"OK","sign":"CB8C3A40A7E68AC468C0465AE919D2D9","time_end":"20150928172558","total_fee":"6000","trade_state":"SUCCESS","trade_type":"JSAPI","transaction_id":"1006680869201509281022763842"}
[2015-09-28 17:26:02][debug] call back test:订单查询成功
[2015-09-28 17:26:02][debug] call back test:未入库
[2015-09-28 17:26:02][debug] call back test sql:UPDATE pa_marathon SET ispay =1,transaction_id="1006680869201509281022763842",out_trade_no="126806760120150928172210" WHERE openid ="ouN6_s1PEyMqvD2zyITwanQLmtFQ"
[2015-09-28 17:26:02][debug] call back test:入库成功
[2015-09-28 17:26:19][debug] begin notify
[2015-09-28 17:26:19][debug] call back test:{"appid":"wx161f19ac48b1f2f3","attach":"\u9a6c\u62c9\u677e\u62a5\u540d","bank_type":"CMB_CREDIT","cash_fee":"6000","fee_type":"CNY","is_subscribe":"Y","mch_id":"1268067601","nonce_str":"j4iook7jqqitnxbvmuen8ib9lmx3bbhm","openid":"ouN6_s1PEyMqvD2zyITwanQLmtFQ","out_trade_no":"126806760120150928172210","result_code":"SUCCESS","return_code":"SUCCESS","sign":"C3527B5C955D56F2F7D7580F3245AF12","time_end":"20150928172559","total_fee":"6000","trade_type":"JSAPI","transaction_id":"1006680869201509281022763842"}
[2015-09-28 17:26:20][debug] query:{"appid":"wx161f19ac48b1f2f3","attach":"\u9a6c\u62c9\u677e\u62a5\u540d","bank_type":"CMB_CREDIT","cash_fee":"6000","fee_type":"CNY","is_subscribe":"Y","mch_id":"1268067601","nonce_str":"zumsrAkcbTUy0Gh4","openid":"ouN6_s1PEyMqvD2zyITwanQLmtFQ","out_trade_no":"126806760120150928172210","result_code":"SUCCESS","return_code":"SUCCESS","return_msg":"OK","sign":"8CAD87294663A8C0F970BD97830EE090","time_end":"20150928172558","total_fee":"6000","trade_state":"SUCCESS","trade_type":"JSAPI","transaction_id":"1006680869201509281022763842"}
[2015-09-28 17:26:20][debug] call back test:订单查询成功
[2015-09-28 17:26:20][debug] call back test:已入库
[2015-09-28 17:29:12][debug] begin notify
[2015-09-28 17:29:12][debug] call back test:{"appid":"wx161f19ac48b1f2f3","attach":"\u9a6c\u62c9\u677e\u62a5\u540d","bank_type":"CFT","cash_fee":"6000","fee_type":"CNY","is_subscribe":"Y","mch_id":"1268067601","nonce_str":"nf0ty0a1715oe6dpww0pggtnpy0f7xxr","openid":"ouN6_s1fvov4ckA2ZVGYwD0igh08","out_trade_no":"126806760120150928172857","result_code":"SUCCESS","return_code":"SUCCESS","sign":"4CEEE85FE8C4DA13E35A6BF99A95E493","time_end":"20150928172911","total_fee":"6000","trade_type":"JSAPI","transaction_id":"1005650869201509281022805225"}
[2015-09-28 17:29:12][debug] query:{"appid":"wx161f19ac48b1f2f3","attach":"\u9a6c\u62c9\u677e\u62a5\u540d","bank_type":"CFT","cash_fee":"6000","fee_type":"CNY","is_subscribe":"Y","mch_id":"1268067601","nonce_str":"Ii30k52PHHkprvzY","openid":"ouN6_s1fvov4ckA2ZVGYwD0igh08","out_trade_no":"126806760120150928172857","result_code":"SUCCESS","return_code":"SUCCESS","return_msg":"OK","sign":"FEE6726AB6EF1F52171A33637D562B64","time_end":"20150928172911","total_fee":"6000","trade_state":"SUCCESS","trade_type":"JSAPI","transaction_id":"1005650869201509281022805225"}
[2015-09-28 17:29:12][debug] call back test:订单查询成功
[2015-09-28 17:29:12][debug] call back test:未入库
[2015-09-28 17:29:12][debug] call back test sql:UPDATE pa_marathon SET ispay =1,transaction_id="1005650869201509281022805225",out_trade_no="126806760120150928172857" WHERE openid ="ouN6_s1fvov4ckA2ZVGYwD0igh08"
[2015-09-28 17:29:12][debug] call back test:入库成功
[2015-09-28 17:37:35][debug] begin notify
[2015-09-28 17:37:35][debug] call back test:{"appid":"wx161f19ac48b1f2f3","attach":"\u9a6c\u62c9\u677e\u62a5\u540d","bank_type":"CFT","cash_fee":"6000","fee_type":"CNY","is_subscribe":"Y","mch_id":"1268067601","nonce_str":"03ypwychg9gudshx9kzdlgg666wmht1y","openid":"ouN6_s046zfs0tzf2XXvgS9gxNkg","out_trade_no":"126806760120150928173635","result_code":"SUCCESS","return_code":"SUCCESS","sign":"A8F0884C7153C3147D7D6026B86B368C","time_end":"20150928173735","total_fee":"6000","trade_type":"JSAPI","transaction_id":"1004280869201509281022899271"}
[2015-09-28 17:37:35][debug] query:{"appid":"wx161f19ac48b1f2f3","attach":"\u9a6c\u62c9\u677e\u62a5\u540d","bank_type":"CFT","cash_fee":"6000","fee_type":"CNY","is_subscribe":"Y","mch_id":"1268067601","nonce_str":"Yecdb8ew2kSsYWno","openid":"ouN6_s046zfs0tzf2XXvgS9gxNkg","out_trade_no":"126806760120150928173635","result_code":"SUCCESS","return_code":"SUCCESS","return_msg":"OK","sign":"2E0F62F93A111DF186FB6C8429911D1D","time_end":"20150928173734","total_fee":"6000","trade_state":"SUCCESS","trade_type":"JSAPI","transaction_id":"1004280869201509281022899271"}
[2015-09-28 17:37:35][debug] call back test:订单查询成功
[2015-09-28 17:37:35][debug] call back test:未入库
[2015-09-28 17:37:35][debug] call back test sql:UPDATE pa_marathon SET ispay =1,transaction_id="1004280869201509281022899271",out_trade_no="126806760120150928173635" WHERE openid ="ouN6_s046zfs0tzf2XXvgS9gxNkg"
[2015-09-28 17:37:35][debug] call back test:入库成功
[2015-09-28 18:17:27][debug] begin notify
[2015-09-28 18:17:27][debug] call back test:{"appid":"wx161f19ac48b1f2f3","attach":"\u9a6c\u62c9\u677e\u62a5\u540d","bank_type":"PSBC_DEBIT","cash_fee":"8000","fee_type":"CNY","is_subscribe":"Y","mch_id":"1268067601","nonce_str":"gb6zczh4vmjmyxbmr50rzvnkd9v2sd45","openid":"ouN6_s64out2TNTlPAQnn07O4a7g","out_trade_no":"126806760120150928181659","result_code":"SUCCESS","return_code":"SUCCESS","sign":"DB61062E18C37EE1A74DC54E7F3DCA29","time_end":"20150928181725","total_fee":"8000","trade_type":"JSAPI","transaction_id":"1006360869201509281023394750"}
[2015-09-28 18:17:27][debug] query:{"appid":"wx161f19ac48b1f2f3","attach":"\u9a6c\u62c9\u677e\u62a5\u540d","bank_type":"PSBC_DEBIT","cash_fee":"8000","fee_type":"CNY","is_subscribe":"Y","mch_id":"1268067601","nonce_str":"guNnSWYUVaSyY9iq","openid":"ouN6_s64out2TNTlPAQnn07O4a7g","out_trade_no":"126806760120150928181659","result_code":"SUCCESS","return_code":"SUCCESS","return_msg":"OK","sign":"855C843FE5F7AD0559BB7B7AD02437E8","time_end":"20150928181707","total_fee":"8000","trade_state":"SUCCESS","trade_type":"JSAPI","transaction_id":"1006360869201509281023394750"}
[2015-09-28 18:17:27][debug] call back test:订单查询成功
[2015-09-28 18:17:27][debug] call back test:未入库
[2015-09-28 18:17:27][debug] call back test sql:UPDATE pa_marathon SET ispay =1,transaction_id="1006360869201509281023394750",out_trade_no="126806760120150928181659" WHERE openid ="ouN6_s64out2TNTlPAQnn07O4a7g"
[2015-09-28 18:17:27][debug] call back test:入库成功
[2015-09-28 18:55:27][debug] begin notify
[2015-09-28 18:55:27][debug] call back test:{"appid":"wx161f19ac48b1f2f3","attach":"\u9a6c\u62c9\u677e\u62a5\u540d","bank_type":"ABC_DEBIT","cash_fee":"6000","fee_type":"CNY","is_subscribe":"N","mch_id":"1268067601","nonce_str":"ae85zvhcpo4x2py3turhq2ygk9wn9b2e","openid":"ouN6_s8LtZkmPBZf8slp4rnQq0zQ","out_trade_no":"126806760120150928185510","result_code":"SUCCESS","return_code":"SUCCESS","sign":"C593273B904A0AC262604C7BC7C91ABB","time_end":"20150928185527","total_fee":"6000","trade_type":"JSAPI","transaction_id":"1006360869201509281023907435"}
[2015-09-28 18:55:27][debug] query:{"appid":"wx161f19ac48b1f2f3","attach":"\u9a6c\u62c9\u677e\u62a5\u540d","bank_type":"ABC_DEBIT","cash_fee":"6000","fee_type":"CNY","is_subscribe":"N","mch_id":"1268067601","nonce_str":"M4kG6T9K2WU4iURm","openid":"ouN6_s8LtZkmPBZf8slp4rnQq0zQ","out_trade_no":"126806760120150928185510","result_code":"SUCCESS","return_code":"SUCCESS","return_msg":"OK","sign":"848659725BD21171AFFA1F964200763F","time_end":"20150928185525","total_fee":"6000","trade_state":"SUCCESS","trade_type":"JSAPI","transaction_id":"1006360869201509281023907435"}
[2015-09-28 18:55:27][debug] call back test:订单查询成功
[2015-09-28 18:55:27][debug] call back test:未入库
[2015-09-28 18:55:27][debug] call back test sql:UPDATE pa_marathon SET ispay =1,transaction_id="1006360869201509281023907435",out_trade_no="126806760120150928185510" WHERE openid ="ouN6_s8LtZkmPBZf8slp4rnQq0zQ"
[2015-09-28 18:55:27][debug] call back test:入库成功
[2015-09-28 18:59:15][debug] begin notify
[2015-09-28 18:59:15][debug] call back test:{"appid":"wx161f19ac48b1f2f3","attach":"\u9a6c\u62c9\u677e\u62a5\u540d","bank_type":"CCB_DEBIT","cash_fee":"6000","fee_type":"CNY","is_subscribe":"Y","mch_id":"1268067601","nonce_str":"fhw8u8eeccz2hbjvcvumnqo2vuvlex6t","openid":"ouN6_s-EddCi9-BnMrg3DzC3E_q8","out_trade_no":"126806760120150928185801","result_code":"SUCCESS","return_code":"SUCCESS","sign":"FDB628A2CC0B62248C4EDA9DEE4793F2","time_end":"20150928185914","total_fee":"6000","trade_type":"JSAPI","transaction_id":"1002760869201509281023952432"}
[2015-09-28 18:59:15][debug] query:{"appid":"wx161f19ac48b1f2f3","attach":"\u9a6c\u62c9\u677e\u62a5\u540d","bank_type":"CCB_DEBIT","cash_fee":"6000","fee_type":"CNY","is_subscribe":"Y","mch_id":"1268067601","nonce_str":"OqdJigjXF80vbiBt","openid":"ouN6_s-EddCi9-BnMrg3DzC3E_q8","out_trade_no":"126806760120150928185801","result_code":"SUCCESS","return_code":"SUCCESS","return_msg":"OK","sign":"B669549284070DB6A025DA1DC4D58B6E","time_end":"20150928185914","total_fee":"6000","trade_state":"SUCCESS","trade_type":"JSAPI","transaction_id":"1002760869201509281023952432"}
[2015-09-28 18:59:15][debug] call back test:订单查询成功
[2015-09-28 18:59:15][debug] call back test:未入库
[2015-09-28 18:59:15][debug] call back test sql:UPDATE pa_marathon SET ispay =1,transaction_id="1002760869201509281023952432",out_trade_no="126806760120150928185801" WHERE openid ="ouN6_s-EddCi9-BnMrg3DzC3E_q8"
[2015-09-28 18:59:15][debug] call back test:入库成功
[2015-09-28 19:01:42][debug] begin notify
[2015-09-28 19:01:42][debug] call back test:{"appid":"wx161f19ac48b1f2f3","attach":"\u9a6c\u62c9\u677e\u62a5\u540d","bank_type":"CFT","cash_fee":"6000","fee_type":"CNY","is_subscribe":"N","mch_id":"1268067601","nonce_str":"2873q15yr04tlfcszsk27qqkn8kcmeft","openid":"ouN6_s4RDPS1N_oTim2xVW97upIM","out_trade_no":"126806760120150928185953","result_code":"SUCCESS","return_code":"SUCCESS","sign":"942CD287A6CD245038ECA7BBEEAE134D","time_end":"20150928190141","total_fee":"6000","trade_type":"JSAPI","transaction_id":"1004010869201509281023981814"}
[2015-09-28 19:01:48][debug] query:{"appid":"wx161f19ac48b1f2f3","attach":"\u9a6c\u62c9\u677e\u62a5\u540d","bank_type":"CFT","cash_fee":"6000","fee_type":"CNY","is_subscribe":"N","mch_id":"1268067601","nonce_str":"c2pjLfJc5wOT2DAy","openid":"ouN6_s4RDPS1N_oTim2xVW97upIM","out_trade_no":"126806760120150928185953","result_code":"SUCCESS","return_code":"SUCCESS","return_msg":"OK","sign":"B03EE6A15F1FE3E9AE159FC69E3B9B2D","time_end":"20150928190141","total_fee":"6000","trade_state":"SUCCESS","trade_type":"JSAPI","transaction_id":"1004010869201509281023981814"}
[2015-09-28 19:01:48][debug] call back test:订单查询成功
[2015-09-28 19:01:48][debug] call back test:未入库
[2015-09-28 19:01:48][debug] call back test sql:UPDATE pa_marathon SET ispay =1,transaction_id="1004010869201509281023981814",out_trade_no="126806760120150928185953" WHERE openid ="ouN6_s4RDPS1N_oTim2xVW97upIM"
[2015-09-28 19:01:48][debug] call back test:入库成功
[2015-09-28 19:02:00][debug] begin notify
[2015-09-28 19:02:00][debug] call back test:{"appid":"wx161f19ac48b1f2f3","attach":"\u9a6c\u62c9\u677e\u62a5\u540d","bank_type":"CFT","cash_fee":"6000","fee_type":"CNY","is_subscribe":"N","mch_id":"1268067601","nonce_str":"2873q15yr04tlfcszsk27qqkn8kcmeft","openid":"ouN6_s4RDPS1N_oTim2xVW97upIM","out_trade_no":"126806760120150928185953","result_code":"SUCCESS","return_code":"SUCCESS","sign":"942CD287A6CD245038ECA7BBEEAE134D","time_end":"20150928190141","total_fee":"6000","trade_type":"JSAPI","transaction_id":"1004010869201509281023981814"}
[2015-09-28 19:02:00][debug] query:{"appid":"wx161f19ac48b1f2f3","attach":"\u9a6c\u62c9\u677e\u62a5\u540d","bank_type":"CFT","cash_fee":"6000","fee_type":"CNY","is_subscribe":"Y","mch_id":"1268067601","nonce_str":"dDAAYs4MFnIf6Vcc","openid":"ouN6_s4RDPS1N_oTim2xVW97upIM","out_trade_no":"126806760120150928185953","result_code":"SUCCESS","return_code":"SUCCESS","return_msg":"OK","sign":"E718D03AFB18A14DDC1EE7717451EBCA","time_end":"20150928190141","total_fee":"6000","trade_state":"SUCCESS","trade_type":"JSAPI","transaction_id":"1004010869201509281023981814"}
[2015-09-28 19:02:00][debug] call back test:订单查询成功
[2015-09-28 19:02:00][debug] call back test:已入库
[2015-09-28 19:10:49][debug] begin notify
[2015-09-28 19:10:49][debug] call back test:{"appid":"wx161f19ac48b1f2f3","attach":"\u9a6c\u62c9\u677e\u62a5\u540d","bank_type":"CCB_DEBIT","cash_fee":"4000","fee_type":"CNY","is_subscribe":"Y","mch_id":"1268067601","nonce_str":"9azde7lug8psh5augfrbirdtzr3jon3f","openid":"ouN6_s9pvAbJKkCMb-mKr6pY0Bk8","out_trade_no":"126806760120150928190919","result_code":"SUCCESS","return_code":"SUCCESS","sign":"1D6CF586960EA4AC5BE8A2C1656C4DD9","time_end":"20150928191047","total_fee":"4000","trade_type":"JSAPI","transaction_id":"1003500869201509281024094233"}
[2015-09-28 19:10:49][debug] query:{"appid":"wx161f19ac48b1f2f3","attach":"\u9a6c\u62c9\u677e\u62a5\u540d","bank_type":"CCB_DEBIT","cash_fee":"4000","fee_type":"CNY","is_subscribe":"Y","mch_id":"1268067601","nonce_str":"KUGbw3vlqbRHZrEH","openid":"ouN6_s9pvAbJKkCMb-mKr6pY0Bk8","out_trade_no":"126806760120150928190919","result_code":"SUCCESS","return_code":"SUCCESS","return_msg":"OK","sign":"AFA6C1849122C477D9DE1D5B298E91CD","time_end":"20150928191045","total_fee":"4000","trade_state":"SUCCESS","trade_type":"JSAPI","transaction_id":"1003500869201509281024094233"}
[2015-09-28 19:10:49][debug] call back test:订单查询成功
[2015-09-28 19:10:49][debug] call back test:未入库
[2015-09-28 19:10:49][debug] call back test sql:UPDATE pa_marathon SET ispay =1,transaction_id="1003500869201509281024094233",out_trade_no="126806760120150928190919" WHERE openid ="ouN6_s9pvAbJKkCMb-mKr6pY0Bk8"
[2015-09-28 19:10:49][debug] call back test:入库成功
[2015-09-28 19:35:30][debug] begin notify
[2015-09-28 19:35:30][debug] call back test:{"appid":"wx161f19ac48b1f2f3","attach":"\u9a6c\u62c9\u677e\u62a5\u540d","bank_type":"CCB_DEBIT","cash_fee":"6000","fee_type":"CNY","is_subscribe":"N","mch_id":"1268067601","nonce_str":"tnbia6p0ghxbrtgf16i084k5xvgi42cz","openid":"ouN6_s-4uRzsUnWifyFDP-reOFPg","out_trade_no":"126806760120150928193357","result_code":"SUCCESS","return_code":"SUCCESS","sign":"CBF2BC8F66115FA2F342AED382A1C517","time_end":"20150928193530","total_fee":"6000","trade_type":"JSAPI","transaction_id":"1006510869201509281024387276"}
[2015-09-28 19:35:30][debug] query:{"appid":"wx161f19ac48b1f2f3","attach":"\u9a6c\u62c9\u677e\u62a5\u540d","bank_type":"CCB_DEBIT","cash_fee":"6000","fee_type":"CNY","is_subscribe":"N","mch_id":"1268067601","nonce_str":"yO0AegSauB6T0ohb","openid":"ouN6_s-4uRzsUnWifyFDP-reOFPg","out_trade_no":"126806760120150928193357","result_code":"SUCCESS","return_code":"SUCCESS","return_msg":"OK","sign":"2C58B2E2ABF2AA26B86D5F1241AD6E88","time_end":"20150928193513","total_fee":"6000","trade_state":"SUCCESS","trade_type":"JSAPI","transaction_id":"1006510869201509281024387276"}
[2015-09-28 19:35:30][debug] call back test:订单查询成功
[2015-09-28 19:35:30][debug] call back test:未入库
[2015-09-28 19:35:30][debug] call back test sql:UPDATE pa_marathon SET ispay =1,transaction_id="1006510869201509281024387276",out_trade_no="126806760120150928193357" WHERE openid ="ouN6_s-4uRzsUnWifyFDP-reOFPg"
[2015-09-28 19:35:30][debug] call back test:入库成功
[2015-09-28 19:55:27][debug] begin notify
[2015-09-28 19:55:27][debug] call back test:{"appid":"wx161f19ac48b1f2f3","attach":"\u9a6c\u62c9\u677e\u62a5\u540d","bank_type":"ZJTLCB_DEBIT","cash_fee":"4000","fee_type":"CNY","is_subscribe":"Y","mch_id":"1268067601","nonce_str":"96dkly335osofp0tx6b3e0sdcrxi806p","openid":"ouN6_s9uB2KDZMTGwHbAuEwhJeeg","out_trade_no":"126806760120150928195301","result_code":"SUCCESS","return_code":"SUCCESS","sign":"524CC0D2F97689042031A80ABB49159A","time_end":"20150928195526","total_fee":"4000","trade_type":"JSAPI","transaction_id":"1006160869201509281024603692"}
[2015-09-28 19:55:32][debug] query:{"appid":"wx161f19ac48b1f2f3","attach":"\u9a6c\u62c9\u677e\u62a5\u540d","bank_type":"ZJTLCB_DEBIT","cash_fee":"4000","fee_type":"CNY","is_subscribe":"Y","mch_id":"1268067601","nonce_str":"C5MODr356n03V6DP","openid":"ouN6_s9uB2KDZMTGwHbAuEwhJeeg","out_trade_no":"126806760120150928195301","result_code":"SUCCESS","return_code":"SUCCESS","return_msg":"OK","sign":"05FEF88AF1A995ED42B4271AE87F14A7","time_end":"20150928195525","total_fee":"4000","trade_state":"SUCCESS","trade_type":"JSAPI","transaction_id":"1006160869201509281024603692"}
[2015-09-28 19:55:32][debug] call back test:订单查询成功
[2015-09-28 19:55:32][debug] call back test:未入库
[2015-09-28 19:55:32][debug] call back test sql:UPDATE pa_marathon SET ispay =1,transaction_id="1006160869201509281024603692",out_trade_no="126806760120150928195301" WHERE openid ="ouN6_s9uB2KDZMTGwHbAuEwhJeeg"
[2015-09-28 19:55:32][debug] call back test:入库成功
[2015-09-28 19:55:41][debug] begin notify
[2015-09-28 19:55:41][debug] call back test:{"appid":"wx161f19ac48b1f2f3","attach":"\u9a6c\u62c9\u677e\u62a5\u540d","bank_type":"ZJTLCB_DEBIT","cash_fee":"4000","fee_type":"CNY","is_subscribe":"Y","mch_id":"1268067601","nonce_str":"96dkly335osofp0tx6b3e0sdcrxi806p","openid":"ouN6_s9uB2KDZMTGwHbAuEwhJeeg","out_trade_no":"126806760120150928195301","result_code":"SUCCESS","return_code":"SUCCESS","sign":"524CC0D2F97689042031A80ABB49159A","time_end":"20150928195526","total_fee":"4000","trade_type":"JSAPI","transaction_id":"1006160869201509281024603692"}
[2015-09-28 19:55:42][debug] query:{"appid":"wx161f19ac48b1f2f3","attach":"\u9a6c\u62c9\u677e\u62a5\u540d","bank_type":"ZJTLCB_DEBIT","cash_fee":"4000","fee_type":"CNY","is_subscribe":"Y","mch_id":"1268067601","nonce_str":"4VHeNFrBkDjwOxCo","openid":"ouN6_s9uB2KDZMTGwHbAuEwhJeeg","out_trade_no":"126806760120150928195301","result_code":"SUCCESS","return_code":"SUCCESS","return_msg":"OK","sign":"E4A5CA60C60F8A7A4DA8137B3258D832","time_end":"20150928195525","total_fee":"4000","trade_state":"SUCCESS","trade_type":"JSAPI","transaction_id":"1006160869201509281024603692"}
[2015-09-28 19:55:42][debug] call back test:订单查询成功
[2015-09-28 19:55:42][debug] call back test:已入库
[2015-09-28 19:56:33][debug] begin notify
[2015-09-28 19:56:33][debug] call back test:{"appid":"wx161f19ac48b1f2f3","attach":"\u9a6c\u62c9\u677e\u62a5\u540d","bank_type":"CCB_DEBIT","cash_fee":"6000","fee_type":"CNY","is_subscribe":"Y","mch_id":"1268067601","nonce_str":"ms29ajz4jq4cw8feryfvd1eyfjp8rgkw","openid":"ouN6_s0v1_zGAHpHl9LTClhiIO0Y","out_trade_no":"126806760120150928195540","result_code":"SUCCESS","return_code":"SUCCESS","sign":"1BB17AEF3C989AA72E81C2DC8B661777","time_end":"20150928195632","total_fee":"6000","trade_type":"JSAPI","transaction_id":"1001960869201509281024634739"}
[2015-09-28 19:56:33][debug] query:{"appid":"wx161f19ac48b1f2f3","attach":"\u9a6c\u62c9\u677e\u62a5\u540d","bank_type":"CCB_DEBIT","cash_fee":"6000","fee_type":"CNY","is_subscribe":"Y","mch_id":"1268067601","nonce_str":"7cEchuZKKk0ik8vk","openid":"ouN6_s0v1_zGAHpHl9LTClhiIO0Y","out_trade_no":"126806760120150928195540","result_code":"SUCCESS","return_code":"SUCCESS","return_msg":"OK","sign":"18D1BFA324DDC924230F9F2CC725850E","time_end":"20150928195632","total_fee":"6000","trade_state":"SUCCESS","trade_type":"JSAPI","transaction_id":"1001960869201509281024634739"}
[2015-09-28 19:56:33][debug] call back test:订单查询成功
[2015-09-28 19:56:33][debug] call back test:未入库
[2015-09-28 19:56:33][debug] call back test sql:UPDATE pa_marathon SET ispay =1,transaction_id="1001960869201509281024634739",out_trade_no="126806760120150928195540" WHERE openid ="ouN6_s0v1_zGAHpHl9LTClhiIO0Y"
[2015-09-28 19:56:33][debug] call back test:入库成功
[2015-09-28 20:02:15][debug] begin notify
[2015-09-28 20:02:15][debug] call back test:{"appid":"wx161f19ac48b1f2f3","attach":"\u9a6c\u62c9\u677e\u62a5\u540d","bank_type":"CCB_DEBIT","cash_fee":"6000","fee_type":"CNY","is_subscribe":"Y","mch_id":"1268067601","nonce_str":"hd8r784hsxzx355xm82ft54css91avjp","openid":"ouN6_s0v1_zGAHpHl9LTClhiIO0Y","out_trade_no":"126806760120150928200153","result_code":"SUCCESS","return_code":"SUCCESS","sign":"90CE63C551EDEA5CDD978527E55F091D","time_end":"20150928200215","total_fee":"6000","trade_type":"JSAPI","transaction_id":"1001960869201509281024702534"}
[2015-09-28 20:02:15][debug] query:{"appid":"wx161f19ac48b1f2f3","attach":"\u9a6c\u62c9\u677e\u62a5\u540d","bank_type":"CCB_DEBIT","cash_fee":"6000","fee_type":"CNY","is_subscribe":"Y","mch_id":"1268067601","nonce_str":"sLJGYhHDhaRehwgC","openid":"ouN6_s0v1_zGAHpHl9LTClhiIO0Y","out_trade_no":"126806760120150928200153","result_code":"SUCCESS","return_code":"SUCCESS","return_msg":"OK","sign":"70EE4818A46DD3864862B871A2CCEBE0","time_end":"20150928200211","total_fee":"6000","trade_state":"SUCCESS","trade_type":"JSAPI","transaction_id":"1001960869201509281024702534"}
[2015-09-28 20:02:15][debug] call back test:订单查询成功
[2015-09-28 20:02:15][debug] call back test:未入库
[2015-09-28 20:02:15][debug] call back test sql:UPDATE pa_marathon SET ispay =1,transaction_id="1001960869201509281024702534",out_trade_no="126806760120150928200153" WHERE openid ="ouN6_s0v1_zGAHpHl9LTClhiIO0Y"
[2015-09-28 20:02:15][debug] call back test:入库成功
[2015-09-28 20:07:09][debug] begin notify
[2015-09-28 20:07:09][debug] call back test:{"appid":"wx161f19ac48b1f2f3","attach":"\u9a6c\u62c9\u677e\u62a5\u540d","bank_type":"BOC_DEBIT","cash_fee":"6000","fee_type":"CNY","is_subscribe":"Y","mch_id":"1268067601","nonce_str":"0hi74azamlgoodzz7n1viehvbvw3n230","openid":"ouN6_s3R3h2RnG0OUU7RoPOl5dgc","out_trade_no":"126806760120150928200514","result_code":"SUCCESS","return_code":"SUCCESS","sign":"088732BB9F3C5FE8CACBF259BAB12206","time_end":"20150928200708","total_fee":"6000","trade_type":"JSAPI","transaction_id":"1001640869201509281024769840"}
[2015-09-28 20:07:10][debug] query:{"appid":"wx161f19ac48b1f2f3","attach":"\u9a6c\u62c9\u677e\u62a5\u540d","bank_type":"BOC_DEBIT","cash_fee":"6000","fee_type":"CNY","is_subscribe":"Y","mch_id":"1268067601","nonce_str":"XTLXq0VMwgAfdwf2","openid":"ouN6_s3R3h2RnG0OUU7RoPOl5dgc","out_trade_no":"126806760120150928200514","result_code":"SUCCESS","return_code":"SUCCESS","return_msg":"OK","sign":"69DFAD3140FD4B36660C4AC9D3B61193","time_end":"20150928200707","total_fee":"6000","trade_state":"SUCCESS","trade_type":"JSAPI","transaction_id":"1001640869201509281024769840"}
[2015-09-28 20:07:10][debug] call back test:订单查询成功
[2015-09-28 20:07:10][debug] call back test:未入库
[2015-09-28 20:07:10][debug] call back test sql:UPDATE pa_marathon SET ispay =1,transaction_id="1001640869201509281024769840",out_trade_no="126806760120150928200514" WHERE openid ="ouN6_s3R3h2RnG0OUU7RoPOl5dgc"
[2015-09-28 20:07:10][debug] call back test:入库成功
[2015-09-28 20:10:20][debug] begin notify
[2015-09-28 20:10:20][debug] call back test:{"appid":"wx161f19ac48b1f2f3","attach":"\u9a6c\u62c9\u677e\u62a5\u540d","bank_type":"CMB_CREDIT","cash_fee":"6000","fee_type":"CNY","is_subscribe":"N","mch_id":"1268067601","nonce_str":"7631kg9dj9kpi7x1r30ht1sy4l3trhjl","openid":"ouN6_s5eiqkZpB1MX3I_SsAmFh3s","out_trade_no":"126806760120150928200915","result_code":"SUCCESS","return_code":"SUCCESS","sign":"99707843F23D41DC1D3639D8CF04DA27","time_end":"20150928201020","total_fee":"6000","trade_type":"JSAPI","transaction_id":"1001040869201509281024806642"}
[2015-09-28 20:10:21][debug] query:{"appid":"wx161f19ac48b1f2f3","attach":"\u9a6c\u62c9\u677e\u62a5\u540d","bank_type":"CMB_CREDIT","cash_fee":"6000","fee_type":"CNY","is_subscribe":"N","mch_id":"1268067601","nonce_str":"plCtojGkMS6aFHBp","openid":"ouN6_s5eiqkZpB1MX3I_SsAmFh3s","out_trade_no":"126806760120150928200915","result_code":"SUCCESS","return_code":"SUCCESS","return_msg":"OK","sign":"8D72AEED13285E4FBE0E5DC92EE99D2E","time_end":"20150928201019","total_fee":"6000","trade_state":"SUCCESS","trade_type":"JSAPI","transaction_id":"1001040869201509281024806642"}
[2015-09-28 20:10:21][debug] call back test:订单查询成功
[2015-09-28 20:10:21][debug] call back test:未入库
[2015-09-28 20:10:21][debug] call back test sql:UPDATE pa_marathon SET ispay =1,transaction_id="1001040869201509281024806642",out_trade_no="126806760120150928200915" WHERE openid ="ouN6_s5eiqkZpB1MX3I_SsAmFh3s"
[2015-09-28 20:10:21][debug] call back test:入库成功
[2015-09-28 20:31:52][debug] begin notify
[2015-09-28 20:31:52][debug] call back test:{"appid":"wx161f19ac48b1f2f3","attach":"\u9a6c\u62c9\u677e\u62a5\u540d","bank_type":"CFT","cash_fee":"6000","fee_type":"CNY","is_subscribe":"N","mch_id":"1268067601","nonce_str":"s6j8zjh03kgpouu0q2ektonj0044ixej","openid":"ouN6_swzXytkeu1iNkixOMmdHlIk","out_trade_no":"126806760120150928203144","result_code":"SUCCESS","return_code":"SUCCESS","sign":"0A4EB845A72B6D0E0D569A38A169FD87","time_end":"20150928203150","total_fee":"6000","trade_type":"JSAPI","transaction_id":"1006850869201509281025055249"}
[2015-09-28 20:31:52][debug] query:{"appid":"wx161f19ac48b1f2f3","attach":"\u9a6c\u62c9\u677e\u62a5\u540d","bank_type":"CFT","cash_fee":"6000","fee_type":"CNY","is_subscribe":"N","mch_id":"1268067601","nonce_str":"HCYn41vrXrzOE2jK","openid":"ouN6_swzXytkeu1iNkixOMmdHlIk","out_trade_no":"126806760120150928203144","result_code":"SUCCESS","return_code":"SUCCESS","return_msg":"OK","sign":"734F27CE6B5DD10D38E27DA5BDEA4CB9","time_end":"20150928203150","total_fee":"6000","trade_state":"SUCCESS","trade_type":"JSAPI","transaction_id":"1006850869201509281025055249"}
[2015-09-28 20:31:52][debug] call back test:订单查询成功
[2015-09-28 20:31:52][debug] call back test:未入库
[2015-09-28 20:31:52][debug] call back test sql:UPDATE pa_marathon SET ispay =1,transaction_id="1006850869201509281025055249",out_trade_no="126806760120150928203144" WHERE openid ="ouN6_swzXytkeu1iNkixOMmdHlIk"
[2015-09-28 20:31:52][debug] call back test:入库成功
[2015-09-28 20:50:17][debug] begin notify
[2015-09-28 20:50:17][debug] call back test:{"appid":"wx161f19ac48b1f2f3","attach":"\u9a6c\u62c9\u677e\u62a5\u540d","bank_type":"BOC_CREDIT","cash_fee":"6000","fee_type":"CNY","is_subscribe":"N","mch_id":"1268067601","nonce_str":"5vr4tgofmveom67lhqvvkrj9fwmmuuy0","openid":"ouN6_s1Z8iR94hXBV0wZVfv-3OLI","out_trade_no":"126806760120150928204829","result_code":"SUCCESS","return_code":"SUCCESS","sign":"D6DFF473E2C1FE9A141DC14F2489C736","time_end":"20150928205017","total_fee":"6000","trade_type":"JSAPI","transaction_id":"1004370869201509281025256489"}
[2015-09-28 20:50:18][debug] query:{"appid":"wx161f19ac48b1f2f3","attach":"\u9a6c\u62c9\u677e\u62a5\u540d","bank_type":"BOC_CREDIT","cash_fee":"6000","fee_type":"CNY","is_subscribe":"N","mch_id":"1268067601","nonce_str":"81xnjB6KsPhtc40i","openid":"ouN6_s1Z8iR94hXBV0wZVfv-3OLI","out_trade_no":"126806760120150928204829","result_code":"SUCCESS","return_code":"SUCCESS","return_msg":"OK","sign":"07CF39F45278692A6047ACCE5090C271","time_end":"20150928205016","total_fee":"6000","trade_state":"SUCCESS","trade_type":"JSAPI","transaction_id":"1004370869201509281025256489"}
[2015-09-28 20:50:18][debug] call back test:订单查询成功
[2015-09-28 20:50:18][debug] call back test:未入库
[2015-09-28 20:50:18][debug] call back test sql:UPDATE pa_marathon SET ispay =1,transaction_id="1004370869201509281025256489",out_trade_no="126806760120150928204829" WHERE openid ="ouN6_s1Z8iR94hXBV0wZVfv-3OLI"
[2015-09-28 20:50:18][debug] call back test:入库成功
[2015-09-28 21:55:17][debug] begin notify
[2015-09-28 21:55:17][debug] call back test:{"appid":"wx161f19ac48b1f2f3","attach":"\u9a6c\u62c9\u677e\u62a5\u540d","bank_type":"CFT","cash_fee":"8000","fee_type":"CNY","is_subscribe":"Y","mch_id":"1268067601","nonce_str":"6qp009aaifrhrwhifqk2f7ql6nzi641v","openid":"ouN6_s_qgTm3fHGJh8se4wxyVU80","out_trade_no":"126806760120150928215308","result_code":"SUCCESS","return_code":"SUCCESS","sign":"15691386ED02DFA1C9276616FB619ACB","time_end":"20150928215516","total_fee":"8000","trade_type":"JSAPI","transaction_id":"1007290869201509281025943515"}
[2015-09-28 21:55:33][debug] begin notify
[2015-09-28 21:55:33][debug] call back test:{"appid":"wx161f19ac48b1f2f3","attach":"\u9a6c\u62c9\u677e\u62a5\u540d","bank_type":"CFT","cash_fee":"8000","fee_type":"CNY","is_subscribe":"Y","mch_id":"1268067601","nonce_str":"6qp009aaifrhrwhifqk2f7ql6nzi641v","openid":"ouN6_s_qgTm3fHGJh8se4wxyVU80","out_trade_no":"126806760120150928215308","result_code":"SUCCESS","return_code":"SUCCESS","sign":"15691386ED02DFA1C9276616FB619ACB","time_end":"20150928215516","total_fee":"8000","trade_type":"JSAPI","transaction_id":"1007290869201509281025943515"}
[2015-09-28 21:55:53][debug] begin notify
[2015-09-28 21:55:53][debug] call back test:{"appid":"wx161f19ac48b1f2f3","attach":"\u9a6c\u62c9\u677e\u62a5\u540d","bank_type":"CFT","cash_fee":"8000","fee_type":"CNY","is_subscribe":"Y","mch_id":"1268067601","nonce_str":"6qp009aaifrhrwhifqk2f7ql6nzi641v","openid":"ouN6_s_qgTm3fHGJh8se4wxyVU80","out_trade_no":"126806760120150928215308","result_code":"SUCCESS","return_code":"SUCCESS","sign":"15691386ED02DFA1C9276616FB619ACB","time_end":"20150928215516","total_fee":"8000","trade_type":"JSAPI","transaction_id":"1007290869201509281025943515"}
[2015-09-28 21:55:56][debug] query:{"appid":"wx161f19ac48b1f2f3","attach":"\u9a6c\u62c9\u677e\u62a5\u540d","bank_type":"CFT","cash_fee":"8000","fee_type":"CNY","is_subscribe":"Y","mch_id":"1268067601","nonce_str":"Ug34LWeWgOL3ValT","openid":"ouN6_s_qgTm3fHGJh8se4wxyVU80","out_trade_no":"126806760120150928215308","result_code":"SUCCESS","return_code":"SUCCESS","return_msg":"OK","sign":"0831AF0D236B6A7B6F0F22F492FDA794","time_end":"20150928215516","total_fee":"8000","trade_state":"SUCCESS","trade_type":"JSAPI","transaction_id":"1007290869201509281025943515"}
[2015-09-28 21:55:56][debug] call back test:订单查询成功
[2015-09-28 21:55:56][debug] call back test:未入库
[2015-09-28 21:55:56][debug] call back test sql:UPDATE pa_marathon SET ispay =1,transaction_id="1007290869201509281025943515",out_trade_no="126806760120150928215308" WHERE openid ="ouN6_s_qgTm3fHGJh8se4wxyVU80"
[2015-09-28 21:55:56][debug] call back test:入库成功
[2015-09-28 22:15:43][debug] begin notify
[2015-09-28 22:15:43][debug] call back test:{"appid":"wx161f19ac48b1f2f3","attach":"\u9a6c\u62c9\u677e\u62a5\u540d","bank_type":"CCB_DEBIT","cash_fee":"6000","fee_type":"CNY","is_subscribe":"N","mch_id":"1268067601","nonce_str":"t2rfrv1k18zu3rusrhc1rmc9mg99r24k","openid":"ouN6_s2qsMRBVQ2AJu4WaZ4xxzHM","out_trade_no":"126806760120150928221506","result_code":"SUCCESS","return_code":"SUCCESS","sign":"4BC6747C20A9D9695FA636B5C0D12259","time_end":"20150928221542","total_fee":"6000","trade_type":"JSAPI","transaction_id":"1003960869201509281026145717"}
[2015-09-28 22:15:43][debug] query:{"appid":"wx161f19ac48b1f2f3","attach":"\u9a6c\u62c9\u677e\u62a5\u540d","bank_type":"CCB_DEBIT","cash_fee":"6000","fee_type":"CNY","is_subscribe":"N","mch_id":"1268067601","nonce_str":"XInqjI5FCGc5aEGL","openid":"ouN6_s2qsMRBVQ2AJu4WaZ4xxzHM","out_trade_no":"126806760120150928221506","result_code":"SUCCESS","return_code":"SUCCESS","return_msg":"OK","sign":"920C52D9F19346861A5E37DC015B0639","time_end":"20150928221542","total_fee":"6000","trade_state":"SUCCESS","trade_type":"JSAPI","transaction_id":"1003960869201509281026145717"}
[2015-09-28 22:15:43][debug] call back test:订单查询成功
[2015-09-28 22:15:43][debug] call back test:未入库
[2015-09-28 22:15:43][debug] call back test sql:UPDATE pa_marathon SET ispay =1,transaction_id="1003960869201509281026145717",out_trade_no="126806760120150928221506" WHERE openid ="ouN6_s2qsMRBVQ2AJu4WaZ4xxzHM"
[2015-09-28 22:15:43][debug] call back test:入库成功
[2015-09-28 22:30:51][debug] begin notify
[2015-09-28 22:30:51][debug] call back test:{"appid":"wx161f19ac48b1f2f3","attach":"\u9a6c\u62c9\u677e\u62a5\u540d","bank_type":"ICBC_DEBIT","cash_fee":"6000","fee_type":"CNY","is_subscribe":"Y","mch_id":"1268067601","nonce_str":"fhffmwzql1698nmfwuo8iixf8do3gx8x","openid":"ouN6_s0Nyljc1_w8dDyk9oQdFWV8","out_trade_no":"126806760120150928222916","result_code":"SUCCESS","return_code":"SUCCESS","sign":"2EE5A5431C6ED4AE2CCE305C81E0C0B9","time_end":"20150928223051","total_fee":"6000","trade_type":"JSAPI","transaction_id":"1004400869201509281026289277"}
[2015-09-28 22:30:52][debug] query:{"appid":"wx161f19ac48b1f2f3","attach":"\u9a6c\u62c9\u677e\u62a5\u540d","bank_type":"ICBC_DEBIT","cash_fee":"6000","fee_type":"CNY","is_subscribe":"Y","mch_id":"1268067601","nonce_str":"eCOntRzaHraQ1Rff","openid":"ouN6_s0Nyljc1_w8dDyk9oQdFWV8","out_trade_no":"126806760120150928222916","result_code":"SUCCESS","return_code":"SUCCESS","return_msg":"OK","sign":"7A6F82C3B6C9BDB80DA3EC4B86995E14","time_end":"20150928223050","total_fee":"6000","trade_state":"SUCCESS","trade_type":"JSAPI","transaction_id":"1004400869201509281026289277"}
[2015-09-28 22:30:52][debug] call back test:订单查询成功
[2015-09-28 22:30:52][debug] call back test:未入库
[2015-09-28 22:30:52][debug] call back test sql:UPDATE pa_marathon SET ispay =1,transaction_id="1004400869201509281026289277",out_trade_no="126806760120150928222916" WHERE openid ="ouN6_s0Nyljc1_w8dDyk9oQdFWV8"
[2015-09-28 22:30:52][debug] call back test:入库成功
[2015-09-28 23:08:42][debug] begin notify
[2015-09-28 23:08:42][debug] call back test:{"appid":"wx161f19ac48b1f2f3","attach":"\u9a6c\u62c9\u677e\u62a5\u540d","bank_type":"CMB_CREDIT","cash_fee":"6000","fee_type":"CNY","is_subscribe":"N","mch_id":"1268067601","nonce_str":"81to59hhmvs2w2hfkrcrx2tdo9f1lcbd","openid":"ouN6_s47SgulmB9_14fROnGRLkoo","out_trade_no":"126806760120150928230622","result_code":"SUCCESS","return_code":"SUCCESS","sign":"44F3F8DE63F12F5CA228EE91FA7DE93D","time_end":"20150928230842","total_fee":"6000","trade_type":"JSAPI","transaction_id":"1000240869201509281026589016"}
[2015-09-28 23:08:47][debug] query:{"appid":"wx161f19ac48b1f2f3","attach":"\u9a6c\u62c9\u677e\u62a5\u540d","bank_type":"CMB_CREDIT","cash_fee":"6000","fee_type":"CNY","is_subscribe":"N","mch_id":"1268067601","nonce_str":"lhsZnfkkaowNWLwt","openid":"ouN6_s47SgulmB9_14fROnGRLkoo","out_trade_no":"126806760120150928230622","result_code":"SUCCESS","return_code":"SUCCESS","return_msg":"OK","sign":"318BEF506E864C5E1199A50EF5EF9983","time_end":"20150928230816","total_fee":"6000","trade_state":"SUCCESS","trade_type":"JSAPI","transaction_id":"1000240869201509281026589016"}
[2015-09-28 23:08:47][debug] call back test:订单查询成功
[2015-09-28 23:08:47][debug] call back test:未入库
[2015-09-28 23:08:47][debug] call back test sql:UPDATE pa_marathon SET ispay =1,transaction_id="1000240869201509281026589016",out_trade_no="126806760120150928230622" WHERE openid ="ouN6_s47SgulmB9_14fROnGRLkoo"
[2015-09-28 23:08:47][debug] call back test:入库成功
[2015-09-28 23:09:01][debug] begin notify
[2015-09-28 23:09:01][debug] call back test:{"appid":"wx161f19ac48b1f2f3","attach":"\u9a6c\u62c9\u677e\u62a5\u540d","bank_type":"CMB_CREDIT","cash_fee":"6000","fee_type":"CNY","is_subscribe":"N","mch_id":"1268067601","nonce_str":"81to59hhmvs2w2hfkrcrx2tdo9f1lcbd","openid":"ouN6_s47SgulmB9_14fROnGRLkoo","out_trade_no":"126806760120150928230622","result_code":"SUCCESS","return_code":"SUCCESS","sign":"44F3F8DE63F12F5CA228EE91FA7DE93D","time_end":"20150928230842","total_fee":"6000","trade_type":"JSAPI","transaction_id":"1000240869201509281026589016"}
[2015-09-28 23:09:01][debug] query:{"appid":"wx161f19ac48b1f2f3","attach":"\u9a6c\u62c9\u677e\u62a5\u540d","bank_type":"CMB_CREDIT","cash_fee":"6000","fee_type":"CNY","is_subscribe":"Y","mch_id":"1268067601","nonce_str":"05ukIjlfSFngk9tj","openid":"ouN6_s47SgulmB9_14fROnGRLkoo","out_trade_no":"126806760120150928230622","result_code":"SUCCESS","return_code":"SUCCESS","return_msg":"OK","sign":"DB4E6010E61D34CA63A348800E885459","time_end":"20150928230816","total_fee":"6000","trade_state":"SUCCESS","trade_type":"JSAPI","transaction_id":"1000240869201509281026589016"}
[2015-09-28 23:09:01][debug] call back test:订单查询成功
[2015-09-28 23:09:01][debug] call back test:已入库
[2015-09-28 23:18:57][debug] begin notify
[2015-09-28 23:18:57][debug] call back test:{"appid":"wx161f19ac48b1f2f3","attach":"\u9a6c\u62c9\u677e\u62a5\u540d","bank_type":"PSBC_DEBIT","cash_fee":"6000","fee_type":"CNY","is_subscribe":"Y","mch_id":"1268067601","nonce_str":"2bl3io1aj7qdxb7f1pqp0sq8bv7n79xh","openid":"ouN6_s5pG3UKaYbHKqUpSYLs9A-c","out_trade_no":"126806760120150928231251","result_code":"SUCCESS","return_code":"SUCCESS","sign":"FC4C571D520D8E1FE345A2D4C64FB035","time_end":"20150928231846","total_fee":"6000","trade_type":"JSAPI","transaction_id":"1001720869201509281026650848"}
[2015-09-28 23:19:03][debug] query:{"appid":"wx161f19ac48b1f2f3","attach":"\u9a6c\u62c9\u677e\u62a5\u540d","bank_type":"PSBC_DEBIT","cash_fee":"6000","fee_type":"CNY","is_subscribe":"Y","mch_id":"1268067601","nonce_str":"bv8KpoHK8j3OB3dL","openid":"ouN6_s5pG3UKaYbHKqUpSYLs9A-c","out_trade_no":"126806760120150928231251","result_code":"SUCCESS","return_code":"SUCCESS","return_msg":"OK","sign":"F663905881EE4465CA8A992D5FEA430F","time_end":"20150928231749","total_fee":"6000","trade_state":"SUCCESS","trade_type":"JSAPI","transaction_id":"1001720869201509281026650848"}
[2015-09-28 23:19:03][debug] call back test:订单查询成功
[2015-09-28 23:19:03][debug] call back test:未入库
[2015-09-28 23:19:03][debug] call back test sql:UPDATE pa_marathon SET ispay =1,transaction_id="1001720869201509281026650848",out_trade_no="126806760120150928231251" WHERE openid ="ouN6_s5pG3UKaYbHKqUpSYLs9A-c"
[2015-09-28 23:19:03][debug] call back test:入库成功
[2015-09-28 23:19:18][debug] begin notify
[2015-09-28 23:19:18][debug] call back test:{"appid":"wx161f19ac48b1f2f3","attach":"\u9a6c\u62c9\u677e\u62a5\u540d","bank_type":"PSBC_DEBIT","cash_fee":"6000","fee_type":"CNY","is_subscribe":"Y","mch_id":"1268067601","nonce_str":"2bl3io1aj7qdxb7f1pqp0sq8bv7n79xh","openid":"ouN6_s5pG3UKaYbHKqUpSYLs9A-c","out_trade_no":"126806760120150928231251","result_code":"SUCCESS","return_code":"SUCCESS","sign":"FC4C571D520D8E1FE345A2D4C64FB035","time_end":"20150928231846","total_fee":"6000","trade_type":"JSAPI","transaction_id":"1001720869201509281026650848"}
[2015-09-28 23:19:19][debug] query:{"appid":"wx161f19ac48b1f2f3","attach":"\u9a6c\u62c9\u677e\u62a5\u540d","bank_type":"PSBC_DEBIT","cash_fee":"6000","fee_type":"CNY","is_subscribe":"Y","mch_id":"1268067601","nonce_str":"2jeq511JtFZMqDV2","openid":"ouN6_s5pG3UKaYbHKqUpSYLs9A-c","out_trade_no":"126806760120150928231251","result_code":"SUCCESS","return_code":"SUCCESS","return_msg":"OK","sign":"5AB9110C0AE9512BACFE7E995B986CF0","time_end":"20150928231749","total_fee":"6000","trade_state":"SUCCESS","trade_type":"JSAPI","transaction_id":"1001720869201509281026650848"}
[2015-09-28 23:19:19][debug] call back test:订单查询成功
[2015-09-28 23:19:19][debug] call back test:已入库
[2015-09-28 23:25:43][debug] begin notify
[2015-09-28 23:25:43][debug] call back test:{"appid":"wx161f19ac48b1f2f3","attach":"\u9a6c\u62c9\u677e\u62a5\u540d","bank_type":"CFT","cash_fee":"6000","fee_type":"CNY","is_subscribe":"Y","mch_id":"1268067601","nonce_str":"lvvkzifz5nxajnuc5bysy2xj33q3jvc0","openid":"ouN6_sxLZU96WoSUiD_pdZV1ysR4","out_trade_no":"126806760120150928232521","result_code":"SUCCESS","return_code":"SUCCESS","sign":"1558966EE5F5484FCC0A9A0DC4A927A7","time_end":"20150928232542","total_fee":"6000","trade_type":"JSAPI","transaction_id":"1007670869201509281026717053"}
[2015-09-28 23:25:43][debug] query:{"appid":"wx161f19ac48b1f2f3","attach":"\u9a6c\u62c9\u677e\u62a5\u540d","bank_type":"CFT","cash_fee":"6000","fee_type":"CNY","is_subscribe":"Y","mch_id":"1268067601","nonce_str":"woA4Lxy7MYt3TDV6","openid":"ouN6_sxLZU96WoSUiD_pdZV1ysR4","out_trade_no":"126806760120150928232521","result_code":"SUCCESS","return_code":"SUCCESS","return_msg":"OK","sign":"94E4F8FA31389376709B1CB9C8E13307","time_end":"20150928232541","total_fee":"6000","trade_state":"SUCCESS","trade_type":"JSAPI","transaction_id":"1007670869201509281026717053"}
[2015-09-28 23:25:43][debug] call back test:订单查询成功
[2015-09-28 23:25:43][debug] call back test:未入库
[2015-09-28 23:25:43][debug] call back test sql:UPDATE pa_marathon SET ispay =1,transaction_id="1007670869201509281026717053",out_trade_no="126806760120150928232521" WHERE openid ="ouN6_sxLZU96WoSUiD_pdZV1ysR4"
[2015-09-28 23:25:43][debug] call back test:入库成功
