[2015-10-05 08:48:37][debug] begin notify
[2015-10-05 08:48:37][debug] call back test:{"appid":"wx161f19ac48b1f2f3","attach":"\u9a6c\u62c9\u677e\u62a5\u540d","bank_type":"CFT","cash_fee":"6000","fee_type":"CNY","is_subscribe":"Y","mch_id":"1268067601","nonce_str":"jd11nnr1o1c483hf3qtdfru1hlvj5a6s","openid":"ouN6_sxZ-UQouVFIXvTVhyagpM-0","out_trade_no":"126806760120151005084722","result_code":"SUCCESS","return_code":"SUCCESS","sign":"0A6B119B0C6C32A6E78D304E07382F48","time_end":"20151005084836","total_fee":"6000","trade_type":"JSAPI","transaction_id":"1008160869201510051092340690"}
[2015-10-05 08:48:37][debug] query:{"appid":"wx161f19ac48b1f2f3","attach":"\u9a6c\u62c9\u677e\u62a5\u540d","bank_type":"CFT","cash_fee":"6000","fee_type":"CNY","is_subscribe":"Y","mch_id":"1268067601","nonce_str":"N80fqJATZzlkAUdq","openid":"ouN6_sxZ-UQouVFIXvTVhyagpM-0","out_trade_no":"126806760120151005084722","result_code":"SUCCESS","return_code":"SUCCESS","return_msg":"OK","sign":"8D93C382CB241FBAE2CB745605AE2474","time_end":"20151005084836","total_fee":"6000","trade_state":"SUCCESS","trade_type":"JSAPI","transaction_id":"1008160869201510051092340690"}
[2015-10-05 08:48:37][debug] call back test:订单查询成功
[2015-10-05 08:48:37][debug] call back test:未入库
[2015-10-05 08:48:37][debug] call back test sql:UPDATE pa_marathon SET ispay =1,transaction_id="1008160869201510051092340690",out_trade_no="126806760120151005084722" WHERE openid ="ouN6_sxZ-UQouVFIXvTVhyagpM-0"
[2015-10-05 08:48:37][debug] call back test:入库成功
[2015-10-05 09:05:06][debug] begin notify
[2015-10-05 09:05:06][debug] call back test:{"appid":"wx161f19ac48b1f2f3","attach":"\u9a6c\u62c9\u677e\u62a5\u540d","bank_type":"CFT","cash_fee":"4000","fee_type":"CNY","is_subscribe":"Y","mch_id":"1268067601","nonce_str":"0lv01zt7a1y9eoln25a1qaa4tl3zugh2","openid":"ouN6_szpjnIzfwI2_Es2g6toY544","out_trade_no":"126806760120151005090443","result_code":"SUCCESS","return_code":"SUCCESS","sign":"A57FC2CBC985608E338F4A7D88A59846","time_end":"20151005090505","total_fee":"4000","trade_type":"JSAPI","transaction_id":"1000850869201510051092437092"}
[2015-10-05 09:05:06][debug] query:{"appid":"wx161f19ac48b1f2f3","attach":"\u9a6c\u62c9\u677e\u62a5\u540d","bank_type":"CFT","cash_fee":"4000","fee_type":"CNY","is_subscribe":"Y","mch_id":"1268067601","nonce_str":"aTCyH2ulWv24Y1id","openid":"ouN6_szpjnIzfwI2_Es2g6toY544","out_trade_no":"126806760120151005090443","result_code":"SUCCESS","return_code":"SUCCESS","return_msg":"OK","sign":"4EE1CC9F913CEAC1D4AF5A54F31553A4","time_end":"20151005090504","total_fee":"4000","trade_state":"SUCCESS","trade_type":"JSAPI","transaction_id":"1000850869201510051092437092"}
[2015-10-05 09:05:06][debug] call back test:订单查询成功
[2015-10-05 09:05:06][debug] call back test:未入库
[2015-10-05 09:05:06][debug] call back test sql:UPDATE pa_marathon SET ispay =1,transaction_id="1000850869201510051092437092",out_trade_no="126806760120151005090443" WHERE openid ="ouN6_szpjnIzfwI2_Es2g6toY544"
[2015-10-05 09:05:06][debug] call back test:入库成功
[2015-10-05 09:10:14][debug] begin notify
[2015-10-05 09:10:14][debug] call back test:{"appid":"wx161f19ac48b1f2f3","attach":"\u9a6c\u62c9\u677e\u62a5\u540d","bank_type":"CFT","cash_fee":"6000","fee_type":"CNY","is_subscribe":"Y","mch_id":"1268067601","nonce_str":"663aqrzg3bgbpwyitg116jdpv1kiei4t","openid":"ouN6_s54SeFC1Kme7DoA-xrRgLR8","out_trade_no":"126806760120151005091002","result_code":"SUCCESS","return_code":"SUCCESS","sign":"BFCF9D50BCE02D6008204EC27427F77A","time_end":"20151005091013","total_fee":"6000","trade_type":"JSAPI","transaction_id":"1006960869201510051092461381"}
[2015-10-05 09:10:14][debug] query:{"appid":"wx161f19ac48b1f2f3","attach":"\u9a6c\u62c9\u677e\u62a5\u540d","bank_type":"CFT","cash_fee":"6000","fee_type":"CNY","is_subscribe":"Y","mch_id":"1268067601","nonce_str":"JJ8YD4TEMNa79lWT","openid":"ouN6_s54SeFC1Kme7DoA-xrRgLR8","out_trade_no":"126806760120151005091002","result_code":"SUCCESS","return_code":"SUCCESS","return_msg":"OK","sign":"B1909A690E7A60CC6FB2743B16FDC023","time_end":"20151005091013","total_fee":"6000","trade_state":"SUCCESS","trade_type":"JSAPI","transaction_id":"1006960869201510051092461381"}
[2015-10-05 09:10:14][debug] call back test:订单查询成功
[2015-10-05 09:10:14][debug] call back test:未入库
[2015-10-05 09:10:14][debug] call back test sql:UPDATE pa_marathon SET ispay =1,transaction_id="1006960869201510051092461381",out_trade_no="126806760120151005091002" WHERE openid ="ouN6_s54SeFC1Kme7DoA-xrRgLR8"
[2015-10-05 09:10:14][debug] call back test:入库成功
[2015-10-05 09:13:21][debug] begin notify
[2015-10-05 09:13:21][debug] call back test:{"appid":"wx161f19ac48b1f2f3","attach":"\u9a6c\u62c9\u677e\u62a5\u540d","bank_type":"NBCB_DEBIT","cash_fee":"8000","fee_type":"CNY","is_subscribe":"Y","mch_id":"1268067601","nonce_str":"pu3l09axu4aty6c74jns45iwjux2t7u6","openid":"ouN6_s5aCpacWQQPJd5uTnI-5HLU","out_trade_no":"126806760120151005090921","result_code":"SUCCESS","return_code":"SUCCESS","sign":"BD0CE70C9756C37CD1FFC5512BA22DD0","time_end":"20151005091307","total_fee":"8000","trade_type":"JSAPI","transaction_id":"1000490869201510051092487622"}
[2015-10-05 09:13:21][debug] query:{"appid":"wx161f19ac48b1f2f3","attach":"\u9a6c\u62c9\u677e\u62a5\u540d","bank_type":"NBCB_DEBIT","cash_fee":"8000","fee_type":"CNY","is_subscribe":"Y","mch_id":"1268067601","nonce_str":"6wkemxHK9NjIubWi","openid":"ouN6_s5aCpacWQQPJd5uTnI-5HLU","out_trade_no":"126806760120151005090921","result_code":"SUCCESS","return_code":"SUCCESS","return_msg":"OK","sign":"3A87CAF4C98DEEB77620A1493A617C2D","time_end":"20151005091222","total_fee":"8000","trade_state":"SUCCESS","trade_type":"JSAPI","transaction_id":"1000490869201510051092487622"}
[2015-10-05 09:13:21][debug] call back test:订单查询成功
[2015-10-05 09:13:21][debug] call back test:未入库
[2015-10-05 09:13:21][debug] call back test sql:UPDATE pa_marathon SET ispay =1,transaction_id="1000490869201510051092487622",out_trade_no="126806760120151005090921" WHERE openid ="ouN6_s5aCpacWQQPJd5uTnI-5HLU"
[2015-10-05 09:13:21][debug] call back test:入库成功
[2015-10-05 09:14:06][debug] begin notify
[2015-10-05 09:14:06][debug] call back test:{"appid":"wx161f19ac48b1f2f3","attach":"\u9a6c\u62c9\u677e\u62a5\u540d","bank_type":"CCB_DEBIT","cash_fee":"6000","fee_type":"CNY","is_subscribe":"N","mch_id":"1268067601","nonce_str":"aauri63ef547xh1g6ij4jk5zxta6d792","openid":"ouN6_s41Rjl-8ycZy4kkRU6kofEs","out_trade_no":"126806760120151005091250","result_code":"SUCCESS","return_code":"SUCCESS","sign":"2C8C66C017F1F6B3C19175D19073BB7F","time_end":"20151005091406","total_fee":"6000","trade_type":"JSAPI","transaction_id":"1004600869201510051092487579"}
[2015-10-05 09:14:06][debug] query:{"appid":"wx161f19ac48b1f2f3","attach":"\u9a6c\u62c9\u677e\u62a5\u540d","bank_type":"CCB_DEBIT","cash_fee":"6000","fee_type":"CNY","is_subscribe":"N","mch_id":"1268067601","nonce_str":"ouFwYO7gCMii0TQh","openid":"ouN6_s41Rjl-8ycZy4kkRU6kofEs","out_trade_no":"126806760120151005091250","result_code":"SUCCESS","return_code":"SUCCESS","return_msg":"OK","sign":"19AE901709AEA15DC152BBC49BB68820","time_end":"20151005091405","total_fee":"6000","trade_state":"SUCCESS","trade_type":"JSAPI","transaction_id":"1004600869201510051092487579"}
[2015-10-05 09:14:06][debug] call back test:订单查询成功
[2015-10-05 09:14:06][debug] call back test:未入库
[2015-10-05 09:14:06][debug] call back test sql:UPDATE pa_marathon SET ispay =1,transaction_id="1004600869201510051092487579",out_trade_no="126806760120151005091250" WHERE openid ="ouN6_s41Rjl-8ycZy4kkRU6kofEs"
[2015-10-05 09:14:06][debug] call back test:入库成功
[2015-10-05 09:15:06][debug] begin notify
[2015-10-05 09:15:06][debug] call back test:{"appid":"wx161f19ac48b1f2f3","attach":"\u9a6c\u62c9\u677e\u62a5\u540d","bank_type":"CFT","cash_fee":"4000","fee_type":"CNY","is_subscribe":"Y","mch_id":"1268067601","nonce_str":"q2t6us9thlki0e5w1slsltc34q2tnexx","openid":"ouN6_s2vRThSM2Gn7A1IEX3L88ds","out_trade_no":"126806760120151005091408","result_code":"SUCCESS","return_code":"SUCCESS","sign":"3AF967A533EA2F9056B8408C18F81C15","time_end":"20151005091505","total_fee":"4000","trade_type":"JSAPI","transaction_id":"1000030869201510051092514661"}
[2015-10-05 09:15:11][debug] query:{"appid":"wx161f19ac48b1f2f3","attach":"\u9a6c\u62c9\u677e\u62a5\u540d","bank_type":"CFT","cash_fee":"4000","fee_type":"CNY","is_subscribe":"Y","mch_id":"1268067601","nonce_str":"AORLZy4iwG64xh3L","openid":"ouN6_s2vRThSM2Gn7A1IEX3L88ds","out_trade_no":"126806760120151005091408","result_code":"SUCCESS","return_code":"SUCCESS","return_msg":"OK","sign":"85895400EB6FC6081928E6BA7225FF9E","time_end":"20151005091505","total_fee":"4000","trade_state":"SUCCESS","trade_type":"JSAPI","transaction_id":"1000030869201510051092514661"}
[2015-10-05 09:15:11][debug] call back test:订单查询成功
[2015-10-05 09:15:11][debug] call back test:未入库
[2015-10-05 09:15:11][debug] call back test sql:UPDATE pa_marathon SET ispay =1,transaction_id="1000030869201510051092514661",out_trade_no="126806760120151005091408" WHERE openid ="ouN6_s2vRThSM2Gn7A1IEX3L88ds"
[2015-10-05 09:15:11][debug] call back test:入库成功
[2015-10-05 09:15:23][debug] begin notify
[2015-10-05 09:15:23][debug] call back test:{"appid":"wx161f19ac48b1f2f3","attach":"\u9a6c\u62c9\u677e\u62a5\u540d","bank_type":"CFT","cash_fee":"4000","fee_type":"CNY","is_subscribe":"Y","mch_id":"1268067601","nonce_str":"q2t6us9thlki0e5w1slsltc34q2tnexx","openid":"ouN6_s2vRThSM2Gn7A1IEX3L88ds","out_trade_no":"126806760120151005091408","result_code":"SUCCESS","return_code":"SUCCESS","sign":"3AF967A533EA2F9056B8408C18F81C15","time_end":"20151005091505","total_fee":"4000","trade_type":"JSAPI","transaction_id":"1000030869201510051092514661"}
[2015-10-05 09:15:23][debug] query:{"appid":"wx161f19ac48b1f2f3","attach":"\u9a6c\u62c9\u677e\u62a5\u540d","bank_type":"CFT","cash_fee":"4000","fee_type":"CNY","is_subscribe":"Y","mch_id":"1268067601","nonce_str":"OumdQQ1r8Zr8lVN7","openid":"ouN6_s2vRThSM2Gn7A1IEX3L88ds","out_trade_no":"126806760120151005091408","result_code":"SUCCESS","return_code":"SUCCESS","return_msg":"OK","sign":"BB621130E5F3BDD9B9959693A61671AF","time_end":"20151005091505","total_fee":"4000","trade_state":"SUCCESS","trade_type":"JSAPI","transaction_id":"1000030869201510051092514661"}
[2015-10-05 09:15:23][debug] call back test:订单查询成功
[2015-10-05 09:15:23][debug] call back test:已入库
[2015-10-05 10:27:57][debug] begin notify
[2015-10-05 10:27:57][debug] call back test:{"appid":"wx161f19ac48b1f2f3","attach":"\u9a6c\u62c9\u677e\u62a5\u540d","bank_type":"CFT","cash_fee":"4000","fee_type":"CNY","is_subscribe":"N","mch_id":"1268067601","nonce_str":"jzfxnhf8mjq816i52qd5iwyaml9o9k7e","openid":"ouN6_s56Uq2rqIkFGsclVIPQoOU0","out_trade_no":"126806760120151005102741","result_code":"SUCCESS","return_code":"SUCCESS","sign":"5510A32E83DDAFE8E19D517B15EEC96A","time_end":"20151005102757","total_fee":"4000","trade_type":"JSAPI","transaction_id":"1009670869201510051093123134"}
[2015-10-05 10:27:58][debug] query:{"appid":"wx161f19ac48b1f2f3","attach":"\u9a6c\u62c9\u677e\u62a5\u540d","bank_type":"CFT","cash_fee":"4000","fee_type":"CNY","is_subscribe":"N","mch_id":"1268067601","nonce_str":"kM9vpDSU4twaNyjf","openid":"ouN6_s56Uq2rqIkFGsclVIPQoOU0","out_trade_no":"126806760120151005102741","result_code":"SUCCESS","return_code":"SUCCESS","return_msg":"OK","sign":"96DF0587249868AA6C2A60A96D9439D3","time_end":"20151005102756","total_fee":"4000","trade_state":"SUCCESS","trade_type":"JSAPI","transaction_id":"1009670869201510051093123134"}
[2015-10-05 10:27:58][debug] call back test:订单查询成功
[2015-10-05 10:27:58][debug] call back test:未入库
[2015-10-05 10:27:58][debug] call back test sql:UPDATE pa_marathon SET ispay =1,transaction_id="1009670869201510051093123134",out_trade_no="126806760120151005102741" WHERE openid ="ouN6_s56Uq2rqIkFGsclVIPQoOU0"
[2015-10-05 10:27:58][debug] call back test:入库成功
[2015-10-05 10:54:33][debug] begin notify
[2015-10-05 10:54:33][debug] call back test:{"appid":"wx161f19ac48b1f2f3","attach":"\u9a6c\u62c9\u677e\u62a5\u540d","bank_type":"CFT","cash_fee":"4000","fee_type":"CNY","is_subscribe":"Y","mch_id":"1268067601","nonce_str":"anj95b1jz0isd2ppm07x4c8radedpznq","openid":"ouN6_s9BgzzwsfxZZasENiRmepN8","out_trade_no":"126806760120151005105422","result_code":"SUCCESS","return_code":"SUCCESS","sign":"12D15EBE52C5FF2FFD162443AD2D3647","time_end":"20151005105431","total_fee":"4000","trade_type":"JSAPI","transaction_id":"1005060869201510051093394191"}
[2015-10-05 10:54:33][debug] query:{"appid":"wx161f19ac48b1f2f3","attach":"\u9a6c\u62c9\u677e\u62a5\u540d","bank_type":"CFT","cash_fee":"4000","fee_type":"CNY","is_subscribe":"Y","mch_id":"1268067601","nonce_str":"A56o0Pd1Y4RmNYyH","openid":"ouN6_s9BgzzwsfxZZasENiRmepN8","out_trade_no":"126806760120151005105422","result_code":"SUCCESS","return_code":"SUCCESS","return_msg":"OK","sign":"20FA90EAB13A4384B0948767B19AE803","time_end":"20151005105431","total_fee":"4000","trade_state":"SUCCESS","trade_type":"JSAPI","transaction_id":"1005060869201510051093394191"}
[2015-10-05 10:54:33][debug] call back test:订单查询成功
[2015-10-05 10:54:33][debug] call back test:未入库
[2015-10-05 10:54:33][debug] call back test sql:UPDATE pa_marathon SET ispay =1,transaction_id="1005060869201510051093394191",out_trade_no="126806760120151005105422" WHERE openid ="ouN6_s9BgzzwsfxZZasENiRmepN8"
[2015-10-05 10:54:33][debug] call back test:入库成功
[2015-10-05 11:00:51][debug] begin notify
[2015-10-05 11:00:51][debug] call back test:{"appid":"wx161f19ac48b1f2f3","attach":"\u9a6c\u62c9\u677e\u62a5\u540d","bank_type":"PSBC_DEBIT","cash_fee":"4000","fee_type":"CNY","is_subscribe":"Y","mch_id":"1268067601","nonce_str":"ot33opm8migbir327ai3ufpajqwu25nc","openid":"ouN6_s9xYI-Q2t2yXEg8SRqN-Ei4","out_trade_no":"126806760120151005105930","result_code":"SUCCESS","return_code":"SUCCESS","sign":"551A164765BDE51C21A792BF7E2CC695","time_end":"20151005110050","total_fee":"4000","trade_type":"JSAPI","transaction_id":"1001450869201510051093480655"}
[2015-10-05 11:00:51][debug] query:{"appid":"wx161f19ac48b1f2f3","attach":"\u9a6c\u62c9\u677e\u62a5\u540d","bank_type":"PSBC_DEBIT","cash_fee":"4000","fee_type":"CNY","is_subscribe":"Y","mch_id":"1268067601","nonce_str":"1R8FGXDUJxD85Tt8","openid":"ouN6_s9xYI-Q2t2yXEg8SRqN-Ei4","out_trade_no":"126806760120151005105930","result_code":"SUCCESS","return_code":"SUCCESS","return_msg":"OK","sign":"9BC261416C9F0F29A8DFED6870EA1C4A","time_end":"20151005110005","total_fee":"4000","trade_state":"SUCCESS","trade_type":"JSAPI","transaction_id":"1001450869201510051093480655"}
[2015-10-05 11:00:51][debug] call back test:订单查询成功
[2015-10-05 11:00:51][debug] call back test:未入库
[2015-10-05 11:00:51][debug] call back test sql:UPDATE pa_marathon SET ispay =1,transaction_id="1001450869201510051093480655",out_trade_no="126806760120151005105930" WHERE openid ="ouN6_s9xYI-Q2t2yXEg8SRqN-Ei4"
[2015-10-05 11:00:51][debug] call back test:入库成功
[2015-10-05 11:02:26][debug] begin notify
[2015-10-05 11:02:26][debug] call back test:{"appid":"wx161f19ac48b1f2f3","attach":"\u9a6c\u62c9\u677e\u62a5\u540d","bank_type":"CFT","cash_fee":"4000","fee_type":"CNY","is_subscribe":"Y","mch_id":"1268067601","nonce_str":"v93i884ogt08cmf7g1n03czdv96ee0bu","openid":"ouN6_swa5FUK-tBOTn8mgv9i_dYw","out_trade_no":"126806760120151005110204","result_code":"SUCCESS","return_code":"SUCCESS","sign":"E0521E812C14D8BF3E4B6F969CBC8546","time_end":"20151005110224","total_fee":"4000","trade_type":"JSAPI","transaction_id":"1005460869201510051093504448"}
[2015-10-05 11:02:26][debug] query:{"appid":"wx161f19ac48b1f2f3","attach":"\u9a6c\u62c9\u677e\u62a5\u540d","bank_type":"CFT","cash_fee":"4000","fee_type":"CNY","is_subscribe":"Y","mch_id":"1268067601","nonce_str":"1DWCc7L3195W75lU","openid":"ouN6_swa5FUK-tBOTn8mgv9i_dYw","out_trade_no":"126806760120151005110204","result_code":"SUCCESS","return_code":"SUCCESS","return_msg":"OK","sign":"3F9BF8CF07D4E2CFD9E4B06B5A68AA1C","time_end":"20151005110224","total_fee":"4000","trade_state":"SUCCESS","trade_type":"JSAPI","transaction_id":"1005460869201510051093504448"}
[2015-10-05 11:02:26][debug] call back test:订单查询成功
[2015-10-05 11:02:26][debug] call back test:未入库
[2015-10-05 11:02:26][debug] call back test sql:UPDATE pa_marathon SET ispay =1,transaction_id="1005460869201510051093504448",out_trade_no="126806760120151005110204" WHERE openid ="ouN6_swa5FUK-tBOTn8mgv9i_dYw"
[2015-10-05 11:02:26][debug] call back test:入库成功
[2015-10-05 11:17:53][debug] begin notify
[2015-10-05 11:17:53][debug] call back test:{"appid":"wx161f19ac48b1f2f3","attach":"\u9a6c\u62c9\u677e\u62a5\u540d","bank_type":"ABC_DEBIT","cash_fee":"4000","fee_type":"CNY","is_subscribe":"Y","mch_id":"1268067601","nonce_str":"1ss6jvgzse672gk1smam3tgp4o49kbuw","openid":"ouN6_s2qTvBbQSZizJ9qc-FXUjvg","out_trade_no":"126806760120151005111619","result_code":"SUCCESS","return_code":"SUCCESS","sign":"D908B94CDD48CF08021DA1E1B616A335","time_end":"20151005111753","total_fee":"4000","trade_type":"JSAPI","transaction_id":"1008670869201510051093689991"}
[2015-10-05 11:17:54][debug] query:{"appid":"wx161f19ac48b1f2f3","attach":"\u9a6c\u62c9\u677e\u62a5\u540d","bank_type":"ABC_DEBIT","cash_fee":"4000","fee_type":"CNY","is_subscribe":"Y","mch_id":"1268067601","nonce_str":"STOFhhq4hWwBbsq9","openid":"ouN6_s2qTvBbQSZizJ9qc-FXUjvg","out_trade_no":"126806760120151005111619","result_code":"SUCCESS","return_code":"SUCCESS","return_msg":"OK","sign":"C1E48EA93BD3B46ACC3177003E9097B2","time_end":"20151005111752","total_fee":"4000","trade_state":"SUCCESS","trade_type":"JSAPI","transaction_id":"1008670869201510051093689991"}
[2015-10-05 11:17:54][debug] call back test:订单查询成功
[2015-10-05 11:17:54][debug] call back test:未入库
[2015-10-05 11:17:54][debug] call back test sql:UPDATE pa_marathon SET ispay =1,transaction_id="1008670869201510051093689991",out_trade_no="126806760120151005111619" WHERE openid ="ouN6_s2qTvBbQSZizJ9qc-FXUjvg"
[2015-10-05 11:17:54][debug] call back test:入库成功
[2015-10-05 11:29:07][debug] begin notify
[2015-10-05 11:29:07][debug] call back test:{"appid":"wx161f19ac48b1f2f3","attach":"\u9a6c\u62c9\u677e\u62a5\u540d","bank_type":"CFT","cash_fee":"6000","fee_type":"CNY","is_subscribe":"Y","mch_id":"1268067601","nonce_str":"t07u722n2ddkhf1stea3t41etv79m7li","openid":"ouN6_sxRQd1V5HImw1UsBBkiduyU","out_trade_no":"126806760120151005112847","result_code":"SUCCESS","return_code":"SUCCESS","sign":"0FADE14BDA0F0A3BCF026F0661D97DAB","time_end":"20151005112907","total_fee":"6000","trade_type":"JSAPI","transaction_id":"1009000869201510051093863886"}
[2015-10-05 11:29:07][debug] query:{"appid":"wx161f19ac48b1f2f3","attach":"\u9a6c\u62c9\u677e\u62a5\u540d","bank_type":"CFT","cash_fee":"6000","fee_type":"CNY","is_subscribe":"Y","mch_id":"1268067601","nonce_str":"ilNaPyaF8ruIFRYR","openid":"ouN6_sxRQd1V5HImw1UsBBkiduyU","out_trade_no":"126806760120151005112847","result_code":"SUCCESS","return_code":"SUCCESS","return_msg":"OK","sign":"A7B3664FBF6F7EDA999F3F84706018A4","time_end":"20151005112906","total_fee":"6000","trade_state":"SUCCESS","trade_type":"JSAPI","transaction_id":"1009000869201510051093863886"}
[2015-10-05 11:29:07][debug] call back test:订单查询成功
[2015-10-05 11:29:07][debug] call back test:未入库
[2015-10-05 11:29:07][debug] call back test sql:UPDATE pa_marathon SET ispay =1,transaction_id="1009000869201510051093863886",out_trade_no="126806760120151005112847" WHERE openid ="ouN6_sxRQd1V5HImw1UsBBkiduyU"
[2015-10-05 11:29:08][debug] call back test:入库成功
[2015-10-05 11:36:35][debug] begin notify
[2015-10-05 11:36:35][debug] call back test:{"appid":"wx161f19ac48b1f2f3","attach":"\u9a6c\u62c9\u677e\u62a5\u540d","bank_type":"CFT","cash_fee":"4000","fee_type":"CNY","is_subscribe":"Y","mch_id":"1268067601","nonce_str":"lifp37gj7dohu6duozwvvlkgglyl3mj6","openid":"ouN6_swOgs_8qqi9cr2d7P7YB2jw","out_trade_no":"126806760120151005113611","result_code":"SUCCESS","return_code":"SUCCESS","sign":"ABADE9AB0D46467C0FBC5D24BB944FCC","time_end":"20151005113634","total_fee":"4000","trade_type":"JSAPI","transaction_id":"1009050869201510051093972050"}
[2015-10-05 11:36:35][debug] query:{"appid":"wx161f19ac48b1f2f3","attach":"\u9a6c\u62c9\u677e\u62a5\u540d","bank_type":"CFT","cash_fee":"4000","fee_type":"CNY","is_subscribe":"Y","mch_id":"1268067601","nonce_str":"CavdFibTKzhpawbM","openid":"ouN6_swOgs_8qqi9cr2d7P7YB2jw","out_trade_no":"126806760120151005113611","result_code":"SUCCESS","return_code":"SUCCESS","return_msg":"OK","sign":"DE3514224627877EAC728D73DC4AD112","time_end":"20151005113634","total_fee":"4000","trade_state":"SUCCESS","trade_type":"JSAPI","transaction_id":"1009050869201510051093972050"}
[2015-10-05 11:36:35][debug] call back test:订单查询成功
[2015-10-05 11:36:35][debug] call back test:未入库
[2015-10-05 11:36:35][debug] call back test sql:UPDATE pa_marathon SET ispay =1,transaction_id="1009050869201510051093972050",out_trade_no="126806760120151005113611" WHERE openid ="ouN6_swOgs_8qqi9cr2d7P7YB2jw"
[2015-10-05 11:36:35][debug] call back test:入库成功
[2015-10-05 11:38:30][debug] begin notify
[2015-10-05 11:38:30][debug] call back test:{"appid":"wx161f19ac48b1f2f3","attach":"\u9a6c\u62c9\u677e\u62a5\u540d","bank_type":"CFT","cash_fee":"4000","fee_type":"CNY","is_subscribe":"Y","mch_id":"1268067601","nonce_str":"1yiyh0efddzl5714tklct9pb9yv8lc7f","openid":"ouN6_s-EN5WldF8VecGs2ZiiDr5M","out_trade_no":"126806760120151005113748","result_code":"SUCCESS","return_code":"SUCCESS","sign":"7FCA982DA35C147D31875A77DF06BEF3","time_end":"20151005113827","total_fee":"4000","trade_type":"JSAPI","transaction_id":"1002240869201510051093995872"}
[2015-10-05 11:38:35][debug] query:{"appid":"wx161f19ac48b1f2f3","attach":"\u9a6c\u62c9\u677e\u62a5\u540d","bank_type":"CFT","cash_fee":"4000","fee_type":"CNY","is_subscribe":"Y","mch_id":"1268067601","nonce_str":"RDCFAviZrYGmEyfe","openid":"ouN6_s-EN5WldF8VecGs2ZiiDr5M","out_trade_no":"126806760120151005113748","result_code":"SUCCESS","return_code":"SUCCESS","return_msg":"OK","sign":"3271BBB0CB0E04DB5F5DBA2009C79C34","time_end":"20151005113827","total_fee":"4000","trade_state":"SUCCESS","trade_type":"JSAPI","transaction_id":"1002240869201510051093995872"}
[2015-10-05 11:38:35][debug] call back test:订单查询成功
[2015-10-05 11:38:35][debug] call back test:未入库
[2015-10-05 11:38:35][debug] call back test sql:UPDATE pa_marathon SET ispay =1,transaction_id="1002240869201510051093995872",out_trade_no="126806760120151005113748" WHERE openid ="ouN6_s-EN5WldF8VecGs2ZiiDr5M"
[2015-10-05 11:38:35][debug] call back test:入库成功
[2015-10-05 11:38:40][debug] begin notify
[2015-10-05 11:38:40][debug] call back test:{"appid":"wx161f19ac48b1f2f3","attach":"\u9a6c\u62c9\u677e\u62a5\u540d","bank_type":"CFT","cash_fee":"4000","fee_type":"CNY","is_subscribe":"Y","mch_id":"1268067601","nonce_str":"1yiyh0efddzl5714tklct9pb9yv8lc7f","openid":"ouN6_s-EN5WldF8VecGs2ZiiDr5M","out_trade_no":"126806760120151005113748","result_code":"SUCCESS","return_code":"SUCCESS","sign":"7FCA982DA35C147D31875A77DF06BEF3","time_end":"20151005113827","total_fee":"4000","trade_type":"JSAPI","transaction_id":"1002240869201510051093995872"}
[2015-10-05 11:38:41][debug] query:{"appid":"wx161f19ac48b1f2f3","attach":"\u9a6c\u62c9\u677e\u62a5\u540d","bank_type":"CFT","cash_fee":"4000","fee_type":"CNY","is_subscribe":"Y","mch_id":"1268067601","nonce_str":"i3OSYpFGCNhA32I7","openid":"ouN6_s-EN5WldF8VecGs2ZiiDr5M","out_trade_no":"126806760120151005113748","result_code":"SUCCESS","return_code":"SUCCESS","return_msg":"OK","sign":"31C43EBEF3A77965934D126379363C8E","time_end":"20151005113827","total_fee":"4000","trade_state":"SUCCESS","trade_type":"JSAPI","transaction_id":"1002240869201510051093995872"}
[2015-10-05 11:38:41][debug] call back test:订单查询成功
[2015-10-05 11:38:41][debug] call back test:已入库
[2015-10-05 11:42:32][debug] begin notify
[2015-10-05 11:42:32][debug] call back test:{"appid":"wx161f19ac48b1f2f3","attach":"\u9a6c\u62c9\u677e\u62a5\u540d","bank_type":"ICBC_DEBIT","cash_fee":"4000","fee_type":"CNY","is_subscribe":"Y","mch_id":"1268067601","nonce_str":"hbqgy86kbex9bfim3anq7l4a74rpc84k","openid":"ouN6_swOgs_8qqi9cr2d7P7YB2jw","out_trade_no":"126806760120151005113759","result_code":"SUCCESS","return_code":"SUCCESS","sign":"F5607E08D53A280FC241DE51CD1CFB33","time_end":"20151005114220","total_fee":"4000","trade_type":"JSAPI","transaction_id":"1009050869201510051093974917"}
[2015-10-05 11:42:38][debug] query:{"appid":"wx161f19ac48b1f2f3","attach":"\u9a6c\u62c9\u677e\u62a5\u540d","bank_type":"ICBC_DEBIT","cash_fee":"4000","fee_type":"CNY","is_subscribe":"Y","mch_id":"1268067601","nonce_str":"Q5ieYsG00kUMUicl","openid":"ouN6_swOgs_8qqi9cr2d7P7YB2jw","out_trade_no":"126806760120151005113759","result_code":"SUCCESS","return_code":"SUCCESS","return_msg":"OK","sign":"093885B85F325FE56A424271815F8B78","time_end":"20151005114138","total_fee":"4000","trade_state":"SUCCESS","trade_type":"JSAPI","transaction_id":"1009050869201510051093974917"}
[2015-10-05 11:42:38][debug] call back test:订单查询成功
[2015-10-05 11:42:38][debug] call back test:未入库
[2015-10-05 11:42:38][debug] call back test sql:UPDATE pa_marathon SET ispay =1,transaction_id="1009050869201510051093974917",out_trade_no="126806760120151005113759" WHERE openid ="ouN6_swOgs_8qqi9cr2d7P7YB2jw"
[2015-10-05 11:42:38][debug] call back test:入库成功
[2015-10-05 11:42:53][debug] begin notify
[2015-10-05 11:42:53][debug] call back test:{"appid":"wx161f19ac48b1f2f3","attach":"\u9a6c\u62c9\u677e\u62a5\u540d","bank_type":"ICBC_DEBIT","cash_fee":"4000","fee_type":"CNY","is_subscribe":"Y","mch_id":"1268067601","nonce_str":"hbqgy86kbex9bfim3anq7l4a74rpc84k","openid":"ouN6_swOgs_8qqi9cr2d7P7YB2jw","out_trade_no":"126806760120151005113759","result_code":"SUCCESS","return_code":"SUCCESS","sign":"F5607E08D53A280FC241DE51CD1CFB33","time_end":"20151005114220","total_fee":"4000","trade_type":"JSAPI","transaction_id":"1009050869201510051093974917"}
[2015-10-05 11:42:53][debug] query:{"appid":"wx161f19ac48b1f2f3","attach":"\u9a6c\u62c9\u677e\u62a5\u540d","bank_type":"ICBC_DEBIT","cash_fee":"4000","fee_type":"CNY","is_subscribe":"Y","mch_id":"1268067601","nonce_str":"Un3lPD0awVEENnU7","openid":"ouN6_swOgs_8qqi9cr2d7P7YB2jw","out_trade_no":"126806760120151005113759","result_code":"SUCCESS","return_code":"SUCCESS","return_msg":"OK","sign":"D83B9C3491DB711B784D118A1A89DCC4","time_end":"20151005114138","total_fee":"4000","trade_state":"SUCCESS","trade_type":"JSAPI","transaction_id":"1009050869201510051093974917"}
[2015-10-05 11:42:53][debug] call back test:订单查询成功
[2015-10-05 11:42:53][debug] call back test:已入库
[2015-10-05 12:02:30][debug] begin notify
[2015-10-05 12:02:30][debug] call back test:{"appid":"wx161f19ac48b1f2f3","attach":"\u9a6c\u62c9\u677e\u62a5\u540d","bank_type":"CFT","cash_fee":"6000","fee_type":"CNY","is_subscribe":"Y","mch_id":"1268067601","nonce_str":"qtk3m93dkv1g6y815bycoy7hwp0vcyw7","openid":"ouN6_s3vGKi-YxvMshfFL9WkoZjs","out_trade_no":"126806760120151005120220","result_code":"SUCCESS","return_code":"SUCCESS","sign":"B23725513A926E0092DB4AA9B8243746","time_end":"20151005120228","total_fee":"6000","trade_type":"JSAPI","transaction_id":"1004160869201510051094336865"}
[2015-10-05 12:02:30][debug] query:{"appid":"wx161f19ac48b1f2f3","attach":"\u9a6c\u62c9\u677e\u62a5\u540d","bank_type":"CFT","cash_fee":"6000","fee_type":"CNY","is_subscribe":"Y","mch_id":"1268067601","nonce_str":"KrK4opwG8UDeV778","openid":"ouN6_s3vGKi-YxvMshfFL9WkoZjs","out_trade_no":"126806760120151005120220","result_code":"SUCCESS","return_code":"SUCCESS","return_msg":"OK","sign":"3080F218F0BDE723F2E5B6737137E0B8","time_end":"20151005120228","total_fee":"6000","trade_state":"SUCCESS","trade_type":"JSAPI","transaction_id":"1004160869201510051094336865"}
[2015-10-05 12:02:30][debug] call back test:订单查询成功
[2015-10-05 12:02:30][debug] call back test:未入库
[2015-10-05 12:02:30][debug] call back test sql:UPDATE pa_marathon SET ispay =1,transaction_id="1004160869201510051094336865",out_trade_no="126806760120151005120220" WHERE openid ="ouN6_s3vGKi-YxvMshfFL9WkoZjs"
[2015-10-05 12:02:30][debug] call back test:入库成功
[2015-10-05 13:32:43][debug] begin notify
[2015-10-05 13:32:43][debug] call back test:{"appid":"wx161f19ac48b1f2f3","attach":"\u9a6c\u62c9\u677e\u62a5\u540d","bank_type":"CMBC_CREDIT","cash_fee":"4000","fee_type":"CNY","is_subscribe":"Y","mch_id":"1268067601","nonce_str":"8xk5fgf0x0u6192wyxi5wmxqwdak7pwh","openid":"ouN6_sx9Qir4SU1fHJUZb2rijRb8","out_trade_no":"126806760120151005133130","result_code":"SUCCESS","return_code":"SUCCESS","sign":"87FF0786745D7E214DDE7C4A7B26E2AE","time_end":"20151005133242","total_fee":"4000","trade_type":"JSAPI","transaction_id":"1010080869201510051095518998"}
[2015-10-05 13:32:43][debug] query:{"appid":"wx161f19ac48b1f2f3","attach":"\u9a6c\u62c9\u677e\u62a5\u540d","bank_type":"CMBC_CREDIT","cash_fee":"4000","fee_type":"CNY","is_subscribe":"Y","mch_id":"1268067601","nonce_str":"CPw9BfZNxA91DwR2","openid":"ouN6_sx9Qir4SU1fHJUZb2rijRb8","out_trade_no":"126806760120151005133130","result_code":"SUCCESS","return_code":"SUCCESS","return_msg":"OK","sign":"FD146A4B16DBDDDF9C5A2668A27A506F","time_end":"20151005133241","total_fee":"4000","trade_state":"SUCCESS","trade_type":"JSAPI","transaction_id":"1010080869201510051095518998"}
[2015-10-05 13:32:43][debug] call back test:订单查询成功
[2015-10-05 13:32:43][debug] call back test:未入库
[2015-10-05 13:32:43][debug] call back test sql:UPDATE pa_marathon SET ispay =1,transaction_id="1010080869201510051095518998",out_trade_no="126806760120151005133130" WHERE openid ="ouN6_sx9Qir4SU1fHJUZb2rijRb8"
[2015-10-05 13:32:43][debug] call back test:入库成功
[2015-10-05 13:33:27][debug] begin notify
[2015-10-05 13:33:27][debug] call back test:{"appid":"wx161f19ac48b1f2f3","attach":"\u9a6c\u62c9\u677e\u62a5\u540d","bank_type":"CMBC_CREDIT","cash_fee":"4000","fee_type":"CNY","is_subscribe":"Y","mch_id":"1268067601","nonce_str":"vxjwfj197ivydt29ds6w6wmwseb5xqmw","openid":"ouN6_sx9Qir4SU1fHJUZb2rijRb8","out_trade_no":"126806760120151005133313","result_code":"SUCCESS","return_code":"SUCCESS","sign":"53865C148F4A173212989BCABD7D4FBF","time_end":"20151005133326","total_fee":"4000","trade_type":"JSAPI","transaction_id":"1010080869201510051095546560"}
[2015-10-05 13:33:27][debug] query:{"appid":"wx161f19ac48b1f2f3","attach":"\u9a6c\u62c9\u677e\u62a5\u540d","bank_type":"CMBC_CREDIT","cash_fee":"4000","fee_type":"CNY","is_subscribe":"Y","mch_id":"1268067601","nonce_str":"NDHqXVnwO5qty3j9","openid":"ouN6_sx9Qir4SU1fHJUZb2rijRb8","out_trade_no":"126806760120151005133313","result_code":"SUCCESS","return_code":"SUCCESS","return_msg":"OK","sign":"0687BA3122478C8F68D7ED97CBA53912","time_end":"20151005133325","total_fee":"4000","trade_state":"SUCCESS","trade_type":"JSAPI","transaction_id":"1010080869201510051095546560"}
[2015-10-05 13:33:27][debug] call back test:订单查询成功
[2015-10-05 13:33:27][debug] call back test:未入库
[2015-10-05 13:33:27][debug] call back test sql:UPDATE pa_marathon SET ispay =1,transaction_id="1010080869201510051095546560",out_trade_no="126806760120151005133313" WHERE openid ="ouN6_sx9Qir4SU1fHJUZb2rijRb8"
[2015-10-05 13:33:27][debug] call back test:入库成功
[2015-10-05 13:42:37][debug] begin notify
[2015-10-05 13:42:37][debug] call back test:{"appid":"wx161f19ac48b1f2f3","attach":"\u9a6c\u62c9\u677e\u62a5\u540d","bank_type":"ICBC_CREDIT","cash_fee":"6000","fee_type":"CNY","is_subscribe":"Y","mch_id":"1268067601","nonce_str":"ae88qsxxosxqt7pffb3iypn0d8qid88y","openid":"ouN6_s_oM98DnCYPnmfxk1srlGZ4","out_trade_no":"126806760120151005134220","result_code":"SUCCESS","return_code":"SUCCESS","sign":"7ABFD3C13CD7C519516F6275F3524679","time_end":"20151005134236","total_fee":"6000","trade_type":"JSAPI","transaction_id":"1000380869201510051095662695"}
[2015-10-05 13:42:38][debug] query:{"appid":"wx161f19ac48b1f2f3","attach":"\u9a6c\u62c9\u677e\u62a5\u540d","bank_type":"ICBC_CREDIT","cash_fee":"6000","fee_type":"CNY","is_subscribe":"Y","mch_id":"1268067601","nonce_str":"MV01oEnk8Zgv2CWk","openid":"ouN6_s_oM98DnCYPnmfxk1srlGZ4","out_trade_no":"126806760120151005134220","result_code":"SUCCESS","return_code":"SUCCESS","return_msg":"OK","sign":"46F55200CB09F7DFF9A97F34B1709C93","time_end":"20151005134235","total_fee":"6000","trade_state":"SUCCESS","trade_type":"JSAPI","transaction_id":"1000380869201510051095662695"}
[2015-10-05 13:42:38][debug] call back test:订单查询成功
[2015-10-05 13:42:38][debug] call back test:未入库
[2015-10-05 13:42:38][debug] call back test sql:UPDATE pa_marathon SET ispay =1,transaction_id="1000380869201510051095662695",out_trade_no="126806760120151005134220" WHERE openid ="ouN6_s_oM98DnCYPnmfxk1srlGZ4"
[2015-10-05 13:42:38][debug] call back test:入库成功
[2015-10-05 13:52:50][debug] begin notify
[2015-10-05 13:52:50][debug] call back test:{"appid":"wx161f19ac48b1f2f3","attach":"\u9a6c\u62c9\u677e\u62a5\u540d","bank_type":"ABC_DEBIT","cash_fee":"6000","fee_type":"CNY","is_subscribe":"Y","mch_id":"1268067601","nonce_str":"mv8u8gwfx33p70lv8z1q63xqgyip27t3","openid":"ouN6_s4nj5oWG15_fV_0olmqYiYA","out_trade_no":"126806760120151005135125","result_code":"SUCCESS","return_code":"SUCCESS","sign":"28C984B6603EF7E0A3DDCC5E199BB5BD","time_end":"20151005135249","total_fee":"6000","trade_type":"JSAPI","transaction_id":"1001750869201510051095777906"}
[2015-10-05 13:52:50][debug] query:{"appid":"wx161f19ac48b1f2f3","attach":"\u9a6c\u62c9\u677e\u62a5\u540d","bank_type":"ABC_DEBIT","cash_fee":"6000","fee_type":"CNY","is_subscribe":"Y","mch_id":"1268067601","nonce_str":"qumOILBf37gCcMNM","openid":"ouN6_s4nj5oWG15_fV_0olmqYiYA","out_trade_no":"126806760120151005135125","result_code":"SUCCESS","return_code":"SUCCESS","return_msg":"OK","sign":"2FD7CAA15B74CBAD7E67225C48CC1792","time_end":"20151005135249","total_fee":"6000","trade_state":"SUCCESS","trade_type":"JSAPI","transaction_id":"1001750869201510051095777906"}
[2015-10-05 13:52:50][debug] call back test:订单查询成功
[2015-10-05 13:52:50][debug] call back test:未入库
[2015-10-05 13:52:50][debug] call back test sql:UPDATE pa_marathon SET ispay =1,transaction_id="1001750869201510051095777906",out_trade_no="126806760120151005135125" WHERE openid ="ouN6_s4nj5oWG15_fV_0olmqYiYA"
[2015-10-05 13:52:50][debug] call back test:入库成功
[2015-10-05 13:59:10][debug] begin notify
[2015-10-05 13:59:10][debug] call back test:{"appid":"wx161f19ac48b1f2f3","attach":"\u9a6c\u62c9\u677e\u62a5\u540d","bank_type":"ICBC_CREDIT","cash_fee":"6000","fee_type":"CNY","is_subscribe":"Y","mch_id":"1268067601","nonce_str":"vw3th7iltqfu0azm33tk7ko69v6lahrl","openid":"ouN6_s_oM98DnCYPnmfxk1srlGZ4","out_trade_no":"126806760120151005135857","result_code":"SUCCESS","return_code":"SUCCESS","sign":"65F07D7B2E95D162DE5556A1F910B1AF","time_end":"20151005135909","total_fee":"6000","trade_type":"JSAPI","transaction_id":"1000380869201510051095866431"}
[2015-10-05 13:59:10][debug] query:{"appid":"wx161f19ac48b1f2f3","attach":"\u9a6c\u62c9\u677e\u62a5\u540d","bank_type":"ICBC_CREDIT","cash_fee":"6000","fee_type":"CNY","is_subscribe":"Y","mch_id":"1268067601","nonce_str":"J5ich4myqL4YQnnC","openid":"ouN6_s_oM98DnCYPnmfxk1srlGZ4","out_trade_no":"126806760120151005135857","result_code":"SUCCESS","return_code":"SUCCESS","return_msg":"OK","sign":"511B4B6F390FA0C4E910FC468AB54D32","time_end":"20151005135909","total_fee":"6000","trade_state":"SUCCESS","trade_type":"JSAPI","transaction_id":"1000380869201510051095866431"}
[2015-10-05 13:59:10][debug] call back test:订单查询成功
[2015-10-05 13:59:10][debug] call back test:未入库
[2015-10-05 13:59:10][debug] call back test sql:UPDATE pa_marathon SET ispay =1,transaction_id="1000380869201510051095866431",out_trade_no="126806760120151005135857" WHERE openid ="ouN6_s_oM98DnCYPnmfxk1srlGZ4"
[2015-10-05 13:59:10][debug] call back test:入库成功
[2015-10-05 15:56:41][debug] begin notify
[2015-10-05 15:56:41][debug] call back test:{"appid":"wx161f19ac48b1f2f3","attach":"\u9a6c\u62c9\u677e\u62a5\u540d","bank_type":"CCB_CREDIT","cash_fee":"6000","fee_type":"CNY","is_subscribe":"Y","mch_id":"1268067601","nonce_str":"uc5cny2cpvf3fh0sg1h7lg94kmcalaep","openid":"ouN6_s4hrb2_Qutl2HjbJQKr14uE","out_trade_no":"126806760120151005155434","result_code":"SUCCESS","return_code":"SUCCESS","sign":"D2AD6AA910FFBBF563103EC9AE79F55F","time_end":"20151005155639","total_fee":"6000","trade_type":"JSAPI","transaction_id":"1001440869201510051097116922"}
[2015-10-05 15:56:57][debug] begin notify
[2015-10-05 15:56:57][debug] call back test:{"appid":"wx161f19ac48b1f2f3","attach":"\u9a6c\u62c9\u677e\u62a5\u540d","bank_type":"CCB_CREDIT","cash_fee":"6000","fee_type":"CNY","is_subscribe":"Y","mch_id":"1268067601","nonce_str":"uc5cny2cpvf3fh0sg1h7lg94kmcalaep","openid":"ouN6_s4hrb2_Qutl2HjbJQKr14uE","out_trade_no":"126806760120151005155434","result_code":"SUCCESS","return_code":"SUCCESS","sign":"D2AD6AA910FFBBF563103EC9AE79F55F","time_end":"20151005155639","total_fee":"6000","trade_type":"JSAPI","transaction_id":"1001440869201510051097116922"}
[2015-10-05 15:57:01][debug] query:{"appid":"wx161f19ac48b1f2f3","attach":"\u9a6c\u62c9\u677e\u62a5\u540d","bank_type":"CCB_CREDIT","cash_fee":"6000","fee_type":"CNY","is_subscribe":"Y","mch_id":"1268067601","nonce_str":"vf4Gmpl9ptryetRT","openid":"ouN6_s4hrb2_Qutl2HjbJQKr14uE","out_trade_no":"126806760120151005155434","result_code":"SUCCESS","return_code":"SUCCESS","return_msg":"OK","sign":"2B3EAB26185A063E79F209625383D4B6","time_end":"20151005155639","total_fee":"6000","trade_state":"SUCCESS","trade_type":"JSAPI","transaction_id":"1001440869201510051097116922"}
[2015-10-05 15:57:01][debug] call back test:订单查询成功
[2015-10-05 15:57:01][debug] call back test:未入库
[2015-10-05 15:57:01][debug] call back test sql:UPDATE pa_marathon SET ispay =1,transaction_id="1001440869201510051097116922",out_trade_no="126806760120151005155434" WHERE openid ="ouN6_s4hrb2_Qutl2HjbJQKr14uE"
[2015-10-05 15:57:01][debug] call back test:入库成功
[2015-10-05 15:57:17][debug] begin notify
[2015-10-05 15:57:17][debug] call back test:{"appid":"wx161f19ac48b1f2f3","attach":"\u9a6c\u62c9\u677e\u62a5\u540d","bank_type":"CCB_CREDIT","cash_fee":"6000","fee_type":"CNY","is_subscribe":"Y","mch_id":"1268067601","nonce_str":"uc5cny2cpvf3fh0sg1h7lg94kmcalaep","openid":"ouN6_s4hrb2_Qutl2HjbJQKr14uE","out_trade_no":"126806760120151005155434","result_code":"SUCCESS","return_code":"SUCCESS","sign":"D2AD6AA910FFBBF563103EC9AE79F55F","time_end":"20151005155639","total_fee":"6000","trade_type":"JSAPI","transaction_id":"1001440869201510051097116922"}
[2015-10-05 15:57:17][debug] query:{"appid":"wx161f19ac48b1f2f3","attach":"\u9a6c\u62c9\u677e\u62a5\u540d","bank_type":"CCB_CREDIT","cash_fee":"6000","fee_type":"CNY","is_subscribe":"Y","mch_id":"1268067601","nonce_str":"ZsWrW18r0RdBRStn","openid":"ouN6_s4hrb2_Qutl2HjbJQKr14uE","out_trade_no":"126806760120151005155434","result_code":"SUCCESS","return_code":"SUCCESS","return_msg":"OK","sign":"3F8C407801946DD65F8601D72D2F1209","time_end":"20151005155639","total_fee":"6000","trade_state":"SUCCESS","trade_type":"JSAPI","transaction_id":"1001440869201510051097116922"}
[2015-10-05 15:57:17][debug] call back test:订单查询成功
[2015-10-05 15:57:17][debug] call back test:已入库
[2015-10-05 16:43:54][debug] begin notify
[2015-10-05 16:43:54][debug] call back test:{"appid":"wx161f19ac48b1f2f3","attach":"\u9a6c\u62c9\u677e\u62a5\u540d","bank_type":"PSBC_DEBIT","cash_fee":"6000","fee_type":"CNY","is_subscribe":"Y","mch_id":"1268067601","nonce_str":"lkcbsxnxuasz0l1exeacyhxyu3uo4wp0","openid":"ouN6_szGsIN2wJbHvDmlnnjdq8Dk","out_trade_no":"126806760120151005164302","result_code":"SUCCESS","return_code":"SUCCESS","sign":"FDB65C21F0780840DA5909A04D699B76","time_end":"20151005164353","total_fee":"6000","trade_type":"JSAPI","transaction_id":"1000130869201510051097617714"}
[2015-10-05 16:43:54][debug] query:{"appid":"wx161f19ac48b1f2f3","attach":"\u9a6c\u62c9\u677e\u62a5\u540d","bank_type":"PSBC_DEBIT","cash_fee":"6000","fee_type":"CNY","is_subscribe":"Y","mch_id":"1268067601","nonce_str":"26soFuT8wFfp9uTo","openid":"ouN6_szGsIN2wJbHvDmlnnjdq8Dk","out_trade_no":"126806760120151005164302","result_code":"SUCCESS","return_code":"SUCCESS","return_msg":"OK","sign":"217A2BF4F0DB644C772C27DDA1A78752","time_end":"20151005164334","total_fee":"6000","trade_state":"SUCCESS","trade_type":"JSAPI","transaction_id":"1000130869201510051097617714"}
[2015-10-05 16:43:54][debug] call back test:订单查询成功
[2015-10-05 16:43:54][debug] call back test:未入库
[2015-10-05 16:43:54][debug] call back test sql:UPDATE pa_marathon SET ispay =1,transaction_id="1000130869201510051097617714",out_trade_no="126806760120151005164302" WHERE openid ="ouN6_szGsIN2wJbHvDmlnnjdq8Dk"
[2015-10-05 16:43:54][debug] call back test:入库成功
[2015-10-05 17:28:10][debug] begin notify
[2015-10-05 17:28:10][debug] call back test:{"appid":"wx161f19ac48b1f2f3","attach":"\u9a6c\u62c9\u677e\u62a5\u540d","bank_type":"CFT","cash_fee":"6000","fee_type":"CNY","is_subscribe":"Y","mch_id":"1268067601","nonce_str":"e2pagbchf3819bt1l4e28fj84294t5i4","openid":"ouN6_s54HV1XSrlqVhvC4xuO8Tdo","out_trade_no":"126806760120151005172709","result_code":"SUCCESS","return_code":"SUCCESS","sign":"F7507C82BFB273D93C10F19D2D93CAC5","time_end":"20151005172810","total_fee":"6000","trade_type":"JSAPI","transaction_id":"1003240869201510051098136924"}
[2015-10-05 17:28:10][debug] query:{"appid":"wx161f19ac48b1f2f3","attach":"\u9a6c\u62c9\u677e\u62a5\u540d","bank_type":"CFT","cash_fee":"6000","fee_type":"CNY","is_subscribe":"Y","mch_id":"1268067601","nonce_str":"b9l5YMMIHJ1sXWqU","openid":"ouN6_s54HV1XSrlqVhvC4xuO8Tdo","out_trade_no":"126806760120151005172709","result_code":"SUCCESS","return_code":"SUCCESS","return_msg":"OK","sign":"7F841113C268AF78FEBD6A5CB705A30A","time_end":"20151005172809","total_fee":"6000","trade_state":"SUCCESS","trade_type":"JSAPI","transaction_id":"1003240869201510051098136924"}
[2015-10-05 17:28:10][debug] call back test:订单查询成功
[2015-10-05 17:28:10][debug] call back test:未入库
[2015-10-05 17:28:10][debug] call back test sql:UPDATE pa_marathon SET ispay =1,transaction_id="1003240869201510051098136924",out_trade_no="126806760120151005172709" WHERE openid ="ouN6_s54HV1XSrlqVhvC4xuO8Tdo"
[2015-10-05 17:28:10][debug] call back test:入库成功
[2015-10-05 18:06:58][debug] begin notify
[2015-10-05 18:06:58][debug] call back test:{"appid":"wx161f19ac48b1f2f3","attach":"\u9a6c\u62c9\u677e\u62a5\u540d","bank_type":"CCB_CREDIT","cash_fee":"4000","fee_type":"CNY","is_subscribe":"Y","mch_id":"1268067601","nonce_str":"hb7ekxh594dgqkok33f2ollx8xmleo0k","openid":"ouN6_swgVDjLQavl-jeCFnsvt0e8","out_trade_no":"126806760120151005180646","result_code":"SUCCESS","return_code":"SUCCESS","sign":"CFE9144F130F8F02FCD877815FB9CC20","time_end":"20151005180656","total_fee":"4000","trade_type":"JSAPI","transaction_id":"1007360869201510051098625342"}
[2015-10-05 18:06:58][debug] query:{"appid":"wx161f19ac48b1f2f3","attach":"\u9a6c\u62c9\u677e\u62a5\u540d","bank_type":"CCB_CREDIT","cash_fee":"4000","fee_type":"CNY","is_subscribe":"Y","mch_id":"1268067601","nonce_str":"b3FQi6kuNkObxNZw","openid":"ouN6_swgVDjLQavl-jeCFnsvt0e8","out_trade_no":"126806760120151005180646","result_code":"SUCCESS","return_code":"SUCCESS","return_msg":"OK","sign":"1378A6D685E148D885DE8641495502F0","time_end":"20151005180656","total_fee":"4000","trade_state":"SUCCESS","trade_type":"JSAPI","transaction_id":"1007360869201510051098625342"}
[2015-10-05 18:06:58][debug] call back test:订单查询成功
[2015-10-05 18:06:58][debug] call back test:未入库
[2015-10-05 18:06:58][debug] call back test sql:UPDATE pa_marathon SET ispay =1,transaction_id="1007360869201510051098625342",out_trade_no="126806760120151005180646" WHERE openid ="ouN6_swgVDjLQavl-jeCFnsvt0e8"
[2015-10-05 18:06:58][debug] call back test:入库成功
[2015-10-05 19:33:53][debug] begin notify
[2015-10-05 19:33:53][debug] call back test:{"appid":"wx161f19ac48b1f2f3","attach":"\u9a6c\u62c9\u677e\u62a5\u540d","bank_type":"CFT","cash_fee":"4000","fee_type":"CNY","is_subscribe":"Y","mch_id":"1268067601","nonce_str":"946gktm3mescp6taywd9j3afr0hewjns","openid":"ouN6_s-b66NWXVENGaJIMsh5PfXM","out_trade_no":"126806760120151005193322","result_code":"SUCCESS","return_code":"SUCCESS","sign":"BD33B7DB900FBA96660E0CD31E0F635B","time_end":"20151005193352","total_fee":"4000","trade_type":"JSAPI","transaction_id":"1009950869201510051099723729"}
[2015-10-05 19:33:53][debug] query:{"appid":"wx161f19ac48b1f2f3","attach":"\u9a6c\u62c9\u677e\u62a5\u540d","bank_type":"CFT","cash_fee":"4000","fee_type":"CNY","is_subscribe":"Y","mch_id":"1268067601","nonce_str":"byPELqiI02yye79s","openid":"ouN6_s-b66NWXVENGaJIMsh5PfXM","out_trade_no":"126806760120151005193322","result_code":"SUCCESS","return_code":"SUCCESS","return_msg":"OK","sign":"D3178F7E378B7BF506EF64AD4EB1D9EC","time_end":"20151005193352","total_fee":"4000","trade_state":"SUCCESS","trade_type":"JSAPI","transaction_id":"1009950869201510051099723729"}
[2015-10-05 19:33:53][debug] call back test:订单查询成功
[2015-10-05 19:33:53][debug] call back test:未入库
[2015-10-05 19:33:53][debug] call back test sql:UPDATE pa_marathon SET ispay =1,transaction_id="1009950869201510051099723729",out_trade_no="126806760120151005193322" WHERE openid ="ouN6_s-b66NWXVENGaJIMsh5PfXM"
[2015-10-05 19:33:53][debug] call back test:入库成功
[2015-10-05 19:47:29][debug] begin notify
[2015-10-05 19:47:29][debug] call back test:{"appid":"wx161f19ac48b1f2f3","attach":"\u9a6c\u62c9\u677e\u62a5\u540d","bank_type":"CFT","cash_fee":"6000","fee_type":"CNY","is_subscribe":"Y","mch_id":"1268067601","nonce_str":"m3p7h84c0ksspa3fytps7qxioocg5bed","openid":"ouN6_swTrIasFbmQIKX6wbpGJhDM","out_trade_no":"126806760120151005194655","result_code":"SUCCESS","return_code":"SUCCESS","sign":"76206B36D309357C958565507B38B7C3","time_end":"20151005194729","total_fee":"6000","trade_type":"JSAPI","transaction_id":"1005720869201510051099910814"}
[2015-10-05 19:47:30][debug] query:{"appid":"wx161f19ac48b1f2f3","attach":"\u9a6c\u62c9\u677e\u62a5\u540d","bank_type":"CFT","cash_fee":"6000","fee_type":"CNY","is_subscribe":"Y","mch_id":"1268067601","nonce_str":"4aKdQAyvVmB7Rvux","openid":"ouN6_swTrIasFbmQIKX6wbpGJhDM","out_trade_no":"126806760120151005194655","result_code":"SUCCESS","return_code":"SUCCESS","return_msg":"OK","sign":"760ECCBEF1E3BDF77A8C66409758103A","time_end":"20151005194728","total_fee":"6000","trade_state":"SUCCESS","trade_type":"JSAPI","transaction_id":"1005720869201510051099910814"}
[2015-10-05 19:47:30][debug] call back test:订单查询成功
[2015-10-05 19:47:30][debug] call back test:未入库
[2015-10-05 19:47:30][debug] call back test sql:UPDATE pa_marathon SET ispay =1,transaction_id="1005720869201510051099910814",out_trade_no="126806760120151005194655" WHERE openid ="ouN6_swTrIasFbmQIKX6wbpGJhDM"
[2015-10-05 19:47:30][debug] call back test:入库成功
[2015-10-05 20:10:40][debug] begin notify
[2015-10-05 20:10:40][debug] call back test:{"appid":"wx161f19ac48b1f2f3","attach":"\u9a6c\u62c9\u677e\u62a5\u540d","bank_type":"CFT","cash_fee":"6000","fee_type":"CNY","is_subscribe":"Y","mch_id":"1268067601","nonce_str":"i5nd5n2dndy2bdj0zf4rur5heqckyulb","openid":"ouN6_s2GLjnu-P1ZMA4DHqQkvOvU","out_trade_no":"126806760120151005201009","result_code":"SUCCESS","return_code":"SUCCESS","sign":"4445B39418B407986E58503082478C6A","time_end":"20151005201039","total_fee":"6000","trade_type":"JSAPI","transaction_id":"1005240869201510051100166937"}
[2015-10-05 20:10:40][debug] query:{"appid":"wx161f19ac48b1f2f3","attach":"\u9a6c\u62c9\u677e\u62a5\u540d","bank_type":"CFT","cash_fee":"6000","fee_type":"CNY","is_subscribe":"Y","mch_id":"1268067601","nonce_str":"T07WogAN1cf5WMad","openid":"ouN6_s2GLjnu-P1ZMA4DHqQkvOvU","out_trade_no":"126806760120151005201009","result_code":"SUCCESS","return_code":"SUCCESS","return_msg":"OK","sign":"186038B76090712BDF78ACAC6F9C38F4","time_end":"20151005201038","total_fee":"6000","trade_state":"SUCCESS","trade_type":"JSAPI","transaction_id":"1005240869201510051100166937"}
[2015-10-05 20:10:40][debug] call back test:订单查询成功
[2015-10-05 20:10:40][debug] call back test:未入库
[2015-10-05 20:10:40][debug] call back test sql:UPDATE pa_marathon SET ispay =1,transaction_id="1005240869201510051100166937",out_trade_no="126806760120151005201009" WHERE openid ="ouN6_s2GLjnu-P1ZMA4DHqQkvOvU"
[2015-10-05 20:10:40][debug] call back test:入库成功
[2015-10-05 20:49:03][debug] begin notify
[2015-10-05 20:49:03][debug] call back test:{"appid":"wx161f19ac48b1f2f3","attach":"\u9a6c\u62c9\u677e\u62a5\u540d","bank_type":"ABC_DEBIT","cash_fee":"4000","fee_type":"CNY","is_subscribe":"Y","mch_id":"1268067601","nonce_str":"5nt0y1iilshtxr1u6tfa1ns8y9tm6ido","openid":"ouN6_s0ct6A2XjbikbdpDBy2HwyM","out_trade_no":"126806760120151005204829","result_code":"SUCCESS","return_code":"SUCCESS","sign":"C9233A3980665BE50CFFFA1A1D1C724B","time_end":"20151005204902","total_fee":"4000","trade_type":"JSAPI","transaction_id":"1005200869201510051100568778"}
[2015-10-05 20:49:03][debug] query:{"appid":"wx161f19ac48b1f2f3","attach":"\u9a6c\u62c9\u677e\u62a5\u540d","bank_type":"ABC_DEBIT","cash_fee":"4000","fee_type":"CNY","is_subscribe":"Y","mch_id":"1268067601","nonce_str":"Szkfm49A6ixXA8Kb","openid":"ouN6_s0ct6A2XjbikbdpDBy2HwyM","out_trade_no":"126806760120151005204829","result_code":"SUCCESS","return_code":"SUCCESS","return_msg":"OK","sign":"E23149C32BFAB610D4D6CCAEFE7389AC","time_end":"20151005204902","total_fee":"4000","trade_state":"SUCCESS","trade_type":"JSAPI","transaction_id":"1005200869201510051100568778"}
[2015-10-05 20:49:03][debug] call back test:订单查询成功
[2015-10-05 20:49:03][debug] call back test:未入库
[2015-10-05 20:49:03][debug] call back test sql:UPDATE pa_marathon SET ispay =1,transaction_id="1005200869201510051100568778",out_trade_no="126806760120151005204829" WHERE openid ="ouN6_s0ct6A2XjbikbdpDBy2HwyM"
[2015-10-05 20:49:03][debug] call back test:入库成功
[2015-10-05 20:49:16][debug] begin notify
[2015-10-05 20:49:16][debug] call back test:{"appid":"wx161f19ac48b1f2f3","attach":"\u9a6c\u62c9\u677e\u62a5\u540d","bank_type":"CFT","cash_fee":"8000","fee_type":"CNY","is_subscribe":"Y","mch_id":"1268067601","nonce_str":"ngtksphqhsbz1gvqd98acbp6iucsjano","openid":"ouN6_swrqjvg9l531iiTi9_fLa3M","out_trade_no":"126806760120151005204832","result_code":"SUCCESS","return_code":"SUCCESS","sign":"99F9300D84C6C1C33255B131E68D6370","time_end":"20151005204916","total_fee":"8000","trade_type":"JSAPI","transaction_id":"1002640869201510051100579105"}
[2015-10-05 20:49:16][debug] query:{"appid":"wx161f19ac48b1f2f3","attach":"\u9a6c\u62c9\u677e\u62a5\u540d","bank_type":"CFT","cash_fee":"8000","fee_type":"CNY","is_subscribe":"Y","mch_id":"1268067601","nonce_str":"oRiBkjei9dhcXMmy","openid":"ouN6_swrqjvg9l531iiTi9_fLa3M","out_trade_no":"126806760120151005204832","result_code":"SUCCESS","return_code":"SUCCESS","return_msg":"OK","sign":"BBFFD26B7F425986EDA0A8296FFB4BCA","time_end":"20151005204915","total_fee":"8000","trade_state":"SUCCESS","trade_type":"JSAPI","transaction_id":"1002640869201510051100579105"}
[2015-10-05 20:49:16][debug] call back test:订单查询成功
[2015-10-05 20:49:16][debug] call back test:未入库
[2015-10-05 20:49:16][debug] call back test sql:UPDATE pa_marathon SET ispay =1,transaction_id="1002640869201510051100579105",out_trade_no="126806760120151005204832" WHERE openid ="ouN6_swrqjvg9l531iiTi9_fLa3M"
[2015-10-05 20:49:16][debug] call back test:入库成功
[2015-10-05 21:06:25][debug] begin notify
[2015-10-05 21:06:25][debug] call back test:{"appid":"wx161f19ac48b1f2f3","attach":"\u9a6c\u62c9\u677e\u62a5\u540d","bank_type":"ABC_DEBIT","cash_fee":"6000","fee_type":"CNY","is_subscribe":"Y","mch_id":"1268067601","nonce_str":"fypvinv27lrrslsxsp3jez0ivc5mt90g","openid":"ouN6_swhpOPEM_ZYRPUELBk5_tXU","out_trade_no":"126806760120151005210317","result_code":"SUCCESS","return_code":"SUCCESS","sign":"B93E3AC2EFF21772B46CB2EB337D0A97","time_end":"20151005210624","total_fee":"6000","trade_type":"JSAPI","transaction_id":"1010040869201510051100760119"}
[2015-10-05 21:06:31][debug] query:{"appid":"wx161f19ac48b1f2f3","attach":"\u9a6c\u62c9\u677e\u62a5\u540d","bank_type":"ABC_DEBIT","cash_fee":"6000","fee_type":"CNY","is_subscribe":"Y","mch_id":"1268067601","nonce_str":"4GoH6lMLnoG00IWy","openid":"ouN6_swhpOPEM_ZYRPUELBk5_tXU","out_trade_no":"126806760120151005210317","result_code":"SUCCESS","return_code":"SUCCESS","return_msg":"OK","sign":"F66982E9BDAD2BDE33C99D6D76FE5039","time_end":"20151005210624","total_fee":"6000","trade_state":"SUCCESS","trade_type":"JSAPI","transaction_id":"1010040869201510051100760119"}
[2015-10-05 21:06:31][debug] call back test:订单查询成功
[2015-10-05 21:06:31][debug] call back test:未入库
[2015-10-05 21:06:31][debug] call back test sql:UPDATE pa_marathon SET ispay =1,transaction_id="1010040869201510051100760119",out_trade_no="126806760120151005210317" WHERE openid ="ouN6_swhpOPEM_ZYRPUELBk5_tXU"
[2015-10-05 21:06:31][debug] call back test:入库成功
[2015-10-05 21:06:41][debug] begin notify
[2015-10-05 21:06:41][debug] call back test:{"appid":"wx161f19ac48b1f2f3","attach":"\u9a6c\u62c9\u677e\u62a5\u540d","bank_type":"ABC_DEBIT","cash_fee":"6000","fee_type":"CNY","is_subscribe":"Y","mch_id":"1268067601","nonce_str":"fypvinv27lrrslsxsp3jez0ivc5mt90g","openid":"ouN6_swhpOPEM_ZYRPUELBk5_tXU","out_trade_no":"126806760120151005210317","result_code":"SUCCESS","return_code":"SUCCESS","sign":"B93E3AC2EFF21772B46CB2EB337D0A97","time_end":"20151005210624","total_fee":"6000","trade_type":"JSAPI","transaction_id":"1010040869201510051100760119"}
[2015-10-05 21:06:42][debug] query:{"appid":"wx161f19ac48b1f2f3","attach":"\u9a6c\u62c9\u677e\u62a5\u540d","bank_type":"ABC_DEBIT","cash_fee":"6000","fee_type":"CNY","is_subscribe":"Y","mch_id":"1268067601","nonce_str":"iREWoEsbRudxPfF2","openid":"ouN6_swhpOPEM_ZYRPUELBk5_tXU","out_trade_no":"126806760120151005210317","result_code":"SUCCESS","return_code":"SUCCESS","return_msg":"OK","sign":"8DD332C5E57B8B6600116A7AC76B40E9","time_end":"20151005210624","total_fee":"6000","trade_state":"SUCCESS","trade_type":"JSAPI","transaction_id":"1010040869201510051100760119"}
[2015-10-05 21:06:42][debug] call back test:订单查询成功
[2015-10-05 21:06:42][debug] call back test:已入库
[2015-10-05 21:40:54][debug] begin notify
[2015-10-05 21:40:54][debug] call back test:{"appid":"wx161f19ac48b1f2f3","attach":"\u9a6c\u62c9\u677e\u62a5\u540d","bank_type":"SPDB_CREDIT","cash_fee":"8000","fee_type":"CNY","is_subscribe":"Y","mch_id":"1268067601","nonce_str":"x4zfbo6s9weqnn9uhrrwq0rltob5697z","openid":"ouN6_s0BNy-WigliESptrs_rwQsM","out_trade_no":"126806760120151005214021","result_code":"SUCCESS","return_code":"SUCCESS","sign":"C04A191ADECA7EC0F1114FFEE501390D","time_end":"20151005214054","total_fee":"8000","trade_type":"JSAPI","transaction_id":"1000790869201510051101092478"}
[2015-10-05 21:40:55][debug] query:{"appid":"wx161f19ac48b1f2f3","attach":"\u9a6c\u62c9\u677e\u62a5\u540d","bank_type":"SPDB_CREDIT","cash_fee":"8000","fee_type":"CNY","is_subscribe":"Y","mch_id":"1268067601","nonce_str":"NxZJI2UEswteyvnq","openid":"ouN6_s0BNy-WigliESptrs_rwQsM","out_trade_no":"126806760120151005214021","result_code":"SUCCESS","return_code":"SUCCESS","return_msg":"OK","sign":"841ECE3F4EA3EA45562CD07E4F098B00","time_end":"20151005214052","total_fee":"8000","trade_state":"SUCCESS","trade_type":"JSAPI","transaction_id":"1000790869201510051101092478"}
[2015-10-05 21:40:55][debug] call back test:订单查询成功
[2015-10-05 21:40:55][debug] call back test:未入库
[2015-10-05 21:40:55][debug] call back test sql:UPDATE pa_marathon SET ispay =1,transaction_id="1000790869201510051101092478",out_trade_no="126806760120151005214021" WHERE openid ="ouN6_s0BNy-WigliESptrs_rwQsM"
[2015-10-05 21:40:55][debug] call back test:入库成功
[2015-10-05 21:53:57][debug] begin notify
[2015-10-05 21:53:57][debug] call back test:{"appid":"wx161f19ac48b1f2f3","attach":"\u9a6c\u62c9\u677e\u62a5\u540d","bank_type":"CFT","cash_fee":"4000","fee_type":"CNY","is_subscribe":"Y","mch_id":"1268067601","nonce_str":"35ymjgiwg8gxwkimmp378ea73eq6bdna","openid":"ouN6_s3WBX-b1j1PrVxt_5SniDbw","out_trade_no":"126806760120151005215251","result_code":"SUCCESS","return_code":"SUCCESS","sign":"C4D6FA8E5028F487C620B20C10A96412","time_end":"20151005215356","total_fee":"4000","trade_type":"JSAPI","transaction_id":"1002960869201510051101206270"}
[2015-10-05 21:54:02][debug] query:{"appid":"wx161f19ac48b1f2f3","attach":"\u9a6c\u62c9\u677e\u62a5\u540d","bank_type":"CFT","cash_fee":"4000","fee_type":"CNY","is_subscribe":"Y","mch_id":"1268067601","nonce_str":"ylrM6aVI1wzXJsy6","openid":"ouN6_s3WBX-b1j1PrVxt_5SniDbw","out_trade_no":"126806760120151005215251","result_code":"SUCCESS","return_code":"SUCCESS","return_msg":"OK","sign":"F9A0383C9A580F8C1C9E713804552ECD","time_end":"20151005215356","total_fee":"4000","trade_state":"SUCCESS","trade_type":"JSAPI","transaction_id":"1002960869201510051101206270"}
[2015-10-05 21:54:02][debug] call back test:订单查询成功
[2015-10-05 21:54:02][debug] call back test:未入库
[2015-10-05 21:54:02][debug] call back test sql:UPDATE pa_marathon SET ispay =1,transaction_id="1002960869201510051101206270",out_trade_no="126806760120151005215251" WHERE openid ="ouN6_s3WBX-b1j1PrVxt_5SniDbw"
[2015-10-05 21:54:02][debug] call back test:入库成功
[2015-10-05 21:54:16][debug] begin notify
[2015-10-05 21:54:16][debug] call back test:{"appid":"wx161f19ac48b1f2f3","attach":"\u9a6c\u62c9\u677e\u62a5\u540d","bank_type":"CFT","cash_fee":"4000","fee_type":"CNY","is_subscribe":"Y","mch_id":"1268067601","nonce_str":"35ymjgiwg8gxwkimmp378ea73eq6bdna","openid":"ouN6_s3WBX-b1j1PrVxt_5SniDbw","out_trade_no":"126806760120151005215251","result_code":"SUCCESS","return_code":"SUCCESS","sign":"C4D6FA8E5028F487C620B20C10A96412","time_end":"20151005215356","total_fee":"4000","trade_type":"JSAPI","transaction_id":"1002960869201510051101206270"}
[2015-10-05 21:54:16][debug] query:{"appid":"wx161f19ac48b1f2f3","attach":"\u9a6c\u62c9\u677e\u62a5\u540d","bank_type":"CFT","cash_fee":"4000","fee_type":"CNY","is_subscribe":"Y","mch_id":"1268067601","nonce_str":"jWlsPOVpNnsApkFW","openid":"ouN6_s3WBX-b1j1PrVxt_5SniDbw","out_trade_no":"126806760120151005215251","result_code":"SUCCESS","return_code":"SUCCESS","return_msg":"OK","sign":"AFA2DD56591B5153F03CC9F4DB039629","time_end":"20151005215356","total_fee":"4000","trade_state":"SUCCESS","trade_type":"JSAPI","transaction_id":"1002960869201510051101206270"}
[2015-10-05 21:54:16][debug] call back test:订单查询成功
[2015-10-05 21:54:16][debug] call back test:已入库
[2015-10-05 22:09:39][debug] begin notify
[2015-10-05 22:09:39][debug] call back test:{"appid":"wx161f19ac48b1f2f3","attach":"\u9a6c\u62c9\u677e\u62a5\u540d","bank_type":"CFT","cash_fee":"6000","fee_type":"CNY","is_subscribe":"Y","mch_id":"1268067601","nonce_str":"3bi23tntpu89qjbkod37fkgx340b3si1","openid":"ouN6_s0oPobx6AY25qWSdQIIFmjA","out_trade_no":"126806760120151005220855","result_code":"SUCCESS","return_code":"SUCCESS","sign":"55B06028E33D8FB0811CC69A7A6C58CB","time_end":"20151005220938","total_fee":"6000","trade_type":"JSAPI","transaction_id":"1006960869201510051101324793"}
[2015-10-05 22:09:40][debug] query:{"appid":"wx161f19ac48b1f2f3","attach":"\u9a6c\u62c9\u677e\u62a5\u540d","bank_type":"CFT","cash_fee":"6000","fee_type":"CNY","is_subscribe":"Y","mch_id":"1268067601","nonce_str":"CMlwC5UNKFF8XDKo","openid":"ouN6_s0oPobx6AY25qWSdQIIFmjA","out_trade_no":"126806760120151005220855","result_code":"SUCCESS","return_code":"SUCCESS","return_msg":"OK","sign":"79DFC5745FFFFD7AF47A28B4183CFAC6","time_end":"20151005220937","total_fee":"6000","trade_state":"SUCCESS","trade_type":"JSAPI","transaction_id":"1006960869201510051101324793"}
[2015-10-05 22:09:40][debug] call back test:订单查询成功
[2015-10-05 22:09:40][debug] call back test:未入库
[2015-10-05 22:09:40][debug] call back test sql:UPDATE pa_marathon SET ispay =1,transaction_id="1006960869201510051101324793",out_trade_no="126806760120151005220855" WHERE openid ="ouN6_s0oPobx6AY25qWSdQIIFmjA"
[2015-10-05 22:09:40][debug] call back test:入库成功
[2015-10-05 22:15:29][debug] begin notify
[2015-10-05 22:15:29][debug] call back test:{"appid":"wx161f19ac48b1f2f3","attach":"\u9a6c\u62c9\u677e\u62a5\u540d","bank_type":"CFT","cash_fee":"6000","fee_type":"CNY","is_subscribe":"Y","mch_id":"1268067601","nonce_str":"p1say1wj8bmn4hvccwiwca4yscrxtkm0","openid":"ouN6_s2c8oaVk2VVeTRe56qfY-tw","out_trade_no":"126806760120151005221515","result_code":"SUCCESS","return_code":"SUCCESS","sign":"4E54EF19B5305E65A1A67083FBF531C6","time_end":"20151005221529","total_fee":"6000","trade_type":"JSAPI","transaction_id":"1007560869201510051101372785"}
[2015-10-05 22:15:30][debug] query:{"appid":"wx161f19ac48b1f2f3","attach":"\u9a6c\u62c9\u677e\u62a5\u540d","bank_type":"CFT","cash_fee":"6000","fee_type":"CNY","is_subscribe":"Y","mch_id":"1268067601","nonce_str":"ydgQ36mEGnpwSmc7","openid":"ouN6_s2c8oaVk2VVeTRe56qfY-tw","out_trade_no":"126806760120151005221515","result_code":"SUCCESS","return_code":"SUCCESS","return_msg":"OK","sign":"5CC9BCB9536F1CCD2B4CD059FB5B1D2A","time_end":"20151005221529","total_fee":"6000","trade_state":"SUCCESS","trade_type":"JSAPI","transaction_id":"1007560869201510051101372785"}
[2015-10-05 22:15:30][debug] call back test:订单查询成功
[2015-10-05 22:15:30][debug] call back test:未入库
[2015-10-05 22:15:30][debug] call back test sql:UPDATE pa_marathon SET ispay =1,transaction_id="1007560869201510051101372785",out_trade_no="126806760120151005221515" WHERE openid ="ouN6_s2c8oaVk2VVeTRe56qfY-tw"
[2015-10-05 22:15:30][debug] call back test:入库成功
[2015-10-05 22:23:21][debug] begin notify
[2015-10-05 22:23:21][debug] call back test:{"appid":"wx161f19ac48b1f2f3","attach":"\u9a6c\u62c9\u677e\u62a5\u540d","bank_type":"ICBC_DEBIT","cash_fee":"8000","fee_type":"CNY","is_subscribe":"N","mch_id":"1268067601","nonce_str":"uui7i1myk1140f1jl5bcfllegz81trx8","openid":"ouN6_syzK7OrZRBsaTcLwsrxmAwk","out_trade_no":"126806760120151005221546","result_code":"SUCCESS","return_code":"SUCCESS","sign":"72F2D0CBEBC3824DAD58129767653657","time_end":"20151005222319","total_fee":"8000","trade_type":"JSAPI","transaction_id":"1000750869201510051101419297"}
[2015-10-05 22:23:23][debug] query:{"appid":"wx161f19ac48b1f2f3","attach":"\u9a6c\u62c9\u677e\u62a5\u540d","bank_type":"ICBC_DEBIT","cash_fee":"8000","fee_type":"CNY","is_subscribe":"N","mch_id":"1268067601","nonce_str":"8RkbKdeei9zTjVwW","openid":"ouN6_syzK7OrZRBsaTcLwsrxmAwk","out_trade_no":"126806760120151005221546","result_code":"SUCCESS","return_code":"SUCCESS","return_msg":"OK","sign":"D95B8A7DF7C0C0DF2DA4369EDF24FFED","time_end":"20151005222305","total_fee":"8000","trade_state":"SUCCESS","trade_type":"JSAPI","transaction_id":"1000750869201510051101419297"}
[2015-10-05 22:23:23][debug] call back test:订单查询成功
[2015-10-05 22:23:23][debug] call back test:未入库
[2015-10-05 22:23:23][debug] call back test sql:UPDATE pa_marathon SET ispay =1,transaction_id="1000750869201510051101419297",out_trade_no="126806760120151005221546" WHERE openid ="ouN6_syzK7OrZRBsaTcLwsrxmAwk"
[2015-10-05 22:23:23][debug] call back test:入库成功
[2015-10-05 22:23:37][debug] begin notify
[2015-10-05 22:23:37][debug] call back test:{"appid":"wx161f19ac48b1f2f3","attach":"\u9a6c\u62c9\u677e\u62a5\u540d","bank_type":"ICBC_DEBIT","cash_fee":"8000","fee_type":"CNY","is_subscribe":"N","mch_id":"1268067601","nonce_str":"uui7i1myk1140f1jl5bcfllegz81trx8","openid":"ouN6_syzK7OrZRBsaTcLwsrxmAwk","out_trade_no":"126806760120151005221546","result_code":"SUCCESS","return_code":"SUCCESS","sign":"72F2D0CBEBC3824DAD58129767653657","time_end":"20151005222319","total_fee":"8000","trade_type":"JSAPI","transaction_id":"1000750869201510051101419297"}
[2015-10-05 22:23:37][debug] query:{"appid":"wx161f19ac48b1f2f3","attach":"\u9a6c\u62c9\u677e\u62a5\u540d","bank_type":"ICBC_DEBIT","cash_fee":"8000","fee_type":"CNY","is_subscribe":"Y","mch_id":"1268067601","nonce_str":"XffjmyfxalBmVxy7","openid":"ouN6_syzK7OrZRBsaTcLwsrxmAwk","out_trade_no":"126806760120151005221546","result_code":"SUCCESS","return_code":"SUCCESS","return_msg":"OK","sign":"6D0C9066F4A2E537F742B2711DF6F612","time_end":"20151005222305","total_fee":"8000","trade_state":"SUCCESS","trade_type":"JSAPI","transaction_id":"1000750869201510051101419297"}
[2015-10-05 22:23:37][debug] call back test:订单查询成功
[2015-10-05 22:23:37][debug] call back test:已入库
[2015-10-05 22:31:19][debug] begin notify
[2015-10-05 22:31:19][debug] call back test:{"appid":"wx161f19ac48b1f2f3","attach":"\u9a6c\u62c9\u677e\u62a5\u540d","bank_type":"ICBC_DEBIT","cash_fee":"8000","fee_type":"CNY","is_subscribe":"Y","mch_id":"1268067601","nonce_str":"2vm3zm681inoumcil05f6susy0dp2u5t","openid":"ouN6_sxe4vRNS4AUUnE1FzPj3noo","out_trade_no":"126806760120151005222912","result_code":"SUCCESS","return_code":"SUCCESS","sign":"6F1E60DCC82A874BD4094E4F385CBFCC","time_end":"20151005223115","total_fee":"8000","trade_type":"JSAPI","transaction_id":"1000120869201510051101515340"}
[2015-10-05 22:31:20][debug] query:{"appid":"wx161f19ac48b1f2f3","attach":"\u9a6c\u62c9\u677e\u62a5\u540d","bank_type":"ICBC_DEBIT","cash_fee":"8000","fee_type":"CNY","is_subscribe":"Y","mch_id":"1268067601","nonce_str":"aVsRPaBQMOFXaslF","openid":"ouN6_sxe4vRNS4AUUnE1FzPj3noo","out_trade_no":"126806760120151005222912","result_code":"SUCCESS","return_code":"SUCCESS","return_msg":"OK","sign":"5D1E967162386788F7ED065955176D6D","time_end":"20151005223114","total_fee":"8000","trade_state":"SUCCESS","trade_type":"JSAPI","transaction_id":"1000120869201510051101515340"}
[2015-10-05 22:31:20][debug] call back test:订单查询成功
[2015-10-05 22:31:20][debug] call back test:未入库
[2015-10-05 22:31:20][debug] call back test sql:UPDATE pa_marathon SET ispay =1,transaction_id="1000120869201510051101515340",out_trade_no="126806760120151005222912" WHERE openid ="ouN6_sxe4vRNS4AUUnE1FzPj3noo"
[2015-10-05 22:31:20][debug] call back test:入库成功
[2015-10-05 22:31:34][debug] begin notify
[2015-10-05 22:31:34][debug] call back test:{"appid":"wx161f19ac48b1f2f3","attach":"\u9a6c\u62c9\u677e\u62a5\u540d","bank_type":"ICBC_DEBIT","cash_fee":"8000","fee_type":"CNY","is_subscribe":"Y","mch_id":"1268067601","nonce_str":"2vm3zm681inoumcil05f6susy0dp2u5t","openid":"ouN6_sxe4vRNS4AUUnE1FzPj3noo","out_trade_no":"126806760120151005222912","result_code":"SUCCESS","return_code":"SUCCESS","sign":"6F1E60DCC82A874BD4094E4F385CBFCC","time_end":"20151005223115","total_fee":"8000","trade_type":"JSAPI","transaction_id":"1000120869201510051101515340"}
[2015-10-05 22:31:56][debug] begin notify
[2015-10-05 22:31:56][debug] call back test:{"appid":"wx161f19ac48b1f2f3","attach":"\u9a6c\u62c9\u677e\u62a5\u540d","bank_type":"ICBC_DEBIT","cash_fee":"8000","fee_type":"CNY","is_subscribe":"Y","mch_id":"1268067601","nonce_str":"2vm3zm681inoumcil05f6susy0dp2u5t","openid":"ouN6_sxe4vRNS4AUUnE1FzPj3noo","out_trade_no":"126806760120151005222912","result_code":"SUCCESS","return_code":"SUCCESS","sign":"6F1E60DCC82A874BD4094E4F385CBFCC","time_end":"20151005223115","total_fee":"8000","trade_type":"JSAPI","transaction_id":"1000120869201510051101515340"}
[2015-10-05 22:32:31][debug] begin notify
[2015-10-05 22:32:31][debug] call back test:{"appid":"wx161f19ac48b1f2f3","attach":"\u9a6c\u62c9\u677e\u62a5\u540d","bank_type":"ICBC_DEBIT","cash_fee":"8000","fee_type":"CNY","is_subscribe":"Y","mch_id":"1268067601","nonce_str":"2vm3zm681inoumcil05f6susy0dp2u5t","openid":"ouN6_sxe4vRNS4AUUnE1FzPj3noo","out_trade_no":"126806760120151005222912","result_code":"SUCCESS","return_code":"SUCCESS","sign":"6F1E60DCC82A874BD4094E4F385CBFCC","time_end":"20151005223115","total_fee":"8000","trade_type":"JSAPI","transaction_id":"1000120869201510051101515340"}
[2015-10-05 22:32:31][debug] query:{"appid":"wx161f19ac48b1f2f3","attach":"\u9a6c\u62c9\u677e\u62a5\u540d","bank_type":"ICBC_DEBIT","cash_fee":"8000","fee_type":"CNY","is_subscribe":"Y","mch_id":"1268067601","nonce_str":"hFvwSm3OljlMeDuR","openid":"ouN6_sxe4vRNS4AUUnE1FzPj3noo","out_trade_no":"126806760120151005222912","result_code":"SUCCESS","return_code":"SUCCESS","return_msg":"OK","sign":"095F2D3854D88601A46BFF550EBB7F81","time_end":"20151005223114","total_fee":"8000","trade_state":"SUCCESS","trade_type":"JSAPI","transaction_id":"1000120869201510051101515340"}
[2015-10-05 22:32:31][debug] call back test:订单查询成功
[2015-10-05 22:32:31][debug] call back test:已入库
[2015-10-05 22:37:49][debug] begin notify
[2015-10-05 22:37:49][debug] call back test:{"appid":"wx161f19ac48b1f2f3","attach":"\u9a6c\u62c9\u677e\u62a5\u540d","bank_type":"CFT","cash_fee":"6000","fee_type":"CNY","is_subscribe":"Y","mch_id":"1268067601","nonce_str":"bkqaneqi1g7h5vgdm0fhd0ebyb3l4vdy","openid":"ouN6_syycbrPbTHJycoX4tAdc5Dw","out_trade_no":"126806760120151005223713","result_code":"SUCCESS","return_code":"SUCCESS","sign":"F2CFAD2F2F7452187EBF561F7E3817C0","time_end":"20151005223748","total_fee":"6000","trade_type":"JSAPI","transaction_id":"1006780869201510051101549959"}
[2015-10-05 22:37:49][debug] query:{"appid":"wx161f19ac48b1f2f3","attach":"\u9a6c\u62c9\u677e\u62a5\u540d","bank_type":"CFT","cash_fee":"6000","fee_type":"CNY","is_subscribe":"Y","mch_id":"1268067601","nonce_str":"mRxoOdmniRJe3hC1","openid":"ouN6_syycbrPbTHJycoX4tAdc5Dw","out_trade_no":"126806760120151005223713","result_code":"SUCCESS","return_code":"SUCCESS","return_msg":"OK","sign":"8055D9CEBC90A4C658506CE49D674552","time_end":"20151005223747","total_fee":"6000","trade_state":"SUCCESS","trade_type":"JSAPI","transaction_id":"1006780869201510051101549959"}
[2015-10-05 22:37:49][debug] call back test:订单查询成功
[2015-10-05 22:37:49][debug] call back test:未入库
[2015-10-05 22:37:49][debug] call back test sql:UPDATE pa_marathon SET ispay =1,transaction_id="1006780869201510051101549959",out_trade_no="126806760120151005223713" WHERE openid ="ouN6_syycbrPbTHJycoX4tAdc5Dw"
[2015-10-05 22:37:49][debug] call back test:入库成功
[2015-10-05 22:39:05][debug] begin notify
[2015-10-05 22:39:05][debug] call back test:{"appid":"wx161f19ac48b1f2f3","attach":"\u9a6c\u62c9\u677e\u62a5\u540d","bank_type":"CFT","cash_fee":"4000","fee_type":"CNY","is_subscribe":"Y","mch_id":"1268067601","nonce_str":"l7omruny3vccjb6doauy7x9kl7dhezz0","openid":"ouN6_s6-GQjDx4zcFtVl5TnT1dks","out_trade_no":"126806760120151005223843","result_code":"SUCCESS","return_code":"SUCCESS","sign":"75B6384EC59B7C4739C4B4EAFDE81AC5","time_end":"20151005223905","total_fee":"4000","trade_type":"JSAPI","transaction_id":"1004880869201510051101569107"}
[2015-10-05 22:39:05][debug] query:{"appid":"wx161f19ac48b1f2f3","attach":"\u9a6c\u62c9\u677e\u62a5\u540d","bank_type":"CFT","cash_fee":"4000","fee_type":"CNY","is_subscribe":"Y","mch_id":"1268067601","nonce_str":"8BQhR4EJwJmuXclL","openid":"ouN6_s6-GQjDx4zcFtVl5TnT1dks","out_trade_no":"126806760120151005223843","result_code":"SUCCESS","return_code":"SUCCESS","return_msg":"OK","sign":"85533E66633836C732DF6D7559406CCF","time_end":"20151005223904","total_fee":"4000","trade_state":"SUCCESS","trade_type":"JSAPI","transaction_id":"1004880869201510051101569107"}
[2015-10-05 22:39:05][debug] call back test:订单查询成功
[2015-10-05 22:39:05][debug] call back test:未入库
[2015-10-05 22:39:05][debug] call back test sql:UPDATE pa_marathon SET ispay =1,transaction_id="1004880869201510051101569107",out_trade_no="126806760120151005223843" WHERE openid ="ouN6_s6-GQjDx4zcFtVl5TnT1dks"
[2015-10-05 22:39:06][debug] call back test:入库成功
[2015-10-05 23:05:36][debug] begin notify
[2015-10-05 23:05:36][debug] call back test:{"appid":"wx161f19ac48b1f2f3","attach":"\u9a6c\u62c9\u677e\u62a5\u540d","bank_type":"ABC_DEBIT","cash_fee":"6000","fee_type":"CNY","is_subscribe":"Y","mch_id":"1268067601","nonce_str":"bxmnr78oi6uvxpt06dm4m9sby1c6bwdm","openid":"ouN6_s7LXDqWj6p28WrbI-Dgnw-w","out_trade_no":"126806760120151005230434","result_code":"SUCCESS","return_code":"SUCCESS","sign":"10B735E33530899AEB7D33BBA60F7EE0","time_end":"20151005230536","total_fee":"6000","trade_type":"JSAPI","transaction_id":"1006040869201510051101777415"}
[2015-10-05 23:05:36][debug] query:{"appid":"wx161f19ac48b1f2f3","attach":"\u9a6c\u62c9\u677e\u62a5\u540d","bank_type":"ABC_DEBIT","cash_fee":"6000","fee_type":"CNY","is_subscribe":"Y","mch_id":"1268067601","nonce_str":"DwudsMEWuJjwf0vg","openid":"ouN6_s7LXDqWj6p28WrbI-Dgnw-w","out_trade_no":"126806760120151005230434","result_code":"SUCCESS","return_code":"SUCCESS","return_msg":"OK","sign":"59966DB49CF6849ECFFF446AD8A02E85","time_end":"20151005230535","total_fee":"6000","trade_state":"SUCCESS","trade_type":"JSAPI","transaction_id":"1006040869201510051101777415"}
[2015-10-05 23:05:36][debug] call back test:订单查询成功
[2015-10-05 23:05:36][debug] call back test:未入库
[2015-10-05 23:05:36][debug] call back test sql:UPDATE pa_marathon SET ispay =1,transaction_id="1006040869201510051101777415",out_trade_no="126806760120151005230434" WHERE openid ="ouN6_s7LXDqWj6p28WrbI-Dgnw-w"
[2015-10-05 23:05:36][debug] call back test:入库成功
