[2015-10-16 00:11:54][debug] begin notify
[2015-10-16 00:11:54][debug] call back test:{"appid":"wx161f19ac48b1f2f3","attach":"\u9a6c\u62c9\u677e\u62a5\u540d","bank_type":"ABC_DEBIT","cash_fee":"6000","fee_type":"CNY","is_subscribe":"Y","mch_id":"1268067601","nonce_str":"e7xy7d9krt96n6vndrowwbrnw9aodzcc","openid":"ouN6_s6LsMtiEdBIEBNAVLNy2hvw","out_trade_no":"126806760120151016001111","result_code":"SUCCESS","return_code":"SUCCESS","sign":"8532C919D2B382A68B3B652807BDF002","time_end":"20151016001153","total_fee":"6000","trade_type":"JSAPI","transaction_id":"1004400869201510161212113145"}
[2015-10-16 00:11:54][debug] query:{"appid":"wx161f19ac48b1f2f3","attach":"\u9a6c\u62c9\u677e\u62a5\u540d","bank_type":"ABC_DEBIT","cash_fee":"6000","fee_type":"CNY","is_subscribe":"Y","mch_id":"1268067601","nonce_str":"GxSOmFKHrFnWla0i","openid":"ouN6_s6LsMtiEdBIEBNAVLNy2hvw","out_trade_no":"126806760120151016001111","result_code":"SUCCESS","return_code":"SUCCESS","return_msg":"OK","sign":"40DBAF879D5FF5C0AF6B945E4236C4C2","time_end":"20151016001153","total_fee":"6000","trade_state":"SUCCESS","trade_type":"JSAPI","transaction_id":"1004400869201510161212113145"}
[2015-10-16 00:11:54][debug] call back test:订单查询成功
[2015-10-16 00:11:54][debug] call back test:未入库
[2015-10-16 00:11:54][debug] call back test sql:UPDATE pa_marathon SET ispay =1,transaction_id="1004400869201510161212113145",out_trade_no="126806760120151016001111" WHERE openid ="ouN6_s6LsMtiEdBIEBNAVLNy2hvw"
[2015-10-16 00:11:54][debug] call back test:入库成功
[2015-10-16 06:29:07][debug] begin notify
[2015-10-16 06:29:07][debug] call back test:{"appid":"wx161f19ac48b1f2f3","attach":"\u9a6c\u62c9\u677e\u62a5\u540d","bank_type":"ABC_DEBIT","cash_fee":"6000","fee_type":"CNY","is_subscribe":"Y","mch_id":"1268067601","nonce_str":"cau1ew5vbna81vh3f8quf07s9n0ak558","openid":"ouN6_s6LsMtiEdBIEBNAVLNy2hvw","out_trade_no":"126806760120151016062852","result_code":"SUCCESS","return_code":"SUCCESS","sign":"887FADB0FDCB062F199244C6267C3E9B","time_end":"20151016062907","total_fee":"6000","trade_type":"JSAPI","transaction_id":"1004400869201510161212829296"}
[2015-10-16 06:29:08][debug] query:{"appid":"wx161f19ac48b1f2f3","attach":"\u9a6c\u62c9\u677e\u62a5\u540d","bank_type":"ABC_DEBIT","cash_fee":"6000","fee_type":"CNY","is_subscribe":"Y","mch_id":"1268067601","nonce_str":"x5WfSmrOx6U7ZvjX","openid":"ouN6_s6LsMtiEdBIEBNAVLNy2hvw","out_trade_no":"126806760120151016062852","result_code":"SUCCESS","return_code":"SUCCESS","return_msg":"OK","sign":"1737E1C94B78B7F541BEA6BD44F11600","time_end":"20151016062906","total_fee":"6000","trade_state":"SUCCESS","trade_type":"JSAPI","transaction_id":"1004400869201510161212829296"}
[2015-10-16 06:29:08][debug] call back test:订单查询成功
[2015-10-16 06:29:08][debug] call back test:未入库
[2015-10-16 06:29:08][debug] call back test sql:UPDATE pa_marathon SET ispay =1,transaction_id="1004400869201510161212829296",out_trade_no="126806760120151016062852" WHERE openid ="ouN6_s6LsMtiEdBIEBNAVLNy2hvw"
[2015-10-16 06:29:08][debug] call back test:入库成功
[2015-10-16 06:36:14][debug] begin notify
[2015-10-16 06:36:14][debug] call back test:{"appid":"wx161f19ac48b1f2f3","attach":"\u9a6c\u62c9\u677e\u62a5\u540d","bank_type":"ABC_DEBIT","cash_fee":"6000","fee_type":"CNY","is_subscribe":"Y","mch_id":"1268067601","nonce_str":"s69w0zyx7pec1j1yzw6tpp9rtikrk356","openid":"ouN6_s6LsMtiEdBIEBNAVLNy2hvw","out_trade_no":"126806760120151016063557","result_code":"SUCCESS","return_code":"SUCCESS","sign":"1DA6F4AF0C815A1569F6D5CFF324B34F","time_end":"20151016063614","total_fee":"6000","trade_type":"JSAPI","transaction_id":"1004400869201510161212845482"}
[2015-10-16 06:36:15][debug] query:{"appid":"wx161f19ac48b1f2f3","attach":"\u9a6c\u62c9\u677e\u62a5\u540d","bank_type":"ABC_DEBIT","cash_fee":"6000","fee_type":"CNY","is_subscribe":"Y","mch_id":"1268067601","nonce_str":"QSW7lSoolRwTB3uF","openid":"ouN6_s6LsMtiEdBIEBNAVLNy2hvw","out_trade_no":"126806760120151016063557","result_code":"SUCCESS","return_code":"SUCCESS","return_msg":"OK","sign":"83491D266291A3F7D03EF643F2897D83","time_end":"20151016063614","total_fee":"6000","trade_state":"SUCCESS","trade_type":"JSAPI","transaction_id":"1004400869201510161212845482"}
[2015-10-16 06:36:15][debug] call back test:订单查询成功
[2015-10-16 06:36:15][debug] call back test:未入库
[2015-10-16 06:36:15][debug] call back test sql:UPDATE pa_marathon SET ispay =1,transaction_id="1004400869201510161212845482",out_trade_no="126806760120151016063557" WHERE openid ="ouN6_s6LsMtiEdBIEBNAVLNy2hvw"
[2015-10-16 06:36:15][debug] call back test:入库成功
[2015-10-16 06:40:15][debug] begin notify
[2015-10-16 06:40:15][debug] call back test:{"appid":"wx161f19ac48b1f2f3","attach":"\u9a6c\u62c9\u677e\u62a5\u540d","bank_type":"ABC_DEBIT","cash_fee":"6000","fee_type":"CNY","is_subscribe":"Y","mch_id":"1268067601","nonce_str":"y6hgvjsjbe8ycp0okujtvcetymj90wez","openid":"ouN6_s6LsMtiEdBIEBNAVLNy2hvw","out_trade_no":"126806760120151016063958","result_code":"SUCCESS","return_code":"SUCCESS","sign":"9FC610922D82A0832513BEE342591FD1","time_end":"20151016064014","total_fee":"6000","trade_type":"JSAPI","transaction_id":"1004400869201510161212852106"}
[2015-10-16 06:40:15][debug] query:{"appid":"wx161f19ac48b1f2f3","attach":"\u9a6c\u62c9\u677e\u62a5\u540d","bank_type":"ABC_DEBIT","cash_fee":"6000","fee_type":"CNY","is_subscribe":"Y","mch_id":"1268067601","nonce_str":"ffFjDAHGsSJwaeqa","openid":"ouN6_s6LsMtiEdBIEBNAVLNy2hvw","out_trade_no":"126806760120151016063958","result_code":"SUCCESS","return_code":"SUCCESS","return_msg":"OK","sign":"8D5EFC33BD8F4C204E2D88D814593323","time_end":"20151016064014","total_fee":"6000","trade_state":"SUCCESS","trade_type":"JSAPI","transaction_id":"1004400869201510161212852106"}
[2015-10-16 06:40:15][debug] call back test:订单查询成功
[2015-10-16 06:40:15][debug] call back test:未入库
[2015-10-16 06:40:15][debug] call back test sql:UPDATE pa_marathon SET ispay =1,transaction_id="1004400869201510161212852106",out_trade_no="126806760120151016063958" WHERE openid ="ouN6_s6LsMtiEdBIEBNAVLNy2hvw"
[2015-10-16 06:40:15][debug] call back test:入库成功
[2015-10-16 07:41:16][debug] begin notify
[2015-10-16 07:41:16][debug] call back test:{"appid":"wx161f19ac48b1f2f3","attach":"\u9a6c\u62c9\u677e\u62a5\u540d","bank_type":"CFT","cash_fee":"4000","fee_type":"CNY","is_subscribe":"Y","mch_id":"1268067601","nonce_str":"x0gv4liiipsb7746mgzqdjvjc6rvqn24","openid":"ouN6_s_Ud-2blrptN5hPKmNs20bw","out_trade_no":"126806760120151016074020","result_code":"SUCCESS","return_code":"SUCCESS","sign":"354B3A9AFF8ED56E89E6C5BE6B1F2111","time_end":"20151016074115","total_fee":"4000","trade_type":"JSAPI","transaction_id":"1007750869201510161213068455"}
[2015-10-16 07:41:16][debug] query:{"appid":"wx161f19ac48b1f2f3","attach":"\u9a6c\u62c9\u677e\u62a5\u540d","bank_type":"CFT","cash_fee":"4000","fee_type":"CNY","is_subscribe":"Y","mch_id":"1268067601","nonce_str":"JjuwsosK8uF0aOTd","openid":"ouN6_s_Ud-2blrptN5hPKmNs20bw","out_trade_no":"126806760120151016074020","result_code":"SUCCESS","return_code":"SUCCESS","return_msg":"OK","sign":"9587870EB20B967ACBFECED501C25910","time_end":"20151016074115","total_fee":"4000","trade_state":"SUCCESS","trade_type":"JSAPI","transaction_id":"1007750869201510161213068455"}
[2015-10-16 07:41:16][debug] call back test:订单查询成功
[2015-10-16 07:41:16][debug] call back test:未入库
[2015-10-16 07:41:16][debug] call back test sql:UPDATE pa_marathon SET ispay =1,transaction_id="1007750869201510161213068455",out_trade_no="126806760120151016074020" WHERE openid ="ouN6_s_Ud-2blrptN5hPKmNs20bw"
[2015-10-16 07:41:16][debug] call back test:入库成功
[2015-10-16 08:01:16][debug] begin notify
[2015-10-16 08:01:16][debug] call back test:{"appid":"wx161f19ac48b1f2f3","attach":"\u9a6c\u62c9\u677e\u62a5\u540d","bank_type":"ABC_DEBIT","cash_fee":"6000","fee_type":"CNY","is_subscribe":"Y","mch_id":"1268067601","nonce_str":"kd3d520kd6ru8vvujnh67i30yioqpfjj","openid":"ouN6_s6LsMtiEdBIEBNAVLNy2hvw","out_trade_no":"126806760120151016080052","result_code":"SUCCESS","return_code":"SUCCESS","sign":"9CD5527705004D87E6D8B7E3CD52FCBD","time_end":"20151016080115","total_fee":"6000","trade_type":"JSAPI","transaction_id":"1004400869201510161213149384"}
[2015-10-16 08:01:16][debug] query:{"appid":"wx161f19ac48b1f2f3","attach":"\u9a6c\u62c9\u677e\u62a5\u540d","bank_type":"ABC_DEBIT","cash_fee":"6000","fee_type":"CNY","is_subscribe":"Y","mch_id":"1268067601","nonce_str":"uAMMOqp7f0mCqtZc","openid":"ouN6_s6LsMtiEdBIEBNAVLNy2hvw","out_trade_no":"126806760120151016080052","result_code":"SUCCESS","return_code":"SUCCESS","return_msg":"OK","sign":"60F5A6ACD615D33FD60C4F6288882F6C","time_end":"20151016080115","total_fee":"6000","trade_state":"SUCCESS","trade_type":"JSAPI","transaction_id":"1004400869201510161213149384"}
[2015-10-16 08:01:16][debug] call back test:订单查询成功
[2015-10-16 08:01:16][debug] call back test:未入库
[2015-10-16 08:01:16][debug] call back test sql:UPDATE pa_marathon SET ispay =1,transaction_id="1004400869201510161213149384",out_trade_no="126806760120151016080052" WHERE openid ="ouN6_s6LsMtiEdBIEBNAVLNy2hvw"
[2015-10-16 08:01:16][debug] call back test:入库成功
[2015-10-16 08:08:24][debug] begin notify
[2015-10-16 08:08:24][debug] call back test:{"appid":"wx161f19ac48b1f2f3","attach":"\u9a6c\u62c9\u677e\u62a5\u540d","bank_type":"ABC_DEBIT","cash_fee":"6000","fee_type":"CNY","is_subscribe":"Y","mch_id":"1268067601","nonce_str":"ehxoowok2r5e1vi8ndxl5o9n015qiejh","openid":"ouN6_s6LsMtiEdBIEBNAVLNy2hvw","out_trade_no":"126806760120151016080801","result_code":"SUCCESS","return_code":"SUCCESS","sign":"838A6F031B7B1D32176EB686382BBAC8","time_end":"20151016080824","total_fee":"6000","trade_type":"JSAPI","transaction_id":"1004400869201510161213203809"}
[2015-10-16 08:08:24][debug] query:{"appid":"wx161f19ac48b1f2f3","attach":"\u9a6c\u62c9\u677e\u62a5\u540d","bank_type":"ABC_DEBIT","cash_fee":"6000","fee_type":"CNY","is_subscribe":"Y","mch_id":"1268067601","nonce_str":"izLINoQCXJLC8eWM","openid":"ouN6_s6LsMtiEdBIEBNAVLNy2hvw","out_trade_no":"126806760120151016080801","result_code":"SUCCESS","return_code":"SUCCESS","return_msg":"OK","sign":"B287880A18D42883676CF7138DC66507","time_end":"20151016080823","total_fee":"6000","trade_state":"SUCCESS","trade_type":"JSAPI","transaction_id":"1004400869201510161213203809"}
[2015-10-16 08:08:24][debug] call back test:订单查询成功
[2015-10-16 08:08:24][debug] call back test:未入库
[2015-10-16 08:08:24][debug] call back test sql:UPDATE pa_marathon SET ispay =1,transaction_id="1004400869201510161213203809",out_trade_no="126806760120151016080801" WHERE openid ="ouN6_s6LsMtiEdBIEBNAVLNy2hvw"
[2015-10-16 08:08:24][debug] call back test:入库成功
[2015-10-16 08:13:29][debug] begin notify
[2015-10-16 08:13:29][debug] call back test:{"appid":"wx161f19ac48b1f2f3","attach":"\u9a6c\u62c9\u677e\u62a5\u540d","bank_type":"ABC_DEBIT","cash_fee":"6000","fee_type":"CNY","is_subscribe":"Y","mch_id":"1268067601","nonce_str":"kc1vix9lapev6gil7e521yiouumxr7yf","openid":"ouN6_s6LsMtiEdBIEBNAVLNy2hvw","out_trade_no":"126806760120151016081314","result_code":"SUCCESS","return_code":"SUCCESS","sign":"3D67A2BB67B1DFB24C8758015D442F74","time_end":"20151016081328","total_fee":"6000","trade_type":"JSAPI","transaction_id":"1004400869201510161213219280"}
[2015-10-16 08:13:30][debug] query:{"appid":"wx161f19ac48b1f2f3","attach":"\u9a6c\u62c9\u677e\u62a5\u540d","bank_type":"ABC_DEBIT","cash_fee":"6000","fee_type":"CNY","is_subscribe":"Y","mch_id":"1268067601","nonce_str":"HJFJ1X0LfsnI9JMS","openid":"ouN6_s6LsMtiEdBIEBNAVLNy2hvw","out_trade_no":"126806760120151016081314","result_code":"SUCCESS","return_code":"SUCCESS","return_msg":"OK","sign":"9E0B95CCB1B88B6C0F2E16A4EC99FD02","time_end":"20151016081327","total_fee":"6000","trade_state":"SUCCESS","trade_type":"JSAPI","transaction_id":"1004400869201510161213219280"}
[2015-10-16 08:13:30][debug] call back test:订单查询成功
[2015-10-16 08:13:30][debug] call back test:未入库
[2015-10-16 08:13:30][debug] call back test sql:UPDATE pa_marathon SET ispay =1,transaction_id="1004400869201510161213219280",out_trade_no="126806760120151016081314" WHERE openid ="ouN6_s6LsMtiEdBIEBNAVLNy2hvw"
[2015-10-16 08:13:30][debug] call back test:入库成功
[2015-10-16 08:24:49][debug] begin notify
[2015-10-16 08:24:49][debug] call back test:{"appid":"wx161f19ac48b1f2f3","attach":"\u9a6c\u62c9\u677e\u62a5\u540d","bank_type":"CFT","cash_fee":"4000","fee_type":"CNY","is_subscribe":"N","mch_id":"1268067601","nonce_str":"gsmvy81rdejmu9jvmrs9o7fu9xbys2gu","openid":"ouN6_s91LjscRgMJvdZKcwGvuXt4","out_trade_no":"126806760120151016082205","result_code":"SUCCESS","return_code":"SUCCESS","sign":"D5A4CDB9F3187DEC7253D2EB32BCA130","time_end":"20151016082449","total_fee":"4000","trade_type":"JSAPI","transaction_id":"1007940869201510161213302215"}
[2015-10-16 08:24:52][debug] query:{"appid":"wx161f19ac48b1f2f3","attach":"\u9a6c\u62c9\u677e\u62a5\u540d","bank_type":"CFT","cash_fee":"4000","fee_type":"CNY","is_subscribe":"N","mch_id":"1268067601","nonce_str":"GmdhChC3g50HtpBd","openid":"ouN6_s91LjscRgMJvdZKcwGvuXt4","out_trade_no":"126806760120151016082205","result_code":"SUCCESS","return_code":"SUCCESS","return_msg":"OK","sign":"6562987A932D3B76E453F6A248387ECB","time_end":"20151016082449","total_fee":"4000","trade_state":"SUCCESS","trade_type":"JSAPI","transaction_id":"1007940869201510161213302215"}
[2015-10-16 08:24:52][debug] call back test:订单查询成功
[2015-10-16 08:24:52][debug] call back test:未入库
[2015-10-16 08:24:52][debug] call back test sql:UPDATE pa_marathon SET ispay =1,transaction_id="1007940869201510161213302215",out_trade_no="126806760120151016082205" WHERE openid ="ouN6_s91LjscRgMJvdZKcwGvuXt4"
[2015-10-16 08:24:52][debug] call back test:入库成功
[2015-10-16 08:25:06][debug] begin notify
[2015-10-16 08:25:06][debug] call back test:{"appid":"wx161f19ac48b1f2f3","attach":"\u9a6c\u62c9\u677e\u62a5\u540d","bank_type":"CFT","cash_fee":"4000","fee_type":"CNY","is_subscribe":"N","mch_id":"1268067601","nonce_str":"gsmvy81rdejmu9jvmrs9o7fu9xbys2gu","openid":"ouN6_s91LjscRgMJvdZKcwGvuXt4","out_trade_no":"126806760120151016082205","result_code":"SUCCESS","return_code":"SUCCESS","sign":"D5A4CDB9F3187DEC7253D2EB32BCA130","time_end":"20151016082449","total_fee":"4000","trade_type":"JSAPI","transaction_id":"1007940869201510161213302215"}
[2015-10-16 08:25:07][debug] query:{"appid":"wx161f19ac48b1f2f3","attach":"\u9a6c\u62c9\u677e\u62a5\u540d","bank_type":"CFT","cash_fee":"4000","fee_type":"CNY","is_subscribe":"Y","mch_id":"1268067601","nonce_str":"cTJtI5SVE6tRNSkD","openid":"ouN6_s91LjscRgMJvdZKcwGvuXt4","out_trade_no":"126806760120151016082205","result_code":"SUCCESS","return_code":"SUCCESS","return_msg":"OK","sign":"98AE234C2C412ED9875620DCFDC34453","time_end":"20151016082449","total_fee":"4000","trade_state":"SUCCESS","trade_type":"JSAPI","transaction_id":"1007940869201510161213302215"}
[2015-10-16 08:25:07][debug] call back test:订单查询成功
[2015-10-16 08:25:07][debug] call back test:已入库
[2015-10-16 08:27:01][debug] begin notify
[2015-10-16 08:27:01][debug] call back test:{"appid":"wx161f19ac48b1f2f3","attach":"\u9a6c\u62c9\u677e\u62a5\u540d","bank_type":"CFT","cash_fee":"4000","fee_type":"CNY","is_subscribe":"Y","mch_id":"1268067601","nonce_str":"06o5ozid2aq39ze3milytp6g82ddd8lr","openid":"ouN6_s91LjscRgMJvdZKcwGvuXt4","out_trade_no":"126806760120151016082633","result_code":"SUCCESS","return_code":"SUCCESS","sign":"B51DF0245780C14C51ED1CD3B729206A","time_end":"20151016082701","total_fee":"4000","trade_type":"JSAPI","transaction_id":"1007940869201510161213308111"}
[2015-10-16 08:27:05][debug] query:{"appid":"wx161f19ac48b1f2f3","attach":"\u9a6c\u62c9\u677e\u62a5\u540d","bank_type":"CFT","cash_fee":"4000","fee_type":"CNY","is_subscribe":"Y","mch_id":"1268067601","nonce_str":"I6gnDhOXFtWHalsp","openid":"ouN6_s91LjscRgMJvdZKcwGvuXt4","out_trade_no":"126806760120151016082633","result_code":"SUCCESS","return_code":"SUCCESS","return_msg":"OK","sign":"74E5A3F8DD330C4890D839C899CDF897","time_end":"20151016082701","total_fee":"4000","trade_state":"SUCCESS","trade_type":"JSAPI","transaction_id":"1007940869201510161213308111"}
[2015-10-16 08:27:05][debug] call back test:订单查询成功
[2015-10-16 08:27:05][debug] call back test:未入库
[2015-10-16 08:27:05][debug] call back test sql:UPDATE pa_marathon SET ispay =1,transaction_id="1007940869201510161213308111",out_trade_no="126806760120151016082633" WHERE openid ="ouN6_s91LjscRgMJvdZKcwGvuXt4"
[2015-10-16 08:27:05][debug] call back test:入库成功
[2015-10-16 08:27:16][debug] begin notify
[2015-10-16 08:27:16][debug] call back test:{"appid":"wx161f19ac48b1f2f3","attach":"\u9a6c\u62c9\u677e\u62a5\u540d","bank_type":"CFT","cash_fee":"4000","fee_type":"CNY","is_subscribe":"Y","mch_id":"1268067601","nonce_str":"06o5ozid2aq39ze3milytp6g82ddd8lr","openid":"ouN6_s91LjscRgMJvdZKcwGvuXt4","out_trade_no":"126806760120151016082633","result_code":"SUCCESS","return_code":"SUCCESS","sign":"B51DF0245780C14C51ED1CD3B729206A","time_end":"20151016082701","total_fee":"4000","trade_type":"JSAPI","transaction_id":"1007940869201510161213308111"}
[2015-10-16 08:27:17][debug] query:{"appid":"wx161f19ac48b1f2f3","attach":"\u9a6c\u62c9\u677e\u62a5\u540d","bank_type":"CFT","cash_fee":"4000","fee_type":"CNY","is_subscribe":"Y","mch_id":"1268067601","nonce_str":"RX6A6VHJBHVuMEPL","openid":"ouN6_s91LjscRgMJvdZKcwGvuXt4","out_trade_no":"126806760120151016082633","result_code":"SUCCESS","return_code":"SUCCESS","return_msg":"OK","sign":"E12BD30C10C006E892414D64AF4FBBD6","time_end":"20151016082701","total_fee":"4000","trade_state":"SUCCESS","trade_type":"JSAPI","transaction_id":"1007940869201510161213308111"}
[2015-10-16 08:27:17][debug] call back test:订单查询成功
[2015-10-16 08:27:17][debug] call back test:已入库
[2015-10-16 08:47:22][debug] begin notify
[2015-10-16 08:47:22][debug] call back test:{"appid":"wx161f19ac48b1f2f3","attach":"\u9a6c\u62c9\u677e\u62a5\u540d","bank_type":"ICBC_DEBIT","cash_fee":"8000","fee_type":"CNY","is_subscribe":"Y","mch_id":"1268067601","nonce_str":"j28jkqx3m47hv33so17cl42n4e5b2v9z","openid":"ouN6_s0w-Xme9Cen2K6G7plbuv2Q","out_trade_no":"126806760120151016084711","result_code":"SUCCESS","return_code":"SUCCESS","sign":"D29D6B61508EED1C9BB32731D59C3F7F","time_end":"20151016084721","total_fee":"8000","trade_type":"JSAPI","transaction_id":"1001740869201510161213434392"}
[2015-10-16 08:47:22][debug] query:{"appid":"wx161f19ac48b1f2f3","attach":"\u9a6c\u62c9\u677e\u62a5\u540d","bank_type":"ICBC_DEBIT","cash_fee":"8000","fee_type":"CNY","is_subscribe":"Y","mch_id":"1268067601","nonce_str":"tXhlwElzmGrpKEi3","openid":"ouN6_s0w-Xme9Cen2K6G7plbuv2Q","out_trade_no":"126806760120151016084711","result_code":"SUCCESS","return_code":"SUCCESS","return_msg":"OK","sign":"7F6BA3E330E94D0AC15D0AAB1C11187B","time_end":"20151016084720","total_fee":"8000","trade_state":"SUCCESS","trade_type":"JSAPI","transaction_id":"1001740869201510161213434392"}
[2015-10-16 08:47:22][debug] call back test:订单查询成功
[2015-10-16 08:47:22][debug] call back test:未入库
[2015-10-16 08:47:22][debug] call back test sql:UPDATE pa_marathon SET ispay =1,transaction_id="1001740869201510161213434392",out_trade_no="126806760120151016084711" WHERE openid ="ouN6_s0w-Xme9Cen2K6G7plbuv2Q"
[2015-10-16 08:47:22][debug] call back test:入库成功
[2015-10-16 08:59:27][debug] begin notify
[2015-10-16 08:59:27][debug] call back test:{"appid":"wx161f19ac48b1f2f3","attach":"\u9a6c\u62c9\u677e\u62a5\u540d","bank_type":"CFT","cash_fee":"6000","fee_type":"CNY","is_subscribe":"N","mch_id":"1268067601","nonce_str":"qmtz71vg9d0202mcc9z3kctg2y617spr","openid":"ouN6_s_AAniBDCkdqoQ9vBwMaaAA","out_trade_no":"126806760120151016085801","result_code":"SUCCESS","return_code":"SUCCESS","sign":"613BFC04EFC2C527F2615280485E2BCA","time_end":"20151016085925","total_fee":"6000","trade_type":"JSAPI","transaction_id":"1001480869201510161213555815"}
[2015-10-16 08:59:27][debug] query:{"appid":"wx161f19ac48b1f2f3","attach":"\u9a6c\u62c9\u677e\u62a5\u540d","bank_type":"CFT","cash_fee":"6000","fee_type":"CNY","is_subscribe":"N","mch_id":"1268067601","nonce_str":"fNeWhaT3P2hVHUHa","openid":"ouN6_s_AAniBDCkdqoQ9vBwMaaAA","out_trade_no":"126806760120151016085801","result_code":"SUCCESS","return_code":"SUCCESS","return_msg":"OK","sign":"43434E38A21D3DF6F6B19EBB36D8F321","time_end":"20151016085925","total_fee":"6000","trade_state":"SUCCESS","trade_type":"JSAPI","transaction_id":"1001480869201510161213555815"}
[2015-10-16 08:59:27][debug] call back test:订单查询成功
[2015-10-16 08:59:27][debug] call back test:未入库
[2015-10-16 08:59:27][debug] call back test sql:UPDATE pa_marathon SET ispay =1,transaction_id="1001480869201510161213555815",out_trade_no="126806760120151016085801" WHERE openid ="ouN6_s_AAniBDCkdqoQ9vBwMaaAA"
[2015-10-16 08:59:27][debug] call back test:入库成功
[2015-10-16 09:15:05][debug] begin notify
[2015-10-16 09:15:05][debug] call back test:{"appid":"wx161f19ac48b1f2f3","attach":"\u9a6c\u62c9\u677e\u62a5\u540d","bank_type":"ABC_DEBIT","cash_fee":"6000","fee_type":"CNY","is_subscribe":"Y","mch_id":"1268067601","nonce_str":"l8ccbco28dhhk1wh0m08r6k0gphmt41n","openid":"ouN6_s6LsMtiEdBIEBNAVLNy2hvw","out_trade_no":"126806760120151016091455","result_code":"SUCCESS","return_code":"SUCCESS","sign":"6EEF1FBE0B02EE050575A0FDD1004D85","time_end":"20151016091504","total_fee":"6000","trade_type":"JSAPI","transaction_id":"1004400869201510161213664177"}
[2015-10-16 09:15:06][debug] query:{"appid":"wx161f19ac48b1f2f3","attach":"\u9a6c\u62c9\u677e\u62a5\u540d","bank_type":"ABC_DEBIT","cash_fee":"6000","fee_type":"CNY","is_subscribe":"Y","mch_id":"1268067601","nonce_str":"XKxgJmZQD2u2hDLx","openid":"ouN6_s6LsMtiEdBIEBNAVLNy2hvw","out_trade_no":"126806760120151016091455","result_code":"SUCCESS","return_code":"SUCCESS","return_msg":"OK","sign":"B98943FD8E9601D4D179B546BDBA5160","time_end":"20151016091504","total_fee":"6000","trade_state":"SUCCESS","trade_type":"JSAPI","transaction_id":"1004400869201510161213664177"}
[2015-10-16 09:15:06][debug] call back test:订单查询成功
[2015-10-16 09:15:06][debug] call back test:未入库
[2015-10-16 09:15:06][debug] call back test sql:UPDATE pa_marathon SET ispay =1,transaction_id="1004400869201510161213664177",out_trade_no="126806760120151016091455" WHERE openid ="ouN6_s6LsMtiEdBIEBNAVLNy2hvw"
[2015-10-16 09:15:06][debug] call back test:入库成功
[2015-10-16 09:33:12][debug] begin notify
[2015-10-16 09:33:12][debug] call back test:{"appid":"wx161f19ac48b1f2f3","attach":"\u9a6c\u62c9\u677e\u62a5\u540d","bank_type":"ABC_DEBIT","cash_fee":"6000","fee_type":"CNY","is_subscribe":"Y","mch_id":"1268067601","nonce_str":"2hqh75jh8ah63vcnov6foguu5r03gx3b","openid":"ouN6_s6LsMtiEdBIEBNAVLNy2hvw","out_trade_no":"126806760120151016093254","result_code":"SUCCESS","return_code":"SUCCESS","sign":"0FB29BF367518EFFAA027668FB2BA66F","time_end":"20151016093310","total_fee":"6000","trade_type":"JSAPI","transaction_id":"1004400869201510161213827873"}
[2015-10-16 09:33:12][debug] query:{"appid":"wx161f19ac48b1f2f3","attach":"\u9a6c\u62c9\u677e\u62a5\u540d","bank_type":"ABC_DEBIT","cash_fee":"6000","fee_type":"CNY","is_subscribe":"Y","mch_id":"1268067601","nonce_str":"luGQAnAC685IYrUb","openid":"ouN6_s6LsMtiEdBIEBNAVLNy2hvw","out_trade_no":"126806760120151016093254","result_code":"SUCCESS","return_code":"SUCCESS","return_msg":"OK","sign":"2AB638714AC5EEDB1131AEA23E17131E","time_end":"20151016093310","total_fee":"6000","trade_state":"SUCCESS","trade_type":"JSAPI","transaction_id":"1004400869201510161213827873"}
[2015-10-16 09:33:12][debug] call back test:订单查询成功
[2015-10-16 09:33:12][debug] call back test:未入库
[2015-10-16 09:33:12][debug] call back test sql:UPDATE pa_marathon SET ispay =1,transaction_id="1004400869201510161213827873",out_trade_no="126806760120151016093254" WHERE openid ="ouN6_s6LsMtiEdBIEBNAVLNy2hvw"
[2015-10-16 09:33:12][debug] call back test:入库成功
[2015-10-16 10:10:42][debug] begin notify
[2015-10-16 10:10:42][debug] call back test:{"appid":"wx161f19ac48b1f2f3","attach":"\u9a6c\u62c9\u677e\u62a5\u540d","bank_type":"CCB_DEBIT","cash_fee":"8000","fee_type":"CNY","is_subscribe":"Y","mch_id":"1268067601","nonce_str":"ejlrurzdt2tv78zm8hfuwp0bjq1b1dep","openid":"ouN6_swG6rUjP-o6OQEN10OwGSNI","out_trade_no":"126806760120151016100918","result_code":"SUCCESS","return_code":"SUCCESS","sign":"3C6722218EE65D450954D0C5A78CA26A","time_end":"20151016101040","total_fee":"8000","trade_type":"JSAPI","transaction_id":"1000050869201510161214196583"}
[2015-10-16 10:10:42][debug] query:{"appid":"wx161f19ac48b1f2f3","attach":"\u9a6c\u62c9\u677e\u62a5\u540d","bank_type":"CCB_DEBIT","cash_fee":"8000","fee_type":"CNY","is_subscribe":"Y","mch_id":"1268067601","nonce_str":"JHfIDxedws2a0i9s","openid":"ouN6_swG6rUjP-o6OQEN10OwGSNI","out_trade_no":"126806760120151016100918","result_code":"SUCCESS","return_code":"SUCCESS","return_msg":"OK","sign":"B671BD4DD8C793FD26599BBF02E7AA73","time_end":"20151016101039","total_fee":"8000","trade_state":"SUCCESS","trade_type":"JSAPI","transaction_id":"1000050869201510161214196583"}
[2015-10-16 10:10:42][debug] call back test:订单查询成功
[2015-10-16 10:10:42][debug] call back test:未入库
[2015-10-16 10:10:42][debug] call back test sql:UPDATE pa_marathon SET ispay =1,transaction_id="1000050869201510161214196583",out_trade_no="126806760120151016100918" WHERE openid ="ouN6_swG6rUjP-o6OQEN10OwGSNI"
[2015-10-16 10:10:42][debug] call back test:入库成功
[2015-10-16 10:43:51][debug] begin notify
[2015-10-16 10:43:51][debug] call back test:{"appid":"wx161f19ac48b1f2f3","attach":"\u9a6c\u62c9\u677e\u62a5\u540d","bank_type":"CFT","cash_fee":"6000","fee_type":"CNY","is_subscribe":"Y","mch_id":"1268067601","nonce_str":"fax3vex6klkzjbeva4jwopiw96tbsxe5","openid":"ouN6_s3ifiz5pFzc6wEVAV8lmZtU","out_trade_no":"126806760120151016104330","result_code":"SUCCESS","return_code":"SUCCESS","sign":"00C94E32A46B1DBB1893FCDDA71E2550","time_end":"20151016104351","total_fee":"6000","trade_type":"JSAPI","transaction_id":"1009050869201510161214604746"}
[2015-10-16 10:43:52][debug] query:{"appid":"wx161f19ac48b1f2f3","attach":"\u9a6c\u62c9\u677e\u62a5\u540d","bank_type":"CFT","cash_fee":"6000","fee_type":"CNY","is_subscribe":"Y","mch_id":"1268067601","nonce_str":"rj7Ab3XOuIgHXdGU","openid":"ouN6_s3ifiz5pFzc6wEVAV8lmZtU","out_trade_no":"126806760120151016104330","result_code":"SUCCESS","return_code":"SUCCESS","return_msg":"OK","sign":"58F971270F03F122EE92D2F545599B06","time_end":"20151016104350","total_fee":"6000","trade_state":"SUCCESS","trade_type":"JSAPI","transaction_id":"1009050869201510161214604746"}
[2015-10-16 10:43:52][debug] call back test:订单查询成功
[2015-10-16 10:43:52][debug] call back test:未入库
[2015-10-16 10:43:52][debug] call back test sql:UPDATE pa_marathon SET ispay =1,transaction_id="1009050869201510161214604746",out_trade_no="126806760120151016104330" WHERE openid ="ouN6_s3ifiz5pFzc6wEVAV8lmZtU"
[2015-10-16 10:43:52][debug] call back test:入库成功
[2015-10-16 10:47:26][debug] begin notify
[2015-10-16 10:47:26][debug] call back test:{"appid":"wx161f19ac48b1f2f3","attach":"\u9a6c\u62c9\u677e\u62a5\u540d","bank_type":"CFT","cash_fee":"6000","fee_type":"CNY","is_subscribe":"N","mch_id":"1268067601","nonce_str":"yks1lrmyvcbjrvtx3a6dwctoprvf01yf","openid":"ouN6_swbGiLrt3CaBBKlFy3nfwJs","out_trade_no":"126806760120151016104608","result_code":"SUCCESS","return_code":"SUCCESS","sign":"B779A6AF0B74D4E93FBFEF19E9555509","time_end":"20151016104725","total_fee":"6000","trade_type":"JSAPI","transaction_id":"1009680869201510161214638162"}
[2015-10-16 10:47:26][debug] query:{"appid":"wx161f19ac48b1f2f3","attach":"\u9a6c\u62c9\u677e\u62a5\u540d","bank_type":"CFT","cash_fee":"6000","fee_type":"CNY","is_subscribe":"N","mch_id":"1268067601","nonce_str":"Ni9W3Jix2J1j2Mef","openid":"ouN6_swbGiLrt3CaBBKlFy3nfwJs","out_trade_no":"126806760120151016104608","result_code":"SUCCESS","return_code":"SUCCESS","return_msg":"OK","sign":"D7D2586F7ADB54ECED41D1EE2A30C986","time_end":"20151016104725","total_fee":"6000","trade_state":"SUCCESS","trade_type":"JSAPI","transaction_id":"1009680869201510161214638162"}
[2015-10-16 10:47:26][debug] call back test:订单查询成功
[2015-10-16 10:47:26][debug] call back test:未入库
[2015-10-16 10:47:26][debug] call back test sql:UPDATE pa_marathon SET ispay =1,transaction_id="1009680869201510161214638162",out_trade_no="126806760120151016104608" WHERE openid ="ouN6_swbGiLrt3CaBBKlFy3nfwJs"
[2015-10-16 10:47:26][debug] call back test:入库成功
[2015-10-16 10:50:30][debug] begin notify
[2015-10-16 10:50:30][debug] call back test:{"appid":"wx161f19ac48b1f2f3","attach":"\u9a6c\u62c9\u677e\u62a5\u540d","bank_type":"ICBC_DEBIT","cash_fee":"6000","fee_type":"CNY","is_subscribe":"Y","mch_id":"1268067601","nonce_str":"gcloi29nbprqrmecu27bzluikx9purry","openid":"ouN6_s2XkFwYw5ltxSbm7OsEUbG8","out_trade_no":"126806760120151016104900","result_code":"SUCCESS","return_code":"SUCCESS","sign":"292CFC223AF5E93880F11F91300D5788","time_end":"20151016105030","total_fee":"6000","trade_type":"JSAPI","transaction_id":"1007200869201510161214702280"}
[2015-10-16 10:50:31][debug] query:{"appid":"wx161f19ac48b1f2f3","attach":"\u9a6c\u62c9\u677e\u62a5\u540d","bank_type":"ICBC_DEBIT","cash_fee":"6000","fee_type":"CNY","is_subscribe":"Y","mch_id":"1268067601","nonce_str":"ldJCTCSIUfPaaIiJ","openid":"ouN6_s2XkFwYw5ltxSbm7OsEUbG8","out_trade_no":"126806760120151016104900","result_code":"SUCCESS","return_code":"SUCCESS","return_msg":"OK","sign":"65F4945CDABBD66B42B87B9BCEE91C6A","time_end":"20151016105029","total_fee":"6000","trade_state":"SUCCESS","trade_type":"JSAPI","transaction_id":"1007200869201510161214702280"}
[2015-10-16 10:50:31][debug] call back test:订单查询成功
[2015-10-16 10:50:31][debug] call back test:未入库
[2015-10-16 10:50:31][debug] call back test sql:UPDATE pa_marathon SET ispay =1,transaction_id="1007200869201510161214702280",out_trade_no="126806760120151016104900" WHERE openid ="ouN6_s2XkFwYw5ltxSbm7OsEUbG8"
[2015-10-16 10:50:31][debug] call back test:入库成功
[2015-10-16 10:58:42][debug] begin notify
[2015-10-16 10:58:42][debug] call back test:{"appid":"wx161f19ac48b1f2f3","attach":"\u9a6c\u62c9\u677e\u62a5\u540d","bank_type":"CFT","cash_fee":"6000","fee_type":"CNY","is_subscribe":"N","mch_id":"1268067601","nonce_str":"9y0u4hz7i2ig0b6ssg0tfh5ve0nk365x","openid":"ouN6_s--4uLFIIErd8QNMym4F6EM","out_trade_no":"126806760120151016105756","result_code":"SUCCESS","return_code":"SUCCESS","sign":"9B344615FADBE8E8F8A71E26A7531934","time_end":"20151016105841","total_fee":"6000","trade_type":"JSAPI","transaction_id":"1000840869201510161214810572"}
[2015-10-16 10:58:42][debug] query:{"appid":"wx161f19ac48b1f2f3","attach":"\u9a6c\u62c9\u677e\u62a5\u540d","bank_type":"CFT","cash_fee":"6000","fee_type":"CNY","is_subscribe":"N","mch_id":"1268067601","nonce_str":"Cc1xOxw1gyMHuerk","openid":"ouN6_s--4uLFIIErd8QNMym4F6EM","out_trade_no":"126806760120151016105756","result_code":"SUCCESS","return_code":"SUCCESS","return_msg":"OK","sign":"FBB1DD638F1306FDE2CB53C55391667D","time_end":"20151016105841","total_fee":"6000","trade_state":"SUCCESS","trade_type":"JSAPI","transaction_id":"1000840869201510161214810572"}
[2015-10-16 10:58:42][debug] call back test:订单查询成功
[2015-10-16 10:58:42][debug] call back test:未入库
[2015-10-16 10:58:42][debug] call back test sql:UPDATE pa_marathon SET ispay =1,transaction_id="1000840869201510161214810572",out_trade_no="126806760120151016105756" WHERE openid ="ouN6_s--4uLFIIErd8QNMym4F6EM"
[2015-10-16 10:58:42][debug] call back test:入库成功
[2015-10-16 11:01:29][debug] begin notify
[2015-10-16 11:01:29][debug] call back test:{"appid":"wx161f19ac48b1f2f3","attach":"\u9a6c\u62c9\u677e\u62a5\u540d","bank_type":"CFT","cash_fee":"6000","fee_type":"CNY","is_subscribe":"Y","mch_id":"1268067601","nonce_str":"khay2tl4xbuhr8krfgrfosaohnq7ookv","openid":"ouN6_s--4uLFIIErd8QNMym4F6EM","out_trade_no":"126806760120151016110119","result_code":"SUCCESS","return_code":"SUCCESS","sign":"071F595C057A35FAC3CAA0991A0FB7AE","time_end":"20151016110128","total_fee":"6000","trade_type":"JSAPI","transaction_id":"1000840869201510161214879004"}
[2015-10-16 11:01:29][debug] query:{"appid":"wx161f19ac48b1f2f3","attach":"\u9a6c\u62c9\u677e\u62a5\u540d","bank_type":"CFT","cash_fee":"6000","fee_type":"CNY","is_subscribe":"Y","mch_id":"1268067601","nonce_str":"JUdmhD3DqnXa56jg","openid":"ouN6_s--4uLFIIErd8QNMym4F6EM","out_trade_no":"126806760120151016110119","result_code":"SUCCESS","return_code":"SUCCESS","return_msg":"OK","sign":"9EBFC588378D72DC41D0ECF8248C3A9E","time_end":"20151016110128","total_fee":"6000","trade_state":"SUCCESS","trade_type":"JSAPI","transaction_id":"1000840869201510161214879004"}
[2015-10-16 11:01:29][debug] call back test:订单查询成功
[2015-10-16 11:01:29][debug] call back test:未入库
[2015-10-16 11:01:29][debug] call back test sql:UPDATE pa_marathon SET ispay =1,transaction_id="1000840869201510161214879004",out_trade_no="126806760120151016110119" WHERE openid ="ouN6_s--4uLFIIErd8QNMym4F6EM"
[2015-10-16 11:01:29][debug] call back test:入库成功
[2015-10-16 11:03:17][debug] begin notify
[2015-10-16 11:03:17][debug] call back test:{"appid":"wx161f19ac48b1f2f3","attach":"\u9a6c\u62c9\u677e\u62a5\u540d","bank_type":"ABC_DEBIT","cash_fee":"6000","fee_type":"CNY","is_subscribe":"Y","mch_id":"1268067601","nonce_str":"qbiqux6df167yk2icefj0o84aeap0nvn","openid":"ouN6_s_pBGP_YGefa05olW9jTRDk","out_trade_no":"126806760120151016110205","result_code":"SUCCESS","return_code":"SUCCESS","sign":"43560C876E2B0FABDB8B173E2632739F","time_end":"20151016110316","total_fee":"6000","trade_type":"JSAPI","transaction_id":"1001270869201510161214876377"}
[2015-10-16 11:03:17][debug] query:{"appid":"wx161f19ac48b1f2f3","attach":"\u9a6c\u62c9\u677e\u62a5\u540d","bank_type":"ABC_DEBIT","cash_fee":"6000","fee_type":"CNY","is_subscribe":"Y","mch_id":"1268067601","nonce_str":"At822gcqDfHCm8cx","openid":"ouN6_s_pBGP_YGefa05olW9jTRDk","out_trade_no":"126806760120151016110205","result_code":"SUCCESS","return_code":"SUCCESS","return_msg":"OK","sign":"AC481D5D34C5AED0ABC7C1F4BA02335A","time_end":"20151016110316","total_fee":"6000","trade_state":"SUCCESS","trade_type":"JSAPI","transaction_id":"1001270869201510161214876377"}
[2015-10-16 11:03:17][debug] call back test:订单查询成功
[2015-10-16 11:03:17][debug] call back test:未入库
[2015-10-16 11:03:17][debug] call back test sql:UPDATE pa_marathon SET ispay =1,transaction_id="1001270869201510161214876377",out_trade_no="126806760120151016110205" WHERE openid ="ouN6_s_pBGP_YGefa05olW9jTRDk"
[2015-10-16 11:03:17][debug] call back test:入库成功
[2015-10-16 11:12:29][debug] begin notify
[2015-10-16 11:12:29][debug] call back test:{"appid":"wx161f19ac48b1f2f3","attach":"\u9a6c\u62c9\u677e\u62a5\u540d","bank_type":"CFT","cash_fee":"6000","fee_type":"CNY","is_subscribe":"Y","mch_id":"1268067601","nonce_str":"drr61h6nt35hfoy9h4i2yqq8i9xnlyjf","openid":"ouN6_s8iAoVih6QECO76-LJEGk-A","out_trade_no":"126806760120151016111218","result_code":"SUCCESS","return_code":"SUCCESS","sign":"E8DD1429C97EE366A12E3FF72BB77AAD","time_end":"20151016111229","total_fee":"6000","trade_type":"JSAPI","transaction_id":"1004530869201510161215054010"}
[2015-10-16 11:12:30][debug] query:{"appid":"wx161f19ac48b1f2f3","attach":"\u9a6c\u62c9\u677e\u62a5\u540d","bank_type":"CFT","cash_fee":"6000","fee_type":"CNY","is_subscribe":"Y","mch_id":"1268067601","nonce_str":"OeaylkYIdgAzymgU","openid":"ouN6_s8iAoVih6QECO76-LJEGk-A","out_trade_no":"126806760120151016111218","result_code":"SUCCESS","return_code":"SUCCESS","return_msg":"OK","sign":"A575DA83EE19D85F9FB283ABD7540707","time_end":"20151016111228","total_fee":"6000","trade_state":"SUCCESS","trade_type":"JSAPI","transaction_id":"1004530869201510161215054010"}
[2015-10-16 11:12:30][debug] call back test:订单查询成功
[2015-10-16 11:12:30][debug] call back test:未入库
[2015-10-16 11:12:30][debug] call back test sql:UPDATE pa_marathon SET ispay =1,transaction_id="1004530869201510161215054010",out_trade_no="126806760120151016111218" WHERE openid ="ouN6_s8iAoVih6QECO76-LJEGk-A"
[2015-10-16 11:12:30][debug] call back test:入库成功
[2015-10-16 12:16:26][debug] begin notify
[2015-10-16 12:16:26][debug] call back test:{"appid":"wx161f19ac48b1f2f3","attach":"\u9a6c\u62c9\u677e\u62a5\u540d","bank_type":"CMB_CREDIT","cash_fee":"6000","fee_type":"CNY","is_subscribe":"Y","mch_id":"1268067601","nonce_str":"ervgbzdbgsag2d77w9fysryvphy4p32y","openid":"ouN6_syySMdZv8Rh6ffcSJanFPLA","out_trade_no":"126806760120151016121356","result_code":"SUCCESS","return_code":"SUCCESS","sign":"866AA9B67105BE1F9453D1949A69FDF6","time_end":"20151016121625","total_fee":"6000","trade_type":"JSAPI","transaction_id":"1001590869201510161216114829"}
[2015-10-16 12:16:28][debug] query:{"appid":"wx161f19ac48b1f2f3","attach":"\u9a6c\u62c9\u677e\u62a5\u540d","bank_type":"CMB_CREDIT","cash_fee":"6000","fee_type":"CNY","is_subscribe":"Y","mch_id":"1268067601","nonce_str":"kPU9LOpdZtIEpj1g","openid":"ouN6_syySMdZv8Rh6ffcSJanFPLA","out_trade_no":"126806760120151016121356","result_code":"SUCCESS","return_code":"SUCCESS","return_msg":"OK","sign":"0F7351FC04D688FE0018AFC7B59F6919","time_end":"20151016121616","total_fee":"6000","trade_state":"SUCCESS","trade_type":"JSAPI","transaction_id":"1001590869201510161216114829"}
[2015-10-16 12:16:28][debug] call back test:订单查询成功
[2015-10-16 12:16:28][debug] call back test:未入库
[2015-10-16 12:16:28][debug] call back test sql:UPDATE pa_marathon SET ispay =1,transaction_id="1001590869201510161216114829",out_trade_no="126806760120151016121356" WHERE openid ="ouN6_syySMdZv8Rh6ffcSJanFPLA"
[2015-10-16 12:16:28][debug] call back test:入库成功
[2015-10-16 13:07:05][debug] begin notify
[2015-10-16 13:07:05][debug] call back test:{"appid":"wx161f19ac48b1f2f3","attach":"\u9a6c\u62c9\u677e\u62a5\u540d","bank_type":"CFT","cash_fee":"6000","fee_type":"CNY","is_subscribe":"Y","mch_id":"1268067601","nonce_str":"vyedynuquzobbkr41qh2ir4pil7miabn","openid":"ouN6_s4hjzjXFaPD_3yi7xyeTdu4","out_trade_no":"126806760120151016130558","result_code":"SUCCESS","return_code":"SUCCESS","sign":"B9B3D4781D5F7D128532ABDEDF319832","time_end":"20151016130704","total_fee":"6000","trade_type":"JSAPI","transaction_id":"1003440869201510161216967228"}
[2015-10-16 13:07:21][debug] begin notify
[2015-10-16 13:07:21][debug] call back test:{"appid":"wx161f19ac48b1f2f3","attach":"\u9a6c\u62c9\u677e\u62a5\u540d","bank_type":"CFT","cash_fee":"6000","fee_type":"CNY","is_subscribe":"Y","mch_id":"1268067601","nonce_str":"vyedynuquzobbkr41qh2ir4pil7miabn","openid":"ouN6_s4hjzjXFaPD_3yi7xyeTdu4","out_trade_no":"126806760120151016130558","result_code":"SUCCESS","return_code":"SUCCESS","sign":"B9B3D4781D5F7D128532ABDEDF319832","time_end":"20151016130704","total_fee":"6000","trade_type":"JSAPI","transaction_id":"1003440869201510161216967228"}
[2015-10-16 13:07:27][debug] query:{"appid":"wx161f19ac48b1f2f3","attach":"\u9a6c\u62c9\u677e\u62a5\u540d","bank_type":"CFT","cash_fee":"6000","fee_type":"CNY","is_subscribe":"Y","mch_id":"1268067601","nonce_str":"971e0G8Gqtz1KMv0","openid":"ouN6_s4hjzjXFaPD_3yi7xyeTdu4","out_trade_no":"126806760120151016130558","result_code":"SUCCESS","return_code":"SUCCESS","return_msg":"OK","sign":"8C67721060DB32736B3EF7021AE983F7","time_end":"20151016130703","total_fee":"6000","trade_state":"SUCCESS","trade_type":"JSAPI","transaction_id":"1003440869201510161216967228"}
[2015-10-16 13:07:27][debug] call back test:订单查询成功
[2015-10-16 13:07:27][debug] call back test:未入库
[2015-10-16 13:07:27][debug] call back test sql:UPDATE pa_marathon SET ispay =1,transaction_id="1003440869201510161216967228",out_trade_no="126806760120151016130558" WHERE openid ="ouN6_s4hjzjXFaPD_3yi7xyeTdu4"
[2015-10-16 13:07:27][debug] call back test:入库成功
[2015-10-16 13:07:42][debug] begin notify
[2015-10-16 13:07:42][debug] call back test:{"appid":"wx161f19ac48b1f2f3","attach":"\u9a6c\u62c9\u677e\u62a5\u540d","bank_type":"CFT","cash_fee":"6000","fee_type":"CNY","is_subscribe":"Y","mch_id":"1268067601","nonce_str":"vyedynuquzobbkr41qh2ir4pil7miabn","openid":"ouN6_s4hjzjXFaPD_3yi7xyeTdu4","out_trade_no":"126806760120151016130558","result_code":"SUCCESS","return_code":"SUCCESS","sign":"B9B3D4781D5F7D128532ABDEDF319832","time_end":"20151016130704","total_fee":"6000","trade_type":"JSAPI","transaction_id":"1003440869201510161216967228"}
[2015-10-16 13:07:42][debug] query:{"appid":"wx161f19ac48b1f2f3","attach":"\u9a6c\u62c9\u677e\u62a5\u540d","bank_type":"CFT","cash_fee":"6000","fee_type":"CNY","is_subscribe":"Y","mch_id":"1268067601","nonce_str":"onHBKAp72RclZPVQ","openid":"ouN6_s4hjzjXFaPD_3yi7xyeTdu4","out_trade_no":"126806760120151016130558","result_code":"SUCCESS","return_code":"SUCCESS","return_msg":"OK","sign":"57A5A0FDBD43FB4FF1F9247A8471DCEE","time_end":"20151016130703","total_fee":"6000","trade_state":"SUCCESS","trade_type":"JSAPI","transaction_id":"1003440869201510161216967228"}
[2015-10-16 13:07:42][debug] call back test:订单查询成功
[2015-10-16 13:07:42][debug] call back test:已入库
[2015-10-16 14:22:02][debug] begin notify
[2015-10-16 14:22:02][debug] call back test:{"appid":"wx161f19ac48b1f2f3","attach":"\u9a6c\u62c9\u677e\u62a5\u540d","bank_type":"ABC_DEBIT","cash_fee":"6000","fee_type":"CNY","is_subscribe":"Y","mch_id":"1268067601","nonce_str":"smummknusb7p3ck4rilbt3q1aql5d6e6","openid":"ouN6_s6LsMtiEdBIEBNAVLNy2hvw","out_trade_no":"126806760120151016142151","result_code":"SUCCESS","return_code":"SUCCESS","sign":"787940767A7A146A7C163E2F7B7A8913","time_end":"20151016142202","total_fee":"6000","trade_type":"JSAPI","transaction_id":"1004400869201510161217877948"}
[2015-10-16 14:22:03][debug] query:{"appid":"wx161f19ac48b1f2f3","attach":"\u9a6c\u62c9\u677e\u62a5\u540d","bank_type":"ABC_DEBIT","cash_fee":"6000","fee_type":"CNY","is_subscribe":"Y","mch_id":"1268067601","nonce_str":"rMWeLbcCfbjxRYst","openid":"ouN6_s6LsMtiEdBIEBNAVLNy2hvw","out_trade_no":"126806760120151016142151","result_code":"SUCCESS","return_code":"SUCCESS","return_msg":"OK","sign":"4435EB81D8AAF14DF9F587C8554C2F4D","time_end":"20151016142202","total_fee":"6000","trade_state":"SUCCESS","trade_type":"JSAPI","transaction_id":"1004400869201510161217877948"}
[2015-10-16 14:22:03][debug] call back test:订单查询成功
[2015-10-16 14:22:03][debug] call back test:未入库
[2015-10-16 14:22:03][debug] call back test sql:UPDATE pa_marathon SET ispay =1,transaction_id="1004400869201510161217877948",out_trade_no="126806760120151016142151" WHERE openid ="ouN6_s6LsMtiEdBIEBNAVLNy2hvw"
[2015-10-16 14:22:03][debug] call back test:入库成功
[2015-10-16 14:32:51][debug] begin notify
[2015-10-16 14:32:51][debug] call back test:{"appid":"wx161f19ac48b1f2f3","attach":"\u9a6c\u62c9\u677e\u62a5\u540d","bank_type":"CFT","cash_fee":"6000","fee_type":"CNY","is_subscribe":"Y","mch_id":"1268067601","nonce_str":"4ucapo880syplxitygt5i32rlh5lb49e","openid":"ouN6_s5lnJ5UuDd7Ng7CLxDAenKo","out_trade_no":"126806760120151016143204","result_code":"SUCCESS","return_code":"SUCCESS","sign":"789EE3F56CD5AD2F7520CCAE2D052743","time_end":"20151016143250","total_fee":"6000","trade_type":"JSAPI","transaction_id":"1000800869201510161218008545"}
[2015-10-16 14:32:51][debug] query:{"appid":"wx161f19ac48b1f2f3","attach":"\u9a6c\u62c9\u677e\u62a5\u540d","bank_type":"CFT","cash_fee":"6000","fee_type":"CNY","is_subscribe":"Y","mch_id":"1268067601","nonce_str":"BYmr2hUXyldwpH5p","openid":"ouN6_s5lnJ5UuDd7Ng7CLxDAenKo","out_trade_no":"126806760120151016143204","result_code":"SUCCESS","return_code":"SUCCESS","return_msg":"OK","sign":"0EC0973431A9952DB313FE11DA4035B2","time_end":"20151016143250","total_fee":"6000","trade_state":"SUCCESS","trade_type":"JSAPI","transaction_id":"1000800869201510161218008545"}
[2015-10-16 14:32:51][debug] call back test:订单查询成功
[2015-10-16 14:32:51][debug] call back test:未入库
[2015-10-16 14:32:51][debug] call back test sql:UPDATE pa_marathon SET ispay =1,transaction_id="1000800869201510161218008545",out_trade_no="126806760120151016143204" WHERE openid ="ouN6_s5lnJ5UuDd7Ng7CLxDAenKo"
[2015-10-16 14:32:51][debug] call back test:入库成功
[2015-10-16 14:35:38][debug] begin notify
[2015-10-16 14:35:38][debug] call back test:{"appid":"wx161f19ac48b1f2f3","attach":"\u9a6c\u62c9\u677e\u62a5\u540d","bank_type":"COMM_DEBIT","cash_fee":"6000","fee_type":"CNY","is_subscribe":"N","mch_id":"1268067601","nonce_str":"n1tf9afkbg7guy24j95xlwnrmw6bo8k5","openid":"ouN6_s_ecBKlywayszy0NcMsPg8A","out_trade_no":"126806760120151016143247","result_code":"SUCCESS","return_code":"SUCCESS","sign":"E3976FDD4D155A4AF65664374EE4B638","time_end":"20151016143538","total_fee":"6000","trade_type":"JSAPI","transaction_id":"1005890869201510161218053802"}
[2015-10-16 14:35:44][debug] query:{"appid":"wx161f19ac48b1f2f3","attach":"\u9a6c\u62c9\u677e\u62a5\u540d","bank_type":"COMM_DEBIT","cash_fee":"6000","fee_type":"CNY","is_subscribe":"N","mch_id":"1268067601","nonce_str":"2kjZErQACRSc5516","openid":"ouN6_s_ecBKlywayszy0NcMsPg8A","out_trade_no":"126806760120151016143247","result_code":"SUCCESS","return_code":"SUCCESS","return_msg":"OK","sign":"18282FA027E98AF63670D528C7B2AD2F","time_end":"20151016143537","total_fee":"6000","trade_state":"SUCCESS","trade_type":"JSAPI","transaction_id":"1005890869201510161218053802"}
[2015-10-16 14:35:44][debug] call back test:订单查询成功
[2015-10-16 14:35:44][debug] call back test:未入库
[2015-10-16 14:35:44][debug] call back test sql:UPDATE pa_marathon SET ispay =1,transaction_id="1005890869201510161218053802",out_trade_no="126806760120151016143247" WHERE openid ="ouN6_s_ecBKlywayszy0NcMsPg8A"
[2015-10-16 14:35:44][debug] call back test:入库成功
[2015-10-16 14:35:56][debug] begin notify
[2015-10-16 14:35:56][debug] call back test:{"appid":"wx161f19ac48b1f2f3","attach":"\u9a6c\u62c9\u677e\u62a5\u540d","bank_type":"COMM_DEBIT","cash_fee":"6000","fee_type":"CNY","is_subscribe":"N","mch_id":"1268067601","nonce_str":"n1tf9afkbg7guy24j95xlwnrmw6bo8k5","openid":"ouN6_s_ecBKlywayszy0NcMsPg8A","out_trade_no":"126806760120151016143247","result_code":"SUCCESS","return_code":"SUCCESS","sign":"E3976FDD4D155A4AF65664374EE4B638","time_end":"20151016143538","total_fee":"6000","trade_type":"JSAPI","transaction_id":"1005890869201510161218053802"}
[2015-10-16 14:35:57][debug] query:{"appid":"wx161f19ac48b1f2f3","attach":"\u9a6c\u62c9\u677e\u62a5\u540d","bank_type":"COMM_DEBIT","cash_fee":"6000","fee_type":"CNY","is_subscribe":"Y","mch_id":"1268067601","nonce_str":"UVrx73fmhatPq4eu","openid":"ouN6_s_ecBKlywayszy0NcMsPg8A","out_trade_no":"126806760120151016143247","result_code":"SUCCESS","return_code":"SUCCESS","return_msg":"OK","sign":"9FE3FA9E93DE469B79A4ADA93955CB16","time_end":"20151016143537","total_fee":"6000","trade_state":"SUCCESS","trade_type":"JSAPI","transaction_id":"1005890869201510161218053802"}
[2015-10-16 14:35:57][debug] call back test:订单查询成功
[2015-10-16 14:35:57][debug] call back test:已入库
[2015-10-16 15:22:31][debug] begin notify
[2015-10-16 15:22:31][debug] call back test:{"appid":"wx161f19ac48b1f2f3","attach":"\u9a6c\u62c9\u677e\u62a5\u540d","bank_type":"ABC_DEBIT","cash_fee":"8000","fee_type":"CNY","is_subscribe":"N","mch_id":"1268067601","nonce_str":"dt9g7bukusgc4mwvuvhisrqwu7u2jyau","openid":"ouN6_s3rnj4sk10zTYGmAjMpZGWw","out_trade_no":"126806760120151016152212","result_code":"SUCCESS","return_code":"SUCCESS","sign":"40ABF4392E9F59D4870B3444BB3A39F7","time_end":"20151016152230","total_fee":"8000","trade_type":"JSAPI","transaction_id":"1000320869201510161218580296"}
[2015-10-16 15:22:31][debug] query:{"appid":"wx161f19ac48b1f2f3","attach":"\u9a6c\u62c9\u677e\u62a5\u540d","bank_type":"ABC_DEBIT","cash_fee":"8000","fee_type":"CNY","is_subscribe":"N","mch_id":"1268067601","nonce_str":"WdkimNceW8qXgdo8","openid":"ouN6_s3rnj4sk10zTYGmAjMpZGWw","out_trade_no":"126806760120151016152212","result_code":"SUCCESS","return_code":"SUCCESS","return_msg":"OK","sign":"7B09EC21BFBC632C36CC89B1D363F2F4","time_end":"20151016152230","total_fee":"8000","trade_state":"SUCCESS","trade_type":"JSAPI","transaction_id":"1000320869201510161218580296"}
[2015-10-16 15:22:31][debug] call back test:订单查询成功
[2015-10-16 15:22:31][debug] call back test:未入库
[2015-10-16 15:22:31][debug] call back test sql:UPDATE pa_marathon SET ispay =1,transaction_id="1000320869201510161218580296",out_trade_no="126806760120151016152212" WHERE openid ="ouN6_s3rnj4sk10zTYGmAjMpZGWw"
[2015-10-16 15:22:31][debug] call back test:入库成功
[2015-10-16 15:47:36][debug] begin notify
[2015-10-16 15:47:36][debug] call back test:{"appid":"wx161f19ac48b1f2f3","attach":"\u9a6c\u62c9\u677e\u62a5\u540d","bank_type":"ABC_DEBIT","cash_fee":"4000","fee_type":"CNY","is_subscribe":"Y","mch_id":"1268067601","nonce_str":"ef5oyey2f3otd9mkjd97wow5p6urbz30","openid":"ouN6_s25jWaT4QLqRF3Rri6J83Io","out_trade_no":"126806760120151016154712","result_code":"SUCCESS","return_code":"SUCCESS","sign":"D9080E64BC7A3235D55826C79B064183","time_end":"20151016154736","total_fee":"4000","trade_type":"JSAPI","transaction_id":"1010120869201510161218850199"}
[2015-10-16 15:47:37][debug] query:{"appid":"wx161f19ac48b1f2f3","attach":"\u9a6c\u62c9\u677e\u62a5\u540d","bank_type":"ABC_DEBIT","cash_fee":"4000","fee_type":"CNY","is_subscribe":"Y","mch_id":"1268067601","nonce_str":"Ks1KfBaRN8oQWFZE","openid":"ouN6_s25jWaT4QLqRF3Rri6J83Io","out_trade_no":"126806760120151016154712","result_code":"SUCCESS","return_code":"SUCCESS","return_msg":"OK","sign":"2624FE3295282DEB7D312271DF6ED021","time_end":"20151016154736","total_fee":"4000","trade_state":"SUCCESS","trade_type":"JSAPI","transaction_id":"1010120869201510161218850199"}
[2015-10-16 15:47:37][debug] call back test:订单查询成功
[2015-10-16 15:47:37][debug] call back test:未入库
[2015-10-16 15:47:37][debug] call back test sql:UPDATE pa_marathon SET ispay =1,transaction_id="1010120869201510161218850199",out_trade_no="126806760120151016154712" WHERE openid ="ouN6_s25jWaT4QLqRF3Rri6J83Io"
[2015-10-16 15:47:37][debug] call back test:入库成功
[2015-10-16 16:05:36][debug] begin notify
[2015-10-16 16:05:36][debug] call back test:{"appid":"wx161f19ac48b1f2f3","attach":"\u9a6c\u62c9\u677e\u62a5\u540d","bank_type":"HXB_CREDIT","cash_fee":"6000","fee_type":"CNY","is_subscribe":"N","mch_id":"1268067601","nonce_str":"hjaft9eweec1broo9jq9adizrtw14rxp","openid":"ouN6_s9eelkSCbNzyPC_XC_qJpTE","out_trade_no":"126806760120151016160204","result_code":"SUCCESS","return_code":"SUCCESS","sign":"BCD6FCDA5B7DC2D0C9455739E7CFCF23","time_end":"20151016160536","total_fee":"6000","trade_type":"JSAPI","transaction_id":"1009280869201510161219061959"}
[2015-10-16 16:05:40][debug] query:{"appid":"wx161f19ac48b1f2f3","attach":"\u9a6c\u62c9\u677e\u62a5\u540d","bank_type":"HXB_CREDIT","cash_fee":"6000","fee_type":"CNY","is_subscribe":"N","mch_id":"1268067601","nonce_str":"gcw1CQbhGbqMSR4d","openid":"ouN6_s9eelkSCbNzyPC_XC_qJpTE","out_trade_no":"126806760120151016160204","result_code":"SUCCESS","return_code":"SUCCESS","return_msg":"OK","sign":"5D735905BBE2424D435F252D86410567","time_end":"20151016160533","total_fee":"6000","trade_state":"SUCCESS","trade_type":"JSAPI","transaction_id":"1009280869201510161219061959"}
[2015-10-16 16:05:40][debug] call back test:订单查询成功
[2015-10-16 16:05:40][debug] call back test:未入库
[2015-10-16 16:05:40][debug] call back test sql:UPDATE pa_marathon SET ispay =1,transaction_id="1009280869201510161219061959",out_trade_no="126806760120151016160204" WHERE openid ="ouN6_s9eelkSCbNzyPC_XC_qJpTE"
[2015-10-16 16:05:40][debug] call back test:入库成功
[2015-10-16 16:05:52][debug] begin notify
[2015-10-16 16:05:52][debug] call back test:{"appid":"wx161f19ac48b1f2f3","attach":"\u9a6c\u62c9\u677e\u62a5\u540d","bank_type":"HXB_CREDIT","cash_fee":"6000","fee_type":"CNY","is_subscribe":"N","mch_id":"1268067601","nonce_str":"hjaft9eweec1broo9jq9adizrtw14rxp","openid":"ouN6_s9eelkSCbNzyPC_XC_qJpTE","out_trade_no":"126806760120151016160204","result_code":"SUCCESS","return_code":"SUCCESS","sign":"BCD6FCDA5B7DC2D0C9455739E7CFCF23","time_end":"20151016160536","total_fee":"6000","trade_type":"JSAPI","transaction_id":"1009280869201510161219061959"}
[2015-10-16 16:05:53][debug] query:{"appid":"wx161f19ac48b1f2f3","attach":"\u9a6c\u62c9\u677e\u62a5\u540d","bank_type":"HXB_CREDIT","cash_fee":"6000","fee_type":"CNY","is_subscribe":"Y","mch_id":"1268067601","nonce_str":"4FOS0FP7H5yq0Vij","openid":"ouN6_s9eelkSCbNzyPC_XC_qJpTE","out_trade_no":"126806760120151016160204","result_code":"SUCCESS","return_code":"SUCCESS","return_msg":"OK","sign":"8903A8A3175B3CE6DF636ACE11A7EDF9","time_end":"20151016160533","total_fee":"6000","trade_state":"SUCCESS","trade_type":"JSAPI","transaction_id":"1009280869201510161219061959"}
[2015-10-16 16:05:53][debug] call back test:订单查询成功
[2015-10-16 16:05:53][debug] call back test:已入库
[2015-10-16 16:35:45][debug] begin notify
[2015-10-16 16:35:45][debug] call back test:{"appid":"wx161f19ac48b1f2f3","attach":"\u9a6c\u62c9\u677e\u62a5\u540d","bank_type":"ABC_DEBIT","cash_fee":"6000","fee_type":"CNY","is_subscribe":"Y","mch_id":"1268067601","nonce_str":"kve090bis3l3wkxpocr5s87dhi3j4ofv","openid":"ouN6_s-cEbcbCXcq-5hPsQ-6sdLs","out_trade_no":"126806760120151016163514","result_code":"SUCCESS","return_code":"SUCCESS","sign":"19678D4F9DB81200645AF8D72386FAE5","time_end":"20151016163544","total_fee":"6000","trade_type":"JSAPI","transaction_id":"1001180869201510161219427765"}
[2015-10-16 16:35:45][debug] query:{"appid":"wx161f19ac48b1f2f3","attach":"\u9a6c\u62c9\u677e\u62a5\u540d","bank_type":"ABC_DEBIT","cash_fee":"6000","fee_type":"CNY","is_subscribe":"Y","mch_id":"1268067601","nonce_str":"DoKshfJiCt77PyBS","openid":"ouN6_s-cEbcbCXcq-5hPsQ-6sdLs","out_trade_no":"126806760120151016163514","result_code":"SUCCESS","return_code":"SUCCESS","return_msg":"OK","sign":"6FAC0A58B53335AD9F02701E9EFD0838","time_end":"20151016163543","total_fee":"6000","trade_state":"SUCCESS","trade_type":"JSAPI","transaction_id":"1001180869201510161219427765"}
[2015-10-16 16:35:45][debug] call back test:订单查询成功
[2015-10-16 16:35:45][debug] call back test:未入库
[2015-10-16 16:35:45][debug] call back test sql:UPDATE pa_marathon SET ispay =1,transaction_id="1001180869201510161219427765",out_trade_no="126806760120151016163514" WHERE openid ="ouN6_s-cEbcbCXcq-5hPsQ-6sdLs"
[2015-10-16 16:35:45][debug] call back test:入库成功
[2015-10-16 16:43:16][debug] begin notify
[2015-10-16 16:43:16][debug] call back test:{"appid":"wx161f19ac48b1f2f3","attach":"\u9a6c\u62c9\u677e\u62a5\u540d","bank_type":"CFT","cash_fee":"6000","fee_type":"CNY","is_subscribe":"Y","mch_id":"1268067601","nonce_str":"ip182vp20d4qupto4d74vj1vvf1o8uqt","openid":"ouN6_s-KMn3UZ0S1pDSD2qcUenl4","out_trade_no":"126806760120151016164142","result_code":"SUCCESS","return_code":"SUCCESS","sign":"4E1290D6C934CE4A94C80B7A5B78DA3F","time_end":"20151016164316","total_fee":"6000","trade_type":"JSAPI","transaction_id":"1001410869201510161219504575"}
[2015-10-16 16:43:16][debug] query:{"appid":"wx161f19ac48b1f2f3","attach":"\u9a6c\u62c9\u677e\u62a5\u540d","bank_type":"CFT","cash_fee":"6000","fee_type":"CNY","is_subscribe":"Y","mch_id":"1268067601","nonce_str":"gWA5QWMe3lhZHTch","openid":"ouN6_s-KMn3UZ0S1pDSD2qcUenl4","out_trade_no":"126806760120151016164142","result_code":"SUCCESS","return_code":"SUCCESS","return_msg":"OK","sign":"29333343BE533343DA628829D1F20FF0","time_end":"20151016164315","total_fee":"6000","trade_state":"SUCCESS","trade_type":"JSAPI","transaction_id":"1001410869201510161219504575"}
[2015-10-16 16:43:16][debug] call back test:订单查询成功
[2015-10-16 16:43:16][debug] call back test:未入库
[2015-10-16 16:43:16][debug] call back test sql:UPDATE pa_marathon SET ispay =1,transaction_id="1001410869201510161219504575",out_trade_no="126806760120151016164142" WHERE openid ="ouN6_s-KMn3UZ0S1pDSD2qcUenl4"
[2015-10-16 16:43:16][debug] call back test:入库成功
[2015-10-16 16:49:44][debug] begin notify
[2015-10-16 16:49:44][debug] call back test:{"appid":"wx161f19ac48b1f2f3","attach":"\u9a6c\u62c9\u677e\u62a5\u540d","bank_type":"CFT","cash_fee":"6000","fee_type":"CNY","is_subscribe":"Y","mch_id":"1268067601","nonce_str":"nrf886fv6l72a5lsd46o0vzymj37su3k","openid":"ouN6_swDKoyuMNOS77rmQD-iBmWA","out_trade_no":"126806760120151016164924","result_code":"SUCCESS","return_code":"SUCCESS","sign":"3C05CE7719D4415243345BBF5AE4943A","time_end":"20151016164943","total_fee":"6000","trade_type":"JSAPI","transaction_id":"1002450869201510161219625636"}
[2015-10-16 16:49:45][debug] query:{"appid":"wx161f19ac48b1f2f3","attach":"\u9a6c\u62c9\u677e\u62a5\u540d","bank_type":"CFT","cash_fee":"6000","fee_type":"CNY","is_subscribe":"Y","mch_id":"1268067601","nonce_str":"3yVRvIJdCUPIVzJr","openid":"ouN6_swDKoyuMNOS77rmQD-iBmWA","out_trade_no":"126806760120151016164924","result_code":"SUCCESS","return_code":"SUCCESS","return_msg":"OK","sign":"7A64CAD73C5068AE8530AC8B8D7FDDA3","time_end":"20151016164942","total_fee":"6000","trade_state":"SUCCESS","trade_type":"JSAPI","transaction_id":"1002450869201510161219625636"}
[2015-10-16 16:49:45][debug] call back test:订单查询成功
[2015-10-16 16:49:45][debug] call back test:未入库
[2015-10-16 16:49:45][debug] call back test sql:UPDATE pa_marathon SET ispay =1,transaction_id="1002450869201510161219625636",out_trade_no="126806760120151016164924" WHERE openid ="ouN6_swDKoyuMNOS77rmQD-iBmWA"
[2015-10-16 16:49:45][debug] call back test:入库成功
[2015-10-16 16:50:48][debug] begin notify
[2015-10-16 16:50:48][debug] call back test:{"appid":"wx161f19ac48b1f2f3","attach":"\u9a6c\u62c9\u677e\u62a5\u540d","bank_type":"CMB_DEBIT","cash_fee":"6000","fee_type":"CNY","is_subscribe":"N","mch_id":"1268067601","nonce_str":"i56skfwmg3ju4kqtnbc4b246phan5tg9","openid":"ouN6_s3k3Pnr4xVozNxmo8htT9Uo","out_trade_no":"126806760120151016164933","result_code":"SUCCESS","return_code":"SUCCESS","sign":"D3B6F5129B9BBAEFDAD38841AD13A7D2","time_end":"20151016165047","total_fee":"6000","trade_type":"JSAPI","transaction_id":"1005280869201510161219613981"}
[2015-10-16 16:51:05][debug] begin notify
[2015-10-16 16:51:05][debug] call back test:{"appid":"wx161f19ac48b1f2f3","attach":"\u9a6c\u62c9\u677e\u62a5\u540d","bank_type":"CMB_DEBIT","cash_fee":"6000","fee_type":"CNY","is_subscribe":"N","mch_id":"1268067601","nonce_str":"i56skfwmg3ju4kqtnbc4b246phan5tg9","openid":"ouN6_s3k3Pnr4xVozNxmo8htT9Uo","out_trade_no":"126806760120151016164933","result_code":"SUCCESS","return_code":"SUCCESS","sign":"D3B6F5129B9BBAEFDAD38841AD13A7D2","time_end":"20151016165047","total_fee":"6000","trade_type":"JSAPI","transaction_id":"1005280869201510161219613981"}
[2015-10-16 16:51:25][debug] begin notify
[2015-10-16 16:51:25][debug] call back test:{"appid":"wx161f19ac48b1f2f3","attach":"\u9a6c\u62c9\u677e\u62a5\u540d","bank_type":"CMB_DEBIT","cash_fee":"6000","fee_type":"CNY","is_subscribe":"N","mch_id":"1268067601","nonce_str":"i56skfwmg3ju4kqtnbc4b246phan5tg9","openid":"ouN6_s3k3Pnr4xVozNxmo8htT9Uo","out_trade_no":"126806760120151016164933","result_code":"SUCCESS","return_code":"SUCCESS","sign":"D3B6F5129B9BBAEFDAD38841AD13A7D2","time_end":"20151016165047","total_fee":"6000","trade_type":"JSAPI","transaction_id":"1005280869201510161219613981"}
[2015-10-16 16:51:30][debug] query:{"appid":"wx161f19ac48b1f2f3","attach":"\u9a6c\u62c9\u677e\u62a5\u540d","bank_type":"CMB_DEBIT","cash_fee":"6000","fee_type":"CNY","is_subscribe":"Y","mch_id":"1268067601","nonce_str":"81nIH5TFkUfGPCHH","openid":"ouN6_s3k3Pnr4xVozNxmo8htT9Uo","out_trade_no":"126806760120151016164933","result_code":"SUCCESS","return_code":"SUCCESS","return_msg":"OK","sign":"CF9AFBAB0370FBB65F23F214ADAC4FA7","time_end":"20151016165047","total_fee":"6000","trade_state":"SUCCESS","trade_type":"JSAPI","transaction_id":"1005280869201510161219613981"}
[2015-10-16 16:51:30][debug] call back test:订单查询成功
[2015-10-16 16:51:30][debug] call back test:未入库
[2015-10-16 16:51:30][debug] call back test sql:UPDATE pa_marathon SET ispay =1,transaction_id="1005280869201510161219613981",out_trade_no="126806760120151016164933" WHERE openid ="ouN6_s3k3Pnr4xVozNxmo8htT9Uo"
[2015-10-16 16:51:30][debug] call back test:入库成功
[2015-10-16 16:52:02][debug] begin notify
[2015-10-16 16:52:02][debug] call back test:{"appid":"wx161f19ac48b1f2f3","attach":"\u9a6c\u62c9\u677e\u62a5\u540d","bank_type":"CMB_DEBIT","cash_fee":"6000","fee_type":"CNY","is_subscribe":"N","mch_id":"1268067601","nonce_str":"i56skfwmg3ju4kqtnbc4b246phan5tg9","openid":"ouN6_s3k3Pnr4xVozNxmo8htT9Uo","out_trade_no":"126806760120151016164933","result_code":"SUCCESS","return_code":"SUCCESS","sign":"D3B6F5129B9BBAEFDAD38841AD13A7D2","time_end":"20151016165047","total_fee":"6000","trade_type":"JSAPI","transaction_id":"1005280869201510161219613981"}
[2015-10-16 16:52:03][debug] query:{"appid":"wx161f19ac48b1f2f3","attach":"\u9a6c\u62c9\u677e\u62a5\u540d","bank_type":"CMB_DEBIT","cash_fee":"6000","fee_type":"CNY","is_subscribe":"Y","mch_id":"1268067601","nonce_str":"7M4h7cH0Y7O0mggJ","openid":"ouN6_s3k3Pnr4xVozNxmo8htT9Uo","out_trade_no":"126806760120151016164933","result_code":"SUCCESS","return_code":"SUCCESS","return_msg":"OK","sign":"74102CA9169DF9CBD4B2CA7268F58646","time_end":"20151016165047","total_fee":"6000","trade_state":"SUCCESS","trade_type":"JSAPI","transaction_id":"1005280869201510161219613981"}
[2015-10-16 16:52:03][debug] call back test:订单查询成功
[2015-10-16 16:52:03][debug] call back test:已入库
[2015-10-16 17:20:39][debug] begin notify
[2015-10-16 17:20:39][debug] call back test:{"appid":"wx161f19ac48b1f2f3","attach":"\u9a6c\u62c9\u677e\u62a5\u540d","bank_type":"CFT","cash_fee":"6000","fee_type":"CNY","is_subscribe":"Y","mch_id":"1268067601","nonce_str":"0f14nxbc17i3vrpgfaawankygfrq40hs","openid":"ouN6_sz1_n4__ra0UMGXbaSFT31c","out_trade_no":"126806760120151016172017","result_code":"SUCCESS","return_code":"SUCCESS","sign":"E6C301CE2AD5E41E1245CD6CEFBB9CE4","time_end":"20151016172037","total_fee":"6000","trade_type":"JSAPI","transaction_id":"1005330869201510161220049008"}
[2015-10-16 17:20:39][debug] query:{"appid":"wx161f19ac48b1f2f3","attach":"\u9a6c\u62c9\u677e\u62a5\u540d","bank_type":"CFT","cash_fee":"6000","fee_type":"CNY","is_subscribe":"Y","mch_id":"1268067601","nonce_str":"b5qN5Uf5jM8mq8jg","openid":"ouN6_sz1_n4__ra0UMGXbaSFT31c","out_trade_no":"126806760120151016172017","result_code":"SUCCESS","return_code":"SUCCESS","return_msg":"OK","sign":"AA94FAEB2BBF1913BD8FC6701EFE57E7","time_end":"20151016172037","total_fee":"6000","trade_state":"SUCCESS","trade_type":"JSAPI","transaction_id":"1005330869201510161220049008"}
[2015-10-16 17:20:39][debug] call back test:订单查询成功
[2015-10-16 17:20:39][debug] call back test:未入库
[2015-10-16 17:20:39][debug] call back test sql:UPDATE pa_marathon SET ispay =1,transaction_id="1005330869201510161220049008",out_trade_no="126806760120151016172017" WHERE openid ="ouN6_sz1_n4__ra0UMGXbaSFT31c"
[2015-10-16 17:20:39][debug] call back test:入库成功
[2015-10-16 18:10:23][debug] begin notify
[2015-10-16 18:10:23][debug] call back test:{"appid":"wx161f19ac48b1f2f3","attach":"\u9a6c\u62c9\u677e\u62a5\u540d","bank_type":"BOC_DEBIT","cash_fee":"6000","fee_type":"CNY","is_subscribe":"Y","mch_id":"1268067601","nonce_str":"k3svbehyokn917izjyw1y00zyoebxwnx","openid":"ouN6_s2vZZvdBuXed-nukCK-VZnY","out_trade_no":"126806760120151016181009","result_code":"SUCCESS","return_code":"SUCCESS","sign":"7D9024E208890B30EF41071B630E3B65","time_end":"20151016181022","total_fee":"6000","trade_type":"JSAPI","transaction_id":"1004390869201510161220807214"}
[2015-10-16 18:10:23][debug] query:{"appid":"wx161f19ac48b1f2f3","attach":"\u9a6c\u62c9\u677e\u62a5\u540d","bank_type":"BOC_DEBIT","cash_fee":"6000","fee_type":"CNY","is_subscribe":"Y","mch_id":"1268067601","nonce_str":"YGrYHuMgGe47N6eS","openid":"ouN6_s2vZZvdBuXed-nukCK-VZnY","out_trade_no":"126806760120151016181009","result_code":"SUCCESS","return_code":"SUCCESS","return_msg":"OK","sign":"B5B8248E914C294EF6D8E7D1F7AE1E06","time_end":"20151016181021","total_fee":"6000","trade_state":"SUCCESS","trade_type":"JSAPI","transaction_id":"1004390869201510161220807214"}
[2015-10-16 18:10:23][debug] call back test:订单查询成功
[2015-10-16 18:10:23][debug] call back test:未入库
[2015-10-16 18:10:23][debug] call back test sql:UPDATE pa_marathon SET ispay =1,transaction_id="1004390869201510161220807214",out_trade_no="126806760120151016181009" WHERE openid ="ouN6_s2vZZvdBuXed-nukCK-VZnY"
[2015-10-16 18:10:23][debug] call back test:入库成功
[2015-10-16 18:16:58][debug] begin notify
[2015-10-16 18:16:58][debug] call back test:{"appid":"wx161f19ac48b1f2f3","attach":"\u9a6c\u62c9\u677e\u62a5\u540d","bank_type":"CCB_DEBIT","cash_fee":"4000","fee_type":"CNY","is_subscribe":"Y","mch_id":"1268067601","nonce_str":"zplub533kq9m5b3k02qkn0yrfchdg25h","openid":"ouN6_s2KjcvpXlC_8vEaolG-YAzg","out_trade_no":"126806760120151016181634","result_code":"SUCCESS","return_code":"SUCCESS","sign":"B8274DF79D1D952CCF92444A2C5E4ED1","time_end":"20151016181657","total_fee":"4000","trade_type":"JSAPI","transaction_id":"1006050869201510161220891353"}
[2015-10-16 18:16:58][debug] query:{"appid":"wx161f19ac48b1f2f3","attach":"\u9a6c\u62c9\u677e\u62a5\u540d","bank_type":"CCB_DEBIT","cash_fee":"4000","fee_type":"CNY","is_subscribe":"Y","mch_id":"1268067601","nonce_str":"WFjUjDFGllbhQZli","openid":"ouN6_s2KjcvpXlC_8vEaolG-YAzg","out_trade_no":"126806760120151016181634","result_code":"SUCCESS","return_code":"SUCCESS","return_msg":"OK","sign":"A949035131A3108DC84B19C5F26FD6E4","time_end":"20151016181657","total_fee":"4000","trade_state":"SUCCESS","trade_type":"JSAPI","transaction_id":"1006050869201510161220891353"}
[2015-10-16 18:16:58][debug] call back test:订单查询成功
[2015-10-16 18:16:58][debug] call back test:未入库
[2015-10-16 18:16:58][debug] call back test sql:UPDATE pa_marathon SET ispay =1,transaction_id="1006050869201510161220891353",out_trade_no="126806760120151016181634" WHERE openid ="ouN6_s2KjcvpXlC_8vEaolG-YAzg"
[2015-10-16 18:16:58][debug] call back test:入库成功
[2015-10-16 18:41:06][debug] begin notify
[2015-10-16 18:41:06][debug] call back test:{"appid":"wx161f19ac48b1f2f3","attach":"\u9a6c\u62c9\u677e\u62a5\u540d","bank_type":"CFT","cash_fee":"4000","fee_type":"CNY","is_subscribe":"Y","mch_id":"1268067601","nonce_str":"nvuqli9hv0kc5jb3nyurs3mqzkcrpqv8","openid":"ouN6_s_DQTiaW0smRsk8gNknvSvc","out_trade_no":"126806760120151016184051","result_code":"SUCCESS","return_code":"SUCCESS","sign":"F243CEA91675A58BB4AD9F8216717E17","time_end":"20151016184105","total_fee":"4000","trade_type":"JSAPI","transaction_id":"1001440869201510161221292245"}
[2015-10-16 18:41:06][debug] query:{"appid":"wx161f19ac48b1f2f3","attach":"\u9a6c\u62c9\u677e\u62a5\u540d","bank_type":"CFT","cash_fee":"4000","fee_type":"CNY","is_subscribe":"Y","mch_id":"1268067601","nonce_str":"E0BVclfmGwmWvZxw","openid":"ouN6_s_DQTiaW0smRsk8gNknvSvc","out_trade_no":"126806760120151016184051","result_code":"SUCCESS","return_code":"SUCCESS","return_msg":"OK","sign":"B05CE5B849DFA02DE6C60C32957F335D","time_end":"20151016184105","total_fee":"4000","trade_state":"SUCCESS","trade_type":"JSAPI","transaction_id":"1001440869201510161221292245"}
[2015-10-16 18:41:06][debug] call back test:订单查询成功
[2015-10-16 18:41:06][debug] call back test:未入库
[2015-10-16 18:41:06][debug] call back test sql:UPDATE pa_marathon SET ispay =1,transaction_id="1001440869201510161221292245",out_trade_no="126806760120151016184051" WHERE openid ="ouN6_s_DQTiaW0smRsk8gNknvSvc"
[2015-10-16 18:41:06][debug] call back test:入库成功
[2015-10-16 18:47:18][debug] begin notify
[2015-10-16 18:47:18][debug] call back test:{"appid":"wx161f19ac48b1f2f3","attach":"\u9a6c\u62c9\u677e\u62a5\u540d","bank_type":"CFT","cash_fee":"6000","fee_type":"CNY","is_subscribe":"Y","mch_id":"1268067601","nonce_str":"imxg8pvad6zrgxpqbzpgdsg0cjbylkq6","openid":"ouN6_s4tnbSIOiquC7nck82X9Kpg","out_trade_no":"126806760120151016184350","result_code":"SUCCESS","return_code":"SUCCESS","sign":"1D4E78BD0EC859BBECE6D4A7E547D374","time_end":"20151016184716","total_fee":"6000","trade_type":"JSAPI","transaction_id":"1002320869201510161221389828"}
[2015-10-16 18:47:18][debug] query:{"appid":"wx161f19ac48b1f2f3","attach":"\u9a6c\u62c9\u677e\u62a5\u540d","bank_type":"CFT","cash_fee":"6000","fee_type":"CNY","is_subscribe":"Y","mch_id":"1268067601","nonce_str":"j6Vqc0h37OO0XB69","openid":"ouN6_s4tnbSIOiquC7nck82X9Kpg","out_trade_no":"126806760120151016184350","result_code":"SUCCESS","return_code":"SUCCESS","return_msg":"OK","sign":"6C00FB121D363D755945696BD9111358","time_end":"20151016184716","total_fee":"6000","trade_state":"SUCCESS","trade_type":"JSAPI","transaction_id":"1002320869201510161221389828"}
[2015-10-16 18:47:18][debug] call back test:订单查询成功
[2015-10-16 18:47:18][debug] call back test:未入库
[2015-10-16 18:47:18][debug] call back test sql:UPDATE pa_marathon SET ispay =1,transaction_id="1002320869201510161221389828",out_trade_no="126806760120151016184350" WHERE openid ="ouN6_s4tnbSIOiquC7nck82X9Kpg"
[2015-10-16 18:47:18][debug] call back test:入库成功
[2015-10-16 18:50:01][debug] begin notify
[2015-10-16 18:50:01][debug] call back test:{"appid":"wx161f19ac48b1f2f3","attach":"\u9a6c\u62c9\u677e\u62a5\u540d","bank_type":"ICBC_DEBIT","cash_fee":"6000","fee_type":"CNY","is_subscribe":"Y","mch_id":"1268067601","nonce_str":"kd066yw7143eeifdtglxjhsum26j80bv","openid":"ouN6_sxu4uO5hwsLcXfy1U60JmPM","out_trade_no":"126806760120151016184615","result_code":"SUCCESS","return_code":"SUCCESS","sign":"482A61C829B2C73EF814E00A75B62962","time_end":"20151016185000","total_fee":"6000","trade_type":"JSAPI","transaction_id":"1000890869201510161221427659"}
[2015-10-16 18:50:04][debug] query:{"appid":"wx161f19ac48b1f2f3","attach":"\u9a6c\u62c9\u677e\u62a5\u540d","bank_type":"ICBC_DEBIT","cash_fee":"6000","fee_type":"CNY","is_subscribe":"Y","mch_id":"1268067601","nonce_str":"ZZVu5aC0zShdvPVr","openid":"ouN6_sxu4uO5hwsLcXfy1U60JmPM","out_trade_no":"126806760120151016184615","result_code":"SUCCESS","return_code":"SUCCESS","return_msg":"OK","sign":"5665171E9FFFA7C5BD0CA4BA0FDFD419","time_end":"20151016185000","total_fee":"6000","trade_state":"SUCCESS","trade_type":"JSAPI","transaction_id":"1000890869201510161221427659"}
[2015-10-16 18:50:04][debug] call back test:订单查询成功
[2015-10-16 18:50:04][debug] call back test:未入库
[2015-10-16 18:50:04][debug] call back test sql:UPDATE pa_marathon SET ispay =1,transaction_id="1000890869201510161221427659",out_trade_no="126806760120151016184615" WHERE openid ="ouN6_sxu4uO5hwsLcXfy1U60JmPM"
[2015-10-16 18:50:04][debug] call back test:入库成功
[2015-10-16 18:50:16][debug] begin notify
[2015-10-16 18:50:16][debug] call back test:{"appid":"wx161f19ac48b1f2f3","attach":"\u9a6c\u62c9\u677e\u62a5\u540d","bank_type":"ICBC_DEBIT","cash_fee":"6000","fee_type":"CNY","is_subscribe":"Y","mch_id":"1268067601","nonce_str":"kd066yw7143eeifdtglxjhsum26j80bv","openid":"ouN6_sxu4uO5hwsLcXfy1U60JmPM","out_trade_no":"126806760120151016184615","result_code":"SUCCESS","return_code":"SUCCESS","sign":"482A61C829B2C73EF814E00A75B62962","time_end":"20151016185000","total_fee":"6000","trade_type":"JSAPI","transaction_id":"1000890869201510161221427659"}
[2015-10-16 18:50:17][debug] query:{"appid":"wx161f19ac48b1f2f3","attach":"\u9a6c\u62c9\u677e\u62a5\u540d","bank_type":"ICBC_DEBIT","cash_fee":"6000","fee_type":"CNY","is_subscribe":"Y","mch_id":"1268067601","nonce_str":"nr2QJxS8rSWinc7K","openid":"ouN6_sxu4uO5hwsLcXfy1U60JmPM","out_trade_no":"126806760120151016184615","result_code":"SUCCESS","return_code":"SUCCESS","return_msg":"OK","sign":"ED0D327E70A2A6FF86D2FB088C2183D1","time_end":"20151016185000","total_fee":"6000","trade_state":"SUCCESS","trade_type":"JSAPI","transaction_id":"1000890869201510161221427659"}
[2015-10-16 18:50:17][debug] call back test:订单查询成功
[2015-10-16 18:50:17][debug] call back test:已入库
[2015-10-16 19:13:54][debug] begin notify
[2015-10-16 19:13:54][debug] call back test:{"appid":"wx161f19ac48b1f2f3","attach":"\u9a6c\u62c9\u677e\u62a5\u540d","bank_type":"CFT","cash_fee":"6000","fee_type":"CNY","is_subscribe":"N","mch_id":"1268067601","nonce_str":"zyvch8xzgr8e9sq46gr2cd936c8vkl8s","openid":"ouN6_s6i7ZOdgYdSOlILsyUuu6n8","out_trade_no":"126806760120151016191310","result_code":"SUCCESS","return_code":"SUCCESS","sign":"B6DEE98FDF1C79FD0A848F5D246844F2","time_end":"20151016191353","total_fee":"6000","trade_type":"JSAPI","transaction_id":"1003310869201510161221809801"}
[2015-10-16 19:13:54][debug] query:{"appid":"wx161f19ac48b1f2f3","attach":"\u9a6c\u62c9\u677e\u62a5\u540d","bank_type":"CFT","cash_fee":"6000","fee_type":"CNY","is_subscribe":"N","mch_id":"1268067601","nonce_str":"WI3DxyMuPyukmbvB","openid":"ouN6_s6i7ZOdgYdSOlILsyUuu6n8","out_trade_no":"126806760120151016191310","result_code":"SUCCESS","return_code":"SUCCESS","return_msg":"OK","sign":"3666C41877C7F8A2FE98E20DAFB6A2C3","time_end":"20151016191353","total_fee":"6000","trade_state":"SUCCESS","trade_type":"JSAPI","transaction_id":"1003310869201510161221809801"}
[2015-10-16 19:13:54][debug] call back test:订单查询成功
[2015-10-16 19:13:54][debug] call back test:未入库
[2015-10-16 19:13:54][debug] call back test sql:UPDATE pa_marathon SET ispay =1,transaction_id="1003310869201510161221809801",out_trade_no="126806760120151016191310" WHERE openid ="ouN6_s6i7ZOdgYdSOlILsyUuu6n8"
[2015-10-16 19:13:54][debug] call back test:入库成功
[2015-10-16 19:16:02][debug] begin notify
[2015-10-16 19:16:02][debug] call back test:{"appid":"wx161f19ac48b1f2f3","attach":"\u9a6c\u62c9\u677e\u62a5\u540d","bank_type":"PAB_CREDIT","cash_fee":"6000","fee_type":"CNY","is_subscribe":"Y","mch_id":"1268067601","nonce_str":"qtwwkwiota8qqcoxg1u62sjw8z07pn56","openid":"ouN6_s2BChTtrJaSqqmAX2nzy8GA","out_trade_no":"126806760120151016191538","result_code":"SUCCESS","return_code":"SUCCESS","sign":"94C94237296F209A43F65CFEEE1DAD1B","time_end":"20151016191602","total_fee":"6000","trade_type":"JSAPI","transaction_id":"1004040869201510161221827723"}
[2015-10-16 19:16:03][debug] query:{"appid":"wx161f19ac48b1f2f3","attach":"\u9a6c\u62c9\u677e\u62a5\u540d","bank_type":"SDB_CREDIT","cash_fee":"6000","fee_type":"CNY","is_subscribe":"Y","mch_id":"1268067601","nonce_str":"DAObgQusDCWXt0r7","openid":"ouN6_s2BChTtrJaSqqmAX2nzy8GA","out_trade_no":"126806760120151016191538","result_code":"SUCCESS","return_code":"SUCCESS","return_msg":"OK","sign":"58D57C7F16DBECBC25A858185CAEFEB6","time_end":"20151016191601","total_fee":"6000","trade_state":"SUCCESS","trade_type":"JSAPI","transaction_id":"1004040869201510161221827723"}
[2015-10-16 19:16:03][debug] call back test:订单查询成功
[2015-10-16 19:16:03][debug] call back test:未入库
[2015-10-16 19:16:03][debug] call back test sql:UPDATE pa_marathon SET ispay =1,transaction_id="1004040869201510161221827723",out_trade_no="126806760120151016191538" WHERE openid ="ouN6_s2BChTtrJaSqqmAX2nzy8GA"
[2015-10-16 19:16:03][debug] call back test:入库成功
[2015-10-16 19:19:53][debug] begin notify
[2015-10-16 19:19:53][debug] call back test:{"appid":"wx161f19ac48b1f2f3","attach":"\u9a6c\u62c9\u677e\u62a5\u540d","bank_type":"BOC_DEBIT","cash_fee":"6000","fee_type":"CNY","is_subscribe":"N","mch_id":"1268067601","nonce_str":"jvfudqlajmkle1sixwmfxwu023asuxxx","openid":"ouN6_s5CjsU3lBJP9z06MZuE5emk","out_trade_no":"126806760120151016191518","result_code":"SUCCESS","return_code":"SUCCESS","sign":"B54EE241D9AEE78672539CE6BCF9FE1E","time_end":"20151016191951","total_fee":"6000","trade_type":"JSAPI","transaction_id":"1001210869201510161221881372"}
[2015-10-16 19:20:06][debug] begin notify
[2015-10-16 19:20:06][debug] call back test:{"appid":"wx161f19ac48b1f2f3","attach":"\u9a6c\u62c9\u677e\u62a5\u540d","bank_type":"BOC_DEBIT","cash_fee":"6000","fee_type":"CNY","is_subscribe":"N","mch_id":"1268067601","nonce_str":"jvfudqlajmkle1sixwmfxwu023asuxxx","openid":"ouN6_s5CjsU3lBJP9z06MZuE5emk","out_trade_no":"126806760120151016191518","result_code":"SUCCESS","return_code":"SUCCESS","sign":"B54EE241D9AEE78672539CE6BCF9FE1E","time_end":"20151016191951","total_fee":"6000","trade_type":"JSAPI","transaction_id":"1001210869201510161221881372"}
[2015-10-16 19:20:27][debug] begin notify
[2015-10-16 19:20:27][debug] call back test:{"appid":"wx161f19ac48b1f2f3","attach":"\u9a6c\u62c9\u677e\u62a5\u540d","bank_type":"BOC_DEBIT","cash_fee":"6000","fee_type":"CNY","is_subscribe":"N","mch_id":"1268067601","nonce_str":"jvfudqlajmkle1sixwmfxwu023asuxxx","openid":"ouN6_s5CjsU3lBJP9z06MZuE5emk","out_trade_no":"126806760120151016191518","result_code":"SUCCESS","return_code":"SUCCESS","sign":"B54EE241D9AEE78672539CE6BCF9FE1E","time_end":"20151016191951","total_fee":"6000","trade_type":"JSAPI","transaction_id":"1001210869201510161221881372"}
[2015-10-16 19:20:32][debug] query:{"appid":"wx161f19ac48b1f2f3","attach":"\u9a6c\u62c9\u677e\u62a5\u540d","bank_type":"BOC_DEBIT","cash_fee":"6000","fee_type":"CNY","is_subscribe":"Y","mch_id":"1268067601","nonce_str":"xwbM6zhJONzQrK4j","openid":"ouN6_s5CjsU3lBJP9z06MZuE5emk","out_trade_no":"126806760120151016191518","result_code":"SUCCESS","return_code":"SUCCESS","return_msg":"OK","sign":"B52438C319671C7CC5962467D469A7B7","time_end":"20151016191950","total_fee":"6000","trade_state":"SUCCESS","trade_type":"JSAPI","transaction_id":"1001210869201510161221881372"}
[2015-10-16 19:20:32][debug] call back test:订单查询成功
[2015-10-16 19:20:32][debug] call back test:未入库
[2015-10-16 19:20:32][debug] call back test sql:UPDATE pa_marathon SET ispay =1,transaction_id="1001210869201510161221881372",out_trade_no="126806760120151016191518" WHERE openid ="ouN6_s5CjsU3lBJP9z06MZuE5emk"
[2015-10-16 19:20:32][debug] call back test:入库成功
[2015-10-16 19:20:38][debug] begin notify
[2015-10-16 19:20:38][debug] call back test:{"appid":"wx161f19ac48b1f2f3","attach":"\u9a6c\u62c9\u677e\u62a5\u540d","bank_type":"ABC_DEBIT","cash_fee":"6000","fee_type":"CNY","is_subscribe":"Y","mch_id":"1268067601","nonce_str":"l9nqngt1op9qhqnjy8407hx9ttypim3i","openid":"ouN6_s76Q1WMWlZsNC6C18cNYLVQ","out_trade_no":"126806760120151016191747","result_code":"SUCCESS","return_code":"SUCCESS","sign":"1B5CFE566E10C06DF4851688E253BD74","time_end":"20151016192038","total_fee":"6000","trade_type":"JSAPI","transaction_id":"1004870869201510161221896754"}
[2015-10-16 19:20:38][debug] query:{"appid":"wx161f19ac48b1f2f3","attach":"\u9a6c\u62c9\u677e\u62a5\u540d","bank_type":"ABC_DEBIT","cash_fee":"6000","fee_type":"CNY","is_subscribe":"Y","mch_id":"1268067601","nonce_str":"eZQGkUboNBq2sWnm","openid":"ouN6_s76Q1WMWlZsNC6C18cNYLVQ","out_trade_no":"126806760120151016191747","result_code":"SUCCESS","return_code":"SUCCESS","return_msg":"OK","sign":"15836E697E34A392A72FC0A147E00400","time_end":"20151016192037","total_fee":"6000","trade_state":"SUCCESS","trade_type":"JSAPI","transaction_id":"1004870869201510161221896754"}
[2015-10-16 19:20:38][debug] call back test:订单查询成功
[2015-10-16 19:20:38][debug] call back test:未入库
[2015-10-16 19:20:38][debug] call back test sql:UPDATE pa_marathon SET ispay =1,transaction_id="1004870869201510161221896754",out_trade_no="126806760120151016191747" WHERE openid ="ouN6_s76Q1WMWlZsNC6C18cNYLVQ"
[2015-10-16 19:20:38][debug] call back test:入库成功
[2015-10-16 19:21:03][debug] begin notify
[2015-10-16 19:21:03][debug] call back test:{"appid":"wx161f19ac48b1f2f3","attach":"\u9a6c\u62c9\u677e\u62a5\u540d","bank_type":"BOC_DEBIT","cash_fee":"6000","fee_type":"CNY","is_subscribe":"N","mch_id":"1268067601","nonce_str":"jvfudqlajmkle1sixwmfxwu023asuxxx","openid":"ouN6_s5CjsU3lBJP9z06MZuE5emk","out_trade_no":"126806760120151016191518","result_code":"SUCCESS","return_code":"SUCCESS","sign":"B54EE241D9AEE78672539CE6BCF9FE1E","time_end":"20151016191951","total_fee":"6000","trade_type":"JSAPI","transaction_id":"1001210869201510161221881372"}
[2015-10-16 19:21:03][debug] query:{"appid":"wx161f19ac48b1f2f3","attach":"\u9a6c\u62c9\u677e\u62a5\u540d","bank_type":"BOC_DEBIT","cash_fee":"6000","fee_type":"CNY","is_subscribe":"Y","mch_id":"1268067601","nonce_str":"uj32X5V4XxbHtYbd","openid":"ouN6_s5CjsU3lBJP9z06MZuE5emk","out_trade_no":"126806760120151016191518","result_code":"SUCCESS","return_code":"SUCCESS","return_msg":"OK","sign":"4859DFA5C4E7C9B2DA69BBD19268455F","time_end":"20151016191950","total_fee":"6000","trade_state":"SUCCESS","trade_type":"JSAPI","transaction_id":"1001210869201510161221881372"}
[2015-10-16 19:21:03][debug] call back test:订单查询成功
[2015-10-16 19:21:03][debug] call back test:已入库
[2015-10-16 19:55:15][debug] begin notify
[2015-10-16 19:55:15][debug] call back test:{"appid":"wx161f19ac48b1f2f3","attach":"\u9a6c\u62c9\u677e\u62a5\u540d","bank_type":"CMB_DEBIT","cash_fee":"6000","fee_type":"CNY","is_subscribe":"Y","mch_id":"1268067601","nonce_str":"adtmac1ynsm7dgjsgczrg0dtbjunod1k","openid":"ouN6_s3nq662o7H-SZLGC5W66zS4","out_trade_no":"126806760120151016195003","result_code":"SUCCESS","return_code":"SUCCESS","sign":"435EA2252C49899AF2086069FD664B7A","time_end":"20151016195514","total_fee":"6000","trade_type":"JSAPI","transaction_id":"1004200869201510161222329994"}
[2015-10-16 19:55:19][debug] query:{"appid":"wx161f19ac48b1f2f3","attach":"\u9a6c\u62c9\u677e\u62a5\u540d","bank_type":"CMB_DEBIT","cash_fee":"6000","fee_type":"CNY","is_subscribe":"Y","mch_id":"1268067601","nonce_str":"QNRComBfIqxMVWK0","openid":"ouN6_s3nq662o7H-SZLGC5W66zS4","out_trade_no":"126806760120151016195003","result_code":"SUCCESS","return_code":"SUCCESS","return_msg":"OK","sign":"7BFE2A6E18E0BC63842CD92849E7E013","time_end":"20151016195455","total_fee":"6000","trade_state":"SUCCESS","trade_type":"JSAPI","transaction_id":"1004200869201510161222329994"}
[2015-10-16 19:55:19][debug] call back test:订单查询成功
[2015-10-16 19:55:19][debug] call back test:未入库
[2015-10-16 19:55:19][debug] call back test sql:UPDATE pa_marathon SET ispay =1,transaction_id="1004200869201510161222329994",out_trade_no="126806760120151016195003" WHERE openid ="ouN6_s3nq662o7H-SZLGC5W66zS4"
[2015-10-16 19:55:19][debug] call back test:入库成功
[2015-10-16 19:55:30][debug] begin notify
[2015-10-16 19:55:30][debug] call back test:{"appid":"wx161f19ac48b1f2f3","attach":"\u9a6c\u62c9\u677e\u62a5\u540d","bank_type":"CMB_DEBIT","cash_fee":"6000","fee_type":"CNY","is_subscribe":"Y","mch_id":"1268067601","nonce_str":"adtmac1ynsm7dgjsgczrg0dtbjunod1k","openid":"ouN6_s3nq662o7H-SZLGC5W66zS4","out_trade_no":"126806760120151016195003","result_code":"SUCCESS","return_code":"SUCCESS","sign":"435EA2252C49899AF2086069FD664B7A","time_end":"20151016195514","total_fee":"6000","trade_type":"JSAPI","transaction_id":"1004200869201510161222329994"}
[2015-10-16 19:55:30][debug] query:{"appid":"wx161f19ac48b1f2f3","attach":"\u9a6c\u62c9\u677e\u62a5\u540d","bank_type":"CMB_DEBIT","cash_fee":"6000","fee_type":"CNY","is_subscribe":"Y","mch_id":"1268067601","nonce_str":"4Yo1JbZhuJtDeTkx","openid":"ouN6_s3nq662o7H-SZLGC5W66zS4","out_trade_no":"126806760120151016195003","result_code":"SUCCESS","return_code":"SUCCESS","return_msg":"OK","sign":"A543BB21282D953C09A4967D5F25B201","time_end":"20151016195455","total_fee":"6000","trade_state":"SUCCESS","trade_type":"JSAPI","transaction_id":"1004200869201510161222329994"}
[2015-10-16 19:55:30][debug] call back test:订单查询成功
[2015-10-16 19:55:30][debug] call back test:已入库
[2015-10-16 20:11:31][debug] begin notify
[2015-10-16 20:11:31][debug] call back test:{"appid":"wx161f19ac48b1f2f3","attach":"\u9a6c\u62c9\u677e\u62a5\u540d","bank_type":"CCB_DEBIT","cash_fee":"6000","fee_type":"CNY","is_subscribe":"Y","mch_id":"1268067601","nonce_str":"17ztton9gxhkpwb4lf1bxbzmhiplpiaq","openid":"ouN6_s6ATtk49QAdGNO8mJ6W7x-E","out_trade_no":"126806760120151016201041","result_code":"SUCCESS","return_code":"SUCCESS","sign":"F59280FA43BB1A9A87B6784BDD09C804","time_end":"20151016201131","total_fee":"6000","trade_type":"JSAPI","transaction_id":"1007930869201510161222664417"}
[2015-10-16 20:11:32][debug] query:{"appid":"wx161f19ac48b1f2f3","attach":"\u9a6c\u62c9\u677e\u62a5\u540d","bank_type":"CCB_DEBIT","cash_fee":"6000","fee_type":"CNY","is_subscribe":"Y","mch_id":"1268067601","nonce_str":"brgwkpxe1O0lktag","openid":"ouN6_s6ATtk49QAdGNO8mJ6W7x-E","out_trade_no":"126806760120151016201041","result_code":"SUCCESS","return_code":"SUCCESS","return_msg":"OK","sign":"FCD4A362A62AFF487794CCAC0B7FE7B4","time_end":"20151016201130","total_fee":"6000","trade_state":"SUCCESS","trade_type":"JSAPI","transaction_id":"1007930869201510161222664417"}
[2015-10-16 20:11:32][debug] call back test:订单查询成功
[2015-10-16 20:11:32][debug] call back test:未入库
[2015-10-16 20:11:32][debug] call back test sql:UPDATE pa_marathon SET ispay =1,transaction_id="1007930869201510161222664417",out_trade_no="126806760120151016201041" WHERE openid ="ouN6_s6ATtk49QAdGNO8mJ6W7x-E"
[2015-10-16 20:11:32][debug] call back test:入库成功
[2015-10-16 20:42:19][debug] begin notify
[2015-10-16 20:42:19][debug] call back test:{"appid":"wx161f19ac48b1f2f3","attach":"\u9a6c\u62c9\u677e\u62a5\u540d","bank_type":"CFT","cash_fee":"8000","fee_type":"CNY","is_subscribe":"Y","mch_id":"1268067601","nonce_str":"30qael335466mgl0bccy2qnuyc21ob5v","openid":"ouN6_sy-b_RNUpS6HM8PBRAqCNzQ","out_trade_no":"126806760120151016204119","result_code":"SUCCESS","return_code":"SUCCESS","sign":"92DF26D38DF295E236B46C17CBFB99A2","time_end":"20151016204217","total_fee":"8000","trade_type":"JSAPI","transaction_id":"1009680869201510161223083907"}
[2015-10-16 20:42:19][debug] query:{"appid":"wx161f19ac48b1f2f3","attach":"\u9a6c\u62c9\u677e\u62a5\u540d","bank_type":"CFT","cash_fee":"8000","fee_type":"CNY","is_subscribe":"Y","mch_id":"1268067601","nonce_str":"thaxEoXFltbdSp55","openid":"ouN6_sy-b_RNUpS6HM8PBRAqCNzQ","out_trade_no":"126806760120151016204119","result_code":"SUCCESS","return_code":"SUCCESS","return_msg":"OK","sign":"1D4D423E931CA87F0B7FB4CEEE66D035","time_end":"20151016204217","total_fee":"8000","trade_state":"SUCCESS","trade_type":"JSAPI","transaction_id":"1009680869201510161223083907"}
[2015-10-16 20:42:19][debug] call back test:订单查询成功
[2015-10-16 20:42:19][debug] call back test:未入库
[2015-10-16 20:42:19][debug] call back test sql:UPDATE pa_marathon SET ispay =1,transaction_id="1009680869201510161223083907",out_trade_no="126806760120151016204119" WHERE openid ="ouN6_sy-b_RNUpS6HM8PBRAqCNzQ"
[2015-10-16 20:42:19][debug] call back test:入库成功
[2015-10-16 23:55:52][debug] begin notify
[2015-10-16 23:55:52][debug] call back test:{"appid":"wx161f19ac48b1f2f3","attach":"\u9a6c\u62c9\u677e\u62a5\u540d","bank_type":"CFT","cash_fee":"8000","fee_type":"CNY","is_subscribe":"Y","mch_id":"1268067601","nonce_str":"2okv16l2nl5tuhdbifmxjqyac5bqm7kz","openid":"ouN6_s0Xe-3rn82kvgQfXJiiam2Q","out_trade_no":"126806760120151016235543","result_code":"SUCCESS","return_code":"SUCCESS","sign":"F1C35281533D7F2CA07DC9DE6FF10898","time_end":"20151016235552","total_fee":"8000","trade_type":"JSAPI","transaction_id":"1003690869201510161225045290"}
[2015-10-16 23:55:52][debug] query:{"appid":"wx161f19ac48b1f2f3","attach":"\u9a6c\u62c9\u677e\u62a5\u540d","bank_type":"CFT","cash_fee":"8000","fee_type":"CNY","is_subscribe":"Y","mch_id":"1268067601","nonce_str":"gfe0pgpBhl12514Z","openid":"ouN6_s0Xe-3rn82kvgQfXJiiam2Q","out_trade_no":"126806760120151016235543","result_code":"SUCCESS","return_code":"SUCCESS","return_msg":"OK","sign":"09C8FA473E21E54293C5D0F657E8B7AE","time_end":"20151016235552","total_fee":"8000","trade_state":"SUCCESS","trade_type":"JSAPI","transaction_id":"1003690869201510161225045290"}
[2015-10-16 23:55:52][debug] call back test:订单查询成功
[2015-10-16 23:55:52][debug] call back test:未入库
[2015-10-16 23:55:52][debug] call back test sql:UPDATE pa_marathon SET ispay =1,transaction_id="1003690869201510161225045290",out_trade_no="126806760120151016235543" WHERE openid ="ouN6_s0Xe-3rn82kvgQfXJiiam2Q"
[2015-10-16 23:55:52][debug] call back test:入库成功
