[2015-10-11 00:06:11][debug] begin notify
[2015-10-11 00:06:11][debug] call back test:{"appid":"wx161f19ac48b1f2f3","attach":"\u9a6c\u62c9\u677e\u62a5\u540d","bank_type":"CFT","cash_fee":"4000","fee_type":"CNY","is_subscribe":"N","mch_id":"1268067601","nonce_str":"ku7vepedycd5804vmyo76idq1dx2iur1","openid":"ouN6_s2Et_7Z8QQBsx-7y4YjrzF4","out_trade_no":"126806760120151011000529","result_code":"SUCCESS","return_code":"SUCCESS","sign":"02F5A8FC4CBB605317370132E64D873A","time_end":"20151011000611","total_fee":"4000","trade_type":"JSAPI","transaction_id":"1006000869201510111155816120"}
[2015-10-11 00:06:12][debug] query:{"appid":"wx161f19ac48b1f2f3","attach":"\u9a6c\u62c9\u677e\u62a5\u540d","bank_type":"CFT","cash_fee":"4000","fee_type":"CNY","is_subscribe":"N","mch_id":"1268067601","nonce_str":"bhxjD5Ej5png4OYs","openid":"ouN6_s2Et_7Z8QQBsx-7y4YjrzF4","out_trade_no":"126806760120151011000529","result_code":"SUCCESS","return_code":"SUCCESS","return_msg":"OK","sign":"660BC9EA21F9D64284E8327E12CC8E64","time_end":"20151011000610","total_fee":"4000","trade_state":"SUCCESS","trade_type":"JSAPI","transaction_id":"1006000869201510111155816120"}
[2015-10-11 00:06:12][debug] call back test:订单查询成功
[2015-10-11 00:06:12][debug] call back test:未入库
[2015-10-11 00:06:12][debug] call back test sql:UPDATE pa_marathon SET ispay =1,transaction_id="1006000869201510111155816120",out_trade_no="126806760120151011000529" WHERE openid ="ouN6_s2Et_7Z8QQBsx-7y4YjrzF4"
[2015-10-11 00:06:12][debug] call back test:入库成功
[2015-10-11 00:07:21][debug] begin notify
[2015-10-11 00:07:21][debug] call back test:{"appid":"wx161f19ac48b1f2f3","attach":"\u9a6c\u62c9\u677e\u62a5\u540d","bank_type":"CFT","cash_fee":"4000","fee_type":"CNY","is_subscribe":"Y","mch_id":"1268067601","nonce_str":"uzh5aj2ft6xkp97ay58jowk8u5fdmwy4","openid":"ouN6_s2Et_7Z8QQBsx-7y4YjrzF4","out_trade_no":"126806760120151011000710","result_code":"SUCCESS","return_code":"SUCCESS","sign":"48872CD90512BA1158E66E965F6D4B60","time_end":"20151011000720","total_fee":"4000","trade_type":"JSAPI","transaction_id":"1006000869201510111155832423"}
[2015-10-11 00:07:21][debug] query:{"appid":"wx161f19ac48b1f2f3","attach":"\u9a6c\u62c9\u677e\u62a5\u540d","bank_type":"CFT","cash_fee":"4000","fee_type":"CNY","is_subscribe":"Y","mch_id":"1268067601","nonce_str":"UPnIVd2f41gw7bmz","openid":"ouN6_s2Et_7Z8QQBsx-7y4YjrzF4","out_trade_no":"126806760120151011000710","result_code":"SUCCESS","return_code":"SUCCESS","return_msg":"OK","sign":"DF02FACE462CD0AF37B51F1657009C4A","time_end":"20151011000719","total_fee":"4000","trade_state":"SUCCESS","trade_type":"JSAPI","transaction_id":"1006000869201510111155832423"}
[2015-10-11 00:07:21][debug] call back test:订单查询成功
[2015-10-11 00:07:21][debug] call back test:未入库
[2015-10-11 00:07:21][debug] call back test sql:UPDATE pa_marathon SET ispay =1,transaction_id="1006000869201510111155832423",out_trade_no="126806760120151011000710" WHERE openid ="ouN6_s2Et_7Z8QQBsx-7y4YjrzF4"
[2015-10-11 00:07:21][debug] call back test:入库成功
[2015-10-11 07:56:23][debug] begin notify
[2015-10-11 07:56:23][debug] call back test:{"appid":"wx161f19ac48b1f2f3","attach":"\u9a6c\u62c9\u677e\u62a5\u540d","bank_type":"CFT","cash_fee":"4000","fee_type":"CNY","is_subscribe":"Y","mch_id":"1268067601","nonce_str":"7gf1o6kvcpjra92i8f89r9e7ncgnqvma","openid":"ouN6_s-f8BLPNcPj9vroRUWsRzPw","out_trade_no":"126806760120151011075609","result_code":"SUCCESS","return_code":"SUCCESS","sign":"73945E2071EF726922FB4C26F03B0155","time_end":"20151011075622","total_fee":"4000","trade_type":"JSAPI","transaction_id":"1009440869201510111156608269"}
[2015-10-11 07:56:23][debug] query:{"appid":"wx161f19ac48b1f2f3","attach":"\u9a6c\u62c9\u677e\u62a5\u540d","bank_type":"CFT","cash_fee":"4000","fee_type":"CNY","is_subscribe":"Y","mch_id":"1268067601","nonce_str":"LBTOsDWQoaN2MqUk","openid":"ouN6_s-f8BLPNcPj9vroRUWsRzPw","out_trade_no":"126806760120151011075609","result_code":"SUCCESS","return_code":"SUCCESS","return_msg":"OK","sign":"CD7D5AFEB7903DB2F96E519838740062","time_end":"20151011075622","total_fee":"4000","trade_state":"SUCCESS","trade_type":"JSAPI","transaction_id":"1009440869201510111156608269"}
[2015-10-11 07:56:23][debug] call back test:订单查询成功
[2015-10-11 07:56:23][debug] call back test:未入库
[2015-10-11 07:56:23][debug] call back test sql:UPDATE pa_marathon SET ispay =1,transaction_id="1009440869201510111156608269",out_trade_no="126806760120151011075609" WHERE openid ="ouN6_s-f8BLPNcPj9vroRUWsRzPw"
[2015-10-11 07:56:23][debug] call back test:入库成功
[2015-10-11 08:10:21][debug] begin notify
[2015-10-11 08:10:21][debug] call back test:{"appid":"wx161f19ac48b1f2f3","attach":"\u9a6c\u62c9\u677e\u62a5\u540d","bank_type":"CFT","cash_fee":"6000","fee_type":"CNY","is_subscribe":"Y","mch_id":"1268067601","nonce_str":"i04fdipcqslxbkgmcge5jz4tu1pxq7eh","openid":"ouN6_s5j-yZCwtA7unpMMu-kW82U","out_trade_no":"126806760120151011081008","result_code":"SUCCESS","return_code":"SUCCESS","sign":"765F70CF9F1C2BCA37C171195E6D95F3","time_end":"20151011081020","total_fee":"6000","trade_type":"JSAPI","transaction_id":"1009450869201510111156645973"}
[2015-10-11 08:10:22][debug] query:{"appid":"wx161f19ac48b1f2f3","attach":"\u9a6c\u62c9\u677e\u62a5\u540d","bank_type":"CFT","cash_fee":"6000","fee_type":"CNY","is_subscribe":"Y","mch_id":"1268067601","nonce_str":"x7RpVKP1stLuxt9u","openid":"ouN6_s5j-yZCwtA7unpMMu-kW82U","out_trade_no":"126806760120151011081008","result_code":"SUCCESS","return_code":"SUCCESS","return_msg":"OK","sign":"D3872FA1138BDADF2E697013A47BD1EC","time_end":"20151011081019","total_fee":"6000","trade_state":"SUCCESS","trade_type":"JSAPI","transaction_id":"1009450869201510111156645973"}
[2015-10-11 08:10:22][debug] call back test:订单查询成功
[2015-10-11 08:10:22][debug] call back test:未入库
[2015-10-11 08:10:22][debug] call back test sql:UPDATE pa_marathon SET ispay =1,transaction_id="1009450869201510111156645973",out_trade_no="126806760120151011081008" WHERE openid ="ouN6_s5j-yZCwtA7unpMMu-kW82U"
[2015-10-11 08:10:22][debug] call back test:入库成功
[2015-10-11 10:16:52][debug] begin notify
[2015-10-11 10:16:52][debug] call back test:{"appid":"wx161f19ac48b1f2f3","attach":"\u9a6c\u62c9\u677e\u62a5\u540d","bank_type":"CFT","cash_fee":"6000","fee_type":"CNY","is_subscribe":"Y","mch_id":"1268067601","nonce_str":"oaevc4nd3em5ah0mwlxoo8e9amszoeg0","openid":"ouN6_syGgGM2tQpHcV8yVO6zVfzY","out_trade_no":"126806760120151011101235","result_code":"SUCCESS","return_code":"SUCCESS","sign":"9DBA5CD8A2C80C5DA7B49A6E6EF4E65E","time_end":"20151011101650","total_fee":"6000","trade_type":"JSAPI","transaction_id":"1003680869201510111157481688"}
[2015-10-11 10:16:55][debug] query:{"appid":"wx161f19ac48b1f2f3","attach":"\u9a6c\u62c9\u677e\u62a5\u540d","bank_type":"CFT","cash_fee":"6000","fee_type":"CNY","is_subscribe":"Y","mch_id":"1268067601","nonce_str":"HPsMHExWyFuQbBMa","openid":"ouN6_syGgGM2tQpHcV8yVO6zVfzY","out_trade_no":"126806760120151011101235","result_code":"SUCCESS","return_code":"SUCCESS","return_msg":"OK","sign":"7CC158A0F198669ABB35355325A96475","time_end":"20151011101649","total_fee":"6000","trade_state":"SUCCESS","trade_type":"JSAPI","transaction_id":"1003680869201510111157481688"}
[2015-10-11 10:16:55][debug] call back test:订单查询成功
[2015-10-11 10:16:55][debug] call back test:未入库
[2015-10-11 10:16:55][debug] call back test sql:UPDATE pa_marathon SET ispay =1,transaction_id="1003680869201510111157481688",out_trade_no="126806760120151011101235" WHERE openid ="ouN6_syGgGM2tQpHcV8yVO6zVfzY"
[2015-10-11 10:16:55][debug] call back test:入库成功
[2015-10-11 10:17:06][debug] begin notify
[2015-10-11 10:17:06][debug] call back test:{"appid":"wx161f19ac48b1f2f3","attach":"\u9a6c\u62c9\u677e\u62a5\u540d","bank_type":"CFT","cash_fee":"6000","fee_type":"CNY","is_subscribe":"Y","mch_id":"1268067601","nonce_str":"oaevc4nd3em5ah0mwlxoo8e9amszoeg0","openid":"ouN6_syGgGM2tQpHcV8yVO6zVfzY","out_trade_no":"126806760120151011101235","result_code":"SUCCESS","return_code":"SUCCESS","sign":"9DBA5CD8A2C80C5DA7B49A6E6EF4E65E","time_end":"20151011101650","total_fee":"6000","trade_type":"JSAPI","transaction_id":"1003680869201510111157481688"}
[2015-10-11 10:17:06][debug] query:{"appid":"wx161f19ac48b1f2f3","attach":"\u9a6c\u62c9\u677e\u62a5\u540d","bank_type":"CFT","cash_fee":"6000","fee_type":"CNY","is_subscribe":"Y","mch_id":"1268067601","nonce_str":"5WKUTkXQRkg9mtSo","openid":"ouN6_syGgGM2tQpHcV8yVO6zVfzY","out_trade_no":"126806760120151011101235","result_code":"SUCCESS","return_code":"SUCCESS","return_msg":"OK","sign":"DF902B9C0AED1A4853044F79F950054F","time_end":"20151011101649","total_fee":"6000","trade_state":"SUCCESS","trade_type":"JSAPI","transaction_id":"1003680869201510111157481688"}
[2015-10-11 10:17:06][debug] call back test:订单查询成功
[2015-10-11 10:17:06][debug] call back test:已入库
[2015-10-11 10:30:44][debug] begin notify
[2015-10-11 10:30:44][debug] call back test:{"appid":"wx161f19ac48b1f2f3","attach":"\u9a6c\u62c9\u677e\u62a5\u540d","bank_type":"CFT","cash_fee":"6000","fee_type":"CNY","is_subscribe":"Y","mch_id":"1268067601","nonce_str":"vddka66bb102hp3rik1t5470es5wjao9","openid":"ouN6_s7aQrwiER0sBr5QLIiI-DfM","out_trade_no":"126806760120151011102820","result_code":"SUCCESS","return_code":"SUCCESS","sign":"8E471913C664F3223B90989EAE6D6047","time_end":"20151011103044","total_fee":"6000","trade_type":"JSAPI","transaction_id":"1009280869201510111157616482"}
[2015-10-11 10:30:48][debug] query:{"appid":"wx161f19ac48b1f2f3","attach":"\u9a6c\u62c9\u677e\u62a5\u540d","bank_type":"CFT","cash_fee":"6000","fee_type":"CNY","is_subscribe":"Y","mch_id":"1268067601","nonce_str":"GOnljwJirzq7LGVn","openid":"ouN6_s7aQrwiER0sBr5QLIiI-DfM","out_trade_no":"126806760120151011102820","result_code":"SUCCESS","return_code":"SUCCESS","return_msg":"OK","sign":"9462EE3B0D971DE4CF1C20FFA4A9964B","time_end":"20151011103043","total_fee":"6000","trade_state":"SUCCESS","trade_type":"JSAPI","transaction_id":"1009280869201510111157616482"}
[2015-10-11 10:30:48][debug] call back test:订单查询成功
[2015-10-11 10:30:48][debug] call back test:未入库
[2015-10-11 10:30:48][debug] call back test sql:UPDATE pa_marathon SET ispay =1,transaction_id="1009280869201510111157616482",out_trade_no="126806760120151011102820" WHERE openid ="ouN6_s7aQrwiER0sBr5QLIiI-DfM"
[2015-10-11 10:30:48][debug] call back test:入库成功
[2015-10-11 10:30:57][debug] begin notify
[2015-10-11 10:30:57][debug] call back test:{"appid":"wx161f19ac48b1f2f3","attach":"\u9a6c\u62c9\u677e\u62a5\u540d","bank_type":"CFT","cash_fee":"6000","fee_type":"CNY","is_subscribe":"Y","mch_id":"1268067601","nonce_str":"vddka66bb102hp3rik1t5470es5wjao9","openid":"ouN6_s7aQrwiER0sBr5QLIiI-DfM","out_trade_no":"126806760120151011102820","result_code":"SUCCESS","return_code":"SUCCESS","sign":"8E471913C664F3223B90989EAE6D6047","time_end":"20151011103044","total_fee":"6000","trade_type":"JSAPI","transaction_id":"1009280869201510111157616482"}
[2015-10-11 10:30:57][debug] query:{"appid":"wx161f19ac48b1f2f3","attach":"\u9a6c\u62c9\u677e\u62a5\u540d","bank_type":"CFT","cash_fee":"6000","fee_type":"CNY","is_subscribe":"Y","mch_id":"1268067601","nonce_str":"1eR2p9ND2fNkaQtf","openid":"ouN6_s7aQrwiER0sBr5QLIiI-DfM","out_trade_no":"126806760120151011102820","result_code":"SUCCESS","return_code":"SUCCESS","return_msg":"OK","sign":"C9E91A20878CCE055A47E0F3C64E15FC","time_end":"20151011103043","total_fee":"6000","trade_state":"SUCCESS","trade_type":"JSAPI","transaction_id":"1009280869201510111157616482"}
[2015-10-11 10:30:57][debug] call back test:订单查询成功
[2015-10-11 10:30:57][debug] call back test:已入库
[2015-10-11 10:33:52][debug] begin notify
[2015-10-11 10:33:52][debug] call back test:{"appid":"wx161f19ac48b1f2f3","attach":"\u9a6c\u62c9\u677e\u62a5\u540d","bank_type":"CFT","cash_fee":"6000","fee_type":"CNY","is_subscribe":"Y","mch_id":"1268067601","nonce_str":"5r6geglhsgk3m4nnopj9lp5di5ndc45n","openid":"ouN6_s2HjyXGsaRoqS5a-_F6H6FM","out_trade_no":"126806760120151011103245","result_code":"SUCCESS","return_code":"SUCCESS","sign":"C86A7CB611E8D841611316B2ECDDEBBB","time_end":"20151011103351","total_fee":"6000","trade_type":"JSAPI","transaction_id":"1000740869201510111157627187"}
[2015-10-11 10:33:52][debug] query:{"appid":"wx161f19ac48b1f2f3","attach":"\u9a6c\u62c9\u677e\u62a5\u540d","bank_type":"CFT","cash_fee":"6000","fee_type":"CNY","is_subscribe":"Y","mch_id":"1268067601","nonce_str":"rJVEB5BPPrcI9W4Q","openid":"ouN6_s2HjyXGsaRoqS5a-_F6H6FM","out_trade_no":"126806760120151011103245","result_code":"SUCCESS","return_code":"SUCCESS","return_msg":"OK","sign":"40B34082D6B4B8A207F911985765B22E","time_end":"20151011103351","total_fee":"6000","trade_state":"SUCCESS","trade_type":"JSAPI","transaction_id":"1000740869201510111157627187"}
[2015-10-11 10:33:52][debug] call back test:订单查询成功
[2015-10-11 10:33:52][debug] call back test:未入库
[2015-10-11 10:33:52][debug] call back test sql:UPDATE pa_marathon SET ispay =1,transaction_id="1000740869201510111157627187",out_trade_no="126806760120151011103245" WHERE openid ="ouN6_s2HjyXGsaRoqS5a-_F6H6FM"
[2015-10-11 10:33:52][debug] call back test:入库成功
[2015-10-11 10:38:46][debug] begin notify
[2015-10-11 10:38:46][debug] call back test:{"appid":"wx161f19ac48b1f2f3","attach":"\u9a6c\u62c9\u677e\u62a5\u540d","bank_type":"ICBC_DEBIT","cash_fee":"6000","fee_type":"CNY","is_subscribe":"N","mch_id":"1268067601","nonce_str":"qznjcexnttuw484aqqidkqpz9zdhhb1k","openid":"ouN6_s5qERcBYmEyntw__8otwxos","out_trade_no":"126806760120151011103742","result_code":"SUCCESS","return_code":"SUCCESS","sign":"D84AABD032D635CBFA35C012EC9740F5","time_end":"20151011103846","total_fee":"6000","trade_type":"JSAPI","transaction_id":"1008670869201510111157700870"}
[2015-10-11 10:38:46][debug] query:{"appid":"wx161f19ac48b1f2f3","attach":"\u9a6c\u62c9\u677e\u62a5\u540d","bank_type":"ICBC_DEBIT","cash_fee":"6000","fee_type":"CNY","is_subscribe":"N","mch_id":"1268067601","nonce_str":"IB171WGRpcOrTxWg","openid":"ouN6_s5qERcBYmEyntw__8otwxos","out_trade_no":"126806760120151011103742","result_code":"SUCCESS","return_code":"SUCCESS","return_msg":"OK","sign":"D159B1C2D36175CA7D4A4CCAE6BF7247","time_end":"20151011103845","total_fee":"6000","trade_state":"SUCCESS","trade_type":"JSAPI","transaction_id":"1008670869201510111157700870"}
[2015-10-11 10:38:46][debug] call back test:订单查询成功
[2015-10-11 10:38:46][debug] call back test:未入库
[2015-10-11 10:38:46][debug] call back test sql:UPDATE pa_marathon SET ispay =1,transaction_id="1008670869201510111157700870",out_trade_no="126806760120151011103742" WHERE openid ="ouN6_s5qERcBYmEyntw__8otwxos"
[2015-10-11 10:38:46][debug] call back test:入库成功
[2015-10-11 10:47:50][debug] begin notify
[2015-10-11 10:47:50][debug] call back test:{"appid":"wx161f19ac48b1f2f3","attach":"\u9a6c\u62c9\u677e\u62a5\u540d","bank_type":"CCB_CREDIT","cash_fee":"6000","fee_type":"CNY","is_subscribe":"Y","mch_id":"1268067601","nonce_str":"m28mk8rehb1t59fd5tsve87md0o334kw","openid":"ouN6_s3v_U-Z8ZhqbWPMX_i5-oIg","out_trade_no":"126806760120151011104705","result_code":"SUCCESS","return_code":"SUCCESS","sign":"4BD8530ECB6034F318A7D690E20E495F","time_end":"20151011104749","total_fee":"6000","trade_type":"JSAPI","transaction_id":"1006560869201510111157806662"}
[2015-10-11 10:47:50][debug] query:{"appid":"wx161f19ac48b1f2f3","attach":"\u9a6c\u62c9\u677e\u62a5\u540d","bank_type":"CCB_CREDIT","cash_fee":"6000","fee_type":"CNY","is_subscribe":"Y","mch_id":"1268067601","nonce_str":"3CkfcD1oMs8Mp6S7","openid":"ouN6_s3v_U-Z8ZhqbWPMX_i5-oIg","out_trade_no":"126806760120151011104705","result_code":"SUCCESS","return_code":"SUCCESS","return_msg":"OK","sign":"43D5CB5E97377C61E33EFF3EE3AA5013","time_end":"20151011104749","total_fee":"6000","trade_state":"SUCCESS","trade_type":"JSAPI","transaction_id":"1006560869201510111157806662"}
[2015-10-11 10:47:50][debug] call back test:订单查询成功
[2015-10-11 10:47:50][debug] call back test:未入库
[2015-10-11 10:47:50][debug] call back test sql:UPDATE pa_marathon SET ispay =1,transaction_id="1006560869201510111157806662",out_trade_no="126806760120151011104705" WHERE openid ="ouN6_s3v_U-Z8ZhqbWPMX_i5-oIg"
[2015-10-11 10:47:50][debug] call back test:入库成功
[2015-10-11 11:05:40][debug] begin notify
[2015-10-11 11:05:40][debug] call back test:{"appid":"wx161f19ac48b1f2f3","attach":"\u9a6c\u62c9\u677e\u62a5\u540d","bank_type":"ICBC_DEBIT","cash_fee":"6000","fee_type":"CNY","is_subscribe":"Y","mch_id":"1268067601","nonce_str":"xnx3u9wmtypz81xhkkxpoxl4amoicc2w","openid":"ouN6_swTHqK2NoHU9PCqsQJR_cTY","out_trade_no":"126806760120151011110410","result_code":"SUCCESS","return_code":"SUCCESS","sign":"DDB20D704567BC4A5981680D9636FFE3","time_end":"20151011110539","total_fee":"6000","trade_type":"JSAPI","transaction_id":"1005590869201510111158016685"}
[2015-10-11 11:05:40][debug] query:{"appid":"wx161f19ac48b1f2f3","attach":"\u9a6c\u62c9\u677e\u62a5\u540d","bank_type":"ICBC_DEBIT","cash_fee":"6000","fee_type":"CNY","is_subscribe":"Y","mch_id":"1268067601","nonce_str":"RSv2Lu4wR7jpDesV","openid":"ouN6_swTHqK2NoHU9PCqsQJR_cTY","out_trade_no":"126806760120151011110410","result_code":"SUCCESS","return_code":"SUCCESS","return_msg":"OK","sign":"C4E85B2ABE43F7F57683397581881398","time_end":"20151011110538","total_fee":"6000","trade_state":"SUCCESS","trade_type":"JSAPI","transaction_id":"1005590869201510111158016685"}
[2015-10-11 11:05:40][debug] call back test:订单查询成功
[2015-10-11 11:05:40][debug] call back test:未入库
[2015-10-11 11:05:40][debug] call back test sql:UPDATE pa_marathon SET ispay =1,transaction_id="1005590869201510111158016685",out_trade_no="126806760120151011110410" WHERE openid ="ouN6_swTHqK2NoHU9PCqsQJR_cTY"
[2015-10-11 11:05:40][debug] call back test:入库成功
[2015-10-11 11:13:10][debug] begin notify
[2015-10-11 11:13:10][debug] call back test:{"appid":"wx161f19ac48b1f2f3","attach":"\u9a6c\u62c9\u677e\u62a5\u540d","bank_type":"CCB_DEBIT","cash_fee":"4000","fee_type":"CNY","is_subscribe":"Y","mch_id":"1268067601","nonce_str":"hjw32b1rd5yyobgycxtwsmxhqbinxhap","openid":"ouN6_sx2Xd-0fDyFDcj10VY8fQ9o","out_trade_no":"126806760120151011111238","result_code":"SUCCESS","return_code":"SUCCESS","sign":"CE9825930C854F5EBE7E80EF8BFA13EE","time_end":"20151011111309","total_fee":"4000","trade_type":"JSAPI","transaction_id":"1007360869201510111158129035"}
[2015-10-11 11:13:11][debug] query:{"appid":"wx161f19ac48b1f2f3","attach":"\u9a6c\u62c9\u677e\u62a5\u540d","bank_type":"CCB_DEBIT","cash_fee":"4000","fee_type":"CNY","is_subscribe":"Y","mch_id":"1268067601","nonce_str":"wFLmclwIulbdmguQ","openid":"ouN6_sx2Xd-0fDyFDcj10VY8fQ9o","out_trade_no":"126806760120151011111238","result_code":"SUCCESS","return_code":"SUCCESS","return_msg":"OK","sign":"2FE949D1F0131D9B95EEB1454040FEA3","time_end":"20151011111308","total_fee":"4000","trade_state":"SUCCESS","trade_type":"JSAPI","transaction_id":"1007360869201510111158129035"}
[2015-10-11 11:13:11][debug] call back test:订单查询成功
[2015-10-11 11:13:11][debug] call back test:未入库
[2015-10-11 11:13:11][debug] call back test sql:UPDATE pa_marathon SET ispay =1,transaction_id="1007360869201510111158129035",out_trade_no="126806760120151011111238" WHERE openid ="ouN6_sx2Xd-0fDyFDcj10VY8fQ9o"
[2015-10-11 11:13:11][debug] call back test:入库成功
[2015-10-11 11:29:20][debug] begin notify
[2015-10-11 11:29:20][debug] call back test:{"appid":"wx161f19ac48b1f2f3","attach":"\u9a6c\u62c9\u677e\u62a5\u540d","bank_type":"ICBC_DEBIT","cash_fee":"6000","fee_type":"CNY","is_subscribe":"Y","mch_id":"1268067601","nonce_str":"w80go5h8veib6mwflpnzj6o6xfk1te3i","openid":"ouN6_s7kjrXGXXn7Uc2rOpmNxszY","out_trade_no":"126806760120151011112719","result_code":"SUCCESS","return_code":"SUCCESS","sign":"F3098061A7A333E8FFA88A41FB60CAE0","time_end":"20151011112919","total_fee":"6000","trade_type":"JSAPI","transaction_id":"1008680869201510111158340950"}
[2015-10-11 11:29:26][debug] query:{"appid":"wx161f19ac48b1f2f3","attach":"\u9a6c\u62c9\u677e\u62a5\u540d","bank_type":"ICBC_DEBIT","cash_fee":"6000","fee_type":"CNY","is_subscribe":"Y","mch_id":"1268067601","nonce_str":"k9dHKbKi7NpxePKR","openid":"ouN6_s7kjrXGXXn7Uc2rOpmNxszY","out_trade_no":"126806760120151011112719","result_code":"SUCCESS","return_code":"SUCCESS","return_msg":"OK","sign":"A309D2430014E5EB1F2424668551CADF","time_end":"20151011112918","total_fee":"6000","trade_state":"SUCCESS","trade_type":"JSAPI","transaction_id":"1008680869201510111158340950"}
[2015-10-11 11:29:26][debug] call back test:订单查询成功
[2015-10-11 11:29:26][debug] call back test:未入库
[2015-10-11 11:29:26][debug] call back test sql:UPDATE pa_marathon SET ispay =1,transaction_id="1008680869201510111158340950",out_trade_no="126806760120151011112719" WHERE openid ="ouN6_s7kjrXGXXn7Uc2rOpmNxszY"
[2015-10-11 11:29:26][debug] call back test:入库成功
[2015-10-11 11:29:38][debug] begin notify
[2015-10-11 11:29:38][debug] call back test:{"appid":"wx161f19ac48b1f2f3","attach":"\u9a6c\u62c9\u677e\u62a5\u540d","bank_type":"ICBC_DEBIT","cash_fee":"6000","fee_type":"CNY","is_subscribe":"Y","mch_id":"1268067601","nonce_str":"w80go5h8veib6mwflpnzj6o6xfk1te3i","openid":"ouN6_s7kjrXGXXn7Uc2rOpmNxszY","out_trade_no":"126806760120151011112719","result_code":"SUCCESS","return_code":"SUCCESS","sign":"F3098061A7A333E8FFA88A41FB60CAE0","time_end":"20151011112919","total_fee":"6000","trade_type":"JSAPI","transaction_id":"1008680869201510111158340950"}
[2015-10-11 11:29:38][debug] query:{"appid":"wx161f19ac48b1f2f3","attach":"\u9a6c\u62c9\u677e\u62a5\u540d","bank_type":"ICBC_DEBIT","cash_fee":"6000","fee_type":"CNY","is_subscribe":"Y","mch_id":"1268067601","nonce_str":"y54qLhPr6fyvEVYV","openid":"ouN6_s7kjrXGXXn7Uc2rOpmNxszY","out_trade_no":"126806760120151011112719","result_code":"SUCCESS","return_code":"SUCCESS","return_msg":"OK","sign":"B197BE5F006CD6182FE62677F577093B","time_end":"20151011112918","total_fee":"6000","trade_state":"SUCCESS","trade_type":"JSAPI","transaction_id":"1008680869201510111158340950"}
[2015-10-11 11:29:38][debug] call back test:订单查询成功
[2015-10-11 11:29:38][debug] call back test:已入库
[2015-10-11 11:46:45][debug] begin notify
[2015-10-11 11:46:45][debug] call back test:{"appid":"wx161f19ac48b1f2f3","attach":"\u9a6c\u62c9\u677e\u62a5\u540d","bank_type":"CCB_DEBIT","cash_fee":"4000","fee_type":"CNY","is_subscribe":"N","mch_id":"1268067601","nonce_str":"rh6qnzce6q4xioubctx2nuy5bxpqgc7d","openid":"ouN6_s60-QA5JU5jhZJ0PDbYzCGI","out_trade_no":"126806760120151011114055","result_code":"SUCCESS","return_code":"SUCCESS","sign":"D6196CD31FEEA48381540E0A309AE7DD","time_end":"20151011114644","total_fee":"4000","trade_type":"JSAPI","transaction_id":"1004830869201510111158538270"}
[2015-10-11 11:47:01][debug] begin notify
[2015-10-11 11:47:01][debug] call back test:{"appid":"wx161f19ac48b1f2f3","attach":"\u9a6c\u62c9\u677e\u62a5\u540d","bank_type":"CCB_DEBIT","cash_fee":"4000","fee_type":"CNY","is_subscribe":"N","mch_id":"1268067601","nonce_str":"rh6qnzce6q4xioubctx2nuy5bxpqgc7d","openid":"ouN6_s60-QA5JU5jhZJ0PDbYzCGI","out_trade_no":"126806760120151011114055","result_code":"SUCCESS","return_code":"SUCCESS","sign":"D6196CD31FEEA48381540E0A309AE7DD","time_end":"20151011114644","total_fee":"4000","trade_type":"JSAPI","transaction_id":"1004830869201510111158538270"}
[2015-10-11 11:47:04][debug] query:{"appid":"wx161f19ac48b1f2f3","attach":"\u9a6c\u62c9\u677e\u62a5\u540d","bank_type":"CCB_DEBIT","cash_fee":"4000","fee_type":"CNY","is_subscribe":"Y","mch_id":"1268067601","nonce_str":"xjKiHHOPq7MJA0PE","openid":"ouN6_s60-QA5JU5jhZJ0PDbYzCGI","out_trade_no":"126806760120151011114055","result_code":"SUCCESS","return_code":"SUCCESS","return_msg":"OK","sign":"6D8504472C4DAA786594219956842500","time_end":"20151011114635","total_fee":"4000","trade_state":"SUCCESS","trade_type":"JSAPI","transaction_id":"1004830869201510111158538270"}
[2015-10-11 11:47:04][debug] call back test:订单查询成功
[2015-10-11 11:47:04][debug] call back test:未入库
[2015-10-11 11:47:04][debug] call back test sql:UPDATE pa_marathon SET ispay =1,transaction_id="1004830869201510111158538270",out_trade_no="126806760120151011114055" WHERE openid ="ouN6_s60-QA5JU5jhZJ0PDbYzCGI"
[2015-10-11 11:47:04][debug] call back test:入库成功
[2015-10-11 11:55:59][debug] begin notify
[2015-10-11 11:55:59][debug] call back test:{"appid":"wx161f19ac48b1f2f3","attach":"\u9a6c\u62c9\u677e\u62a5\u540d","bank_type":"ABC_DEBIT","cash_fee":"6000","fee_type":"CNY","is_subscribe":"N","mch_id":"1268067601","nonce_str":"gd3kzq5xpa3x8r2sa89lu59bpdzz58d3","openid":"ouN6_sznfZnxV5-FTi1A6HnPCHfA","out_trade_no":"126806760120151011115442","result_code":"SUCCESS","return_code":"SUCCESS","sign":"7D1702F974F7725152AC45A00B7619E0","time_end":"20151011115558","total_fee":"6000","trade_type":"JSAPI","transaction_id":"1002880869201510111158760844"}
[2015-10-11 11:55:59][debug] query:{"appid":"wx161f19ac48b1f2f3","attach":"\u9a6c\u62c9\u677e\u62a5\u540d","bank_type":"ABC_DEBIT","cash_fee":"6000","fee_type":"CNY","is_subscribe":"N","mch_id":"1268067601","nonce_str":"b4OaxQhAHzQT4MqZ","openid":"ouN6_sznfZnxV5-FTi1A6HnPCHfA","out_trade_no":"126806760120151011115442","result_code":"SUCCESS","return_code":"SUCCESS","return_msg":"OK","sign":"9419BD00F26629B2E35316B0CE8B624F","time_end":"20151011115558","total_fee":"6000","trade_state":"SUCCESS","trade_type":"JSAPI","transaction_id":"1002880869201510111158760844"}
[2015-10-11 11:55:59][debug] call back test:订单查询成功
[2015-10-11 11:55:59][debug] call back test:未入库
[2015-10-11 11:55:59][debug] call back test sql:UPDATE pa_marathon SET ispay =1,transaction_id="1002880869201510111158760844",out_trade_no="126806760120151011115442" WHERE openid ="ouN6_sznfZnxV5-FTi1A6HnPCHfA"
[2015-10-11 11:55:59][debug] call back test:入库成功
[2015-10-11 11:56:59][debug] begin notify
[2015-10-11 11:58:40][debug] begin notify
[2015-10-11 11:58:40][debug] call back test:{"appid":"wx161f19ac48b1f2f3","attach":"\u9a6c\u62c9\u677e\u62a5\u540d","bank_type":"CMB_DEBIT","cash_fee":"6000","fee_type":"CNY","is_subscribe":"N","mch_id":"1268067601","nonce_str":"d78yffrdwt0tryuwgof3gg3qkw0eszbo","openid":"ouN6_s5fLPt7l4E6Vo5qMH_c89II","out_trade_no":"126806760120151011115654","result_code":"SUCCESS","return_code":"SUCCESS","sign":"CBCEBB1DBD3FB0CDAC572ECA7E9B1D69","time_end":"20151011115839","total_fee":"6000","trade_type":"JSAPI","transaction_id":"1003480869201510111158802813"}
[2015-10-11 11:58:40][debug] query:{"appid":"wx161f19ac48b1f2f3","attach":"\u9a6c\u62c9\u677e\u62a5\u540d","bank_type":"CMB_DEBIT","cash_fee":"6000","fee_type":"CNY","is_subscribe":"N","mch_id":"1268067601","nonce_str":"uXSRr7a0ljIdntgg","openid":"ouN6_s5fLPt7l4E6Vo5qMH_c89II","out_trade_no":"126806760120151011115654","result_code":"SUCCESS","return_code":"SUCCESS","return_msg":"OK","sign":"1710C456362B6A6F1934FF85CB740691","time_end":"20151011115839","total_fee":"6000","trade_state":"SUCCESS","trade_type":"JSAPI","transaction_id":"1003480869201510111158802813"}
[2015-10-11 11:58:40][debug] call back test:订单查询成功
[2015-10-11 11:58:40][debug] call back test:未入库
[2015-10-11 11:58:40][debug] call back test sql:UPDATE pa_marathon SET ispay =1,transaction_id="1003480869201510111158802813",out_trade_no="126806760120151011115654" WHERE openid ="ouN6_s5fLPt7l4E6Vo5qMH_c89II"
[2015-10-11 11:58:40][debug] call back test:入库成功
[2015-10-11 12:22:23][debug] begin notify
[2015-10-11 12:22:23][debug] call back test:{"appid":"wx161f19ac48b1f2f3","attach":"\u9a6c\u62c9\u677e\u62a5\u540d","bank_type":"CFT","cash_fee":"4000","fee_type":"CNY","is_subscribe":"Y","mch_id":"1268067601","nonce_str":"efe7g54bzfs7rhf1spvio3ppcoyf0otj","openid":"ouN6_s6a_-kLh7eRzLYQxTJym9Ss","out_trade_no":"126806760120151011122142","result_code":"SUCCESS","return_code":"SUCCESS","sign":"82FE229D8283F59875C2CE4DD7CDC812","time_end":"20151011122223","total_fee":"4000","trade_type":"JSAPI","transaction_id":"1000720869201510111159163238"}
[2015-10-11 12:22:24][debug] query:{"appid":"wx161f19ac48b1f2f3","attach":"\u9a6c\u62c9\u677e\u62a5\u540d","bank_type":"CFT","cash_fee":"4000","fee_type":"CNY","is_subscribe":"Y","mch_id":"1268067601","nonce_str":"2GCSC5QCD7it7m7K","openid":"ouN6_s6a_-kLh7eRzLYQxTJym9Ss","out_trade_no":"126806760120151011122142","result_code":"SUCCESS","return_code":"SUCCESS","return_msg":"OK","sign":"1EC9B99C2243A2486BC57CBB81F89D1E","time_end":"20151011122223","total_fee":"4000","trade_state":"SUCCESS","trade_type":"JSAPI","transaction_id":"1000720869201510111159163238"}
[2015-10-11 12:22:24][debug] call back test:订单查询成功
[2015-10-11 12:22:24][debug] call back test:未入库
[2015-10-11 12:22:24][debug] call back test sql:UPDATE pa_marathon SET ispay =1,transaction_id="1000720869201510111159163238",out_trade_no="126806760120151011122142" WHERE openid ="ouN6_s6a_-kLh7eRzLYQxTJym9Ss"
[2015-10-11 12:22:24][debug] call back test:入库成功
[2015-10-11 12:39:58][debug] begin notify
[2015-10-11 12:39:58][debug] call back test:{"appid":"wx161f19ac48b1f2f3","attach":"\u9a6c\u62c9\u677e\u62a5\u540d","bank_type":"CCB_DEBIT","cash_fee":"4000","fee_type":"CNY","is_subscribe":"Y","mch_id":"1268067601","nonce_str":"wsr82qnhsssi851zt0hwaurwh9gdp4au","openid":"ouN6_sw6iNp1PFx8oKzcJJBwyAf0","out_trade_no":"126806760120151011123930","result_code":"SUCCESS","return_code":"SUCCESS","sign":"4E6ECD0D2CDB29DF8002729BFE4B1129","time_end":"20151011123958","total_fee":"4000","trade_type":"JSAPI","transaction_id":"1000790869201510111159390914"}
[2015-10-11 12:39:58][debug] query:{"appid":"wx161f19ac48b1f2f3","attach":"\u9a6c\u62c9\u677e\u62a5\u540d","bank_type":"CCB_DEBIT","cash_fee":"4000","fee_type":"CNY","is_subscribe":"Y","mch_id":"1268067601","nonce_str":"PlgsBqf5R8XbN2v3","openid":"ouN6_sw6iNp1PFx8oKzcJJBwyAf0","out_trade_no":"126806760120151011123930","result_code":"SUCCESS","return_code":"SUCCESS","return_msg":"OK","sign":"F6E6FE18FA1FB7343C0F7A98876F0CB9","time_end":"20151011123957","total_fee":"4000","trade_state":"SUCCESS","trade_type":"JSAPI","transaction_id":"1000790869201510111159390914"}
[2015-10-11 12:39:58][debug] call back test:订单查询成功
[2015-10-11 12:39:58][debug] call back test:未入库
[2015-10-11 12:39:58][debug] call back test sql:UPDATE pa_marathon SET ispay =1,transaction_id="1000790869201510111159390914",out_trade_no="126806760120151011123930" WHERE openid ="ouN6_sw6iNp1PFx8oKzcJJBwyAf0"
[2015-10-11 12:39:58][debug] call back test:入库成功
[2015-10-11 12:58:28][debug] begin notify
[2015-10-11 12:58:28][debug] call back test:{"appid":"wx161f19ac48b1f2f3","attach":"\u9a6c\u62c9\u677e\u62a5\u540d","bank_type":"CFT","cash_fee":"6000","fee_type":"CNY","is_subscribe":"N","mch_id":"1268067601","nonce_str":"xcza0ckgak561705wrgh7ufvsongz2pw","openid":"ouN6_s5tHM9YYDiC0Aj-fSHzmL4g","out_trade_no":"126806760120151011125746","result_code":"SUCCESS","return_code":"SUCCESS","sign":"0847CAA0627157F6C662262E21659047","time_end":"20151011125828","total_fee":"6000","trade_type":"JSAPI","transaction_id":"1008220869201510111159657692"}
[2015-10-11 12:58:28][debug] query:{"appid":"wx161f19ac48b1f2f3","attach":"\u9a6c\u62c9\u677e\u62a5\u540d","bank_type":"CFT","cash_fee":"6000","fee_type":"CNY","is_subscribe":"N","mch_id":"1268067601","nonce_str":"8vHOanGnoj37uqdY","openid":"ouN6_s5tHM9YYDiC0Aj-fSHzmL4g","out_trade_no":"126806760120151011125746","result_code":"SUCCESS","return_code":"SUCCESS","return_msg":"OK","sign":"9B7B162EB81E4395BEA1B6C24BC6997A","time_end":"20151011125827","total_fee":"6000","trade_state":"SUCCESS","trade_type":"JSAPI","transaction_id":"1008220869201510111159657692"}
[2015-10-11 12:58:28][debug] call back test:订单查询成功
[2015-10-11 12:58:28][debug] call back test:未入库
[2015-10-11 12:58:28][debug] call back test sql:UPDATE pa_marathon SET ispay =1,transaction_id="1008220869201510111159657692",out_trade_no="126806760120151011125746" WHERE openid ="ouN6_s5tHM9YYDiC0Aj-fSHzmL4g"
[2015-10-11 12:58:29][debug] call back test:入库成功
[2015-10-11 13:01:45][debug] begin notify
[2015-10-11 13:01:45][debug] call back test:{"appid":"wx161f19ac48b1f2f3","attach":"\u9a6c\u62c9\u677e\u62a5\u540d","bank_type":"PAB_CREDIT","cash_fee":"6000","fee_type":"CNY","is_subscribe":"Y","mch_id":"1268067601","nonce_str":"l5pq38b8hjx7yh4w6fnk0716xci5w0ff","openid":"ouN6_s-JXM5syDIIFWnxsP7s_8_I","out_trade_no":"126806760120151011125944","result_code":"SUCCESS","return_code":"SUCCESS","sign":"FABF02EB595981571E14DE9F6707CF19","time_end":"20151011130145","total_fee":"6000","trade_type":"JSAPI","transaction_id":"1009690869201510111159695408"}
[2015-10-11 13:01:48][debug] query:{"appid":"wx161f19ac48b1f2f3","attach":"\u9a6c\u62c9\u677e\u62a5\u540d","bank_type":"PAB_CREDIT","cash_fee":"6000","fee_type":"CNY","is_subscribe":"Y","mch_id":"1268067601","nonce_str":"ySntmbYudIp5XNhH","openid":"ouN6_s-JXM5syDIIFWnxsP7s_8_I","out_trade_no":"126806760120151011125944","result_code":"SUCCESS","return_code":"SUCCESS","return_msg":"OK","sign":"B10B52578B24FCEFBA4F1708FC13DB31","time_end":"20151011130144","total_fee":"6000","trade_state":"SUCCESS","trade_type":"JSAPI","transaction_id":"1009690869201510111159695408"}
[2015-10-11 13:01:48][debug] call back test:订单查询成功
[2015-10-11 13:01:48][debug] call back test:未入库
[2015-10-11 13:01:48][debug] call back test sql:UPDATE pa_marathon SET ispay =1,transaction_id="1009690869201510111159695408",out_trade_no="126806760120151011125944" WHERE openid ="ouN6_s-JXM5syDIIFWnxsP7s_8_I"
[2015-10-11 13:01:48][debug] call back test:入库成功
[2015-10-11 13:02:03][debug] begin notify
[2015-10-11 13:02:03][debug] call back test:{"appid":"wx161f19ac48b1f2f3","attach":"\u9a6c\u62c9\u677e\u62a5\u540d","bank_type":"PAB_CREDIT","cash_fee":"6000","fee_type":"CNY","is_subscribe":"Y","mch_id":"1268067601","nonce_str":"l5pq38b8hjx7yh4w6fnk0716xci5w0ff","openid":"ouN6_s-JXM5syDIIFWnxsP7s_8_I","out_trade_no":"126806760120151011125944","result_code":"SUCCESS","return_code":"SUCCESS","sign":"FABF02EB595981571E14DE9F6707CF19","time_end":"20151011130145","total_fee":"6000","trade_type":"JSAPI","transaction_id":"1009690869201510111159695408"}
[2015-10-11 13:02:03][debug] query:{"appid":"wx161f19ac48b1f2f3","attach":"\u9a6c\u62c9\u677e\u62a5\u540d","bank_type":"PAB_CREDIT","cash_fee":"6000","fee_type":"CNY","is_subscribe":"Y","mch_id":"1268067601","nonce_str":"YlwNMR35FP3EIHI3","openid":"ouN6_s-JXM5syDIIFWnxsP7s_8_I","out_trade_no":"126806760120151011125944","result_code":"SUCCESS","return_code":"SUCCESS","return_msg":"OK","sign":"0598D205F37E7014FA524BE9AEB4AAD5","time_end":"20151011130144","total_fee":"6000","trade_state":"SUCCESS","trade_type":"JSAPI","transaction_id":"1009690869201510111159695408"}
[2015-10-11 13:02:03][debug] call back test:订单查询成功
[2015-10-11 13:02:03][debug] call back test:已入库
[2015-10-11 13:54:48][debug] begin notify
[2015-10-11 13:54:48][debug] call back test:{"appid":"wx161f19ac48b1f2f3","attach":"\u9a6c\u62c9\u677e\u62a5\u540d","bank_type":"ABC_DEBIT","cash_fee":"4000","fee_type":"CNY","is_subscribe":"Y","mch_id":"1268067601","nonce_str":"1yeq0hi0223qgrq2eyh2ui7uprqqdmqj","openid":"ouN6_s1e5zdWZHTD1_c4dADKgR_M","out_trade_no":"126806760120151011135320","result_code":"SUCCESS","return_code":"SUCCESS","sign":"E9A2312B722A3832CE0D3540D3FB2E8D","time_end":"20151011135447","total_fee":"4000","trade_type":"JSAPI","transaction_id":"1004530869201510111160353882"}
[2015-10-11 13:54:48][debug] query:{"appid":"wx161f19ac48b1f2f3","attach":"\u9a6c\u62c9\u677e\u62a5\u540d","bank_type":"ABC_DEBIT","cash_fee":"4000","fee_type":"CNY","is_subscribe":"Y","mch_id":"1268067601","nonce_str":"nC4xnHZncNFYqXNe","openid":"ouN6_s1e5zdWZHTD1_c4dADKgR_M","out_trade_no":"126806760120151011135320","result_code":"SUCCESS","return_code":"SUCCESS","return_msg":"OK","sign":"DB00CE69AE7725075461B7CF0AA51F62","time_end":"20151011135446","total_fee":"4000","trade_state":"SUCCESS","trade_type":"JSAPI","transaction_id":"1004530869201510111160353882"}
[2015-10-11 13:54:48][debug] call back test:订单查询成功
[2015-10-11 13:54:48][debug] call back test:未入库
[2015-10-11 13:54:48][debug] call back test sql:UPDATE pa_marathon SET ispay =1,transaction_id="1004530869201510111160353882",out_trade_no="126806760120151011135320" WHERE openid ="ouN6_s1e5zdWZHTD1_c4dADKgR_M"
[2015-10-11 13:54:48][debug] call back test:入库成功
[2015-10-11 15:11:35][debug] begin notify
[2015-10-11 15:11:35][debug] call back test:{"appid":"wx161f19ac48b1f2f3","attach":"\u9a6c\u62c9\u677e\u62a5\u540d","bank_type":"CFT","cash_fee":"6000","fee_type":"CNY","is_subscribe":"Y","mch_id":"1268067601","nonce_str":"qvgjqikbdnrquxyrepldzifoz8qft1lp","openid":"ouN6_s4ql9Xb5YrQE5bYnvc_si5U","out_trade_no":"126806760120151011151121","result_code":"SUCCESS","return_code":"SUCCESS","sign":"4A56599818D25EE76A5A84D1B90196F8","time_end":"20151011151135","total_fee":"6000","trade_type":"JSAPI","transaction_id":"1009310869201510111161189609"}
[2015-10-11 15:11:35][debug] query:{"appid":"wx161f19ac48b1f2f3","attach":"\u9a6c\u62c9\u677e\u62a5\u540d","bank_type":"CFT","cash_fee":"6000","fee_type":"CNY","is_subscribe":"Y","mch_id":"1268067601","nonce_str":"l3v9Rye2N7ZibD9G","openid":"ouN6_s4ql9Xb5YrQE5bYnvc_si5U","out_trade_no":"126806760120151011151121","result_code":"SUCCESS","return_code":"SUCCESS","return_msg":"OK","sign":"0C7FF44A566352A3253B466CE3A859C3","time_end":"20151011151134","total_fee":"6000","trade_state":"SUCCESS","trade_type":"JSAPI","transaction_id":"1009310869201510111161189609"}
[2015-10-11 15:11:35][debug] call back test:订单查询成功
[2015-10-11 15:11:35][debug] call back test:未入库
[2015-10-11 15:11:35][debug] call back test sql:UPDATE pa_marathon SET ispay =1,transaction_id="1009310869201510111161189609",out_trade_no="126806760120151011151121" WHERE openid ="ouN6_s4ql9Xb5YrQE5bYnvc_si5U"
[2015-10-11 15:11:35][debug] call back test:入库成功
[2015-10-11 15:33:26][debug] begin notify
[2015-10-11 15:33:26][debug] call back test:{"appid":"wx161f19ac48b1f2f3","attach":"\u9a6c\u62c9\u677e\u62a5\u540d","bank_type":"BOC_DEBIT","cash_fee":"6000","fee_type":"CNY","is_subscribe":"N","mch_id":"1268067601","nonce_str":"zm5es3j5c4dapcj2k0hc2m1o7dubjoaa","openid":"ouN6_s7ZA-059QVy-xbaC5oQEEMA","out_trade_no":"126806760120151011153148","result_code":"SUCCESS","return_code":"SUCCESS","sign":"5C75B60321A45B63CAFDC672BF5738EE","time_end":"20151011153326","total_fee":"6000","trade_type":"JSAPI","transaction_id":"1009180869201510111161415090"}
[2015-10-11 15:33:27][debug] query:{"appid":"wx161f19ac48b1f2f3","attach":"\u9a6c\u62c9\u677e\u62a5\u540d","bank_type":"BOC_DEBIT","cash_fee":"6000","fee_type":"CNY","is_subscribe":"N","mch_id":"1268067601","nonce_str":"MoFAVfiMyVFg92Yf","openid":"ouN6_s7ZA-059QVy-xbaC5oQEEMA","out_trade_no":"126806760120151011153148","result_code":"SUCCESS","return_code":"SUCCESS","return_msg":"OK","sign":"82FA3385A5CE57060B0297CFA2159586","time_end":"20151011153325","total_fee":"6000","trade_state":"SUCCESS","trade_type":"JSAPI","transaction_id":"1009180869201510111161415090"}
[2015-10-11 15:33:27][debug] call back test:订单查询成功
[2015-10-11 15:33:27][debug] call back test:未入库
[2015-10-11 15:33:27][debug] call back test sql:UPDATE pa_marathon SET ispay =1,transaction_id="1009180869201510111161415090",out_trade_no="126806760120151011153148" WHERE openid ="ouN6_s7ZA-059QVy-xbaC5oQEEMA"
[2015-10-11 15:33:27][debug] call back test:入库成功
[2015-10-11 15:59:06][debug] begin notify
[2015-10-11 15:59:06][debug] call back test:{"appid":"wx161f19ac48b1f2f3","attach":"\u9a6c\u62c9\u677e\u62a5\u540d","bank_type":"ABC_CREDIT","cash_fee":"6000","fee_type":"CNY","is_subscribe":"Y","mch_id":"1268067601","nonce_str":"w3qxwjcybc0xmupnwxsh68g0pfrbljje","openid":"ouN6_s-KsGVUW-VHpjudtxUIyv4o","out_trade_no":"126806760120151011155837","result_code":"SUCCESS","return_code":"SUCCESS","sign":"B5886B99F944D7F0D1B194E0A10069B3","time_end":"20151011155904","total_fee":"6000","trade_type":"JSAPI","transaction_id":"1000420869201510111161676658"}
[2015-10-11 15:59:06][debug] query:{"appid":"wx161f19ac48b1f2f3","attach":"\u9a6c\u62c9\u677e\u62a5\u540d","bank_type":"ABC_CREDIT","cash_fee":"6000","fee_type":"CNY","is_subscribe":"Y","mch_id":"1268067601","nonce_str":"mVv9IqBOgRBA6LoR","openid":"ouN6_s-KsGVUW-VHpjudtxUIyv4o","out_trade_no":"126806760120151011155837","result_code":"SUCCESS","return_code":"SUCCESS","return_msg":"OK","sign":"ECA73835052EE15B08EEBC156AA30B29","time_end":"20151011155904","total_fee":"6000","trade_state":"SUCCESS","trade_type":"JSAPI","transaction_id":"1000420869201510111161676658"}
[2015-10-11 15:59:06][debug] call back test:订单查询成功
[2015-10-11 15:59:06][debug] call back test:未入库
[2015-10-11 15:59:06][debug] call back test sql:UPDATE pa_marathon SET ispay =1,transaction_id="1000420869201510111161676658",out_trade_no="126806760120151011155837" WHERE openid ="ouN6_s-KsGVUW-VHpjudtxUIyv4o"
[2015-10-11 15:59:06][debug] call back test:入库成功
[2015-10-11 16:19:10][debug] begin notify
[2015-10-11 16:19:10][debug] call back test:{"appid":"wx161f19ac48b1f2f3","attach":"\u9a6c\u62c9\u677e\u62a5\u540d","bank_type":"CFT","cash_fee":"6000","fee_type":"CNY","is_subscribe":"Y","mch_id":"1268067601","nonce_str":"z9ixja9ddgc450o6im4qsu2oqpg9egsh","openid":"ouN6_sz4PBBo6QJR9GT-u2VJ6RTE","out_trade_no":"126806760120151011161850","result_code":"SUCCESS","return_code":"SUCCESS","sign":"C074F8B1F94FEE32F121541808EC7F78","time_end":"20151011161909","total_fee":"6000","trade_type":"JSAPI","transaction_id":"1001650869201510111161881317"}
[2015-10-11 16:19:10][debug] query:{"appid":"wx161f19ac48b1f2f3","attach":"\u9a6c\u62c9\u677e\u62a5\u540d","bank_type":"CFT","cash_fee":"6000","fee_type":"CNY","is_subscribe":"Y","mch_id":"1268067601","nonce_str":"VOlIgtqPRdY5oc9S","openid":"ouN6_sz4PBBo6QJR9GT-u2VJ6RTE","out_trade_no":"126806760120151011161850","result_code":"SUCCESS","return_code":"SUCCESS","return_msg":"OK","sign":"6247E2ACCA4461CC68689DBCF0511548","time_end":"20151011161909","total_fee":"6000","trade_state":"SUCCESS","trade_type":"JSAPI","transaction_id":"1001650869201510111161881317"}
[2015-10-11 16:19:10][debug] call back test:订单查询成功
[2015-10-11 16:19:10][debug] call back test:未入库
[2015-10-11 16:19:10][debug] call back test sql:UPDATE pa_marathon SET ispay =1,transaction_id="1001650869201510111161881317",out_trade_no="126806760120151011161850" WHERE openid ="ouN6_sz4PBBo6QJR9GT-u2VJ6RTE"
[2015-10-11 16:19:10][debug] call back test:入库成功
[2015-10-11 16:24:57][debug] begin notify
[2015-10-11 17:14:23][debug] begin notify
[2015-10-11 17:14:23][debug] call back test:{"appid":"wx161f19ac48b1f2f3","attach":"\u9a6c\u62c9\u677e\u62a5\u540d","bank_type":"CCB_CREDIT","cash_fee":"4000","fee_type":"CNY","is_subscribe":"Y","mch_id":"1268067601","nonce_str":"yhiz5dbn3f7yytzt077004n40p721wo8","openid":"ouN6_sxDZaZZoiHKeGOOltn_h0KA","out_trade_no":"126806760120151011171246","result_code":"SUCCESS","return_code":"SUCCESS","sign":"421D2A68BE55AC628A092101F116A938","time_end":"20151011171422","total_fee":"4000","trade_type":"JSAPI","transaction_id":"1004120869201510111162510073"}
[2015-10-11 17:14:23][debug] query:{"appid":"wx161f19ac48b1f2f3","attach":"\u9a6c\u62c9\u677e\u62a5\u540d","bank_type":"CCB_CREDIT","cash_fee":"4000","fee_type":"CNY","is_subscribe":"Y","mch_id":"1268067601","nonce_str":"cGATReCsa5tx7Lrp","openid":"ouN6_sxDZaZZoiHKeGOOltn_h0KA","out_trade_no":"126806760120151011171246","result_code":"SUCCESS","return_code":"SUCCESS","return_msg":"OK","sign":"DD8F5363C9F97B5398F52088B3FAC1A3","time_end":"20151011171422","total_fee":"4000","trade_state":"SUCCESS","trade_type":"JSAPI","transaction_id":"1004120869201510111162510073"}
[2015-10-11 17:14:23][debug] call back test:订单查询成功
[2015-10-11 17:14:23][debug] call back test:未入库
[2015-10-11 17:14:23][debug] call back test sql:UPDATE pa_marathon SET ispay =1,transaction_id="1004120869201510111162510073",out_trade_no="126806760120151011171246" WHERE openid ="ouN6_sxDZaZZoiHKeGOOltn_h0KA"
[2015-10-11 17:14:23][debug] call back test:入库成功
[2015-10-11 17:33:07][debug] begin notify
[2015-10-11 17:33:07][debug] call back test:{"appid":"wx161f19ac48b1f2f3","attach":"\u9a6c\u62c9\u677e\u62a5\u540d","bank_type":"ABC_DEBIT","cash_fee":"6000","fee_type":"CNY","is_subscribe":"Y","mch_id":"1268067601","nonce_str":"tvbhs2p15gjzvc1dsz1h431s1b08ws0g","openid":"ouN6_s0JSuVzA1XhAq7sjsRsKl2o","out_trade_no":"126806760120151011173243","result_code":"SUCCESS","return_code":"SUCCESS","sign":"51BB6DA869CB2099A15B9EA0DC1F1484","time_end":"20151011173306","total_fee":"6000","trade_type":"JSAPI","transaction_id":"1001730869201510111162753898"}
[2015-10-11 17:33:07][debug] query:{"appid":"wx161f19ac48b1f2f3","attach":"\u9a6c\u62c9\u677e\u62a5\u540d","bank_type":"ABC_DEBIT","cash_fee":"6000","fee_type":"CNY","is_subscribe":"Y","mch_id":"1268067601","nonce_str":"todbk9vfTPqN4JDS","openid":"ouN6_s0JSuVzA1XhAq7sjsRsKl2o","out_trade_no":"126806760120151011173243","result_code":"SUCCESS","return_code":"SUCCESS","return_msg":"OK","sign":"CEFC1F62F05CA55EC99825EAEF2D1DA9","time_end":"20151011173306","total_fee":"6000","trade_state":"SUCCESS","trade_type":"JSAPI","transaction_id":"1001730869201510111162753898"}
[2015-10-11 17:33:07][debug] call back test:订单查询成功
[2015-10-11 17:33:07][debug] call back test:未入库
[2015-10-11 17:33:07][debug] call back test sql:UPDATE pa_marathon SET ispay =1,transaction_id="1001730869201510111162753898",out_trade_no="126806760120151011173243" WHERE openid ="ouN6_s0JSuVzA1XhAq7sjsRsKl2o"
[2015-10-11 17:33:07][debug] call back test:入库成功
[2015-10-11 17:40:04][debug] begin notify
[2015-10-11 17:40:04][debug] call back test:{"appid":"wx161f19ac48b1f2f3","attach":"\u9a6c\u62c9\u677e\u62a5\u540d","bank_type":"CFT","cash_fee":"4000","fee_type":"CNY","is_subscribe":"Y","mch_id":"1268067601","nonce_str":"dwoemrijem4v3y49ese1202iwp47l8ii","openid":"ouN6_s3TUqv9kYdZmI3uUCRm7kiM","out_trade_no":"126806760120151011173931","result_code":"SUCCESS","return_code":"SUCCESS","sign":"6EEF1C91E0A8A33B7E18877F4EBF91AC","time_end":"20151011174003","total_fee":"4000","trade_type":"JSAPI","transaction_id":"1005010869201510111162855261"}
[2015-10-11 17:40:04][debug] query:{"appid":"wx161f19ac48b1f2f3","attach":"\u9a6c\u62c9\u677e\u62a5\u540d","bank_type":"CFT","cash_fee":"4000","fee_type":"CNY","is_subscribe":"Y","mch_id":"1268067601","nonce_str":"T3Rzu3Lc0TMNOPHa","openid":"ouN6_s3TUqv9kYdZmI3uUCRm7kiM","out_trade_no":"126806760120151011173931","result_code":"SUCCESS","return_code":"SUCCESS","return_msg":"OK","sign":"6C0A46AE3E4FABCF417077FABFE87CBF","time_end":"20151011174002","total_fee":"4000","trade_state":"SUCCESS","trade_type":"JSAPI","transaction_id":"1005010869201510111162855261"}
[2015-10-11 17:40:04][debug] call back test:订单查询成功
[2015-10-11 17:40:04][debug] call back test:未入库
[2015-10-11 17:40:04][debug] call back test sql:UPDATE pa_marathon SET ispay =1,transaction_id="1005010869201510111162855261",out_trade_no="126806760120151011173931" WHERE openid ="ouN6_s3TUqv9kYdZmI3uUCRm7kiM"
[2015-10-11 17:40:04][debug] call back test:入库成功
[2015-10-11 17:52:15][debug] begin notify
[2015-10-11 17:52:15][debug] call back test:{"appid":"wx161f19ac48b1f2f3","attach":"\u9a6c\u62c9\u677e\u62a5\u540d","bank_type":"CFT","cash_fee":"4000","fee_type":"CNY","is_subscribe":"Y","mch_id":"1268067601","nonce_str":"ttla1k1fmijk4edtumu4m3tt2z60i50i","openid":"ouN6_sxPdp9BxhaA7CukSUjGE5HI","out_trade_no":"126806760120151011175044","result_code":"SUCCESS","return_code":"SUCCESS","sign":"748FFEEA9CAA4C66210874EB2B535625","time_end":"20151011175213","total_fee":"4000","trade_type":"JSAPI","transaction_id":"1007600869201510111162994984"}
[2015-10-11 17:52:15][debug] query:{"appid":"wx161f19ac48b1f2f3","attach":"\u9a6c\u62c9\u677e\u62a5\u540d","bank_type":"CFT","cash_fee":"4000","fee_type":"CNY","is_subscribe":"Y","mch_id":"1268067601","nonce_str":"PonMJTcIy8gLLbiS","openid":"ouN6_sxPdp9BxhaA7CukSUjGE5HI","out_trade_no":"126806760120151011175044","result_code":"SUCCESS","return_code":"SUCCESS","return_msg":"OK","sign":"FDC52239648257B967B5D6EBD30058FA","time_end":"20151011175213","total_fee":"4000","trade_state":"SUCCESS","trade_type":"JSAPI","transaction_id":"1007600869201510111162994984"}
[2015-10-11 17:52:15][debug] call back test:订单查询成功
[2015-10-11 17:52:15][debug] call back test:未入库
[2015-10-11 17:52:15][debug] call back test sql:UPDATE pa_marathon SET ispay =1,transaction_id="1007600869201510111162994984",out_trade_no="126806760120151011175044" WHERE openid ="ouN6_sxPdp9BxhaA7CukSUjGE5HI"
[2015-10-11 17:52:15][debug] call back test:入库成功
[2015-10-11 17:56:52][debug] begin notify
[2015-10-11 17:56:52][debug] call back test:{"appid":"wx161f19ac48b1f2f3","attach":"\u9a6c\u62c9\u677e\u62a5\u540d","bank_type":"ICBC_DEBIT","cash_fee":"4000","fee_type":"CNY","is_subscribe":"N","mch_id":"1268067601","nonce_str":"n6vgrgaiyppwmvtwdc60mplxj7r05s5d","openid":"ouN6_syjqOca6mC3dXk8iWmscSqo","out_trade_no":"126806760120151011175619","result_code":"SUCCESS","return_code":"SUCCESS","sign":"070A7330DEC395A4308A433416EB7DFB","time_end":"20151011175652","total_fee":"4000","trade_type":"JSAPI","transaction_id":"1001640869201510111163054325"}
[2015-10-11 17:56:52][debug] query:{"appid":"wx161f19ac48b1f2f3","attach":"\u9a6c\u62c9\u677e\u62a5\u540d","bank_type":"ICBC_DEBIT","cash_fee":"4000","fee_type":"CNY","is_subscribe":"N","mch_id":"1268067601","nonce_str":"RmxNejQL483qvWaZ","openid":"ouN6_syjqOca6mC3dXk8iWmscSqo","out_trade_no":"126806760120151011175619","result_code":"SUCCESS","return_code":"SUCCESS","return_msg":"OK","sign":"64ADDFD3023D0300F0E7DC6D7BE3E680","time_end":"20151011175651","total_fee":"4000","trade_state":"SUCCESS","trade_type":"JSAPI","transaction_id":"1001640869201510111163054325"}
[2015-10-11 17:56:52][debug] call back test:订单查询成功
[2015-10-11 17:56:52][debug] call back test:未入库
[2015-10-11 17:56:52][debug] call back test sql:UPDATE pa_marathon SET ispay =1,transaction_id="1001640869201510111163054325",out_trade_no="126806760120151011175619" WHERE openid ="ouN6_syjqOca6mC3dXk8iWmscSqo"
[2015-10-11 17:56:52][debug] call back test:入库成功
[2015-10-11 18:54:47][debug] begin notify
[2015-10-11 18:54:47][debug] call back test:{"appid":"wx161f19ac48b1f2f3","attach":"\u9a6c\u62c9\u677e\u62a5\u540d","bank_type":"CITIC_CREDIT","cash_fee":"6000","fee_type":"CNY","is_subscribe":"Y","mch_id":"1268067601","nonce_str":"nge5aqw72ip6e5xefk1fsqqlt5ncnsi3","openid":"ouN6_sx75NhqOycUKCQ1T8CdvCQY","out_trade_no":"126806760120151011185408","result_code":"SUCCESS","return_code":"SUCCESS","sign":"252E3EB91AA0E8862CD3F9CB00AED823","time_end":"20151011185446","total_fee":"6000","trade_type":"JSAPI","transaction_id":"1005440869201510111163805380"}
[2015-10-11 18:54:48][debug] query:{"appid":"wx161f19ac48b1f2f3","attach":"\u9a6c\u62c9\u677e\u62a5\u540d","bank_type":"CITIC_CREDIT","cash_fee":"6000","fee_type":"CNY","is_subscribe":"Y","mch_id":"1268067601","nonce_str":"9UUhq79L5zLcktSX","openid":"ouN6_sx75NhqOycUKCQ1T8CdvCQY","out_trade_no":"126806760120151011185408","result_code":"SUCCESS","return_code":"SUCCESS","return_msg":"OK","sign":"E1FD723663AB2EBBCB00B3C927288311","time_end":"20151011185445","total_fee":"6000","trade_state":"SUCCESS","trade_type":"JSAPI","transaction_id":"1005440869201510111163805380"}
[2015-10-11 18:54:48][debug] call back test:订单查询成功
[2015-10-11 18:54:48][debug] call back test:未入库
[2015-10-11 18:54:48][debug] call back test sql:UPDATE pa_marathon SET ispay =1,transaction_id="1005440869201510111163805380",out_trade_no="126806760120151011185408" WHERE openid ="ouN6_sx75NhqOycUKCQ1T8CdvCQY"
[2015-10-11 18:54:48][debug] call back test:入库成功
[2015-10-11 19:33:20][debug] begin notify
[2015-10-11 19:33:20][debug] call back test:{"appid":"wx161f19ac48b1f2f3","attach":"\u9a6c\u62c9\u677e\u62a5\u540d","bank_type":"CCB_DEBIT","cash_fee":"6000","fee_type":"CNY","is_subscribe":"Y","mch_id":"1268067601","nonce_str":"xlor5uttnijt1crissjcibjbi3xgo9v0","openid":"ouN6_s48SH3WtoAMd7zEGS8Wdc4Q","out_trade_no":"126806760120151011193250","result_code":"SUCCESS","return_code":"SUCCESS","sign":"AE005FD321977337F669466716D38591","time_end":"20151011193318","total_fee":"6000","trade_type":"JSAPI","transaction_id":"1003920869201510111164280750"}
[2015-10-11 19:33:20][debug] query:{"appid":"wx161f19ac48b1f2f3","attach":"\u9a6c\u62c9\u677e\u62a5\u540d","bank_type":"CCB_DEBIT","cash_fee":"6000","fee_type":"CNY","is_subscribe":"Y","mch_id":"1268067601","nonce_str":"Mw1VdIHRZAEUZjvM","openid":"ouN6_s48SH3WtoAMd7zEGS8Wdc4Q","out_trade_no":"126806760120151011193250","result_code":"SUCCESS","return_code":"SUCCESS","return_msg":"OK","sign":"192292B7B4DFED0AC9C505FCAB3F38AB","time_end":"20151011193317","total_fee":"6000","trade_state":"SUCCESS","trade_type":"JSAPI","transaction_id":"1003920869201510111164280750"}
[2015-10-11 19:33:20][debug] call back test:订单查询成功
[2015-10-11 19:33:20][debug] call back test:未入库
[2015-10-11 19:33:20][debug] call back test sql:UPDATE pa_marathon SET ispay =1,transaction_id="1003920869201510111164280750",out_trade_no="126806760120151011193250" WHERE openid ="ouN6_s48SH3WtoAMd7zEGS8Wdc4Q"
[2015-10-11 19:33:20][debug] call back test:入库成功
[2015-10-11 19:47:23][debug] begin notify
[2015-10-11 19:47:23][debug] call back test:{"appid":"wx161f19ac48b1f2f3","attach":"\u9a6c\u62c9\u677e\u62a5\u540d","bank_type":"ICBC_DEBIT","cash_fee":"4000","fee_type":"CNY","is_subscribe":"Y","mch_id":"1268067601","nonce_str":"z4hf1juxdmv1ocessk6w6clu577rz2bk","openid":"ouN6_s-cx8NS6QJDodL1fxYoVbh0","out_trade_no":"126806760120151011194111","result_code":"SUCCESS","return_code":"SUCCESS","sign":"FDED8ACC3C0289469BF441BC644B0B74","time_end":"20151011194722","total_fee":"4000","trade_type":"JSAPI","transaction_id":"1006270869201510111164441534"}
[2015-10-11 19:47:26][debug] query:{"appid":"wx161f19ac48b1f2f3","attach":"\u9a6c\u62c9\u677e\u62a5\u540d","bank_type":"ICBC_DEBIT","cash_fee":"4000","fee_type":"CNY","is_subscribe":"Y","mch_id":"1268067601","nonce_str":"P0xKMDuj6fu6kveu","openid":"ouN6_s-cx8NS6QJDodL1fxYoVbh0","out_trade_no":"126806760120151011194111","result_code":"SUCCESS","return_code":"SUCCESS","return_msg":"OK","sign":"71D516BC12F77F58236DF64F3E2BD562","time_end":"20151011194721","total_fee":"4000","trade_state":"SUCCESS","trade_type":"JSAPI","transaction_id":"1006270869201510111164441534"}
[2015-10-11 19:47:26][debug] call back test:订单查询成功
[2015-10-11 19:47:26][debug] call back test:未入库
[2015-10-11 19:47:26][debug] call back test sql:UPDATE pa_marathon SET ispay =1,transaction_id="1006270869201510111164441534",out_trade_no="126806760120151011194111" WHERE openid ="ouN6_s-cx8NS6QJDodL1fxYoVbh0"
[2015-10-11 19:47:26][debug] call back test:入库成功
[2015-10-11 19:47:34][debug] begin notify
[2015-10-11 19:47:34][debug] call back test:{"appid":"wx161f19ac48b1f2f3","attach":"\u9a6c\u62c9\u677e\u62a5\u540d","bank_type":"ICBC_DEBIT","cash_fee":"4000","fee_type":"CNY","is_subscribe":"Y","mch_id":"1268067601","nonce_str":"z4hf1juxdmv1ocessk6w6clu577rz2bk","openid":"ouN6_s-cx8NS6QJDodL1fxYoVbh0","out_trade_no":"126806760120151011194111","result_code":"SUCCESS","return_code":"SUCCESS","sign":"FDED8ACC3C0289469BF441BC644B0B74","time_end":"20151011194722","total_fee":"4000","trade_type":"JSAPI","transaction_id":"1006270869201510111164441534"}
[2015-10-11 19:47:35][debug] query:{"appid":"wx161f19ac48b1f2f3","attach":"\u9a6c\u62c9\u677e\u62a5\u540d","bank_type":"ICBC_DEBIT","cash_fee":"4000","fee_type":"CNY","is_subscribe":"Y","mch_id":"1268067601","nonce_str":"U6AVGBMTLGMMBk0G","openid":"ouN6_s-cx8NS6QJDodL1fxYoVbh0","out_trade_no":"126806760120151011194111","result_code":"SUCCESS","return_code":"SUCCESS","return_msg":"OK","sign":"4EBFC546C55DCD7F5897FB636D22AAF4","time_end":"20151011194721","total_fee":"4000","trade_state":"SUCCESS","trade_type":"JSAPI","transaction_id":"1006270869201510111164441534"}
[2015-10-11 19:47:35][debug] call back test:订单查询成功
[2015-10-11 19:47:35][debug] call back test:已入库
[2015-10-11 20:08:52][debug] begin notify
[2015-10-11 20:08:52][debug] call back test:{"appid":"wx161f19ac48b1f2f3","attach":"\u9a6c\u62c9\u677e\u62a5\u540d","bank_type":"ICBC_DEBIT","cash_fee":"4000","fee_type":"CNY","is_subscribe":"Y","mch_id":"1268067601","nonce_str":"awhcdq8cmbe0u3a79lzhnfgfb08ro7bx","openid":"ouN6_s9kV7CY3DXtHd5LQF6FtU90","out_trade_no":"126806760120151011200833","result_code":"SUCCESS","return_code":"SUCCESS","sign":"0E0E57E934FA107ED839DA11955ED92B","time_end":"20151011200850","total_fee":"4000","trade_type":"JSAPI","transaction_id":"1002000869201510111164690506"}
[2015-10-11 20:08:52][debug] query:{"appid":"wx161f19ac48b1f2f3","attach":"\u9a6c\u62c9\u677e\u62a5\u540d","bank_type":"ICBC_DEBIT","cash_fee":"4000","fee_type":"CNY","is_subscribe":"Y","mch_id":"1268067601","nonce_str":"miwyGd0bOjh18sPj","openid":"ouN6_s9kV7CY3DXtHd5LQF6FtU90","out_trade_no":"126806760120151011200833","result_code":"SUCCESS","return_code":"SUCCESS","return_msg":"OK","sign":"551D536C19F6F15B68E23BD625876547","time_end":"20151011200849","total_fee":"4000","trade_state":"SUCCESS","trade_type":"JSAPI","transaction_id":"1002000869201510111164690506"}
[2015-10-11 20:08:52][debug] call back test:订单查询成功
[2015-10-11 20:08:52][debug] call back test:未入库
[2015-10-11 20:08:52][debug] call back test sql:UPDATE pa_marathon SET ispay =1,transaction_id="1002000869201510111164690506",out_trade_no="126806760120151011200833" WHERE openid ="ouN6_s9kV7CY3DXtHd5LQF6FtU90"
[2015-10-11 20:08:52][debug] call back test:入库成功
[2015-10-11 20:15:31][debug] begin notify
[2015-10-11 20:15:31][debug] call back test:{"appid":"wx161f19ac48b1f2f3","attach":"\u9a6c\u62c9\u677e\u62a5\u540d","bank_type":"CCB_DEBIT","cash_fee":"6000","fee_type":"CNY","is_subscribe":"Y","mch_id":"1268067601","nonce_str":"dgq67v7jernzyh3kqvx1bcmsiidbpq89","openid":"ouN6_s_Zt1kIYCnSm1jRQ8cT61MA","out_trade_no":"126806760120151011201342","result_code":"SUCCESS","return_code":"SUCCESS","sign":"205C059715D7C7E5741F6D135629F36C","time_end":"20151011201531","total_fee":"6000","trade_type":"JSAPI","transaction_id":"1003360869201510111164751762"}
[2015-10-11 20:15:32][debug] query:{"appid":"wx161f19ac48b1f2f3","attach":"\u9a6c\u62c9\u677e\u62a5\u540d","bank_type":"CCB_DEBIT","cash_fee":"6000","fee_type":"CNY","is_subscribe":"Y","mch_id":"1268067601","nonce_str":"FeUIbCIN1XsaVymZ","openid":"ouN6_s_Zt1kIYCnSm1jRQ8cT61MA","out_trade_no":"126806760120151011201342","result_code":"SUCCESS","return_code":"SUCCESS","return_msg":"OK","sign":"8CDDD93B35F07E328BC1753ED2A1687E","time_end":"20151011201530","total_fee":"6000","trade_state":"SUCCESS","trade_type":"JSAPI","transaction_id":"1003360869201510111164751762"}
[2015-10-11 20:15:32][debug] call back test:订单查询成功
[2015-10-11 20:15:32][debug] call back test:未入库
[2015-10-11 20:15:32][debug] call back test sql:UPDATE pa_marathon SET ispay =1,transaction_id="1003360869201510111164751762",out_trade_no="126806760120151011201342" WHERE openid ="ouN6_s_Zt1kIYCnSm1jRQ8cT61MA"
[2015-10-11 20:15:32][debug] call back test:入库成功
[2015-10-11 20:58:00][debug] begin notify
[2015-10-11 20:58:00][debug] call back test:{"appid":"wx161f19ac48b1f2f3","attach":"\u9a6c\u62c9\u677e\u62a5\u540d","bank_type":"CFT","cash_fee":"6000","fee_type":"CNY","is_subscribe":"Y","mch_id":"1268067601","nonce_str":"l1twj3p6elkpt6r08iinguso4f3gz05w","openid":"ouN6_s134H17Rngp4dlhUMcBAmxQ","out_trade_no":"126806760120151011205702","result_code":"SUCCESS","return_code":"SUCCESS","sign":"CDACE3A0E41BBE456B696117714A9B0C","time_end":"20151011205759","total_fee":"6000","trade_type":"JSAPI","transaction_id":"1002080869201510111165182979"}
[2015-10-11 20:58:01][debug] query:{"appid":"wx161f19ac48b1f2f3","attach":"\u9a6c\u62c9\u677e\u62a5\u540d","bank_type":"CFT","cash_fee":"6000","fee_type":"CNY","is_subscribe":"Y","mch_id":"1268067601","nonce_str":"sr45iKDwUbzElYnE","openid":"ouN6_s134H17Rngp4dlhUMcBAmxQ","out_trade_no":"126806760120151011205702","result_code":"SUCCESS","return_code":"SUCCESS","return_msg":"OK","sign":"2E124A8B6DA322E0F11AFF02D624395B","time_end":"20151011205758","total_fee":"6000","trade_state":"SUCCESS","trade_type":"JSAPI","transaction_id":"1002080869201510111165182979"}
[2015-10-11 20:58:01][debug] call back test:订单查询成功
[2015-10-11 20:58:01][debug] call back test:未入库
[2015-10-11 20:58:01][debug] call back test sql:UPDATE pa_marathon SET ispay =1,transaction_id="1002080869201510111165182979",out_trade_no="126806760120151011205702" WHERE openid ="ouN6_s134H17Rngp4dlhUMcBAmxQ"
[2015-10-11 20:58:01][debug] call back test:入库成功
[2015-10-11 21:18:00][debug] begin notify
[2015-10-11 21:18:00][debug] call back test:{"appid":"wx161f19ac48b1f2f3","attach":"\u9a6c\u62c9\u677e\u62a5\u540d","bank_type":"CFT","cash_fee":"6000","fee_type":"CNY","is_subscribe":"Y","mch_id":"1268067601","nonce_str":"x334wjikduq7eeabyr0qaxbtyltfxcrp","openid":"ouN6_sxBwBQIBWEpryKbLXBQ1HUY","out_trade_no":"126806760120151011211737","result_code":"SUCCESS","return_code":"SUCCESS","sign":"5A197360D1D7AD19B369B6CEF87EAFD0","time_end":"20151011211800","total_fee":"6000","trade_type":"JSAPI","transaction_id":"1000970869201510111165393068"}
[2015-10-11 21:18:00][debug] query:{"appid":"wx161f19ac48b1f2f3","attach":"\u9a6c\u62c9\u677e\u62a5\u540d","bank_type":"CFT","cash_fee":"6000","fee_type":"CNY","is_subscribe":"Y","mch_id":"1268067601","nonce_str":"v2uUTbvVptRpTa9h","openid":"ouN6_sxBwBQIBWEpryKbLXBQ1HUY","out_trade_no":"126806760120151011211737","result_code":"SUCCESS","return_code":"SUCCESS","return_msg":"OK","sign":"88E41D29876BF8FD40DD38DC82580BA9","time_end":"20151011211759","total_fee":"6000","trade_state":"SUCCESS","trade_type":"JSAPI","transaction_id":"1000970869201510111165393068"}
[2015-10-11 21:18:00][debug] call back test:订单查询成功
[2015-10-11 21:18:00][debug] call back test:未入库
[2015-10-11 21:18:00][debug] call back test sql:UPDATE pa_marathon SET ispay =1,transaction_id="1000970869201510111165393068",out_trade_no="126806760120151011211737" WHERE openid ="ouN6_sxBwBQIBWEpryKbLXBQ1HUY"
[2015-10-11 21:18:00][debug] call back test:入库成功
[2015-10-11 22:36:57][debug] begin notify
[2015-10-11 22:36:57][debug] call back test:{"appid":"wx161f19ac48b1f2f3","attach":"\u9a6c\u62c9\u677e\u62a5\u540d","bank_type":"CCB_DEBIT","cash_fee":"4000","fee_type":"CNY","is_subscribe":"Y","mch_id":"1268067601","nonce_str":"9j2wb31ms1the7otnbeult9alkfn3efz","openid":"ouN6_s-yoIAKc0sqVT8Qt0d-xqgs","out_trade_no":"126806760120151011223630","result_code":"SUCCESS","return_code":"SUCCESS","sign":"721C11DE9200FBF2BC9604D7A0D19FB1","time_end":"20151011223656","total_fee":"4000","trade_type":"JSAPI","transaction_id":"1003490869201510111166051732"}
[2015-10-11 22:36:57][debug] query:{"appid":"wx161f19ac48b1f2f3","attach":"\u9a6c\u62c9\u677e\u62a5\u540d","bank_type":"CCB_DEBIT","cash_fee":"4000","fee_type":"CNY","is_subscribe":"Y","mch_id":"1268067601","nonce_str":"ctSZEnCVpfkSLNUi","openid":"ouN6_s-yoIAKc0sqVT8Qt0d-xqgs","out_trade_no":"126806760120151011223630","result_code":"SUCCESS","return_code":"SUCCESS","return_msg":"OK","sign":"DF2EBAC7B6EA5AEF85F761D8AD526500","time_end":"20151011223655","total_fee":"4000","trade_state":"SUCCESS","trade_type":"JSAPI","transaction_id":"1003490869201510111166051732"}
[2015-10-11 22:36:57][debug] call back test:订单查询成功
[2015-10-11 22:36:57][debug] call back test:未入库
[2015-10-11 22:36:57][debug] call back test sql:UPDATE pa_marathon SET ispay =1,transaction_id="1003490869201510111166051732",out_trade_no="126806760120151011223630" WHERE openid ="ouN6_s-yoIAKc0sqVT8Qt0d-xqgs"
[2015-10-11 22:36:57][debug] call back test:入库成功
[2015-10-11 22:38:03][debug] begin notify
[2015-10-11 22:38:03][debug] call back test:{"appid":"wx161f19ac48b1f2f3","attach":"\u9a6c\u62c9\u677e\u62a5\u540d","bank_type":"PSBC_DEBIT","cash_fee":"6000","fee_type":"CNY","is_subscribe":"Y","mch_id":"1268067601","nonce_str":"dceswh9b1qc0k4z2q6k3zzabxgl2fzxq","openid":"ouN6_s6FeihOOWXoYHnuxbEd4H5w","out_trade_no":"126806760120151011223329","result_code":"SUCCESS","return_code":"SUCCESS","sign":"2AEB890690F590C9206F71CC6E8691C5","time_end":"20151011223802","total_fee":"6000","trade_type":"JSAPI","transaction_id":"1000910869201510111166039955"}
[2015-10-11 22:38:04][debug] query:{"appid":"wx161f19ac48b1f2f3","attach":"\u9a6c\u62c9\u677e\u62a5\u540d","bank_type":"PSBC_DEBIT","cash_fee":"6000","fee_type":"CNY","is_subscribe":"Y","mch_id":"1268067601","nonce_str":"KZvL1YoI8eZnufF7","openid":"ouN6_s6FeihOOWXoYHnuxbEd4H5w","out_trade_no":"126806760120151011223329","result_code":"SUCCESS","return_code":"SUCCESS","return_msg":"OK","sign":"886A721BF69CB7A2EDAF95632D7412BC","time_end":"20151011223739","total_fee":"6000","trade_state":"SUCCESS","trade_type":"JSAPI","transaction_id":"1000910869201510111166039955"}
[2015-10-11 22:38:04][debug] call back test:订单查询成功
[2015-10-11 22:38:04][debug] call back test:未入库
[2015-10-11 22:38:04][debug] call back test sql:UPDATE pa_marathon SET ispay =1,transaction_id="1000910869201510111166039955",out_trade_no="126806760120151011223329" WHERE openid ="ouN6_s6FeihOOWXoYHnuxbEd4H5w"
[2015-10-11 22:38:04][debug] call back test:入库成功
[2015-10-11 22:40:45][debug] begin notify
[2015-10-11 22:40:45][debug] call back test:{"appid":"wx161f19ac48b1f2f3","attach":"\u9a6c\u62c9\u677e\u62a5\u540d","bank_type":"PSBC_DEBIT","cash_fee":"6000","fee_type":"CNY","is_subscribe":"Y","mch_id":"1268067601","nonce_str":"kvokdtpkl1s6a46d9ihi00uzbdv3yjuw","openid":"ouN6_s0pwE73oewCR0ZKxgfMG2II","out_trade_no":"126806760120151011223919","result_code":"SUCCESS","return_code":"SUCCESS","sign":"7E4698992F8B43FD53154FF2FF337786","time_end":"20151011224045","total_fee":"6000","trade_type":"JSAPI","transaction_id":"1008360869201510111166091310"}
[2015-10-11 22:40:50][debug] query:{"appid":"wx161f19ac48b1f2f3","attach":"\u9a6c\u62c9\u677e\u62a5\u540d","bank_type":"PSBC_DEBIT","cash_fee":"6000","fee_type":"CNY","is_subscribe":"Y","mch_id":"1268067601","nonce_str":"UOSqw3SAU2eAtvpO","openid":"ouN6_s0pwE73oewCR0ZKxgfMG2II","out_trade_no":"126806760120151011223919","result_code":"SUCCESS","return_code":"SUCCESS","return_msg":"OK","sign":"D078A319DA22B2C43F511287FA1605FF","time_end":"20151011224038","total_fee":"6000","trade_state":"SUCCESS","trade_type":"JSAPI","transaction_id":"1008360869201510111166091310"}
[2015-10-11 22:40:50][debug] call back test:订单查询成功
[2015-10-11 22:40:50][debug] call back test:未入库
[2015-10-11 22:40:50][debug] call back test sql:UPDATE pa_marathon SET ispay =1,transaction_id="1008360869201510111166091310",out_trade_no="126806760120151011223919" WHERE openid ="ouN6_s0pwE73oewCR0ZKxgfMG2II"
[2015-10-11 22:40:50][debug] call back test:入库成功
[2015-10-11 22:41:02][debug] begin notify
[2015-10-11 22:41:02][debug] call back test:{"appid":"wx161f19ac48b1f2f3","attach":"\u9a6c\u62c9\u677e\u62a5\u540d","bank_type":"PSBC_DEBIT","cash_fee":"6000","fee_type":"CNY","is_subscribe":"Y","mch_id":"1268067601","nonce_str":"kvokdtpkl1s6a46d9ihi00uzbdv3yjuw","openid":"ouN6_s0pwE73oewCR0ZKxgfMG2II","out_trade_no":"126806760120151011223919","result_code":"SUCCESS","return_code":"SUCCESS","sign":"7E4698992F8B43FD53154FF2FF337786","time_end":"20151011224045","total_fee":"6000","trade_type":"JSAPI","transaction_id":"1008360869201510111166091310"}
[2015-10-11 22:41:02][debug] query:{"appid":"wx161f19ac48b1f2f3","attach":"\u9a6c\u62c9\u677e\u62a5\u540d","bank_type":"PSBC_DEBIT","cash_fee":"6000","fee_type":"CNY","is_subscribe":"Y","mch_id":"1268067601","nonce_str":"AvRmxMSg6lAHk5PN","openid":"ouN6_s0pwE73oewCR0ZKxgfMG2II","out_trade_no":"126806760120151011223919","result_code":"SUCCESS","return_code":"SUCCESS","return_msg":"OK","sign":"A0EF411982ED314668CBAE99AD01CADA","time_end":"20151011224038","total_fee":"6000","trade_state":"SUCCESS","trade_type":"JSAPI","transaction_id":"1008360869201510111166091310"}
[2015-10-11 22:41:02][debug] call back test:订单查询成功
[2015-10-11 22:41:02][debug] call back test:已入库
[2015-10-11 22:52:17][debug] begin notify
[2015-10-11 22:52:17][debug] call back test:{"appid":"wx161f19ac48b1f2f3","attach":"\u9a6c\u62c9\u677e\u62a5\u540d","bank_type":"CMB_DEBIT","cash_fee":"6000","fee_type":"CNY","is_subscribe":"N","mch_id":"1268067601","nonce_str":"yrp1m583pikbe5t1f60o9487mjy149fk","openid":"ouN6_s8xir5-pk2SvFTT_qne3PPc","out_trade_no":"126806760120151011225116","result_code":"SUCCESS","return_code":"SUCCESS","sign":"D4017B9A4BD8DF90DCF4D2C3330D5392","time_end":"20151011225217","total_fee":"6000","trade_type":"JSAPI","transaction_id":"1003860869201510111166171251"}
[2015-10-11 22:52:17][debug] query:{"appid":"wx161f19ac48b1f2f3","attach":"\u9a6c\u62c9\u677e\u62a5\u540d","bank_type":"CMB_DEBIT","cash_fee":"6000","fee_type":"CNY","is_subscribe":"N","mch_id":"1268067601","nonce_str":"9mO7kcqH1Et8JQD1","openid":"ouN6_s8xir5-pk2SvFTT_qne3PPc","out_trade_no":"126806760120151011225116","result_code":"SUCCESS","return_code":"SUCCESS","return_msg":"OK","sign":"F9D49C824E91E90974C51DBD62E7E9ED","time_end":"20151011225216","total_fee":"6000","trade_state":"SUCCESS","trade_type":"JSAPI","transaction_id":"1003860869201510111166171251"}
[2015-10-11 22:52:17][debug] call back test:订单查询成功
[2015-10-11 22:52:17][debug] call back test:未入库
[2015-10-11 22:52:17][debug] call back test sql:UPDATE pa_marathon SET ispay =1,transaction_id="1003860869201510111166171251",out_trade_no="126806760120151011225116" WHERE openid ="ouN6_s8xir5-pk2SvFTT_qne3PPc"
[2015-10-11 22:52:18][debug] call back test:入库成功
[2015-10-11 22:59:41][debug] begin notify
[2015-10-11 22:59:41][debug] call back test:{"appid":"wx161f19ac48b1f2f3","attach":"\u9a6c\u62c9\u677e\u62a5\u540d","bank_type":"CFT","cash_fee":"6000","fee_type":"CNY","is_subscribe":"Y","mch_id":"1268067601","nonce_str":"qqdhza3znuljcv1ipoeo9i1257s9u2jr","openid":"ouN6_s0jMrRjOzg3Z4VyL1zMBcTc","out_trade_no":"126806760120151011225918","result_code":"SUCCESS","return_code":"SUCCESS","sign":"0F1B710BBEF5E49093A2921DD3850A18","time_end":"20151011225940","total_fee":"6000","trade_type":"JSAPI","transaction_id":"1003860869201510111166230202"}
[2015-10-11 22:59:42][debug] query:{"appid":"wx161f19ac48b1f2f3","attach":"\u9a6c\u62c9\u677e\u62a5\u540d","bank_type":"CFT","cash_fee":"6000","fee_type":"CNY","is_subscribe":"Y","mch_id":"1268067601","nonce_str":"A9K6kKmMpXAKneOS","openid":"ouN6_s0jMrRjOzg3Z4VyL1zMBcTc","out_trade_no":"126806760120151011225918","result_code":"SUCCESS","return_code":"SUCCESS","return_msg":"OK","sign":"DDCB42DADFE7E00F4229E9944F640837","time_end":"20151011225939","total_fee":"6000","trade_state":"SUCCESS","trade_type":"JSAPI","transaction_id":"1003860869201510111166230202"}
[2015-10-11 22:59:42][debug] call back test:订单查询成功
[2015-10-11 22:59:42][debug] call back test:未入库
[2015-10-11 22:59:42][debug] call back test sql:UPDATE pa_marathon SET ispay =1,transaction_id="1003860869201510111166230202",out_trade_no="126806760120151011225918" WHERE openid ="ouN6_s0jMrRjOzg3Z4VyL1zMBcTc"
[2015-10-11 22:59:42][debug] call back test:入库成功
[2015-10-11 23:09:58][debug] begin notify
[2015-10-11 23:09:58][debug] call back test:{"appid":"wx161f19ac48b1f2f3","attach":"\u9a6c\u62c9\u677e\u62a5\u540d","bank_type":"CFT","cash_fee":"6000","fee_type":"CNY","is_subscribe":"Y","mch_id":"1268067601","nonce_str":"lwdyf4nbqppjum4cc0b4urf5iq46hj8o","openid":"ouN6_s42_5ZwI6xek5on4-cYsHpg","out_trade_no":"126806760120151011230938","result_code":"SUCCESS","return_code":"SUCCESS","sign":"CC606B1090BD3F527190C5C48EBDBE5B","time_end":"20151011230957","total_fee":"6000","trade_type":"JSAPI","transaction_id":"1006860869201510111166278910"}
[2015-10-11 23:09:58][debug] query:{"appid":"wx161f19ac48b1f2f3","attach":"\u9a6c\u62c9\u677e\u62a5\u540d","bank_type":"CFT","cash_fee":"6000","fee_type":"CNY","is_subscribe":"Y","mch_id":"1268067601","nonce_str":"kc1zXStutsLKNzQd","openid":"ouN6_s42_5ZwI6xek5on4-cYsHpg","out_trade_no":"126806760120151011230938","result_code":"SUCCESS","return_code":"SUCCESS","return_msg":"OK","sign":"6B17DC5D70AAF8A459E2222858EE810F","time_end":"20151011230957","total_fee":"6000","trade_state":"SUCCESS","trade_type":"JSAPI","transaction_id":"1006860869201510111166278910"}
[2015-10-11 23:09:58][debug] call back test:订单查询成功
[2015-10-11 23:09:58][debug] call back test:未入库
[2015-10-11 23:09:58][debug] call back test sql:UPDATE pa_marathon SET ispay =1,transaction_id="1006860869201510111166278910",out_trade_no="126806760120151011230938" WHERE openid ="ouN6_s42_5ZwI6xek5on4-cYsHpg"
[2015-10-11 23:09:58][debug] call back test:入库成功
[2015-10-11 23:26:40][debug] begin notify
[2015-10-11 23:26:40][debug] call back test:{"appid":"wx161f19ac48b1f2f3","attach":"\u9a6c\u62c9\u677e\u62a5\u540d","bank_type":"CFT","cash_fee":"6000","fee_type":"CNY","is_subscribe":"Y","mch_id":"1268067601","nonce_str":"fd6h15ughamqqsm3j8o6fu30zyxm0vuq","openid":"ouN6_s26GUnL-P4JXIznYRiCJZ6U","out_trade_no":"126806760120151011232551","result_code":"SUCCESS","return_code":"SUCCESS","sign":"18107D9E67F6F879E5E02C62E94164D8","time_end":"20151011232638","total_fee":"6000","trade_type":"JSAPI","transaction_id":"1007880869201510111166376678"}
[2015-10-11 23:26:40][debug] query:{"appid":"wx161f19ac48b1f2f3","attach":"\u9a6c\u62c9\u677e\u62a5\u540d","bank_type":"CFT","cash_fee":"6000","fee_type":"CNY","is_subscribe":"Y","mch_id":"1268067601","nonce_str":"blnUoPMZYnkL8you","openid":"ouN6_s26GUnL-P4JXIznYRiCJZ6U","out_trade_no":"126806760120151011232551","result_code":"SUCCESS","return_code":"SUCCESS","return_msg":"OK","sign":"92AEAE37E5F14E456319FA0B5D9F59B9","time_end":"20151011232638","total_fee":"6000","trade_state":"SUCCESS","trade_type":"JSAPI","transaction_id":"1007880869201510111166376678"}
[2015-10-11 23:26:40][debug] call back test:订单查询成功
[2015-10-11 23:26:40][debug] call back test:未入库
[2015-10-11 23:26:40][debug] call back test sql:UPDATE pa_marathon SET ispay =1,transaction_id="1007880869201510111166376678",out_trade_no="126806760120151011232551" WHERE openid ="ouN6_s26GUnL-P4JXIznYRiCJZ6U"
[2015-10-11 23:26:40][debug] call back test:入库成功
[2015-10-11 23:27:36][debug] begin notify
[2015-10-11 23:27:36][debug] call back test:{"appid":"wx161f19ac48b1f2f3","attach":"\u9a6c\u62c9\u677e\u62a5\u540d","bank_type":"CCB_CREDIT","cash_fee":"6000","fee_type":"CNY","is_subscribe":"N","mch_id":"1268067601","nonce_str":"owqfrmey6kolximds8wt74kqxtfgopwu","openid":"ouN6_s7dMwEr4FYM1YPcLrrriOgY","out_trade_no":"126806760120151011232211","result_code":"SUCCESS","return_code":"SUCCESS","sign":"6483174D044C0EF8102330D3E054AC46","time_end":"20151011232734","total_fee":"6000","trade_type":"JSAPI","transaction_id":"1003560869201510111166362518"}
[2015-10-11 23:27:36][debug] query:{"appid":"wx161f19ac48b1f2f3","attach":"\u9a6c\u62c9\u677e\u62a5\u540d","bank_type":"CCB_CREDIT","cash_fee":"6000","fee_type":"CNY","is_subscribe":"N","mch_id":"1268067601","nonce_str":"XjBQ47jGVUc8i5hr","openid":"ouN6_s7dMwEr4FYM1YPcLrrriOgY","out_trade_no":"126806760120151011232211","result_code":"SUCCESS","return_code":"SUCCESS","return_msg":"OK","sign":"0C8A39D745FA7B0C67D8D93B4AC720A5","time_end":"20151011232734","total_fee":"6000","trade_state":"SUCCESS","trade_type":"JSAPI","transaction_id":"1003560869201510111166362518"}
[2015-10-11 23:27:36][debug] call back test:订单查询成功
[2015-10-11 23:27:36][debug] call back test:未入库
[2015-10-11 23:27:36][debug] call back test sql:UPDATE pa_marathon SET ispay =1,transaction_id="1003560869201510111166362518",out_trade_no="126806760120151011232211" WHERE openid ="ouN6_s7dMwEr4FYM1YPcLrrriOgY"
[2015-10-11 23:27:36][debug] call back test:入库成功
[2015-10-11 23:30:59][debug] begin notify
[2015-10-11 23:30:59][debug] call back test:{"appid":"wx161f19ac48b1f2f3","attach":"\u9a6c\u62c9\u677e\u62a5\u540d","bank_type":"CCB_DEBIT","cash_fee":"6000","fee_type":"CNY","is_subscribe":"N","mch_id":"1268067601","nonce_str":"tyv1maleagm1865pw0g64s5292zuq7rh","openid":"ouN6_sx79VhziChpgQyi4zomRpvE","out_trade_no":"126806760120151011232646","result_code":"SUCCESS","return_code":"SUCCESS","sign":"719C53ED51F6642CA73884136E22145C","time_end":"20151011233043","total_fee":"6000","trade_type":"JSAPI","transaction_id":"1007380869201510111166385683"}
[2015-10-11 23:31:05][debug] query:{"appid":"wx161f19ac48b1f2f3","attach":"\u9a6c\u62c9\u677e\u62a5\u540d","bank_type":"CCB_DEBIT","cash_fee":"6000","fee_type":"CNY","is_subscribe":"Y","mch_id":"1268067601","nonce_str":"wRuRCmFVssOpYD1h","openid":"ouN6_sx79VhziChpgQyi4zomRpvE","out_trade_no":"126806760120151011232646","result_code":"SUCCESS","return_code":"SUCCESS","return_msg":"OK","sign":"23DCF13B40423041C5413C112848FDD2","time_end":"20151011232956","total_fee":"6000","trade_state":"SUCCESS","trade_type":"JSAPI","transaction_id":"1007380869201510111166385683"}
[2015-10-11 23:31:05][debug] call back test:订单查询成功
[2015-10-11 23:31:05][debug] call back test:未入库
[2015-10-11 23:31:05][debug] call back test sql:UPDATE pa_marathon SET ispay =1,transaction_id="1007380869201510111166385683",out_trade_no="126806760120151011232646" WHERE openid ="ouN6_sx79VhziChpgQyi4zomRpvE"
[2015-10-11 23:31:05][debug] call back test:入库成功
[2015-10-11 23:31:20][debug] begin notify
[2015-10-11 23:31:20][debug] call back test:{"appid":"wx161f19ac48b1f2f3","attach":"\u9a6c\u62c9\u677e\u62a5\u540d","bank_type":"CCB_DEBIT","cash_fee":"6000","fee_type":"CNY","is_subscribe":"N","mch_id":"1268067601","nonce_str":"tyv1maleagm1865pw0g64s5292zuq7rh","openid":"ouN6_sx79VhziChpgQyi4zomRpvE","out_trade_no":"126806760120151011232646","result_code":"SUCCESS","return_code":"SUCCESS","sign":"719C53ED51F6642CA73884136E22145C","time_end":"20151011233043","total_fee":"6000","trade_type":"JSAPI","transaction_id":"1007380869201510111166385683"}
[2015-10-11 23:31:20][debug] query:{"appid":"wx161f19ac48b1f2f3","attach":"\u9a6c\u62c9\u677e\u62a5\u540d","bank_type":"CCB_DEBIT","cash_fee":"6000","fee_type":"CNY","is_subscribe":"Y","mch_id":"1268067601","nonce_str":"MSHSHtbS6buraEjj","openid":"ouN6_sx79VhziChpgQyi4zomRpvE","out_trade_no":"126806760120151011232646","result_code":"SUCCESS","return_code":"SUCCESS","return_msg":"OK","sign":"8414358264D8752272CB81DBA2BB44BE","time_end":"20151011232956","total_fee":"6000","trade_state":"SUCCESS","trade_type":"JSAPI","transaction_id":"1007380869201510111166385683"}
[2015-10-11 23:31:20][debug] call back test:订单查询成功
[2015-10-11 23:31:20][debug] call back test:已入库
