[2015-10-12 06:55:00][debug] begin notify
[2015-10-12 06:55:00][debug] call back test:{"appid":"wx161f19ac48b1f2f3","attach":"\u9a6c\u62c9\u677e\u62a5\u540d","bank_type":"CFT","cash_fee":"4000","fee_type":"CNY","is_subscribe":"N","mch_id":"1268067601","nonce_str":"9pbcitx6cgqehipbsvxdqi4wqivjvpva","openid":"ouN6_s10gEGCwu3LwFscV2r6URMc","out_trade_no":"126806760120151012065445","result_code":"SUCCESS","return_code":"SUCCESS","sign":"76DAC258B2BE65536B9DA0EDB4678A32","time_end":"20151012065500","total_fee":"4000","trade_type":"JSAPI","transaction_id":"1007190869201510121167077769"}
[2015-10-12 06:55:00][debug] query:{"appid":"wx161f19ac48b1f2f3","attach":"\u9a6c\u62c9\u677e\u62a5\u540d","bank_type":"CFT","cash_fee":"4000","fee_type":"CNY","is_subscribe":"N","mch_id":"1268067601","nonce_str":"4QOIJPkdKVkoRw8v","openid":"ouN6_s10gEGCwu3LwFscV2r6URMc","out_trade_no":"126806760120151012065445","result_code":"SUCCESS","return_code":"SUCCESS","return_msg":"OK","sign":"418A88E4478D9DAC3C28E9A13F3DD6E8","time_end":"20151012065459","total_fee":"4000","trade_state":"SUCCESS","trade_type":"JSAPI","transaction_id":"1007190869201510121167077769"}
[2015-10-12 06:55:00][debug] call back test:订单查询成功
[2015-10-12 06:55:00][debug] call back test:未入库
[2015-10-12 06:55:00][debug] call back test sql:UPDATE pa_marathon SET ispay =1,transaction_id="1007190869201510121167077769",out_trade_no="126806760120151012065445" WHERE openid ="ouN6_s10gEGCwu3LwFscV2r6URMc"
[2015-10-12 06:55:00][debug] call back test:入库成功
[2015-10-12 07:45:55][debug] begin notify
[2015-10-12 07:45:55][debug] call back test:{"appid":"wx161f19ac48b1f2f3","attach":"\u9a6c\u62c9\u677e\u62a5\u540d","bank_type":"GDB_CREDIT","cash_fee":"6000","fee_type":"CNY","is_subscribe":"N","mch_id":"1268067601","nonce_str":"zd73l6a5wpz052nuseocf9ua219y9kt9","openid":"ouN6_s-edfgGS4kJJag0mNBuVUfQ","out_trade_no":"126806760120151012074529","result_code":"SUCCESS","return_code":"SUCCESS","sign":"95AD173BACEEFCD767E26C896668E9B0","time_end":"20151012074554","total_fee":"6000","trade_type":"JSAPI","transaction_id":"1003480869201510121167222070"}
[2015-10-12 07:45:55][debug] query:{"appid":"wx161f19ac48b1f2f3","attach":"\u9a6c\u62c9\u677e\u62a5\u540d","bank_type":"GDB_CREDIT","cash_fee":"6000","fee_type":"CNY","is_subscribe":"N","mch_id":"1268067601","nonce_str":"oEkhAGWersx5N9Pt","openid":"ouN6_s-edfgGS4kJJag0mNBuVUfQ","out_trade_no":"126806760120151012074529","result_code":"SUCCESS","return_code":"SUCCESS","return_msg":"OK","sign":"93D7E3D6432F6D95AB10705A727CA321","time_end":"20151012074553","total_fee":"6000","trade_state":"SUCCESS","trade_type":"JSAPI","transaction_id":"1003480869201510121167222070"}
[2015-10-12 07:45:55][debug] call back test:订单查询成功
[2015-10-12 07:45:55][debug] call back test:未入库
[2015-10-12 07:45:55][debug] call back test sql:UPDATE pa_marathon SET ispay =1,transaction_id="1003480869201510121167222070",out_trade_no="126806760120151012074529" WHERE openid ="ouN6_s-edfgGS4kJJag0mNBuVUfQ"
[2015-10-12 07:45:55][debug] call back test:入库成功
[2015-10-12 10:13:08][debug] begin notify
[2015-10-12 10:13:08][debug] call back test:{"appid":"wx161f19ac48b1f2f3","attach":"\u9a6c\u62c9\u677e\u62a5\u540d","bank_type":"CFT","cash_fee":"6000","fee_type":"CNY","is_subscribe":"N","mch_id":"1268067601","nonce_str":"8jng0e51x8iy6i6k9aq8qyo8qb132qp4","openid":"ouN6_swWz-eXCjg2rhFTvcv2SAV4","out_trade_no":"126806760120151012101223","result_code":"SUCCESS","return_code":"SUCCESS","sign":"8C760B5D7E04B808F4F7796E720E30DB","time_end":"20151012101307","total_fee":"6000","trade_type":"JSAPI","transaction_id":"1005860869201510121168119648"}
[2015-10-12 10:13:08][debug] query:{"appid":"wx161f19ac48b1f2f3","attach":"\u9a6c\u62c9\u677e\u62a5\u540d","bank_type":"CFT","cash_fee":"6000","fee_type":"CNY","is_subscribe":"N","mch_id":"1268067601","nonce_str":"stu8ETeWqiMobOGf","openid":"ouN6_swWz-eXCjg2rhFTvcv2SAV4","out_trade_no":"126806760120151012101223","result_code":"SUCCESS","return_code":"SUCCESS","return_msg":"OK","sign":"F9E2D5AC0F726AA1E37248132836B5CD","time_end":"20151012101306","total_fee":"6000","trade_state":"SUCCESS","trade_type":"JSAPI","transaction_id":"1005860869201510121168119648"}
[2015-10-12 10:13:08][debug] call back test:订单查询成功
[2015-10-12 10:13:08][debug] call back test:未入库
[2015-10-12 10:13:08][debug] call back test sql:UPDATE pa_marathon SET ispay =1,transaction_id="1005860869201510121168119648",out_trade_no="126806760120151012101223" WHERE openid ="ouN6_swWz-eXCjg2rhFTvcv2SAV4"
[2015-10-12 10:13:08][debug] call back test:入库成功
[2015-10-12 11:29:35][debug] begin notify
[2015-10-12 11:31:04][debug] begin notify
[2015-10-12 11:35:44][debug] begin notify
[2015-10-12 11:37:34][debug] begin notify
[2015-10-12 11:39:18][debug] begin notify
[2015-10-12 11:44:39][debug] begin notify
[2015-10-12 12:24:43][debug] begin notify
[2015-10-12 12:24:43][debug] call back test:{"appid":"wx161f19ac48b1f2f3","attach":"\u9a6c\u62c9\u677e\u62a5\u540d","bank_type":"SPDB_DEBIT","cash_fee":"6000","fee_type":"CNY","is_subscribe":"N","mch_id":"1268067601","nonce_str":"tu0z9xzcg0nolos3noiqzhmalrsqtlkr","openid":"ouN6_s6JuqhxLKMntqPcRCDpsIDE","out_trade_no":"126806760120151012122427","result_code":"SUCCESS","return_code":"SUCCESS","sign":"AB5FAF503C986641CBA44DC297C5742B","time_end":"20151012122442","total_fee":"6000","trade_type":"JSAPI","transaction_id":"1009630869201510121169824100"}
[2015-10-12 12:24:43][debug] query:{"appid":"wx161f19ac48b1f2f3","attach":"\u9a6c\u62c9\u677e\u62a5\u540d","bank_type":"SPDB_DEBIT","cash_fee":"6000","fee_type":"CNY","is_subscribe":"N","mch_id":"1268067601","nonce_str":"5mKlEHykt4AmhEa2","openid":"ouN6_s6JuqhxLKMntqPcRCDpsIDE","out_trade_no":"126806760120151012122427","result_code":"SUCCESS","return_code":"SUCCESS","return_msg":"OK","sign":"F61A0B75C889D65E790B9DF969AEDCA8","time_end":"20151012122441","total_fee":"6000","trade_state":"SUCCESS","trade_type":"JSAPI","transaction_id":"1009630869201510121169824100"}
[2015-10-12 12:24:43][debug] call back test:订单查询成功
[2015-10-12 12:24:43][debug] call back test:未入库
[2015-10-12 12:24:43][debug] call back test sql:UPDATE pa_marathon SET ispay =1,transaction_id="1009630869201510121169824100",out_trade_no="126806760120151012122427" WHERE openid ="ouN6_s6JuqhxLKMntqPcRCDpsIDE"
[2015-10-12 12:24:43][debug] call back test:入库成功
[2015-10-12 12:28:39][debug] begin notify
[2015-10-12 12:29:52][debug] begin notify
[2015-10-12 12:32:21][debug] begin notify
[2015-10-12 12:35:21][debug] begin notify
[2015-10-12 12:45:19][debug] begin notify
[2015-10-12 12:48:52][debug] begin notify
[2015-10-12 12:51:33][debug] begin notify
[2015-10-12 12:53:46][debug] begin notify
[2015-10-12 12:54:45][debug] begin notify
[2015-10-12 13:25:35][debug] begin notify
[2015-10-12 13:26:58][debug] begin notify
[2015-10-12 13:31:34][debug] begin notify
[2015-10-12 14:41:18][debug] begin notify
[2015-10-12 14:41:18][debug] call back test:{"appid":"wx161f19ac48b1f2f3","attach":"\u9a6c\u62c9\u677e\u62a5\u540d","bank_type":"CCB_DEBIT","cash_fee":"4000","fee_type":"CNY","is_subscribe":"N","mch_id":"1268067601","nonce_str":"t8c2o7t9k1dcvfv4ho3mrwb7uuhyxnov","openid":"ouN6_s05nk79Ddajxj-wlVRS4w60","out_trade_no":"126806760120151012143949","result_code":"SUCCESS","return_code":"SUCCESS","sign":"13925F61844F445ABBE28C352C0D76C9","time_end":"20151012144117","total_fee":"4000","trade_type":"JSAPI","transaction_id":"1009040869201510121171318364"}
[2015-10-12 14:41:19][debug] query:{"appid":"wx161f19ac48b1f2f3","attach":"\u9a6c\u62c9\u677e\u62a5\u540d","bank_type":"CCB_DEBIT","cash_fee":"4000","fee_type":"CNY","is_subscribe":"N","mch_id":"1268067601","nonce_str":"AxzI7HfibdEpLDio","openid":"ouN6_s05nk79Ddajxj-wlVRS4w60","out_trade_no":"126806760120151012143949","result_code":"SUCCESS","return_code":"SUCCESS","return_msg":"OK","sign":"76A601B128F7C9CED22DD8A1C38FA295","time_end":"20151012144117","total_fee":"4000","trade_state":"SUCCESS","trade_type":"JSAPI","transaction_id":"1009040869201510121171318364"}
[2015-10-12 14:41:19][debug] call back test:订单查询成功
[2015-10-12 14:41:19][debug] call back test:未入库
[2015-10-12 14:41:19][debug] call back test sql:UPDATE pa_marathon SET ispay =1,transaction_id="1009040869201510121171318364",out_trade_no="126806760120151012143949" WHERE openid ="ouN6_s05nk79Ddajxj-wlVRS4w60"
[2015-10-12 14:41:19][debug] call back test:入库成功
[2015-10-12 14:52:40][debug] begin notify
[2015-10-12 15:00:53][debug] begin notify
[2015-10-12 15:00:53][debug] call back test:{"appid":"wx161f19ac48b1f2f3","attach":"\u9a6c\u62c9\u677e\u62a5\u540d","bank_type":"GDB_CREDIT","cash_fee":"4000","fee_type":"CNY","is_subscribe":"N","mch_id":"1268067601","nonce_str":"j1bzi4uiv7qz21hnykgwbg0di3p4hvon","openid":"ouN6_s4qkx1VSdPW_H7ZEBNMBVrg","out_trade_no":"126806760120151012150031","result_code":"SUCCESS","return_code":"SUCCESS","sign":"7F98E9FB95B3ECA6FD4E678C687B6E22","time_end":"20151012150050","total_fee":"4000","trade_type":"JSAPI","transaction_id":"1008190869201510121171511816"}
[2015-10-12 15:00:54][debug] query:{"appid":"wx161f19ac48b1f2f3","attach":"\u9a6c\u62c9\u677e\u62a5\u540d","bank_type":"GDB_CREDIT","cash_fee":"4000","fee_type":"CNY","is_subscribe":"N","mch_id":"1268067601","nonce_str":"lSXqRFhwFnNLJlr8","openid":"ouN6_s4qkx1VSdPW_H7ZEBNMBVrg","out_trade_no":"126806760120151012150031","result_code":"SUCCESS","return_code":"SUCCESS","return_msg":"OK","sign":"22C95ED7C7B7C8778CE264AF8D773DA9","time_end":"20151012150049","total_fee":"4000","trade_state":"SUCCESS","trade_type":"JSAPI","transaction_id":"1008190869201510121171511816"}
[2015-10-12 15:00:54][debug] call back test:订单查询成功
[2015-10-12 15:00:54][debug] call back test:未入库
[2015-10-12 15:00:54][debug] call back test sql:UPDATE pa_marathon SET ispay =1,transaction_id="1008190869201510121171511816",out_trade_no="126806760120151012150031" WHERE openid ="ouN6_s4qkx1VSdPW_H7ZEBNMBVrg"
[2015-10-12 15:00:54][debug] call back test:入库成功
[2015-10-12 15:01:05][debug] begin notify
[2015-10-12 15:01:05][debug] call back test:{"appid":"wx161f19ac48b1f2f3","attach":"\u9a6c\u62c9\u677e\u62a5\u540d","bank_type":"GDB_CREDIT","cash_fee":"4000","fee_type":"CNY","is_subscribe":"N","mch_id":"1268067601","nonce_str":"j1bzi4uiv7qz21hnykgwbg0di3p4hvon","openid":"ouN6_s4qkx1VSdPW_H7ZEBNMBVrg","out_trade_no":"126806760120151012150031","result_code":"SUCCESS","return_code":"SUCCESS","sign":"7F98E9FB95B3ECA6FD4E678C687B6E22","time_end":"20151012150050","total_fee":"4000","trade_type":"JSAPI","transaction_id":"1008190869201510121171511816"}
[2015-10-12 15:01:05][debug] query:{"appid":"wx161f19ac48b1f2f3","attach":"\u9a6c\u62c9\u677e\u62a5\u540d","bank_type":"GDB_CREDIT","cash_fee":"4000","fee_type":"CNY","is_subscribe":"Y","mch_id":"1268067601","nonce_str":"ltbjkhaaxodXdiX4","openid":"ouN6_s4qkx1VSdPW_H7ZEBNMBVrg","out_trade_no":"126806760120151012150031","result_code":"SUCCESS","return_code":"SUCCESS","return_msg":"OK","sign":"CA3202DC4B2ABDB23CF9D9518D4ABF48","time_end":"20151012150049","total_fee":"4000","trade_state":"SUCCESS","trade_type":"JSAPI","transaction_id":"1008190869201510121171511816"}
[2015-10-12 15:01:05][debug] call back test:订单查询成功
[2015-10-12 15:01:05][debug] call back test:已入库
[2015-10-12 15:03:14][debug] begin notify
[2015-10-12 15:03:14][debug] call back test:{"appid":"wx161f19ac48b1f2f3","attach":"\u9a6c\u62c9\u677e\u62a5\u540d","bank_type":"GDB_CREDIT","cash_fee":"4000","fee_type":"CNY","is_subscribe":"Y","mch_id":"1268067601","nonce_str":"dsh1nq1s8drn287olrhuh0rpgw5zsgw5","openid":"ouN6_s4qkx1VSdPW_H7ZEBNMBVrg","out_trade_no":"126806760120151012150257","result_code":"SUCCESS","return_code":"SUCCESS","sign":"48799F0B848F2E257EADE8297CE608B9","time_end":"20151012150313","total_fee":"4000","trade_type":"JSAPI","transaction_id":"1008190869201510121171521126"}
[2015-10-12 15:03:14][debug] query:{"appid":"wx161f19ac48b1f2f3","attach":"\u9a6c\u62c9\u677e\u62a5\u540d","bank_type":"GDB_CREDIT","cash_fee":"4000","fee_type":"CNY","is_subscribe":"Y","mch_id":"1268067601","nonce_str":"u1Xz5GHWdMiXgC39","openid":"ouN6_s4qkx1VSdPW_H7ZEBNMBVrg","out_trade_no":"126806760120151012150257","result_code":"SUCCESS","return_code":"SUCCESS","return_msg":"OK","sign":"E4B36EE42F51ACCA330CF91B764745C8","time_end":"20151012150313","total_fee":"4000","trade_state":"SUCCESS","trade_type":"JSAPI","transaction_id":"1008190869201510121171521126"}
[2015-10-12 15:03:14][debug] call back test:订单查询成功
[2015-10-12 15:03:14][debug] call back test:未入库
[2015-10-12 15:03:14][debug] call back test sql:UPDATE pa_marathon SET ispay =1,transaction_id="1008190869201510121171521126",out_trade_no="126806760120151012150257" WHERE openid ="ouN6_s4qkx1VSdPW_H7ZEBNMBVrg"
[2015-10-12 15:03:14][debug] call back test:入库成功
[2015-10-12 15:04:41][debug] begin notify
[2015-10-12 15:04:41][debug] call back test:{"appid":"wx161f19ac48b1f2f3","attach":"\u9a6c\u62c9\u677e\u62a5\u540d","bank_type":"GDB_CREDIT","cash_fee":"4000","fee_type":"CNY","is_subscribe":"Y","mch_id":"1268067601","nonce_str":"kxuwxfmex3t4fi0j774v9pf4e64o3rqp","openid":"ouN6_s4qkx1VSdPW_H7ZEBNMBVrg","out_trade_no":"126806760120151012150427","result_code":"SUCCESS","return_code":"SUCCESS","sign":"9DB8EB8EDFF90FC8F9B14CEB9C625635","time_end":"20151012150439","total_fee":"4000","trade_type":"JSAPI","transaction_id":"1008190869201510121171537902"}
[2015-10-12 15:04:41][debug] query:{"appid":"wx161f19ac48b1f2f3","attach":"\u9a6c\u62c9\u677e\u62a5\u540d","bank_type":"GDB_CREDIT","cash_fee":"4000","fee_type":"CNY","is_subscribe":"Y","mch_id":"1268067601","nonce_str":"NQcwbk1Twsn8Ot9q","openid":"ouN6_s4qkx1VSdPW_H7ZEBNMBVrg","out_trade_no":"126806760120151012150427","result_code":"SUCCESS","return_code":"SUCCESS","return_msg":"OK","sign":"1BB634119EACD212EAAB2E6497E20FCC","time_end":"20151012150439","total_fee":"4000","trade_state":"SUCCESS","trade_type":"JSAPI","transaction_id":"1008190869201510121171537902"}
[2015-10-12 15:04:41][debug] call back test:订单查询成功
[2015-10-12 15:04:41][debug] call back test:未入库
[2015-10-12 15:04:41][debug] call back test sql:UPDATE pa_marathon SET ispay =1,transaction_id="1008190869201510121171537902",out_trade_no="126806760120151012150427" WHERE openid ="ouN6_s4qkx1VSdPW_H7ZEBNMBVrg"
[2015-10-12 15:04:41][debug] call back test:入库成功
[2015-10-12 15:05:56][debug] begin notify
[2015-10-12 15:05:56][debug] call back test:{"appid":"wx161f19ac48b1f2f3","attach":"\u9a6c\u62c9\u677e\u62a5\u540d","bank_type":"GDB_CREDIT","cash_fee":"4000","fee_type":"CNY","is_subscribe":"Y","mch_id":"1268067601","nonce_str":"q1vwxjf9yu50gyj6ik9h08m369wp2j6v","openid":"ouN6_s4qkx1VSdPW_H7ZEBNMBVrg","out_trade_no":"126806760120151012150537","result_code":"SUCCESS","return_code":"SUCCESS","sign":"35CDA481A9D014F6C06F0BEFFA58C676","time_end":"20151012150555","total_fee":"4000","trade_type":"JSAPI","transaction_id":"1008190869201510121171554486"}
[2015-10-12 15:05:56][debug] query:{"appid":"wx161f19ac48b1f2f3","attach":"\u9a6c\u62c9\u677e\u62a5\u540d","bank_type":"GDB_CREDIT","cash_fee":"4000","fee_type":"CNY","is_subscribe":"Y","mch_id":"1268067601","nonce_str":"xMvuF4SMTCnEXpl7","openid":"ouN6_s4qkx1VSdPW_H7ZEBNMBVrg","out_trade_no":"126806760120151012150537","result_code":"SUCCESS","return_code":"SUCCESS","return_msg":"OK","sign":"2B5D515217205DDDCDADA6179286AB63","time_end":"20151012150555","total_fee":"4000","trade_state":"SUCCESS","trade_type":"JSAPI","transaction_id":"1008190869201510121171554486"}
[2015-10-12 15:05:56][debug] call back test:订单查询成功
[2015-10-12 15:05:56][debug] call back test:未入库
[2015-10-12 15:05:56][debug] call back test sql:UPDATE pa_marathon SET ispay =1,transaction_id="1008190869201510121171554486",out_trade_no="126806760120151012150537" WHERE openid ="ouN6_s4qkx1VSdPW_H7ZEBNMBVrg"
[2015-10-12 15:05:56][debug] call back test:入库成功
[2015-10-12 15:06:40][debug] begin notify
[2015-10-12 15:06:40][debug] call back test:{"appid":"wx161f19ac48b1f2f3","attach":"\u9a6c\u62c9\u677e\u62a5\u540d","bank_type":"GDB_CREDIT","cash_fee":"4000","fee_type":"CNY","is_subscribe":"Y","mch_id":"1268067601","nonce_str":"g3mvbmot718w1dkzpr10it16gw7fc7jv","openid":"ouN6_s4qkx1VSdPW_H7ZEBNMBVrg","out_trade_no":"126806760120151012150603","result_code":"SUCCESS","return_code":"SUCCESS","sign":"8CD203F8D8E4B7E12DCF03F948DD482E","time_end":"20151012150639","total_fee":"4000","trade_type":"JSAPI","transaction_id":"1008190869201510121171546591"}
[2015-10-12 15:06:40][debug] query:{"appid":"wx161f19ac48b1f2f3","attach":"\u9a6c\u62c9\u677e\u62a5\u540d","bank_type":"GDB_CREDIT","cash_fee":"4000","fee_type":"CNY","is_subscribe":"Y","mch_id":"1268067601","nonce_str":"lfKZzsI3zIFEU4vR","openid":"ouN6_s4qkx1VSdPW_H7ZEBNMBVrg","out_trade_no":"126806760120151012150603","result_code":"SUCCESS","return_code":"SUCCESS","return_msg":"OK","sign":"FC2100351C2C6679B13E766CE9151E12","time_end":"20151012150639","total_fee":"4000","trade_state":"SUCCESS","trade_type":"JSAPI","transaction_id":"1008190869201510121171546591"}
[2015-10-12 15:06:40][debug] call back test:订单查询成功
[2015-10-12 15:06:40][debug] call back test:未入库
[2015-10-12 15:06:40][debug] call back test sql:UPDATE pa_marathon SET ispay =1,transaction_id="1008190869201510121171546591",out_trade_no="126806760120151012150603" WHERE openid ="ouN6_s4qkx1VSdPW_H7ZEBNMBVrg"
[2015-10-12 15:06:40][debug] call back test:入库成功
[2015-10-12 15:07:17][debug] begin notify
[2015-10-12 15:07:17][debug] call back test:{"appid":"wx161f19ac48b1f2f3","attach":"\u9a6c\u62c9\u677e\u62a5\u540d","bank_type":"GDB_CREDIT","cash_fee":"4000","fee_type":"CNY","is_subscribe":"Y","mch_id":"1268067601","nonce_str":"1mn9eithkjpcj7hvyog2m2ct872wihdi","openid":"ouN6_s4qkx1VSdPW_H7ZEBNMBVrg","out_trade_no":"126806760120151012150704","result_code":"SUCCESS","return_code":"SUCCESS","sign":"5DECF755A8FF70CA39D3468C4EFE7911","time_end":"20151012150717","total_fee":"4000","trade_type":"JSAPI","transaction_id":"1008190869201510121171566091"}
[2015-10-12 15:07:17][debug] query:{"appid":"wx161f19ac48b1f2f3","attach":"\u9a6c\u62c9\u677e\u62a5\u540d","bank_type":"GDB_CREDIT","cash_fee":"4000","fee_type":"CNY","is_subscribe":"Y","mch_id":"1268067601","nonce_str":"7fGyR6Ca89OYm58C","openid":"ouN6_s4qkx1VSdPW_H7ZEBNMBVrg","out_trade_no":"126806760120151012150704","result_code":"SUCCESS","return_code":"SUCCESS","return_msg":"OK","sign":"B2B2A4331FAB66C19A88FCE4A26BE7F3","time_end":"20151012150716","total_fee":"4000","trade_state":"SUCCESS","trade_type":"JSAPI","transaction_id":"1008190869201510121171566091"}
[2015-10-12 15:07:17][debug] call back test:订单查询成功
[2015-10-12 15:07:17][debug] call back test:未入库
[2015-10-12 15:07:17][debug] call back test sql:UPDATE pa_marathon SET ispay =1,transaction_id="1008190869201510121171566091",out_trade_no="126806760120151012150704" WHERE openid ="ouN6_s4qkx1VSdPW_H7ZEBNMBVrg"
[2015-10-12 15:07:17][debug] call back test:入库成功
[2015-10-12 15:08:24][debug] begin notify
[2015-10-12 15:08:24][debug] call back test:{"appid":"wx161f19ac48b1f2f3","attach":"\u9a6c\u62c9\u677e\u62a5\u540d","bank_type":"GDB_CREDIT","cash_fee":"4000","fee_type":"CNY","is_subscribe":"Y","mch_id":"1268067601","nonce_str":"35c5ygdroz838rhf831mbw74u5km6wxe","openid":"ouN6_s4qkx1VSdPW_H7ZEBNMBVrg","out_trade_no":"126806760120151012150809","result_code":"SUCCESS","return_code":"SUCCESS","sign":"F1E64743ED3E0D399B98B80C04E5554E","time_end":"20151012150824","total_fee":"4000","trade_type":"JSAPI","transaction_id":"1008190869201510121171578055"}
[2015-10-12 15:08:24][debug] query:{"appid":"wx161f19ac48b1f2f3","attach":"\u9a6c\u62c9\u677e\u62a5\u540d","bank_type":"GDB_CREDIT","cash_fee":"4000","fee_type":"CNY","is_subscribe":"Y","mch_id":"1268067601","nonce_str":"f6uaa9YvhQi4mxxf","openid":"ouN6_s4qkx1VSdPW_H7ZEBNMBVrg","out_trade_no":"126806760120151012150809","result_code":"SUCCESS","return_code":"SUCCESS","return_msg":"OK","sign":"1E3C744D547A8AB528C5B4382F435018","time_end":"20151012150823","total_fee":"4000","trade_state":"SUCCESS","trade_type":"JSAPI","transaction_id":"1008190869201510121171578055"}
[2015-10-12 15:08:24][debug] call back test:订单查询成功
[2015-10-12 15:08:24][debug] call back test:未入库
[2015-10-12 15:08:24][debug] call back test sql:UPDATE pa_marathon SET ispay =1,transaction_id="1008190869201510121171578055",out_trade_no="126806760120151012150809" WHERE openid ="ouN6_s4qkx1VSdPW_H7ZEBNMBVrg"
[2015-10-12 15:08:24][debug] call back test:入库成功
[2015-10-12 15:10:42][debug] begin notify
[2015-10-12 15:10:42][debug] call back test:{"appid":"wx161f19ac48b1f2f3","attach":"\u9a6c\u62c9\u677e\u62a5\u540d","bank_type":"GDB_CREDIT","cash_fee":"4000","fee_type":"CNY","is_subscribe":"Y","mch_id":"1268067601","nonce_str":"56iwhvqrq3eh1cifmr8jx9xkb8nsze12","openid":"ouN6_s4qkx1VSdPW_H7ZEBNMBVrg","out_trade_no":"126806760120151012151022","result_code":"SUCCESS","return_code":"SUCCESS","sign":"F9562D60F979D36541899AA478F8A603","time_end":"20151012151041","total_fee":"4000","trade_type":"JSAPI","transaction_id":"1008190869201510121171611018"}
[2015-10-12 15:10:42][debug] query:{"appid":"wx161f19ac48b1f2f3","attach":"\u9a6c\u62c9\u677e\u62a5\u540d","bank_type":"GDB_CREDIT","cash_fee":"4000","fee_type":"CNY","is_subscribe":"Y","mch_id":"1268067601","nonce_str":"zURvtRVvbhn9mxHd","openid":"ouN6_s4qkx1VSdPW_H7ZEBNMBVrg","out_trade_no":"126806760120151012151022","result_code":"SUCCESS","return_code":"SUCCESS","return_msg":"OK","sign":"849935C6B0C7204775660FB239F2FB7A","time_end":"20151012151041","total_fee":"4000","trade_state":"SUCCESS","trade_type":"JSAPI","transaction_id":"1008190869201510121171611018"}
[2015-10-12 15:10:42][debug] call back test:订单查询成功
[2015-10-12 15:10:42][debug] call back test:未入库
[2015-10-12 15:10:42][debug] call back test sql:UPDATE pa_marathon SET ispay =1,transaction_id="1008190869201510121171611018",out_trade_no="126806760120151012151022" WHERE openid ="ouN6_s4qkx1VSdPW_H7ZEBNMBVrg"
[2015-10-12 15:10:42][debug] call back test:入库成功
[2015-10-12 15:12:19][debug] begin notify
[2015-10-12 15:12:19][debug] call back test:{"appid":"wx161f19ac48b1f2f3","attach":"\u9a6c\u62c9\u677e\u62a5\u540d","bank_type":"GDB_CREDIT","cash_fee":"4000","fee_type":"CNY","is_subscribe":"Y","mch_id":"1268067601","nonce_str":"phjhietdmbmporv43m511u1hk7bldblk","openid":"ouN6_s4qkx1VSdPW_H7ZEBNMBVrg","out_trade_no":"126806760120151012151206","result_code":"SUCCESS","return_code":"SUCCESS","sign":"765FF236E28CDF24C3AD95A9AD6AE85D","time_end":"20151012151219","total_fee":"4000","trade_type":"JSAPI","transaction_id":"1008190869201510121171626007"}
[2015-10-12 15:12:20][debug] query:{"appid":"wx161f19ac48b1f2f3","attach":"\u9a6c\u62c9\u677e\u62a5\u540d","bank_type":"GDB_CREDIT","cash_fee":"4000","fee_type":"CNY","is_subscribe":"Y","mch_id":"1268067601","nonce_str":"MnLNYJAahh3jazqX","openid":"ouN6_s4qkx1VSdPW_H7ZEBNMBVrg","out_trade_no":"126806760120151012151206","result_code":"SUCCESS","return_code":"SUCCESS","return_msg":"OK","sign":"AB5A80EC767F91AA3FD6C37E3D510551","time_end":"20151012151218","total_fee":"4000","trade_state":"SUCCESS","trade_type":"JSAPI","transaction_id":"1008190869201510121171626007"}
[2015-10-12 15:12:20][debug] call back test:订单查询成功
[2015-10-12 15:12:20][debug] call back test:未入库
[2015-10-12 15:12:20][debug] call back test sql:UPDATE pa_marathon SET ispay =1,transaction_id="1008190869201510121171626007",out_trade_no="126806760120151012151206" WHERE openid ="ouN6_s4qkx1VSdPW_H7ZEBNMBVrg"
[2015-10-12 15:12:20][debug] call back test:入库成功
[2015-10-12 15:13:49][debug] begin notify
[2015-10-12 15:13:49][debug] call back test:{"appid":"wx161f19ac48b1f2f3","attach":"\u9a6c\u62c9\u677e\u62a5\u540d","bank_type":"CCB_CREDIT","cash_fee":"6000","fee_type":"CNY","is_subscribe":"Y","mch_id":"1268067601","nonce_str":"57gu050vlvund0p3m4z20xt4d52zgge6","openid":"ouN6_s2pQ3eeqLtUMMO8D5LWb2Uw","out_trade_no":"126806760120151012151306","result_code":"SUCCESS","return_code":"SUCCESS","sign":"1D4E54A926BA800ED090AC5E347D00D3","time_end":"20151012151348","total_fee":"6000","trade_type":"JSAPI","transaction_id":"1004600869201510121171633077"}
[2015-10-12 15:13:49][debug] query:{"appid":"wx161f19ac48b1f2f3","attach":"\u9a6c\u62c9\u677e\u62a5\u540d","bank_type":"CCB_CREDIT","cash_fee":"6000","fee_type":"CNY","is_subscribe":"Y","mch_id":"1268067601","nonce_str":"NnYnNKGcIwVO5wb9","openid":"ouN6_s2pQ3eeqLtUMMO8D5LWb2Uw","out_trade_no":"126806760120151012151306","result_code":"SUCCESS","return_code":"SUCCESS","return_msg":"OK","sign":"ADBF877AF01A98578723C9D70945270F","time_end":"20151012151348","total_fee":"6000","trade_state":"SUCCESS","trade_type":"JSAPI","transaction_id":"1004600869201510121171633077"}
[2015-10-12 15:13:49][debug] call back test:订单查询成功
[2015-10-12 15:13:49][debug] call back test:未入库
[2015-10-12 15:13:49][debug] call back test sql:UPDATE pa_marathon SET ispay =1,transaction_id="1004600869201510121171633077",out_trade_no="126806760120151012151306" WHERE openid ="ouN6_s2pQ3eeqLtUMMO8D5LWb2Uw"
[2015-10-12 15:13:49][debug] call back test:入库成功
[2015-10-12 15:13:55][debug] begin notify
[2015-10-12 15:14:06][debug] begin notify
[2015-10-12 15:14:06][debug] call back test:{"appid":"wx161f19ac48b1f2f3","attach":"\u9a6c\u62c9\u677e\u62a5\u540d","bank_type":"GDB_CREDIT","cash_fee":"4000","fee_type":"CNY","is_subscribe":"Y","mch_id":"1268067601","nonce_str":"rhwwelbn0ixosgpm1a1ezxiz0kx0o5do","openid":"ouN6_s4qkx1VSdPW_H7ZEBNMBVrg","out_trade_no":"126806760120151012151352","result_code":"SUCCESS","return_code":"SUCCESS","sign":"433F12193855ADCBA558DE9CA35AAF60","time_end":"20151012151405","total_fee":"4000","trade_type":"JSAPI","transaction_id":"1008190869201510121171621561"}
[2015-10-12 15:14:06][debug] query:{"appid":"wx161f19ac48b1f2f3","attach":"\u9a6c\u62c9\u677e\u62a5\u540d","bank_type":"GDB_CREDIT","cash_fee":"4000","fee_type":"CNY","is_subscribe":"Y","mch_id":"1268067601","nonce_str":"9ckvWJjsAmKmJH52","openid":"ouN6_s4qkx1VSdPW_H7ZEBNMBVrg","out_trade_no":"126806760120151012151352","result_code":"SUCCESS","return_code":"SUCCESS","return_msg":"OK","sign":"099634A15739108593BDB9B3DFF833FE","time_end":"20151012151404","total_fee":"4000","trade_state":"SUCCESS","trade_type":"JSAPI","transaction_id":"1008190869201510121171621561"}
[2015-10-12 15:14:06][debug] call back test:订单查询成功
[2015-10-12 15:14:06][debug] call back test:未入库
[2015-10-12 15:14:06][debug] call back test sql:UPDATE pa_marathon SET ispay =1,transaction_id="1008190869201510121171621561",out_trade_no="126806760120151012151352" WHERE openid ="ouN6_s4qkx1VSdPW_H7ZEBNMBVrg"
[2015-10-12 15:14:06][debug] call back test:入库成功
[2015-10-12 15:14:40][debug] begin notify
[2015-10-12 15:15:05][debug] begin notify
[2015-10-12 15:15:05][debug] call back test:{"appid":"wx161f19ac48b1f2f3","attach":"\u9a6c\u62c9\u677e\u62a5\u540d","bank_type":"ABC_DEBIT","cash_fee":"6000","fee_type":"CNY","is_subscribe":"Y","mch_id":"1268067601","nonce_str":"je5va5rv6b583o67ycqffxnew8040h7g","openid":"ouN6_swbEAzSbrpSdHM6JEQ9Gz7w","out_trade_no":"126806760120151012151340","result_code":"SUCCESS","return_code":"SUCCESS","sign":"3269F202A0719301757AE1906E95D5FB","time_end":"20151012151505","total_fee":"6000","trade_type":"JSAPI","transaction_id":"1007280869201510121171647044"}
[2015-10-12 15:15:21][debug] begin notify
[2015-10-12 15:15:21][debug] call back test:{"appid":"wx161f19ac48b1f2f3","attach":"\u9a6c\u62c9\u677e\u62a5\u540d","bank_type":"ABC_DEBIT","cash_fee":"6000","fee_type":"CNY","is_subscribe":"Y","mch_id":"1268067601","nonce_str":"je5va5rv6b583o67ycqffxnew8040h7g","openid":"ouN6_swbEAzSbrpSdHM6JEQ9Gz7w","out_trade_no":"126806760120151012151340","result_code":"SUCCESS","return_code":"SUCCESS","sign":"3269F202A0719301757AE1906E95D5FB","time_end":"20151012151505","total_fee":"6000","trade_type":"JSAPI","transaction_id":"1007280869201510121171647044"}
[2015-10-12 15:15:21][debug] query:{"appid":"wx161f19ac48b1f2f3","attach":"\u9a6c\u62c9\u677e\u62a5\u540d","bank_type":"ABC_DEBIT","cash_fee":"6000","fee_type":"CNY","is_subscribe":"Y","mch_id":"1268067601","nonce_str":"54MbAHJJki4gjNVW","openid":"ouN6_swbEAzSbrpSdHM6JEQ9Gz7w","out_trade_no":"126806760120151012151340","result_code":"SUCCESS","return_code":"SUCCESS","return_msg":"OK","sign":"FE45CE94EDC101E3C241B2935637204D","time_end":"20151012151504","total_fee":"6000","trade_state":"SUCCESS","trade_type":"JSAPI","transaction_id":"1007280869201510121171647044"}
[2015-10-12 15:15:21][debug] call back test:订单查询成功
[2015-10-12 15:15:21][debug] call back test:未入库
[2015-10-12 15:15:21][debug] call back test sql:UPDATE pa_marathon SET ispay =1,transaction_id="1007280869201510121171647044",out_trade_no="126806760120151012151340" WHERE openid ="ouN6_swbEAzSbrpSdHM6JEQ9Gz7w"
[2015-10-12 15:15:21][debug] call back test:入库成功
[2015-10-12 15:19:58][debug] begin notify
[2015-10-12 15:40:28][debug] begin notify
[2015-10-12 15:40:28][debug] call back test:{"appid":"wx161f19ac48b1f2f3","attach":"\u9a6c\u62c9\u677e\u62a5\u540d","bank_type":"ICBC_DEBIT","cash_fee":"8000","fee_type":"CNY","is_subscribe":"Y","mch_id":"1268067601","nonce_str":"2yeifebu27e5uds3o01t77dkqyrcyscx","openid":"ouN6_s2NBTsYUulsoR92OomzQu20","out_trade_no":"126806760120151012153916","result_code":"SUCCESS","return_code":"SUCCESS","sign":"DD12B15DFD229FA577C251332F08E680","time_end":"20151012154027","total_fee":"8000","trade_type":"JSAPI","transaction_id":"1004320869201510121171868356"}
[2015-10-12 15:40:33][debug] query:{"appid":"wx161f19ac48b1f2f3","attach":"\u9a6c\u62c9\u677e\u62a5\u540d","bank_type":"ICBC_DEBIT","cash_fee":"8000","fee_type":"CNY","is_subscribe":"Y","mch_id":"1268067601","nonce_str":"qJBcmp9qWsiDKdwr","openid":"ouN6_s2NBTsYUulsoR92OomzQu20","out_trade_no":"126806760120151012153916","result_code":"SUCCESS","return_code":"SUCCESS","return_msg":"OK","sign":"80ED69647798A0008675333DFF0BECC1","time_end":"20151012154026","total_fee":"8000","trade_state":"SUCCESS","trade_type":"JSAPI","transaction_id":"1004320869201510121171868356"}
[2015-10-12 15:40:33][debug] call back test:订单查询成功
[2015-10-12 15:40:33][debug] call back test:未入库
[2015-10-12 15:40:33][debug] call back test sql:UPDATE pa_marathon SET ispay =1,transaction_id="1004320869201510121171868356",out_trade_no="126806760120151012153916" WHERE openid ="ouN6_s2NBTsYUulsoR92OomzQu20"
[2015-10-12 15:40:33][debug] call back test:入库成功
[2015-10-12 15:40:43][debug] begin notify
[2015-10-12 15:40:43][debug] call back test:{"appid":"wx161f19ac48b1f2f3","attach":"\u9a6c\u62c9\u677e\u62a5\u540d","bank_type":"ICBC_DEBIT","cash_fee":"8000","fee_type":"CNY","is_subscribe":"Y","mch_id":"1268067601","nonce_str":"2yeifebu27e5uds3o01t77dkqyrcyscx","openid":"ouN6_s2NBTsYUulsoR92OomzQu20","out_trade_no":"126806760120151012153916","result_code":"SUCCESS","return_code":"SUCCESS","sign":"DD12B15DFD229FA577C251332F08E680","time_end":"20151012154027","total_fee":"8000","trade_type":"JSAPI","transaction_id":"1004320869201510121171868356"}
[2015-10-12 15:40:43][debug] query:{"appid":"wx161f19ac48b1f2f3","attach":"\u9a6c\u62c9\u677e\u62a5\u540d","bank_type":"ICBC_DEBIT","cash_fee":"8000","fee_type":"CNY","is_subscribe":"Y","mch_id":"1268067601","nonce_str":"J9WMU3Fzdlypdxre","openid":"ouN6_s2NBTsYUulsoR92OomzQu20","out_trade_no":"126806760120151012153916","result_code":"SUCCESS","return_code":"SUCCESS","return_msg":"OK","sign":"B7896746B8F99FD3CEE28DB2B9CDEBC3","time_end":"20151012154026","total_fee":"8000","trade_state":"SUCCESS","trade_type":"JSAPI","transaction_id":"1004320869201510121171868356"}
[2015-10-12 15:40:43][debug] call back test:订单查询成功
[2015-10-12 15:40:43][debug] call back test:已入库
[2015-10-12 15:42:39][debug] begin notify
[2015-10-12 15:42:39][debug] call back test:{"appid":"wx161f19ac48b1f2f3","attach":"\u9a6c\u62c9\u677e\u62a5\u540d","bank_type":"CFT","cash_fee":"6000","fee_type":"CNY","is_subscribe":"Y","mch_id":"1268067601","nonce_str":"rdqztksl1v3tdl40r71w9vi8y3tkmek1","openid":"ouN6_s8NXYDZcEe2kKo21zWJrshA","out_trade_no":"126806760120151012154223","result_code":"SUCCESS","return_code":"SUCCESS","sign":"BF0670A974D80206AC1128770051E315","time_end":"20151012154239","total_fee":"6000","trade_type":"JSAPI","transaction_id":"1008560869201510121171898105"}
[2015-10-12 15:42:57][debug] begin notify
[2015-10-12 15:42:57][debug] call back test:{"appid":"wx161f19ac48b1f2f3","attach":"\u9a6c\u62c9\u677e\u62a5\u540d","bank_type":"CFT","cash_fee":"6000","fee_type":"CNY","is_subscribe":"Y","mch_id":"1268067601","nonce_str":"rdqztksl1v3tdl40r71w9vi8y3tkmek1","openid":"ouN6_s8NXYDZcEe2kKo21zWJrshA","out_trade_no":"126806760120151012154223","result_code":"SUCCESS","return_code":"SUCCESS","sign":"BF0670A974D80206AC1128770051E315","time_end":"20151012154239","total_fee":"6000","trade_type":"JSAPI","transaction_id":"1008560869201510121171898105"}
[2015-10-12 15:43:00][debug] query:{"appid":"wx161f19ac48b1f2f3","attach":"\u9a6c\u62c9\u677e\u62a5\u540d","bank_type":"CFT","cash_fee":"6000","fee_type":"CNY","is_subscribe":"Y","mch_id":"1268067601","nonce_str":"RoAJQSJTCos3audo","openid":"ouN6_s8NXYDZcEe2kKo21zWJrshA","out_trade_no":"126806760120151012154223","result_code":"SUCCESS","return_code":"SUCCESS","return_msg":"OK","sign":"2E323CD7345F06782A0F3FB31BD40EDB","time_end":"20151012154238","total_fee":"6000","trade_state":"SUCCESS","trade_type":"JSAPI","transaction_id":"1008560869201510121171898105"}
[2015-10-12 15:43:00][debug] call back test:订单查询成功
[2015-10-12 15:43:00][debug] call back test:未入库
[2015-10-12 15:43:00][debug] call back test sql:UPDATE pa_marathon SET ispay =1,transaction_id="1008560869201510121171898105",out_trade_no="126806760120151012154223" WHERE openid ="ouN6_s8NXYDZcEe2kKo21zWJrshA"
[2015-10-12 15:43:00][debug] call back test:入库成功
[2015-10-12 16:25:07][debug] begin notify
[2015-10-12 16:25:07][debug] call back test:{"appid":"wx161f19ac48b1f2f3","attach":"\u9a6c\u62c9\u677e\u62a5\u540d","bank_type":"ICBC_DEBIT","cash_fee":"4000","fee_type":"CNY","is_subscribe":"N","mch_id":"1268067601","nonce_str":"v31hfgzwgyqrxqy7nxrh6azdga5907j5","openid":"ouN6_s5411KJ_u_DkRw53qr7F8Ao","out_trade_no":"126806760120151012162447","result_code":"SUCCESS","return_code":"SUCCESS","sign":"E0B4B6217F62F00CE4D757BF8D705C68","time_end":"20151012162506","total_fee":"4000","trade_type":"JSAPI","transaction_id":"1006370869201510121172312079"}
[2015-10-12 16:25:07][debug] query:{"appid":"wx161f19ac48b1f2f3","attach":"\u9a6c\u62c9\u677e\u62a5\u540d","bank_type":"ICBC_DEBIT","cash_fee":"4000","fee_type":"CNY","is_subscribe":"N","mch_id":"1268067601","nonce_str":"GYxJkO3PrQscgqJA","openid":"ouN6_s5411KJ_u_DkRw53qr7F8Ao","out_trade_no":"126806760120151012162447","result_code":"SUCCESS","return_code":"SUCCESS","return_msg":"OK","sign":"B0414E62A27A56F54D1AB24674A7EC3F","time_end":"20151012162506","total_fee":"4000","trade_state":"SUCCESS","trade_type":"JSAPI","transaction_id":"1006370869201510121172312079"}
[2015-10-12 16:25:07][debug] call back test:订单查询成功
[2015-10-12 16:25:07][debug] call back test:未入库
[2015-10-12 16:25:07][debug] call back test sql:UPDATE pa_marathon SET ispay =1,transaction_id="1006370869201510121172312079",out_trade_no="126806760120151012162447" WHERE openid ="ouN6_s5411KJ_u_DkRw53qr7F8Ao"
[2015-10-12 16:25:07][debug] call back test:入库成功
[2015-10-12 16:46:31][debug] begin notify
[2015-10-12 16:46:31][debug] call back test:{"appid":"wx161f19ac48b1f2f3","attach":"\u9a6c\u62c9\u677e\u62a5\u540d","bank_type":"CFT","cash_fee":"4000","fee_type":"CNY","is_subscribe":"Y","mch_id":"1268067601","nonce_str":"6dbyea84qnsvg4uurj6kbacjqsuw6iy1","openid":"ouN6_s2k2FWXCo1BzxZr2LBsUyMU","out_trade_no":"126806760120151012164620","result_code":"SUCCESS","return_code":"SUCCESS","sign":"B7AEA38ACB4A76A0026B460BF4D52D69","time_end":"20151012164630","total_fee":"4000","trade_type":"JSAPI","transaction_id":"1009130869201510121172527316"}
[2015-10-12 16:46:31][debug] query:{"appid":"wx161f19ac48b1f2f3","attach":"\u9a6c\u62c9\u677e\u62a5\u540d","bank_type":"CFT","cash_fee":"4000","fee_type":"CNY","is_subscribe":"Y","mch_id":"1268067601","nonce_str":"lYC53sFl8VV0rlMn","openid":"ouN6_s2k2FWXCo1BzxZr2LBsUyMU","out_trade_no":"126806760120151012164620","result_code":"SUCCESS","return_code":"SUCCESS","return_msg":"OK","sign":"D0AC32DBC84EA9E2F8CB928EF3D0D226","time_end":"20151012164630","total_fee":"4000","trade_state":"SUCCESS","trade_type":"JSAPI","transaction_id":"1009130869201510121172527316"}
[2015-10-12 16:46:31][debug] call back test:订单查询成功
[2015-10-12 16:46:31][debug] call back test:未入库
[2015-10-12 16:46:31][debug] call back test sql:UPDATE pa_marathon SET ispay =1,transaction_id="1009130869201510121172527316",out_trade_no="126806760120151012164620" WHERE openid ="ouN6_s2k2FWXCo1BzxZr2LBsUyMU"
[2015-10-12 16:46:31][debug] call back test:入库成功
[2015-10-12 16:49:51][debug] begin notify
[2015-10-12 16:49:51][debug] call back test:{"appid":"wx161f19ac48b1f2f3","attach":"\u9a6c\u62c9\u677e\u62a5\u540d","bank_type":"ICBC_DEBIT","cash_fee":"4000","fee_type":"CNY","is_subscribe":"Y","mch_id":"1268067601","nonce_str":"o5mulpbuc3zn2x6fl7s1ry0slrzwkz7s","openid":"ouN6_s_diizan5hC5FeqUJyfENTY","out_trade_no":"126806760120151012164915","result_code":"SUCCESS","return_code":"SUCCESS","sign":"2C9058EE27292C9D335D90278AFC208A","time_end":"20151012164950","total_fee":"4000","trade_type":"JSAPI","transaction_id":"1000370869201510121172548912"}
[2015-10-12 16:49:51][debug] query:{"appid":"wx161f19ac48b1f2f3","attach":"\u9a6c\u62c9\u677e\u62a5\u540d","bank_type":"ICBC_DEBIT","cash_fee":"4000","fee_type":"CNY","is_subscribe":"Y","mch_id":"1268067601","nonce_str":"V0zWi50mHuio9UKZ","openid":"ouN6_s_diizan5hC5FeqUJyfENTY","out_trade_no":"126806760120151012164915","result_code":"SUCCESS","return_code":"SUCCESS","return_msg":"OK","sign":"A17A9523C173EC4E47068FF9BB91FE3E","time_end":"20151012164949","total_fee":"4000","trade_state":"SUCCESS","trade_type":"JSAPI","transaction_id":"1000370869201510121172548912"}
[2015-10-12 16:49:51][debug] call back test:订单查询成功
[2015-10-12 16:49:51][debug] call back test:未入库
[2015-10-12 16:49:51][debug] call back test sql:UPDATE pa_marathon SET ispay =1,transaction_id="1000370869201510121172548912",out_trade_no="126806760120151012164915" WHERE openid ="ouN6_s_diizan5hC5FeqUJyfENTY"
[2015-10-12 16:49:51][debug] call back test:入库成功
[2015-10-12 17:27:57][debug] begin notify
[2015-10-12 17:27:57][debug] call back test:{"appid":"wx161f19ac48b1f2f3","attach":"\u9a6c\u62c9\u677e\u62a5\u540d","bank_type":"ICBC_DEBIT","cash_fee":"4000","fee_type":"CNY","is_subscribe":"Y","mch_id":"1268067601","nonce_str":"w5g7c500i1u5hhnu851tkearpgo4de8b","openid":"ouN6_s6tS7n7jh5Ka7E-VOub3PUQ","out_trade_no":"126806760120151012172625","result_code":"SUCCESS","return_code":"SUCCESS","sign":"0D064F32D140A32980D90BAD186B50E0","time_end":"20151012172756","total_fee":"4000","trade_type":"JSAPI","transaction_id":"1006650869201510121172991357"}
[2015-10-12 17:27:57][debug] query:{"appid":"wx161f19ac48b1f2f3","attach":"\u9a6c\u62c9\u677e\u62a5\u540d","bank_type":"ICBC_DEBIT","cash_fee":"4000","fee_type":"CNY","is_subscribe":"Y","mch_id":"1268067601","nonce_str":"NSIyfZlIAOJKwEzD","openid":"ouN6_s6tS7n7jh5Ka7E-VOub3PUQ","out_trade_no":"126806760120151012172625","result_code":"SUCCESS","return_code":"SUCCESS","return_msg":"OK","sign":"2B599D278245F92071A2380ED427890B","time_end":"20151012172756","total_fee":"4000","trade_state":"SUCCESS","trade_type":"JSAPI","transaction_id":"1006650869201510121172991357"}
[2015-10-12 17:27:57][debug] call back test:订单查询成功
[2015-10-12 17:27:57][debug] call back test:未入库
[2015-10-12 17:27:57][debug] call back test sql:UPDATE pa_marathon SET ispay =1,transaction_id="1006650869201510121172991357",out_trade_no="126806760120151012172625" WHERE openid ="ouN6_s6tS7n7jh5Ka7E-VOub3PUQ"
[2015-10-12 17:27:57][debug] call back test:入库成功
[2015-10-12 17:45:41][debug] begin notify
[2015-10-12 17:45:41][debug] call back test:{"appid":"wx161f19ac48b1f2f3","attach":"\u9a6c\u62c9\u677e\u62a5\u540d","bank_type":"CFT","cash_fee":"4000","fee_type":"CNY","is_subscribe":"Y","mch_id":"1268067601","nonce_str":"tyrx3f0lk0g7tsh4i3ekd0h32u5t6bxc","openid":"ouN6_szhTrHX2Ex0KWgYWDKrPjNk","out_trade_no":"126806760120151012174357","result_code":"SUCCESS","return_code":"SUCCESS","sign":"148662588AF9410A7FB40653633608B1","time_end":"20151012174540","total_fee":"4000","trade_type":"JSAPI","transaction_id":"1004050869201510121173218731"}
[2015-10-12 17:45:41][debug] query:{"appid":"wx161f19ac48b1f2f3","attach":"\u9a6c\u62c9\u677e\u62a5\u540d","bank_type":"CFT","cash_fee":"4000","fee_type":"CNY","is_subscribe":"Y","mch_id":"1268067601","nonce_str":"HhQdFdmonLyp4xwt","openid":"ouN6_szhTrHX2Ex0KWgYWDKrPjNk","out_trade_no":"126806760120151012174357","result_code":"SUCCESS","return_code":"SUCCESS","return_msg":"OK","sign":"C6C61C7C0C37B723C6E13EF44BB3A030","time_end":"20151012174540","total_fee":"4000","trade_state":"SUCCESS","trade_type":"JSAPI","transaction_id":"1004050869201510121173218731"}
[2015-10-12 17:45:41][debug] call back test:订单查询成功
[2015-10-12 17:45:41][debug] call back test:未入库
[2015-10-12 17:45:41][debug] call back test sql:UPDATE pa_marathon SET ispay =1,transaction_id="1004050869201510121173218731",out_trade_no="126806760120151012174357" WHERE openid ="ouN6_szhTrHX2Ex0KWgYWDKrPjNk"
[2015-10-12 17:45:41][debug] call back test:入库成功
[2015-10-12 17:55:42][debug] begin notify
[2015-10-12 18:14:14][debug] begin notify
[2015-10-12 18:14:14][debug] call back test:{"appid":"wx161f19ac48b1f2f3","attach":"\u9a6c\u62c9\u677e\u62a5\u540d","bank_type":"ICBC_DEBIT","cash_fee":"6000","fee_type":"CNY","is_subscribe":"Y","mch_id":"1268067601","nonce_str":"ppp574gj5bbsyz1zhhaykqfzlj6bbxah","openid":"ouN6_s9e0jxrEmxZSBcUtavOaOHQ","out_trade_no":"126806760120151012181348","result_code":"SUCCESS","return_code":"SUCCESS","sign":"FB2BF8B4463BA7F15C3C7E9E97E53044","time_end":"20151012181413","total_fee":"6000","trade_type":"JSAPI","transaction_id":"1007750869201510121173600228"}
[2015-10-12 18:14:14][debug] query:{"appid":"wx161f19ac48b1f2f3","attach":"\u9a6c\u62c9\u677e\u62a5\u540d","bank_type":"ICBC_DEBIT","cash_fee":"6000","fee_type":"CNY","is_subscribe":"Y","mch_id":"1268067601","nonce_str":"88YGAPc08xUXUKLv","openid":"ouN6_s9e0jxrEmxZSBcUtavOaOHQ","out_trade_no":"126806760120151012181348","result_code":"SUCCESS","return_code":"SUCCESS","return_msg":"OK","sign":"27B30ACA32385471487198849205ABED","time_end":"20151012181413","total_fee":"6000","trade_state":"SUCCESS","trade_type":"JSAPI","transaction_id":"1007750869201510121173600228"}
[2015-10-12 18:14:14][debug] call back test:订单查询成功
[2015-10-12 18:14:14][debug] call back test:未入库
[2015-10-12 18:14:14][debug] call back test sql:UPDATE pa_marathon SET ispay =1,transaction_id="1007750869201510121173600228",out_trade_no="126806760120151012181348" WHERE openid ="ouN6_s9e0jxrEmxZSBcUtavOaOHQ"
[2015-10-12 18:14:14][debug] call back test:入库成功
[2015-10-12 18:26:42][debug] begin notify
[2015-10-12 18:26:42][debug] call back test:{"appid":"wx161f19ac48b1f2f3","attach":"\u9a6c\u62c9\u677e\u62a5\u540d","bank_type":"ICBC_DEBIT","cash_fee":"4000","fee_type":"CNY","is_subscribe":"Y","mch_id":"1268067601","nonce_str":"2xkxf5izw754bjnwpmch75n0n8lp5sdg","openid":"ouN6_s2ox0lBn-FZD-HsamXPb3Vs","out_trade_no":"126806760120151012182621","result_code":"SUCCESS","return_code":"SUCCESS","sign":"A4724FF92EABD073A90859E178CBCA3B","time_end":"20151012182642","total_fee":"4000","trade_type":"JSAPI","transaction_id":"1005700869201510121173751895"}
[2015-10-12 18:26:43][debug] query:{"appid":"wx161f19ac48b1f2f3","attach":"\u9a6c\u62c9\u677e\u62a5\u540d","bank_type":"ICBC_DEBIT","cash_fee":"4000","fee_type":"CNY","is_subscribe":"Y","mch_id":"1268067601","nonce_str":"KaqDQZfkr4j7G3Gx","openid":"ouN6_s2ox0lBn-FZD-HsamXPb3Vs","out_trade_no":"126806760120151012182621","result_code":"SUCCESS","return_code":"SUCCESS","return_msg":"OK","sign":"7DD10869E3F9279FEACBAA58133478F3","time_end":"20151012182641","total_fee":"4000","trade_state":"SUCCESS","trade_type":"JSAPI","transaction_id":"1005700869201510121173751895"}
[2015-10-12 18:26:43][debug] call back test:订单查询成功
[2015-10-12 18:26:43][debug] call back test:未入库
[2015-10-12 18:26:43][debug] call back test sql:UPDATE pa_marathon SET ispay =1,transaction_id="1005700869201510121173751895",out_trade_no="126806760120151012182621" WHERE openid ="ouN6_s2ox0lBn-FZD-HsamXPb3Vs"
[2015-10-12 18:26:43][debug] call back test:入库成功
[2015-10-12 18:40:46][debug] begin notify
[2015-10-12 18:40:46][debug] call back test:{"appid":"wx161f19ac48b1f2f3","attach":"\u9a6c\u62c9\u677e\u62a5\u540d","bank_type":"CFT","cash_fee":"4000","fee_type":"CNY","is_subscribe":"Y","mch_id":"1268067601","nonce_str":"6bo8bgk0ol8gm1kvsr1kzpijmflm4ej0","openid":"ouN6_s-PfqC2_3i8lhuyYtTo0a04","out_trade_no":"126806760120151012184015","result_code":"SUCCESS","return_code":"SUCCESS","sign":"7786658D5DD8CB81EC58B7F1FED4E41E","time_end":"20151012184045","total_fee":"4000","trade_type":"JSAPI","transaction_id":"1007430869201510121173927365"}
[2015-10-12 18:40:46][debug] query:{"appid":"wx161f19ac48b1f2f3","attach":"\u9a6c\u62c9\u677e\u62a5\u540d","bank_type":"CFT","cash_fee":"4000","fee_type":"CNY","is_subscribe":"Y","mch_id":"1268067601","nonce_str":"ZNz2BW3vv87BJcXL","openid":"ouN6_s-PfqC2_3i8lhuyYtTo0a04","out_trade_no":"126806760120151012184015","result_code":"SUCCESS","return_code":"SUCCESS","return_msg":"OK","sign":"D7675BD15A225CF5C7081FD96074CBCC","time_end":"20151012184044","total_fee":"4000","trade_state":"SUCCESS","trade_type":"JSAPI","transaction_id":"1007430869201510121173927365"}
[2015-10-12 18:40:47][debug] call back test:订单查询成功
[2015-10-12 18:40:47][debug] call back test:未入库
[2015-10-12 18:40:47][debug] call back test sql:UPDATE pa_marathon SET ispay =1,transaction_id="1007430869201510121173927365",out_trade_no="126806760120151012184015" WHERE openid ="ouN6_s-PfqC2_3i8lhuyYtTo0a04"
[2015-10-12 18:40:47][debug] call back test:入库成功
[2015-10-12 18:41:42][debug] begin notify
[2015-10-12 18:41:42][debug] call back test:{"appid":"wx161f19ac48b1f2f3","attach":"\u9a6c\u62c9\u677e\u62a5\u540d","bank_type":"CFT","cash_fee":"4000","fee_type":"CNY","is_subscribe":"Y","mch_id":"1268067601","nonce_str":"fx78hxiu4fkq8zp6o27cmxfmug6uqtzk","openid":"ouN6_s6y-99yHVabSuWpiDf1y_T4","out_trade_no":"126806760120151012184127","result_code":"SUCCESS","return_code":"SUCCESS","sign":"4AE3F532BCE07DA42E8EA34DED3B5B31","time_end":"20151012184142","total_fee":"4000","trade_type":"JSAPI","transaction_id":"1005700869201510121173941356"}
[2015-10-12 18:41:42][debug] query:{"appid":"wx161f19ac48b1f2f3","attach":"\u9a6c\u62c9\u677e\u62a5\u540d","bank_type":"CFT","cash_fee":"4000","fee_type":"CNY","is_subscribe":"Y","mch_id":"1268067601","nonce_str":"gfOdfqLuo2UCVgsG","openid":"ouN6_s6y-99yHVabSuWpiDf1y_T4","out_trade_no":"126806760120151012184127","result_code":"SUCCESS","return_code":"SUCCESS","return_msg":"OK","sign":"6F362D1B4DE276A3F7ADE1E5A27D9468","time_end":"20151012184141","total_fee":"4000","trade_state":"SUCCESS","trade_type":"JSAPI","transaction_id":"1005700869201510121173941356"}
[2015-10-12 18:41:42][debug] call back test:订单查询成功
[2015-10-12 18:41:42][debug] call back test:未入库
[2015-10-12 18:41:42][debug] call back test sql:UPDATE pa_marathon SET ispay =1,transaction_id="1005700869201510121173941356",out_trade_no="126806760120151012184127" WHERE openid ="ouN6_s6y-99yHVabSuWpiDf1y_T4"
[2015-10-12 18:41:42][debug] call back test:入库成功
[2015-10-12 19:01:36][debug] begin notify
[2015-10-12 19:01:36][debug] call back test:{"appid":"wx161f19ac48b1f2f3","attach":"\u9a6c\u62c9\u677e\u62a5\u540d","bank_type":"CMB_CREDIT","cash_fee":"8000","fee_type":"CNY","is_subscribe":"Y","mch_id":"1268067601","nonce_str":"5tqbnnhnixdxsmm45za2n68rr83vw5ce","openid":"ouN6_s_a1pVZZZYqGIpn--TxXxGc","out_trade_no":"126806760120151012190127","result_code":"SUCCESS","return_code":"SUCCESS","sign":"BF9722559138D1832ED6D465D74915B1","time_end":"20151012190135","total_fee":"8000","trade_type":"JSAPI","transaction_id":"1009790869201510121174207074"}
[2015-10-12 19:01:36][debug] query:{"appid":"wx161f19ac48b1f2f3","attach":"\u9a6c\u62c9\u677e\u62a5\u540d","bank_type":"CMB_CREDIT","cash_fee":"8000","fee_type":"CNY","is_subscribe":"Y","mch_id":"1268067601","nonce_str":"XtptOomTcwYKea5V","openid":"ouN6_s_a1pVZZZYqGIpn--TxXxGc","out_trade_no":"126806760120151012190127","result_code":"SUCCESS","return_code":"SUCCESS","return_msg":"OK","sign":"16E2735810BDB46550398C010C23817F","time_end":"20151012190134","total_fee":"8000","trade_state":"SUCCESS","trade_type":"JSAPI","transaction_id":"1009790869201510121174207074"}
[2015-10-12 19:01:36][debug] call back test:订单查询成功
[2015-10-12 19:01:36][debug] call back test:未入库
[2015-10-12 19:01:36][debug] call back test sql:UPDATE pa_marathon SET ispay =1,transaction_id="1009790869201510121174207074",out_trade_no="126806760120151012190127" WHERE openid ="ouN6_s_a1pVZZZYqGIpn--TxXxGc"
[2015-10-12 19:01:36][debug] call back test:入库成功
[2015-10-12 19:03:04][debug] begin notify
[2015-10-12 19:03:04][debug] call back test:{"appid":"wx161f19ac48b1f2f3","attach":"\u9a6c\u62c9\u677e\u62a5\u540d","bank_type":"CMB_CREDIT","cash_fee":"8000","fee_type":"CNY","is_subscribe":"Y","mch_id":"1268067601","nonce_str":"frb5cr4tt8udwqx9fi4pbqt70cnko4gf","openid":"ouN6_s_a1pVZZZYqGIpn--TxXxGc","out_trade_no":"126806760120151012190249","result_code":"SUCCESS","return_code":"SUCCESS","sign":"D0CCBF40B1AEBB32DDA8BB16540A3844","time_end":"20151012190304","total_fee":"8000","trade_type":"JSAPI","transaction_id":"1009790869201510121174217709"}
[2015-10-12 19:03:04][debug] query:{"appid":"wx161f19ac48b1f2f3","attach":"\u9a6c\u62c9\u677e\u62a5\u540d","bank_type":"CMB_CREDIT","cash_fee":"8000","fee_type":"CNY","is_subscribe":"Y","mch_id":"1268067601","nonce_str":"CdgJSp4v5oN8Ao69","openid":"ouN6_s_a1pVZZZYqGIpn--TxXxGc","out_trade_no":"126806760120151012190249","result_code":"SUCCESS","return_code":"SUCCESS","return_msg":"OK","sign":"129151155B5EBEA474B48497760A278F","time_end":"20151012190303","total_fee":"8000","trade_state":"SUCCESS","trade_type":"JSAPI","transaction_id":"1009790869201510121174217709"}
[2015-10-12 19:03:04][debug] call back test:订单查询成功
[2015-10-12 19:03:04][debug] call back test:未入库
[2015-10-12 19:03:04][debug] call back test sql:UPDATE pa_marathon SET ispay =1,transaction_id="1009790869201510121174217709",out_trade_no="126806760120151012190249" WHERE openid ="ouN6_s_a1pVZZZYqGIpn--TxXxGc"
[2015-10-12 19:03:04][debug] call back test:入库成功
[2015-10-12 19:14:37][debug] begin notify
[2015-10-12 19:14:37][debug] call back test:{"appid":"wx161f19ac48b1f2f3","attach":"\u9a6c\u62c9\u677e\u62a5\u540d","bank_type":"ABC_DEBIT","cash_fee":"4000","fee_type":"CNY","is_subscribe":"Y","mch_id":"1268067601","nonce_str":"bteictahe84039jc2r7xmv75fe51e8g5","openid":"ouN6_s9B-C8X78is9h38A4v53X0g","out_trade_no":"126806760120151012191328","result_code":"SUCCESS","return_code":"SUCCESS","sign":"71F13D836A91F9F62DDF7F07CBABB5C2","time_end":"20151012191436","total_fee":"4000","trade_type":"JSAPI","transaction_id":"1008810869201510121174364893"}
[2015-10-12 19:14:37][debug] query:{"appid":"wx161f19ac48b1f2f3","attach":"\u9a6c\u62c9\u677e\u62a5\u540d","bank_type":"ABC_DEBIT","cash_fee":"4000","fee_type":"CNY","is_subscribe":"Y","mch_id":"1268067601","nonce_str":"nLLwxdWEY9HND1Xz","openid":"ouN6_s9B-C8X78is9h38A4v53X0g","out_trade_no":"126806760120151012191328","result_code":"SUCCESS","return_code":"SUCCESS","return_msg":"OK","sign":"24C123A9BAE6EFD1586BA8AE6F82D888","time_end":"20151012191436","total_fee":"4000","trade_state":"SUCCESS","trade_type":"JSAPI","transaction_id":"1008810869201510121174364893"}
[2015-10-12 19:14:37][debug] call back test:订单查询成功
[2015-10-12 19:14:37][debug] call back test:未入库
[2015-10-12 19:14:37][debug] call back test sql:UPDATE pa_marathon SET ispay =1,transaction_id="1008810869201510121174364893",out_trade_no="126806760120151012191328" WHERE openid ="ouN6_s9B-C8X78is9h38A4v53X0g"
[2015-10-12 19:14:37][debug] call back test:入库成功
[2015-10-12 19:52:50][debug] begin notify
[2015-10-12 19:59:06][debug] begin notify
[2015-10-12 19:59:06][debug] call back test:{"appid":"wx161f19ac48b1f2f3","attach":"\u9a6c\u62c9\u677e\u62a5\u540d","bank_type":"CFT","cash_fee":"4000","fee_type":"CNY","is_subscribe":"Y","mch_id":"1268067601","nonce_str":"5at997csi7y07wlqpaco9rrhxufp2yf8","openid":"ouN6_s9hi7ql4mH9bjXv_duNJ2KI","out_trade_no":"126806760120151012195838","result_code":"SUCCESS","return_code":"SUCCESS","sign":"5FAEB435C6864EA46AAF0C09F90DAF46","time_end":"20151012195905","total_fee":"4000","trade_type":"JSAPI","transaction_id":"1005120869201510121174910812"}
[2015-10-12 19:59:06][debug] query:{"appid":"wx161f19ac48b1f2f3","attach":"\u9a6c\u62c9\u677e\u62a5\u540d","bank_type":"CFT","cash_fee":"4000","fee_type":"CNY","is_subscribe":"Y","mch_id":"1268067601","nonce_str":"LAX8vdErqnxjDIb2","openid":"ouN6_s9hi7ql4mH9bjXv_duNJ2KI","out_trade_no":"126806760120151012195838","result_code":"SUCCESS","return_code":"SUCCESS","return_msg":"OK","sign":"FDF4DF1757CE254414584C3260FCFCD0","time_end":"20151012195905","total_fee":"4000","trade_state":"SUCCESS","trade_type":"JSAPI","transaction_id":"1005120869201510121174910812"}
[2015-10-12 19:59:06][debug] call back test:订单查询成功
[2015-10-12 19:59:06][debug] call back test:未入库
[2015-10-12 19:59:06][debug] call back test sql:UPDATE pa_marathon SET ispay =1,transaction_id="1005120869201510121174910812",out_trade_no="126806760120151012195838" WHERE openid ="ouN6_s9hi7ql4mH9bjXv_duNJ2KI"
[2015-10-12 19:59:06][debug] call back test:入库成功
[2015-10-12 20:17:42][debug] begin notify
[2015-10-12 20:17:42][debug] call back test:{"appid":"wx161f19ac48b1f2f3","attach":"\u9a6c\u62c9\u677e\u62a5\u540d","bank_type":"CFT","cash_fee":"4000","fee_type":"CNY","is_subscribe":"Y","mch_id":"1268067601","nonce_str":"qmets1gc8hrl3kh2vjc18fj2aomq9r03","openid":"ouN6_s_iYDeUQVry_-lShmsia1Kk","out_trade_no":"126806760120151012201534","result_code":"SUCCESS","return_code":"SUCCESS","sign":"420B24F4E55FAAE9A7F8028C2CDF7345","time_end":"20151012201742","total_fee":"4000","trade_type":"JSAPI","transaction_id":"1009030869201510121175109458"}
[2015-10-12 20:17:45][debug] query:{"appid":"wx161f19ac48b1f2f3","attach":"\u9a6c\u62c9\u677e\u62a5\u540d","bank_type":"CFT","cash_fee":"4000","fee_type":"CNY","is_subscribe":"Y","mch_id":"1268067601","nonce_str":"pmxKzJ6t7c3nhPlP","openid":"ouN6_s_iYDeUQVry_-lShmsia1Kk","out_trade_no":"126806760120151012201534","result_code":"SUCCESS","return_code":"SUCCESS","return_msg":"OK","sign":"357B44990B24AE472B7A4242014BEC48","time_end":"20151012201741","total_fee":"4000","trade_state":"SUCCESS","trade_type":"JSAPI","transaction_id":"1009030869201510121175109458"}
[2015-10-12 20:17:45][debug] call back test:订单查询成功
[2015-10-12 20:17:45][debug] call back test:未入库
[2015-10-12 20:17:45][debug] call back test sql:UPDATE pa_marathon SET ispay =1,transaction_id="1009030869201510121175109458",out_trade_no="126806760120151012201534" WHERE openid ="ouN6_s_iYDeUQVry_-lShmsia1Kk"
[2015-10-12 20:17:45][debug] call back test:入库成功
[2015-10-12 20:17:57][debug] begin notify
[2015-10-12 20:17:57][debug] call back test:{"appid":"wx161f19ac48b1f2f3","attach":"\u9a6c\u62c9\u677e\u62a5\u540d","bank_type":"CFT","cash_fee":"4000","fee_type":"CNY","is_subscribe":"Y","mch_id":"1268067601","nonce_str":"qmets1gc8hrl3kh2vjc18fj2aomq9r03","openid":"ouN6_s_iYDeUQVry_-lShmsia1Kk","out_trade_no":"126806760120151012201534","result_code":"SUCCESS","return_code":"SUCCESS","sign":"420B24F4E55FAAE9A7F8028C2CDF7345","time_end":"20151012201742","total_fee":"4000","trade_type":"JSAPI","transaction_id":"1009030869201510121175109458"}
[2015-10-12 20:17:57][debug] query:{"appid":"wx161f19ac48b1f2f3","attach":"\u9a6c\u62c9\u677e\u62a5\u540d","bank_type":"CFT","cash_fee":"4000","fee_type":"CNY","is_subscribe":"Y","mch_id":"1268067601","nonce_str":"73GyK31cgUYjbe7T","openid":"ouN6_s_iYDeUQVry_-lShmsia1Kk","out_trade_no":"126806760120151012201534","result_code":"SUCCESS","return_code":"SUCCESS","return_msg":"OK","sign":"0406807CADC2629D17A66BDCF0477AC5","time_end":"20151012201741","total_fee":"4000","trade_state":"SUCCESS","trade_type":"JSAPI","transaction_id":"1009030869201510121175109458"}
[2015-10-12 20:17:57][debug] call back test:订单查询成功
[2015-10-12 20:17:57][debug] call back test:已入库
[2015-10-12 20:25:12][debug] begin notify
[2015-10-12 20:25:12][debug] call back test:{"appid":"wx161f19ac48b1f2f3","attach":"\u9a6c\u62c9\u677e\u62a5\u540d","bank_type":"ICBC_DEBIT","cash_fee":"4000","fee_type":"CNY","is_subscribe":"Y","mch_id":"1268067601","nonce_str":"2zfwhapt0xgxjmj8829ezscqsjkdyca2","openid":"ouN6_s3F3Jq8e-0vD9yzWW67H5tE","out_trade_no":"126806760120151012202437","result_code":"SUCCESS","return_code":"SUCCESS","sign":"5E32021AC781E4A92584C991F8857C74","time_end":"20151012202512","total_fee":"4000","trade_type":"JSAPI","transaction_id":"1005090869201510121175196436"}
[2015-10-12 20:25:13][debug] query:{"appid":"wx161f19ac48b1f2f3","attach":"\u9a6c\u62c9\u677e\u62a5\u540d","bank_type":"ICBC_DEBIT","cash_fee":"4000","fee_type":"CNY","is_subscribe":"Y","mch_id":"1268067601","nonce_str":"18BY0HL5MVkVKPKV","openid":"ouN6_s3F3Jq8e-0vD9yzWW67H5tE","out_trade_no":"126806760120151012202437","result_code":"SUCCESS","return_code":"SUCCESS","return_msg":"OK","sign":"3F4469B6E23540AB2E5B36609BE28C3A","time_end":"20151012202511","total_fee":"4000","trade_state":"SUCCESS","trade_type":"JSAPI","transaction_id":"1005090869201510121175196436"}
[2015-10-12 20:25:13][debug] call back test:订单查询成功
[2015-10-12 20:25:13][debug] call back test:未入库
[2015-10-12 20:25:13][debug] call back test sql:UPDATE pa_marathon SET ispay =1,transaction_id="1005090869201510121175196436",out_trade_no="126806760120151012202437" WHERE openid ="ouN6_s3F3Jq8e-0vD9yzWW67H5tE"
[2015-10-12 20:25:13][debug] call back test:入库成功
[2015-10-12 21:04:55][debug] begin notify
[2015-10-12 21:04:55][debug] call back test:{"appid":"wx161f19ac48b1f2f3","attach":"\u9a6c\u62c9\u677e\u62a5\u540d","bank_type":"ICBC_DEBIT","cash_fee":"8000","fee_type":"CNY","is_subscribe":"Y","mch_id":"1268067601","nonce_str":"j6rgsa8fpxwg592ltdqmwo3hxomk53ex","openid":"ouN6_sx_tt5EagFtQz_P1fFNwUy8","out_trade_no":"126806760120151012210219","result_code":"SUCCESS","return_code":"SUCCESS","sign":"13B7D7CFA9E0135175E5B826FFA226AD","time_end":"20151012210454","total_fee":"8000","trade_type":"JSAPI","transaction_id":"1008310869201510121175595967"}
[2015-10-12 21:04:55][debug] query:{"appid":"wx161f19ac48b1f2f3","attach":"\u9a6c\u62c9\u677e\u62a5\u540d","bank_type":"ICBC_DEBIT","cash_fee":"8000","fee_type":"CNY","is_subscribe":"Y","mch_id":"1268067601","nonce_str":"c80bDUTOGyB5QjXk","openid":"ouN6_sx_tt5EagFtQz_P1fFNwUy8","out_trade_no":"126806760120151012210219","result_code":"SUCCESS","return_code":"SUCCESS","return_msg":"OK","sign":"C961E0B6A2E77CFBE2EC22E723566BFE","time_end":"20151012210453","total_fee":"8000","trade_state":"SUCCESS","trade_type":"JSAPI","transaction_id":"1008310869201510121175595967"}
[2015-10-12 21:04:55][debug] call back test:订单查询成功
[2015-10-12 21:04:55][debug] call back test:未入库
[2015-10-12 21:04:55][debug] call back test sql:UPDATE pa_marathon SET ispay =1,transaction_id="1008310869201510121175595967",out_trade_no="126806760120151012210219" WHERE openid ="ouN6_sx_tt5EagFtQz_P1fFNwUy8"
[2015-10-12 21:04:55][debug] call back test:入库成功
[2015-10-12 21:11:18][debug] begin notify
[2015-10-12 21:11:18][debug] call back test:{"appid":"wx161f19ac48b1f2f3","attach":"\u9a6c\u62c9\u677e\u62a5\u540d","bank_type":"CFT","cash_fee":"6000","fee_type":"CNY","is_subscribe":"Y","mch_id":"1268067601","nonce_str":"7d5y7gmwczamc923po85rn7u28gfvyyq","openid":"ouN6_swQ7TTM6V3G0ZmcN1CXsnuQ","out_trade_no":"126806760120151012211100","result_code":"SUCCESS","return_code":"SUCCESS","sign":"72C6FEABF7D0A4AEEF23B61B3F51BD3D","time_end":"20151012211118","total_fee":"6000","trade_type":"JSAPI","transaction_id":"1005650869201510121175689604"}
[2015-10-12 21:11:18][debug] query:{"appid":"wx161f19ac48b1f2f3","attach":"\u9a6c\u62c9\u677e\u62a5\u540d","bank_type":"CFT","cash_fee":"6000","fee_type":"CNY","is_subscribe":"Y","mch_id":"1268067601","nonce_str":"QO4YfcGeZOiKZAjd","openid":"ouN6_swQ7TTM6V3G0ZmcN1CXsnuQ","out_trade_no":"126806760120151012211100","result_code":"SUCCESS","return_code":"SUCCESS","return_msg":"OK","sign":"4EE163EF8B843A4D393D982FF7A9A93B","time_end":"20151012211117","total_fee":"6000","trade_state":"SUCCESS","trade_type":"JSAPI","transaction_id":"1005650869201510121175689604"}
[2015-10-12 21:11:18][debug] call back test:订单查询成功
[2015-10-12 21:11:18][debug] call back test:未入库
[2015-10-12 21:11:18][debug] call back test sql:UPDATE pa_marathon SET ispay =1,transaction_id="1005650869201510121175689604",out_trade_no="126806760120151012211100" WHERE openid ="ouN6_swQ7TTM6V3G0ZmcN1CXsnuQ"
[2015-10-12 21:11:18][debug] call back test:入库成功
[2015-10-12 21:14:05][debug] begin notify
[2015-10-12 21:14:05][debug] call back test:{"appid":"wx161f19ac48b1f2f3","attach":"\u9a6c\u62c9\u677e\u62a5\u540d","bank_type":"CIB_DEBIT","cash_fee":"4000","fee_type":"CNY","is_subscribe":"Y","mch_id":"1268067601","nonce_str":"lmbdsk0ifmd01uibyyy64qqegpflj9ng","openid":"ouN6_s6Rn7GS2qSyl0ZBNDmH4764","out_trade_no":"126806760120151012211238","result_code":"SUCCESS","return_code":"SUCCESS","sign":"7A3EE3DE118CA54C527499FCAA2783E7","time_end":"20151012211404","total_fee":"4000","trade_type":"JSAPI","transaction_id":"1003360869201510121175701359"}
[2015-10-12 21:14:08][debug] query:{"appid":"wx161f19ac48b1f2f3","attach":"\u9a6c\u62c9\u677e\u62a5\u540d","bank_type":"CIB_DEBIT","cash_fee":"4000","fee_type":"CNY","is_subscribe":"Y","mch_id":"1268067601","nonce_str":"E2lqNiGRAB5mRSRv","openid":"ouN6_s6Rn7GS2qSyl0ZBNDmH4764","out_trade_no":"126806760120151012211238","result_code":"SUCCESS","return_code":"SUCCESS","return_msg":"OK","sign":"D8A4531037F0C28AB8A9205E7458A619","time_end":"20151012211402","total_fee":"4000","trade_state":"SUCCESS","trade_type":"JSAPI","transaction_id":"1003360869201510121175701359"}
[2015-10-12 21:14:08][debug] call back test:订单查询成功
[2015-10-12 21:14:08][debug] call back test:未入库
[2015-10-12 21:14:08][debug] call back test sql:UPDATE pa_marathon SET ispay =1,transaction_id="1003360869201510121175701359",out_trade_no="126806760120151012211238" WHERE openid ="ouN6_s6Rn7GS2qSyl0ZBNDmH4764"
[2015-10-12 21:14:08][debug] call back test:入库成功
[2015-10-12 21:14:18][debug] begin notify
[2015-10-12 21:14:18][debug] call back test:{"appid":"wx161f19ac48b1f2f3","attach":"\u9a6c\u62c9\u677e\u62a5\u540d","bank_type":"CIB_DEBIT","cash_fee":"4000","fee_type":"CNY","is_subscribe":"Y","mch_id":"1268067601","nonce_str":"lmbdsk0ifmd01uibyyy64qqegpflj9ng","openid":"ouN6_s6Rn7GS2qSyl0ZBNDmH4764","out_trade_no":"126806760120151012211238","result_code":"SUCCESS","return_code":"SUCCESS","sign":"7A3EE3DE118CA54C527499FCAA2783E7","time_end":"20151012211404","total_fee":"4000","trade_type":"JSAPI","transaction_id":"1003360869201510121175701359"}
[2015-10-12 21:14:18][debug] query:{"appid":"wx161f19ac48b1f2f3","attach":"\u9a6c\u62c9\u677e\u62a5\u540d","bank_type":"CIB_DEBIT","cash_fee":"4000","fee_type":"CNY","is_subscribe":"Y","mch_id":"1268067601","nonce_str":"apALqnqqCnAlNxM6","openid":"ouN6_s6Rn7GS2qSyl0ZBNDmH4764","out_trade_no":"126806760120151012211238","result_code":"SUCCESS","return_code":"SUCCESS","return_msg":"OK","sign":"7F1DECECD328E3905D999846689F7964","time_end":"20151012211402","total_fee":"4000","trade_state":"SUCCESS","trade_type":"JSAPI","transaction_id":"1003360869201510121175701359"}
[2015-10-12 21:14:18][debug] call back test:订单查询成功
[2015-10-12 21:14:18][debug] call back test:已入库
[2015-10-12 21:24:11][debug] begin notify
[2015-10-12 21:24:11][debug] call back test:{"appid":"wx161f19ac48b1f2f3","attach":"\u9a6c\u62c9\u677e\u62a5\u540d","bank_type":"CFT","cash_fee":"4000","fee_type":"CNY","is_subscribe":"Y","mch_id":"1268067601","nonce_str":"vf14nq6zr7ykjihtn241mdflxeck94fq","openid":"ouN6_s_pV2J_e9Cz2Iyw2v2xPPto","out_trade_no":"126806760120151012212357","result_code":"SUCCESS","return_code":"SUCCESS","sign":"DF8789C20E55973DCBA910F6CECAB5A1","time_end":"20151012212410","total_fee":"4000","trade_type":"JSAPI","transaction_id":"1003800869201510121175793751"}
[2015-10-12 21:24:11][debug] query:{"appid":"wx161f19ac48b1f2f3","attach":"\u9a6c\u62c9\u677e\u62a5\u540d","bank_type":"CFT","cash_fee":"4000","fee_type":"CNY","is_subscribe":"Y","mch_id":"1268067601","nonce_str":"tJILHhRcbYsxdFbu","openid":"ouN6_s_pV2J_e9Cz2Iyw2v2xPPto","out_trade_no":"126806760120151012212357","result_code":"SUCCESS","return_code":"SUCCESS","return_msg":"OK","sign":"84750710E6B4F3DD6B74894486168297","time_end":"20151012212410","total_fee":"4000","trade_state":"SUCCESS","trade_type":"JSAPI","transaction_id":"1003800869201510121175793751"}
[2015-10-12 21:24:11][debug] call back test:订单查询成功
[2015-10-12 21:24:11][debug] call back test:未入库
[2015-10-12 21:24:11][debug] call back test sql:UPDATE pa_marathon SET ispay =1,transaction_id="1003800869201510121175793751",out_trade_no="126806760120151012212357" WHERE openid ="ouN6_s_pV2J_e9Cz2Iyw2v2xPPto"
[2015-10-12 21:24:11][debug] call back test:入库成功
[2015-10-12 21:28:29][debug] begin notify
[2015-10-12 21:28:29][debug] call back test:{"appid":"wx161f19ac48b1f2f3","attach":"\u9a6c\u62c9\u677e\u62a5\u540d","bank_type":"CCB_DEBIT","cash_fee":"4000","fee_type":"CNY","is_subscribe":"Y","mch_id":"1268067601","nonce_str":"oh9j2zjnqs0kmsvwyixcyc32rk86329m","openid":"ouN6_sxljYyKqO62H2NUXNu_e0pc","out_trade_no":"126806760120151012212718","result_code":"SUCCESS","return_code":"SUCCESS","sign":"23FDC6181B66D35AC4B4BB26C59D3862","time_end":"20151012212829","total_fee":"4000","trade_type":"JSAPI","transaction_id":"1000530869201510121175829735"}
[2015-10-12 21:28:30][debug] query:{"appid":"wx161f19ac48b1f2f3","attach":"\u9a6c\u62c9\u677e\u62a5\u540d","bank_type":"CCB_DEBIT","cash_fee":"4000","fee_type":"CNY","is_subscribe":"Y","mch_id":"1268067601","nonce_str":"vweSWV8ED8Hoc4Cx","openid":"ouN6_sxljYyKqO62H2NUXNu_e0pc","out_trade_no":"126806760120151012212718","result_code":"SUCCESS","return_code":"SUCCESS","return_msg":"OK","sign":"1B7EC26F0DFF77F354323A58369759FD","time_end":"20151012212828","total_fee":"4000","trade_state":"SUCCESS","trade_type":"JSAPI","transaction_id":"1000530869201510121175829735"}
[2015-10-12 21:28:30][debug] call back test:订单查询成功
[2015-10-12 21:28:30][debug] call back test:未入库
[2015-10-12 21:28:30][debug] call back test sql:UPDATE pa_marathon SET ispay =1,transaction_id="1000530869201510121175829735",out_trade_no="126806760120151012212718" WHERE openid ="ouN6_sxljYyKqO62H2NUXNu_e0pc"
[2015-10-12 21:28:30][debug] call back test:入库成功
[2015-10-12 21:31:20][debug] begin notify
[2015-10-12 21:31:20][debug] call back test:{"appid":"wx161f19ac48b1f2f3","attach":"\u9a6c\u62c9\u677e\u62a5\u540d","bank_type":"CMB_DEBIT","cash_fee":"4000","fee_type":"CNY","is_subscribe":"Y","mch_id":"1268067601","nonce_str":"8uc6kvekeq1j885e44idlyqwy7rgo9jq","openid":"ouN6_szCbSviE9qCNyrWZm61wPUo","out_trade_no":"126806760120151012213010","result_code":"SUCCESS","return_code":"SUCCESS","sign":"FA26C0A5EDDB25AFD396660C670F149F","time_end":"20151012213119","total_fee":"4000","trade_type":"JSAPI","transaction_id":"1001920869201510121175861592"}
[2015-10-12 21:31:20][debug] query:{"appid":"wx161f19ac48b1f2f3","attach":"\u9a6c\u62c9\u677e\u62a5\u540d","bank_type":"CMB_DEBIT","cash_fee":"4000","fee_type":"CNY","is_subscribe":"Y","mch_id":"1268067601","nonce_str":"wHXvFPVIatMpTbZj","openid":"ouN6_szCbSviE9qCNyrWZm61wPUo","out_trade_no":"126806760120151012213010","result_code":"SUCCESS","return_code":"SUCCESS","return_msg":"OK","sign":"9B3B0F3B520FA2B0A7177DE8FB1ACFA6","time_end":"20151012213119","total_fee":"4000","trade_state":"SUCCESS","trade_type":"JSAPI","transaction_id":"1001920869201510121175861592"}
[2015-10-12 21:31:20][debug] call back test:订单查询成功
[2015-10-12 21:31:20][debug] call back test:未入库
[2015-10-12 21:31:20][debug] call back test sql:UPDATE pa_marathon SET ispay =1,transaction_id="1001920869201510121175861592",out_trade_no="126806760120151012213010" WHERE openid ="ouN6_szCbSviE9qCNyrWZm61wPUo"
[2015-10-12 21:31:20][debug] call back test:入库成功
[2015-10-12 21:31:59][debug] begin notify
[2015-10-12 21:31:59][debug] call back test:{"appid":"wx161f19ac48b1f2f3","attach":"\u9a6c\u62c9\u677e\u62a5\u540d","bank_type":"CCB_DEBIT","cash_fee":"4000","fee_type":"CNY","is_subscribe":"Y","mch_id":"1268067601","nonce_str":"oqi4obeoiazklwyoygj8606rbnjq00mi","openid":"ouN6_sxljYyKqO62H2NUXNu_e0pc","out_trade_no":"126806760120151012213151","result_code":"SUCCESS","return_code":"SUCCESS","sign":"55C49B23B0F1A9EEC7A6AA7D8656F44B","time_end":"20151012213158","total_fee":"4000","trade_type":"JSAPI","transaction_id":"1000530869201510121175882753"}
[2015-10-12 21:31:59][debug] query:{"appid":"wx161f19ac48b1f2f3","attach":"\u9a6c\u62c9\u677e\u62a5\u540d","bank_type":"CCB_DEBIT","cash_fee":"4000","fee_type":"CNY","is_subscribe":"Y","mch_id":"1268067601","nonce_str":"pAe4KoMPbyhyEL3z","openid":"ouN6_sxljYyKqO62H2NUXNu_e0pc","out_trade_no":"126806760120151012213151","result_code":"SUCCESS","return_code":"SUCCESS","return_msg":"OK","sign":"EC31D24B74A9C758BE0AB752A3EEBE7D","time_end":"20151012213158","total_fee":"4000","trade_state":"SUCCESS","trade_type":"JSAPI","transaction_id":"1000530869201510121175882753"}
[2015-10-12 21:31:59][debug] call back test:订单查询成功
[2015-10-12 21:31:59][debug] call back test:未入库
[2015-10-12 21:31:59][debug] call back test sql:UPDATE pa_marathon SET ispay =1,transaction_id="1000530869201510121175882753",out_trade_no="126806760120151012213151" WHERE openid ="ouN6_sxljYyKqO62H2NUXNu_e0pc"
[2015-10-12 21:31:59][debug] call back test:入库成功
[2015-10-12 21:53:47][debug] begin notify
[2015-10-12 21:53:47][debug] call back test:{"appid":"wx161f19ac48b1f2f3","attach":"\u9a6c\u62c9\u677e\u62a5\u540d","bank_type":"ICBC_DEBIT","cash_fee":"4000","fee_type":"CNY","is_subscribe":"Y","mch_id":"1268067601","nonce_str":"7zbbp6znmsvaxiuckhb2ri38vwcwczh9","openid":"ouN6_s2Vo0hI-l1OJPCIyRxHuDOU","out_trade_no":"126806760120151012215236","result_code":"SUCCESS","return_code":"SUCCESS","sign":"899E648E3E407EB64ABB9CA30AA4C2EA","time_end":"20151012215345","total_fee":"4000","trade_type":"JSAPI","transaction_id":"1005270869201510121176091669"}
[2015-10-12 21:53:47][debug] query:{"appid":"wx161f19ac48b1f2f3","attach":"\u9a6c\u62c9\u677e\u62a5\u540d","bank_type":"ICBC_DEBIT","cash_fee":"4000","fee_type":"CNY","is_subscribe":"Y","mch_id":"1268067601","nonce_str":"DgDYfhBvm3dE633M","openid":"ouN6_s2Vo0hI-l1OJPCIyRxHuDOU","out_trade_no":"126806760120151012215236","result_code":"SUCCESS","return_code":"SUCCESS","return_msg":"OK","sign":"B5F93B368269D92943C6F90E529FEAC4","time_end":"20151012215344","total_fee":"4000","trade_state":"SUCCESS","trade_type":"JSAPI","transaction_id":"1005270869201510121176091669"}
[2015-10-12 21:53:47][debug] call back test:订单查询成功
[2015-10-12 21:53:47][debug] call back test:未入库
[2015-10-12 21:53:47][debug] call back test sql:UPDATE pa_marathon SET ispay =1,transaction_id="1005270869201510121176091669",out_trade_no="126806760120151012215236" WHERE openid ="ouN6_s2Vo0hI-l1OJPCIyRxHuDOU"
[2015-10-12 21:53:47][debug] call back test:入库成功
[2015-10-12 21:55:52][debug] begin notify
[2015-10-12 21:55:52][debug] call back test:{"appid":"wx161f19ac48b1f2f3","attach":"\u9a6c\u62c9\u677e\u62a5\u540d","bank_type":"ABC_DEBIT","cash_fee":"4000","fee_type":"CNY","is_subscribe":"Y","mch_id":"1268067601","nonce_str":"js3p0ti7awciaghdawikrf8jwoufz6o0","openid":"ouN6_s8gfZstlmkUyIX3mVrMhGYc","out_trade_no":"126806760120151012215417","result_code":"SUCCESS","return_code":"SUCCESS","sign":"1503BB06F83706BB0DA8886F61DB2511","time_end":"20151012215551","total_fee":"4000","trade_type":"JSAPI","transaction_id":"1007400869201510121176115211"}
[2015-10-12 21:55:56][debug] query:{"appid":"wx161f19ac48b1f2f3","attach":"\u9a6c\u62c9\u677e\u62a5\u540d","bank_type":"ABC_DEBIT","cash_fee":"4000","fee_type":"CNY","is_subscribe":"Y","mch_id":"1268067601","nonce_str":"HzE5pktBaGUdM01S","openid":"ouN6_s8gfZstlmkUyIX3mVrMhGYc","out_trade_no":"126806760120151012215417","result_code":"SUCCESS","return_code":"SUCCESS","return_msg":"OK","sign":"D0F6AEACAD4ED271C7BB38739715CDB4","time_end":"20151012215551","total_fee":"4000","trade_state":"SUCCESS","trade_type":"JSAPI","transaction_id":"1007400869201510121176115211"}
[2015-10-12 21:55:56][debug] call back test:订单查询成功
[2015-10-12 21:55:56][debug] call back test:未入库
[2015-10-12 21:55:56][debug] call back test sql:UPDATE pa_marathon SET ispay =1,transaction_id="1007400869201510121176115211",out_trade_no="126806760120151012215417" WHERE openid ="ouN6_s8gfZstlmkUyIX3mVrMhGYc"
[2015-10-12 21:55:56][debug] call back test:入库成功
[2015-10-12 21:56:18][debug] begin notify
[2015-10-12 21:56:18][debug] call back test:{"appid":"wx161f19ac48b1f2f3","attach":"\u9a6c\u62c9\u677e\u62a5\u540d","bank_type":"ABC_DEBIT","cash_fee":"4000","fee_type":"CNY","is_subscribe":"Y","mch_id":"1268067601","nonce_str":"js3p0ti7awciaghdawikrf8jwoufz6o0","openid":"ouN6_s8gfZstlmkUyIX3mVrMhGYc","out_trade_no":"126806760120151012215417","result_code":"SUCCESS","return_code":"SUCCESS","sign":"1503BB06F83706BB0DA8886F61DB2511","time_end":"20151012215551","total_fee":"4000","trade_type":"JSAPI","transaction_id":"1007400869201510121176115211"}
[2015-10-12 21:56:18][debug] query:{"appid":"wx161f19ac48b1f2f3","attach":"\u9a6c\u62c9\u677e\u62a5\u540d","bank_type":"ABC_DEBIT","cash_fee":"4000","fee_type":"CNY","is_subscribe":"Y","mch_id":"1268067601","nonce_str":"fMSpKc6QFCKAZ2do","openid":"ouN6_s8gfZstlmkUyIX3mVrMhGYc","out_trade_no":"126806760120151012215417","result_code":"SUCCESS","return_code":"SUCCESS","return_msg":"OK","sign":"FCE6B0510B8B1CFA8B5856E36AA2AE62","time_end":"20151012215551","total_fee":"4000","trade_state":"SUCCESS","trade_type":"JSAPI","transaction_id":"1007400869201510121176115211"}
[2015-10-12 21:56:18][debug] call back test:订单查询成功
[2015-10-12 21:56:18][debug] call back test:已入库
[2015-10-12 22:03:27][debug] begin notify
[2015-10-12 22:03:27][debug] call back test:{"appid":"wx161f19ac48b1f2f3","attach":"\u9a6c\u62c9\u677e\u62a5\u540d","bank_type":"CFT","cash_fee":"4000","fee_type":"CNY","is_subscribe":"Y","mch_id":"1268067601","nonce_str":"3v2wz48fii0s95o5oa32vyca50ttw7g9","openid":"ouN6_s_pV2J_e9Cz2Iyw2v2xPPto","out_trade_no":"126806760120151012220311","result_code":"SUCCESS","return_code":"SUCCESS","sign":"4D18B06BAFB2D25BD0DEB3EF582D8245","time_end":"20151012220327","total_fee":"4000","trade_type":"JSAPI","transaction_id":"1003800869201510121176177622"}
[2015-10-12 22:03:28][debug] query:{"appid":"wx161f19ac48b1f2f3","attach":"\u9a6c\u62c9\u677e\u62a5\u540d","bank_type":"CFT","cash_fee":"4000","fee_type":"CNY","is_subscribe":"Y","mch_id":"1268067601","nonce_str":"7LaBv7EEFJIyuxaR","openid":"ouN6_s_pV2J_e9Cz2Iyw2v2xPPto","out_trade_no":"126806760120151012220311","result_code":"SUCCESS","return_code":"SUCCESS","return_msg":"OK","sign":"F53E0A314A2A5866C298D8C9A6A81ED3","time_end":"20151012220327","total_fee":"4000","trade_state":"SUCCESS","trade_type":"JSAPI","transaction_id":"1003800869201510121176177622"}
[2015-10-12 22:03:28][debug] call back test:订单查询成功
[2015-10-12 22:03:28][debug] call back test:未入库
[2015-10-12 22:03:28][debug] call back test sql:UPDATE pa_marathon SET ispay =1,transaction_id="1003800869201510121176177622",out_trade_no="126806760120151012220311" WHERE openid ="ouN6_s_pV2J_e9Cz2Iyw2v2xPPto"
[2015-10-12 22:03:28][debug] call back test:入库成功
[2015-10-12 22:20:23][debug] begin notify
[2015-10-12 22:29:55][debug] begin notify
[2015-10-12 22:29:55][debug] call back test:{"appid":"wx161f19ac48b1f2f3","attach":"\u9a6c\u62c9\u677e\u62a5\u540d","bank_type":"CFT","cash_fee":"8000","fee_type":"CNY","is_subscribe":"N","mch_id":"1268067601","nonce_str":"2eix9inkpl5efhtirp8y0a0cz3pzlvlj","openid":"ouN6_s0I6tYrQ2iuLh5DC91pgtws","out_trade_no":"126806760120151012222938","result_code":"SUCCESS","return_code":"SUCCESS","sign":"C174F0BF30740CC85B50CDDD6E8FFE3F","time_end":"20151012222954","total_fee":"8000","trade_type":"JSAPI","transaction_id":"1005730869201510121176402613"}
[2015-10-12 22:29:55][debug] query:{"appid":"wx161f19ac48b1f2f3","attach":"\u9a6c\u62c9\u677e\u62a5\u540d","bank_type":"CFT","cash_fee":"8000","fee_type":"CNY","is_subscribe":"N","mch_id":"1268067601","nonce_str":"SlGYtRPjgNkxgqFF","openid":"ouN6_s0I6tYrQ2iuLh5DC91pgtws","out_trade_no":"126806760120151012222938","result_code":"SUCCESS","return_code":"SUCCESS","return_msg":"OK","sign":"5A53C83C6ECC1D11E20B4F0A93B40835","time_end":"20151012222954","total_fee":"8000","trade_state":"SUCCESS","trade_type":"JSAPI","transaction_id":"1005730869201510121176402613"}
[2015-10-12 22:29:55][debug] call back test:订单查询成功
[2015-10-12 22:29:55][debug] call back test:未入库
[2015-10-12 22:29:55][debug] call back test sql:UPDATE pa_marathon SET ispay =1,transaction_id="1005730869201510121176402613",out_trade_no="126806760120151012222938" WHERE openid ="ouN6_s0I6tYrQ2iuLh5DC91pgtws"
[2015-10-12 22:29:55][debug] call back test:入库成功
[2015-10-12 22:44:42][debug] begin notify
[2015-10-12 22:44:42][debug] call back test:{"appid":"wx161f19ac48b1f2f3","attach":"\u9a6c\u62c9\u677e\u62a5\u540d","bank_type":"CFT","cash_fee":"4000","fee_type":"CNY","is_subscribe":"Y","mch_id":"1268067601","nonce_str":"ircmotttye11chy6oe4pl1dap8kabry3","openid":"ouN6_sx0Ni4RuG77EFE7TQRUI6S0","out_trade_no":"126806760120151012224346","result_code":"SUCCESS","return_code":"SUCCESS","sign":"DBDA5EAFAE20A67DF0E15CB4E59C7B07","time_end":"20151012224442","total_fee":"4000","trade_type":"JSAPI","transaction_id":"1002280869201510121176505497"}
[2015-10-12 22:44:43][debug] query:{"appid":"wx161f19ac48b1f2f3","attach":"\u9a6c\u62c9\u677e\u62a5\u540d","bank_type":"CFT","cash_fee":"4000","fee_type":"CNY","is_subscribe":"Y","mch_id":"1268067601","nonce_str":"bBNZUaRZFtMEVcPZ","openid":"ouN6_sx0Ni4RuG77EFE7TQRUI6S0","out_trade_no":"126806760120151012224346","result_code":"SUCCESS","return_code":"SUCCESS","return_msg":"OK","sign":"821BBA99E87E9AF8159EB8FB5BC8CAAC","time_end":"20151012224441","total_fee":"4000","trade_state":"SUCCESS","trade_type":"JSAPI","transaction_id":"1002280869201510121176505497"}
[2015-10-12 22:44:43][debug] call back test:订单查询成功
[2015-10-12 22:44:43][debug] call back test:未入库
[2015-10-12 22:44:43][debug] call back test sql:UPDATE pa_marathon SET ispay =1,transaction_id="1002280869201510121176505497",out_trade_no="126806760120151012224346" WHERE openid ="ouN6_sx0Ni4RuG77EFE7TQRUI6S0"
[2015-10-12 22:44:43][debug] call back test:入库成功
[2015-10-12 22:48:33][debug] begin notify
[2015-10-12 22:48:33][debug] call back test:{"appid":"wx161f19ac48b1f2f3","attach":"\u9a6c\u62c9\u677e\u62a5\u540d","bank_type":"CFT","cash_fee":"4000","fee_type":"CNY","is_subscribe":"Y","mch_id":"1268067601","nonce_str":"1r87hjwhb90j060ml6ovwsns2yt2i95n","openid":"ouN6_s-mF4jfL9POAtPR9loPD_wU","out_trade_no":"126806760120151012224817","result_code":"SUCCESS","return_code":"SUCCESS","sign":"5A3227C675AA4E3F1F4D2052C3775AF5","time_end":"20151012224831","total_fee":"4000","trade_type":"JSAPI","transaction_id":"1004970869201510121176532842"}
[2015-10-12 22:48:33][debug] query:{"appid":"wx161f19ac48b1f2f3","attach":"\u9a6c\u62c9\u677e\u62a5\u540d","bank_type":"CFT","cash_fee":"4000","fee_type":"CNY","is_subscribe":"Y","mch_id":"1268067601","nonce_str":"o3V3jMPPohiN8BfJ","openid":"ouN6_s-mF4jfL9POAtPR9loPD_wU","out_trade_no":"126806760120151012224817","result_code":"SUCCESS","return_code":"SUCCESS","return_msg":"OK","sign":"CC52D1A2F57DC08C85171A6AC1B63230","time_end":"20151012224831","total_fee":"4000","trade_state":"SUCCESS","trade_type":"JSAPI","transaction_id":"1004970869201510121176532842"}
[2015-10-12 22:48:33][debug] call back test:订单查询成功
[2015-10-12 22:48:33][debug] call back test:未入库
[2015-10-12 22:48:33][debug] call back test sql:UPDATE pa_marathon SET ispay =1,transaction_id="1004970869201510121176532842",out_trade_no="126806760120151012224817" WHERE openid ="ouN6_s-mF4jfL9POAtPR9loPD_wU"
[2015-10-12 22:48:33][debug] call back test:入库成功
[2015-10-12 22:54:15][debug] begin notify
[2015-10-12 22:54:15][debug] call back test:{"appid":"wx161f19ac48b1f2f3","attach":"\u9a6c\u62c9\u677e\u62a5\u540d","bank_type":"ABC_DEBIT","cash_fee":"8000","fee_type":"CNY","is_subscribe":"N","mch_id":"1268067601","nonce_str":"ndwyo5a8r7bqx6bqfzfpku7i2crp8wxn","openid":"ouN6_s8LEflPeKAZbnIJD35JEPZc","out_trade_no":"126806760120151012225303","result_code":"SUCCESS","return_code":"SUCCESS","sign":"4E2CE611EF52D889279DF2CCB61CDD91","time_end":"20151012225415","total_fee":"8000","trade_type":"JSAPI","transaction_id":"1005340869201510121176559172"}
[2015-10-12 22:54:15][debug] query:{"appid":"wx161f19ac48b1f2f3","attach":"\u9a6c\u62c9\u677e\u62a5\u540d","bank_type":"ABC_DEBIT","cash_fee":"8000","fee_type":"CNY","is_subscribe":"N","mch_id":"1268067601","nonce_str":"09ViQIoosqzHIgvW","openid":"ouN6_s8LEflPeKAZbnIJD35JEPZc","out_trade_no":"126806760120151012225303","result_code":"SUCCESS","return_code":"SUCCESS","return_msg":"OK","sign":"2904646FD1F3CF5F9C76DAE57A5C8A5C","time_end":"20151012225414","total_fee":"8000","trade_state":"SUCCESS","trade_type":"JSAPI","transaction_id":"1005340869201510121176559172"}
[2015-10-12 22:54:15][debug] call back test:订单查询成功
[2015-10-12 22:54:15][debug] call back test:未入库
[2015-10-12 22:54:15][debug] call back test sql:UPDATE pa_marathon SET ispay =1,transaction_id="1005340869201510121176559172",out_trade_no="126806760120151012225303" WHERE openid ="ouN6_s8LEflPeKAZbnIJD35JEPZc"
[2015-10-12 22:54:15][debug] call back test:入库成功
[2015-10-12 22:56:40][debug] begin notify
[2015-10-12 22:56:40][debug] call back test:{"appid":"wx161f19ac48b1f2f3","attach":"\u9a6c\u62c9\u677e\u62a5\u540d","bank_type":"ICBC_DEBIT","cash_fee":"4000","fee_type":"CNY","is_subscribe":"Y","mch_id":"1268067601","nonce_str":"ryt24t703e69zd7we4as8fmrd50c3byd","openid":"ouN6_s1mFgb7F01UBwSlijgDd7OY","out_trade_no":"126806760120151012225514","result_code":"SUCCESS","return_code":"SUCCESS","sign":"647D7789E4651CA57BC9A16AA2BD8A1B","time_end":"20151012225640","total_fee":"4000","trade_type":"JSAPI","transaction_id":"1003400869201510121176584915"}
[2015-10-12 22:56:41][debug] query:{"appid":"wx161f19ac48b1f2f3","attach":"\u9a6c\u62c9\u677e\u62a5\u540d","bank_type":"ICBC_DEBIT","cash_fee":"4000","fee_type":"CNY","is_subscribe":"Y","mch_id":"1268067601","nonce_str":"71shl85gGpXmt9Ht","openid":"ouN6_s1mFgb7F01UBwSlijgDd7OY","out_trade_no":"126806760120151012225514","result_code":"SUCCESS","return_code":"SUCCESS","return_msg":"OK","sign":"0D6F52E5DE625CFECB88B43D81488350","time_end":"20151012225639","total_fee":"4000","trade_state":"SUCCESS","trade_type":"JSAPI","transaction_id":"1003400869201510121176584915"}
[2015-10-12 22:56:41][debug] call back test:订单查询成功
[2015-10-12 22:56:41][debug] call back test:未入库
[2015-10-12 22:56:41][debug] call back test sql:UPDATE pa_marathon SET ispay =1,transaction_id="1003400869201510121176584915",out_trade_no="126806760120151012225514" WHERE openid ="ouN6_s1mFgb7F01UBwSlijgDd7OY"
[2015-10-12 22:56:41][debug] call back test:入库成功
[2015-10-12 23:00:26][debug] begin notify
[2015-10-12 23:00:26][debug] call back test:{"appid":"wx161f19ac48b1f2f3","attach":"\u9a6c\u62c9\u677e\u62a5\u540d","bank_type":"ABC_DEBIT","cash_fee":"4000","fee_type":"CNY","is_subscribe":"Y","mch_id":"1268067601","nonce_str":"6cgicks4iq72wt7wnj31kvho9mr6i2nb","openid":"ouN6_s-SjkhC1uSdystOClp5KUeg","out_trade_no":"126806760120151012225919","result_code":"SUCCESS","return_code":"SUCCESS","sign":"19F32D67D998BE90EF6C3CE995658FC4","time_end":"20151012230024","total_fee":"4000","trade_type":"JSAPI","transaction_id":"1009590869201510121176617805"}
[2015-10-12 23:00:27][debug] query:{"appid":"wx161f19ac48b1f2f3","attach":"\u9a6c\u62c9\u677e\u62a5\u540d","bank_type":"ABC_DEBIT","cash_fee":"4000","fee_type":"CNY","is_subscribe":"Y","mch_id":"1268067601","nonce_str":"vk3kFbkex70dHyam","openid":"ouN6_s-SjkhC1uSdystOClp5KUeg","out_trade_no":"126806760120151012225919","result_code":"SUCCESS","return_code":"SUCCESS","return_msg":"OK","sign":"30A2C7915DA1F9E20A56CC1D2AD11340","time_end":"20151012230024","total_fee":"4000","trade_state":"SUCCESS","trade_type":"JSAPI","transaction_id":"1009590869201510121176617805"}
[2015-10-12 23:00:27][debug] call back test:订单查询成功
[2015-10-12 23:00:27][debug] call back test:未入库
[2015-10-12 23:00:27][debug] call back test sql:UPDATE pa_marathon SET ispay =1,transaction_id="1009590869201510121176617805",out_trade_no="126806760120151012225919" WHERE openid ="ouN6_s-SjkhC1uSdystOClp5KUeg"
[2015-10-12 23:00:27][debug] call back test:入库成功
