[2015-09-27 00:25:54][debug] begin notify
[2015-09-27 00:25:54][debug] call back test:{"appid":"wx161f19ac48b1f2f3","attach":"\u9a6c\u62c9\u677e\u62a5\u540d","bank_type":"CFT","cash_fee":"8000","fee_type":"CNY","is_subscribe":"Y","mch_id":"1268067601","nonce_str":"d0mlzmypkjyn27ndz4kqzhmje4gfvb7b","openid":"ouN6_s1hblilnsjprkE7hbgJ_34E","out_trade_no":"126806760120150927002526","result_code":"SUCCESS","return_code":"SUCCESS","sign":"EF7A36035EDAA597F0329BED4C87B9E2","time_end":"20150927002553","total_fee":"8000","trade_type":"JSAPI","transaction_id":"1006000869201509271006148441"}
[2015-09-27 00:25:54][debug] query:{"appid":"wx161f19ac48b1f2f3","attach":"\u9a6c\u62c9\u677e\u62a5\u540d","bank_type":"CFT","cash_fee":"8000","fee_type":"CNY","is_subscribe":"Y","mch_id":"1268067601","nonce_str":"Kt735d6sQUBzTgdv","openid":"ouN6_s1hblilnsjprkE7hbgJ_34E","out_trade_no":"126806760120150927002526","result_code":"SUCCESS","return_code":"SUCCESS","return_msg":"OK","sign":"CE177AF688CC74477EEFDB3BB539E649","time_end":"20150927002552","total_fee":"8000","trade_state":"SUCCESS","trade_type":"JSAPI","transaction_id":"1006000869201509271006148441"}
[2015-09-27 00:25:54][debug] call back test:订单查询成功
[2015-09-27 00:25:54][debug] call back test:未入库
[2015-09-27 00:25:54][debug] call back test sql:UPDATE pa_marathon SET ispay =1,transaction_id="1006000869201509271006148441",out_trade_no="126806760120150927002526" WHERE openid ="ouN6_s1hblilnsjprkE7hbgJ_34E"
[2015-09-27 00:25:54][debug] call back test:入库成功
[2015-09-27 05:20:02][debug] begin notify
[2015-09-27 05:20:02][debug] call back test:{"appid":"wx161f19ac48b1f2f3","attach":"\u9a6c\u62c9\u677e\u62a5\u540d","bank_type":"CCB_DEBIT","cash_fee":"4000","fee_type":"CNY","is_subscribe":"N","mch_id":"1268067601","nonce_str":"myh6k6m8zct4lla4ndttu9jnujnaucxw","openid":"ouN6_s-nnMJ56tqk25Tm4DAeDCfQ","out_trade_no":"126806760120150927051928","result_code":"SUCCESS","return_code":"SUCCESS","sign":"3A005CF642AFA5A9FE26C18308D3D88B","time_end":"20150927052001","total_fee":"4000","trade_type":"JSAPI","transaction_id":"1006420869201509271006623062"}
[2015-09-27 05:20:02][debug] query:{"appid":"wx161f19ac48b1f2f3","attach":"\u9a6c\u62c9\u677e\u62a5\u540d","bank_type":"CCB_DEBIT","cash_fee":"4000","fee_type":"CNY","is_subscribe":"N","mch_id":"1268067601","nonce_str":"3mQkRx87MGBOzHm2","openid":"ouN6_s-nnMJ56tqk25Tm4DAeDCfQ","out_trade_no":"126806760120150927051928","result_code":"SUCCESS","return_code":"SUCCESS","return_msg":"OK","sign":"670E27DAD8EF42AA9B3E5216E9B4FFE4","time_end":"20150927052000","total_fee":"4000","trade_state":"SUCCESS","trade_type":"JSAPI","transaction_id":"1006420869201509271006623062"}
[2015-09-27 05:20:02][debug] call back test:订单查询成功
[2015-09-27 05:20:02][debug] call back test:未入库
[2015-09-27 05:20:02][debug] call back test sql:UPDATE pa_marathon SET ispay =1,transaction_id="1006420869201509271006623062",out_trade_no="126806760120150927051928" WHERE openid ="ouN6_s-nnMJ56tqk25Tm4DAeDCfQ"
[2015-09-27 05:20:02][debug] call back test:入库成功
[2015-09-27 06:26:46][debug] begin notify
[2015-09-27 06:26:46][debug] call back test:{"appid":"wx161f19ac48b1f2f3","attach":"\u9a6c\u62c9\u677e\u62a5\u540d","bank_type":"CFT","cash_fee":"8000","fee_type":"CNY","is_subscribe":"Y","mch_id":"1268067601","nonce_str":"1e80dai751xhl3isysz8kz1nrugriupo","openid":"ouN6_s2qEZiwmZ4dFLy--UF49HNo","out_trade_no":"126806760120150927062626","result_code":"SUCCESS","return_code":"SUCCESS","sign":"A606C714BC1406CB9BDF3E62FC0C13CE","time_end":"20150927062645","total_fee":"8000","trade_type":"JSAPI","transaction_id":"1009660869201509271006673346"}
[2015-09-27 06:26:46][debug] query:{"appid":"wx161f19ac48b1f2f3","attach":"\u9a6c\u62c9\u677e\u62a5\u540d","bank_type":"CFT","cash_fee":"8000","fee_type":"CNY","is_subscribe":"Y","mch_id":"1268067601","nonce_str":"Sw0KywXhg1YUY7Ya","openid":"ouN6_s2qEZiwmZ4dFLy--UF49HNo","out_trade_no":"126806760120150927062626","result_code":"SUCCESS","return_code":"SUCCESS","return_msg":"OK","sign":"2626DB91CFE973A18FF0D3D85F0A755E","time_end":"20150927062645","total_fee":"8000","trade_state":"SUCCESS","trade_type":"JSAPI","transaction_id":"1009660869201509271006673346"}
[2015-09-27 06:26:46][debug] call back test:订单查询成功
[2015-09-27 06:26:46][debug] call back test:未入库
[2015-09-27 06:26:46][debug] call back test sql:UPDATE pa_marathon SET ispay =1,transaction_id="1009660869201509271006673346",out_trade_no="126806760120150927062626" WHERE openid ="ouN6_s2qEZiwmZ4dFLy--UF49HNo"
[2015-09-27 06:26:46][debug] call back test:入库成功
[2015-09-27 07:02:51][debug] begin notify
[2015-09-27 07:02:51][debug] call back test:{"appid":"wx161f19ac48b1f2f3","attach":"\u9a6c\u62c9\u677e\u62a5\u540d","bank_type":"CCB_DEBIT","cash_fee":"4000","fee_type":"CNY","is_subscribe":"Y","mch_id":"1268067601","nonce_str":"y6o2szgp3j5xo631oci1qlipg0p7qeih","openid":"ouN6_s_dpmkrRCHgc04Gw--N5d-I","out_trade_no":"126806760120150927065941","result_code":"SUCCESS","return_code":"SUCCESS","sign":"6D5086D34782635E7FD99038382D7C46","time_end":"20150927070249","total_fee":"4000","trade_type":"JSAPI","transaction_id":"1003480869201509271006759024"}
[2015-09-27 07:02:54][debug] query:{"appid":"wx161f19ac48b1f2f3","attach":"\u9a6c\u62c9\u677e\u62a5\u540d","bank_type":"CCB_DEBIT","cash_fee":"4000","fee_type":"CNY","is_subscribe":"Y","mch_id":"1268067601","nonce_str":"RqKmsb4IKplOq2mK","openid":"ouN6_s_dpmkrRCHgc04Gw--N5d-I","out_trade_no":"126806760120150927065941","result_code":"SUCCESS","return_code":"SUCCESS","return_msg":"OK","sign":"A26D5CACCE7846C96C62207D88E029F4","time_end":"20150927070249","total_fee":"4000","trade_state":"SUCCESS","trade_type":"JSAPI","transaction_id":"1003480869201509271006759024"}
[2015-09-27 07:02:54][debug] call back test:订单查询成功
[2015-09-27 07:02:54][debug] call back test:未入库
[2015-09-27 07:02:54][debug] call back test sql:UPDATE pa_marathon SET ispay =1,transaction_id="1003480869201509271006759024",out_trade_no="126806760120150927065941" WHERE openid ="ouN6_s_dpmkrRCHgc04Gw--N5d-I"
[2015-09-27 07:02:54][debug] call back test:入库成功
[2015-09-27 07:03:07][debug] begin notify
[2015-09-27 07:03:07][debug] call back test:{"appid":"wx161f19ac48b1f2f3","attach":"\u9a6c\u62c9\u677e\u62a5\u540d","bank_type":"CCB_DEBIT","cash_fee":"4000","fee_type":"CNY","is_subscribe":"Y","mch_id":"1268067601","nonce_str":"y6o2szgp3j5xo631oci1qlipg0p7qeih","openid":"ouN6_s_dpmkrRCHgc04Gw--N5d-I","out_trade_no":"126806760120150927065941","result_code":"SUCCESS","return_code":"SUCCESS","sign":"6D5086D34782635E7FD99038382D7C46","time_end":"20150927070249","total_fee":"4000","trade_type":"JSAPI","transaction_id":"1003480869201509271006759024"}
[2015-09-27 07:03:08][debug] query:{"appid":"wx161f19ac48b1f2f3","attach":"\u9a6c\u62c9\u677e\u62a5\u540d","bank_type":"CCB_DEBIT","cash_fee":"4000","fee_type":"CNY","is_subscribe":"Y","mch_id":"1268067601","nonce_str":"PeV0Bw0m181vKMeW","openid":"ouN6_s_dpmkrRCHgc04Gw--N5d-I","out_trade_no":"126806760120150927065941","result_code":"SUCCESS","return_code":"SUCCESS","return_msg":"OK","sign":"2026E5ECFF6B5573099969F252665460","time_end":"20150927070249","total_fee":"4000","trade_state":"SUCCESS","trade_type":"JSAPI","transaction_id":"1003480869201509271006759024"}
[2015-09-27 07:03:08][debug] call back test:订单查询成功
[2015-09-27 07:03:08][debug] call back test:已入库
[2015-09-27 09:06:00][debug] begin notify
[2015-09-27 09:06:00][debug] call back test:{"appid":"wx161f19ac48b1f2f3","attach":"\u9a6c\u62c9\u677e\u62a5\u540d","bank_type":"CFT","cash_fee":"8000","fee_type":"CNY","is_subscribe":"Y","mch_id":"1268067601","nonce_str":"85rlrufae2djz7wzxsnybahc430i3nvr","openid":"ouN6_s90ZSZnpqMlsExi54RyZC-E","out_trade_no":"126806760120150927090500","result_code":"SUCCESS","return_code":"SUCCESS","sign":"1B006D93601C0DDEE419411EA9A2821B","time_end":"20150927090559","total_fee":"8000","trade_type":"JSAPI","transaction_id":"1000070869201509271007295358"}
[2015-09-27 09:06:01][debug] query:{"appid":"wx161f19ac48b1f2f3","attach":"\u9a6c\u62c9\u677e\u62a5\u540d","bank_type":"CFT","cash_fee":"8000","fee_type":"CNY","is_subscribe":"Y","mch_id":"1268067601","nonce_str":"JPniR0qqaD1bvCYP","openid":"ouN6_s90ZSZnpqMlsExi54RyZC-E","out_trade_no":"126806760120150927090500","result_code":"SUCCESS","return_code":"SUCCESS","return_msg":"OK","sign":"204AE836871E64EB2B6BDE9904789FD3","time_end":"20150927090559","total_fee":"8000","trade_state":"SUCCESS","trade_type":"JSAPI","transaction_id":"1000070869201509271007295358"}
[2015-09-27 09:06:01][debug] call back test:订单查询成功
[2015-09-27 09:06:01][debug] call back test:未入库
[2015-09-27 09:06:01][debug] call back test sql:UPDATE pa_marathon SET ispay =1,transaction_id="1000070869201509271007295358",out_trade_no="126806760120150927090500" WHERE openid ="ouN6_s90ZSZnpqMlsExi54RyZC-E"
[2015-09-27 09:06:01][debug] call back test:入库成功
[2015-09-27 09:11:15][debug] begin notify
[2015-09-27 09:11:15][debug] call back test:{"appid":"wx161f19ac48b1f2f3","attach":"\u9a6c\u62c9\u677e\u62a5\u540d","bank_type":"ABC_DEBIT","cash_fee":"6000","fee_type":"CNY","is_subscribe":"N","mch_id":"1268067601","nonce_str":"i4kvc406p9rvamdn77c7dg9r5lbpt0lo","openid":"ouN6_s5sM2WZUj-hATUlHSuCnfJ8","out_trade_no":"126806760120150927090836","result_code":"SUCCESS","return_code":"SUCCESS","sign":"BD977AACCAB111C3548F3C304FF42911","time_end":"20150927091058","total_fee":"6000","trade_type":"JSAPI","transaction_id":"1005600869201509271007326087"}
[2015-09-27 09:11:20][debug] query:{"appid":"wx161f19ac48b1f2f3","attach":"\u9a6c\u62c9\u677e\u62a5\u540d","bank_type":"ABC_DEBIT","cash_fee":"6000","fee_type":"CNY","is_subscribe":"Y","mch_id":"1268067601","nonce_str":"i9KocplgIuMm2Kf9","openid":"ouN6_s5sM2WZUj-hATUlHSuCnfJ8","out_trade_no":"126806760120150927090836","result_code":"SUCCESS","return_code":"SUCCESS","return_msg":"OK","sign":"83826EFCC8B5E99366EA72887F774EB0","time_end":"20150927091043","total_fee":"6000","trade_state":"SUCCESS","trade_type":"JSAPI","transaction_id":"1005600869201509271007326087"}
[2015-09-27 09:11:20][debug] call back test:订单查询成功
[2015-09-27 09:11:20][debug] call back test:未入库
[2015-09-27 09:11:20][debug] call back test sql:UPDATE pa_marathon SET ispay =1,transaction_id="1005600869201509271007326087",out_trade_no="126806760120150927090836" WHERE openid ="ouN6_s5sM2WZUj-hATUlHSuCnfJ8"
[2015-09-27 09:11:20][debug] call back test:入库成功
[2015-09-27 09:11:36][debug] begin notify
[2015-09-27 09:11:36][debug] call back test:{"appid":"wx161f19ac48b1f2f3","attach":"\u9a6c\u62c9\u677e\u62a5\u540d","bank_type":"ABC_DEBIT","cash_fee":"6000","fee_type":"CNY","is_subscribe":"N","mch_id":"1268067601","nonce_str":"i4kvc406p9rvamdn77c7dg9r5lbpt0lo","openid":"ouN6_s5sM2WZUj-hATUlHSuCnfJ8","out_trade_no":"126806760120150927090836","result_code":"SUCCESS","return_code":"SUCCESS","sign":"BD977AACCAB111C3548F3C304FF42911","time_end":"20150927091058","total_fee":"6000","trade_type":"JSAPI","transaction_id":"1005600869201509271007326087"}
[2015-09-27 09:11:38][debug] query:{"appid":"wx161f19ac48b1f2f3","attach":"\u9a6c\u62c9\u677e\u62a5\u540d","bank_type":"ABC_DEBIT","cash_fee":"6000","fee_type":"CNY","is_subscribe":"Y","mch_id":"1268067601","nonce_str":"1kSFSGxoTqmAYZCU","openid":"ouN6_s5sM2WZUj-hATUlHSuCnfJ8","out_trade_no":"126806760120150927090836","result_code":"SUCCESS","return_code":"SUCCESS","return_msg":"OK","sign":"F60F8562C92A64970F9302DD905D68A9","time_end":"20150927091043","total_fee":"6000","trade_state":"SUCCESS","trade_type":"JSAPI","transaction_id":"1005600869201509271007326087"}
[2015-09-27 09:11:38][debug] call back test:订单查询成功
[2015-09-27 09:11:38][debug] call back test:已入库
[2015-09-27 09:38:34][debug] begin notify
[2015-09-27 09:38:34][debug] call back test:{"appid":"wx161f19ac48b1f2f3","attach":"\u9a6c\u62c9\u677e\u62a5\u540d","bank_type":"CCB_DEBIT","cash_fee":"6000","fee_type":"CNY","is_subscribe":"Y","mch_id":"1268067601","nonce_str":"9r8e5moi0rzr0cczfcaehz7hgej8lpk0","openid":"ouN6_s8o9yPGK3KtrnA7Tu3k7qvU","out_trade_no":"126806760120150927093756","result_code":"SUCCESS","return_code":"SUCCESS","sign":"299A0236FF052FCBB501EA4B8398DFE0","time_end":"20150927093833","total_fee":"6000","trade_type":"JSAPI","transaction_id":"1007150869201509271007526792"}
[2015-09-27 09:38:34][debug] query:{"appid":"wx161f19ac48b1f2f3","attach":"\u9a6c\u62c9\u677e\u62a5\u540d","bank_type":"CCB_DEBIT","cash_fee":"6000","fee_type":"CNY","is_subscribe":"Y","mch_id":"1268067601","nonce_str":"WKoa0Z9qEHXtlSVK","openid":"ouN6_s8o9yPGK3KtrnA7Tu3k7qvU","out_trade_no":"126806760120150927093756","result_code":"SUCCESS","return_code":"SUCCESS","return_msg":"OK","sign":"3F6254625C78CFE94FEDDCBE5DE66629","time_end":"20150927093833","total_fee":"6000","trade_state":"SUCCESS","trade_type":"JSAPI","transaction_id":"1007150869201509271007526792"}
[2015-09-27 09:38:34][debug] call back test:订单查询成功
[2015-09-27 09:38:34][debug] call back test:未入库
[2015-09-27 09:38:34][debug] call back test sql:UPDATE pa_marathon SET ispay =1,transaction_id="1007150869201509271007526792",out_trade_no="126806760120150927093756" WHERE openid ="ouN6_s8o9yPGK3KtrnA7Tu3k7qvU"
[2015-09-27 09:38:34][debug] call back test:入库成功
[2015-09-27 09:54:28][debug] begin notify
[2015-09-27 09:54:28][debug] call back test:{"appid":"wx161f19ac48b1f2f3","attach":"\u9a6c\u62c9\u677e\u62a5\u540d","bank_type":"ABC_CREDIT","cash_fee":"4000","fee_type":"CNY","is_subscribe":"N","mch_id":"1268067601","nonce_str":"rc8wio5so86re0drhx5d9rmv8b8hozt1","openid":"ouN6_s27SCDmdsG9l9Zv84JR6Fxg","out_trade_no":"126806760120150927095400","result_code":"SUCCESS","return_code":"SUCCESS","sign":"2870A6DA33DDDB9700CEFBCC21C578B4","time_end":"20150927095428","total_fee":"4000","trade_type":"JSAPI","transaction_id":"1009880869201509271007678643"}
[2015-09-27 09:54:28][debug] query:{"appid":"wx161f19ac48b1f2f3","attach":"\u9a6c\u62c9\u677e\u62a5\u540d","bank_type":"ABC_CREDIT","cash_fee":"4000","fee_type":"CNY","is_subscribe":"N","mch_id":"1268067601","nonce_str":"yWKtdViNgd6upudQ","openid":"ouN6_s27SCDmdsG9l9Zv84JR6Fxg","out_trade_no":"126806760120150927095400","result_code":"SUCCESS","return_code":"SUCCESS","return_msg":"OK","sign":"258378A22DA96DE2D508B82704F196DD","time_end":"20150927095427","total_fee":"4000","trade_state":"SUCCESS","trade_type":"JSAPI","transaction_id":"1009880869201509271007678643"}
[2015-09-27 09:54:28][debug] call back test:订单查询成功
[2015-09-27 09:54:28][debug] call back test:未入库
[2015-09-27 09:54:28][debug] call back test sql:UPDATE pa_marathon SET ispay =1,transaction_id="1009880869201509271007678643",out_trade_no="126806760120150927095400" WHERE openid ="ouN6_s27SCDmdsG9l9Zv84JR6Fxg"
[2015-09-27 09:54:28][debug] call back test:入库成功
[2015-09-27 10:01:03][debug] begin notify
[2015-09-27 10:01:03][debug] call back test:{"appid":"wx161f19ac48b1f2f3","attach":"\u9a6c\u62c9\u677e\u62a5\u540d","bank_type":"CCB_DEBIT","cash_fee":"6000","fee_type":"CNY","is_subscribe":"Y","mch_id":"1268067601","nonce_str":"hr9s2u2m7i7s0ttbjqlu49rcfiai5d2a","openid":"ouN6_s8o9yPGK3KtrnA7Tu3k7qvU","out_trade_no":"126806760120150927095739","result_code":"SUCCESS","return_code":"SUCCESS","sign":"019A054D4A9263D181C26D7A2BAF9DAE","time_end":"20150927100103","total_fee":"6000","trade_type":"JSAPI","transaction_id":"1007150869201509271007713377"}
[2015-09-27 10:01:04][debug] query:{"appid":"wx161f19ac48b1f2f3","attach":"\u9a6c\u62c9\u677e\u62a5\u540d","bank_type":"CCB_DEBIT","cash_fee":"6000","fee_type":"CNY","is_subscribe":"Y","mch_id":"1268067601","nonce_str":"8f1MGcTlwpGcQAnf","openid":"ouN6_s8o9yPGK3KtrnA7Tu3k7qvU","out_trade_no":"126806760120150927095739","result_code":"SUCCESS","return_code":"SUCCESS","return_msg":"OK","sign":"8F4B424EAF635A3E245EF09E0E0A2F2A","time_end":"20150927100102","total_fee":"6000","trade_state":"SUCCESS","trade_type":"JSAPI","transaction_id":"1007150869201509271007713377"}
[2015-09-27 10:01:04][debug] call back test:订单查询成功
[2015-09-27 10:01:04][debug] call back test:未入库
[2015-09-27 10:01:04][debug] call back test sql:UPDATE pa_marathon SET ispay =1,transaction_id="1007150869201509271007713377",out_trade_no="126806760120150927095739" WHERE openid ="ouN6_s8o9yPGK3KtrnA7Tu3k7qvU"
[2015-09-27 10:01:04][debug] call back test:入库成功
[2015-09-27 10:01:14][debug] begin notify
[2015-09-27 10:01:14][debug] call back test:{"appid":"wx161f19ac48b1f2f3","attach":"\u9a6c\u62c9\u677e\u62a5\u540d","bank_type":"CFT","cash_fee":"6000","fee_type":"CNY","is_subscribe":"Y","mch_id":"1268067601","nonce_str":"0pjg4jof6ab7lf0ms7xdyhlab9197c95","openid":"ouN6_s5XDnucERBtJR4juYFerXH0","out_trade_no":"126806760120150927095958","result_code":"SUCCESS","return_code":"SUCCESS","sign":"565465EE2B7C845CD668DFB624878917","time_end":"20150927100114","total_fee":"6000","trade_type":"JSAPI","transaction_id":"1001920869201509271007742440"}
[2015-09-27 10:01:15][debug] query:{"appid":"wx161f19ac48b1f2f3","attach":"\u9a6c\u62c9\u677e\u62a5\u540d","bank_type":"CFT","cash_fee":"6000","fee_type":"CNY","is_subscribe":"Y","mch_id":"1268067601","nonce_str":"2vQmds0NrFrbRmdB","openid":"ouN6_s5XDnucERBtJR4juYFerXH0","out_trade_no":"126806760120150927095958","result_code":"SUCCESS","return_code":"SUCCESS","return_msg":"OK","sign":"170AD660611230AE41E341083891944C","time_end":"20150927100114","total_fee":"6000","trade_state":"SUCCESS","trade_type":"JSAPI","transaction_id":"1001920869201509271007742440"}
[2015-09-27 10:01:15][debug] call back test:订单查询成功
[2015-09-27 10:01:15][debug] call back test:未入库
[2015-09-27 10:01:15][debug] call back test sql:UPDATE pa_marathon SET ispay =1,transaction_id="1001920869201509271007742440",out_trade_no="126806760120150927095958" WHERE openid ="ouN6_s5XDnucERBtJR4juYFerXH0"
[2015-09-27 10:01:15][debug] call back test:入库成功
[2015-09-27 10:36:25][debug] begin notify
[2015-09-27 10:36:25][debug] call back test:{"appid":"wx161f19ac48b1f2f3","attach":"\u9a6c\u62c9\u677e\u62a5\u540d","bank_type":"CFT","cash_fee":"6000","fee_type":"CNY","is_subscribe":"Y","mch_id":"1268067601","nonce_str":"kk9wy6a008gn84tb4b7nd5d6e9qfc7p1","openid":"ouN6_sz5XyMvLzGWjlAWWYUsh09I","out_trade_no":"126806760120150927103521","result_code":"SUCCESS","return_code":"SUCCESS","sign":"2E73FD1A19552ECE1AE51A4B0A7F5CC8","time_end":"20150927103625","total_fee":"6000","trade_type":"JSAPI","transaction_id":"1000880869201509271008071537"}
[2015-09-27 10:36:25][debug] query:{"appid":"wx161f19ac48b1f2f3","attach":"\u9a6c\u62c9\u677e\u62a5\u540d","bank_type":"CFT","cash_fee":"6000","fee_type":"CNY","is_subscribe":"Y","mch_id":"1268067601","nonce_str":"PqCeWETeQjANC4J9","openid":"ouN6_sz5XyMvLzGWjlAWWYUsh09I","out_trade_no":"126806760120150927103521","result_code":"SUCCESS","return_code":"SUCCESS","return_msg":"OK","sign":"480A1C8115C50179744397A2853C09EE","time_end":"20150927103624","total_fee":"6000","trade_state":"SUCCESS","trade_type":"JSAPI","transaction_id":"1000880869201509271008071537"}
[2015-09-27 10:36:25][debug] call back test:订单查询成功
[2015-09-27 10:36:25][debug] call back test:未入库
[2015-09-27 10:36:25][debug] call back test sql:UPDATE pa_marathon SET ispay =1,transaction_id="1000880869201509271008071537",out_trade_no="126806760120150927103521" WHERE openid ="ouN6_sz5XyMvLzGWjlAWWYUsh09I"
[2015-09-27 10:36:25][debug] call back test:入库成功
[2015-09-27 10:40:51][debug] begin notify
[2015-09-27 10:40:51][debug] call back test:{"appid":"wx161f19ac48b1f2f3","attach":"\u9a6c\u62c9\u677e\u62a5\u540d","bank_type":"CFT","cash_fee":"6000","fee_type":"CNY","is_subscribe":"Y","mch_id":"1268067601","nonce_str":"52wxb2nqcvbjxwxu9tdcxvo83l1obk5p","openid":"ouN6_s2Ma9EPtGUoUv1FSAPWLKhU","out_trade_no":"126806760120150927104035","result_code":"SUCCESS","return_code":"SUCCESS","sign":"08A40C98EFEAE1F8982F51CCC74ADA3F","time_end":"20150927104050","total_fee":"6000","trade_type":"JSAPI","transaction_id":"1004960869201509271008131698"}
[2015-09-27 10:40:51][debug] query:{"appid":"wx161f19ac48b1f2f3","attach":"\u9a6c\u62c9\u677e\u62a5\u540d","bank_type":"CFT","cash_fee":"6000","fee_type":"CNY","is_subscribe":"Y","mch_id":"1268067601","nonce_str":"SrQc4UC2AQwq6NXh","openid":"ouN6_s2Ma9EPtGUoUv1FSAPWLKhU","out_trade_no":"126806760120150927104035","result_code":"SUCCESS","return_code":"SUCCESS","return_msg":"OK","sign":"F98702DA2D7E7441F0B18793B7125881","time_end":"20150927104050","total_fee":"6000","trade_state":"SUCCESS","trade_type":"JSAPI","transaction_id":"1004960869201509271008131698"}
[2015-09-27 10:40:51][debug] call back test:订单查询成功
[2015-09-27 10:40:51][debug] call back test:未入库
[2015-09-27 10:40:51][debug] call back test sql:UPDATE pa_marathon SET ispay =1,transaction_id="1004960869201509271008131698",out_trade_no="126806760120150927104035" WHERE openid ="ouN6_s2Ma9EPtGUoUv1FSAPWLKhU"
[2015-09-27 10:40:51][debug] call back test:入库成功
[2015-09-27 11:36:32][debug] begin notify
[2015-09-27 11:36:32][debug] call back test:{"appid":"wx161f19ac48b1f2f3","attach":"\u9a6c\u62c9\u677e\u62a5\u540d","bank_type":"ABC_DEBIT","cash_fee":"6000","fee_type":"CNY","is_subscribe":"Y","mch_id":"1268067601","nonce_str":"fantfznqil37yt7n9v02249gtjzshqjp","openid":"ouN6_s6euApGWEv501rRaa2rv83k","out_trade_no":"126806760120150927113617","result_code":"SUCCESS","return_code":"SUCCESS","sign":"19A517425275DCAD9EC9E9FEB8B8834F","time_end":"20150927113631","total_fee":"6000","trade_type":"JSAPI","transaction_id":"1009080869201509271008840479"}
[2015-09-27 11:36:36][debug] query:{"appid":"wx161f19ac48b1f2f3","attach":"\u9a6c\u62c9\u677e\u62a5\u540d","bank_type":"ABC_DEBIT","cash_fee":"6000","fee_type":"CNY","is_subscribe":"Y","mch_id":"1268067601","nonce_str":"F5E5ReRKvU6D8SFV","openid":"ouN6_s6euApGWEv501rRaa2rv83k","out_trade_no":"126806760120150927113617","result_code":"SUCCESS","return_code":"SUCCESS","return_msg":"OK","sign":"FAAE69B72848D826C6187D9B4C1E7CD7","time_end":"20150927113631","total_fee":"6000","trade_state":"SUCCESS","trade_type":"JSAPI","transaction_id":"1009080869201509271008840479"}
[2015-09-27 11:36:36][debug] call back test:订单查询成功
[2015-09-27 11:36:36][debug] call back test:未入库
[2015-09-27 11:36:36][debug] call back test sql:UPDATE pa_marathon SET ispay =1,transaction_id="1009080869201509271008840479",out_trade_no="126806760120150927113617" WHERE openid ="ouN6_s6euApGWEv501rRaa2rv83k"
[2015-09-27 11:36:36][debug] call back test:入库成功
[2015-09-27 11:36:48][debug] begin notify
[2015-09-27 11:36:48][debug] call back test:{"appid":"wx161f19ac48b1f2f3","attach":"\u9a6c\u62c9\u677e\u62a5\u540d","bank_type":"ABC_DEBIT","cash_fee":"6000","fee_type":"CNY","is_subscribe":"Y","mch_id":"1268067601","nonce_str":"fantfznqil37yt7n9v02249gtjzshqjp","openid":"ouN6_s6euApGWEv501rRaa2rv83k","out_trade_no":"126806760120150927113617","result_code":"SUCCESS","return_code":"SUCCESS","sign":"19A517425275DCAD9EC9E9FEB8B8834F","time_end":"20150927113631","total_fee":"6000","trade_type":"JSAPI","transaction_id":"1009080869201509271008840479"}
[2015-09-27 11:36:49][debug] query:{"appid":"wx161f19ac48b1f2f3","attach":"\u9a6c\u62c9\u677e\u62a5\u540d","bank_type":"ABC_DEBIT","cash_fee":"6000","fee_type":"CNY","is_subscribe":"Y","mch_id":"1268067601","nonce_str":"gLcvKYS0wsjDlwdE","openid":"ouN6_s6euApGWEv501rRaa2rv83k","out_trade_no":"126806760120150927113617","result_code":"SUCCESS","return_code":"SUCCESS","return_msg":"OK","sign":"64B84B575F30C94A2785879517454B47","time_end":"20150927113631","total_fee":"6000","trade_state":"SUCCESS","trade_type":"JSAPI","transaction_id":"1009080869201509271008840479"}
[2015-09-27 11:36:49][debug] call back test:订单查询成功
[2015-09-27 11:36:49][debug] call back test:已入库
[2015-09-27 12:09:30][debug] begin notify
[2015-09-27 12:09:30][debug] call back test:{"appid":"wx161f19ac48b1f2f3","attach":"\u9a6c\u62c9\u677e\u62a5\u540d","bank_type":"ICBC_DEBIT","cash_fee":"4000","fee_type":"CNY","is_subscribe":"Y","mch_id":"1268067601","nonce_str":"d1j11cr87ya595ljzfsfw6tg10ok12be","openid":"ouN6_swoRGrrXAnNCnJCyXGLlzkc","out_trade_no":"126806760120150927120846","result_code":"SUCCESS","return_code":"SUCCESS","sign":"FFF4CDEB4DCAE1434296ABD603C2BA44","time_end":"20150927120928","total_fee":"4000","trade_type":"JSAPI","transaction_id":"1006220869201509271009276732"}
[2015-09-27 12:09:30][debug] query:{"appid":"wx161f19ac48b1f2f3","attach":"\u9a6c\u62c9\u677e\u62a5\u540d","bank_type":"ICBC_DEBIT","cash_fee":"4000","fee_type":"CNY","is_subscribe":"Y","mch_id":"1268067601","nonce_str":"9gT8j39wgQ9ZvXSr","openid":"ouN6_swoRGrrXAnNCnJCyXGLlzkc","out_trade_no":"126806760120150927120846","result_code":"SUCCESS","return_code":"SUCCESS","return_msg":"OK","sign":"7CB17A4922B6CE0B0DE8AE8E75DC6618","time_end":"20150927120927","total_fee":"4000","trade_state":"SUCCESS","trade_type":"JSAPI","transaction_id":"1006220869201509271009276732"}
[2015-09-27 12:09:30][debug] call back test:订单查询成功
[2015-09-27 12:09:30][debug] call back test:未入库
[2015-09-27 12:09:30][debug] call back test sql:UPDATE pa_marathon SET ispay =1,transaction_id="1006220869201509271009276732",out_trade_no="126806760120150927120846" WHERE openid ="ouN6_swoRGrrXAnNCnJCyXGLlzkc"
[2015-09-27 12:09:30][debug] call back test:入库成功
[2015-09-27 12:33:13][debug] begin notify
[2015-09-27 12:33:13][debug] call back test:{"appid":"wx161f19ac48b1f2f3","attach":"\u9a6c\u62c9\u677e\u62a5\u540d","bank_type":"ICBC_DEBIT","cash_fee":"4000","fee_type":"CNY","is_subscribe":"N","mch_id":"1268067601","nonce_str":"3tb6vx67nur1b7tb472c4yeoti83bmwj","openid":"ouN6_s0mXbOBNgclz5Dz-VwxtoUI","out_trade_no":"126806760120150927123255","result_code":"SUCCESS","return_code":"SUCCESS","sign":"DD2D52857E43F25F860662BC4C53C90A","time_end":"20150927123312","total_fee":"4000","trade_type":"JSAPI","transaction_id":"1006230869201509271009597570"}
[2015-09-27 12:33:13][debug] query:{"appid":"wx161f19ac48b1f2f3","attach":"\u9a6c\u62c9\u677e\u62a5\u540d","bank_type":"ICBC_DEBIT","cash_fee":"4000","fee_type":"CNY","is_subscribe":"N","mch_id":"1268067601","nonce_str":"35gvT05vn9iI21KO","openid":"ouN6_s0mXbOBNgclz5Dz-VwxtoUI","out_trade_no":"126806760120150927123255","result_code":"SUCCESS","return_code":"SUCCESS","return_msg":"OK","sign":"C32E8DEC0B75457A1CD132C488ED95F8","time_end":"20150927123309","total_fee":"4000","trade_state":"SUCCESS","trade_type":"JSAPI","transaction_id":"1006230869201509271009597570"}
[2015-09-27 12:33:13][debug] call back test:订单查询成功
[2015-09-27 12:33:13][debug] call back test:未入库
[2015-09-27 12:33:13][debug] call back test sql:UPDATE pa_marathon SET ispay =1,transaction_id="1006230869201509271009597570",out_trade_no="126806760120150927123255" WHERE openid ="ouN6_s0mXbOBNgclz5Dz-VwxtoUI"
[2015-09-27 12:33:13][debug] call back test:入库成功
[2015-09-27 12:36:42][debug] begin notify
[2015-09-27 12:36:42][debug] call back test:{"appid":"wx161f19ac48b1f2f3","attach":"\u9a6c\u62c9\u677e\u62a5\u540d","bank_type":"ABC_DEBIT","cash_fee":"6000","fee_type":"CNY","is_subscribe":"N","mch_id":"1268067601","nonce_str":"le222fxf1l6tfk3znp93u3h3e8d7m61i","openid":"ouN6_swt6jgVStro11UQpbioGdC4","out_trade_no":"126806760120150927123242","result_code":"SUCCESS","return_code":"SUCCESS","sign":"088387C6C31BFC326FBC089ACBE8E109","time_end":"20150927123641","total_fee":"6000","trade_type":"JSAPI","transaction_id":"1003010869201509271009658121"}
[2015-09-27 12:36:59][debug] begin notify
[2015-09-27 12:36:59][debug] call back test:{"appid":"wx161f19ac48b1f2f3","attach":"\u9a6c\u62c9\u677e\u62a5\u540d","bank_type":"ABC_DEBIT","cash_fee":"6000","fee_type":"CNY","is_subscribe":"N","mch_id":"1268067601","nonce_str":"le222fxf1l6tfk3znp93u3h3e8d7m61i","openid":"ouN6_swt6jgVStro11UQpbioGdC4","out_trade_no":"126806760120150927123242","result_code":"SUCCESS","return_code":"SUCCESS","sign":"088387C6C31BFC326FBC089ACBE8E109","time_end":"20150927123641","total_fee":"6000","trade_type":"JSAPI","transaction_id":"1003010869201509271009658121"}
[2015-09-27 12:37:02][debug] query:{"appid":"wx161f19ac48b1f2f3","attach":"\u9a6c\u62c9\u677e\u62a5\u540d","bank_type":"ABC_DEBIT","cash_fee":"6000","fee_type":"CNY","is_subscribe":"Y","mch_id":"1268067601","nonce_str":"E1hCvEzVSGrlLAja","openid":"ouN6_swt6jgVStro11UQpbioGdC4","out_trade_no":"126806760120150927123242","result_code":"SUCCESS","return_code":"SUCCESS","return_msg":"OK","sign":"4BBD6CB45F02CF4A01A4CA9E3448AEC4","time_end":"20150927123640","total_fee":"6000","trade_state":"SUCCESS","trade_type":"JSAPI","transaction_id":"1003010869201509271009658121"}
[2015-09-27 12:37:02][debug] call back test:订单查询成功
[2015-09-27 12:37:02][debug] call back test:未入库
[2015-09-27 12:37:02][debug] call back test sql:UPDATE pa_marathon SET ispay =1,transaction_id="1003010869201509271009658121",out_trade_no="126806760120150927123242" WHERE openid ="ouN6_swt6jgVStro11UQpbioGdC4"
[2015-09-27 12:37:02][debug] call back test:入库成功
[2015-09-27 12:44:56][debug] begin notify
[2015-09-27 12:44:56][debug] call back test:{"appid":"wx161f19ac48b1f2f3","attach":"\u9a6c\u62c9\u677e\u62a5\u540d","bank_type":"ICBC_DEBIT","cash_fee":"4000","fee_type":"CNY","is_subscribe":"Y","mch_id":"1268067601","nonce_str":"nh3359mnx1vgsljuffnswa507pfio0qd","openid":"ouN6_s0f-U-MqNOWEUqHKHFYs9ao","out_trade_no":"126806760120150927124318","result_code":"SUCCESS","return_code":"SUCCESS","sign":"BB51D7C3A68C51324E13BB6CB4AA2743","time_end":"20150927124454","total_fee":"4000","trade_type":"JSAPI","transaction_id":"1001370869201509271009756968"}
[2015-09-27 12:44:56][debug] query:{"appid":"wx161f19ac48b1f2f3","attach":"\u9a6c\u62c9\u677e\u62a5\u540d","bank_type":"ICBC_DEBIT","cash_fee":"4000","fee_type":"CNY","is_subscribe":"Y","mch_id":"1268067601","nonce_str":"GQUXKJmkK8dUDdrr","openid":"ouN6_s0f-U-MqNOWEUqHKHFYs9ao","out_trade_no":"126806760120150927124318","result_code":"SUCCESS","return_code":"SUCCESS","return_msg":"OK","sign":"B8D251AA5A036EA804F2151523187CE5","time_end":"20150927124453","total_fee":"4000","trade_state":"SUCCESS","trade_type":"JSAPI","transaction_id":"1001370869201509271009756968"}
[2015-09-27 12:44:56][debug] call back test:订单查询成功
[2015-09-27 12:44:56][debug] call back test:未入库
[2015-09-27 12:44:56][debug] call back test sql:UPDATE pa_marathon SET ispay =1,transaction_id="1001370869201509271009756968",out_trade_no="126806760120150927124318" WHERE openid ="ouN6_s0f-U-MqNOWEUqHKHFYs9ao"
[2015-09-27 12:44:56][debug] call back test:入库成功
[2015-09-27 13:34:49][debug] begin notify
[2015-09-27 13:34:49][debug] call back test:{"appid":"wx161f19ac48b1f2f3","attach":"\u9a6c\u62c9\u677e\u62a5\u540d","bank_type":"CFT","cash_fee":"4000","fee_type":"CNY","is_subscribe":"Y","mch_id":"1268067601","nonce_str":"2zz0cckujw4jucbk04k0sun6rimceb41","openid":"ouN6_s01iJeT2-xjL0z75DCIuX4E","out_trade_no":"126806760120150927133428","result_code":"SUCCESS","return_code":"SUCCESS","sign":"600A2C4F72545439E0D6E868FEC07903","time_end":"20150927133448","total_fee":"4000","trade_type":"JSAPI","transaction_id":"1004360869201509271010419035"}
[2015-09-27 13:34:49][debug] query:{"appid":"wx161f19ac48b1f2f3","attach":"\u9a6c\u62c9\u677e\u62a5\u540d","bank_type":"CFT","cash_fee":"4000","fee_type":"CNY","is_subscribe":"Y","mch_id":"1268067601","nonce_str":"GrrddjBd8ILala04","openid":"ouN6_s01iJeT2-xjL0z75DCIuX4E","out_trade_no":"126806760120150927133428","result_code":"SUCCESS","return_code":"SUCCESS","return_msg":"OK","sign":"62C91CC389B2F529DED9B35C5CD155AB","time_end":"20150927133448","total_fee":"4000","trade_state":"SUCCESS","trade_type":"JSAPI","transaction_id":"1004360869201509271010419035"}
[2015-09-27 13:34:49][debug] call back test:订单查询成功
[2015-09-27 13:34:49][debug] call back test:未入库
[2015-09-27 13:34:49][debug] call back test sql:UPDATE pa_marathon SET ispay =1,transaction_id="1004360869201509271010419035",out_trade_no="126806760120150927133428" WHERE openid ="ouN6_s01iJeT2-xjL0z75DCIuX4E"
[2015-09-27 13:34:49][debug] call back test:入库成功
[2015-09-27 14:01:18][debug] begin notify
[2015-09-27 14:01:18][debug] call back test:{"appid":"wx161f19ac48b1f2f3","attach":"\u9a6c\u62c9\u677e\u62a5\u540d","bank_type":"CFT","cash_fee":"8000","fee_type":"CNY","is_subscribe":"N","mch_id":"1268067601","nonce_str":"qi9lag8u7osgynx2oqp0abdh3rq8j592","openid":"ouN6_s3cNLjbSRVuPdZqIxUDMtak","out_trade_no":"126806760120150927140024","result_code":"SUCCESS","return_code":"SUCCESS","sign":"F6EF690E24F32ED6B3A36F1D9EE8D7F6","time_end":"20150927140117","total_fee":"8000","trade_type":"JSAPI","transaction_id":"1009100869201509271010722672"}
[2015-09-27 14:01:18][debug] query:{"appid":"wx161f19ac48b1f2f3","attach":"\u9a6c\u62c9\u677e\u62a5\u540d","bank_type":"CFT","cash_fee":"8000","fee_type":"CNY","is_subscribe":"N","mch_id":"1268067601","nonce_str":"7zof9vxg8Gqz7zyL","openid":"ouN6_s3cNLjbSRVuPdZqIxUDMtak","out_trade_no":"126806760120150927140024","result_code":"SUCCESS","return_code":"SUCCESS","return_msg":"OK","sign":"B47FC50D1A7016ED817EA96766247A62","time_end":"20150927140117","total_fee":"8000","trade_state":"SUCCESS","trade_type":"JSAPI","transaction_id":"1009100869201509271010722672"}
[2015-09-27 14:01:18][debug] call back test:订单查询成功
[2015-09-27 14:01:18][debug] call back test:未入库
[2015-09-27 14:01:18][debug] call back test sql:UPDATE pa_marathon SET ispay =1,transaction_id="1009100869201509271010722672",out_trade_no="126806760120150927140024" WHERE openid ="ouN6_s3cNLjbSRVuPdZqIxUDMtak"
[2015-09-27 14:01:18][debug] call back test:入库成功
[2015-09-27 14:46:02][debug] begin notify
[2015-09-27 14:46:02][debug] call back test:{"appid":"wx161f19ac48b1f2f3","attach":"\u9a6c\u62c9\u677e\u62a5\u540d","bank_type":"CMB_CREDIT","cash_fee":"4000","fee_type":"CNY","is_subscribe":"Y","mch_id":"1268067601","nonce_str":"mwn338drq5j8w33rwgwvbwqoxp28i88q","openid":"ouN6_s3kdAPUNYQ_aOxvocdHlq7Q","out_trade_no":"126806760120150927144452","result_code":"SUCCESS","return_code":"SUCCESS","sign":"A6F42F2EFBDF22827F982B6FC940F987","time_end":"20150927144602","total_fee":"4000","trade_type":"JSAPI","transaction_id":"1004870869201509271011203280"}
[2015-09-27 14:46:02][debug] query:{"appid":"wx161f19ac48b1f2f3","attach":"\u9a6c\u62c9\u677e\u62a5\u540d","bank_type":"CMB_CREDIT","cash_fee":"4000","fee_type":"CNY","is_subscribe":"Y","mch_id":"1268067601","nonce_str":"mY2KmZoJy9bR9QeH","openid":"ouN6_s3kdAPUNYQ_aOxvocdHlq7Q","out_trade_no":"126806760120150927144452","result_code":"SUCCESS","return_code":"SUCCESS","return_msg":"OK","sign":"17F47DC1AD738A51E0D7EB4C17382781","time_end":"20150927144601","total_fee":"4000","trade_state":"SUCCESS","trade_type":"JSAPI","transaction_id":"1004870869201509271011203280"}
[2015-09-27 14:46:02][debug] call back test:订单查询成功
[2015-09-27 14:46:02][debug] call back test:未入库
[2015-09-27 14:46:02][debug] call back test sql:UPDATE pa_marathon SET ispay =1,transaction_id="1004870869201509271011203280",out_trade_no="126806760120150927144452" WHERE openid ="ouN6_s3kdAPUNYQ_aOxvocdHlq7Q"
[2015-09-27 14:46:02][debug] call back test:入库成功
[2015-09-27 16:06:50][debug] begin notify
[2015-09-27 16:06:50][debug] call back test:{"appid":"wx161f19ac48b1f2f3","attach":"\u9a6c\u62c9\u677e\u62a5\u540d","bank_type":"GDB_CREDIT","cash_fee":"6000","fee_type":"CNY","is_subscribe":"Y","mch_id":"1268067601","nonce_str":"0uo59xrx1vcwy5qajgdj5ah803dx7bp9","openid":"ouN6_s5VMas8eP_aPtpY0n6hjcu0","out_trade_no":"126806760120150927160518","result_code":"SUCCESS","return_code":"SUCCESS","sign":"59429491D29AAB991DC6E769FC121C7C","time_end":"20150927160648","total_fee":"6000","trade_type":"JSAPI","transaction_id":"1001130869201509271012005307"}
[2015-09-27 16:06:50][debug] query:{"appid":"wx161f19ac48b1f2f3","attach":"\u9a6c\u62c9\u677e\u62a5\u540d","bank_type":"GDB_CREDIT","cash_fee":"6000","fee_type":"CNY","is_subscribe":"Y","mch_id":"1268067601","nonce_str":"GZLEcRpeSWgH8m6D","openid":"ouN6_s5VMas8eP_aPtpY0n6hjcu0","out_trade_no":"126806760120150927160518","result_code":"SUCCESS","return_code":"SUCCESS","return_msg":"OK","sign":"A5E141D236477E6F1814ABEFA5642551","time_end":"20150927160644","total_fee":"6000","trade_state":"SUCCESS","trade_type":"JSAPI","transaction_id":"1001130869201509271012005307"}
[2015-09-27 16:06:50][debug] call back test:订单查询成功
[2015-09-27 16:06:50][debug] call back test:未入库
[2015-09-27 16:06:50][debug] call back test sql:UPDATE pa_marathon SET ispay =1,transaction_id="1001130869201509271012005307",out_trade_no="126806760120150927160518" WHERE openid ="ouN6_s5VMas8eP_aPtpY0n6hjcu0"
[2015-09-27 16:06:50][debug] call back test:入库成功
[2015-09-27 16:07:31][debug] begin notify
[2015-09-27 16:07:31][debug] call back test:{"appid":"wx161f19ac48b1f2f3","attach":"\u9a6c\u62c9\u677e\u62a5\u540d","bank_type":"CCB_DEBIT","cash_fee":"6000","fee_type":"CNY","is_subscribe":"N","mch_id":"1268067601","nonce_str":"i5a2qzw84r4l9qjk6gic8ti29hlg3jft","openid":"ouN6_syKJWnTX7wvO9HkSRN74zXs","out_trade_no":"126806760120150927160624","result_code":"SUCCESS","return_code":"SUCCESS","sign":"382CAF4AEC5B1E2F03E5590B05EC1CCF","time_end":"20150927160730","total_fee":"6000","trade_type":"JSAPI","transaction_id":"1008510869201509271012001363"}
[2015-09-27 16:07:36][debug] query:{"appid":"wx161f19ac48b1f2f3","attach":"\u9a6c\u62c9\u677e\u62a5\u540d","bank_type":"CCB_DEBIT","cash_fee":"6000","fee_type":"CNY","is_subscribe":"N","mch_id":"1268067601","nonce_str":"fshcQURRevXu9ZaD","openid":"ouN6_syKJWnTX7wvO9HkSRN74zXs","out_trade_no":"126806760120150927160624","result_code":"SUCCESS","return_code":"SUCCESS","return_msg":"OK","sign":"4A26D29D59D6BC0C9008D5738B9FEF4F","time_end":"20150927160730","total_fee":"6000","trade_state":"SUCCESS","trade_type":"JSAPI","transaction_id":"1008510869201509271012001363"}
[2015-09-27 16:07:36][debug] call back test:订单查询成功
[2015-09-27 16:07:36][debug] call back test:未入库
[2015-09-27 16:07:36][debug] call back test sql:UPDATE pa_marathon SET ispay =1,transaction_id="1008510869201509271012001363",out_trade_no="126806760120150927160624" WHERE openid ="ouN6_syKJWnTX7wvO9HkSRN74zXs"
[2015-09-27 16:07:36][debug] call back test:入库成功
[2015-09-27 16:07:47][debug] begin notify
[2015-09-27 16:07:47][debug] call back test:{"appid":"wx161f19ac48b1f2f3","attach":"\u9a6c\u62c9\u677e\u62a5\u540d","bank_type":"CCB_DEBIT","cash_fee":"6000","fee_type":"CNY","is_subscribe":"N","mch_id":"1268067601","nonce_str":"i5a2qzw84r4l9qjk6gic8ti29hlg3jft","openid":"ouN6_syKJWnTX7wvO9HkSRN74zXs","out_trade_no":"126806760120150927160624","result_code":"SUCCESS","return_code":"SUCCESS","sign":"382CAF4AEC5B1E2F03E5590B05EC1CCF","time_end":"20150927160730","total_fee":"6000","trade_type":"JSAPI","transaction_id":"1008510869201509271012001363"}
[2015-09-27 16:07:48][debug] query:{"appid":"wx161f19ac48b1f2f3","attach":"\u9a6c\u62c9\u677e\u62a5\u540d","bank_type":"CCB_DEBIT","cash_fee":"6000","fee_type":"CNY","is_subscribe":"Y","mch_id":"1268067601","nonce_str":"vW9H13xCwVDPV7WV","openid":"ouN6_syKJWnTX7wvO9HkSRN74zXs","out_trade_no":"126806760120150927160624","result_code":"SUCCESS","return_code":"SUCCESS","return_msg":"OK","sign":"103371FEB809ACA0F6B781FBF7D1351D","time_end":"20150927160730","total_fee":"6000","trade_state":"SUCCESS","trade_type":"JSAPI","transaction_id":"1008510869201509271012001363"}
[2015-09-27 16:07:48][debug] call back test:订单查询成功
[2015-09-27 16:07:48][debug] call back test:已入库
[2015-09-27 16:13:01][debug] begin notify
[2015-09-27 16:13:01][debug] call back test:{"appid":"wx161f19ac48b1f2f3","attach":"\u9a6c\u62c9\u677e\u62a5\u540d","bank_type":"GDB_CREDIT","cash_fee":"6000","fee_type":"CNY","is_subscribe":"Y","mch_id":"1268067601","nonce_str":"nuewf9d5llnmcvtzeobuehslith2cvi9","openid":"ouN6_s5VMas8eP_aPtpY0n6hjcu0","out_trade_no":"126806760120150927161154","result_code":"SUCCESS","return_code":"SUCCESS","sign":"EA118C0C6845D2C73EF0EFA6D7BBA5BE","time_end":"20150927161301","total_fee":"6000","trade_type":"JSAPI","transaction_id":"1001130869201509271012055186"}
[2015-09-27 16:13:05][debug] query:{"appid":"wx161f19ac48b1f2f3","attach":"\u9a6c\u62c9\u677e\u62a5\u540d","bank_type":"GDB_CREDIT","cash_fee":"6000","fee_type":"CNY","is_subscribe":"Y","mch_id":"1268067601","nonce_str":"vxre0kQ0Zi79w5Fo","openid":"ouN6_s5VMas8eP_aPtpY0n6hjcu0","out_trade_no":"126806760120150927161154","result_code":"SUCCESS","return_code":"SUCCESS","return_msg":"OK","sign":"3BFB37C33E79F37029F00F0C0676EB3D","time_end":"20150927161259","total_fee":"6000","trade_state":"SUCCESS","trade_type":"JSAPI","transaction_id":"1001130869201509271012055186"}
[2015-09-27 16:13:05][debug] call back test:订单查询成功
[2015-09-27 16:13:05][debug] call back test:未入库
[2015-09-27 16:13:05][debug] call back test sql:UPDATE pa_marathon SET ispay =1,transaction_id="1001130869201509271012055186",out_trade_no="126806760120150927161154" WHERE openid ="ouN6_s5VMas8eP_aPtpY0n6hjcu0"
[2015-09-27 16:13:05][debug] call back test:入库成功
[2015-09-27 16:13:17][debug] begin notify
[2015-09-27 16:13:17][debug] call back test:{"appid":"wx161f19ac48b1f2f3","attach":"\u9a6c\u62c9\u677e\u62a5\u540d","bank_type":"GDB_CREDIT","cash_fee":"6000","fee_type":"CNY","is_subscribe":"Y","mch_id":"1268067601","nonce_str":"nuewf9d5llnmcvtzeobuehslith2cvi9","openid":"ouN6_s5VMas8eP_aPtpY0n6hjcu0","out_trade_no":"126806760120150927161154","result_code":"SUCCESS","return_code":"SUCCESS","sign":"EA118C0C6845D2C73EF0EFA6D7BBA5BE","time_end":"20150927161301","total_fee":"6000","trade_type":"JSAPI","transaction_id":"1001130869201509271012055186"}
[2015-09-27 16:13:17][debug] query:{"appid":"wx161f19ac48b1f2f3","attach":"\u9a6c\u62c9\u677e\u62a5\u540d","bank_type":"GDB_CREDIT","cash_fee":"6000","fee_type":"CNY","is_subscribe":"Y","mch_id":"1268067601","nonce_str":"vuHgyOIofKUPHaZH","openid":"ouN6_s5VMas8eP_aPtpY0n6hjcu0","out_trade_no":"126806760120150927161154","result_code":"SUCCESS","return_code":"SUCCESS","return_msg":"OK","sign":"EB9C4C97A7FE002C779017352837C091","time_end":"20150927161259","total_fee":"6000","trade_state":"SUCCESS","trade_type":"JSAPI","transaction_id":"1001130869201509271012055186"}
[2015-09-27 16:13:17][debug] call back test:订单查询成功
[2015-09-27 16:13:18][debug] call back test:已入库
[2015-09-27 17:34:40][debug] begin notify
[2015-09-27 17:34:40][debug] call back test:{"appid":"wx161f19ac48b1f2f3","attach":"\u9a6c\u62c9\u677e\u62a5\u540d","bank_type":"ABC_DEBIT","cash_fee":"6000","fee_type":"CNY","is_subscribe":"N","mch_id":"1268067601","nonce_str":"crt9kgprtc1hizfcfovnocz5d9i8yacz","openid":"ouN6_s8JNrqbJjUkczIyGD0F2Q28","out_trade_no":"126806760120150927172858","result_code":"SUCCESS","return_code":"SUCCESS","sign":"7284EF04AB00EE8E2801D8234E52AD7D","time_end":"20150927173439","total_fee":"6000","trade_type":"JSAPI","transaction_id":"1005610869201509271012870963"}
[2015-09-27 17:34:56][debug] begin notify
[2015-09-27 17:34:56][debug] call back test:{"appid":"wx161f19ac48b1f2f3","attach":"\u9a6c\u62c9\u677e\u62a5\u540d","bank_type":"ABC_DEBIT","cash_fee":"6000","fee_type":"CNY","is_subscribe":"N","mch_id":"1268067601","nonce_str":"crt9kgprtc1hizfcfovnocz5d9i8yacz","openid":"ouN6_s8JNrqbJjUkczIyGD0F2Q28","out_trade_no":"126806760120150927172858","result_code":"SUCCESS","return_code":"SUCCESS","sign":"7284EF04AB00EE8E2801D8234E52AD7D","time_end":"20150927173439","total_fee":"6000","trade_type":"JSAPI","transaction_id":"1005610869201509271012870963"}
[2015-09-27 17:35:18][debug] begin notify
[2015-09-27 17:35:18][debug] call back test:{"appid":"wx161f19ac48b1f2f3","attach":"\u9a6c\u62c9\u677e\u62a5\u540d","bank_type":"ABC_DEBIT","cash_fee":"6000","fee_type":"CNY","is_subscribe":"N","mch_id":"1268067601","nonce_str":"crt9kgprtc1hizfcfovnocz5d9i8yacz","openid":"ouN6_s8JNrqbJjUkczIyGD0F2Q28","out_trade_no":"126806760120150927172858","result_code":"SUCCESS","return_code":"SUCCESS","sign":"7284EF04AB00EE8E2801D8234E52AD7D","time_end":"20150927173439","total_fee":"6000","trade_type":"JSAPI","transaction_id":"1005610869201509271012870963"}
[2015-09-27 17:35:20][debug] query:{"appid":"wx161f19ac48b1f2f3","attach":"\u9a6c\u62c9\u677e\u62a5\u540d","bank_type":"ABC_DEBIT","cash_fee":"6000","fee_type":"CNY","is_subscribe":"Y","mch_id":"1268067601","nonce_str":"dxv94vBFTyUU8OdZ","openid":"ouN6_s8JNrqbJjUkczIyGD0F2Q28","out_trade_no":"126806760120150927172858","result_code":"SUCCESS","return_code":"SUCCESS","return_msg":"OK","sign":"758E86388B857A363B11F006F9D666E0","time_end":"20150927173438","total_fee":"6000","trade_state":"SUCCESS","trade_type":"JSAPI","transaction_id":"1005610869201509271012870963"}
[2015-09-27 17:35:21][debug] call back test:订单查询成功
[2015-09-27 17:35:21][debug] call back test:未入库
[2015-09-27 17:35:21][debug] call back test sql:UPDATE pa_marathon SET ispay =1,transaction_id="1005610869201509271012870963",out_trade_no="126806760120150927172858" WHERE openid ="ouN6_s8JNrqbJjUkczIyGD0F2Q28"
[2015-09-27 17:35:21][debug] call back test:入库成功
[2015-09-27 18:04:20][debug] begin notify
[2015-09-27 18:04:20][debug] call back test:{"appid":"wx161f19ac48b1f2f3","attach":"\u9a6c\u62c9\u677e\u62a5\u540d","bank_type":"CFT","cash_fee":"8000","fee_type":"CNY","is_subscribe":"Y","mch_id":"1268067601","nonce_str":"awux8vo9dz9q9ururnbrrsumt8x5spiq","openid":"ouN6_s_dBN1gSHHsua4i6YVEVChM","out_trade_no":"126806760120150927180354","result_code":"SUCCESS","return_code":"SUCCESS","sign":"25FD34AE18F2BE0A77C3AED189B10CCE","time_end":"20150927180418","total_fee":"8000","trade_type":"JSAPI","transaction_id":"1003030869201509271013267706"}
[2015-09-27 18:04:20][debug] query:{"appid":"wx161f19ac48b1f2f3","attach":"\u9a6c\u62c9\u677e\u62a5\u540d","bank_type":"CFT","cash_fee":"8000","fee_type":"CNY","is_subscribe":"Y","mch_id":"1268067601","nonce_str":"lYlvjxqcIBkvEi6n","openid":"ouN6_s_dBN1gSHHsua4i6YVEVChM","out_trade_no":"126806760120150927180354","result_code":"SUCCESS","return_code":"SUCCESS","return_msg":"OK","sign":"C67834DD88A465D4993E9EAF276F3EA2","time_end":"20150927180418","total_fee":"8000","trade_state":"SUCCESS","trade_type":"JSAPI","transaction_id":"1003030869201509271013267706"}
[2015-09-27 18:04:20][debug] call back test:订单查询成功
[2015-09-27 18:04:20][debug] call back test:未入库
[2015-09-27 18:04:20][debug] call back test sql:UPDATE pa_marathon SET ispay =1,transaction_id="1003030869201509271013267706",out_trade_no="126806760120150927180354" WHERE openid ="ouN6_s_dBN1gSHHsua4i6YVEVChM"
[2015-09-27 18:04:20][debug] call back test:入库成功
[2015-09-27 18:04:42][debug] begin notify
[2015-09-27 18:04:42][debug] call back test:{"appid":"wx161f19ac48b1f2f3","attach":"\u9a6c\u62c9\u677e\u62a5\u540d","bank_type":"CFT","cash_fee":"6000","fee_type":"CNY","is_subscribe":"Y","mch_id":"1268067601","nonce_str":"5xaph7o7kedjl59svhaqjgxwaub1igkg","openid":"ouN6_syAU5nXiIazdh5I5ZvpgX5g","out_trade_no":"126806760120150927180341","result_code":"SUCCESS","return_code":"SUCCESS","sign":"6B222668AC30D26ABE28DFAC2B2EF07B","time_end":"20150927180440","total_fee":"6000","trade_type":"JSAPI","transaction_id":"1005200869201509271013261395"}
[2015-09-27 18:04:43][debug] query:{"appid":"wx161f19ac48b1f2f3","attach":"\u9a6c\u62c9\u677e\u62a5\u540d","bank_type":"CFT","cash_fee":"6000","fee_type":"CNY","is_subscribe":"Y","mch_id":"1268067601","nonce_str":"v3ke1bTl6ibwtAIG","openid":"ouN6_syAU5nXiIazdh5I5ZvpgX5g","out_trade_no":"126806760120150927180341","result_code":"SUCCESS","return_code":"SUCCESS","return_msg":"OK","sign":"39C8B20F1F36E2A37A80269CC174B2E3","time_end":"20150927180440","total_fee":"6000","trade_state":"SUCCESS","trade_type":"JSAPI","transaction_id":"1005200869201509271013261395"}
[2015-09-27 18:04:43][debug] call back test:订单查询成功
[2015-09-27 18:04:43][debug] call back test:未入库
[2015-09-27 18:04:43][debug] call back test sql:UPDATE pa_marathon SET ispay =1,transaction_id="1005200869201509271013261395",out_trade_no="126806760120150927180341" WHERE openid ="ouN6_syAU5nXiIazdh5I5ZvpgX5g"
[2015-09-27 18:04:43][debug] call back test:入库成功
[2015-09-27 18:19:28][debug] begin notify
[2015-09-27 18:19:28][debug] call back test:{"appid":"wx161f19ac48b1f2f3","attach":"\u9a6c\u62c9\u677e\u62a5\u540d","bank_type":"COMM_DEBIT","cash_fee":"8000","fee_type":"CNY","is_subscribe":"Y","mch_id":"1268067601","nonce_str":"odo5fg3eng1mfsdzbl056s4co6e7sxt6","openid":"ouN6_s3C7aSS6nhak4UPeCqjSvtI","out_trade_no":"126806760120150927181749","result_code":"SUCCESS","return_code":"SUCCESS","sign":"B1D3D7488914101ECCB1B4293156FC46","time_end":"20150927181927","total_fee":"8000","trade_type":"JSAPI","transaction_id":"1008320869201509271013430349"}
[2015-09-27 18:19:28][debug] query:{"appid":"wx161f19ac48b1f2f3","attach":"\u9a6c\u62c9\u677e\u62a5\u540d","bank_type":"COMM_DEBIT","cash_fee":"8000","fee_type":"CNY","is_subscribe":"Y","mch_id":"1268067601","nonce_str":"GWqdJFEacbyjYZcO","openid":"ouN6_s3C7aSS6nhak4UPeCqjSvtI","out_trade_no":"126806760120150927181749","result_code":"SUCCESS","return_code":"SUCCESS","return_msg":"OK","sign":"CCE15EB524DB8ED87DCDD3FFB8745F7B","time_end":"20150927181926","total_fee":"8000","trade_state":"SUCCESS","trade_type":"JSAPI","transaction_id":"1008320869201509271013430349"}
[2015-09-27 18:19:28][debug] call back test:订单查询成功
[2015-09-27 18:19:28][debug] call back test:未入库
[2015-09-27 18:19:28][debug] call back test sql:UPDATE pa_marathon SET ispay =1,transaction_id="1008320869201509271013430349",out_trade_no="126806760120150927181749" WHERE openid ="ouN6_s3C7aSS6nhak4UPeCqjSvtI"
[2015-09-27 18:19:28][debug] call back test:入库成功
[2015-09-27 21:00:01][debug] begin notify
[2015-09-27 21:00:01][debug] call back test:{"appid":"wx161f19ac48b1f2f3","attach":"\u9a6c\u62c9\u677e\u62a5\u540d","bank_type":"ZJTLCB_DEBIT","cash_fee":"6000","fee_type":"CNY","is_subscribe":"Y","mch_id":"1268067601","nonce_str":"ywrx9d73a0fd7eizy4j2g5sxt04z88ft","openid":"ouN6_swln6zivuzPntwXfY7YMqdU","out_trade_no":"126806760120150927205936","result_code":"SUCCESS","return_code":"SUCCESS","sign":"A88B0BBF0581E206E5BF7FF4C03A0050","time_end":"20150927210000","total_fee":"6000","trade_type":"JSAPI","transaction_id":"1005280869201509271015143752"}
[2015-09-27 21:00:02][debug] query:{"appid":"wx161f19ac48b1f2f3","attach":"\u9a6c\u62c9\u677e\u62a5\u540d","bank_type":"ZJTLCB_DEBIT","cash_fee":"6000","fee_type":"CNY","is_subscribe":"Y","mch_id":"1268067601","nonce_str":"csfpPqeNkg4wyqbr","openid":"ouN6_swln6zivuzPntwXfY7YMqdU","out_trade_no":"126806760120150927205936","result_code":"SUCCESS","return_code":"SUCCESS","return_msg":"OK","sign":"7C9A2BDD1B067CB6712A62DF9F0451D3","time_end":"20150927205959","total_fee":"6000","trade_state":"SUCCESS","trade_type":"JSAPI","transaction_id":"1005280869201509271015143752"}
[2015-09-27 21:00:02][debug] call back test:订单查询成功
[2015-09-27 21:00:02][debug] call back test:未入库
[2015-09-27 21:00:02][debug] call back test sql:UPDATE pa_marathon SET ispay =1,transaction_id="1005280869201509271015143752",out_trade_no="126806760120150927205936" WHERE openid ="ouN6_swln6zivuzPntwXfY7YMqdU"
[2015-09-27 21:00:02][debug] call back test:入库成功
[2015-09-27 21:28:55][debug] begin notify
[2015-09-27 21:28:55][debug] call back test:{"appid":"wx161f19ac48b1f2f3","attach":"\u9a6c\u62c9\u677e\u62a5\u540d","bank_type":"ICBC_DEBIT","cash_fee":"4000","fee_type":"CNY","is_subscribe":"Y","mch_id":"1268067601","nonce_str":"28r6mx7sxov02frcfwtu7moa7yr7fvqh","openid":"ouN6_s7lbFd-m5A6qTPmkDcccFU4","out_trade_no":"126806760120150927212545","result_code":"SUCCESS","return_code":"SUCCESS","sign":"6F61D709EADE2CE836B0C525F1D13D49","time_end":"20150927212854","total_fee":"4000","trade_type":"JSAPI","transaction_id":"1008370869201509271015410595"}
[2015-09-27 21:29:12][debug] begin notify
[2015-09-27 21:29:12][debug] call back test:{"appid":"wx161f19ac48b1f2f3","attach":"\u9a6c\u62c9\u677e\u62a5\u540d","bank_type":"ICBC_DEBIT","cash_fee":"4000","fee_type":"CNY","is_subscribe":"Y","mch_id":"1268067601","nonce_str":"28r6mx7sxov02frcfwtu7moa7yr7fvqh","openid":"ouN6_s7lbFd-m5A6qTPmkDcccFU4","out_trade_no":"126806760120150927212545","result_code":"SUCCESS","return_code":"SUCCESS","sign":"6F61D709EADE2CE836B0C525F1D13D49","time_end":"20150927212854","total_fee":"4000","trade_type":"JSAPI","transaction_id":"1008370869201509271015410595"}
[2015-09-27 21:29:17][debug] query:{"appid":"wx161f19ac48b1f2f3","attach":"\u9a6c\u62c9\u677e\u62a5\u540d","bank_type":"ICBC_DEBIT","cash_fee":"4000","fee_type":"CNY","is_subscribe":"Y","mch_id":"1268067601","nonce_str":"xy8znuAjvnOQMEhJ","openid":"ouN6_s7lbFd-m5A6qTPmkDcccFU4","out_trade_no":"126806760120150927212545","result_code":"SUCCESS","return_code":"SUCCESS","return_msg":"OK","sign":"12B12D5F6E135ECD6F8ACEBC3B20D516","time_end":"20150927212853","total_fee":"4000","trade_state":"SUCCESS","trade_type":"JSAPI","transaction_id":"1008370869201509271015410595"}
[2015-09-27 21:29:17][debug] call back test:订单查询成功
[2015-09-27 21:29:17][debug] call back test:未入库
[2015-09-27 21:29:17][debug] call back test sql:UPDATE pa_marathon SET ispay =1,transaction_id="1008370869201509271015410595",out_trade_no="126806760120150927212545" WHERE openid ="ouN6_s7lbFd-m5A6qTPmkDcccFU4"
[2015-09-27 21:29:17][debug] call back test:入库成功
[2015-09-27 21:29:33][debug] begin notify
[2015-09-27 21:29:33][debug] call back test:{"appid":"wx161f19ac48b1f2f3","attach":"\u9a6c\u62c9\u677e\u62a5\u540d","bank_type":"ICBC_DEBIT","cash_fee":"4000","fee_type":"CNY","is_subscribe":"Y","mch_id":"1268067601","nonce_str":"28r6mx7sxov02frcfwtu7moa7yr7fvqh","openid":"ouN6_s7lbFd-m5A6qTPmkDcccFU4","out_trade_no":"126806760120150927212545","result_code":"SUCCESS","return_code":"SUCCESS","sign":"6F61D709EADE2CE836B0C525F1D13D49","time_end":"20150927212854","total_fee":"4000","trade_type":"JSAPI","transaction_id":"1008370869201509271015410595"}
[2015-09-27 21:29:33][debug] query:{"appid":"wx161f19ac48b1f2f3","attach":"\u9a6c\u62c9\u677e\u62a5\u540d","bank_type":"ICBC_DEBIT","cash_fee":"4000","fee_type":"CNY","is_subscribe":"Y","mch_id":"1268067601","nonce_str":"i3YDDrL8mQxvDwZU","openid":"ouN6_s7lbFd-m5A6qTPmkDcccFU4","out_trade_no":"126806760120150927212545","result_code":"SUCCESS","return_code":"SUCCESS","return_msg":"OK","sign":"D0A254C0C8F33B70A1289ECCD48C5476","time_end":"20150927212853","total_fee":"4000","trade_state":"SUCCESS","trade_type":"JSAPI","transaction_id":"1008370869201509271015410595"}
[2015-09-27 21:29:33][debug] call back test:订单查询成功
[2015-09-27 21:29:33][debug] call back test:已入库
[2015-09-27 21:50:16][debug] begin notify
[2015-09-27 21:50:16][debug] call back test:{"appid":"wx161f19ac48b1f2f3","attach":"\u9a6c\u62c9\u677e\u62a5\u540d","bank_type":"CFT","cash_fee":"6000","fee_type":"CNY","is_subscribe":"Y","mch_id":"1268067601","nonce_str":"d5mk7gwmo1cpbdc1wavw1b3lo0vwn2qw","openid":"ouN6_s-l9wSjFLRpHbx5tg9GQ_mY","out_trade_no":"126806760120150927214828","result_code":"SUCCESS","return_code":"SUCCESS","sign":"E5E7FB6776C653C600F70AFE1CF7D221","time_end":"20150927215016","total_fee":"6000","trade_type":"JSAPI","transaction_id":"1008030869201509271015614060"}
[2015-09-27 21:50:17][debug] query:{"appid":"wx161f19ac48b1f2f3","attach":"\u9a6c\u62c9\u677e\u62a5\u540d","bank_type":"CFT","cash_fee":"6000","fee_type":"CNY","is_subscribe":"Y","mch_id":"1268067601","nonce_str":"DZC3k571phwEEQ61","openid":"ouN6_s-l9wSjFLRpHbx5tg9GQ_mY","out_trade_no":"126806760120150927214828","result_code":"SUCCESS","return_code":"SUCCESS","return_msg":"OK","sign":"44934289B42D9568C749D2B133640718","time_end":"20150927215015","total_fee":"6000","trade_state":"SUCCESS","trade_type":"JSAPI","transaction_id":"1008030869201509271015614060"}
[2015-09-27 21:50:17][debug] call back test:订单查询成功
[2015-09-27 21:50:17][debug] call back test:未入库
[2015-09-27 21:50:17][debug] call back test sql:UPDATE pa_marathon SET ispay =1,transaction_id="1008030869201509271015614060",out_trade_no="126806760120150927214828" WHERE openid ="ouN6_s-l9wSjFLRpHbx5tg9GQ_mY"
[2015-09-27 21:50:17][debug] call back test:入库成功
[2015-09-27 21:59:48][debug] begin notify
[2015-09-27 21:59:48][debug] call back test:{"appid":"wx161f19ac48b1f2f3","attach":"\u9a6c\u62c9\u677e\u62a5\u540d","bank_type":"ICBC_DEBIT","cash_fee":"6000","fee_type":"CNY","is_subscribe":"Y","mch_id":"1268067601","nonce_str":"tjuexssc0ry0d0s5pcnw03g1xey7n23p","openid":"ouN6_s61gBfOr8vwGL5WIVP51ZUs","out_trade_no":"126806760120150927215838","result_code":"SUCCESS","return_code":"SUCCESS","sign":"4A6E778D40FB0E1908F20186ADD17F18","time_end":"20150927215946","total_fee":"6000","trade_type":"JSAPI","transaction_id":"1006270869201509271015673571"}
[2015-09-27 21:59:48][debug] query:{"appid":"wx161f19ac48b1f2f3","attach":"\u9a6c\u62c9\u677e\u62a5\u540d","bank_type":"ICBC_DEBIT","cash_fee":"6000","fee_type":"CNY","is_subscribe":"Y","mch_id":"1268067601","nonce_str":"D39EzIz2uyeUSIha","openid":"ouN6_s61gBfOr8vwGL5WIVP51ZUs","out_trade_no":"126806760120150927215838","result_code":"SUCCESS","return_code":"SUCCESS","return_msg":"OK","sign":"901CF17BCA7C0467552A365E50DB81E3","time_end":"20150927215942","total_fee":"6000","trade_state":"SUCCESS","trade_type":"JSAPI","transaction_id":"1006270869201509271015673571"}
[2015-09-27 21:59:48][debug] call back test:订单查询成功
[2015-09-27 21:59:48][debug] call back test:未入库
[2015-09-27 21:59:48][debug] call back test sql:UPDATE pa_marathon SET ispay =1,transaction_id="1006270869201509271015673571",out_trade_no="126806760120150927215838" WHERE openid ="ouN6_s61gBfOr8vwGL5WIVP51ZUs"
[2015-09-27 21:59:49][debug] call back test:入库成功
[2015-09-27 22:03:58][debug] begin notify
[2015-09-27 22:03:58][debug] call back test:{"appid":"wx161f19ac48b1f2f3","attach":"\u9a6c\u62c9\u677e\u62a5\u540d","bank_type":"CMB_CREDIT","cash_fee":"4000","fee_type":"CNY","is_subscribe":"N","mch_id":"1268067601","nonce_str":"kq9a38ntk1klp1pq7wnffjr8p8f469p0","openid":"ouN6_s0RYDKoa6kOOLWwGQa60NXc","out_trade_no":"126806760120150927220335","result_code":"SUCCESS","return_code":"SUCCESS","sign":"99F79A0C511765C1FD72EED19EFF9A05","time_end":"20150927220357","total_fee":"4000","trade_type":"JSAPI","transaction_id":"1006990869201509271015708997"}
[2015-09-27 22:03:58][debug] query:{"appid":"wx161f19ac48b1f2f3","attach":"\u9a6c\u62c9\u677e\u62a5\u540d","bank_type":"CMB_CREDIT","cash_fee":"4000","fee_type":"CNY","is_subscribe":"N","mch_id":"1268067601","nonce_str":"oPUSzFQMNhixyG2n","openid":"ouN6_s0RYDKoa6kOOLWwGQa60NXc","out_trade_no":"126806760120150927220335","result_code":"SUCCESS","return_code":"SUCCESS","return_msg":"OK","sign":"386E596D2EF14E53034DFA5CE99B9120","time_end":"20150927220356","total_fee":"4000","trade_state":"SUCCESS","trade_type":"JSAPI","transaction_id":"1006990869201509271015708997"}
[2015-09-27 22:03:58][debug] call back test:订单查询成功
[2015-09-27 22:03:58][debug] call back test:未入库
[2015-09-27 22:03:58][debug] call back test sql:UPDATE pa_marathon SET ispay =1,transaction_id="1006990869201509271015708997",out_trade_no="126806760120150927220335" WHERE openid ="ouN6_s0RYDKoa6kOOLWwGQa60NXc"
[2015-09-27 22:03:58][debug] call back test:入库成功
[2015-09-27 23:06:22][debug] begin notify
[2015-09-27 23:06:22][debug] call back test:{"appid":"wx161f19ac48b1f2f3","attach":"\u9a6c\u62c9\u677e\u62a5\u540d","bank_type":"CFT","cash_fee":"6000","fee_type":"CNY","is_subscribe":"Y","mch_id":"1268067601","nonce_str":"bfgsg70elbarlu2sfih6o1gur1g7ccjk","openid":"ouN6_s8iGP9ui4E5NDdO-_9xofi8","out_trade_no":"126806760120150927230555","result_code":"SUCCESS","return_code":"SUCCESS","sign":"BFA8E6A3B8A066081D959C9E00F79AFC","time_end":"20150927230621","total_fee":"6000","trade_type":"JSAPI","transaction_id":"1008820869201509271016151189"}
[2015-09-27 23:06:22][debug] query:{"appid":"wx161f19ac48b1f2f3","attach":"\u9a6c\u62c9\u677e\u62a5\u540d","bank_type":"CFT","cash_fee":"6000","fee_type":"CNY","is_subscribe":"Y","mch_id":"1268067601","nonce_str":"wiwzXykIZdZxRrUQ","openid":"ouN6_s8iGP9ui4E5NDdO-_9xofi8","out_trade_no":"126806760120150927230555","result_code":"SUCCESS","return_code":"SUCCESS","return_msg":"OK","sign":"AA857C7128D0BD466D25839D878A68CA","time_end":"20150927230621","total_fee":"6000","trade_state":"SUCCESS","trade_type":"JSAPI","transaction_id":"1008820869201509271016151189"}
[2015-09-27 23:06:22][debug] call back test:订单查询成功
[2015-09-27 23:06:22][debug] call back test:未入库
[2015-09-27 23:06:22][debug] call back test sql:UPDATE pa_marathon SET ispay =1,transaction_id="1008820869201509271016151189",out_trade_no="126806760120150927230555" WHERE openid ="ouN6_s8iGP9ui4E5NDdO-_9xofi8"
[2015-09-27 23:06:22][debug] call back test:入库成功
[2015-09-27 23:10:30][debug] begin notify
[2015-09-27 23:10:30][debug] call back test:{"appid":"wx161f19ac48b1f2f3","attach":"\u9a6c\u62c9\u677e\u62a5\u540d","bank_type":"CFT","cash_fee":"6000","fee_type":"CNY","is_subscribe":"Y","mch_id":"1268067601","nonce_str":"lm014oa43xi4rc50jkkaxf7pjsz0jlh2","openid":"ouN6_s9XOo7KHY8HNhZn_rvDd-II","out_trade_no":"126806760120150927231005","result_code":"SUCCESS","return_code":"SUCCESS","sign":"A4C0F7DD1E4C2203F180311A34D87C37","time_end":"20150927231029","total_fee":"6000","trade_type":"JSAPI","transaction_id":"1005310869201509271016193251"}
[2015-09-27 23:10:30][debug] query:{"appid":"wx161f19ac48b1f2f3","attach":"\u9a6c\u62c9\u677e\u62a5\u540d","bank_type":"CFT","cash_fee":"6000","fee_type":"CNY","is_subscribe":"Y","mch_id":"1268067601","nonce_str":"9N5ykOpbpq8rXPBR","openid":"ouN6_s9XOo7KHY8HNhZn_rvDd-II","out_trade_no":"126806760120150927231005","result_code":"SUCCESS","return_code":"SUCCESS","return_msg":"OK","sign":"71530D414C09AA504341AD49DCDBD4C6","time_end":"20150927231027","total_fee":"6000","trade_state":"SUCCESS","trade_type":"JSAPI","transaction_id":"1005310869201509271016193251"}
[2015-09-27 23:10:30][debug] call back test:订单查询成功
[2015-09-27 23:10:30][debug] call back test:未入库
[2015-09-27 23:10:30][debug] call back test sql:UPDATE pa_marathon SET ispay =1,transaction_id="1005310869201509271016193251",out_trade_no="126806760120150927231005" WHERE openid ="ouN6_s9XOo7KHY8HNhZn_rvDd-II"
[2015-09-27 23:10:30][debug] call back test:入库成功
