[2015-10-30 09:13:20][debug] begin notify
[2015-10-30 09:13:20][debug] call back test:{"appid":"wx161f19ac48b1f2f3","attach":"\u9a6c\u62c9\u677e\u62a5\u540d","bank_type":"CMB_DEBIT","cash_fee":"6000","fee_type":"CNY","is_subscribe":"N","mch_id":"1268067601","nonce_str":"d1wobpzcq16xw6b0yrd6k4vv8du5jt9t","openid":"ouN6_syQkDJPzd7CpKX1RfzBZWzQ","out_trade_no":"126806760120151030091217","result_code":"SUCCESS","return_code":"SUCCESS","sign":"94113FEEE645410BF208165999525423","time_end":"20151030091319","total_fee":"6000","trade_type":"JSAPI","transaction_id":"1002070869201510301385200626"}
[2015-10-30 09:13:20][debug] query:{"appid":"wx161f19ac48b1f2f3","attach":"\u9a6c\u62c9\u677e\u62a5\u540d","bank_type":"CMB_DEBIT","cash_fee":"6000","fee_type":"CNY","is_subscribe":"N","mch_id":"1268067601","nonce_str":"mDkuss6DQAm0VFe7","openid":"ouN6_syQkDJPzd7CpKX1RfzBZWzQ","out_trade_no":"126806760120151030091217","result_code":"SUCCESS","return_code":"SUCCESS","return_msg":"OK","sign":"EF4370845B875EAD4D5255346F83AE6A","time_end":"20151030091318","total_fee":"6000","trade_state":"SUCCESS","trade_type":"JSAPI","transaction_id":"1002070869201510301385200626"}
[2015-10-30 09:13:20][debug] call back test:订单查询成功
[2015-10-30 09:13:20][debug] call back test:未入库
[2015-10-30 09:13:20][debug] call back test sql:UPDATE pa_marathon SET ispay =1,transaction_id="1002070869201510301385200626",out_trade_no="126806760120151030091217" WHERE openid ="ouN6_syQkDJPzd7CpKX1RfzBZWzQ"
[2015-10-30 09:13:20][debug] call back test:入库成功
[2015-10-30 17:42:56][debug] begin notify
[2015-10-30 17:42:56][debug] call back test:{"appid":"wx161f19ac48b1f2f3","attach":"\u9a6c\u62c9\u677e\u62a5\u540d","bank_type":"SPDB_DEBIT","cash_fee":"8000","fee_type":"CNY","is_subscribe":"N","mch_id":"1268067601","nonce_str":"xi34xvw7unguzkwzwa62aanwdcyzh983","openid":"ouN6_s2ZiTs0xK-kWuTG-ZTL-J3g","out_trade_no":"126806760120151030174235","result_code":"SUCCESS","return_code":"SUCCESS","sign":"7C1C8E88E69E747B44A5A47A11D8EED5","time_end":"20151030174255","total_fee":"8000","trade_type":"JSAPI","transaction_id":"1003920869201510301391719720"}
[2015-10-30 17:42:56][debug] query:{"appid":"wx161f19ac48b1f2f3","attach":"\u9a6c\u62c9\u677e\u62a5\u540d","bank_type":"SPDB_DEBIT","cash_fee":"8000","fee_type":"CNY","is_subscribe":"N","mch_id":"1268067601","nonce_str":"59BaVahr20ey6d1S","openid":"ouN6_s2ZiTs0xK-kWuTG-ZTL-J3g","out_trade_no":"126806760120151030174235","result_code":"SUCCESS","return_code":"SUCCESS","return_msg":"OK","sign":"AF61E6D4ECB1FFBFF39F31FF1786F42E","time_end":"20151030174254","total_fee":"8000","trade_state":"SUCCESS","trade_type":"JSAPI","transaction_id":"1003920869201510301391719720"}
[2015-10-30 17:42:56][debug] call back test:订单查询成功
[2015-10-30 17:42:56][debug] call back test:未入库
[2015-10-30 17:42:56][debug] call back test sql:UPDATE pa_marathon SET ispay =1,transaction_id="1003920869201510301391719720",out_trade_no="126806760120151030174235" WHERE openid ="ouN6_s2ZiTs0xK-kWuTG-ZTL-J3g"
[2015-10-30 17:42:56][debug] call back test:入库成功
[2015-10-30 20:07:47][debug] begin notify
[2015-10-30 20:07:47][debug] call back test:{"appid":"wx161f19ac48b1f2f3","attach":"\u9a6c\u62c9\u677e\u62a5\u540d","bank_type":"CIB_CREDIT","cash_fee":"8000","fee_type":"CNY","is_subscribe":"Y","mch_id":"1268067601","nonce_str":"ftzyj7oyovyse9pjadedzd1wnxoo22is","openid":"ouN6_s57gZ10dt11ILLDlRYSuiOg","out_trade_no":"126806760120151030200728","result_code":"SUCCESS","return_code":"SUCCESS","sign":"560D9493AD38B0C9B89A9087CD8F2835","time_end":"20151030200746","total_fee":"8000","trade_type":"JSAPI","transaction_id":"1009810869201510301393960032"}
[2015-10-30 20:07:48][debug] query:{"appid":"wx161f19ac48b1f2f3","attach":"\u9a6c\u62c9\u677e\u62a5\u540d","bank_type":"CIB_CREDIT","cash_fee":"8000","fee_type":"CNY","is_subscribe":"Y","mch_id":"1268067601","nonce_str":"CGAssNX8OhsITGMm","openid":"ouN6_s57gZ10dt11ILLDlRYSuiOg","out_trade_no":"126806760120151030200728","result_code":"SUCCESS","return_code":"SUCCESS","return_msg":"OK","sign":"57B16686C97B4F4FEB7CEB85BB63B9A9","time_end":"20151030200744","total_fee":"8000","trade_state":"SUCCESS","trade_type":"JSAPI","transaction_id":"1009810869201510301393960032"}
[2015-10-30 20:07:48][debug] call back test:订单查询成功
[2015-10-30 20:07:48][debug] call back test:未入库
[2015-10-30 20:07:48][debug] call back test sql:UPDATE pa_marathon SET ispay =1,transaction_id="1009810869201510301393960032",out_trade_no="126806760120151030200728" WHERE openid ="ouN6_s57gZ10dt11ILLDlRYSuiOg"
[2015-10-30 20:07:48][debug] call back test:入库成功
