[2015-10-03 09:18:27][debug] begin notify
[2015-10-03 09:18:27][debug] call back test:{"appid":"wx161f19ac48b1f2f3","attach":"\u9a6c\u62c9\u677e\u62a5\u540d","bank_type":"CFT","cash_fee":"6000","fee_type":"CNY","is_subscribe":"Y","mch_id":"1268067601","nonce_str":"f3vsxkxbstnz4roqmnkkxba73bsnaugj","openid":"ouN6_s2EkuoldtLAwgDPnVBvwuLU","out_trade_no":"126806760120151003091743","result_code":"SUCCESS","return_code":"SUCCESS","sign":"D4AA232CF49C3B6A3A614A728FA45A16","time_end":"20151003091826","total_fee":"6000","trade_type":"JSAPI","transaction_id":"1008640869201510031072275389"}
[2015-10-03 09:18:38][debug] begin notify
[2015-10-03 09:18:38][debug] call back test:{"appid":"wx161f19ac48b1f2f3","attach":"\u9a6c\u62c9\u677e\u62a5\u540d","bank_type":"CFT","cash_fee":"6000","fee_type":"CNY","is_subscribe":"Y","mch_id":"1268067601","nonce_str":"f3vsxkxbstnz4roqmnkkxba73bsnaugj","openid":"ouN6_s2EkuoldtLAwgDPnVBvwuLU","out_trade_no":"126806760120151003091743","result_code":"SUCCESS","return_code":"SUCCESS","sign":"D4AA232CF49C3B6A3A614A728FA45A16","time_end":"20151003091826","total_fee":"6000","trade_type":"JSAPI","transaction_id":"1008640869201510031072275389"}
[2015-10-03 09:18:58][debug] begin notify
[2015-10-03 09:18:58][debug] call back test:{"appid":"wx161f19ac48b1f2f3","attach":"\u9a6c\u62c9\u677e\u62a5\u540d","bank_type":"CFT","cash_fee":"6000","fee_type":"CNY","is_subscribe":"Y","mch_id":"1268067601","nonce_str":"f3vsxkxbstnz4roqmnkkxba73bsnaugj","openid":"ouN6_s2EkuoldtLAwgDPnVBvwuLU","out_trade_no":"126806760120151003091743","result_code":"SUCCESS","return_code":"SUCCESS","sign":"D4AA232CF49C3B6A3A614A728FA45A16","time_end":"20151003091826","total_fee":"6000","trade_type":"JSAPI","transaction_id":"1008640869201510031072275389"}
[2015-10-03 09:19:02][debug] query:{"appid":"wx161f19ac48b1f2f3","attach":"\u9a6c\u62c9\u677e\u62a5\u540d","bank_type":"CFT","cash_fee":"6000","fee_type":"CNY","is_subscribe":"Y","mch_id":"1268067601","nonce_str":"NPbvLFUQYVvWVlyE","openid":"ouN6_s2EkuoldtLAwgDPnVBvwuLU","out_trade_no":"126806760120151003091743","result_code":"SUCCESS","return_code":"SUCCESS","return_msg":"OK","sign":"3FA0AF570F8C0C51DBE88266A207C0BE","time_end":"20151003091826","total_fee":"6000","trade_state":"SUCCESS","trade_type":"JSAPI","transaction_id":"1008640869201510031072275389"}
[2015-10-03 09:19:02][debug] call back test:订单查询成功
[2015-10-03 09:19:02][debug] call back test:未入库
[2015-10-03 09:19:02][debug] call back test sql:UPDATE pa_marathon SET ispay =1,transaction_id="1008640869201510031072275389",out_trade_no="126806760120151003091743" WHERE openid ="ouN6_s2EkuoldtLAwgDPnVBvwuLU"
[2015-10-03 09:19:02][debug] call back test:入库成功
[2015-10-03 09:49:39][debug] begin notify
[2015-10-03 09:49:39][debug] call back test:{"appid":"wx161f19ac48b1f2f3","attach":"\u9a6c\u62c9\u677e\u62a5\u540d","bank_type":"ICBC_DEBIT","cash_fee":"6000","fee_type":"CNY","is_subscribe":"Y","mch_id":"1268067601","nonce_str":"9zq0v68p3p4a9i60r3465i9vw0jfz8mw","openid":"ouN6_sz2iIvko1p9kkUAMt0oScZ0","out_trade_no":"126806760120151003094536","result_code":"SUCCESS","return_code":"SUCCESS","sign":"D7D0211C015B5C5E441BC91ACEF6648E","time_end":"20151003094927","total_fee":"6000","trade_type":"JSAPI","transaction_id":"1003040869201510031072502094"}
[2015-10-03 09:49:43][debug] query:{"appid":"wx161f19ac48b1f2f3","attach":"\u9a6c\u62c9\u677e\u62a5\u540d","bank_type":"ICBC_DEBIT","cash_fee":"6000","fee_type":"CNY","is_subscribe":"Y","mch_id":"1268067601","nonce_str":"Aby5NTXeqtP3odBl","openid":"ouN6_sz2iIvko1p9kkUAMt0oScZ0","out_trade_no":"126806760120151003094536","result_code":"SUCCESS","return_code":"SUCCESS","return_msg":"OK","sign":"EDE4985B78F6A0F78412EA27EB02DAAE","time_end":"20151003094838","total_fee":"6000","trade_state":"SUCCESS","trade_type":"JSAPI","transaction_id":"1003040869201510031072502094"}
[2015-10-03 09:49:43][debug] call back test:订单查询成功
[2015-10-03 09:49:43][debug] call back test:未入库
[2015-10-03 09:49:43][debug] call back test sql:UPDATE pa_marathon SET ispay =1,transaction_id="1003040869201510031072502094",out_trade_no="126806760120151003094536" WHERE openid ="ouN6_sz2iIvko1p9kkUAMt0oScZ0"
[2015-10-03 09:49:43][debug] call back test:入库成功
[2015-10-03 10:15:45][debug] begin notify
[2015-10-03 10:15:45][debug] call back test:{"appid":"wx161f19ac48b1f2f3","attach":"\u9a6c\u62c9\u677e\u62a5\u540d","bank_type":"CMB_DEBIT","cash_fee":"4000","fee_type":"CNY","is_subscribe":"Y","mch_id":"1268067601","nonce_str":"4gi6pn8ly6imy128kcecp5kvvinoy5o2","openid":"ouN6_s0zIg3-2ObEsnkzISi3603g","out_trade_no":"126806760120151003101331","result_code":"SUCCESS","return_code":"SUCCESS","sign":"5B15CFAB2199E95F9161F9EAC1B2B16A","time_end":"20151003101544","total_fee":"4000","trade_type":"JSAPI","transaction_id":"1007510869201510031072729560"}
[2015-10-03 10:15:51][debug] query:{"appid":"wx161f19ac48b1f2f3","attach":"\u9a6c\u62c9\u677e\u62a5\u540d","bank_type":"CMB_DEBIT","cash_fee":"4000","fee_type":"CNY","is_subscribe":"Y","mch_id":"1268067601","nonce_str":"yfUGaCYk8lX3zZLz","openid":"ouN6_s0zIg3-2ObEsnkzISi3603g","out_trade_no":"126806760120151003101331","result_code":"SUCCESS","return_code":"SUCCESS","return_msg":"OK","sign":"EBBD90F5795E0D5964704834840AA079","time_end":"20151003101543","total_fee":"4000","trade_state":"SUCCESS","trade_type":"JSAPI","transaction_id":"1007510869201510031072729560"}
[2015-10-03 10:15:51][debug] call back test:订单查询成功
[2015-10-03 10:15:51][debug] call back test:未入库
[2015-10-03 10:15:51][debug] call back test sql:UPDATE pa_marathon SET ispay =1,transaction_id="1007510869201510031072729560",out_trade_no="126806760120151003101331" WHERE openid ="ouN6_s0zIg3-2ObEsnkzISi3603g"
[2015-10-03 10:15:51][debug] call back test:入库成功
[2015-10-03 10:16:01][debug] begin notify
[2015-10-03 10:16:01][debug] call back test:{"appid":"wx161f19ac48b1f2f3","attach":"\u9a6c\u62c9\u677e\u62a5\u540d","bank_type":"CMB_DEBIT","cash_fee":"4000","fee_type":"CNY","is_subscribe":"Y","mch_id":"1268067601","nonce_str":"4gi6pn8ly6imy128kcecp5kvvinoy5o2","openid":"ouN6_s0zIg3-2ObEsnkzISi3603g","out_trade_no":"126806760120151003101331","result_code":"SUCCESS","return_code":"SUCCESS","sign":"5B15CFAB2199E95F9161F9EAC1B2B16A","time_end":"20151003101544","total_fee":"4000","trade_type":"JSAPI","transaction_id":"1007510869201510031072729560"}
[2015-10-03 10:16:02][debug] query:{"appid":"wx161f19ac48b1f2f3","attach":"\u9a6c\u62c9\u677e\u62a5\u540d","bank_type":"CMB_DEBIT","cash_fee":"4000","fee_type":"CNY","is_subscribe":"Y","mch_id":"1268067601","nonce_str":"GqwfYokEXEfx3QXA","openid":"ouN6_s0zIg3-2ObEsnkzISi3603g","out_trade_no":"126806760120151003101331","result_code":"SUCCESS","return_code":"SUCCESS","return_msg":"OK","sign":"AB6DB14AF4971641DB058369F17FB2A0","time_end":"20151003101543","total_fee":"4000","trade_state":"SUCCESS","trade_type":"JSAPI","transaction_id":"1007510869201510031072729560"}
[2015-10-03 10:16:02][debug] call back test:订单查询成功
[2015-10-03 10:16:02][debug] call back test:已入库
[2015-10-03 10:21:12][debug] begin notify
[2015-10-03 10:21:12][debug] call back test:{"appid":"wx161f19ac48b1f2f3","attach":"\u9a6c\u62c9\u677e\u62a5\u540d","bank_type":"CCB_DEBIT","cash_fee":"4000","fee_type":"CNY","is_subscribe":"Y","mch_id":"1268067601","nonce_str":"4z9o0os9huvyghewhuj4bjw0ejp9vio0","openid":"ouN6_s44uf4k9jNR8ws4GxmNdepI","out_trade_no":"126806760120151003101911","result_code":"SUCCESS","return_code":"SUCCESS","sign":"CCA5BF890A3DBDC64F8D2C273E56D11E","time_end":"20151003102111","total_fee":"4000","trade_type":"JSAPI","transaction_id":"1004080869201510031072801495"}
[2015-10-03 10:21:13][debug] query:{"appid":"wx161f19ac48b1f2f3","attach":"\u9a6c\u62c9\u677e\u62a5\u540d","bank_type":"CCB_DEBIT","cash_fee":"4000","fee_type":"CNY","is_subscribe":"Y","mch_id":"1268067601","nonce_str":"JWPgBLFYcnwDYRuF","openid":"ouN6_s44uf4k9jNR8ws4GxmNdepI","out_trade_no":"126806760120151003101911","result_code":"SUCCESS","return_code":"SUCCESS","return_msg":"OK","sign":"05457DC59F6F319F82EF203D64BFE9C8","time_end":"20151003102109","total_fee":"4000","trade_state":"SUCCESS","trade_type":"JSAPI","transaction_id":"1004080869201510031072801495"}
[2015-10-03 10:21:13][debug] call back test:订单查询成功
[2015-10-03 10:21:13][debug] call back test:未入库
[2015-10-03 10:21:13][debug] call back test sql:UPDATE pa_marathon SET ispay =1,transaction_id="1004080869201510031072801495",out_trade_no="126806760120151003101911" WHERE openid ="ouN6_s44uf4k9jNR8ws4GxmNdepI"
[2015-10-03 10:21:13][debug] call back test:入库成功
[2015-10-03 11:05:50][debug] begin notify
[2015-10-03 11:05:50][debug] call back test:{"appid":"wx161f19ac48b1f2f3","attach":"\u9a6c\u62c9\u677e\u62a5\u540d","bank_type":"PSBC_DEBIT","cash_fee":"8000","fee_type":"CNY","is_subscribe":"Y","mch_id":"1268067601","nonce_str":"c032sjw5xtfn0dtq0itaw05lv8jhfsi8","openid":"ouN6_sxl3EP1BMLVHX3_lL8QfzKM","out_trade_no":"126806760120151003110500","result_code":"SUCCESS","return_code":"SUCCESS","sign":"E9743D7BAC57444F69F4F50CF00E6C4C","time_end":"20151003110550","total_fee":"8000","trade_type":"JSAPI","transaction_id":"1001180869201510031073261024"}
[2015-10-03 11:05:51][debug] query:{"appid":"wx161f19ac48b1f2f3","attach":"\u9a6c\u62c9\u677e\u62a5\u540d","bank_type":"PSBC_DEBIT","cash_fee":"8000","fee_type":"CNY","is_subscribe":"Y","mch_id":"1268067601","nonce_str":"7J2YhMzPG8Q3inRf","openid":"ouN6_sxl3EP1BMLVHX3_lL8QfzKM","out_trade_no":"126806760120151003110500","result_code":"SUCCESS","return_code":"SUCCESS","return_msg":"OK","sign":"1240038E50D476906DD29847A312040C","time_end":"20151003110522","total_fee":"8000","trade_state":"SUCCESS","trade_type":"JSAPI","transaction_id":"1001180869201510031073261024"}
[2015-10-03 11:05:51][debug] call back test:订单查询成功
[2015-10-03 11:05:51][debug] call back test:未入库
[2015-10-03 11:05:51][debug] call back test sql:UPDATE pa_marathon SET ispay =1,transaction_id="1001180869201510031073261024",out_trade_no="126806760120151003110500" WHERE openid ="ouN6_sxl3EP1BMLVHX3_lL8QfzKM"
[2015-10-03 11:05:51][debug] call back test:入库成功
[2015-10-03 11:16:08][debug] begin notify
[2015-10-03 11:16:08][debug] call back test:{"appid":"wx161f19ac48b1f2f3","attach":"\u9a6c\u62c9\u677e\u62a5\u540d","bank_type":"CFT","cash_fee":"6000","fee_type":"CNY","is_subscribe":"Y","mch_id":"1268067601","nonce_str":"wau47yjv83aq2lyve0wmb5tl7l8cj033","openid":"ouN6_s7Uo_2I8ypVFwLlCnFhZ5Rs","out_trade_no":"126806760120151003111541","result_code":"SUCCESS","return_code":"SUCCESS","sign":"5BD757A740520FF3E991A2E946E35065","time_end":"20151003111606","total_fee":"6000","trade_type":"JSAPI","transaction_id":"1007360869201510031073391064"}
[2015-10-03 11:16:08][debug] query:{"appid":"wx161f19ac48b1f2f3","attach":"\u9a6c\u62c9\u677e\u62a5\u540d","bank_type":"CFT","cash_fee":"6000","fee_type":"CNY","is_subscribe":"Y","mch_id":"1268067601","nonce_str":"7afzRcF9voQJeJmP","openid":"ouN6_s7Uo_2I8ypVFwLlCnFhZ5Rs","out_trade_no":"126806760120151003111541","result_code":"SUCCESS","return_code":"SUCCESS","return_msg":"OK","sign":"FB0990F30CC670444F69B4AA5FCBD51C","time_end":"20151003111606","total_fee":"6000","trade_state":"SUCCESS","trade_type":"JSAPI","transaction_id":"1007360869201510031073391064"}
[2015-10-03 11:16:08][debug] call back test:订单查询成功
[2015-10-03 11:16:08][debug] call back test:未入库
[2015-10-03 11:16:08][debug] call back test sql:UPDATE pa_marathon SET ispay =1,transaction_id="1007360869201510031073391064",out_trade_no="126806760120151003111541" WHERE openid ="ouN6_s7Uo_2I8ypVFwLlCnFhZ5Rs"
[2015-10-03 11:16:08][debug] call back test:入库成功
[2015-10-03 11:46:07][debug] begin notify
[2015-10-03 11:46:07][debug] call back test:{"appid":"wx161f19ac48b1f2f3","attach":"\u9a6c\u62c9\u677e\u62a5\u540d","bank_type":"PAB_CREDIT","cash_fee":"8000","fee_type":"CNY","is_subscribe":"N","mch_id":"1268067601","nonce_str":"bwq6cwm66yxtqj6tmk09521ytxtx5o18","openid":"ouN6_s2u63Ggpk35HTj8hAOzKjNU","out_trade_no":"126806760120151003114107","result_code":"SUCCESS","return_code":"SUCCESS","sign":"B5759C4659E5CA9E8B1DB65C73DEE7C2","time_end":"20151003114554","total_fee":"8000","trade_type":"JSAPI","transaction_id":"1005570869201510031073701531"}
[2015-10-03 11:46:27][debug] begin notify
[2015-10-03 11:46:27][debug] call back test:{"appid":"wx161f19ac48b1f2f3","attach":"\u9a6c\u62c9\u677e\u62a5\u540d","bank_type":"PAB_CREDIT","cash_fee":"8000","fee_type":"CNY","is_subscribe":"N","mch_id":"1268067601","nonce_str":"bwq6cwm66yxtqj6tmk09521ytxtx5o18","openid":"ouN6_s2u63Ggpk35HTj8hAOzKjNU","out_trade_no":"126806760120151003114107","result_code":"SUCCESS","return_code":"SUCCESS","sign":"B5759C4659E5CA9E8B1DB65C73DEE7C2","time_end":"20151003114554","total_fee":"8000","trade_type":"JSAPI","transaction_id":"1005570869201510031073701531"}
[2015-10-03 11:46:30][debug] query:{"appid":"wx161f19ac48b1f2f3","attach":"\u9a6c\u62c9\u677e\u62a5\u540d","bank_type":"PAB_CREDIT","cash_fee":"8000","fee_type":"CNY","is_subscribe":"Y","mch_id":"1268067601","nonce_str":"ywvM7fvMopkcE2Uq","openid":"ouN6_s2u63Ggpk35HTj8hAOzKjNU","out_trade_no":"126806760120151003114107","result_code":"SUCCESS","return_code":"SUCCESS","return_msg":"OK","sign":"A51F360BB5A8D277FAF72E3C406BB85D","time_end":"20151003114510","total_fee":"8000","trade_state":"SUCCESS","trade_type":"JSAPI","transaction_id":"1005570869201510031073701531"}
[2015-10-03 11:46:30][debug] call back test:订单查询成功
[2015-10-03 11:46:30][debug] call back test:未入库
[2015-10-03 11:46:30][debug] call back test sql:UPDATE pa_marathon SET ispay =1,transaction_id="1005570869201510031073701531",out_trade_no="126806760120151003114107" WHERE openid ="ouN6_s2u63Ggpk35HTj8hAOzKjNU"
[2015-10-03 11:46:30][debug] call back test:入库成功
[2015-10-03 11:46:49][debug] begin notify
[2015-10-03 11:46:49][debug] call back test:{"appid":"wx161f19ac48b1f2f3","attach":"\u9a6c\u62c9\u677e\u62a5\u540d","bank_type":"ABC_DEBIT","cash_fee":"4000","fee_type":"CNY","is_subscribe":"Y","mch_id":"1268067601","nonce_str":"sl22b6jxfq8drdk2j4r0synpnp7st44p","openid":"ouN6_szGc0-mJ5ogOb4pOh8-imp0","out_trade_no":"126806760120151003114624","result_code":"SUCCESS","return_code":"SUCCESS","sign":"6F87A69B4904C5D1730E61A330EF6384","time_end":"20151003114649","total_fee":"4000","trade_type":"JSAPI","transaction_id":"1002380869201510031073770464"}
[2015-10-03 11:46:50][debug] query:{"appid":"wx161f19ac48b1f2f3","attach":"\u9a6c\u62c9\u677e\u62a5\u540d","bank_type":"ABC_DEBIT","cash_fee":"4000","fee_type":"CNY","is_subscribe":"Y","mch_id":"1268067601","nonce_str":"c9Ztbhq9opl4Tm3F","openid":"ouN6_szGc0-mJ5ogOb4pOh8-imp0","out_trade_no":"126806760120151003114624","result_code":"SUCCESS","return_code":"SUCCESS","return_msg":"OK","sign":"3491A28F42834715733982EAFA9386A7","time_end":"20151003114648","total_fee":"4000","trade_state":"SUCCESS","trade_type":"JSAPI","transaction_id":"1002380869201510031073770464"}
[2015-10-03 11:46:50][debug] call back test:订单查询成功
[2015-10-03 11:46:50][debug] call back test:未入库
[2015-10-03 11:46:50][debug] call back test sql:UPDATE pa_marathon SET ispay =1,transaction_id="1002380869201510031073770464",out_trade_no="126806760120151003114624" WHERE openid ="ouN6_szGc0-mJ5ogOb4pOh8-imp0"
[2015-10-03 11:46:50][debug] call back test:入库成功
[2015-10-03 12:06:45][debug] begin notify
[2015-10-03 12:06:45][debug] call back test:{"appid":"wx161f19ac48b1f2f3","attach":"\u9a6c\u62c9\u677e\u62a5\u540d","bank_type":"ICBC_DEBIT","cash_fee":"6000","fee_type":"CNY","is_subscribe":"Y","mch_id":"1268067601","nonce_str":"n48h93gj92deiwnqhowbb3isz167oapi","openid":"ouN6_s_isek6Bs7eZ0XimBsqmi58","out_trade_no":"126806760120151003120626","result_code":"SUCCESS","return_code":"SUCCESS","sign":"3DEF4A7013F4DA243BA913924EB5A8EA","time_end":"20151003120644","total_fee":"6000","trade_type":"JSAPI","transaction_id":"1001400869201510031074046410"}
[2015-10-03 12:06:45][debug] query:{"appid":"wx161f19ac48b1f2f3","attach":"\u9a6c\u62c9\u677e\u62a5\u540d","bank_type":"ICBC_DEBIT","cash_fee":"6000","fee_type":"CNY","is_subscribe":"Y","mch_id":"1268067601","nonce_str":"WUUKqEVUnMAgeurP","openid":"ouN6_s_isek6Bs7eZ0XimBsqmi58","out_trade_no":"126806760120151003120626","result_code":"SUCCESS","return_code":"SUCCESS","return_msg":"OK","sign":"7EB33F8575F6BBA4CFD0D6C7656CE869","time_end":"20151003120643","total_fee":"6000","trade_state":"SUCCESS","trade_type":"JSAPI","transaction_id":"1001400869201510031074046410"}
[2015-10-03 12:06:45][debug] call back test:订单查询成功
[2015-10-03 12:06:45][debug] call back test:未入库
[2015-10-03 12:06:45][debug] call back test sql:UPDATE pa_marathon SET ispay =1,transaction_id="1001400869201510031074046410",out_trade_no="126806760120151003120626" WHERE openid ="ouN6_s_isek6Bs7eZ0XimBsqmi58"
[2015-10-03 12:06:45][debug] call back test:入库成功
[2015-10-03 12:10:21][debug] begin notify
[2015-10-03 12:10:21][debug] call back test:{"appid":"wx161f19ac48b1f2f3","attach":"\u9a6c\u62c9\u677e\u62a5\u540d","bank_type":"CFT","cash_fee":"6000","fee_type":"CNY","is_subscribe":"Y","mch_id":"1268067601","nonce_str":"4eq2xvcw99pxnnrfwcgilau6pg5s2yty","openid":"ouN6_s_isek6Bs7eZ0XimBsqmi58","out_trade_no":"126806760120151003120959","result_code":"SUCCESS","return_code":"SUCCESS","sign":"184C14994107B4B8310C56FE06C8A0C6","time_end":"20151003121020","total_fee":"6000","trade_type":"JSAPI","transaction_id":"1001400869201510031074059532"}
[2015-10-03 12:10:21][debug] query:{"appid":"wx161f19ac48b1f2f3","attach":"\u9a6c\u62c9\u677e\u62a5\u540d","bank_type":"CFT","cash_fee":"6000","fee_type":"CNY","is_subscribe":"Y","mch_id":"1268067601","nonce_str":"Xx9gEsMyXqKAxmPd","openid":"ouN6_s_isek6Bs7eZ0XimBsqmi58","out_trade_no":"126806760120151003120959","result_code":"SUCCESS","return_code":"SUCCESS","return_msg":"OK","sign":"CBB4190DB4ECF4757773080AD7FE6711","time_end":"20151003121020","total_fee":"6000","trade_state":"SUCCESS","trade_type":"JSAPI","transaction_id":"1001400869201510031074059532"}
[2015-10-03 12:10:21][debug] call back test:订单查询成功
[2015-10-03 12:10:21][debug] call back test:未入库
[2015-10-03 12:10:21][debug] call back test sql:UPDATE pa_marathon SET ispay =1,transaction_id="1001400869201510031074059532",out_trade_no="126806760120151003120959" WHERE openid ="ouN6_s_isek6Bs7eZ0XimBsqmi58"
[2015-10-03 12:10:21][debug] call back test:入库成功
[2015-10-03 12:46:55][debug] begin notify
[2015-10-03 12:46:55][debug] call back test:{"appid":"wx161f19ac48b1f2f3","attach":"\u9a6c\u62c9\u677e\u62a5\u540d","bank_type":"ABC_DEBIT","cash_fee":"6000","fee_type":"CNY","is_subscribe":"Y","mch_id":"1268067601","nonce_str":"q4ll3sevj2yky4t8okcgla73j4q4v1ey","openid":"ouN6_sxmZx0f20l_Kq6i1ETd5KWI","out_trade_no":"126806760120151003124346","result_code":"SUCCESS","return_code":"SUCCESS","sign":"AA83C70E9D95742389E7061745EF4687","time_end":"20151003124654","total_fee":"6000","trade_type":"JSAPI","transaction_id":"1001650869201510031074560823"}
[2015-10-03 12:47:00][debug] query:{"appid":"wx161f19ac48b1f2f3","attach":"\u9a6c\u62c9\u677e\u62a5\u540d","bank_type":"ABC_DEBIT","cash_fee":"6000","fee_type":"CNY","is_subscribe":"Y","mch_id":"1268067601","nonce_str":"Jvgds1v9DLTKrLX8","openid":"ouN6_sxmZx0f20l_Kq6i1ETd5KWI","out_trade_no":"126806760120151003124346","result_code":"SUCCESS","return_code":"SUCCESS","return_msg":"OK","sign":"E259F6B5961AEE5F082F818F2576243A","time_end":"20151003124653","total_fee":"6000","trade_state":"SUCCESS","trade_type":"JSAPI","transaction_id":"1001650869201510031074560823"}
[2015-10-03 12:47:00][debug] call back test:订单查询成功
[2015-10-03 12:47:00][debug] call back test:未入库
[2015-10-03 12:47:00][debug] call back test sql:UPDATE pa_marathon SET ispay =1,transaction_id="1001650869201510031074560823",out_trade_no="126806760120151003124346" WHERE openid ="ouN6_sxmZx0f20l_Kq6i1ETd5KWI"
[2015-10-03 12:47:00][debug] call back test:入库成功
[2015-10-03 12:47:13][debug] begin notify
[2015-10-03 12:47:13][debug] call back test:{"appid":"wx161f19ac48b1f2f3","attach":"\u9a6c\u62c9\u677e\u62a5\u540d","bank_type":"ABC_DEBIT","cash_fee":"6000","fee_type":"CNY","is_subscribe":"Y","mch_id":"1268067601","nonce_str":"q4ll3sevj2yky4t8okcgla73j4q4v1ey","openid":"ouN6_sxmZx0f20l_Kq6i1ETd5KWI","out_trade_no":"126806760120151003124346","result_code":"SUCCESS","return_code":"SUCCESS","sign":"AA83C70E9D95742389E7061745EF4687","time_end":"20151003124654","total_fee":"6000","trade_type":"JSAPI","transaction_id":"1001650869201510031074560823"}
[2015-10-03 12:47:13][debug] query:{"appid":"wx161f19ac48b1f2f3","attach":"\u9a6c\u62c9\u677e\u62a5\u540d","bank_type":"ABC_DEBIT","cash_fee":"6000","fee_type":"CNY","is_subscribe":"Y","mch_id":"1268067601","nonce_str":"5gF3QRHiPXxZzYHy","openid":"ouN6_sxmZx0f20l_Kq6i1ETd5KWI","out_trade_no":"126806760120151003124346","result_code":"SUCCESS","return_code":"SUCCESS","return_msg":"OK","sign":"AAA78612FAD393CE5A216B30A4E42548","time_end":"20151003124653","total_fee":"6000","trade_state":"SUCCESS","trade_type":"JSAPI","transaction_id":"1001650869201510031074560823"}
[2015-10-03 12:47:13][debug] call back test:订单查询成功
[2015-10-03 12:47:13][debug] call back test:已入库
[2015-10-03 14:05:49][debug] begin notify
[2015-10-03 14:05:49][debug] call back test:{"appid":"wx161f19ac48b1f2f3","attach":"\u9a6c\u62c9\u677e\u62a5\u540d","bank_type":"CFT","cash_fee":"6000","fee_type":"CNY","is_subscribe":"Y","mch_id":"1268067601","nonce_str":"b0omogiby1m62j3hqlivipz5lz229rp2","openid":"ouN6_s_qgTm3fHGJh8se4wxyVU80","out_trade_no":"126806760120151003140531","result_code":"SUCCESS","return_code":"SUCCESS","sign":"195F9CFE6042C14F9EC2DB733BB8DEFD","time_end":"20151003140548","total_fee":"6000","trade_type":"JSAPI","transaction_id":"1007290869201510031075483248"}
[2015-10-03 14:05:49][debug] query:{"appid":"wx161f19ac48b1f2f3","attach":"\u9a6c\u62c9\u677e\u62a5\u540d","bank_type":"CFT","cash_fee":"6000","fee_type":"CNY","is_subscribe":"Y","mch_id":"1268067601","nonce_str":"YDau8gHv8kTuOqtR","openid":"ouN6_s_qgTm3fHGJh8se4wxyVU80","out_trade_no":"126806760120151003140531","result_code":"SUCCESS","return_code":"SUCCESS","return_msg":"OK","sign":"EF59F545122F94DA58F3AD9014A1D983","time_end":"20151003140548","total_fee":"6000","trade_state":"SUCCESS","trade_type":"JSAPI","transaction_id":"1007290869201510031075483248"}
[2015-10-03 14:05:49][debug] call back test:订单查询成功
[2015-10-03 14:05:49][debug] call back test:未入库
[2015-10-03 14:05:49][debug] call back test sql:UPDATE pa_marathon SET ispay =1,transaction_id="1007290869201510031075483248",out_trade_no="126806760120151003140531" WHERE openid ="ouN6_s_qgTm3fHGJh8se4wxyVU80"
[2015-10-03 14:05:49][debug] call back test:入库成功
[2015-10-03 14:22:12][debug] begin notify
[2015-10-03 14:22:12][debug] call back test:{"appid":"wx161f19ac48b1f2f3","attach":"\u9a6c\u62c9\u677e\u62a5\u540d","bank_type":"CMB_DEBIT","cash_fee":"8000","fee_type":"CNY","is_subscribe":"Y","mch_id":"1268067601","nonce_str":"9zygdjaztlq5gwrx2ppx1aph78ff8tn8","openid":"ouN6_s97Qi0Dl4D1sF_muetbnPtg","out_trade_no":"126806760120151003142116","result_code":"SUCCESS","return_code":"SUCCESS","sign":"12F3517FD1631F7013541546F4C193A1","time_end":"20151003142211","total_fee":"8000","trade_type":"JSAPI","transaction_id":"1005210869201510031075657218"}
[2015-10-03 14:22:12][debug] query:{"appid":"wx161f19ac48b1f2f3","attach":"\u9a6c\u62c9\u677e\u62a5\u540d","bank_type":"CMB_DEBIT","cash_fee":"8000","fee_type":"CNY","is_subscribe":"Y","mch_id":"1268067601","nonce_str":"u9iKCaBgLMzd3lBc","openid":"ouN6_s97Qi0Dl4D1sF_muetbnPtg","out_trade_no":"126806760120151003142116","result_code":"SUCCESS","return_code":"SUCCESS","return_msg":"OK","sign":"9576AB324789EAF4B6ACE16B55E5DA83","time_end":"20151003142211","total_fee":"8000","trade_state":"SUCCESS","trade_type":"JSAPI","transaction_id":"1005210869201510031075657218"}
[2015-10-03 14:22:12][debug] call back test:订单查询成功
[2015-10-03 14:22:12][debug] call back test:未入库
[2015-10-03 14:22:12][debug] call back test sql:UPDATE pa_marathon SET ispay =1,transaction_id="1005210869201510031075657218",out_trade_no="126806760120151003142116" WHERE openid ="ouN6_s97Qi0Dl4D1sF_muetbnPtg"
[2015-10-03 14:22:12][debug] call back test:入库成功
[2015-10-03 15:48:04][debug] begin notify
[2015-10-03 15:48:04][debug] call back test:{"appid":"wx161f19ac48b1f2f3","attach":"\u9a6c\u62c9\u677e\u62a5\u540d","bank_type":"CFT","cash_fee":"6000","fee_type":"CNY","is_subscribe":"Y","mch_id":"1268067601","nonce_str":"bckn7ab4l4tfcqmk7g482o0datapxm2i","openid":"ouN6_s-eWuXPpqd-b-veUz1ONcFs","out_trade_no":"126806760120151003154658","result_code":"SUCCESS","return_code":"SUCCESS","sign":"2FCDC5687A0B16D0AD717691605DB55D","time_end":"20151003154803","total_fee":"6000","trade_type":"JSAPI","transaction_id":"1000110869201510031076497432"}
[2015-10-03 15:48:04][debug] query:{"appid":"wx161f19ac48b1f2f3","attach":"\u9a6c\u62c9\u677e\u62a5\u540d","bank_type":"CFT","cash_fee":"6000","fee_type":"CNY","is_subscribe":"Y","mch_id":"1268067601","nonce_str":"phEspDLPMvvPzp2A","openid":"ouN6_s-eWuXPpqd-b-veUz1ONcFs","out_trade_no":"126806760120151003154658","result_code":"SUCCESS","return_code":"SUCCESS","return_msg":"OK","sign":"697537602A1D58DF7E16953A7DCBB7FA","time_end":"20151003154803","total_fee":"6000","trade_state":"SUCCESS","trade_type":"JSAPI","transaction_id":"1000110869201510031076497432"}
[2015-10-03 15:48:04][debug] call back test:订单查询成功
[2015-10-03 15:48:04][debug] call back test:未入库
[2015-10-03 15:48:04][debug] call back test sql:UPDATE pa_marathon SET ispay =1,transaction_id="1000110869201510031076497432",out_trade_no="126806760120151003154658" WHERE openid ="ouN6_s-eWuXPpqd-b-veUz1ONcFs"
[2015-10-03 15:48:04][debug] call back test:入库成功
[2015-10-03 16:07:21][debug] begin notify
[2015-10-03 16:07:21][debug] call back test:{"appid":"wx161f19ac48b1f2f3","attach":"\u9a6c\u62c9\u677e\u62a5\u540d","bank_type":"CFT","cash_fee":"6000","fee_type":"CNY","is_subscribe":"Y","mch_id":"1268067601","nonce_str":"zp3yfsen68jfs9iicitva5fd7d4wamqx","openid":"ouN6_s8fd5QfAiOiZIR2WomVzQSo","out_trade_no":"126806760120151003160645","result_code":"SUCCESS","return_code":"SUCCESS","sign":"C7424D353AA9D46A718081FC757DAEFD","time_end":"20151003160720","total_fee":"6000","trade_type":"JSAPI","transaction_id":"1004280869201510031076660157"}
[2015-10-03 16:07:21][debug] query:{"appid":"wx161f19ac48b1f2f3","attach":"\u9a6c\u62c9\u677e\u62a5\u540d","bank_type":"CFT","cash_fee":"6000","fee_type":"CNY","is_subscribe":"Y","mch_id":"1268067601","nonce_str":"TRmI9ePxmCHYu9yJ","openid":"ouN6_s8fd5QfAiOiZIR2WomVzQSo","out_trade_no":"126806760120151003160645","result_code":"SUCCESS","return_code":"SUCCESS","return_msg":"OK","sign":"B2690526953C63B66451F79E713DF786","time_end":"20151003160720","total_fee":"6000","trade_state":"SUCCESS","trade_type":"JSAPI","transaction_id":"1004280869201510031076660157"}
[2015-10-03 16:07:21][debug] call back test:订单查询成功
[2015-10-03 16:07:21][debug] call back test:未入库
[2015-10-03 16:07:21][debug] call back test sql:UPDATE pa_marathon SET ispay =1,transaction_id="1004280869201510031076660157",out_trade_no="126806760120151003160645" WHERE openid ="ouN6_s8fd5QfAiOiZIR2WomVzQSo"
[2015-10-03 16:07:21][debug] call back test:入库成功
[2015-10-03 16:47:57][debug] begin notify
[2015-10-03 16:47:57][debug] call back test:{"appid":"wx161f19ac48b1f2f3","attach":"\u9a6c\u62c9\u677e\u62a5\u540d","bank_type":"ABC_DEBIT","cash_fee":"8000","fee_type":"CNY","is_subscribe":"N","mch_id":"1268067601","nonce_str":"saesf6ffsl4bko1foebe7kpfbafiic0u","openid":"ouN6_syxIOuw-6apmsHeaP-kXVmY","out_trade_no":"126806760120151003164743","result_code":"SUCCESS","return_code":"SUCCESS","sign":"69901CC9362DEC63BBF32309242A02E4","time_end":"20151003164756","total_fee":"8000","trade_type":"JSAPI","transaction_id":"1005480869201510031077074449"}
[2015-10-03 16:47:57][debug] query:{"appid":"wx161f19ac48b1f2f3","attach":"\u9a6c\u62c9\u677e\u62a5\u540d","bank_type":"ABC_DEBIT","cash_fee":"8000","fee_type":"CNY","is_subscribe":"N","mch_id":"1268067601","nonce_str":"bUdyyvydUSvCFzXw","openid":"ouN6_syxIOuw-6apmsHeaP-kXVmY","out_trade_no":"126806760120151003164743","result_code":"SUCCESS","return_code":"SUCCESS","return_msg":"OK","sign":"8EE600C0A49CA6EF85147162A7E79A9A","time_end":"20151003164756","total_fee":"8000","trade_state":"SUCCESS","trade_type":"JSAPI","transaction_id":"1005480869201510031077074449"}
[2015-10-03 16:47:57][debug] call back test:订单查询成功
[2015-10-03 16:47:57][debug] call back test:未入库
[2015-10-03 16:47:57][debug] call back test sql:UPDATE pa_marathon SET ispay =1,transaction_id="1005480869201510031077074449",out_trade_no="126806760120151003164743" WHERE openid ="ouN6_syxIOuw-6apmsHeaP-kXVmY"
[2015-10-03 16:47:57][debug] call back test:入库成功
[2015-10-03 17:15:50][debug] begin notify
[2015-10-03 17:15:50][debug] call back test:{"appid":"wx161f19ac48b1f2f3","attach":"\u9a6c\u62c9\u677e\u62a5\u540d","bank_type":"CCB_CREDIT","cash_fee":"6000","fee_type":"CNY","is_subscribe":"Y","mch_id":"1268067601","nonce_str":"3xg3mw95m4lgmdhcc821t0tw41ononid","openid":"ouN6_s59eQBUNTj6dlTwKOPOxZjc","out_trade_no":"126806760120151003171536","result_code":"SUCCESS","return_code":"SUCCESS","sign":"53AD4B3562A86E6DAE2B626323446355","time_end":"20151003171550","total_fee":"6000","trade_type":"JSAPI","transaction_id":"1010160869201510031077342170"}
[2015-10-03 17:15:50][debug] query:{"appid":"wx161f19ac48b1f2f3","attach":"\u9a6c\u62c9\u677e\u62a5\u540d","bank_type":"CCB_CREDIT","cash_fee":"6000","fee_type":"CNY","is_subscribe":"Y","mch_id":"1268067601","nonce_str":"yxLVJhSK6cJFnyq5","openid":"ouN6_s59eQBUNTj6dlTwKOPOxZjc","out_trade_no":"126806760120151003171536","result_code":"SUCCESS","return_code":"SUCCESS","return_msg":"OK","sign":"D35CA6F3F7AE7A88CD593D957AF926D2","time_end":"20151003171549","total_fee":"6000","trade_state":"SUCCESS","trade_type":"JSAPI","transaction_id":"1010160869201510031077342170"}
[2015-10-03 17:15:50][debug] call back test:订单查询成功
[2015-10-03 17:15:50][debug] call back test:未入库
[2015-10-03 17:15:50][debug] call back test sql:UPDATE pa_marathon SET ispay =1,transaction_id="1010160869201510031077342170",out_trade_no="126806760120151003171536" WHERE openid ="ouN6_s59eQBUNTj6dlTwKOPOxZjc"
[2015-10-03 17:15:51][debug] call back test:入库成功
[2015-10-03 17:30:32][debug] begin notify
[2015-10-03 17:30:32][debug] call back test:{"appid":"wx161f19ac48b1f2f3","attach":"\u9a6c\u62c9\u677e\u62a5\u540d","bank_type":"ICBC_DEBIT","cash_fee":"6000","fee_type":"CNY","is_subscribe":"Y","mch_id":"1268067601","nonce_str":"4osga1it9f9dwm6oloo2o7w8i0supgfw","openid":"ouN6_s5QpKmOlMdoy949EgI0SWB0","out_trade_no":"126806760120151003172650","result_code":"SUCCESS","return_code":"SUCCESS","sign":"684EB9E199E041736F47A4C6DD60C533","time_end":"20151003173032","total_fee":"6000","trade_type":"JSAPI","transaction_id":"1008560869201510031077491904"}
[2015-10-03 17:30:36][debug] query:{"appid":"wx161f19ac48b1f2f3","attach":"\u9a6c\u62c9\u677e\u62a5\u540d","bank_type":"ICBC_DEBIT","cash_fee":"6000","fee_type":"CNY","is_subscribe":"Y","mch_id":"1268067601","nonce_str":"xbD5LvPgYz8wlqnH","openid":"ouN6_s5QpKmOlMdoy949EgI0SWB0","out_trade_no":"126806760120151003172650","result_code":"SUCCESS","return_code":"SUCCESS","return_msg":"OK","sign":"C3AE139976601FE4C6121C9D988745B3","time_end":"20151003172940","total_fee":"6000","trade_state":"SUCCESS","trade_type":"JSAPI","transaction_id":"1008560869201510031077491904"}
[2015-10-03 17:30:36][debug] call back test:订单查询成功
[2015-10-03 17:30:36][debug] call back test:未入库
[2015-10-03 17:30:36][debug] call back test sql:UPDATE pa_marathon SET ispay =1,transaction_id="1008560869201510031077491904",out_trade_no="126806760120151003172650" WHERE openid ="ouN6_s5QpKmOlMdoy949EgI0SWB0"
[2015-10-03 17:30:36][debug] call back test:入库成功
[2015-10-03 17:30:51][debug] begin notify
[2015-10-03 17:30:51][debug] call back test:{"appid":"wx161f19ac48b1f2f3","attach":"\u9a6c\u62c9\u677e\u62a5\u540d","bank_type":"ICBC_DEBIT","cash_fee":"6000","fee_type":"CNY","is_subscribe":"Y","mch_id":"1268067601","nonce_str":"4osga1it9f9dwm6oloo2o7w8i0supgfw","openid":"ouN6_s5QpKmOlMdoy949EgI0SWB0","out_trade_no":"126806760120151003172650","result_code":"SUCCESS","return_code":"SUCCESS","sign":"684EB9E199E041736F47A4C6DD60C533","time_end":"20151003173032","total_fee":"6000","trade_type":"JSAPI","transaction_id":"1008560869201510031077491904"}
[2015-10-03 17:30:51][debug] query:{"appid":"wx161f19ac48b1f2f3","attach":"\u9a6c\u62c9\u677e\u62a5\u540d","bank_type":"ICBC_DEBIT","cash_fee":"6000","fee_type":"CNY","is_subscribe":"Y","mch_id":"1268067601","nonce_str":"ZI8sqHlU1HnUpgG0","openid":"ouN6_s5QpKmOlMdoy949EgI0SWB0","out_trade_no":"126806760120151003172650","result_code":"SUCCESS","return_code":"SUCCESS","return_msg":"OK","sign":"8D13D114F444FAD98003D6A242CB2ECE","time_end":"20151003172940","total_fee":"6000","trade_state":"SUCCESS","trade_type":"JSAPI","transaction_id":"1008560869201510031077491904"}
[2015-10-03 17:30:51][debug] call back test:订单查询成功
[2015-10-03 17:30:51][debug] call back test:已入库
[2015-10-03 19:12:26][debug] begin notify
[2015-10-03 19:12:26][debug] call back test:{"appid":"wx161f19ac48b1f2f3","attach":"\u9a6c\u62c9\u677e\u62a5\u540d","bank_type":"CFT","cash_fee":"6000","fee_type":"CNY","is_subscribe":"N","mch_id":"1268067601","nonce_str":"48ucbhle1vvv0yynxmcb7qhi4o554u9g","openid":"ouN6_s71zk2NiXd2kgETdDESkXn4","out_trade_no":"126806760120151003191209","result_code":"SUCCESS","return_code":"SUCCESS","sign":"62ADB8C2F10DDD455F98D20A04C5820B","time_end":"20151003191225","total_fee":"6000","trade_type":"JSAPI","transaction_id":"1002040869201510031078703535"}
[2015-10-03 19:12:27][debug] query:{"appid":"wx161f19ac48b1f2f3","attach":"\u9a6c\u62c9\u677e\u62a5\u540d","bank_type":"CFT","cash_fee":"6000","fee_type":"CNY","is_subscribe":"N","mch_id":"1268067601","nonce_str":"UeOkcEziq8WuC0FV","openid":"ouN6_s71zk2NiXd2kgETdDESkXn4","out_trade_no":"126806760120151003191209","result_code":"SUCCESS","return_code":"SUCCESS","return_msg":"OK","sign":"71600DD3EB3FAFFDE3C8F9FFAA406AC2","time_end":"20151003191225","total_fee":"6000","trade_state":"SUCCESS","trade_type":"JSAPI","transaction_id":"1002040869201510031078703535"}
[2015-10-03 19:12:27][debug] call back test:订单查询成功
[2015-10-03 19:12:27][debug] call back test:未入库
[2015-10-03 19:12:27][debug] call back test sql:UPDATE pa_marathon SET ispay =1,transaction_id="1002040869201510031078703535",out_trade_no="126806760120151003191209" WHERE openid ="ouN6_s71zk2NiXd2kgETdDESkXn4"
[2015-10-03 19:12:27][debug] call back test:入库成功
[2015-10-03 19:28:00][debug] begin notify
[2015-10-03 19:28:00][debug] call back test:{"appid":"wx161f19ac48b1f2f3","attach":"\u9a6c\u62c9\u677e\u62a5\u540d","bank_type":"CFT","cash_fee":"4000","fee_type":"CNY","is_subscribe":"N","mch_id":"1268067601","nonce_str":"29c09tz26ztnazvh785r9mm25e6mhd3p","openid":"ouN6_szYEt-AdOiMEQAjnaoZgxOY","out_trade_no":"126806760120151003192710","result_code":"SUCCESS","return_code":"SUCCESS","sign":"E557E4CAEADAAB77189C69B2DA87ACB3","time_end":"20151003192758","total_fee":"4000","trade_type":"JSAPI","transaction_id":"1001900869201510031078881952"}
[2015-10-03 19:28:00][debug] query:{"appid":"wx161f19ac48b1f2f3","attach":"\u9a6c\u62c9\u677e\u62a5\u540d","bank_type":"CFT","cash_fee":"4000","fee_type":"CNY","is_subscribe":"N","mch_id":"1268067601","nonce_str":"8ff1f06rvkzcCKLb","openid":"ouN6_szYEt-AdOiMEQAjnaoZgxOY","out_trade_no":"126806760120151003192710","result_code":"SUCCESS","return_code":"SUCCESS","return_msg":"OK","sign":"430E0BA53F4F983FB26CE79D1E4ABC76","time_end":"20151003192758","total_fee":"4000","trade_state":"SUCCESS","trade_type":"JSAPI","transaction_id":"1001900869201510031078881952"}
[2015-10-03 19:28:00][debug] call back test:订单查询成功
[2015-10-03 19:28:00][debug] call back test:未入库
[2015-10-03 19:28:00][debug] call back test sql:UPDATE pa_marathon SET ispay =1,transaction_id="1001900869201510031078881952",out_trade_no="126806760120151003192710" WHERE openid ="ouN6_szYEt-AdOiMEQAjnaoZgxOY"
[2015-10-03 19:28:00][debug] call back test:入库成功
[2015-10-03 20:04:53][debug] begin notify
[2015-10-03 20:04:53][debug] call back test:{"appid":"wx161f19ac48b1f2f3","attach":"\u9a6c\u62c9\u677e\u62a5\u540d","bank_type":"CFT","cash_fee":"6000","fee_type":"CNY","is_subscribe":"Y","mch_id":"1268067601","nonce_str":"mh7ts6juprsrpwftroffns6hzftdsx9i","openid":"ouN6_s-gsQ1OMAKPzk8DiKa53CPk","out_trade_no":"126806760120151003200414","result_code":"SUCCESS","return_code":"SUCCESS","sign":"0AC61A67F5928C274271CE683B00AA6F","time_end":"20151003200453","total_fee":"6000","trade_type":"JSAPI","transaction_id":"1008850869201510031079279110"}
[2015-10-03 20:04:53][debug] query:{"appid":"wx161f19ac48b1f2f3","attach":"\u9a6c\u62c9\u677e\u62a5\u540d","bank_type":"CFT","cash_fee":"6000","fee_type":"CNY","is_subscribe":"Y","mch_id":"1268067601","nonce_str":"FQUZSPSOZSxdmd0L","openid":"ouN6_s-gsQ1OMAKPzk8DiKa53CPk","out_trade_no":"126806760120151003200414","result_code":"SUCCESS","return_code":"SUCCESS","return_msg":"OK","sign":"99C38AD6DFB88908D6ABB952FF455C24","time_end":"20151003200452","total_fee":"6000","trade_state":"SUCCESS","trade_type":"JSAPI","transaction_id":"1008850869201510031079279110"}
[2015-10-03 20:04:53][debug] call back test:订单查询成功
[2015-10-03 20:04:53][debug] call back test:未入库
[2015-10-03 20:04:53][debug] call back test sql:UPDATE pa_marathon SET ispay =1,transaction_id="1008850869201510031079279110",out_trade_no="126806760120151003200414" WHERE openid ="ouN6_s-gsQ1OMAKPzk8DiKa53CPk"
[2015-10-03 20:04:53][debug] call back test:入库成功
[2015-10-03 20:11:42][debug] begin notify
[2015-10-03 20:11:42][debug] call back test:{"appid":"wx161f19ac48b1f2f3","attach":"\u9a6c\u62c9\u677e\u62a5\u540d","bank_type":"CCB_DEBIT","cash_fee":"4000","fee_type":"CNY","is_subscribe":"N","mch_id":"1268067601","nonce_str":"c0liqrryi6yjzs8kkqtdhdnr0zx03ihk","openid":"ouN6_s41ws6XM6b0K2SK4QWSVYHE","out_trade_no":"126806760120151003200905","result_code":"SUCCESS","return_code":"SUCCESS","sign":"A4BF88679185B70F0601617237553EA1","time_end":"20151003201142","total_fee":"4000","trade_type":"JSAPI","transaction_id":"1003610869201510031079363470"}
[2015-10-03 20:11:57][debug] begin notify
[2015-10-03 20:11:57][debug] call back test:{"appid":"wx161f19ac48b1f2f3","attach":"\u9a6c\u62c9\u677e\u62a5\u540d","bank_type":"CCB_DEBIT","cash_fee":"4000","fee_type":"CNY","is_subscribe":"N","mch_id":"1268067601","nonce_str":"c0liqrryi6yjzs8kkqtdhdnr0zx03ihk","openid":"ouN6_s41ws6XM6b0K2SK4QWSVYHE","out_trade_no":"126806760120151003200905","result_code":"SUCCESS","return_code":"SUCCESS","sign":"A4BF88679185B70F0601617237553EA1","time_end":"20151003201142","total_fee":"4000","trade_type":"JSAPI","transaction_id":"1003610869201510031079363470"}
[2015-10-03 20:12:17][debug] begin notify
[2015-10-03 20:12:17][debug] call back test:{"appid":"wx161f19ac48b1f2f3","attach":"\u9a6c\u62c9\u677e\u62a5\u540d","bank_type":"CCB_DEBIT","cash_fee":"4000","fee_type":"CNY","is_subscribe":"N","mch_id":"1268067601","nonce_str":"c0liqrryi6yjzs8kkqtdhdnr0zx03ihk","openid":"ouN6_s41ws6XM6b0K2SK4QWSVYHE","out_trade_no":"126806760120151003200905","result_code":"SUCCESS","return_code":"SUCCESS","sign":"A4BF88679185B70F0601617237553EA1","time_end":"20151003201142","total_fee":"4000","trade_type":"JSAPI","transaction_id":"1003610869201510031079363470"}
[2015-10-03 20:12:23][debug] query:{"appid":"wx161f19ac48b1f2f3","attach":"\u9a6c\u62c9\u677e\u62a5\u540d","bank_type":"CCB_DEBIT","cash_fee":"4000","fee_type":"CNY","is_subscribe":"Y","mch_id":"1268067601","nonce_str":"y9sRYESMKv48ZTQ1","openid":"ouN6_s41ws6XM6b0K2SK4QWSVYHE","out_trade_no":"126806760120151003200905","result_code":"SUCCESS","return_code":"SUCCESS","return_msg":"OK","sign":"7D35FA394458C6A08645E9E853695ABE","time_end":"20151003201141","total_fee":"4000","trade_state":"SUCCESS","trade_type":"JSAPI","transaction_id":"1003610869201510031079363470"}
[2015-10-03 20:12:23][debug] call back test:订单查询成功
[2015-10-03 20:12:23][debug] call back test:未入库
[2015-10-03 20:12:23][debug] call back test sql:UPDATE pa_marathon SET ispay =1,transaction_id="1003610869201510031079363470",out_trade_no="126806760120151003200905" WHERE openid ="ouN6_s41ws6XM6b0K2SK4QWSVYHE"
[2015-10-03 20:12:23][debug] call back test:入库成功
[2015-10-03 20:12:54][debug] begin notify
[2015-10-03 20:12:54][debug] call back test:{"appid":"wx161f19ac48b1f2f3","attach":"\u9a6c\u62c9\u677e\u62a5\u540d","bank_type":"CCB_DEBIT","cash_fee":"4000","fee_type":"CNY","is_subscribe":"N","mch_id":"1268067601","nonce_str":"c0liqrryi6yjzs8kkqtdhdnr0zx03ihk","openid":"ouN6_s41ws6XM6b0K2SK4QWSVYHE","out_trade_no":"126806760120151003200905","result_code":"SUCCESS","return_code":"SUCCESS","sign":"A4BF88679185B70F0601617237553EA1","time_end":"20151003201142","total_fee":"4000","trade_type":"JSAPI","transaction_id":"1003610869201510031079363470"}
[2015-10-03 20:12:54][debug] query:{"appid":"wx161f19ac48b1f2f3","attach":"\u9a6c\u62c9\u677e\u62a5\u540d","bank_type":"CCB_DEBIT","cash_fee":"4000","fee_type":"CNY","is_subscribe":"Y","mch_id":"1268067601","nonce_str":"gdYRL1gcpE9PIVXn","openid":"ouN6_s41ws6XM6b0K2SK4QWSVYHE","out_trade_no":"126806760120151003200905","result_code":"SUCCESS","return_code":"SUCCESS","return_msg":"OK","sign":"CA8D3C6103F9366E7640F14F66BD1193","time_end":"20151003201141","total_fee":"4000","trade_state":"SUCCESS","trade_type":"JSAPI","transaction_id":"1003610869201510031079363470"}
[2015-10-03 20:12:54][debug] call back test:订单查询成功
[2015-10-03 20:12:54][debug] call back test:已入库
[2015-10-03 20:23:49][debug] begin notify
[2015-10-03 20:23:49][debug] call back test:{"appid":"wx161f19ac48b1f2f3","attach":"\u9a6c\u62c9\u677e\u62a5\u540d","bank_type":"ICBC_DEBIT","cash_fee":"4000","fee_type":"CNY","is_subscribe":"N","mch_id":"1268067601","nonce_str":"nbk8qrzfuaqzl3sq79mfgea2shk6xmna","openid":"ouN6_s9i8LuneHAfulctzzllmOTA","out_trade_no":"126806760120151003202309","result_code":"SUCCESS","return_code":"SUCCESS","sign":"33473BC62888F0D286CE3183B2C4DDD6","time_end":"20151003202349","total_fee":"4000","trade_type":"JSAPI","transaction_id":"1002720869201510031079493617"}
[2015-10-03 20:23:49][debug] query:{"appid":"wx161f19ac48b1f2f3","attach":"\u9a6c\u62c9\u677e\u62a5\u540d","bank_type":"ICBC_DEBIT","cash_fee":"4000","fee_type":"CNY","is_subscribe":"N","mch_id":"1268067601","nonce_str":"0DGeHI9hb5mfwpDU","openid":"ouN6_s9i8LuneHAfulctzzllmOTA","out_trade_no":"126806760120151003202309","result_code":"SUCCESS","return_code":"SUCCESS","return_msg":"OK","sign":"3E4F4EC781A01693B506211DAE8D3A6F","time_end":"20151003202348","total_fee":"4000","trade_state":"SUCCESS","trade_type":"JSAPI","transaction_id":"1002720869201510031079493617"}
[2015-10-03 20:23:49][debug] call back test:订单查询成功
[2015-10-03 20:23:49][debug] call back test:未入库
[2015-10-03 20:23:49][debug] call back test sql:UPDATE pa_marathon SET ispay =1,transaction_id="1002720869201510031079493617",out_trade_no="126806760120151003202309" WHERE openid ="ouN6_s9i8LuneHAfulctzzllmOTA"
[2015-10-03 20:23:49][debug] call back test:入库成功
[2015-10-03 20:45:53][debug] begin notify
[2015-10-03 20:45:53][debug] call back test:{"appid":"wx161f19ac48b1f2f3","attach":"\u9a6c\u62c9\u677e\u62a5\u540d","bank_type":"CFT","cash_fee":"4000","fee_type":"CNY","is_subscribe":"Y","mch_id":"1268067601","nonce_str":"h52myu8bs5nzx1huxr1lmjakfh6h5tov","openid":"ouN6_s4FlfRar-y9uDiD4XAZBJAA","out_trade_no":"126806760120151003204337","result_code":"SUCCESS","return_code":"SUCCESS","sign":"75132058EB7005535DB562F1D576AA79","time_end":"20151003204553","total_fee":"4000","trade_type":"JSAPI","transaction_id":"1003140869201510031079695751"}
[2015-10-03 20:45:54][debug] query:{"appid":"wx161f19ac48b1f2f3","attach":"\u9a6c\u62c9\u677e\u62a5\u540d","bank_type":"CFT","cash_fee":"4000","fee_type":"CNY","is_subscribe":"Y","mch_id":"1268067601","nonce_str":"bg1ijhrJsT43XvIr","openid":"ouN6_s4FlfRar-y9uDiD4XAZBJAA","out_trade_no":"126806760120151003204337","result_code":"SUCCESS","return_code":"SUCCESS","return_msg":"OK","sign":"3994B3D30934A99B79BF2375307B489A","time_end":"20151003204552","total_fee":"4000","trade_state":"SUCCESS","trade_type":"JSAPI","transaction_id":"1003140869201510031079695751"}
[2015-10-03 20:45:54][debug] call back test:订单查询成功
[2015-10-03 20:45:54][debug] call back test:未入库
[2015-10-03 20:45:54][debug] call back test sql:UPDATE pa_marathon SET ispay =1,transaction_id="1003140869201510031079695751",out_trade_no="126806760120151003204337" WHERE openid ="ouN6_s4FlfRar-y9uDiD4XAZBJAA"
[2015-10-03 20:45:54][debug] call back test:入库成功
[2015-10-03 20:52:09][debug] begin notify
[2015-10-03 20:52:09][debug] call back test:{"appid":"wx161f19ac48b1f2f3","attach":"\u9a6c\u62c9\u677e\u62a5\u540d","bank_type":"ABC_CREDIT","cash_fee":"6000","fee_type":"CNY","is_subscribe":"Y","mch_id":"1268067601","nonce_str":"v1aqn3hkj71l1wjxhsovzwakpz8upr2t","openid":"ouN6_s5yj64eHkviIArSBwBq7sNw","out_trade_no":"126806760120151003205055","result_code":"SUCCESS","return_code":"SUCCESS","sign":"5B2113A3CA982FA5F0A6CE767D1B1588","time_end":"20151003205209","total_fee":"6000","trade_type":"JSAPI","transaction_id":"1005930869201510031079771871"}
[2015-10-03 20:52:10][debug] query:{"appid":"wx161f19ac48b1f2f3","attach":"\u9a6c\u62c9\u677e\u62a5\u540d","bank_type":"ABC_CREDIT","cash_fee":"6000","fee_type":"CNY","is_subscribe":"Y","mch_id":"1268067601","nonce_str":"cntFoakY25yZlOdo","openid":"ouN6_s5yj64eHkviIArSBwBq7sNw","out_trade_no":"126806760120151003205055","result_code":"SUCCESS","return_code":"SUCCESS","return_msg":"OK","sign":"EC2033196724A7B1E26788E721AF5B88","time_end":"20151003205208","total_fee":"6000","trade_state":"SUCCESS","trade_type":"JSAPI","transaction_id":"1005930869201510031079771871"}
[2015-10-03 20:52:10][debug] call back test:订单查询成功
[2015-10-03 20:52:10][debug] call back test:未入库
[2015-10-03 20:52:10][debug] call back test sql:UPDATE pa_marathon SET ispay =1,transaction_id="1005930869201510031079771871",out_trade_no="126806760120151003205055" WHERE openid ="ouN6_s5yj64eHkviIArSBwBq7sNw"
[2015-10-03 20:52:10][debug] call back test:入库成功
[2015-10-03 21:26:28][debug] begin notify
[2015-10-03 21:26:28][debug] call back test:{"appid":"wx161f19ac48b1f2f3","attach":"\u9a6c\u62c9\u677e\u62a5\u540d","bank_type":"CFT","cash_fee":"6000","fee_type":"CNY","is_subscribe":"N","mch_id":"1268067601","nonce_str":"x9cewzepa69zj83evkrwbca90reinsd6","openid":"ouN6_s2sCvMzlMmCPvcqCOX_X424","out_trade_no":"126806760120151003212505","result_code":"SUCCESS","return_code":"SUCCESS","sign":"F81977C060C27AD4384B742F07DDDC09","time_end":"20151003212626","total_fee":"6000","trade_type":"JSAPI","transaction_id":"1003690869201510031080059548"}
[2015-10-03 21:26:40][debug] begin notify
[2015-10-03 21:26:40][debug] call back test:{"appid":"wx161f19ac48b1f2f3","attach":"\u9a6c\u62c9\u677e\u62a5\u540d","bank_type":"CFT","cash_fee":"6000","fee_type":"CNY","is_subscribe":"N","mch_id":"1268067601","nonce_str":"x9cewzepa69zj83evkrwbca90reinsd6","openid":"ouN6_s2sCvMzlMmCPvcqCOX_X424","out_trade_no":"126806760120151003212505","result_code":"SUCCESS","return_code":"SUCCESS","sign":"F81977C060C27AD4384B742F07DDDC09","time_end":"20151003212626","total_fee":"6000","trade_type":"JSAPI","transaction_id":"1003690869201510031080059548"}
[2015-10-03 21:26:44][debug] query:{"appid":"wx161f19ac48b1f2f3","attach":"\u9a6c\u62c9\u677e\u62a5\u540d","bank_type":"CFT","cash_fee":"6000","fee_type":"CNY","is_subscribe":"Y","mch_id":"1268067601","nonce_str":"5XS7X53FFgx4Yp5O","openid":"ouN6_s2sCvMzlMmCPvcqCOX_X424","out_trade_no":"126806760120151003212505","result_code":"SUCCESS","return_code":"SUCCESS","return_msg":"OK","sign":"7BCB924E566EEDCFFA089BFDAD9A9A49","time_end":"20151003212625","total_fee":"6000","trade_state":"SUCCESS","trade_type":"JSAPI","transaction_id":"1003690869201510031080059548"}
[2015-10-03 21:26:44][debug] call back test:订单查询成功
[2015-10-03 21:26:44][debug] call back test:未入库
[2015-10-03 21:26:44][debug] call back test sql:UPDATE pa_marathon SET ispay =1,transaction_id="1003690869201510031080059548",out_trade_no="126806760120151003212505" WHERE openid ="ouN6_s2sCvMzlMmCPvcqCOX_X424"
[2015-10-03 21:26:44][debug] call back test:入库成功
[2015-10-03 21:26:49][debug] begin notify
[2015-10-03 21:26:49][debug] call back test:{"appid":"wx161f19ac48b1f2f3","attach":"\u9a6c\u62c9\u677e\u62a5\u540d","bank_type":"ABC_DEBIT","cash_fee":"4000","fee_type":"CNY","is_subscribe":"Y","mch_id":"1268067601","nonce_str":"4ojehwdamzd590wc3qxtungmjo3f2p3i","openid":"ouN6_s0i5Mh_2Jckax4MKG1OOLuE","out_trade_no":"126806760120151003212424","result_code":"SUCCESS","return_code":"SUCCESS","sign":"E7C4CD547977BCB238E7045295B2FBF0","time_end":"20151003212649","total_fee":"4000","trade_type":"JSAPI","transaction_id":"1009760869201510031080058567"}
[2015-10-03 21:26:49][debug] query:{"appid":"wx161f19ac48b1f2f3","attach":"\u9a6c\u62c9\u677e\u62a5\u540d","bank_type":"ABC_DEBIT","cash_fee":"4000","fee_type":"CNY","is_subscribe":"Y","mch_id":"1268067601","nonce_str":"NR8K4JLIgODpPmhs","openid":"ouN6_s0i5Mh_2Jckax4MKG1OOLuE","out_trade_no":"126806760120151003212424","result_code":"SUCCESS","return_code":"SUCCESS","return_msg":"OK","sign":"30F13E839B6C440262671AE50DF32627","time_end":"20151003212647","total_fee":"4000","trade_state":"SUCCESS","trade_type":"JSAPI","transaction_id":"1009760869201510031080058567"}
[2015-10-03 21:26:49][debug] call back test:订单查询成功
[2015-10-03 21:26:49][debug] call back test:未入库
[2015-10-03 21:26:49][debug] call back test sql:UPDATE pa_marathon SET ispay =1,transaction_id="1009760869201510031080058567",out_trade_no="126806760120151003212424" WHERE openid ="ouN6_s0i5Mh_2Jckax4MKG1OOLuE"
[2015-10-03 21:26:49][debug] call back test:入库成功
[2015-10-03 22:23:58][debug] begin notify
[2015-10-03 22:23:58][debug] call back test:{"appid":"wx161f19ac48b1f2f3","attach":"\u9a6c\u62c9\u677e\u62a5\u540d","bank_type":"CFT","cash_fee":"4000","fee_type":"CNY","is_subscribe":"Y","mch_id":"1268067601","nonce_str":"4d1le3n3f2rv0u3uswcmg2y24fljca1d","openid":"ouN6_s105-7WjjTtNXHkB16OO6I8","out_trade_no":"126806760120151003222236","result_code":"SUCCESS","return_code":"SUCCESS","sign":"56333D628DC1AFF6A3622B698F7ECF62","time_end":"20151003222358","total_fee":"4000","trade_type":"JSAPI","transaction_id":"1006130869201510031080528388"}
[2015-10-03 22:23:59][debug] query:{"appid":"wx161f19ac48b1f2f3","attach":"\u9a6c\u62c9\u677e\u62a5\u540d","bank_type":"CFT","cash_fee":"4000","fee_type":"CNY","is_subscribe":"Y","mch_id":"1268067601","nonce_str":"z7Pd55zSl4fYz9SR","openid":"ouN6_s105-7WjjTtNXHkB16OO6I8","out_trade_no":"126806760120151003222236","result_code":"SUCCESS","return_code":"SUCCESS","return_msg":"OK","sign":"F0A9248F02F8F2576492DBED58B27C69","time_end":"20151003222357","total_fee":"4000","trade_state":"SUCCESS","trade_type":"JSAPI","transaction_id":"1006130869201510031080528388"}
[2015-10-03 22:23:59][debug] call back test:订单查询成功
[2015-10-03 22:23:59][debug] call back test:未入库
[2015-10-03 22:23:59][debug] call back test sql:UPDATE pa_marathon SET ispay =1,transaction_id="1006130869201510031080528388",out_trade_no="126806760120151003222236" WHERE openid ="ouN6_s105-7WjjTtNXHkB16OO6I8"
[2015-10-03 22:23:59][debug] call back test:入库成功
[2015-10-03 22:26:32][debug] begin notify
[2015-10-03 22:26:32][debug] call back test:{"appid":"wx161f19ac48b1f2f3","attach":"\u9a6c\u62c9\u677e\u62a5\u540d","bank_type":"CFT","cash_fee":"4000","fee_type":"CNY","is_subscribe":"N","mch_id":"1268067601","nonce_str":"bf63ikn5on6002phfxx1jxul9kxwyte4","openid":"ouN6_s4oQz8NE_4CcWF20tu4j44Q","out_trade_no":"126806760120151003222618","result_code":"SUCCESS","return_code":"SUCCESS","sign":"EECA778C32274E227446328586D86ADB","time_end":"20151003222632","total_fee":"4000","trade_type":"JSAPI","transaction_id":"1005930869201510031080547939"}
[2015-10-03 22:26:33][debug] query:{"appid":"wx161f19ac48b1f2f3","attach":"\u9a6c\u62c9\u677e\u62a5\u540d","bank_type":"CFT","cash_fee":"4000","fee_type":"CNY","is_subscribe":"N","mch_id":"1268067601","nonce_str":"nN1SBxjUh933C0W2","openid":"ouN6_s4oQz8NE_4CcWF20tu4j44Q","out_trade_no":"126806760120151003222618","result_code":"SUCCESS","return_code":"SUCCESS","return_msg":"OK","sign":"C1F95D412E26BF48E48A128BB0FE3164","time_end":"20151003222631","total_fee":"4000","trade_state":"SUCCESS","trade_type":"JSAPI","transaction_id":"1005930869201510031080547939"}
[2015-10-03 22:26:33][debug] call back test:订单查询成功
[2015-10-03 22:26:33][debug] call back test:未入库
[2015-10-03 22:26:33][debug] call back test sql:UPDATE pa_marathon SET ispay =1,transaction_id="1005930869201510031080547939",out_trade_no="126806760120151003222618" WHERE openid ="ouN6_s4oQz8NE_4CcWF20tu4j44Q"
[2015-10-03 22:26:33][debug] call back test:入库成功
[2015-10-03 23:27:52][debug] begin notify
[2015-10-03 23:27:52][debug] call back test:{"appid":"wx161f19ac48b1f2f3","attach":"\u9a6c\u62c9\u677e\u62a5\u540d","bank_type":"CFT","cash_fee":"4000","fee_type":"CNY","is_subscribe":"Y","mch_id":"1268067601","nonce_str":"ksc9mmr3mpr3mrlawmnwqpcmw807uefp","openid":"ouN6_s5Dscxx3K9niUmXDsGJ43_c","out_trade_no":"126806760120151003232736","result_code":"SUCCESS","return_code":"SUCCESS","sign":"E475B034F4A6BD24E2AD1E3A75E3FC91","time_end":"20151003232751","total_fee":"4000","trade_type":"JSAPI","transaction_id":"1003750869201510031080937199"}
[2015-10-03 23:27:52][debug] query:{"appid":"wx161f19ac48b1f2f3","attach":"\u9a6c\u62c9\u677e\u62a5\u540d","bank_type":"CFT","cash_fee":"4000","fee_type":"CNY","is_subscribe":"Y","mch_id":"1268067601","nonce_str":"Gc1A2mB3RpPnppTC","openid":"ouN6_s5Dscxx3K9niUmXDsGJ43_c","out_trade_no":"126806760120151003232736","result_code":"SUCCESS","return_code":"SUCCESS","return_msg":"OK","sign":"DC743DB26582522AABAC4CAF27C4D07A","time_end":"20151003232750","total_fee":"4000","trade_state":"SUCCESS","trade_type":"JSAPI","transaction_id":"1003750869201510031080937199"}
[2015-10-03 23:27:52][debug] call back test:订单查询成功
[2015-10-03 23:27:52][debug] call back test:未入库
[2015-10-03 23:27:52][debug] call back test sql:UPDATE pa_marathon SET ispay =1,transaction_id="1003750869201510031080937199",out_trade_no="126806760120151003232736" WHERE openid ="ouN6_s5Dscxx3K9niUmXDsGJ43_c"
[2015-10-03 23:27:52][debug] call back test:入库成功
[2015-10-03 23:48:24][debug] begin notify
[2015-10-03 23:48:24][debug] call back test:{"appid":"wx161f19ac48b1f2f3","attach":"\u9a6c\u62c9\u677e\u62a5\u540d","bank_type":"CFT","cash_fee":"6000","fee_type":"CNY","is_subscribe":"N","mch_id":"1268067601","nonce_str":"stcs1gzqb6hhtc2mmljxja3r2s364oov","openid":"ouN6_s3nUQdml9lxU5AQ7VZ3Rrbs","out_trade_no":"126806760120151003234701","result_code":"SUCCESS","return_code":"SUCCESS","sign":"08B028B124F68D580E86C4E0139B1F00","time_end":"20151003234823","total_fee":"6000","trade_type":"JSAPI","transaction_id":"1002600869201510031081043139"}
[2015-10-03 23:48:24][debug] query:{"appid":"wx161f19ac48b1f2f3","attach":"\u9a6c\u62c9\u677e\u62a5\u540d","bank_type":"CFT","cash_fee":"6000","fee_type":"CNY","is_subscribe":"N","mch_id":"1268067601","nonce_str":"JeGYJ9hnOG16Ucwv","openid":"ouN6_s3nUQdml9lxU5AQ7VZ3Rrbs","out_trade_no":"126806760120151003234701","result_code":"SUCCESS","return_code":"SUCCESS","return_msg":"OK","sign":"3FA207385F7C0E1524963A3A9DB86BF3","time_end":"20151003234823","total_fee":"6000","trade_state":"SUCCESS","trade_type":"JSAPI","transaction_id":"1002600869201510031081043139"}
[2015-10-03 23:48:24][debug] call back test:订单查询成功
[2015-10-03 23:48:24][debug] call back test:未入库
[2015-10-03 23:48:24][debug] call back test sql:UPDATE pa_marathon SET ispay =1,transaction_id="1002600869201510031081043139",out_trade_no="126806760120151003234701" WHERE openid ="ouN6_s3nUQdml9lxU5AQ7VZ3Rrbs"
[2015-10-03 23:48:24][debug] call back test:入库成功
[2015-10-03 23:59:50][debug] begin notify
[2015-10-03 23:59:50][debug] call back test:{"appid":"wx161f19ac48b1f2f3","attach":"\u9a6c\u62c9\u677e\u62a5\u540d","bank_type":"CFT","cash_fee":"6000","fee_type":"CNY","is_subscribe":"Y","mch_id":"1268067601","nonce_str":"vczg8bchamd9elyf3onsmkjp339g6ryr","openid":"ouN6_s9a82YAHy4x5hmsw9r2my_M","out_trade_no":"126806760120151003235906","result_code":"SUCCESS","return_code":"SUCCESS","sign":"BD520282B8F67DE58895C47A8DE79399","time_end":"20151003235949","total_fee":"6000","trade_type":"JSAPI","transaction_id":"1004710869201510031081090363"}
[2015-10-03 23:59:50][debug] query:{"appid":"wx161f19ac48b1f2f3","attach":"\u9a6c\u62c9\u677e\u62a5\u540d","bank_type":"CFT","cash_fee":"6000","fee_type":"CNY","is_subscribe":"Y","mch_id":"1268067601","nonce_str":"K9cEn6it7Pi0XnvO","openid":"ouN6_s9a82YAHy4x5hmsw9r2my_M","out_trade_no":"126806760120151003235906","result_code":"SUCCESS","return_code":"SUCCESS","return_msg":"OK","sign":"DE793B3E331D2A8D42673F56ED2A41D6","time_end":"20151003235949","total_fee":"6000","trade_state":"SUCCESS","trade_type":"JSAPI","transaction_id":"1004710869201510031081090363"}
[2015-10-03 23:59:50][debug] call back test:订单查询成功
[2015-10-03 23:59:50][debug] call back test:未入库
[2015-10-03 23:59:50][debug] call back test sql:UPDATE pa_marathon SET ispay =1,transaction_id="1004710869201510031081090363",out_trade_no="126806760120151003235906" WHERE openid ="ouN6_s9a82YAHy4x5hmsw9r2my_M"
[2015-10-03 23:59:50][debug] call back test:入库成功
