[2015-10-02 08:14:30][debug] begin notify
[2015-10-02 08:14:30][debug] call back test:{"appid":"wx161f19ac48b1f2f3","attach":"\u9a6c\u62c9\u677e\u62a5\u540d","bank_type":"ICBC_DEBIT","cash_fee":"6000","fee_type":"CNY","is_subscribe":"Y","mch_id":"1268067601","nonce_str":"feio54f9d03m2h5vj8v6gl64c4tuda31","openid":"ouN6_s6M1S__28g9ctPKZ5JqgSgE","out_trade_no":"126806760120151002081409","result_code":"SUCCESS","return_code":"SUCCESS","sign":"F6B61CA2F06B3B3D946F778B9C3CEE06","time_end":"20151002081430","total_fee":"6000","trade_type":"JSAPI","transaction_id":"1007160869201510021061589362"}
[2015-10-02 08:14:31][debug] query:{"appid":"wx161f19ac48b1f2f3","attach":"\u9a6c\u62c9\u677e\u62a5\u540d","bank_type":"ICBC_DEBIT","cash_fee":"6000","fee_type":"CNY","is_subscribe":"Y","mch_id":"1268067601","nonce_str":"fvicLG0W9gWHHWrE","openid":"ouN6_s6M1S__28g9ctPKZ5JqgSgE","out_trade_no":"126806760120151002081409","result_code":"SUCCESS","return_code":"SUCCESS","return_msg":"OK","sign":"8F71C51BAC159186BDFE3AC4966E308F","time_end":"20151002081429","total_fee":"6000","trade_state":"SUCCESS","trade_type":"JSAPI","transaction_id":"1007160869201510021061589362"}
[2015-10-02 08:14:31][debug] call back test:订单查询成功
[2015-10-02 08:14:31][debug] call back test:未入库
[2015-10-02 08:14:31][debug] call back test sql:UPDATE pa_marathon SET ispay =1,transaction_id="1007160869201510021061589362",out_trade_no="126806760120151002081409" WHERE openid ="ouN6_s6M1S__28g9ctPKZ5JqgSgE"
[2015-10-02 08:14:31][debug] call back test:入库成功
[2015-10-02 09:22:35][debug] begin notify
[2015-10-02 09:22:35][debug] call back test:{"appid":"wx161f19ac48b1f2f3","attach":"\u9a6c\u62c9\u677e\u62a5\u540d","bank_type":"BOC_DEBIT","cash_fee":"8000","fee_type":"CNY","is_subscribe":"Y","mch_id":"1268067601","nonce_str":"p2lodmq78b6a1plq8z409bdptbjsk89g","openid":"ouN6_s67sOBDzINi87EHRRcjiIvs","out_trade_no":"126806760120151002092152","result_code":"SUCCESS","return_code":"SUCCESS","sign":"9BC967F2774E9D9CEE551CD7C16A1347","time_end":"20151002092235","total_fee":"8000","trade_type":"JSAPI","transaction_id":"1006480869201510021062012157"}
[2015-10-02 09:22:35][debug] query:{"appid":"wx161f19ac48b1f2f3","attach":"\u9a6c\u62c9\u677e\u62a5\u540d","bank_type":"BOC_DEBIT","cash_fee":"8000","fee_type":"CNY","is_subscribe":"Y","mch_id":"1268067601","nonce_str":"dWfRvXT4mIR0mxsf","openid":"ouN6_s67sOBDzINi87EHRRcjiIvs","out_trade_no":"126806760120151002092152","result_code":"SUCCESS","return_code":"SUCCESS","return_msg":"OK","sign":"967470F21003287A45D4DB8A162997E2","time_end":"20151002092234","total_fee":"8000","trade_state":"SUCCESS","trade_type":"JSAPI","transaction_id":"1006480869201510021062012157"}
[2015-10-02 09:22:35][debug] call back test:订单查询成功
[2015-10-02 09:22:35][debug] call back test:未入库
[2015-10-02 09:22:35][debug] call back test sql:UPDATE pa_marathon SET ispay =1,transaction_id="1006480869201510021062012157",out_trade_no="126806760120151002092152" WHERE openid ="ouN6_s67sOBDzINi87EHRRcjiIvs"
[2015-10-02 09:22:35][debug] call back test:入库成功
[2015-10-02 09:23:58][debug] begin notify
[2015-10-02 09:23:58][debug] call back test:{"appid":"wx161f19ac48b1f2f3","attach":"\u9a6c\u62c9\u677e\u62a5\u540d","bank_type":"CMB_CREDIT","cash_fee":"6000","fee_type":"CNY","is_subscribe":"Y","mch_id":"1268067601","nonce_str":"2iaqehliqndludjsm07yex1q2e1dwjjq","openid":"ouN6_s6Qxc9kvb09V6rJ71uFYT6g","out_trade_no":"126806760120151002092313","result_code":"SUCCESS","return_code":"SUCCESS","sign":"615A65BD48AB0A33740A3162503A4BC8","time_end":"20151002092357","total_fee":"6000","trade_type":"JSAPI","transaction_id":"1002960869201510021062024115"}
[2015-10-02 09:24:01][debug] query:{"appid":"wx161f19ac48b1f2f3","attach":"\u9a6c\u62c9\u677e\u62a5\u540d","bank_type":"CMB_CREDIT","cash_fee":"6000","fee_type":"CNY","is_subscribe":"Y","mch_id":"1268067601","nonce_str":"1A3zD3rQxB51vleb","openid":"ouN6_s6Qxc9kvb09V6rJ71uFYT6g","out_trade_no":"126806760120151002092313","result_code":"SUCCESS","return_code":"SUCCESS","return_msg":"OK","sign":"51AA29A020A4F298A7B2B6EF1E92A9E1","time_end":"20151002092357","total_fee":"6000","trade_state":"SUCCESS","trade_type":"JSAPI","transaction_id":"1002960869201510021062024115"}
[2015-10-02 09:24:02][debug] call back test:订单查询成功
[2015-10-02 09:24:02][debug] call back test:未入库
[2015-10-02 09:24:02][debug] call back test sql:UPDATE pa_marathon SET ispay =1,transaction_id="1002960869201510021062024115",out_trade_no="126806760120151002092313" WHERE openid ="ouN6_s6Qxc9kvb09V6rJ71uFYT6g"
[2015-10-02 09:24:02][debug] call back test:入库成功
[2015-10-02 09:24:14][debug] begin notify
[2015-10-02 09:24:14][debug] call back test:{"appid":"wx161f19ac48b1f2f3","attach":"\u9a6c\u62c9\u677e\u62a5\u540d","bank_type":"CMB_CREDIT","cash_fee":"6000","fee_type":"CNY","is_subscribe":"Y","mch_id":"1268067601","nonce_str":"2iaqehliqndludjsm07yex1q2e1dwjjq","openid":"ouN6_s6Qxc9kvb09V6rJ71uFYT6g","out_trade_no":"126806760120151002092313","result_code":"SUCCESS","return_code":"SUCCESS","sign":"615A65BD48AB0A33740A3162503A4BC8","time_end":"20151002092357","total_fee":"6000","trade_type":"JSAPI","transaction_id":"1002960869201510021062024115"}
[2015-10-02 09:24:14][debug] query:{"appid":"wx161f19ac48b1f2f3","attach":"\u9a6c\u62c9\u677e\u62a5\u540d","bank_type":"CMB_CREDIT","cash_fee":"6000","fee_type":"CNY","is_subscribe":"Y","mch_id":"1268067601","nonce_str":"727ehx85jaRheJeW","openid":"ouN6_s6Qxc9kvb09V6rJ71uFYT6g","out_trade_no":"126806760120151002092313","result_code":"SUCCESS","return_code":"SUCCESS","return_msg":"OK","sign":"3FB38B426E87D9678F37EB0AB50CFB01","time_end":"20151002092357","total_fee":"6000","trade_state":"SUCCESS","trade_type":"JSAPI","transaction_id":"1002960869201510021062024115"}
[2015-10-02 09:24:14][debug] call back test:订单查询成功
[2015-10-02 09:24:14][debug] call back test:已入库
[2015-10-02 11:26:12][debug] begin notify
[2015-10-02 11:26:12][debug] call back test:{"appid":"wx161f19ac48b1f2f3","attach":"\u9a6c\u62c9\u677e\u62a5\u540d","bank_type":"ICBC_DEBIT","cash_fee":"4000","fee_type":"CNY","is_subscribe":"N","mch_id":"1268067601","nonce_str":"1c2khv2hytxelfkdl0ymgskmcxrqhe2j","openid":"ouN6_s7_tAkG3bC8NnxrtHwV9cvk","out_trade_no":"126806760120151002112545","result_code":"SUCCESS","return_code":"SUCCESS","sign":"67B91AD3272B45D08BFA1BB10667164A","time_end":"20151002112612","total_fee":"4000","trade_type":"JSAPI","transaction_id":"1010130869201510021063246509"}
[2015-10-02 11:26:13][debug] query:{"appid":"wx161f19ac48b1f2f3","attach":"\u9a6c\u62c9\u677e\u62a5\u540d","bank_type":"ICBC_DEBIT","cash_fee":"4000","fee_type":"CNY","is_subscribe":"N","mch_id":"1268067601","nonce_str":"dsTqG1HM84W0V4uW","openid":"ouN6_s7_tAkG3bC8NnxrtHwV9cvk","out_trade_no":"126806760120151002112545","result_code":"SUCCESS","return_code":"SUCCESS","return_msg":"OK","sign":"54CD830AEA74C330FC39A891E0154BE8","time_end":"20151002112611","total_fee":"4000","trade_state":"SUCCESS","trade_type":"JSAPI","transaction_id":"1010130869201510021063246509"}
[2015-10-02 11:26:13][debug] call back test:订单查询成功
[2015-10-02 11:26:13][debug] call back test:未入库
[2015-10-02 11:26:13][debug] call back test sql:UPDATE pa_marathon SET ispay =1,transaction_id="1010130869201510021063246509",out_trade_no="126806760120151002112545" WHERE openid ="ouN6_s7_tAkG3bC8NnxrtHwV9cvk"
[2015-10-02 11:26:13][debug] call back test:入库成功
[2015-10-02 11:32:46][debug] begin notify
[2015-10-02 11:32:46][debug] call back test:{"appid":"wx161f19ac48b1f2f3","attach":"\u9a6c\u62c9\u677e\u62a5\u540d","bank_type":"ICBC_DEBIT","cash_fee":"6000","fee_type":"CNY","is_subscribe":"Y","mch_id":"1268067601","nonce_str":"tcrskzuzad6we7nawsguijrwlvunnn4a","openid":"ouN6_s8lP_-mTQSWAeSzfSgIL56Y","out_trade_no":"126806760120151002113152","result_code":"SUCCESS","return_code":"SUCCESS","sign":"8F66CE2B3D2BEEDC6339EC6365CFC2FD","time_end":"20151002113245","total_fee":"6000","trade_type":"JSAPI","transaction_id":"1006360869201510021063335100"}
[2015-10-02 11:32:46][debug] query:{"appid":"wx161f19ac48b1f2f3","attach":"\u9a6c\u62c9\u677e\u62a5\u540d","bank_type":"ICBC_DEBIT","cash_fee":"6000","fee_type":"CNY","is_subscribe":"Y","mch_id":"1268067601","nonce_str":"ir2KIW2swrKoTJvg","openid":"ouN6_s8lP_-mTQSWAeSzfSgIL56Y","out_trade_no":"126806760120151002113152","result_code":"SUCCESS","return_code":"SUCCESS","return_msg":"OK","sign":"62B5A692C56890FF5E1A6B6B12EEF8AF","time_end":"20151002113244","total_fee":"6000","trade_state":"SUCCESS","trade_type":"JSAPI","transaction_id":"1006360869201510021063335100"}
[2015-10-02 11:32:46][debug] call back test:订单查询成功
[2015-10-02 11:32:46][debug] call back test:未入库
[2015-10-02 11:32:46][debug] call back test sql:UPDATE pa_marathon SET ispay =1,transaction_id="1006360869201510021063335100",out_trade_no="126806760120151002113152" WHERE openid ="ouN6_s8lP_-mTQSWAeSzfSgIL56Y"
[2015-10-02 11:32:46][debug] call back test:入库成功
[2015-10-02 12:11:08][debug] begin notify
[2015-10-02 12:11:08][debug] call back test:{"appid":"wx161f19ac48b1f2f3","attach":"\u9a6c\u62c9\u677e\u62a5\u540d","bank_type":"CFT","cash_fee":"6000","fee_type":"CNY","is_subscribe":"Y","mch_id":"1268067601","nonce_str":"foqo51dt7sbpb3v90xthdlex2ricisyi","openid":"ouN6_s7DXjSskE59swFZj9yylFks","out_trade_no":"126806760120151002121053","result_code":"SUCCESS","return_code":"SUCCESS","sign":"7DEE8B4C25E65A2B103FEA34E5C771F0","time_end":"20151002121107","total_fee":"6000","trade_type":"JSAPI","transaction_id":"1010130869201510021063842471"}
[2015-10-02 12:11:08][debug] query:{"appid":"wx161f19ac48b1f2f3","attach":"\u9a6c\u62c9\u677e\u62a5\u540d","bank_type":"CFT","cash_fee":"6000","fee_type":"CNY","is_subscribe":"Y","mch_id":"1268067601","nonce_str":"LD2Yqk3oXOjAo06p","openid":"ouN6_s7DXjSskE59swFZj9yylFks","out_trade_no":"126806760120151002121053","result_code":"SUCCESS","return_code":"SUCCESS","return_msg":"OK","sign":"951A612E27EDCE194D34323D49FC6CD2","time_end":"20151002121107","total_fee":"6000","trade_state":"SUCCESS","trade_type":"JSAPI","transaction_id":"1010130869201510021063842471"}
[2015-10-02 12:11:08][debug] call back test:订单查询成功
[2015-10-02 12:11:08][debug] call back test:未入库
[2015-10-02 12:11:08][debug] call back test sql:UPDATE pa_marathon SET ispay =1,transaction_id="1010130869201510021063842471",out_trade_no="126806760120151002121053" WHERE openid ="ouN6_s7DXjSskE59swFZj9yylFks"
[2015-10-02 12:11:08][debug] call back test:入库成功
[2015-10-02 12:32:44][debug] begin notify
[2015-10-02 12:32:44][debug] call back test:{"appid":"wx161f19ac48b1f2f3","attach":"\u9a6c\u62c9\u677e\u62a5\u540d","bank_type":"CFT","cash_fee":"6000","fee_type":"CNY","is_subscribe":"N","mch_id":"1268067601","nonce_str":"xzp8deriztr1i2kbwb0jc4cnwtqxoopf","openid":"ouN6_szL41xSWQnJaQ-ITdM5b2dA","out_trade_no":"126806760120151002122945","result_code":"SUCCESS","return_code":"SUCCESS","sign":"DE05593A2C7A64C463C0A5149D69445F","time_end":"20151002123244","total_fee":"6000","trade_type":"JSAPI","transaction_id":"1000710869201510021064133033"}
[2015-10-02 12:32:50][debug] query:{"appid":"wx161f19ac48b1f2f3","attach":"\u9a6c\u62c9\u677e\u62a5\u540d","bank_type":"CFT","cash_fee":"6000","fee_type":"CNY","is_subscribe":"N","mch_id":"1268067601","nonce_str":"ZgyPjsRmvuKSmw1l","openid":"ouN6_szL41xSWQnJaQ-ITdM5b2dA","out_trade_no":"126806760120151002122945","result_code":"SUCCESS","return_code":"SUCCESS","return_msg":"OK","sign":"B4FB1BB3ED4825506E86530FE9755D4D","time_end":"20151002123243","total_fee":"6000","trade_state":"SUCCESS","trade_type":"JSAPI","transaction_id":"1000710869201510021064133033"}
[2015-10-02 12:32:50][debug] call back test:订单查询成功
[2015-10-02 12:32:50][debug] call back test:未入库
[2015-10-02 12:32:50][debug] call back test sql:UPDATE pa_marathon SET ispay =1,transaction_id="1000710869201510021064133033",out_trade_no="126806760120151002122945" WHERE openid ="ouN6_szL41xSWQnJaQ-ITdM5b2dA"
[2015-10-02 12:32:50][debug] call back test:入库成功
[2015-10-02 12:33:01][debug] begin notify
[2015-10-02 12:33:01][debug] call back test:{"appid":"wx161f19ac48b1f2f3","attach":"\u9a6c\u62c9\u677e\u62a5\u540d","bank_type":"CFT","cash_fee":"6000","fee_type":"CNY","is_subscribe":"N","mch_id":"1268067601","nonce_str":"xzp8deriztr1i2kbwb0jc4cnwtqxoopf","openid":"ouN6_szL41xSWQnJaQ-ITdM5b2dA","out_trade_no":"126806760120151002122945","result_code":"SUCCESS","return_code":"SUCCESS","sign":"DE05593A2C7A64C463C0A5149D69445F","time_end":"20151002123244","total_fee":"6000","trade_type":"JSAPI","transaction_id":"1000710869201510021064133033"}
[2015-10-02 12:33:01][debug] query:{"appid":"wx161f19ac48b1f2f3","attach":"\u9a6c\u62c9\u677e\u62a5\u540d","bank_type":"CFT","cash_fee":"6000","fee_type":"CNY","is_subscribe":"Y","mch_id":"1268067601","nonce_str":"Ehf8EP8psH6eC7iJ","openid":"ouN6_szL41xSWQnJaQ-ITdM5b2dA","out_trade_no":"126806760120151002122945","result_code":"SUCCESS","return_code":"SUCCESS","return_msg":"OK","sign":"04EEE94AE8119114DBA18DB347FCA7C7","time_end":"20151002123243","total_fee":"6000","trade_state":"SUCCESS","trade_type":"JSAPI","transaction_id":"1000710869201510021064133033"}
[2015-10-02 12:33:01][debug] call back test:订单查询成功
[2015-10-02 12:33:01][debug] call back test:已入库
[2015-10-02 12:41:04][debug] begin notify
[2015-10-02 12:41:04][debug] call back test:{"appid":"wx161f19ac48b1f2f3","attach":"\u9a6c\u62c9\u677e\u62a5\u540d","bank_type":"COMM_DEBIT","cash_fee":"6000","fee_type":"CNY","is_subscribe":"Y","mch_id":"1268067601","nonce_str":"3sbukexmy8ud9mrmxxn517lk1q3y4tsd","openid":"ouN6_szL41xSWQnJaQ-ITdM5b2dA","out_trade_no":"126806760120151002123942","result_code":"SUCCESS","return_code":"SUCCESS","sign":"C51BEF64BAB8FA9F6CB9FB1FEAF00477","time_end":"20151002124104","total_fee":"6000","trade_type":"JSAPI","transaction_id":"1000710869201510021064240059"}
[2015-10-02 12:41:04][debug] query:{"appid":"wx161f19ac48b1f2f3","attach":"\u9a6c\u62c9\u677e\u62a5\u540d","bank_type":"COMM_DEBIT","cash_fee":"6000","fee_type":"CNY","is_subscribe":"Y","mch_id":"1268067601","nonce_str":"ywQHdPtJhotV2Thg","openid":"ouN6_szL41xSWQnJaQ-ITdM5b2dA","out_trade_no":"126806760120151002123942","result_code":"SUCCESS","return_code":"SUCCESS","return_msg":"OK","sign":"BA7108E2E6306B97CA9E21A4E83FFD46","time_end":"20151002124103","total_fee":"6000","trade_state":"SUCCESS","trade_type":"JSAPI","transaction_id":"1000710869201510021064240059"}
[2015-10-02 12:41:04][debug] call back test:订单查询成功
[2015-10-02 12:41:04][debug] call back test:未入库
[2015-10-02 12:41:04][debug] call back test sql:UPDATE pa_marathon SET ispay =1,transaction_id="1000710869201510021064240059",out_trade_no="126806760120151002123942" WHERE openid ="ouN6_szL41xSWQnJaQ-ITdM5b2dA"
[2015-10-02 12:41:04][debug] call back test:入库成功
[2015-10-02 13:17:59][debug] begin notify
[2015-10-02 13:17:59][debug] call back test:{"appid":"wx161f19ac48b1f2f3","attach":"\u9a6c\u62c9\u677e\u62a5\u540d","bank_type":"ICBC_DEBIT","cash_fee":"6000","fee_type":"CNY","is_subscribe":"Y","mch_id":"1268067601","nonce_str":"2qsctcctbm9uok7wdf1bq4hmaverqc6u","openid":"ouN6_s0SOxbWA5aHvmrJH29Lu7hA","out_trade_no":"126806760120151002131449","result_code":"SUCCESS","return_code":"SUCCESS","sign":"CCE78CAA06A95F5F14FE503D997314F3","time_end":"20151002131757","total_fee":"6000","trade_type":"JSAPI","transaction_id":"1007390869201510021064680965"}
[2015-10-02 13:18:12][debug] begin notify
[2015-10-02 13:18:12][debug] call back test:{"appid":"wx161f19ac48b1f2f3","attach":"\u9a6c\u62c9\u677e\u62a5\u540d","bank_type":"ICBC_DEBIT","cash_fee":"6000","fee_type":"CNY","is_subscribe":"Y","mch_id":"1268067601","nonce_str":"2qsctcctbm9uok7wdf1bq4hmaverqc6u","openid":"ouN6_s0SOxbWA5aHvmrJH29Lu7hA","out_trade_no":"126806760120151002131449","result_code":"SUCCESS","return_code":"SUCCESS","sign":"CCE78CAA06A95F5F14FE503D997314F3","time_end":"20151002131757","total_fee":"6000","trade_type":"JSAPI","transaction_id":"1007390869201510021064680965"}
[2015-10-02 13:18:33][debug] begin notify
[2015-10-02 13:18:33][debug] call back test:{"appid":"wx161f19ac48b1f2f3","attach":"\u9a6c\u62c9\u677e\u62a5\u540d","bank_type":"ICBC_DEBIT","cash_fee":"6000","fee_type":"CNY","is_subscribe":"Y","mch_id":"1268067601","nonce_str":"2qsctcctbm9uok7wdf1bq4hmaverqc6u","openid":"ouN6_s0SOxbWA5aHvmrJH29Lu7hA","out_trade_no":"126806760120151002131449","result_code":"SUCCESS","return_code":"SUCCESS","sign":"CCE78CAA06A95F5F14FE503D997314F3","time_end":"20151002131757","total_fee":"6000","trade_type":"JSAPI","transaction_id":"1007390869201510021064680965"}
[2015-10-02 13:18:38][debug] query:{"appid":"wx161f19ac48b1f2f3","attach":"\u9a6c\u62c9\u677e\u62a5\u540d","bank_type":"ICBC_DEBIT","cash_fee":"6000","fee_type":"CNY","is_subscribe":"Y","mch_id":"1268067601","nonce_str":"IiooHw2HjA4XWrrO","openid":"ouN6_s0SOxbWA5aHvmrJH29Lu7hA","out_trade_no":"126806760120151002131449","result_code":"SUCCESS","return_code":"SUCCESS","return_msg":"OK","sign":"37AA9BB3E765D23E1B179738438FBF42","time_end":"20151002131756","total_fee":"6000","trade_state":"SUCCESS","trade_type":"JSAPI","transaction_id":"1007390869201510021064680965"}
[2015-10-02 13:18:38][debug] call back test:订单查询成功
[2015-10-02 13:18:38][debug] call back test:未入库
[2015-10-02 13:18:38][debug] call back test sql:UPDATE pa_marathon SET ispay =1,transaction_id="1007390869201510021064680965",out_trade_no="126806760120151002131449" WHERE openid ="ouN6_s0SOxbWA5aHvmrJH29Lu7hA"
[2015-10-02 13:18:38][debug] call back test:入库成功
[2015-10-02 13:19:10][debug] begin notify
[2015-10-02 13:19:10][debug] call back test:{"appid":"wx161f19ac48b1f2f3","attach":"\u9a6c\u62c9\u677e\u62a5\u540d","bank_type":"ICBC_DEBIT","cash_fee":"6000","fee_type":"CNY","is_subscribe":"Y","mch_id":"1268067601","nonce_str":"2qsctcctbm9uok7wdf1bq4hmaverqc6u","openid":"ouN6_s0SOxbWA5aHvmrJH29Lu7hA","out_trade_no":"126806760120151002131449","result_code":"SUCCESS","return_code":"SUCCESS","sign":"CCE78CAA06A95F5F14FE503D997314F3","time_end":"20151002131757","total_fee":"6000","trade_type":"JSAPI","transaction_id":"1007390869201510021064680965"}
[2015-10-02 13:19:10][debug] query:{"appid":"wx161f19ac48b1f2f3","attach":"\u9a6c\u62c9\u677e\u62a5\u540d","bank_type":"ICBC_DEBIT","cash_fee":"6000","fee_type":"CNY","is_subscribe":"Y","mch_id":"1268067601","nonce_str":"1LEvlKFM2pwicf8g","openid":"ouN6_s0SOxbWA5aHvmrJH29Lu7hA","out_trade_no":"126806760120151002131449","result_code":"SUCCESS","return_code":"SUCCESS","return_msg":"OK","sign":"25C0C6A21FCF2DCCE6DFB80095C6D45D","time_end":"20151002131756","total_fee":"6000","trade_state":"SUCCESS","trade_type":"JSAPI","transaction_id":"1007390869201510021064680965"}
[2015-10-02 13:19:10][debug] call back test:订单查询成功
[2015-10-02 13:19:10][debug] call back test:已入库
[2015-10-02 13:21:48][debug] begin notify
[2015-10-02 13:21:48][debug] call back test:{"appid":"wx161f19ac48b1f2f3","attach":"\u9a6c\u62c9\u677e\u62a5\u540d","bank_type":"ICBC_DEBIT","cash_fee":"6000","fee_type":"CNY","is_subscribe":"Y","mch_id":"1268067601","nonce_str":"7z1qyspfw63oavx6qr7pmyrdzsheoal8","openid":"ouN6_sxM4a29iQA92rOPf4Fc8qXU","out_trade_no":"126806760120151002132054","result_code":"SUCCESS","return_code":"SUCCESS","sign":"38D2E084FF6CCE834F56081B6A659968","time_end":"20151002132148","total_fee":"6000","trade_type":"JSAPI","transaction_id":"1008320869201510021064760244"}
[2015-10-02 13:21:49][debug] query:{"appid":"wx161f19ac48b1f2f3","attach":"\u9a6c\u62c9\u677e\u62a5\u540d","bank_type":"ICBC_DEBIT","cash_fee":"6000","fee_type":"CNY","is_subscribe":"Y","mch_id":"1268067601","nonce_str":"90sjmLc3Vjll8qyi","openid":"ouN6_sxM4a29iQA92rOPf4Fc8qXU","out_trade_no":"126806760120151002132054","result_code":"SUCCESS","return_code":"SUCCESS","return_msg":"OK","sign":"20D9F93C0B2395201817B687A3D57205","time_end":"20151002132147","total_fee":"6000","trade_state":"SUCCESS","trade_type":"JSAPI","transaction_id":"1008320869201510021064760244"}
[2015-10-02 13:21:49][debug] call back test:订单查询成功
[2015-10-02 13:21:49][debug] call back test:未入库
[2015-10-02 13:21:49][debug] call back test sql:UPDATE pa_marathon SET ispay =1,transaction_id="1008320869201510021064760244",out_trade_no="126806760120151002132054" WHERE openid ="ouN6_sxM4a29iQA92rOPf4Fc8qXU"
[2015-10-02 13:21:49][debug] call back test:入库成功
[2015-10-02 13:28:28][debug] begin notify
[2015-10-02 13:28:28][debug] call back test:{"appid":"wx161f19ac48b1f2f3","attach":"\u9a6c\u62c9\u677e\u62a5\u540d","bank_type":"ICBC_DEBIT","cash_fee":"6000","fee_type":"CNY","is_subscribe":"Y","mch_id":"1268067601","nonce_str":"ekpgrh69ycklyugi6v6d0m9cr2y7p59r","openid":"ouN6_sxM4a29iQA92rOPf4Fc8qXU","out_trade_no":"126806760120151002132807","result_code":"SUCCESS","return_code":"SUCCESS","sign":"8755D495FED47EA454A9E1A3FCC61510","time_end":"20151002132828","total_fee":"6000","trade_type":"JSAPI","transaction_id":"1008320869201510021064811588"}
[2015-10-02 13:28:28][debug] query:{"appid":"wx161f19ac48b1f2f3","attach":"\u9a6c\u62c9\u677e\u62a5\u540d","bank_type":"ICBC_DEBIT","cash_fee":"6000","fee_type":"CNY","is_subscribe":"Y","mch_id":"1268067601","nonce_str":"fpVZ2NlRc3rUImG0","openid":"ouN6_sxM4a29iQA92rOPf4Fc8qXU","out_trade_no":"126806760120151002132807","result_code":"SUCCESS","return_code":"SUCCESS","return_msg":"OK","sign":"1D59D458BA2E8013D8219E0839451ADC","time_end":"20151002132827","total_fee":"6000","trade_state":"SUCCESS","trade_type":"JSAPI","transaction_id":"1008320869201510021064811588"}
[2015-10-02 13:28:28][debug] call back test:订单查询成功
[2015-10-02 13:28:28][debug] call back test:未入库
[2015-10-02 13:28:28][debug] call back test sql:UPDATE pa_marathon SET ispay =1,transaction_id="1008320869201510021064811588",out_trade_no="126806760120151002132807" WHERE openid ="ouN6_sxM4a29iQA92rOPf4Fc8qXU"
[2015-10-02 13:28:28][debug] call back test:入库成功
[2015-10-02 13:57:04][debug] begin notify
[2015-10-02 13:57:04][debug] call back test:{"appid":"wx161f19ac48b1f2f3","attach":"\u9a6c\u62c9\u677e\u62a5\u540d","bank_type":"ICBC_DEBIT","cash_fee":"6000","fee_type":"CNY","is_subscribe":"Y","mch_id":"1268067601","nonce_str":"v87fc8fowgslu93pw0tqfekpej16z326","openid":"ouN6_sxM4a29iQA92rOPf4Fc8qXU","out_trade_no":"126806760120151002135549","result_code":"SUCCESS","return_code":"SUCCESS","sign":"57EB64D5C396CEAFB299CD90FDF1A0B3","time_end":"20151002135704","total_fee":"6000","trade_type":"JSAPI","transaction_id":"1008320869201510021065164027"}
[2015-10-02 13:57:04][debug] query:{"appid":"wx161f19ac48b1f2f3","attach":"\u9a6c\u62c9\u677e\u62a5\u540d","bank_type":"ICBC_DEBIT","cash_fee":"6000","fee_type":"CNY","is_subscribe":"Y","mch_id":"1268067601","nonce_str":"8LDJnW0hZaSnvpPc","openid":"ouN6_sxM4a29iQA92rOPf4Fc8qXU","out_trade_no":"126806760120151002135549","result_code":"SUCCESS","return_code":"SUCCESS","return_msg":"OK","sign":"1BAAE8117EFB0F3C9BFC84E97E3AE11F","time_end":"20151002135703","total_fee":"6000","trade_state":"SUCCESS","trade_type":"JSAPI","transaction_id":"1008320869201510021065164027"}
[2015-10-02 13:57:04][debug] call back test:订单查询成功
[2015-10-02 13:57:04][debug] call back test:未入库
[2015-10-02 13:57:04][debug] call back test sql:UPDATE pa_marathon SET ispay =1,transaction_id="1008320869201510021065164027",out_trade_no="126806760120151002135549" WHERE openid ="ouN6_sxM4a29iQA92rOPf4Fc8qXU"
[2015-10-02 13:57:04][debug] call back test:入库成功
[2015-10-02 14:08:47][debug] begin notify
[2015-10-02 14:08:47][debug] call back test:{"appid":"wx161f19ac48b1f2f3","attach":"\u9a6c\u62c9\u677e\u62a5\u540d","bank_type":"ICBC_DEBIT","cash_fee":"6000","fee_type":"CNY","is_subscribe":"N","mch_id":"1268067601","nonce_str":"3empvyzx0tdg9a3zdjuggsj56ki0pzyl","openid":"ouN6_s-v6G178iu5zTiUAbdU3C4M","out_trade_no":"126806760120151002140840","result_code":"SUCCESS","return_code":"SUCCESS","sign":"8E55A02FD2F3DC744C288DDE3E8D2C8A","time_end":"20151002140847","total_fee":"6000","trade_type":"JSAPI","transaction_id":"1007170869201510021065279174"}
[2015-10-02 14:08:47][debug] query:{"appid":"wx161f19ac48b1f2f3","attach":"\u9a6c\u62c9\u677e\u62a5\u540d","bank_type":"ICBC_DEBIT","cash_fee":"6000","fee_type":"CNY","is_subscribe":"N","mch_id":"1268067601","nonce_str":"z3eMiwnX9U9GN03Y","openid":"ouN6_s-v6G178iu5zTiUAbdU3C4M","out_trade_no":"126806760120151002140840","result_code":"SUCCESS","return_code":"SUCCESS","return_msg":"OK","sign":"4CE4672B39F56A7AFBD576426C547CA9","time_end":"20151002140846","total_fee":"6000","trade_state":"SUCCESS","trade_type":"JSAPI","transaction_id":"1007170869201510021065279174"}
[2015-10-02 14:08:47][debug] call back test:订单查询成功
[2015-10-02 14:08:47][debug] call back test:未入库
[2015-10-02 14:08:47][debug] call back test sql:UPDATE pa_marathon SET ispay =1,transaction_id="1007170869201510021065279174",out_trade_no="126806760120151002140840" WHERE openid ="ouN6_s-v6G178iu5zTiUAbdU3C4M"
[2015-10-02 14:08:47][debug] call back test:入库成功
[2015-10-02 14:10:49][debug] begin notify
[2015-10-02 14:10:49][debug] call back test:{"appid":"wx161f19ac48b1f2f3","attach":"\u9a6c\u62c9\u677e\u62a5\u540d","bank_type":"CMB_CREDIT","cash_fee":"8000","fee_type":"CNY","is_subscribe":"N","mch_id":"1268067601","nonce_str":"vb2lxp5ixhvrzra0d2avewxhshxuqgw5","openid":"ouN6_sz4M_NlZCL3CwRF45GRzWYI","out_trade_no":"126806760120151002141027","result_code":"SUCCESS","return_code":"SUCCESS","sign":"73189735A9C89D68540D286A8F0C4248","time_end":"20151002141049","total_fee":"8000","trade_type":"JSAPI","transaction_id":"1008480869201510021065302158"}
[2015-10-02 14:10:52][debug] query:{"appid":"wx161f19ac48b1f2f3","attach":"\u9a6c\u62c9\u677e\u62a5\u540d","bank_type":"CMB_CREDIT","cash_fee":"8000","fee_type":"CNY","is_subscribe":"N","mch_id":"1268067601","nonce_str":"LEjIgQ89iMrWv4z3","openid":"ouN6_sz4M_NlZCL3CwRF45GRzWYI","out_trade_no":"126806760120151002141027","result_code":"SUCCESS","return_code":"SUCCESS","return_msg":"OK","sign":"EF1C41C3C33B43D783C73AF11AC0E8BD","time_end":"20151002141048","total_fee":"8000","trade_state":"SUCCESS","trade_type":"JSAPI","transaction_id":"1008480869201510021065302158"}
[2015-10-02 14:10:52][debug] call back test:订单查询成功
[2015-10-02 14:10:52][debug] call back test:未入库
[2015-10-02 14:10:52][debug] call back test sql:UPDATE pa_marathon SET ispay =1,transaction_id="1008480869201510021065302158",out_trade_no="126806760120151002141027" WHERE openid ="ouN6_sz4M_NlZCL3CwRF45GRzWYI"
[2015-10-02 14:10:52][debug] call back test:入库成功
[2015-10-02 14:11:05][debug] begin notify
[2015-10-02 14:11:05][debug] call back test:{"appid":"wx161f19ac48b1f2f3","attach":"\u9a6c\u62c9\u677e\u62a5\u540d","bank_type":"CMB_CREDIT","cash_fee":"8000","fee_type":"CNY","is_subscribe":"N","mch_id":"1268067601","nonce_str":"vb2lxp5ixhvrzra0d2avewxhshxuqgw5","openid":"ouN6_sz4M_NlZCL3CwRF45GRzWYI","out_trade_no":"126806760120151002141027","result_code":"SUCCESS","return_code":"SUCCESS","sign":"73189735A9C89D68540D286A8F0C4248","time_end":"20151002141049","total_fee":"8000","trade_type":"JSAPI","transaction_id":"1008480869201510021065302158"}
[2015-10-02 14:11:06][debug] query:{"appid":"wx161f19ac48b1f2f3","attach":"\u9a6c\u62c9\u677e\u62a5\u540d","bank_type":"CMB_CREDIT","cash_fee":"8000","fee_type":"CNY","is_subscribe":"Y","mch_id":"1268067601","nonce_str":"e3mRgguQ2EYsld1O","openid":"ouN6_sz4M_NlZCL3CwRF45GRzWYI","out_trade_no":"126806760120151002141027","result_code":"SUCCESS","return_code":"SUCCESS","return_msg":"OK","sign":"A8BC2EA2EC93FF0126216273531979C7","time_end":"20151002141048","total_fee":"8000","trade_state":"SUCCESS","trade_type":"JSAPI","transaction_id":"1008480869201510021065302158"}
[2015-10-02 14:11:06][debug] call back test:订单查询成功
[2015-10-02 14:11:06][debug] call back test:已入库
[2015-10-02 14:13:08][debug] begin notify
[2015-10-02 14:13:08][debug] call back test:{"appid":"wx161f19ac48b1f2f3","attach":"\u9a6c\u62c9\u677e\u62a5\u540d","bank_type":"CMB_CREDIT","cash_fee":"8000","fee_type":"CNY","is_subscribe":"Y","mch_id":"1268067601","nonce_str":"3v7ik5wboq4iuvwdrukbbrxpe1gt0eu4","openid":"ouN6_sz4M_NlZCL3CwRF45GRzWYI","out_trade_no":"126806760120151002141248","result_code":"SUCCESS","return_code":"SUCCESS","sign":"2A98298128CBDD2D52C62348A4E25BA2","time_end":"20151002141307","total_fee":"8000","trade_type":"JSAPI","transaction_id":"1008480869201510021065341288"}
[2015-10-02 14:13:11][debug] query:{"appid":"wx161f19ac48b1f2f3","attach":"\u9a6c\u62c9\u677e\u62a5\u540d","bank_type":"CMB_CREDIT","cash_fee":"8000","fee_type":"CNY","is_subscribe":"Y","mch_id":"1268067601","nonce_str":"FIePA4lrdn8keVcf","openid":"ouN6_sz4M_NlZCL3CwRF45GRzWYI","out_trade_no":"126806760120151002141248","result_code":"SUCCESS","return_code":"SUCCESS","return_msg":"OK","sign":"E1D3C3BEF793DE6B4922A5D3FB4FF265","time_end":"20151002141307","total_fee":"8000","trade_state":"SUCCESS","trade_type":"JSAPI","transaction_id":"1008480869201510021065341288"}
[2015-10-02 14:13:11][debug] call back test:订单查询成功
[2015-10-02 14:13:11][debug] call back test:未入库
[2015-10-02 14:13:11][debug] call back test sql:UPDATE pa_marathon SET ispay =1,transaction_id="1008480869201510021065341288",out_trade_no="126806760120151002141248" WHERE openid ="ouN6_sz4M_NlZCL3CwRF45GRzWYI"
[2015-10-02 14:13:11][debug] call back test:入库成功
[2015-10-02 14:13:22][debug] begin notify
[2015-10-02 14:13:22][debug] call back test:{"appid":"wx161f19ac48b1f2f3","attach":"\u9a6c\u62c9\u677e\u62a5\u540d","bank_type":"CMB_CREDIT","cash_fee":"8000","fee_type":"CNY","is_subscribe":"Y","mch_id":"1268067601","nonce_str":"3v7ik5wboq4iuvwdrukbbrxpe1gt0eu4","openid":"ouN6_sz4M_NlZCL3CwRF45GRzWYI","out_trade_no":"126806760120151002141248","result_code":"SUCCESS","return_code":"SUCCESS","sign":"2A98298128CBDD2D52C62348A4E25BA2","time_end":"20151002141307","total_fee":"8000","trade_type":"JSAPI","transaction_id":"1008480869201510021065341288"}
[2015-10-02 14:13:22][debug] query:{"appid":"wx161f19ac48b1f2f3","attach":"\u9a6c\u62c9\u677e\u62a5\u540d","bank_type":"CMB_CREDIT","cash_fee":"8000","fee_type":"CNY","is_subscribe":"Y","mch_id":"1268067601","nonce_str":"TemHY3XyDHqbokgw","openid":"ouN6_sz4M_NlZCL3CwRF45GRzWYI","out_trade_no":"126806760120151002141248","result_code":"SUCCESS","return_code":"SUCCESS","return_msg":"OK","sign":"B6DF733BE63D1E382B30EBEF057552F7","time_end":"20151002141307","total_fee":"8000","trade_state":"SUCCESS","trade_type":"JSAPI","transaction_id":"1008480869201510021065341288"}
[2015-10-02 14:13:22][debug] call back test:订单查询成功
[2015-10-02 14:13:22][debug] call back test:已入库
[2015-10-02 16:10:25][debug] begin notify
[2015-10-02 16:10:25][debug] call back test:{"appid":"wx161f19ac48b1f2f3","attach":"\u9a6c\u62c9\u677e\u62a5\u540d","bank_type":"ICBC_DEBIT","cash_fee":"4000","fee_type":"CNY","is_subscribe":"Y","mch_id":"1268067601","nonce_str":"vonjoru68kyp9c0ufnrodr36801rjqdq","openid":"ouN6_s79LH32z7ZyekCz3Eugb1ks","out_trade_no":"126806760120151002160347","result_code":"SUCCESS","return_code":"SUCCESS","sign":"83AB96C6C1B7693DF58A2DCB53022221","time_end":"20151002161024","total_fee":"4000","trade_type":"JSAPI","transaction_id":"1002590869201510021066444595"}
[2015-10-02 16:10:25][debug] query:{"appid":"wx161f19ac48b1f2f3","attach":"\u9a6c\u62c9\u677e\u62a5\u540d","bank_type":"ICBC_DEBIT","cash_fee":"4000","fee_type":"CNY","is_subscribe":"Y","mch_id":"1268067601","nonce_str":"qC9MrwaZ23eqc5nX","openid":"ouN6_s79LH32z7ZyekCz3Eugb1ks","out_trade_no":"126806760120151002160347","result_code":"SUCCESS","return_code":"SUCCESS","return_msg":"OK","sign":"BB2680AAC0FB2583B8F8860D31AE8FCC","time_end":"20151002161024","total_fee":"4000","trade_state":"SUCCESS","trade_type":"JSAPI","transaction_id":"1002590869201510021066444595"}
[2015-10-02 16:10:25][debug] call back test:订单查询成功
[2015-10-02 16:10:25][debug] call back test:未入库
[2015-10-02 16:10:25][debug] call back test sql:UPDATE pa_marathon SET ispay =1,transaction_id="1002590869201510021066444595",out_trade_no="126806760120151002160347" WHERE openid ="ouN6_s79LH32z7ZyekCz3Eugb1ks"
[2015-10-02 16:10:25][debug] call back test:入库成功
[2015-10-02 16:27:16][debug] begin notify
[2015-10-02 16:27:16][debug] call back test:{"appid":"wx161f19ac48b1f2f3","attach":"\u9a6c\u62c9\u677e\u62a5\u540d","bank_type":"ICBC_DEBIT","cash_fee":"6000","fee_type":"CNY","is_subscribe":"N","mch_id":"1268067601","nonce_str":"ptv0fu52kb6r8z0x5vx5q6cjclytsl7o","openid":"ouN6_s_44Ji8OV261HDhpK8-abbY","out_trade_no":"126806760120151002162504","result_code":"SUCCESS","return_code":"SUCCESS","sign":"DF29B29AAA67CCD1DE3518AA4BB3FB28","time_end":"20151002162657","total_fee":"6000","trade_type":"JSAPI","transaction_id":"1006620869201510021066652508"}
[2015-10-02 16:27:19][debug] query:{"appid":"wx161f19ac48b1f2f3","attach":"\u9a6c\u62c9\u677e\u62a5\u540d","bank_type":"ICBC_DEBIT","cash_fee":"6000","fee_type":"CNY","is_subscribe":"Y","mch_id":"1268067601","nonce_str":"I99bz7A4JPm8iLoC","openid":"ouN6_s_44Ji8OV261HDhpK8-abbY","out_trade_no":"126806760120151002162504","result_code":"SUCCESS","return_code":"SUCCESS","return_msg":"OK","sign":"DED9F448BC101E74EB56BBC339887234","time_end":"20151002162614","total_fee":"6000","trade_state":"SUCCESS","trade_type":"JSAPI","transaction_id":"1006620869201510021066652508"}
[2015-10-02 16:27:19][debug] call back test:订单查询成功
[2015-10-02 16:27:19][debug] call back test:未入库
[2015-10-02 16:27:19][debug] call back test sql:UPDATE pa_marathon SET ispay =1,transaction_id="1006620869201510021066652508",out_trade_no="126806760120151002162504" WHERE openid ="ouN6_s_44Ji8OV261HDhpK8-abbY"
[2015-10-02 16:27:19][debug] call back test:入库成功
[2015-10-02 16:42:28][debug] begin notify
[2015-10-02 16:42:28][debug] call back test:{"appid":"wx161f19ac48b1f2f3","attach":"\u9a6c\u62c9\u677e\u62a5\u540d","bank_type":"CFT","cash_fee":"6000","fee_type":"CNY","is_subscribe":"Y","mch_id":"1268067601","nonce_str":"a3nco5t8g9h615mf538sw83bjy3ob9u7","openid":"ouN6_s64DX78ru6JHXmKPXYDnoTs","out_trade_no":"126806760120151002164214","result_code":"SUCCESS","return_code":"SUCCESS","sign":"35D8B41D8AB4CD7F49F297A1AA5BCC0F","time_end":"20151002164228","total_fee":"6000","trade_type":"JSAPI","transaction_id":"1001650869201510021066813794"}
[2015-10-02 16:42:29][debug] query:{"appid":"wx161f19ac48b1f2f3","attach":"\u9a6c\u62c9\u677e\u62a5\u540d","bank_type":"CFT","cash_fee":"6000","fee_type":"CNY","is_subscribe":"Y","mch_id":"1268067601","nonce_str":"ih7EtS5ofhggTKT5","openid":"ouN6_s64DX78ru6JHXmKPXYDnoTs","out_trade_no":"126806760120151002164214","result_code":"SUCCESS","return_code":"SUCCESS","return_msg":"OK","sign":"A5F28F109E7E026AA0E4C2A2C1C44B0C","time_end":"20151002164228","total_fee":"6000","trade_state":"SUCCESS","trade_type":"JSAPI","transaction_id":"1001650869201510021066813794"}
[2015-10-02 16:42:29][debug] call back test:订单查询成功
[2015-10-02 16:42:29][debug] call back test:未入库
[2015-10-02 16:42:29][debug] call back test sql:UPDATE pa_marathon SET ispay =1,transaction_id="1001650869201510021066813794",out_trade_no="126806760120151002164214" WHERE openid ="ouN6_s64DX78ru6JHXmKPXYDnoTs"
[2015-10-02 16:42:29][debug] call back test:入库成功
[2015-10-02 16:53:06][debug] begin notify
[2015-10-02 16:53:06][debug] call back test:{"appid":"wx161f19ac48b1f2f3","attach":"\u9a6c\u62c9\u677e\u62a5\u540d","bank_type":"CFT","cash_fee":"4000","fee_type":"CNY","is_subscribe":"Y","mch_id":"1268067601","nonce_str":"89tpg6lu8k44tybkuos79cu7yah1zljb","openid":"ouN6_s1hgmDUuguPFM0wGoA5bffM","out_trade_no":"126806760120151002165242","result_code":"SUCCESS","return_code":"SUCCESS","sign":"9ACB91A5C01897BE4879914548A28AD0","time_end":"20151002165305","total_fee":"4000","trade_type":"JSAPI","transaction_id":"1006450869201510021066929901"}
[2015-10-02 16:53:06][debug] query:{"appid":"wx161f19ac48b1f2f3","attach":"\u9a6c\u62c9\u677e\u62a5\u540d","bank_type":"CFT","cash_fee":"4000","fee_type":"CNY","is_subscribe":"Y","mch_id":"1268067601","nonce_str":"LEZhFlIVjvDfvUMV","openid":"ouN6_s1hgmDUuguPFM0wGoA5bffM","out_trade_no":"126806760120151002165242","result_code":"SUCCESS","return_code":"SUCCESS","return_msg":"OK","sign":"50EDE70672499B49FDE16B492E86934D","time_end":"20151002165305","total_fee":"4000","trade_state":"SUCCESS","trade_type":"JSAPI","transaction_id":"1006450869201510021066929901"}
[2015-10-02 16:53:06][debug] call back test:订单查询成功
[2015-10-02 16:53:06][debug] call back test:未入库
[2015-10-02 16:53:06][debug] call back test sql:UPDATE pa_marathon SET ispay =1,transaction_id="1006450869201510021066929901",out_trade_no="126806760120151002165242" WHERE openid ="ouN6_s1hgmDUuguPFM0wGoA5bffM"
[2015-10-02 16:53:06][debug] call back test:入库成功
[2015-10-02 17:18:33][debug] begin notify
[2015-10-02 17:18:33][debug] call back test:{"appid":"wx161f19ac48b1f2f3","attach":"\u9a6c\u62c9\u677e\u62a5\u540d","bank_type":"CIB_CREDIT","cash_fee":"6000","fee_type":"CNY","is_subscribe":"Y","mch_id":"1268067601","nonce_str":"mlfmeto0b6s3sqavzaq949stib2x5qgv","openid":"ouN6_s6dpg5wBsBsyppc_NFBn6AI","out_trade_no":"126806760120151002171509","result_code":"SUCCESS","return_code":"SUCCESS","sign":"3D4947C9AB8615AC4A9C3B586B4F4C84","time_end":"20151002171817","total_fee":"6000","trade_type":"JSAPI","transaction_id":"1003540869201510021067193906"}
[2015-10-02 17:18:37][debug] query:{"appid":"wx161f19ac48b1f2f3","attach":"\u9a6c\u62c9\u677e\u62a5\u540d","bank_type":"CIB_CREDIT","cash_fee":"6000","fee_type":"CNY","is_subscribe":"Y","mch_id":"1268067601","nonce_str":"sHPcFcWoE7X1Qgmd","openid":"ouN6_s6dpg5wBsBsyppc_NFBn6AI","out_trade_no":"126806760120151002171509","result_code":"SUCCESS","return_code":"SUCCESS","return_msg":"OK","sign":"CE647E9A4C61F06ECDBC493B3F8840B8","time_end":"20151002171746","total_fee":"6000","trade_state":"SUCCESS","trade_type":"JSAPI","transaction_id":"1003540869201510021067193906"}
[2015-10-02 17:18:37][debug] call back test:订单查询成功
[2015-10-02 17:18:37][debug] call back test:未入库
[2015-10-02 17:18:37][debug] call back test sql:UPDATE pa_marathon SET ispay =1,transaction_id="1003540869201510021067193906",out_trade_no="126806760120151002171509" WHERE openid ="ouN6_s6dpg5wBsBsyppc_NFBn6AI"
[2015-10-02 17:18:37][debug] call back test:入库成功
[2015-10-02 19:43:22][debug] begin notify
[2015-10-02 19:43:22][debug] call back test:{"appid":"wx161f19ac48b1f2f3","attach":"\u9a6c\u62c9\u677e\u62a5\u540d","bank_type":"CMB_DEBIT","cash_fee":"6000","fee_type":"CNY","is_subscribe":"N","mch_id":"1268067601","nonce_str":"qxmemojpzxlgktlxo706qkwo85tlkys9","openid":"ouN6_syMcq55HfrV5YIaZGCR6m_8","out_trade_no":"126806760120151002194259","result_code":"SUCCESS","return_code":"SUCCESS","sign":"282C9EB4E4B87AC71E8667175125744F","time_end":"20151002194320","total_fee":"6000","trade_type":"JSAPI","transaction_id":"1003790869201510021068898999"}
[2015-10-02 19:43:23][debug] query:{"appid":"wx161f19ac48b1f2f3","attach":"\u9a6c\u62c9\u677e\u62a5\u540d","bank_type":"CMB_DEBIT","cash_fee":"6000","fee_type":"CNY","is_subscribe":"N","mch_id":"1268067601","nonce_str":"662XYLdc7m4S4Fy6","openid":"ouN6_syMcq55HfrV5YIaZGCR6m_8","out_trade_no":"126806760120151002194259","result_code":"SUCCESS","return_code":"SUCCESS","return_msg":"OK","sign":"06A8EBB4874A930BC0A74F236CBBFE14","time_end":"20151002194320","total_fee":"6000","trade_state":"SUCCESS","trade_type":"JSAPI","transaction_id":"1003790869201510021068898999"}
[2015-10-02 19:43:23][debug] call back test:订单查询成功
[2015-10-02 19:43:23][debug] call back test:未入库
[2015-10-02 19:43:23][debug] call back test sql:UPDATE pa_marathon SET ispay =1,transaction_id="1003790869201510021068898999",out_trade_no="126806760120151002194259" WHERE openid ="ouN6_syMcq55HfrV5YIaZGCR6m_8"
[2015-10-02 19:43:23][debug] call back test:入库成功
[2015-10-02 21:33:28][debug] begin notify
[2015-10-02 21:33:28][debug] call back test:{"appid":"wx161f19ac48b1f2f3","attach":"\u9a6c\u62c9\u677e\u62a5\u540d","bank_type":"CFT","cash_fee":"6000","fee_type":"CNY","is_subscribe":"N","mch_id":"1268067601","nonce_str":"7j3tg0ek8ulhx54wvmhf00a793sqn4na","openid":"ouN6_szM91P8n10KsjuQJTlVy73s","out_trade_no":"126806760120151002213318","result_code":"SUCCESS","return_code":"SUCCESS","sign":"8DDC324C2A9E5004D3600EA43A347506","time_end":"20151002213328","total_fee":"6000","trade_type":"JSAPI","transaction_id":"1000070869201510021070084211"}
[2015-10-02 21:33:29][debug] query:{"appid":"wx161f19ac48b1f2f3","attach":"\u9a6c\u62c9\u677e\u62a5\u540d","bank_type":"CFT","cash_fee":"6000","fee_type":"CNY","is_subscribe":"N","mch_id":"1268067601","nonce_str":"lhBmdhs4kR5UXlRp","openid":"ouN6_szM91P8n10KsjuQJTlVy73s","out_trade_no":"126806760120151002213318","result_code":"SUCCESS","return_code":"SUCCESS","return_msg":"OK","sign":"F5521A8EAFEE5F79EFBF841AD4477077","time_end":"20151002213328","total_fee":"6000","trade_state":"SUCCESS","trade_type":"JSAPI","transaction_id":"1000070869201510021070084211"}
[2015-10-02 21:33:29][debug] call back test:订单查询成功
[2015-10-02 21:33:29][debug] call back test:未入库
[2015-10-02 21:33:29][debug] call back test sql:UPDATE pa_marathon SET ispay =1,transaction_id="1000070869201510021070084211",out_trade_no="126806760120151002213318" WHERE openid ="ouN6_szM91P8n10KsjuQJTlVy73s"
[2015-10-02 21:33:29][debug] call back test:入库成功
