[2015-11-01 21:46:07][debug] begin notify
[2015-11-01 21:46:07][debug] call back test:{"appid":"wx161f19ac48b1f2f3","attach":"\u9a6c\u62c9\u677e\u62a5\u540d","bank_type":"CFT","cash_fee":"6000","fee_type":"CNY","is_subscribe":"N","mch_id":"1268067601","nonce_str":"5slje9u483preow7369b9me4ghsi4254","openid":"ouN6_sxsn7h_FWybVdZm5VsQ9dtM","out_trade_no":"126806760120151101214559","result_code":"SUCCESS","return_code":"SUCCESS","sign":"2F5639E66FDB03DFB0F9E8CCEE029DED","time_end":"20151101214607","total_fee":"6000","trade_type":"JSAPI","transaction_id":"1001230869201511011420535587"}
[2015-11-01 21:46:08][debug] query:{"appid":"wx161f19ac48b1f2f3","attach":"\u9a6c\u62c9\u677e\u62a5\u540d","bank_type":"CFT","cash_fee":"6000","fee_type":"CNY","is_subscribe":"N","mch_id":"1268067601","nonce_str":"srW4eYrLtjlNxGP0","openid":"ouN6_sxsn7h_FWybVdZm5VsQ9dtM","out_trade_no":"126806760120151101214559","result_code":"SUCCESS","return_code":"SUCCESS","return_msg":"OK","sign":"C9C66DB09608E102E56E2BEE193821C7","time_end":"20151101214606","total_fee":"6000","trade_state":"SUCCESS","trade_type":"JSAPI","transaction_id":"1001230869201511011420535587"}
[2015-11-01 21:46:08][debug] call back test:订单查询成功
[2015-11-01 21:46:08][debug] call back test:未入库
[2015-11-01 21:46:08][debug] call back test sql:UPDATE pa_marathon SET ispay =1,transaction_id="1001230869201511011420535587",out_trade_no="126806760120151101214559" WHERE openid ="ouN6_sxsn7h_FWybVdZm5VsQ9dtM"
[2015-11-01 21:46:08][debug] call back test:入库成功
[2015-11-01 21:46:22][debug] begin notify
[2015-11-01 21:46:22][debug] call back test:{"appid":"wx161f19ac48b1f2f3","attach":"\u9a6c\u62c9\u677e\u62a5\u540d","bank_type":"CFT","cash_fee":"8000","fee_type":"CNY","is_subscribe":"N","mch_id":"1268067601","nonce_str":"bb1zd5ju9nkhsmt4t2rlbtj4cy937iao","openid":"ouN6_s2FSowTJhb9KPVWKMZrMV68","out_trade_no":"126806760120151101214610","result_code":"SUCCESS","return_code":"SUCCESS","sign":"09C58D5EDD2B8755337AADA39A7C7BD8","time_end":"20151101214622","total_fee":"8000","trade_type":"JSAPI","transaction_id":"1004030869201511011420557415"}
[2015-11-01 21:46:22][debug] query:{"appid":"wx161f19ac48b1f2f3","attach":"\u9a6c\u62c9\u677e\u62a5\u540d","bank_type":"CFT","cash_fee":"8000","fee_type":"CNY","is_subscribe":"N","mch_id":"1268067601","nonce_str":"IRiSSKH6tXasmByN","openid":"ouN6_s2FSowTJhb9KPVWKMZrMV68","out_trade_no":"126806760120151101214610","result_code":"SUCCESS","return_code":"SUCCESS","return_msg":"OK","sign":"7277669B4624D6DFDB185400F7F6DC10","time_end":"20151101214621","total_fee":"8000","trade_state":"SUCCESS","trade_type":"JSAPI","transaction_id":"1004030869201511011420557415"}
[2015-11-01 21:46:22][debug] call back test:订单查询成功
[2015-11-01 21:46:22][debug] call back test:未入库
[2015-11-01 21:46:22][debug] call back test sql:UPDATE pa_marathon SET ispay =1,transaction_id="1004030869201511011420557415",out_trade_no="126806760120151101214610" WHERE openid ="ouN6_s2FSowTJhb9KPVWKMZrMV68"
[2015-11-01 21:46:23][debug] call back test:入库成功
[2015-11-01 21:46:42][debug] begin notify
[2015-11-01 21:46:42][debug] call back test:{"appid":"wx161f19ac48b1f2f3","attach":"\u9a6c\u62c9\u677e\u62a5\u540d","bank_type":"CFT","cash_fee":"6000","fee_type":"CNY","is_subscribe":"N","mch_id":"1268067601","nonce_str":"qi540i7vs6z4xn43nmayugbfc7xdxttp","openid":"ouN6_s7-I-NXPv2upr70ykNamC6g","out_trade_no":"126806760120151101214620","result_code":"SUCCESS","return_code":"SUCCESS","sign":"A01BF11950A0F0F42E90F4605DF404C1","time_end":"20151101214641","total_fee":"6000","trade_type":"JSAPI","transaction_id":"1007090869201511011420543501"}
[2015-11-01 21:46:43][debug] query:{"appid":"wx161f19ac48b1f2f3","attach":"\u9a6c\u62c9\u677e\u62a5\u540d","bank_type":"CFT","cash_fee":"6000","fee_type":"CNY","is_subscribe":"N","mch_id":"1268067601","nonce_str":"jNH87hnilSYtopTY","openid":"ouN6_s7-I-NXPv2upr70ykNamC6g","out_trade_no":"126806760120151101214620","result_code":"SUCCESS","return_code":"SUCCESS","return_msg":"OK","sign":"262CCEDB4C5533F1EC7F1F72111EFF52","time_end":"20151101214641","total_fee":"6000","trade_state":"SUCCESS","trade_type":"JSAPI","transaction_id":"1007090869201511011420543501"}
[2015-11-01 21:46:43][debug] call back test:订单查询成功
[2015-11-01 21:46:43][debug] call back test:未入库
[2015-11-01 21:46:43][debug] call back test sql:UPDATE pa_marathon SET ispay =1,transaction_id="1007090869201511011420543501",out_trade_no="126806760120151101214620" WHERE openid ="ouN6_s7-I-NXPv2upr70ykNamC6g"
[2015-11-01 21:46:43][debug] call back test:入库成功
