[2015-10-13 00:15:50][debug] begin notify
[2015-10-13 00:15:50][debug] call back test:{"appid":"wx161f19ac48b1f2f3","attach":"\u9a6c\u62c9\u677e\u62a5\u540d","bank_type":"CFT","cash_fee":"8000","fee_type":"CNY","is_subscribe":"Y","mch_id":"1268067601","nonce_str":"vrhjvbke06wvxh7kqnt6ymxt53l7k4qe","openid":"ouN6_szapLYIJFvTphTwXpn_lwns","out_trade_no":"126806760120151013001537","result_code":"SUCCESS","return_code":"SUCCESS","sign":"DA564F8E79F0662E5C0656BA566436B4","time_end":"20151013001548","total_fee":"8000","trade_type":"JSAPI","transaction_id":"1005510869201510131177001944"}
[2015-10-13 00:15:50][debug] query:{"appid":"wx161f19ac48b1f2f3","attach":"\u9a6c\u62c9\u677e\u62a5\u540d","bank_type":"CFT","cash_fee":"8000","fee_type":"CNY","is_subscribe":"Y","mch_id":"1268067601","nonce_str":"AQXYL5yQgPxy3vME","openid":"ouN6_szapLYIJFvTphTwXpn_lwns","out_trade_no":"126806760120151013001537","result_code":"SUCCESS","return_code":"SUCCESS","return_msg":"OK","sign":"20BD19F52C07BDFABABA7F73E37E8D8D","time_end":"20151013001548","total_fee":"8000","trade_state":"SUCCESS","trade_type":"JSAPI","transaction_id":"1005510869201510131177001944"}
[2015-10-13 00:15:50][debug] call back test:订单查询成功
[2015-10-13 00:15:50][debug] call back test:未入库
[2015-10-13 00:15:50][debug] call back test sql:UPDATE pa_marathon SET ispay =1,transaction_id="1005510869201510131177001944",out_trade_no="126806760120151013001537" WHERE openid ="ouN6_szapLYIJFvTphTwXpn_lwns"
[2015-10-13 00:15:50][debug] call back test:入库成功
[2015-10-13 00:19:38][debug] begin notify
[2015-10-13 00:19:38][debug] call back test:{"appid":"wx161f19ac48b1f2f3","attach":"\u9a6c\u62c9\u677e\u62a5\u540d","bank_type":"CMB_CREDIT","cash_fee":"4000","fee_type":"CNY","is_subscribe":"N","mch_id":"1268067601","nonce_str":"rfozr1xylknv5hj883iounaez6dz9h8f","openid":"ouN6_s5RdrgRJN-B3ZpBei45h7j8","out_trade_no":"126806760120151013001746","result_code":"SUCCESS","return_code":"SUCCESS","sign":"893EAC71D60D3985622A566E48129139","time_end":"20151013001927","total_fee":"4000","trade_type":"JSAPI","transaction_id":"1007720869201510131177002589"}
[2015-10-13 00:19:38][debug] query:{"appid":"wx161f19ac48b1f2f3","attach":"\u9a6c\u62c9\u677e\u62a5\u540d","bank_type":"CMB_CREDIT","cash_fee":"4000","fee_type":"CNY","is_subscribe":"N","mch_id":"1268067601","nonce_str":"Hvq4sFVbWeLGYtKl","openid":"ouN6_s5RdrgRJN-B3ZpBei45h7j8","out_trade_no":"126806760120151013001746","result_code":"SUCCESS","return_code":"SUCCESS","return_msg":"OK","sign":"6F7E00C3D6534A82815AB38D87D51D1A","time_end":"20151013001855","total_fee":"4000","trade_state":"SUCCESS","trade_type":"JSAPI","transaction_id":"1007720869201510131177002589"}
[2015-10-13 00:19:38][debug] call back test:订单查询成功
[2015-10-13 00:19:38][debug] call back test:未入库
[2015-10-13 00:19:38][debug] call back test sql:UPDATE pa_marathon SET ispay =1,transaction_id="1007720869201510131177002589",out_trade_no="126806760120151013001746" WHERE openid ="ouN6_s5RdrgRJN-B3ZpBei45h7j8"
[2015-10-13 00:19:38][debug] call back test:入库成功
[2015-10-13 05:36:44][debug] begin notify
[2015-10-13 05:36:44][debug] call back test:{"appid":"wx161f19ac48b1f2f3","attach":"\u9a6c\u62c9\u677e\u62a5\u540d","bank_type":"CMB_CREDIT","cash_fee":"8000","fee_type":"CNY","is_subscribe":"Y","mch_id":"1268067601","nonce_str":"xmdfk0cvkcbhnfd0wlti9lf5kytfbsqn","openid":"ouN6_sy05SL7Aucad_7LJRVloiYE","out_trade_no":"126806760120151013053524","result_code":"SUCCESS","return_code":"SUCCESS","sign":"23FDDDB8D74BAA228D0CDC0F1831930D","time_end":"20151013053643","total_fee":"8000","trade_type":"JSAPI","transaction_id":"1009330869201510131177526084"}
[2015-10-13 05:36:44][debug] query:{"appid":"wx161f19ac48b1f2f3","attach":"\u9a6c\u62c9\u677e\u62a5\u540d","bank_type":"CMB_CREDIT","cash_fee":"8000","fee_type":"CNY","is_subscribe":"Y","mch_id":"1268067601","nonce_str":"Euycm0hw9QVcCg7j","openid":"ouN6_sy05SL7Aucad_7LJRVloiYE","out_trade_no":"126806760120151013053524","result_code":"SUCCESS","return_code":"SUCCESS","return_msg":"OK","sign":"7F69047CC8622AE649406C32BC7F60E3","time_end":"20151013053643","total_fee":"8000","trade_state":"SUCCESS","trade_type":"JSAPI","transaction_id":"1009330869201510131177526084"}
[2015-10-13 05:36:44][debug] call back test:订单查询成功
[2015-10-13 05:36:44][debug] call back test:未入库
[2015-10-13 05:36:44][debug] call back test sql:UPDATE pa_marathon SET ispay =1,transaction_id="1009330869201510131177526084",out_trade_no="126806760120151013053524" WHERE openid ="ouN6_sy05SL7Aucad_7LJRVloiYE"
[2015-10-13 05:36:44][debug] call back test:入库成功
[2015-10-13 07:46:59][debug] begin notify
[2015-10-13 07:46:59][debug] call back test:{"appid":"wx161f19ac48b1f2f3","attach":"\u9a6c\u62c9\u677e\u62a5\u540d","bank_type":"GDB_CREDIT","cash_fee":"6000","fee_type":"CNY","is_subscribe":"N","mch_id":"1268067601","nonce_str":"go4xh9wuio9hajwbfslwt7o339sd2h2d","openid":"ouN6_s-oX6iG8H653id2LLibjSDU","out_trade_no":"126806760120151013074310","result_code":"SUCCESS","return_code":"SUCCESS","sign":"F3F4E0F14F1C2B78422B6628721B7BBF","time_end":"20151013074659","total_fee":"6000","trade_type":"JSAPI","transaction_id":"1004630869201510131177810566"}
[2015-10-13 07:47:00][debug] query:{"appid":"wx161f19ac48b1f2f3","attach":"\u9a6c\u62c9\u677e\u62a5\u540d","bank_type":"GDB_CREDIT","cash_fee":"6000","fee_type":"CNY","is_subscribe":"N","mch_id":"1268067601","nonce_str":"Gif3ePUpPnPj0fI2","openid":"ouN6_s-oX6iG8H653id2LLibjSDU","out_trade_no":"126806760120151013074310","result_code":"SUCCESS","return_code":"SUCCESS","return_msg":"OK","sign":"023F5E929B78C17315B8CB4A009D3E62","time_end":"20151013074659","total_fee":"6000","trade_state":"SUCCESS","trade_type":"JSAPI","transaction_id":"1004630869201510131177810566"}
[2015-10-13 07:47:00][debug] call back test:订单查询成功
[2015-10-13 07:47:00][debug] call back test:未入库
[2015-10-13 07:47:00][debug] call back test sql:UPDATE pa_marathon SET ispay =1,transaction_id="1004630869201510131177810566",out_trade_no="126806760120151013074310" WHERE openid ="ouN6_s-oX6iG8H653id2LLibjSDU"
[2015-10-13 07:47:00][debug] call back test:入库成功
[2015-10-13 07:47:18][debug] begin notify
[2015-10-13 07:47:18][debug] call back test:{"appid":"wx161f19ac48b1f2f3","attach":"\u9a6c\u62c9\u677e\u62a5\u540d","bank_type":"CCB_DEBIT","cash_fee":"4000","fee_type":"CNY","is_subscribe":"Y","mch_id":"1268067601","nonce_str":"lk8r7own8pe5hfqxe7e6lpbdis4he3kj","openid":"ouN6_s-PSg7uuLDGFJLB-RIidYwg","out_trade_no":"126806760120151013074527","result_code":"SUCCESS","return_code":"SUCCESS","sign":"AE270D21DC476A1220DE869BF3CF5C81","time_end":"20151013074716","total_fee":"4000","trade_type":"JSAPI","transaction_id":"1000940869201510131177819089"}
[2015-10-13 07:47:18][debug] query:{"appid":"wx161f19ac48b1f2f3","attach":"\u9a6c\u62c9\u677e\u62a5\u540d","bank_type":"CCB_DEBIT","cash_fee":"4000","fee_type":"CNY","is_subscribe":"Y","mch_id":"1268067601","nonce_str":"wF60HFEZXZmYitx9","openid":"ouN6_s-PSg7uuLDGFJLB-RIidYwg","out_trade_no":"126806760120151013074527","result_code":"SUCCESS","return_code":"SUCCESS","return_msg":"OK","sign":"FFEEF1EF254AFFF75C2B44F3C98F8F56","time_end":"20151013074715","total_fee":"4000","trade_state":"SUCCESS","trade_type":"JSAPI","transaction_id":"1000940869201510131177819089"}
[2015-10-13 07:47:18][debug] call back test:订单查询成功
[2015-10-13 07:47:18][debug] call back test:未入库
[2015-10-13 07:47:18][debug] call back test sql:UPDATE pa_marathon SET ispay =1,transaction_id="1000940869201510131177819089",out_trade_no="126806760120151013074527" WHERE openid ="ouN6_s-PSg7uuLDGFJLB-RIidYwg"
[2015-10-13 07:47:18][debug] call back test:入库成功
[2015-10-13 08:04:28][debug] begin notify
[2015-10-13 08:04:28][debug] call back test:{"appid":"wx161f19ac48b1f2f3","attach":"\u9a6c\u62c9\u677e\u62a5\u540d","bank_type":"CFT","cash_fee":"4000","fee_type":"CNY","is_subscribe":"N","mch_id":"1268067601","nonce_str":"vnwk1htabodhkn7r6hqngn3dzxxrmqvz","openid":"ouN6_s6YfG80KTyIb-_DBb6vS3TU","out_trade_no":"126806760120151013080221","result_code":"SUCCESS","return_code":"SUCCESS","sign":"5FAA4AA3D9543894BAEB2B70320AB9EB","time_end":"20151013080428","total_fee":"4000","trade_type":"JSAPI","transaction_id":"1008430869201510131177892507"}
[2015-10-13 08:04:42][debug] begin notify
[2015-10-13 08:04:42][debug] call back test:{"appid":"wx161f19ac48b1f2f3","attach":"\u9a6c\u62c9\u677e\u62a5\u540d","bank_type":"CFT","cash_fee":"4000","fee_type":"CNY","is_subscribe":"N","mch_id":"1268067601","nonce_str":"vnwk1htabodhkn7r6hqngn3dzxxrmqvz","openid":"ouN6_s6YfG80KTyIb-_DBb6vS3TU","out_trade_no":"126806760120151013080221","result_code":"SUCCESS","return_code":"SUCCESS","sign":"5FAA4AA3D9543894BAEB2B70320AB9EB","time_end":"20151013080428","total_fee":"4000","trade_type":"JSAPI","transaction_id":"1008430869201510131177892507"}
[2015-10-13 08:04:45][debug] query:{"appid":"wx161f19ac48b1f2f3","attach":"\u9a6c\u62c9\u677e\u62a5\u540d","bank_type":"CFT","cash_fee":"4000","fee_type":"CNY","is_subscribe":"Y","mch_id":"1268067601","nonce_str":"ckXXgxYHVRb0YTIu","openid":"ouN6_s6YfG80KTyIb-_DBb6vS3TU","out_trade_no":"126806760120151013080221","result_code":"SUCCESS","return_code":"SUCCESS","return_msg":"OK","sign":"378B77B849E548C6FC0A9D53A8014704","time_end":"20151013080427","total_fee":"4000","trade_state":"SUCCESS","trade_type":"JSAPI","transaction_id":"1008430869201510131177892507"}
[2015-10-13 08:04:45][debug] call back test:订单查询成功
[2015-10-13 08:04:45][debug] call back test:未入库
[2015-10-13 08:04:45][debug] call back test sql:UPDATE pa_marathon SET ispay =1,transaction_id="1008430869201510131177892507",out_trade_no="126806760120151013080221" WHERE openid ="ouN6_s6YfG80KTyIb-_DBb6vS3TU"
[2015-10-13 08:04:45][debug] call back test:入库成功
[2015-10-13 08:41:08][debug] begin notify
[2015-10-13 08:41:08][debug] call back test:{"appid":"wx161f19ac48b1f2f3","attach":"\u9a6c\u62c9\u677e\u62a5\u540d","bank_type":"CFT","cash_fee":"4000","fee_type":"CNY","is_subscribe":"Y","mch_id":"1268067601","nonce_str":"cwi0vror8fa714wk3tap9loe97vmovqu","openid":"ouN6_s1QD4vdgngfBuotrm3Yu3uE","out_trade_no":"126806760120151013084056","result_code":"SUCCESS","return_code":"SUCCESS","sign":"D7945872930A8492DC2E8E2D17DF2F8F","time_end":"20151013084108","total_fee":"4000","trade_type":"JSAPI","transaction_id":"1004160869201510131178097095"}
[2015-10-13 08:41:08][debug] query:{"appid":"wx161f19ac48b1f2f3","attach":"\u9a6c\u62c9\u677e\u62a5\u540d","bank_type":"CFT","cash_fee":"4000","fee_type":"CNY","is_subscribe":"Y","mch_id":"1268067601","nonce_str":"uhgnBW8JKVZwYpYU","openid":"ouN6_s1QD4vdgngfBuotrm3Yu3uE","out_trade_no":"126806760120151013084056","result_code":"SUCCESS","return_code":"SUCCESS","return_msg":"OK","sign":"BF34BDFD782F5A79EC404743505A7B48","time_end":"20151013084107","total_fee":"4000","trade_state":"SUCCESS","trade_type":"JSAPI","transaction_id":"1004160869201510131178097095"}
[2015-10-13 08:41:08][debug] call back test:订单查询成功
[2015-10-13 08:41:08][debug] call back test:未入库
[2015-10-13 08:41:08][debug] call back test sql:UPDATE pa_marathon SET ispay =1,transaction_id="1004160869201510131178097095",out_trade_no="126806760120151013084056" WHERE openid ="ouN6_s1QD4vdgngfBuotrm3Yu3uE"
[2015-10-13 08:41:08][debug] call back test:入库成功
[2015-10-13 08:46:19][debug] begin notify
[2015-10-13 08:46:19][debug] call back test:{"appid":"wx161f19ac48b1f2f3","attach":"\u9a6c\u62c9\u677e\u62a5\u540d","bank_type":"CFT","cash_fee":"4000","fee_type":"CNY","is_subscribe":"Y","mch_id":"1268067601","nonce_str":"v3ca2nkqrrvrnajth4fchd3cw8n47ijn","openid":"ouN6_s4W2TAWwUWPd7IyszirOWHg","out_trade_no":"126806760120151013084553","result_code":"SUCCESS","return_code":"SUCCESS","sign":"68951EFABC12262BFE4719E760CDA56C","time_end":"20151013084618","total_fee":"4000","trade_type":"JSAPI","transaction_id":"1010020869201510131178132894"}
[2015-10-13 08:46:19][debug] query:{"appid":"wx161f19ac48b1f2f3","attach":"\u9a6c\u62c9\u677e\u62a5\u540d","bank_type":"CFT","cash_fee":"4000","fee_type":"CNY","is_subscribe":"Y","mch_id":"1268067601","nonce_str":"yE2UXf1jeEiGy2ey","openid":"ouN6_s4W2TAWwUWPd7IyszirOWHg","out_trade_no":"126806760120151013084553","result_code":"SUCCESS","return_code":"SUCCESS","return_msg":"OK","sign":"8046620ED358A17B00E6D96BF0F2CC53","time_end":"20151013084618","total_fee":"4000","trade_state":"SUCCESS","trade_type":"JSAPI","transaction_id":"1010020869201510131178132894"}
[2015-10-13 08:46:19][debug] call back test:订单查询成功
[2015-10-13 08:46:19][debug] call back test:未入库
[2015-10-13 08:46:19][debug] call back test sql:UPDATE pa_marathon SET ispay =1,transaction_id="1010020869201510131178132894",out_trade_no="126806760120151013084553" WHERE openid ="ouN6_s4W2TAWwUWPd7IyszirOWHg"
[2015-10-13 08:46:19][debug] call back test:入库成功
[2015-10-13 08:46:48][debug] begin notify
[2015-10-13 08:46:48][debug] call back test:{"appid":"wx161f19ac48b1f2f3","attach":"\u9a6c\u62c9\u677e\u62a5\u540d","bank_type":"ICBC_DEBIT","cash_fee":"4000","fee_type":"CNY","is_subscribe":"Y","mch_id":"1268067601","nonce_str":"tpv4674ic4l93aflcqz6v867udtq2pnc","openid":"ouN6_sxRjnHnVYtJGKRd98eJKx3U","out_trade_no":"126806760120151013084516","result_code":"SUCCESS","return_code":"SUCCESS","sign":"8DEEFA04635BA98D7E85D76CAF5539C5","time_end":"20151013084647","total_fee":"4000","trade_type":"JSAPI","transaction_id":"1007720869201510131178131543"}
[2015-10-13 08:46:49][debug] query:{"appid":"wx161f19ac48b1f2f3","attach":"\u9a6c\u62c9\u677e\u62a5\u540d","bank_type":"ICBC_DEBIT","cash_fee":"4000","fee_type":"CNY","is_subscribe":"Y","mch_id":"1268067601","nonce_str":"tsysZc1dFBMAIevH","openid":"ouN6_sxRjnHnVYtJGKRd98eJKx3U","out_trade_no":"126806760120151013084516","result_code":"SUCCESS","return_code":"SUCCESS","return_msg":"OK","sign":"49F53D3B4DCD2CD41BFBC05280CF83A0","time_end":"20151013084646","total_fee":"4000","trade_state":"SUCCESS","trade_type":"JSAPI","transaction_id":"1007720869201510131178131543"}
[2015-10-13 08:46:49][debug] call back test:订单查询成功
[2015-10-13 08:46:49][debug] call back test:未入库
[2015-10-13 08:46:49][debug] call back test sql:UPDATE pa_marathon SET ispay =1,transaction_id="1007720869201510131178131543",out_trade_no="126806760120151013084516" WHERE openid ="ouN6_sxRjnHnVYtJGKRd98eJKx3U"
[2015-10-13 08:46:49][debug] call back test:入库成功
[2015-10-13 08:47:18][debug] begin notify
[2015-10-13 08:47:18][debug] call back test:{"appid":"wx161f19ac48b1f2f3","attach":"\u9a6c\u62c9\u677e\u62a5\u540d","bank_type":"CMB_CREDIT","cash_fee":"4000","fee_type":"CNY","is_subscribe":"Y","mch_id":"1268067601","nonce_str":"7bx5v1w943mn5akp990wu3ewjzlvd0gd","openid":"ouN6_s-By-6Bwn3jpADtVk3DnQcw","out_trade_no":"126806760120151013084708","result_code":"SUCCESS","return_code":"SUCCESS","sign":"78FCA0ACE1170C4A33E4AC6BA452FF33","time_end":"20151013084718","total_fee":"4000","trade_type":"JSAPI","transaction_id":"1007430869201510131178151642"}
[2015-10-13 08:47:19][debug] query:{"appid":"wx161f19ac48b1f2f3","attach":"\u9a6c\u62c9\u677e\u62a5\u540d","bank_type":"CMB_CREDIT","cash_fee":"4000","fee_type":"CNY","is_subscribe":"Y","mch_id":"1268067601","nonce_str":"E9KctnY4vowdTCZR","openid":"ouN6_s-By-6Bwn3jpADtVk3DnQcw","out_trade_no":"126806760120151013084708","result_code":"SUCCESS","return_code":"SUCCESS","return_msg":"OK","sign":"30108E270E181F6D817D647086EDA806","time_end":"20151013084718","total_fee":"4000","trade_state":"SUCCESS","trade_type":"JSAPI","transaction_id":"1007430869201510131178151642"}
[2015-10-13 08:47:19][debug] call back test:订单查询成功
[2015-10-13 08:47:19][debug] call back test:未入库
[2015-10-13 08:47:19][debug] call back test sql:UPDATE pa_marathon SET ispay =1,transaction_id="1007430869201510131178151642",out_trade_no="126806760120151013084708" WHERE openid ="ouN6_s-By-6Bwn3jpADtVk3DnQcw"
[2015-10-13 08:47:19][debug] call back test:入库成功
[2015-10-13 08:49:52][debug] begin notify
[2015-10-13 08:49:52][debug] call back test:{"appid":"wx161f19ac48b1f2f3","attach":"\u9a6c\u62c9\u677e\u62a5\u540d","bank_type":"CFT","cash_fee":"4000","fee_type":"CNY","is_subscribe":"Y","mch_id":"1268067601","nonce_str":"0htkqlt9bt4yyqikba5fv608cw1sindc","openid":"ouN6_s6GElF7TnLeNU6_Y3QHtdew","out_trade_no":"126806760120151013084938","result_code":"SUCCESS","return_code":"SUCCESS","sign":"657DA74976F0DF6556144F6D99156AAC","time_end":"20151013084951","total_fee":"4000","trade_type":"JSAPI","transaction_id":"1004240869201510131178162480"}
[2015-10-13 08:49:54][debug] query:{"appid":"wx161f19ac48b1f2f3","attach":"\u9a6c\u62c9\u677e\u62a5\u540d","bank_type":"CFT","cash_fee":"4000","fee_type":"CNY","is_subscribe":"Y","mch_id":"1268067601","nonce_str":"Ur9hvUEpkJcnHNER","openid":"ouN6_s6GElF7TnLeNU6_Y3QHtdew","out_trade_no":"126806760120151013084938","result_code":"SUCCESS","return_code":"SUCCESS","return_msg":"OK","sign":"FED23DED93719D8E3E0EE8D0C3AC4A1F","time_end":"20151013084950","total_fee":"4000","trade_state":"SUCCESS","trade_type":"JSAPI","transaction_id":"1004240869201510131178162480"}
[2015-10-13 08:49:54][debug] call back test:订单查询成功
[2015-10-13 08:49:54][debug] call back test:未入库
[2015-10-13 08:49:54][debug] call back test sql:UPDATE pa_marathon SET ispay =1,transaction_id="1004240869201510131178162480",out_trade_no="126806760120151013084938" WHERE openid ="ouN6_s6GElF7TnLeNU6_Y3QHtdew"
[2015-10-13 08:49:54][debug] call back test:入库成功
[2015-10-13 08:50:10][debug] begin notify
[2015-10-13 08:50:10][debug] call back test:{"appid":"wx161f19ac48b1f2f3","attach":"\u9a6c\u62c9\u677e\u62a5\u540d","bank_type":"CFT","cash_fee":"4000","fee_type":"CNY","is_subscribe":"Y","mch_id":"1268067601","nonce_str":"0htkqlt9bt4yyqikba5fv608cw1sindc","openid":"ouN6_s6GElF7TnLeNU6_Y3QHtdew","out_trade_no":"126806760120151013084938","result_code":"SUCCESS","return_code":"SUCCESS","sign":"657DA74976F0DF6556144F6D99156AAC","time_end":"20151013084951","total_fee":"4000","trade_type":"JSAPI","transaction_id":"1004240869201510131178162480"}
[2015-10-13 08:50:10][debug] query:{"appid":"wx161f19ac48b1f2f3","attach":"\u9a6c\u62c9\u677e\u62a5\u540d","bank_type":"CFT","cash_fee":"4000","fee_type":"CNY","is_subscribe":"Y","mch_id":"1268067601","nonce_str":"vG7Vv8cZ2abQ6AGW","openid":"ouN6_s6GElF7TnLeNU6_Y3QHtdew","out_trade_no":"126806760120151013084938","result_code":"SUCCESS","return_code":"SUCCESS","return_msg":"OK","sign":"200B45E93154FA43578015FF6A40378C","time_end":"20151013084950","total_fee":"4000","trade_state":"SUCCESS","trade_type":"JSAPI","transaction_id":"1004240869201510131178162480"}
[2015-10-13 08:50:10][debug] call back test:订单查询成功
[2015-10-13 08:50:10][debug] call back test:已入库
[2015-10-13 09:26:13][debug] begin notify
[2015-10-13 09:26:13][debug] call back test:{"appid":"wx161f19ac48b1f2f3","attach":"\u9a6c\u62c9\u677e\u62a5\u540d","bank_type":"CMB_DEBIT","cash_fee":"4000","fee_type":"CNY","is_subscribe":"Y","mch_id":"1268067601","nonce_str":"qzxga9j54ssjz38x7syc8y1jowie6x86","openid":"ouN6_s_BnBl3dipFNCUGlYGtL4Pg","out_trade_no":"126806760120151013092328","result_code":"SUCCESS","return_code":"SUCCESS","sign":"4F195C4B254B02C2BCB2EB9580DC2561","time_end":"20151013092613","total_fee":"4000","trade_type":"JSAPI","transaction_id":"1000640869201510131178423760"}
[2015-10-13 09:26:16][debug] query:{"appid":"wx161f19ac48b1f2f3","attach":"\u9a6c\u62c9\u677e\u62a5\u540d","bank_type":"CMB_DEBIT","cash_fee":"4000","fee_type":"CNY","is_subscribe":"Y","mch_id":"1268067601","nonce_str":"FVRVFn5tJzEPOtud","openid":"ouN6_s_BnBl3dipFNCUGlYGtL4Pg","out_trade_no":"126806760120151013092328","result_code":"SUCCESS","return_code":"SUCCESS","return_msg":"OK","sign":"141AC5DC7220C0CB0046C45A1C5957D6","time_end":"20151013092612","total_fee":"4000","trade_state":"SUCCESS","trade_type":"JSAPI","transaction_id":"1000640869201510131178423760"}
[2015-10-13 09:26:16][debug] call back test:订单查询成功
[2015-10-13 09:26:16][debug] call back test:未入库
[2015-10-13 09:26:16][debug] call back test sql:UPDATE pa_marathon SET ispay =1,transaction_id="1000640869201510131178423760",out_trade_no="126806760120151013092328" WHERE openid ="ouN6_s_BnBl3dipFNCUGlYGtL4Pg"
[2015-10-13 09:26:16][debug] call back test:入库成功
[2015-10-13 09:26:26][debug] begin notify
[2015-10-13 09:26:26][debug] call back test:{"appid":"wx161f19ac48b1f2f3","attach":"\u9a6c\u62c9\u677e\u62a5\u540d","bank_type":"CMB_DEBIT","cash_fee":"4000","fee_type":"CNY","is_subscribe":"Y","mch_id":"1268067601","nonce_str":"qzxga9j54ssjz38x7syc8y1jowie6x86","openid":"ouN6_s_BnBl3dipFNCUGlYGtL4Pg","out_trade_no":"126806760120151013092328","result_code":"SUCCESS","return_code":"SUCCESS","sign":"4F195C4B254B02C2BCB2EB9580DC2561","time_end":"20151013092613","total_fee":"4000","trade_type":"JSAPI","transaction_id":"1000640869201510131178423760"}
[2015-10-13 09:26:26][debug] query:{"appid":"wx161f19ac48b1f2f3","attach":"\u9a6c\u62c9\u677e\u62a5\u540d","bank_type":"CMB_DEBIT","cash_fee":"4000","fee_type":"CNY","is_subscribe":"Y","mch_id":"1268067601","nonce_str":"4GeVSpORFpUaT0bF","openid":"ouN6_s_BnBl3dipFNCUGlYGtL4Pg","out_trade_no":"126806760120151013092328","result_code":"SUCCESS","return_code":"SUCCESS","return_msg":"OK","sign":"23768096ADB66F592880188084E1315A","time_end":"20151013092612","total_fee":"4000","trade_state":"SUCCESS","trade_type":"JSAPI","transaction_id":"1000640869201510131178423760"}
[2015-10-13 09:26:26][debug] call back test:订单查询成功
[2015-10-13 09:26:26][debug] call back test:已入库
[2015-10-13 10:40:28][debug] begin notify
[2015-10-13 10:40:28][debug] call back test:{"appid":"wx161f19ac48b1f2f3","attach":"\u9a6c\u62c9\u677e\u62a5\u540d","bank_type":"CFT","cash_fee":"4000","fee_type":"CNY","is_subscribe":"Y","mch_id":"1268067601","nonce_str":"qmcglvzpk6fzqg97l1t74pbf77uhdbc8","openid":"ouN6_sxwSUIjsR7F-vYjC3ITdJuo","out_trade_no":"126806760120151013104007","result_code":"SUCCESS","return_code":"SUCCESS","sign":"C413FF88FB7C159797C61F2A95AD2F23","time_end":"20151013104028","total_fee":"4000","trade_type":"JSAPI","transaction_id":"1003680869201510131179182648"}
[2015-10-13 10:40:29][debug] query:{"appid":"wx161f19ac48b1f2f3","attach":"\u9a6c\u62c9\u677e\u62a5\u540d","bank_type":"CFT","cash_fee":"4000","fee_type":"CNY","is_subscribe":"Y","mch_id":"1268067601","nonce_str":"wcPXj00qROMwwEez","openid":"ouN6_sxwSUIjsR7F-vYjC3ITdJuo","out_trade_no":"126806760120151013104007","result_code":"SUCCESS","return_code":"SUCCESS","return_msg":"OK","sign":"D09C32D735F866D2FC4AE791ACE0406A","time_end":"20151013104028","total_fee":"4000","trade_state":"SUCCESS","trade_type":"JSAPI","transaction_id":"1003680869201510131179182648"}
[2015-10-13 10:40:29][debug] call back test:订单查询成功
[2015-10-13 10:40:29][debug] call back test:未入库
[2015-10-13 10:40:29][debug] call back test sql:UPDATE pa_marathon SET ispay =1,transaction_id="1003680869201510131179182648",out_trade_no="126806760120151013104007" WHERE openid ="ouN6_sxwSUIjsR7F-vYjC3ITdJuo"
[2015-10-13 10:40:29][debug] call back test:入库成功
[2015-10-13 10:44:59][debug] begin notify
[2015-10-13 10:44:59][debug] call back test:{"appid":"wx161f19ac48b1f2f3","attach":"\u9a6c\u62c9\u677e\u62a5\u540d","bank_type":"CCB_DEBIT","cash_fee":"8000","fee_type":"CNY","is_subscribe":"Y","mch_id":"1268067601","nonce_str":"bmj0beh6kwx264l5bhq3gri1kc9texkl","openid":"ouN6_s3jRPCszDT_4ZQ1QuJQjP98","out_trade_no":"126806760120151013104438","result_code":"SUCCESS","return_code":"SUCCESS","sign":"781BEA731485076D8514AAE22C5A3486","time_end":"20151013104459","total_fee":"8000","trade_type":"JSAPI","transaction_id":"1003800869201510131179232661"}
[2015-10-13 10:45:14][debug] begin notify
[2015-10-13 10:45:14][debug] call back test:{"appid":"wx161f19ac48b1f2f3","attach":"\u9a6c\u62c9\u677e\u62a5\u540d","bank_type":"CCB_DEBIT","cash_fee":"8000","fee_type":"CNY","is_subscribe":"Y","mch_id":"1268067601","nonce_str":"bmj0beh6kwx264l5bhq3gri1kc9texkl","openid":"ouN6_s3jRPCszDT_4ZQ1QuJQjP98","out_trade_no":"126806760120151013104438","result_code":"SUCCESS","return_code":"SUCCESS","sign":"781BEA731485076D8514AAE22C5A3486","time_end":"20151013104459","total_fee":"8000","trade_type":"JSAPI","transaction_id":"1003800869201510131179232661"}
[2015-10-13 10:45:16][debug] query:{"appid":"wx161f19ac48b1f2f3","attach":"\u9a6c\u62c9\u677e\u62a5\u540d","bank_type":"CCB_DEBIT","cash_fee":"8000","fee_type":"CNY","is_subscribe":"Y","mch_id":"1268067601","nonce_str":"qESWTRrHX37RPr3M","openid":"ouN6_s3jRPCszDT_4ZQ1QuJQjP98","out_trade_no":"126806760120151013104438","result_code":"SUCCESS","return_code":"SUCCESS","return_msg":"OK","sign":"9421FB6FCAC239F975A7BF783D31B7A6","time_end":"20151013104458","total_fee":"8000","trade_state":"SUCCESS","trade_type":"JSAPI","transaction_id":"1003800869201510131179232661"}
[2015-10-13 10:45:16][debug] call back test:订单查询成功
[2015-10-13 10:45:16][debug] call back test:未入库
[2015-10-13 10:45:16][debug] call back test sql:UPDATE pa_marathon SET ispay =1,transaction_id="1003800869201510131179232661",out_trade_no="126806760120151013104438" WHERE openid ="ouN6_s3jRPCszDT_4ZQ1QuJQjP98"
[2015-10-13 10:45:16][debug] call back test:入库成功
[2015-10-13 11:07:01][debug] begin notify
[2015-10-13 11:07:01][debug] call back test:{"appid":"wx161f19ac48b1f2f3","attach":"\u9a6c\u62c9\u677e\u62a5\u540d","bank_type":"CFT","cash_fee":"4000","fee_type":"CNY","is_subscribe":"Y","mch_id":"1268067601","nonce_str":"p9p6idkk220u8k681kwwm38vygl4o1ej","openid":"ouN6_s4VoIYKlaICOXlH7ATAqr5w","out_trade_no":"126806760120151013110645","result_code":"SUCCESS","return_code":"SUCCESS","sign":"5FB49E616F6E2CEB6489B5AA8A49B1CA","time_end":"20151013110700","total_fee":"4000","trade_type":"JSAPI","transaction_id":"1001010869201510131179552502"}
[2015-10-13 11:07:02][debug] query:{"appid":"wx161f19ac48b1f2f3","attach":"\u9a6c\u62c9\u677e\u62a5\u540d","bank_type":"CFT","cash_fee":"4000","fee_type":"CNY","is_subscribe":"Y","mch_id":"1268067601","nonce_str":"m6hsRCqcPPd1Bck3","openid":"ouN6_s4VoIYKlaICOXlH7ATAqr5w","out_trade_no":"126806760120151013110645","result_code":"SUCCESS","return_code":"SUCCESS","return_msg":"OK","sign":"9A2544C55F2D0B2195FD403F712B1D67","time_end":"20151013110659","total_fee":"4000","trade_state":"SUCCESS","trade_type":"JSAPI","transaction_id":"1001010869201510131179552502"}
[2015-10-13 11:07:02][debug] call back test:订单查询成功
[2015-10-13 11:07:02][debug] call back test:未入库
[2015-10-13 11:07:02][debug] call back test sql:UPDATE pa_marathon SET ispay =1,transaction_id="1001010869201510131179552502",out_trade_no="126806760120151013110645" WHERE openid ="ouN6_s4VoIYKlaICOXlH7ATAqr5w"
[2015-10-13 11:07:02][debug] call back test:入库成功
[2015-10-13 11:19:33][debug] begin notify
[2015-10-13 11:19:33][debug] call back test:{"appid":"wx161f19ac48b1f2f3","attach":"\u9a6c\u62c9\u677e\u62a5\u540d","bank_type":"CFT","cash_fee":"4000","fee_type":"CNY","is_subscribe":"Y","mch_id":"1268067601","nonce_str":"9cpm447qwooj5lm2ff5zy45n456gn9ui","openid":"ouN6_syQdilW6-i-m7CP0dhB3PVs","out_trade_no":"126806760120151013111922","result_code":"SUCCESS","return_code":"SUCCESS","sign":"737BF80CE58D004EE5D7948E6EC35966","time_end":"20151013111932","total_fee":"4000","trade_type":"JSAPI","transaction_id":"1003970869201510131179762260"}
[2015-10-13 11:19:33][debug] query:{"appid":"wx161f19ac48b1f2f3","attach":"\u9a6c\u62c9\u677e\u62a5\u540d","bank_type":"CFT","cash_fee":"4000","fee_type":"CNY","is_subscribe":"Y","mch_id":"1268067601","nonce_str":"9nQcJR16TQa9wzhE","openid":"ouN6_syQdilW6-i-m7CP0dhB3PVs","out_trade_no":"126806760120151013111922","result_code":"SUCCESS","return_code":"SUCCESS","return_msg":"OK","sign":"FE5D77B8078B846AFB519D75B33737C8","time_end":"20151013111932","total_fee":"4000","trade_state":"SUCCESS","trade_type":"JSAPI","transaction_id":"1003970869201510131179762260"}
[2015-10-13 11:19:33][debug] call back test:订单查询成功
[2015-10-13 11:19:33][debug] call back test:未入库
[2015-10-13 11:19:33][debug] call back test sql:UPDATE pa_marathon SET ispay =1,transaction_id="1003970869201510131179762260",out_trade_no="126806760120151013111922" WHERE openid ="ouN6_syQdilW6-i-m7CP0dhB3PVs"
[2015-10-13 11:19:33][debug] call back test:入库成功
[2015-10-13 11:47:22][debug] begin notify
[2015-10-13 12:14:45][debug] begin notify
[2015-10-13 12:14:45][debug] call back test:{"appid":"wx161f19ac48b1f2f3","attach":"\u9a6c\u62c9\u677e\u62a5\u540d","bank_type":"CFT","cash_fee":"4000","fee_type":"CNY","is_subscribe":"Y","mch_id":"1268067601","nonce_str":"qvkaki07cgj4q8sl5ir1s6eg6zaesit4","openid":"ouN6_s4xTOaD1VOKCFnK33kBIPQM","out_trade_no":"126806760120151013121422","result_code":"SUCCESS","return_code":"SUCCESS","sign":"DE7469FE45E7D0751A32A4CED1049706","time_end":"20151013121444","total_fee":"4000","trade_type":"JSAPI","transaction_id":"1003100869201510131180631617"}
[2015-10-13 12:14:45][debug] query:{"appid":"wx161f19ac48b1f2f3","attach":"\u9a6c\u62c9\u677e\u62a5\u540d","bank_type":"CFT","cash_fee":"4000","fee_type":"CNY","is_subscribe":"Y","mch_id":"1268067601","nonce_str":"LdlThfr25fDXh2T9","openid":"ouN6_s4xTOaD1VOKCFnK33kBIPQM","out_trade_no":"126806760120151013121422","result_code":"SUCCESS","return_code":"SUCCESS","return_msg":"OK","sign":"4018CD5C1A67D191202BCE180D0DD70B","time_end":"20151013121444","total_fee":"4000","trade_state":"SUCCESS","trade_type":"JSAPI","transaction_id":"1003100869201510131180631617"}
[2015-10-13 12:14:45][debug] call back test:订单查询成功
[2015-10-13 12:14:45][debug] call back test:未入库
[2015-10-13 12:14:45][debug] call back test sql:UPDATE pa_marathon SET ispay =1,transaction_id="1003100869201510131180631617",out_trade_no="126806760120151013121422" WHERE openid ="ouN6_s4xTOaD1VOKCFnK33kBIPQM"
[2015-10-13 12:14:45][debug] call back test:入库成功
[2015-10-13 12:30:11][debug] begin notify
[2015-10-13 12:30:11][debug] call back test:{"appid":"wx161f19ac48b1f2f3","attach":"\u9a6c\u62c9\u677e\u62a5\u540d","bank_type":"CFT","cash_fee":"6000","fee_type":"CNY","is_subscribe":"Y","mch_id":"1268067601","nonce_str":"pcrhflhhy7rcioecf9lm8jbij9i5l0i0","openid":"ouN6_s5RdURAI44qflswN3xZ5il8","out_trade_no":"126806760120151013122953","result_code":"SUCCESS","return_code":"SUCCESS","sign":"EEE702980BD9E0FFBC46C222608B77E5","time_end":"20151013123010","total_fee":"6000","trade_type":"JSAPI","transaction_id":"1003410869201510131180847283"}
[2015-10-13 12:30:11][debug] query:{"appid":"wx161f19ac48b1f2f3","attach":"\u9a6c\u62c9\u677e\u62a5\u540d","bank_type":"CFT","cash_fee":"6000","fee_type":"CNY","is_subscribe":"Y","mch_id":"1268067601","nonce_str":"bZnrb5arG8li2tkL","openid":"ouN6_s5RdURAI44qflswN3xZ5il8","out_trade_no":"126806760120151013122953","result_code":"SUCCESS","return_code":"SUCCESS","return_msg":"OK","sign":"408407634D358D5464CC16DE218509AE","time_end":"20151013123009","total_fee":"6000","trade_state":"SUCCESS","trade_type":"JSAPI","transaction_id":"1003410869201510131180847283"}
[2015-10-13 12:30:11][debug] call back test:订单查询成功
[2015-10-13 12:30:11][debug] call back test:未入库
[2015-10-13 12:30:11][debug] call back test sql:UPDATE pa_marathon SET ispay =1,transaction_id="1003410869201510131180847283",out_trade_no="126806760120151013122953" WHERE openid ="ouN6_s5RdURAI44qflswN3xZ5il8"
[2015-10-13 12:30:11][debug] call back test:入库成功
[2015-10-13 13:57:03][debug] begin notify
[2015-10-13 13:57:03][debug] call back test:{"appid":"wx161f19ac48b1f2f3","attach":"\u9a6c\u62c9\u677e\u62a5\u540d","bank_type":"GDB_CREDIT","cash_fee":"4000","fee_type":"CNY","is_subscribe":"Y","mch_id":"1268067601","nonce_str":"9emb3rxicc1xcyojk5k43q9ddkavxwmd","openid":"ouN6_s_iPdLmViPAWRcXrX0WTU6k","out_trade_no":"126806760120151013135651","result_code":"SUCCESS","return_code":"SUCCESS","sign":"B72A991DE166E2B7E7B349223DC60D56","time_end":"20151013135702","total_fee":"4000","trade_type":"JSAPI","transaction_id":"1002560869201510131181893258"}
[2015-10-13 13:57:03][debug] query:{"appid":"wx161f19ac48b1f2f3","attach":"\u9a6c\u62c9\u677e\u62a5\u540d","bank_type":"GDB_CREDIT","cash_fee":"4000","fee_type":"CNY","is_subscribe":"Y","mch_id":"1268067601","nonce_str":"KrL51t1DsT9Z1ulw","openid":"ouN6_s_iPdLmViPAWRcXrX0WTU6k","out_trade_no":"126806760120151013135651","result_code":"SUCCESS","return_code":"SUCCESS","return_msg":"OK","sign":"C4CAA83E9F0A4093EE433A3CBC5EBC8F","time_end":"20151013135701","total_fee":"4000","trade_state":"SUCCESS","trade_type":"JSAPI","transaction_id":"1002560869201510131181893258"}
[2015-10-13 13:57:03][debug] call back test:订单查询成功
[2015-10-13 13:57:03][debug] call back test:未入库
[2015-10-13 13:57:03][debug] call back test sql:UPDATE pa_marathon SET ispay =1,transaction_id="1002560869201510131181893258",out_trade_no="126806760120151013135651" WHERE openid ="ouN6_s_iPdLmViPAWRcXrX0WTU6k"
[2015-10-13 13:57:03][debug] call back test:入库成功
[2015-10-13 15:59:58][debug] begin notify
[2015-10-13 15:59:58][debug] call back test:{"appid":"wx161f19ac48b1f2f3","attach":"\u9a6c\u62c9\u677e\u62a5\u540d","bank_type":"ABC_DEBIT","cash_fee":"8000","fee_type":"CNY","is_subscribe":"Y","mch_id":"1268067601","nonce_str":"9oyb9s4j8m9q9ijri0cxoxxrofyt6wbw","openid":"ouN6_s5X-AVuHsGZ9oqU3eXowQTQ","out_trade_no":"126806760120151013155717","result_code":"SUCCESS","return_code":"SUCCESS","sign":"FD907B03A9164C10CBDD4E1B137CBEE2","time_end":"20151013155957","total_fee":"8000","trade_type":"JSAPI","transaction_id":"1009520869201510131183085345"}
[2015-10-13 16:00:03][debug] query:{"appid":"wx161f19ac48b1f2f3","attach":"\u9a6c\u62c9\u677e\u62a5\u540d","bank_type":"ABC_DEBIT","cash_fee":"8000","fee_type":"CNY","is_subscribe":"Y","mch_id":"1268067601","nonce_str":"yT2zvVigqDeeP1T3","openid":"ouN6_s5X-AVuHsGZ9oqU3eXowQTQ","out_trade_no":"126806760120151013155717","result_code":"SUCCESS","return_code":"SUCCESS","return_msg":"OK","sign":"EF0A81C0A2EB327BA2E940E9039C71E6","time_end":"20151013155947","total_fee":"8000","trade_state":"SUCCESS","trade_type":"JSAPI","transaction_id":"1009520869201510131183085345"}
[2015-10-13 16:00:03][debug] call back test:订单查询成功
[2015-10-13 16:00:03][debug] call back test:未入库
[2015-10-13 16:00:03][debug] call back test sql:UPDATE pa_marathon SET ispay =1,transaction_id="1009520869201510131183085345",out_trade_no="126806760120151013155717" WHERE openid ="ouN6_s5X-AVuHsGZ9oqU3eXowQTQ"
[2015-10-13 16:00:03][debug] call back test:入库成功
[2015-10-13 16:00:09][debug] begin notify
[2015-10-13 16:00:09][debug] call back test:{"appid":"wx161f19ac48b1f2f3","attach":"\u9a6c\u62c9\u677e\u62a5\u540d","bank_type":"ABC_DEBIT","cash_fee":"8000","fee_type":"CNY","is_subscribe":"Y","mch_id":"1268067601","nonce_str":"9oyb9s4j8m9q9ijri0cxoxxrofyt6wbw","openid":"ouN6_s5X-AVuHsGZ9oqU3eXowQTQ","out_trade_no":"126806760120151013155717","result_code":"SUCCESS","return_code":"SUCCESS","sign":"FD907B03A9164C10CBDD4E1B137CBEE2","time_end":"20151013155957","total_fee":"8000","trade_type":"JSAPI","transaction_id":"1009520869201510131183085345"}
[2015-10-13 16:00:09][debug] query:{"appid":"wx161f19ac48b1f2f3","attach":"\u9a6c\u62c9\u677e\u62a5\u540d","bank_type":"ABC_DEBIT","cash_fee":"8000","fee_type":"CNY","is_subscribe":"Y","mch_id":"1268067601","nonce_str":"v2HBEEbiMvwulLcf","openid":"ouN6_s5X-AVuHsGZ9oqU3eXowQTQ","out_trade_no":"126806760120151013155717","result_code":"SUCCESS","return_code":"SUCCESS","return_msg":"OK","sign":"60A31146BBEF87A0747E483E90BBD0E6","time_end":"20151013155947","total_fee":"8000","trade_state":"SUCCESS","trade_type":"JSAPI","transaction_id":"1009520869201510131183085345"}
[2015-10-13 16:00:09][debug] call back test:订单查询成功
[2015-10-13 16:00:09][debug] call back test:已入库
[2015-10-13 16:08:35][debug] begin notify
[2015-10-13 16:08:35][debug] call back test:{"appid":"wx161f19ac48b1f2f3","attach":"\u9a6c\u62c9\u677e\u62a5\u540d","bank_type":"CCB_DEBIT","cash_fee":"8000","fee_type":"CNY","is_subscribe":"Y","mch_id":"1268067601","nonce_str":"4dv28j2fsh8ptgge2edzflx0mv8pxvha","openid":"ouN6_s50KE2eas5dfDasCie1vrIY","out_trade_no":"126806760120151013160705","result_code":"SUCCESS","return_code":"SUCCESS","sign":"0D9C21E885FC25FB2264A800FE0A6030","time_end":"20151013160835","total_fee":"8000","trade_type":"JSAPI","transaction_id":"1003650869201510131183195262"}
[2015-10-13 16:08:36][debug] query:{"appid":"wx161f19ac48b1f2f3","attach":"\u9a6c\u62c9\u677e\u62a5\u540d","bank_type":"CCB_DEBIT","cash_fee":"8000","fee_type":"CNY","is_subscribe":"Y","mch_id":"1268067601","nonce_str":"trN8VSCLhLc4wIVV","openid":"ouN6_s50KE2eas5dfDasCie1vrIY","out_trade_no":"126806760120151013160705","result_code":"SUCCESS","return_code":"SUCCESS","return_msg":"OK","sign":"1A9A362BD6305C1B9B3D2719B5DAB5AF","time_end":"20151013160834","total_fee":"8000","trade_state":"SUCCESS","trade_type":"JSAPI","transaction_id":"1003650869201510131183195262"}
[2015-10-13 16:08:36][debug] call back test:订单查询成功
[2015-10-13 16:08:36][debug] call back test:未入库
[2015-10-13 16:08:36][debug] call back test sql:UPDATE pa_marathon SET ispay =1,transaction_id="1003650869201510131183195262",out_trade_no="126806760120151013160705" WHERE openid ="ouN6_s50KE2eas5dfDasCie1vrIY"
[2015-10-13 16:08:36][debug] call back test:入库成功
[2015-10-13 16:13:01][debug] begin notify
[2015-10-13 16:13:01][debug] call back test:{"appid":"wx161f19ac48b1f2f3","attach":"\u9a6c\u62c9\u677e\u62a5\u540d","bank_type":"ABC_CREDIT","cash_fee":"6000","fee_type":"CNY","is_subscribe":"N","mch_id":"1268067601","nonce_str":"j8mh61ve35cbz1053golpjp6hzmgitlm","openid":"ouN6_s1vjHWvPSNprC115XL7vRxE","out_trade_no":"126806760120151013161112","result_code":"SUCCESS","return_code":"SUCCESS","sign":"B52D103A48203A42CCCF2B308E0FC3CD","time_end":"20151013161301","total_fee":"6000","trade_type":"JSAPI","transaction_id":"1003850869201510131183221737"}
[2015-10-13 16:13:02][debug] query:{"appid":"wx161f19ac48b1f2f3","attach":"\u9a6c\u62c9\u677e\u62a5\u540d","bank_type":"ABC_CREDIT","cash_fee":"6000","fee_type":"CNY","is_subscribe":"N","mch_id":"1268067601","nonce_str":"w6KJQ2J2VQdeXHTf","openid":"ouN6_s1vjHWvPSNprC115XL7vRxE","out_trade_no":"126806760120151013161112","result_code":"SUCCESS","return_code":"SUCCESS","return_msg":"OK","sign":"424FAC9E41B71C4D26CBE6DF32901888","time_end":"20151013161300","total_fee":"6000","trade_state":"SUCCESS","trade_type":"JSAPI","transaction_id":"1003850869201510131183221737"}
[2015-10-13 16:13:02][debug] call back test:订单查询成功
[2015-10-13 16:13:02][debug] call back test:未入库
[2015-10-13 16:13:02][debug] call back test sql:UPDATE pa_marathon SET ispay =1,transaction_id="1003850869201510131183221737",out_trade_no="126806760120151013161112" WHERE openid ="ouN6_s1vjHWvPSNprC115XL7vRxE"
[2015-10-13 16:13:02][debug] call back test:入库成功
[2015-10-13 16:43:44][debug] begin notify
[2015-10-13 16:43:44][debug] call back test:{"appid":"wx161f19ac48b1f2f3","attach":"\u9a6c\u62c9\u677e\u62a5\u540d","bank_type":"ABC_DEBIT","cash_fee":"8000","fee_type":"CNY","is_subscribe":"Y","mch_id":"1268067601","nonce_str":"zqh7lmemxytklg7cd9l9j2avoah2ptdk","openid":"ouN6_s2QRJPGxng-HMHaBN9tbrW8","out_trade_no":"126806760120151013164201","result_code":"SUCCESS","return_code":"SUCCESS","sign":"A920CF4E61DF2EDEA4B4C4D96B34FD35","time_end":"20151013164344","total_fee":"8000","trade_type":"JSAPI","transaction_id":"1009450869201510131183529530"}
[2015-10-13 16:43:45][debug] query:{"appid":"wx161f19ac48b1f2f3","attach":"\u9a6c\u62c9\u677e\u62a5\u540d","bank_type":"ABC_DEBIT","cash_fee":"8000","fee_type":"CNY","is_subscribe":"Y","mch_id":"1268067601","nonce_str":"275A3YsorsuRS01f","openid":"ouN6_s2QRJPGxng-HMHaBN9tbrW8","out_trade_no":"126806760120151013164201","result_code":"SUCCESS","return_code":"SUCCESS","return_msg":"OK","sign":"66E24609ECE3C3704F5D1B435ED59DD8","time_end":"20151013164343","total_fee":"8000","trade_state":"SUCCESS","trade_type":"JSAPI","transaction_id":"1009450869201510131183529530"}
[2015-10-13 16:43:45][debug] call back test:订单查询成功
[2015-10-13 16:43:45][debug] call back test:未入库
[2015-10-13 16:43:45][debug] call back test sql:UPDATE pa_marathon SET ispay =1,transaction_id="1009450869201510131183529530",out_trade_no="126806760120151013164201" WHERE openid ="ouN6_s2QRJPGxng-HMHaBN9tbrW8"
[2015-10-13 16:43:45][debug] call back test:入库成功
[2015-10-13 17:29:54][debug] begin notify
[2015-10-13 17:29:54][debug] call back test:{"appid":"wx161f19ac48b1f2f3","attach":"\u9a6c\u62c9\u677e\u62a5\u540d","bank_type":"CFT","cash_fee":"4000","fee_type":"CNY","is_subscribe":"Y","mch_id":"1268067601","nonce_str":"f2eiy86637xhhmkqsysxcu35wbi732hc","openid":"ouN6_sximJ9i257xdpWRjw-HixPU","out_trade_no":"126806760120151013172925","result_code":"SUCCESS","return_code":"SUCCESS","sign":"AAA612EBFD128268AB2D89838C5DE5A6","time_end":"20151013172953","total_fee":"4000","trade_type":"JSAPI","transaction_id":"1004440869201510131184061460"}
[2015-10-13 17:29:54][debug] query:{"appid":"wx161f19ac48b1f2f3","attach":"\u9a6c\u62c9\u677e\u62a5\u540d","bank_type":"CFT","cash_fee":"4000","fee_type":"CNY","is_subscribe":"Y","mch_id":"1268067601","nonce_str":"2rr8ZN46E0BbO3Y4","openid":"ouN6_sximJ9i257xdpWRjw-HixPU","out_trade_no":"126806760120151013172925","result_code":"SUCCESS","return_code":"SUCCESS","return_msg":"OK","sign":"A8F785755196A06C5903569C43C23D5E","time_end":"20151013172952","total_fee":"4000","trade_state":"SUCCESS","trade_type":"JSAPI","transaction_id":"1004440869201510131184061460"}
[2015-10-13 17:29:54][debug] call back test:订单查询成功
[2015-10-13 17:29:54][debug] call back test:未入库
[2015-10-13 17:29:54][debug] call back test sql:UPDATE pa_marathon SET ispay =1,transaction_id="1004440869201510131184061460",out_trade_no="126806760120151013172925" WHERE openid ="ouN6_sximJ9i257xdpWRjw-HixPU"
[2015-10-13 17:29:54][debug] call back test:入库成功
[2015-10-13 18:26:12][debug] begin notify
[2015-10-13 18:26:12][debug] call back test:{"appid":"wx161f19ac48b1f2f3","attach":"\u9a6c\u62c9\u677e\u62a5\u540d","bank_type":"CFT","cash_fee":"4000","fee_type":"CNY","is_subscribe":"Y","mch_id":"1268067601","nonce_str":"hsmqjm1a6lvla962f00fkqf8jr52o1kc","openid":"ouN6_szb4DPDqQPPB1jie6bDAq5A","out_trade_no":"126806760120151013182444","result_code":"SUCCESS","return_code":"SUCCESS","sign":"114DF18D873B18E794F0D25714CAFC6C","time_end":"20151013182612","total_fee":"4000","trade_type":"JSAPI","transaction_id":"1004070869201510131184724177"}
[2015-10-13 18:26:13][debug] query:{"appid":"wx161f19ac48b1f2f3","attach":"\u9a6c\u62c9\u677e\u62a5\u540d","bank_type":"CFT","cash_fee":"4000","fee_type":"CNY","is_subscribe":"Y","mch_id":"1268067601","nonce_str":"GNSvyQYv6H0XPvQo","openid":"ouN6_szb4DPDqQPPB1jie6bDAq5A","out_trade_no":"126806760120151013182444","result_code":"SUCCESS","return_code":"SUCCESS","return_msg":"OK","sign":"FA450CB6E5F123648858D473B1CDB80D","time_end":"20151013182612","total_fee":"4000","trade_state":"SUCCESS","trade_type":"JSAPI","transaction_id":"1004070869201510131184724177"}
[2015-10-13 18:26:13][debug] call back test:订单查询成功
[2015-10-13 18:26:13][debug] call back test:未入库
[2015-10-13 18:26:13][debug] call back test sql:UPDATE pa_marathon SET ispay =1,transaction_id="1004070869201510131184724177",out_trade_no="126806760120151013182444" WHERE openid ="ouN6_szb4DPDqQPPB1jie6bDAq5A"
[2015-10-13 18:26:13][debug] call back test:入库成功
[2015-10-13 19:17:37][debug] begin notify
[2015-10-13 19:17:37][debug] call back test:{"appid":"wx161f19ac48b1f2f3","attach":"\u9a6c\u62c9\u677e\u62a5\u540d","bank_type":"CMB_CREDIT","cash_fee":"6000","fee_type":"CNY","is_subscribe":"N","mch_id":"1268067601","nonce_str":"1ge7jxl61pvmc6y77sardc02hp8nf113","openid":"ouN6_s07EhvqT94Eoxr6TzSYk610","out_trade_no":"126806760120151013191601","result_code":"SUCCESS","return_code":"SUCCESS","sign":"C90D9C637472558C045C768CC550EF54","time_end":"20151013191736","total_fee":"6000","trade_type":"JSAPI","transaction_id":"1002130869201510131185383676"}
[2015-10-13 19:17:37][debug] query:{"appid":"wx161f19ac48b1f2f3","attach":"\u9a6c\u62c9\u677e\u62a5\u540d","bank_type":"CMB_CREDIT","cash_fee":"6000","fee_type":"CNY","is_subscribe":"N","mch_id":"1268067601","nonce_str":"9SYG8gsdUJ9mk7Ks","openid":"ouN6_s07EhvqT94Eoxr6TzSYk610","out_trade_no":"126806760120151013191601","result_code":"SUCCESS","return_code":"SUCCESS","return_msg":"OK","sign":"5882B51398A77D7440490A576184C5D3","time_end":"20151013191735","total_fee":"6000","trade_state":"SUCCESS","trade_type":"JSAPI","transaction_id":"1002130869201510131185383676"}
[2015-10-13 19:17:37][debug] call back test:订单查询成功
[2015-10-13 19:17:37][debug] call back test:未入库
[2015-10-13 19:17:37][debug] call back test sql:UPDATE pa_marathon SET ispay =1,transaction_id="1002130869201510131185383676",out_trade_no="126806760120151013191601" WHERE openid ="ouN6_s07EhvqT94Eoxr6TzSYk610"
[2015-10-13 19:17:37][debug] call back test:入库成功
[2015-10-13 20:02:43][debug] begin notify
[2015-10-13 20:02:43][debug] call back test:{"appid":"wx161f19ac48b1f2f3","attach":"\u9a6c\u62c9\u677e\u62a5\u540d","bank_type":"CMB_DEBIT","cash_fee":"4000","fee_type":"CNY","is_subscribe":"Y","mch_id":"1268067601","nonce_str":"paznpnsqi9xouezemtceyakvl85i9390","openid":"ouN6_s1P3zuNff2uJJwYze9lIOr0","out_trade_no":"126806760120151013195818","result_code":"SUCCESS","return_code":"SUCCESS","sign":"832C279FC36EE01FE29C21BC7610325C","time_end":"20151013200242","total_fee":"4000","trade_type":"JSAPI","transaction_id":"1000220869201510131185907639"}
[2015-10-13 20:03:00][debug] begin notify
[2015-10-13 20:03:00][debug] call back test:{"appid":"wx161f19ac48b1f2f3","attach":"\u9a6c\u62c9\u677e\u62a5\u540d","bank_type":"CMB_DEBIT","cash_fee":"4000","fee_type":"CNY","is_subscribe":"Y","mch_id":"1268067601","nonce_str":"paznpnsqi9xouezemtceyakvl85i9390","openid":"ouN6_s1P3zuNff2uJJwYze9lIOr0","out_trade_no":"126806760120151013195818","result_code":"SUCCESS","return_code":"SUCCESS","sign":"832C279FC36EE01FE29C21BC7610325C","time_end":"20151013200242","total_fee":"4000","trade_type":"JSAPI","transaction_id":"1000220869201510131185907639"}
[2015-10-13 20:03:04][debug] query:{"appid":"wx161f19ac48b1f2f3","attach":"\u9a6c\u62c9\u677e\u62a5\u540d","bank_type":"CMB_DEBIT","cash_fee":"4000","fee_type":"CNY","is_subscribe":"Y","mch_id":"1268067601","nonce_str":"bXHVG6ZawVTXBpJs","openid":"ouN6_s1P3zuNff2uJJwYze9lIOr0","out_trade_no":"126806760120151013195818","result_code":"SUCCESS","return_code":"SUCCESS","return_msg":"OK","sign":"52005FB0DE7F7D1D0A9D68D2B34D85D8","time_end":"20151013200241","total_fee":"4000","trade_state":"SUCCESS","trade_type":"JSAPI","transaction_id":"1000220869201510131185907639"}
[2015-10-13 20:03:04][debug] call back test:订单查询成功
[2015-10-13 20:03:04][debug] call back test:未入库
[2015-10-13 20:03:04][debug] call back test sql:UPDATE pa_marathon SET ispay =1,transaction_id="1000220869201510131185907639",out_trade_no="126806760120151013195818" WHERE openid ="ouN6_s1P3zuNff2uJJwYze9lIOr0"
[2015-10-13 20:03:04][debug] call back test:入库成功
[2015-10-13 20:13:43][debug] begin notify
[2015-10-13 20:13:43][debug] call back test:{"appid":"wx161f19ac48b1f2f3","attach":"\u9a6c\u62c9\u677e\u62a5\u540d","bank_type":"CFT","cash_fee":"4000","fee_type":"CNY","is_subscribe":"N","mch_id":"1268067601","nonce_str":"34dgp5qbcrfgb96bhpva7av18w2r7t7t","openid":"ouN6_s7az-Qt5T-fRFfCfhd4SApo","out_trade_no":"126806760120151013201322","result_code":"SUCCESS","return_code":"SUCCESS","sign":"EFED347D0B7810736E4BDE52515E9A11","time_end":"20151013201341","total_fee":"4000","trade_type":"JSAPI","transaction_id":"1009830869201510131186042882"}
[2015-10-13 20:13:43][debug] query:{"appid":"wx161f19ac48b1f2f3","attach":"\u9a6c\u62c9\u677e\u62a5\u540d","bank_type":"CFT","cash_fee":"4000","fee_type":"CNY","is_subscribe":"N","mch_id":"1268067601","nonce_str":"NQShTAisRVgNRRbD","openid":"ouN6_s7az-Qt5T-fRFfCfhd4SApo","out_trade_no":"126806760120151013201322","result_code":"SUCCESS","return_code":"SUCCESS","return_msg":"OK","sign":"D7AAE79C4A851F883C1A480C1AA31239","time_end":"20151013201340","total_fee":"4000","trade_state":"SUCCESS","trade_type":"JSAPI","transaction_id":"1009830869201510131186042882"}
[2015-10-13 20:13:43][debug] call back test:订单查询成功
[2015-10-13 20:13:43][debug] call back test:未入库
[2015-10-13 20:13:43][debug] call back test sql:UPDATE pa_marathon SET ispay =1,transaction_id="1009830869201510131186042882",out_trade_no="126806760120151013201322" WHERE openid ="ouN6_s7az-Qt5T-fRFfCfhd4SApo"
[2015-10-13 20:13:43][debug] call back test:入库成功
[2015-10-13 20:22:45][debug] begin notify
[2015-10-13 20:22:45][debug] call back test:{"appid":"wx161f19ac48b1f2f3","attach":"\u9a6c\u62c9\u677e\u62a5\u540d","bank_type":"CFT","cash_fee":"8000","fee_type":"CNY","is_subscribe":"Y","mch_id":"1268067601","nonce_str":"36j6h65g66yohqkt68ssq0aib3azsq0g","openid":"ouN6_s8W8SCxa8Dk8v9VePW3g3G4","out_trade_no":"126806760120151013202141","result_code":"SUCCESS","return_code":"SUCCESS","sign":"C5748C09591480A52505C274C710D180","time_end":"20151013202244","total_fee":"8000","trade_type":"JSAPI","transaction_id":"1001770869201510131186137310"}
[2015-10-13 20:22:45][debug] query:{"appid":"wx161f19ac48b1f2f3","attach":"\u9a6c\u62c9\u677e\u62a5\u540d","bank_type":"CFT","cash_fee":"8000","fee_type":"CNY","is_subscribe":"Y","mch_id":"1268067601","nonce_str":"gcGbijmrBNcOWJnb","openid":"ouN6_s8W8SCxa8Dk8v9VePW3g3G4","out_trade_no":"126806760120151013202141","result_code":"SUCCESS","return_code":"SUCCESS","return_msg":"OK","sign":"67BAB655F4FB7FB5903DBAF56F12F797","time_end":"20151013202244","total_fee":"8000","trade_state":"SUCCESS","trade_type":"JSAPI","transaction_id":"1001770869201510131186137310"}
[2015-10-13 20:22:45][debug] call back test:订单查询成功
[2015-10-13 20:22:45][debug] call back test:未入库
[2015-10-13 20:22:45][debug] call back test sql:UPDATE pa_marathon SET ispay =1,transaction_id="1001770869201510131186137310",out_trade_no="126806760120151013202141" WHERE openid ="ouN6_s8W8SCxa8Dk8v9VePW3g3G4"
[2015-10-13 20:22:45][debug] call back test:入库成功
[2015-10-13 21:12:01][debug] begin notify
[2015-10-13 21:12:01][debug] call back test:{"appid":"wx161f19ac48b1f2f3","attach":"\u9a6c\u62c9\u677e\u62a5\u540d","bank_type":"CFT","cash_fee":"6000","fee_type":"CNY","is_subscribe":"N","mch_id":"1268067601","nonce_str":"x5sww67prio7ga4wptdmcz3ad7sj5y2x","openid":"ouN6_s46o3TcLXS05VBQok80Q0kQ","out_trade_no":"126806760120151013211047","result_code":"SUCCESS","return_code":"SUCCESS","sign":"76E487AD27C7205FE6B789BED4CC836D","time_end":"20151013211200","total_fee":"6000","trade_type":"JSAPI","transaction_id":"1008690869201510131186665309"}
[2015-10-13 21:12:02][debug] query:{"appid":"wx161f19ac48b1f2f3","attach":"\u9a6c\u62c9\u677e\u62a5\u540d","bank_type":"CFT","cash_fee":"6000","fee_type":"CNY","is_subscribe":"N","mch_id":"1268067601","nonce_str":"TwGlp8IhqB1cFID5","openid":"ouN6_s46o3TcLXS05VBQok80Q0kQ","out_trade_no":"126806760120151013211047","result_code":"SUCCESS","return_code":"SUCCESS","return_msg":"OK","sign":"F75D0B4AF6A4C06839258118A81EB1F8","time_end":"20151013211200","total_fee":"6000","trade_state":"SUCCESS","trade_type":"JSAPI","transaction_id":"1008690869201510131186665309"}
[2015-10-13 21:12:02][debug] call back test:订单查询成功
[2015-10-13 21:12:02][debug] call back test:未入库
[2015-10-13 21:12:02][debug] call back test sql:UPDATE pa_marathon SET ispay =1,transaction_id="1008690869201510131186665309",out_trade_no="126806760120151013211047" WHERE openid ="ouN6_s46o3TcLXS05VBQok80Q0kQ"
[2015-10-13 21:12:02][debug] call back test:入库成功
