[2015-10-17 08:24:49][debug] begin notify
[2015-10-17 08:24:49][debug] call back test:{"appid":"wx161f19ac48b1f2f3","attach":"\u9a6c\u62c9\u677e\u62a5\u540d","bank_type":"ABC_DEBIT","cash_fee":"6000","fee_type":"CNY","is_subscribe":"Y","mch_id":"1268067601","nonce_str":"q2p471o1zst7riovg9pxytjol0w70qo9","openid":"ouN6_s8Gkz3HxF-TARgscz00Npys","out_trade_no":"126806760120151017082419","result_code":"SUCCESS","return_code":"SUCCESS","sign":"401CEF7187224F11F440539A8A8FFC65","time_end":"20151017082448","total_fee":"6000","trade_type":"JSAPI","transaction_id":"1002880869201510171226213998"}
[2015-10-17 08:24:49][debug] query:{"appid":"wx161f19ac48b1f2f3","attach":"\u9a6c\u62c9\u677e\u62a5\u540d","bank_type":"ABC_DEBIT","cash_fee":"6000","fee_type":"CNY","is_subscribe":"Y","mch_id":"1268067601","nonce_str":"Zt3JR9G9DWXf1hao","openid":"ouN6_s8Gkz3HxF-TARgscz00Npys","out_trade_no":"126806760120151017082419","result_code":"SUCCESS","return_code":"SUCCESS","return_msg":"OK","sign":"6ACCFC508C498D283250D64ACC932B05","time_end":"20151017082448","total_fee":"6000","trade_state":"SUCCESS","trade_type":"JSAPI","transaction_id":"1002880869201510171226213998"}
[2015-10-17 08:24:49][debug] call back test:订单查询成功
[2015-10-17 08:24:49][debug] call back test:未入库
[2015-10-17 08:24:49][debug] call back test sql:UPDATE pa_marathon SET ispay =1,transaction_id="1002880869201510171226213998",out_trade_no="126806760120151017082419" WHERE openid ="ouN6_s8Gkz3HxF-TARgscz00Npys"
[2015-10-17 08:24:49][debug] call back test:入库成功
[2015-10-17 08:29:55][debug] begin notify
[2015-10-17 08:29:55][debug] call back test:{"appid":"wx161f19ac48b1f2f3","attach":"\u9a6c\u62c9\u677e\u62a5\u540d","bank_type":"CFT","cash_fee":"4000","fee_type":"CNY","is_subscribe":"N","mch_id":"1268067601","nonce_str":"8j860v1pfs0525gdnmp6tylcuxna7vmj","openid":"ouN6_s1fIVDyMKZBcwWp2UWzmzno","out_trade_no":"126806760120151017082724","result_code":"SUCCESS","return_code":"SUCCESS","sign":"BD6C6BC8612F6978E90A4ABC5CD79EB4","time_end":"20151017082954","total_fee":"4000","trade_type":"JSAPI","transaction_id":"1009840869201510171226245991"}
[2015-10-17 08:29:55][debug] query:{"appid":"wx161f19ac48b1f2f3","attach":"\u9a6c\u62c9\u677e\u62a5\u540d","bank_type":"CFT","cash_fee":"4000","fee_type":"CNY","is_subscribe":"N","mch_id":"1268067601","nonce_str":"hbMFufAZQxjuJ1V0","openid":"ouN6_s1fIVDyMKZBcwWp2UWzmzno","out_trade_no":"126806760120151017082724","result_code":"SUCCESS","return_code":"SUCCESS","return_msg":"OK","sign":"DB1884BEBBE9DE55258944B9D4342919","time_end":"20151017082954","total_fee":"4000","trade_state":"SUCCESS","trade_type":"JSAPI","transaction_id":"1009840869201510171226245991"}
[2015-10-17 08:29:55][debug] call back test:订单查询成功
[2015-10-17 08:29:55][debug] call back test:未入库
[2015-10-17 08:29:55][debug] call back test sql:UPDATE pa_marathon SET ispay =1,transaction_id="1009840869201510171226245991",out_trade_no="126806760120151017082724" WHERE openid ="ouN6_s1fIVDyMKZBcwWp2UWzmzno"
[2015-10-17 08:29:55][debug] call back test:入库成功
[2015-10-17 08:31:00][debug] begin notify
[2015-10-17 08:31:00][debug] call back test:{"appid":"wx161f19ac48b1f2f3","attach":"\u9a6c\u62c9\u677e\u62a5\u540d","bank_type":"ABC_DEBIT","cash_fee":"6000","fee_type":"CNY","is_subscribe":"Y","mch_id":"1268067601","nonce_str":"rl83awy8q8w2dp9r628fj4x00mf1v62t","openid":"ouN6_syYuWqHbx6pZOWxzxa8A89w","out_trade_no":"126806760120151017083047","result_code":"SUCCESS","return_code":"SUCCESS","sign":"9CF5F2872E1363526DA266E73542B8C6","time_end":"20151017083059","total_fee":"6000","trade_type":"JSAPI","transaction_id":"1008730869201510171226251383"}
[2015-10-17 08:31:00][debug] query:{"appid":"wx161f19ac48b1f2f3","attach":"\u9a6c\u62c9\u677e\u62a5\u540d","bank_type":"ABC_DEBIT","cash_fee":"6000","fee_type":"CNY","is_subscribe":"Y","mch_id":"1268067601","nonce_str":"fjozaML0GBbKlF0Z","openid":"ouN6_syYuWqHbx6pZOWxzxa8A89w","out_trade_no":"126806760120151017083047","result_code":"SUCCESS","return_code":"SUCCESS","return_msg":"OK","sign":"D65E3AC0E519EC29CEA07A6DECF47817","time_end":"20151017083059","total_fee":"6000","trade_state":"SUCCESS","trade_type":"JSAPI","transaction_id":"1008730869201510171226251383"}
[2015-10-17 08:31:00][debug] call back test:订单查询成功
[2015-10-17 08:31:00][debug] call back test:未入库
[2015-10-17 08:31:00][debug] call back test sql:UPDATE pa_marathon SET ispay =1,transaction_id="1008730869201510171226251383",out_trade_no="126806760120151017083047" WHERE openid ="ouN6_syYuWqHbx6pZOWxzxa8A89w"
[2015-10-17 08:31:00][debug] call back test:入库成功
[2015-10-17 08:33:33][debug] begin notify
[2015-10-17 08:33:33][debug] call back test:{"appid":"wx161f19ac48b1f2f3","attach":"\u9a6c\u62c9\u677e\u62a5\u540d","bank_type":"CFT","cash_fee":"4000","fee_type":"CNY","is_subscribe":"Y","mch_id":"1268067601","nonce_str":"exkfj9tqm52hi2zbv9uuzux4mcm8jr9j","openid":"ouN6_s5eh0ImjgbKqSD5rIKKRpic","out_trade_no":"126806760120151017083133","result_code":"SUCCESS","return_code":"SUCCESS","sign":"BE7F4F20003AF7F927EC628B32DFC60C","time_end":"20151017083331","total_fee":"4000","trade_type":"JSAPI","transaction_id":"1003030869201510171226284634"}
[2015-10-17 08:33:33][debug] query:{"appid":"wx161f19ac48b1f2f3","attach":"\u9a6c\u62c9\u677e\u62a5\u540d","bank_type":"CFT","cash_fee":"4000","fee_type":"CNY","is_subscribe":"Y","mch_id":"1268067601","nonce_str":"QBkrmeqlEso9Jne7","openid":"ouN6_s5eh0ImjgbKqSD5rIKKRpic","out_trade_no":"126806760120151017083133","result_code":"SUCCESS","return_code":"SUCCESS","return_msg":"OK","sign":"0F322393DD23FD13A1A796CE02990534","time_end":"20151017083330","total_fee":"4000","trade_state":"SUCCESS","trade_type":"JSAPI","transaction_id":"1003030869201510171226284634"}
[2015-10-17 08:33:33][debug] call back test:订单查询成功
[2015-10-17 08:33:33][debug] call back test:未入库
[2015-10-17 08:33:33][debug] call back test sql:UPDATE pa_marathon SET ispay =1,transaction_id="1003030869201510171226284634",out_trade_no="126806760120151017083133" WHERE openid ="ouN6_s5eh0ImjgbKqSD5rIKKRpic"
[2015-10-17 08:33:33][debug] call back test:入库成功
[2015-10-17 08:34:39][debug] begin notify
[2015-10-17 08:34:39][debug] call back test:{"appid":"wx161f19ac48b1f2f3","attach":"\u9a6c\u62c9\u677e\u62a5\u540d","bank_type":"CFT","cash_fee":"4000","fee_type":"CNY","is_subscribe":"Y","mch_id":"1268067601","nonce_str":"sfjr8ttc7wrhalygvn5ql2qm0ptj5a9q","openid":"ouN6_s5eh0ImjgbKqSD5rIKKRpic","out_trade_no":"126806760120151017083427","result_code":"SUCCESS","return_code":"SUCCESS","sign":"E296BC853E9B604B6052F8910CBF0B14","time_end":"20151017083438","total_fee":"4000","trade_type":"JSAPI","transaction_id":"1003030869201510171226288021"}
[2015-10-17 08:34:42][debug] query:{"appid":"wx161f19ac48b1f2f3","attach":"\u9a6c\u62c9\u677e\u62a5\u540d","bank_type":"CFT","cash_fee":"4000","fee_type":"CNY","is_subscribe":"Y","mch_id":"1268067601","nonce_str":"kNQRbyViMkgYiLhl","openid":"ouN6_s5eh0ImjgbKqSD5rIKKRpic","out_trade_no":"126806760120151017083427","result_code":"SUCCESS","return_code":"SUCCESS","return_msg":"OK","sign":"350B2ECFD310DDCF79AB27A0B2D379ED","time_end":"20151017083438","total_fee":"4000","trade_state":"SUCCESS","trade_type":"JSAPI","transaction_id":"1003030869201510171226288021"}
[2015-10-17 08:34:42][debug] call back test:订单查询成功
[2015-10-17 08:34:42][debug] call back test:未入库
[2015-10-17 08:34:42][debug] call back test sql:UPDATE pa_marathon SET ispay =1,transaction_id="1003030869201510171226288021",out_trade_no="126806760120151017083427" WHERE openid ="ouN6_s5eh0ImjgbKqSD5rIKKRpic"
[2015-10-17 08:34:42][debug] call back test:入库成功
[2015-10-17 08:34:57][debug] begin notify
[2015-10-17 08:34:57][debug] call back test:{"appid":"wx161f19ac48b1f2f3","attach":"\u9a6c\u62c9\u677e\u62a5\u540d","bank_type":"CFT","cash_fee":"4000","fee_type":"CNY","is_subscribe":"Y","mch_id":"1268067601","nonce_str":"sfjr8ttc7wrhalygvn5ql2qm0ptj5a9q","openid":"ouN6_s5eh0ImjgbKqSD5rIKKRpic","out_trade_no":"126806760120151017083427","result_code":"SUCCESS","return_code":"SUCCESS","sign":"E296BC853E9B604B6052F8910CBF0B14","time_end":"20151017083438","total_fee":"4000","trade_type":"JSAPI","transaction_id":"1003030869201510171226288021"}
[2015-10-17 08:34:57][debug] query:{"appid":"wx161f19ac48b1f2f3","attach":"\u9a6c\u62c9\u677e\u62a5\u540d","bank_type":"CFT","cash_fee":"4000","fee_type":"CNY","is_subscribe":"Y","mch_id":"1268067601","nonce_str":"eyt15vEzGJuES5Sy","openid":"ouN6_s5eh0ImjgbKqSD5rIKKRpic","out_trade_no":"126806760120151017083427","result_code":"SUCCESS","return_code":"SUCCESS","return_msg":"OK","sign":"04EC9752A96B248D5A8BE19FC25A56F7","time_end":"20151017083438","total_fee":"4000","trade_state":"SUCCESS","trade_type":"JSAPI","transaction_id":"1003030869201510171226288021"}
[2015-10-17 08:34:57][debug] call back test:订单查询成功
[2015-10-17 08:34:57][debug] call back test:已入库
[2015-10-17 08:36:57][debug] begin notify
[2015-10-17 08:36:57][debug] call back test:{"appid":"wx161f19ac48b1f2f3","attach":"\u9a6c\u62c9\u677e\u62a5\u540d","bank_type":"CFT","cash_fee":"4000","fee_type":"CNY","is_subscribe":"Y","mch_id":"1268067601","nonce_str":"6820px6nwcfy3a9g2r65x0bmf3gagaz4","openid":"ouN6_s5eh0ImjgbKqSD5rIKKRpic","out_trade_no":"126806760120151017083630","result_code":"SUCCESS","return_code":"SUCCESS","sign":"CE8997876233B094C5E8EF997D1D40DA","time_end":"20151017083656","total_fee":"4000","trade_type":"JSAPI","transaction_id":"1003030869201510171226290194"}
[2015-10-17 08:37:02][debug] query:{"appid":"wx161f19ac48b1f2f3","attach":"\u9a6c\u62c9\u677e\u62a5\u540d","bank_type":"CFT","cash_fee":"4000","fee_type":"CNY","is_subscribe":"Y","mch_id":"1268067601","nonce_str":"ipGAazs3J4znbOJz","openid":"ouN6_s5eh0ImjgbKqSD5rIKKRpic","out_trade_no":"126806760120151017083630","result_code":"SUCCESS","return_code":"SUCCESS","return_msg":"OK","sign":"C1787335B5EEBEE711A065BB9500B2FC","time_end":"20151017083656","total_fee":"4000","trade_state":"SUCCESS","trade_type":"JSAPI","transaction_id":"1003030869201510171226290194"}
[2015-10-17 08:37:02][debug] call back test:订单查询成功
[2015-10-17 08:37:02][debug] call back test:未入库
[2015-10-17 08:37:02][debug] call back test sql:UPDATE pa_marathon SET ispay =1,transaction_id="1003030869201510171226290194",out_trade_no="126806760120151017083630" WHERE openid ="ouN6_s5eh0ImjgbKqSD5rIKKRpic"
[2015-10-17 08:37:02][debug] call back test:入库成功
[2015-10-17 08:37:13][debug] begin notify
[2015-10-17 08:37:13][debug] call back test:{"appid":"wx161f19ac48b1f2f3","attach":"\u9a6c\u62c9\u677e\u62a5\u540d","bank_type":"CFT","cash_fee":"4000","fee_type":"CNY","is_subscribe":"Y","mch_id":"1268067601","nonce_str":"6820px6nwcfy3a9g2r65x0bmf3gagaz4","openid":"ouN6_s5eh0ImjgbKqSD5rIKKRpic","out_trade_no":"126806760120151017083630","result_code":"SUCCESS","return_code":"SUCCESS","sign":"CE8997876233B094C5E8EF997D1D40DA","time_end":"20151017083656","total_fee":"4000","trade_type":"JSAPI","transaction_id":"1003030869201510171226290194"}
[2015-10-17 08:37:14][debug] query:{"appid":"wx161f19ac48b1f2f3","attach":"\u9a6c\u62c9\u677e\u62a5\u540d","bank_type":"CFT","cash_fee":"4000","fee_type":"CNY","is_subscribe":"Y","mch_id":"1268067601","nonce_str":"w1eanFzv8Q2usPAQ","openid":"ouN6_s5eh0ImjgbKqSD5rIKKRpic","out_trade_no":"126806760120151017083630","result_code":"SUCCESS","return_code":"SUCCESS","return_msg":"OK","sign":"4733DE7B32CDCD5361BB8EF14F513BD7","time_end":"20151017083656","total_fee":"4000","trade_state":"SUCCESS","trade_type":"JSAPI","transaction_id":"1003030869201510171226290194"}
[2015-10-17 08:37:14][debug] call back test:订单查询成功
[2015-10-17 08:37:14][debug] call back test:已入库
[2015-10-17 08:37:42][debug] begin notify
[2015-10-17 08:37:42][debug] call back test:{"appid":"wx161f19ac48b1f2f3","attach":"\u9a6c\u62c9\u677e\u62a5\u540d","bank_type":"CFT","cash_fee":"6000","fee_type":"CNY","is_subscribe":"Y","mch_id":"1268067601","nonce_str":"wljghvd6i9dvlaxrmozh4blpf791rshe","openid":"ouN6_s76Q1WMWlZsNC6C18cNYLVQ","out_trade_no":"126806760120151017083659","result_code":"SUCCESS","return_code":"SUCCESS","sign":"15A7C70617FC8F310EC6B0EF7D8BD6A4","time_end":"20151017083742","total_fee":"6000","trade_type":"JSAPI","transaction_id":"1004870869201510171226296925"}
[2015-10-17 08:37:43][debug] query:{"appid":"wx161f19ac48b1f2f3","attach":"\u9a6c\u62c9\u677e\u62a5\u540d","bank_type":"CFT","cash_fee":"6000","fee_type":"CNY","is_subscribe":"Y","mch_id":"1268067601","nonce_str":"Du5E2RahVPhrW3xr","openid":"ouN6_s76Q1WMWlZsNC6C18cNYLVQ","out_trade_no":"126806760120151017083659","result_code":"SUCCESS","return_code":"SUCCESS","return_msg":"OK","sign":"2B459086666A9573F7F7DCAF2AE803FE","time_end":"20151017083742","total_fee":"6000","trade_state":"SUCCESS","trade_type":"JSAPI","transaction_id":"1004870869201510171226296925"}
[2015-10-17 08:37:43][debug] call back test:订单查询成功
[2015-10-17 08:37:43][debug] call back test:未入库
[2015-10-17 08:37:43][debug] call back test sql:UPDATE pa_marathon SET ispay =1,transaction_id="1004870869201510171226296925",out_trade_no="126806760120151017083659" WHERE openid ="ouN6_s76Q1WMWlZsNC6C18cNYLVQ"
[2015-10-17 08:37:43][debug] call back test:入库成功
[2015-10-17 09:25:20][debug] begin notify
[2015-10-17 09:25:20][debug] call back test:{"appid":"wx161f19ac48b1f2f3","attach":"\u9a6c\u62c9\u677e\u62a5\u540d","bank_type":"CFT","cash_fee":"4000","fee_type":"CNY","is_subscribe":"Y","mch_id":"1268067601","nonce_str":"3sp8a9ekchn5nqsb25s6xys56mo51nzn","openid":"ouN6_s0iPsMaO5s9Od3eoDK_gthw","out_trade_no":"126806760120151017092425","result_code":"SUCCESS","return_code":"SUCCESS","sign":"3931BB17CC5CBD122A3129AAD7FE4E53","time_end":"20151017092520","total_fee":"4000","trade_type":"JSAPI","transaction_id":"1009640869201510171226665054"}
[2015-10-17 09:25:20][debug] query:{"appid":"wx161f19ac48b1f2f3","attach":"\u9a6c\u62c9\u677e\u62a5\u540d","bank_type":"CFT","cash_fee":"4000","fee_type":"CNY","is_subscribe":"Y","mch_id":"1268067601","nonce_str":"gB7cGoc5bV44YWhE","openid":"ouN6_s0iPsMaO5s9Od3eoDK_gthw","out_trade_no":"126806760120151017092425","result_code":"SUCCESS","return_code":"SUCCESS","return_msg":"OK","sign":"3D01FC5403D1031BFAC94026CA35FE59","time_end":"20151017092519","total_fee":"4000","trade_state":"SUCCESS","trade_type":"JSAPI","transaction_id":"1009640869201510171226665054"}
[2015-10-17 09:25:20][debug] call back test:订单查询成功
[2015-10-17 09:25:20][debug] call back test:未入库
[2015-10-17 09:25:20][debug] call back test sql:UPDATE pa_marathon SET ispay =1,transaction_id="1009640869201510171226665054",out_trade_no="126806760120151017092425" WHERE openid ="ouN6_s0iPsMaO5s9Od3eoDK_gthw"
[2015-10-17 09:25:20][debug] call back test:入库成功
[2015-10-17 09:26:53][debug] begin notify
[2015-10-17 09:26:53][debug] call back test:{"appid":"wx161f19ac48b1f2f3","attach":"\u9a6c\u62c9\u677e\u62a5\u540d","bank_type":"CMBC_DEBIT","cash_fee":"4000","fee_type":"CNY","is_subscribe":"Y","mch_id":"1268067601","nonce_str":"ygip6q7k217zjcae5u7rjirqxgv2b8s7","openid":"ouN6_s4-vfAEtTowtPm7KHfsczq0","out_trade_no":"126806760120151017092046","result_code":"SUCCESS","return_code":"SUCCESS","sign":"E685DE5DEABFA489477AE476D0B52C78","time_end":"20151017092652","total_fee":"4000","trade_type":"JSAPI","transaction_id":"1006830869201510171226649784"}
[2015-10-17 09:26:57][debug] query:{"appid":"wx161f19ac48b1f2f3","attach":"\u9a6c\u62c9\u677e\u62a5\u540d","bank_type":"CMBC_DEBIT","cash_fee":"4000","fee_type":"CNY","is_subscribe":"Y","mch_id":"1268067601","nonce_str":"104b73Co9vJ7ZQEq","openid":"ouN6_s4-vfAEtTowtPm7KHfsczq0","out_trade_no":"126806760120151017092046","result_code":"SUCCESS","return_code":"SUCCESS","return_msg":"OK","sign":"578A8A6CCE338824B44648C8249BE927","time_end":"20151017092650","total_fee":"4000","trade_state":"SUCCESS","trade_type":"JSAPI","transaction_id":"1006830869201510171226649784"}
[2015-10-17 09:26:57][debug] call back test:订单查询成功
[2015-10-17 09:26:57][debug] call back test:未入库
[2015-10-17 09:26:57][debug] call back test sql:UPDATE pa_marathon SET ispay =1,transaction_id="1006830869201510171226649784",out_trade_no="126806760120151017092046" WHERE openid ="ouN6_s4-vfAEtTowtPm7KHfsczq0"
[2015-10-17 09:26:57][debug] call back test:入库成功
[2015-10-17 09:27:11][debug] begin notify
[2015-10-17 09:27:11][debug] call back test:{"appid":"wx161f19ac48b1f2f3","attach":"\u9a6c\u62c9\u677e\u62a5\u540d","bank_type":"CMBC_DEBIT","cash_fee":"4000","fee_type":"CNY","is_subscribe":"Y","mch_id":"1268067601","nonce_str":"ygip6q7k217zjcae5u7rjirqxgv2b8s7","openid":"ouN6_s4-vfAEtTowtPm7KHfsczq0","out_trade_no":"126806760120151017092046","result_code":"SUCCESS","return_code":"SUCCESS","sign":"E685DE5DEABFA489477AE476D0B52C78","time_end":"20151017092652","total_fee":"4000","trade_type":"JSAPI","transaction_id":"1006830869201510171226649784"}
[2015-10-17 09:27:11][debug] query:{"appid":"wx161f19ac48b1f2f3","attach":"\u9a6c\u62c9\u677e\u62a5\u540d","bank_type":"CMBC_DEBIT","cash_fee":"4000","fee_type":"CNY","is_subscribe":"Y","mch_id":"1268067601","nonce_str":"U8nBVZgoATVx9q2M","openid":"ouN6_s4-vfAEtTowtPm7KHfsczq0","out_trade_no":"126806760120151017092046","result_code":"SUCCESS","return_code":"SUCCESS","return_msg":"OK","sign":"D7575F53DCAA5014CC5005B702CB7819","time_end":"20151017092650","total_fee":"4000","trade_state":"SUCCESS","trade_type":"JSAPI","transaction_id":"1006830869201510171226649784"}
[2015-10-17 09:27:11][debug] call back test:订单查询成功
[2015-10-17 09:27:11][debug] call back test:已入库
[2015-10-17 09:32:14][debug] begin notify
[2015-10-17 09:32:14][debug] call back test:{"appid":"wx161f19ac48b1f2f3","attach":"\u9a6c\u62c9\u677e\u62a5\u540d","bank_type":"CCB_DEBIT","cash_fee":"6000","fee_type":"CNY","is_subscribe":"Y","mch_id":"1268067601","nonce_str":"p2gz2vxa6ezgc4497ueadivxciu1y2cz","openid":"ouN6_syMhFWiYsC3n2letkZB_-lY","out_trade_no":"126806760120151017093138","result_code":"SUCCESS","return_code":"SUCCESS","sign":"0452674847F0B513A1FD5709C6978853","time_end":"20151017093214","total_fee":"6000","trade_type":"JSAPI","transaction_id":"1001560869201510171226703112"}
[2015-10-17 09:32:15][debug] query:{"appid":"wx161f19ac48b1f2f3","attach":"\u9a6c\u62c9\u677e\u62a5\u540d","bank_type":"CCB_DEBIT","cash_fee":"6000","fee_type":"CNY","is_subscribe":"Y","mch_id":"1268067601","nonce_str":"CN9P7ouUmdCwP1pu","openid":"ouN6_syMhFWiYsC3n2letkZB_-lY","out_trade_no":"126806760120151017093138","result_code":"SUCCESS","return_code":"SUCCESS","return_msg":"OK","sign":"CD9B3DB96B551AACE16870B0FC9898AD","time_end":"20151017093213","total_fee":"6000","trade_state":"SUCCESS","trade_type":"JSAPI","transaction_id":"1001560869201510171226703112"}
[2015-10-17 09:32:15][debug] call back test:订单查询成功
[2015-10-17 09:32:15][debug] call back test:未入库
[2015-10-17 09:32:15][debug] call back test sql:UPDATE pa_marathon SET ispay =1,transaction_id="1001560869201510171226703112",out_trade_no="126806760120151017093138" WHERE openid ="ouN6_syMhFWiYsC3n2letkZB_-lY"
[2015-10-17 09:32:15][debug] call back test:入库成功
[2015-10-17 09:58:42][debug] begin notify
[2015-10-17 09:58:42][debug] call back test:{"appid":"wx161f19ac48b1f2f3","attach":"\u9a6c\u62c9\u677e\u62a5\u540d","bank_type":"CMB_DEBIT","cash_fee":"6000","fee_type":"CNY","is_subscribe":"Y","mch_id":"1268067601","nonce_str":"ecehpt237647mccpn4r2dtt4fukz1wx0","openid":"ouN6_s10mSi3yQ7GJiutYOQ0c_Ng","out_trade_no":"126806760120151017095718","result_code":"SUCCESS","return_code":"SUCCESS","sign":"E78F0BB1A9B2F1F8A8B5BB60C936DA28","time_end":"20151017095841","total_fee":"6000","trade_type":"JSAPI","transaction_id":"1009120869201510171226960219"}
[2015-10-17 09:58:42][debug] query:{"appid":"wx161f19ac48b1f2f3","attach":"\u9a6c\u62c9\u677e\u62a5\u540d","bank_type":"CMB_DEBIT","cash_fee":"6000","fee_type":"CNY","is_subscribe":"Y","mch_id":"1268067601","nonce_str":"aE9caPZbjJkjbODd","openid":"ouN6_s10mSi3yQ7GJiutYOQ0c_Ng","out_trade_no":"126806760120151017095718","result_code":"SUCCESS","return_code":"SUCCESS","return_msg":"OK","sign":"0C5230317CB8DC1E944956CD0B576D14","time_end":"20151017095841","total_fee":"6000","trade_state":"SUCCESS","trade_type":"JSAPI","transaction_id":"1009120869201510171226960219"}
[2015-10-17 09:58:42][debug] call back test:订单查询成功
[2015-10-17 09:58:42][debug] call back test:未入库
[2015-10-17 09:58:42][debug] call back test sql:UPDATE pa_marathon SET ispay =1,transaction_id="1009120869201510171226960219",out_trade_no="126806760120151017095718" WHERE openid ="ouN6_s10mSi3yQ7GJiutYOQ0c_Ng"
[2015-10-17 09:58:42][debug] call back test:入库成功
[2015-10-17 10:08:27][debug] begin notify
[2015-10-17 10:08:27][debug] call back test:{"appid":"wx161f19ac48b1f2f3","attach":"\u9a6c\u62c9\u677e\u62a5\u540d","bank_type":"ICBC_DEBIT","cash_fee":"6000","fee_type":"CNY","is_subscribe":"Y","mch_id":"1268067601","nonce_str":"6ib0w492inkya0xmwo9amy4lptq14wv6","openid":"ouN6_s0oAVpLp9R9wVhLOdiQOQlI","out_trade_no":"126806760120151017100737","result_code":"SUCCESS","return_code":"SUCCESS","sign":"20CA8359B24E26ACFB863CFEEAC8DC77","time_end":"20151017100827","total_fee":"6000","trade_type":"JSAPI","transaction_id":"1000480869201510171227057721"}
[2015-10-17 10:08:28][debug] query:{"appid":"wx161f19ac48b1f2f3","attach":"\u9a6c\u62c9\u677e\u62a5\u540d","bank_type":"ICBC_DEBIT","cash_fee":"6000","fee_type":"CNY","is_subscribe":"Y","mch_id":"1268067601","nonce_str":"PKgwpdux0qoG7SQe","openid":"ouN6_s0oAVpLp9R9wVhLOdiQOQlI","out_trade_no":"126806760120151017100737","result_code":"SUCCESS","return_code":"SUCCESS","return_msg":"OK","sign":"B60488D6BCB7C98DB4CFA3459E525BC2","time_end":"20151017100826","total_fee":"6000","trade_state":"SUCCESS","trade_type":"JSAPI","transaction_id":"1000480869201510171227057721"}
[2015-10-17 10:08:28][debug] call back test:订单查询成功
[2015-10-17 10:08:28][debug] call back test:未入库
[2015-10-17 10:08:28][debug] call back test sql:UPDATE pa_marathon SET ispay =1,transaction_id="1000480869201510171227057721",out_trade_no="126806760120151017100737" WHERE openid ="ouN6_s0oAVpLp9R9wVhLOdiQOQlI"
[2015-10-17 10:08:28][debug] call back test:入库成功
[2015-10-17 10:22:30][debug] begin notify
[2015-10-17 10:22:30][debug] call back test:{"appid":"wx161f19ac48b1f2f3","attach":"\u9a6c\u62c9\u677e\u62a5\u540d","bank_type":"CFT","cash_fee":"6000","fee_type":"CNY","is_subscribe":"Y","mch_id":"1268067601","nonce_str":"zalvh1kes85hitxf4gwykarxhbjm5p2l","openid":"ouN6_s8wYXb16_cGByPAWn3SKd3I","out_trade_no":"126806760120151017102204","result_code":"SUCCESS","return_code":"SUCCESS","sign":"AB01EF43228B26F60AE07B4AF80F6372","time_end":"20151017102230","total_fee":"6000","trade_type":"JSAPI","transaction_id":"1007840869201510171227210361"}
[2015-10-17 10:22:30][debug] query:{"appid":"wx161f19ac48b1f2f3","attach":"\u9a6c\u62c9\u677e\u62a5\u540d","bank_type":"CFT","cash_fee":"6000","fee_type":"CNY","is_subscribe":"Y","mch_id":"1268067601","nonce_str":"Gqn0K4yFQpRLokGn","openid":"ouN6_s8wYXb16_cGByPAWn3SKd3I","out_trade_no":"126806760120151017102204","result_code":"SUCCESS","return_code":"SUCCESS","return_msg":"OK","sign":"61387BE4615BF97488D53B0777B042B3","time_end":"20151017102229","total_fee":"6000","trade_state":"SUCCESS","trade_type":"JSAPI","transaction_id":"1007840869201510171227210361"}
[2015-10-17 10:22:30][debug] call back test:订单查询成功
[2015-10-17 10:22:30][debug] call back test:未入库
[2015-10-17 10:22:30][debug] call back test sql:UPDATE pa_marathon SET ispay =1,transaction_id="1007840869201510171227210361",out_trade_no="126806760120151017102204" WHERE openid ="ouN6_s8wYXb16_cGByPAWn3SKd3I"
[2015-10-17 10:22:30][debug] call back test:入库成功
[2015-10-17 12:16:59][debug] begin notify
[2015-10-17 12:16:59][debug] call back test:{"appid":"wx161f19ac48b1f2f3","attach":"\u9a6c\u62c9\u677e\u62a5\u540d","bank_type":"CFT","cash_fee":"8000","fee_type":"CNY","is_subscribe":"Y","mch_id":"1268067601","nonce_str":"145w3podr3yyq6mw8fcn0wk9fi9zqv3l","openid":"ouN6_swzdkMJRedTxHmUMrtIKpyE","out_trade_no":"126806760120151017121433","result_code":"SUCCESS","return_code":"SUCCESS","sign":"A8D5DEAE9A2780F1031D650BACBD6832","time_end":"20151017121659","total_fee":"8000","trade_type":"JSAPI","transaction_id":"1007550869201510171228950181"}
[2015-10-17 12:17:13][debug] begin notify
[2015-10-17 12:17:13][debug] call back test:{"appid":"wx161f19ac48b1f2f3","attach":"\u9a6c\u62c9\u677e\u62a5\u540d","bank_type":"CFT","cash_fee":"8000","fee_type":"CNY","is_subscribe":"Y","mch_id":"1268067601","nonce_str":"145w3podr3yyq6mw8fcn0wk9fi9zqv3l","openid":"ouN6_swzdkMJRedTxHmUMrtIKpyE","out_trade_no":"126806760120151017121433","result_code":"SUCCESS","return_code":"SUCCESS","sign":"A8D5DEAE9A2780F1031D650BACBD6832","time_end":"20151017121659","total_fee":"8000","trade_type":"JSAPI","transaction_id":"1007550869201510171228950181"}
[2015-10-17 12:17:19][debug] query:{"appid":"wx161f19ac48b1f2f3","attach":"\u9a6c\u62c9\u677e\u62a5\u540d","bank_type":"CFT","cash_fee":"8000","fee_type":"CNY","is_subscribe":"Y","mch_id":"1268067601","nonce_str":"WlI4TnCYVV4drfUV","openid":"ouN6_swzdkMJRedTxHmUMrtIKpyE","out_trade_no":"126806760120151017121433","result_code":"SUCCESS","return_code":"SUCCESS","return_msg":"OK","sign":"A84693F9C1D89FD6384E456C19EFF114","time_end":"20151017121659","total_fee":"8000","trade_state":"SUCCESS","trade_type":"JSAPI","transaction_id":"1007550869201510171228950181"}
[2015-10-17 12:17:19][debug] call back test:订单查询成功
[2015-10-17 12:17:19][debug] call back test:未入库
[2015-10-17 12:17:19][debug] call back test sql:UPDATE pa_marathon SET ispay =1,transaction_id="1007550869201510171228950181",out_trade_no="126806760120151017121433" WHERE openid ="ouN6_swzdkMJRedTxHmUMrtIKpyE"
[2015-10-17 12:17:19][debug] call back test:入库成功
[2015-10-17 12:17:34][debug] begin notify
[2015-10-17 12:17:34][debug] call back test:{"appid":"wx161f19ac48b1f2f3","attach":"\u9a6c\u62c9\u677e\u62a5\u540d","bank_type":"CFT","cash_fee":"8000","fee_type":"CNY","is_subscribe":"Y","mch_id":"1268067601","nonce_str":"145w3podr3yyq6mw8fcn0wk9fi9zqv3l","openid":"ouN6_swzdkMJRedTxHmUMrtIKpyE","out_trade_no":"126806760120151017121433","result_code":"SUCCESS","return_code":"SUCCESS","sign":"A8D5DEAE9A2780F1031D650BACBD6832","time_end":"20151017121659","total_fee":"8000","trade_type":"JSAPI","transaction_id":"1007550869201510171228950181"}
[2015-10-17 12:17:35][debug] query:{"appid":"wx161f19ac48b1f2f3","attach":"\u9a6c\u62c9\u677e\u62a5\u540d","bank_type":"CFT","cash_fee":"8000","fee_type":"CNY","is_subscribe":"Y","mch_id":"1268067601","nonce_str":"5eehdfqInnKo5ToR","openid":"ouN6_swzdkMJRedTxHmUMrtIKpyE","out_trade_no":"126806760120151017121433","result_code":"SUCCESS","return_code":"SUCCESS","return_msg":"OK","sign":"555A4D20B5245730070E5277B9B72316","time_end":"20151017121659","total_fee":"8000","trade_state":"SUCCESS","trade_type":"JSAPI","transaction_id":"1007550869201510171228950181"}
[2015-10-17 12:17:35][debug] call back test:订单查询成功
[2015-10-17 12:17:35][debug] call back test:已入库
[2015-10-17 12:28:14][debug] begin notify
[2015-10-17 12:28:14][debug] call back test:{"appid":"wx161f19ac48b1f2f3","attach":"\u9a6c\u62c9\u677e\u62a5\u540d","bank_type":"CFT","cash_fee":"6000","fee_type":"CNY","is_subscribe":"Y","mch_id":"1268067601","nonce_str":"i0kywssyhnj7sij23nrjy6tnsdxlcg4f","openid":"ouN6_s7a5kGm--4K7SSuNGUqHU9o","out_trade_no":"126806760120151017122747","result_code":"SUCCESS","return_code":"SUCCESS","sign":"26AB45D4930E4BDE9E6707E4289BF833","time_end":"20151017122813","total_fee":"6000","trade_type":"JSAPI","transaction_id":"1006990869201510171229160279"}
[2015-10-17 12:28:14][debug] query:{"appid":"wx161f19ac48b1f2f3","attach":"\u9a6c\u62c9\u677e\u62a5\u540d","bank_type":"CFT","cash_fee":"6000","fee_type":"CNY","is_subscribe":"Y","mch_id":"1268067601","nonce_str":"cVPHNnCiKSlp1pxU","openid":"ouN6_s7a5kGm--4K7SSuNGUqHU9o","out_trade_no":"126806760120151017122747","result_code":"SUCCESS","return_code":"SUCCESS","return_msg":"OK","sign":"3522A6AF7D21935C2B0C60C63805FD1B","time_end":"20151017122813","total_fee":"6000","trade_state":"SUCCESS","trade_type":"JSAPI","transaction_id":"1006990869201510171229160279"}
[2015-10-17 12:28:14][debug] call back test:订单查询成功
[2015-10-17 12:28:14][debug] call back test:未入库
[2015-10-17 12:28:14][debug] call back test sql:UPDATE pa_marathon SET ispay =1,transaction_id="1006990869201510171229160279",out_trade_no="126806760120151017122747" WHERE openid ="ouN6_s7a5kGm--4K7SSuNGUqHU9o"
[2015-10-17 12:28:14][debug] call back test:入库成功
[2015-10-17 13:09:17][debug] begin notify
[2015-10-17 13:09:17][debug] call back test:{"appid":"wx161f19ac48b1f2f3","attach":"\u9a6c\u62c9\u677e\u62a5\u540d","bank_type":"CFT","cash_fee":"4000","fee_type":"CNY","is_subscribe":"Y","mch_id":"1268067601","nonce_str":"qj0g462s631xus21mg0g7ylw3czw6glg","openid":"ouN6_s4zmi4E3wjNiLyFFILiE43M","out_trade_no":"126806760120151017130855","result_code":"SUCCESS","return_code":"SUCCESS","sign":"D806164DE29D66A4AB8CD4DE864B8999","time_end":"20151017130917","total_fee":"4000","trade_type":"JSAPI","transaction_id":"1002880869201510171229820102"}
[2015-10-17 13:09:17][debug] query:{"appid":"wx161f19ac48b1f2f3","attach":"\u9a6c\u62c9\u677e\u62a5\u540d","bank_type":"CFT","cash_fee":"4000","fee_type":"CNY","is_subscribe":"Y","mch_id":"1268067601","nonce_str":"O3aylD0smdiacPQ2","openid":"ouN6_s4zmi4E3wjNiLyFFILiE43M","out_trade_no":"126806760120151017130855","result_code":"SUCCESS","return_code":"SUCCESS","return_msg":"OK","sign":"1A321327A15EB6837EA7BE5B7B0F69D1","time_end":"20151017130916","total_fee":"4000","trade_state":"SUCCESS","trade_type":"JSAPI","transaction_id":"1002880869201510171229820102"}
[2015-10-17 13:09:17][debug] call back test:订单查询成功
[2015-10-17 13:09:17][debug] call back test:未入库
[2015-10-17 13:09:17][debug] call back test sql:UPDATE pa_marathon SET ispay =1,transaction_id="1002880869201510171229820102",out_trade_no="126806760120151017130855" WHERE openid ="ouN6_s4zmi4E3wjNiLyFFILiE43M"
[2015-10-17 13:09:17][debug] call back test:入库成功
[2015-10-17 14:29:15][debug] begin notify
[2015-10-17 14:29:15][debug] call back test:{"appid":"wx161f19ac48b1f2f3","attach":"\u9a6c\u62c9\u677e\u62a5\u540d","bank_type":"CCB_DEBIT","cash_fee":"4000","fee_type":"CNY","is_subscribe":"Y","mch_id":"1268067601","nonce_str":"8jb4h5wqdgrn13tiuxyk7gdog5oo4tgl","openid":"ouN6_s1LTXwHP4XOdNayNu1EUkXw","out_trade_no":"126806760120151017142720","result_code":"SUCCESS","return_code":"SUCCESS","sign":"3B0850FD9CDA8B5B715DDE7199BB5BED","time_end":"20151017142915","total_fee":"4000","trade_type":"JSAPI","transaction_id":"1004760869201510171230900507"}
[2015-10-17 14:29:15][debug] query:{"appid":"wx161f19ac48b1f2f3","attach":"\u9a6c\u62c9\u677e\u62a5\u540d","bank_type":"CCB_DEBIT","cash_fee":"4000","fee_type":"CNY","is_subscribe":"Y","mch_id":"1268067601","nonce_str":"PZqEFSYZb5xkSjzD","openid":"ouN6_s1LTXwHP4XOdNayNu1EUkXw","out_trade_no":"126806760120151017142720","result_code":"SUCCESS","return_code":"SUCCESS","return_msg":"OK","sign":"CF797EB9DD851AF76E4C793A9D9EB078","time_end":"20151017142914","total_fee":"4000","trade_state":"SUCCESS","trade_type":"JSAPI","transaction_id":"1004760869201510171230900507"}
[2015-10-17 14:29:15][debug] call back test:订单查询成功
[2015-10-17 14:29:15][debug] call back test:未入库
[2015-10-17 14:29:15][debug] call back test sql:UPDATE pa_marathon SET ispay =1,transaction_id="1004760869201510171230900507",out_trade_no="126806760120151017142720" WHERE openid ="ouN6_s1LTXwHP4XOdNayNu1EUkXw"
[2015-10-17 14:29:15][debug] call back test:入库成功
[2015-10-17 14:34:43][debug] begin notify
[2015-10-17 14:34:43][debug] call back test:{"appid":"wx161f19ac48b1f2f3","attach":"\u9a6c\u62c9\u677e\u62a5\u540d","bank_type":"CFT","cash_fee":"6000","fee_type":"CNY","is_subscribe":"N","mch_id":"1268067601","nonce_str":"pbaimu6cydaazbtbhy1g6wgoyx1nfcxy","openid":"ouN6_s8DTF2_ua7UfZwT-SMnH9As","out_trade_no":"126806760120151017143420","result_code":"SUCCESS","return_code":"SUCCESS","sign":"C95C89784221838174E569118E7C2BC4","time_end":"20151017143442","total_fee":"6000","trade_type":"JSAPI","transaction_id":"1009230869201510171230956993"}
[2015-10-17 14:34:43][debug] query:{"appid":"wx161f19ac48b1f2f3","attach":"\u9a6c\u62c9\u677e\u62a5\u540d","bank_type":"CFT","cash_fee":"6000","fee_type":"CNY","is_subscribe":"N","mch_id":"1268067601","nonce_str":"wRG26HrWe3lyZeZ7","openid":"ouN6_s8DTF2_ua7UfZwT-SMnH9As","out_trade_no":"126806760120151017143420","result_code":"SUCCESS","return_code":"SUCCESS","return_msg":"OK","sign":"C2BC6A5F3B0457F93F50B45E530DB44E","time_end":"20151017143442","total_fee":"6000","trade_state":"SUCCESS","trade_type":"JSAPI","transaction_id":"1009230869201510171230956993"}
[2015-10-17 14:34:43][debug] call back test:订单查询成功
[2015-10-17 14:34:43][debug] call back test:未入库
[2015-10-17 14:34:43][debug] call back test sql:UPDATE pa_marathon SET ispay =1,transaction_id="1009230869201510171230956993",out_trade_no="126806760120151017143420" WHERE openid ="ouN6_s8DTF2_ua7UfZwT-SMnH9As"
[2015-10-17 14:34:43][debug] call back test:入库成功
[2015-10-17 15:37:19][debug] begin notify
[2015-10-17 15:37:19][debug] call back test:{"appid":"wx161f19ac48b1f2f3","attach":"\u9a6c\u62c9\u677e\u62a5\u540d","bank_type":"CITIC_CREDIT","cash_fee":"6000","fee_type":"CNY","is_subscribe":"Y","mch_id":"1268067601","nonce_str":"g8ni4nxxpq4zqugn2p61qx0octq3bjvz","openid":"ouN6_s2fMh8A8VlfirDotwfr4pEI","out_trade_no":"126806760120151017153652","result_code":"SUCCESS","return_code":"SUCCESS","sign":"73BEF90AE9495C64BCBE45C640B4F1CA","time_end":"20151017153718","total_fee":"6000","trade_type":"JSAPI","transaction_id":"1003880869201510171231687945"}
[2015-10-17 15:37:19][debug] query:{"appid":"wx161f19ac48b1f2f3","attach":"\u9a6c\u62c9\u677e\u62a5\u540d","bank_type":"CITIC_CREDIT","cash_fee":"6000","fee_type":"CNY","is_subscribe":"Y","mch_id":"1268067601","nonce_str":"fIUbU2CdD1agT3Be","openid":"ouN6_s2fMh8A8VlfirDotwfr4pEI","out_trade_no":"126806760120151017153652","result_code":"SUCCESS","return_code":"SUCCESS","return_msg":"OK","sign":"206E4A8879C826DE3A47E484E2FB1CD1","time_end":"20151017153718","total_fee":"6000","trade_state":"SUCCESS","trade_type":"JSAPI","transaction_id":"1003880869201510171231687945"}
[2015-10-17 15:37:19][debug] call back test:订单查询成功
[2015-10-17 15:37:19][debug] call back test:未入库
[2015-10-17 15:37:19][debug] call back test sql:UPDATE pa_marathon SET ispay =1,transaction_id="1003880869201510171231687945",out_trade_no="126806760120151017153652" WHERE openid ="ouN6_s2fMh8A8VlfirDotwfr4pEI"
[2015-10-17 15:37:19][debug] call back test:入库成功
[2015-10-17 15:45:31][debug] begin notify
[2015-10-17 15:45:31][debug] call back test:{"appid":"wx161f19ac48b1f2f3","attach":"\u9a6c\u62c9\u677e\u62a5\u540d","bank_type":"ICBC_DEBIT","cash_fee":"8000","fee_type":"CNY","is_subscribe":"Y","mch_id":"1268067601","nonce_str":"rzjz0igrjuzlm7qfmt5bnwbjbxo6igx7","openid":"ouN6_s3rIhk-2G9zhydn702mYTqQ","out_trade_no":"126806760120151017154321","result_code":"SUCCESS","return_code":"SUCCESS","sign":"5E5A359F07541C3AC713641033F07623","time_end":"20151017154531","total_fee":"8000","trade_type":"JSAPI","transaction_id":"1000830869201510171231784115"}
[2015-10-17 15:45:36][debug] query:{"appid":"wx161f19ac48b1f2f3","attach":"\u9a6c\u62c9\u677e\u62a5\u540d","bank_type":"ICBC_DEBIT","cash_fee":"8000","fee_type":"CNY","is_subscribe":"Y","mch_id":"1268067601","nonce_str":"jQHQdqczL69cmrB3","openid":"ouN6_s3rIhk-2G9zhydn702mYTqQ","out_trade_no":"126806760120151017154321","result_code":"SUCCESS","return_code":"SUCCESS","return_msg":"OK","sign":"9984C8171B60C9F6BB693E1CAA828B73","time_end":"20151017154530","total_fee":"8000","trade_state":"SUCCESS","trade_type":"JSAPI","transaction_id":"1000830869201510171231784115"}
[2015-10-17 15:45:36][debug] call back test:订单查询成功
[2015-10-17 15:45:36][debug] call back test:未入库
[2015-10-17 15:45:36][debug] call back test sql:UPDATE pa_marathon SET ispay =1,transaction_id="1000830869201510171231784115",out_trade_no="126806760120151017154321" WHERE openid ="ouN6_s3rIhk-2G9zhydn702mYTqQ"
[2015-10-17 15:45:36][debug] call back test:入库成功
[2015-10-17 15:45:50][debug] begin notify
[2015-10-17 15:45:50][debug] call back test:{"appid":"wx161f19ac48b1f2f3","attach":"\u9a6c\u62c9\u677e\u62a5\u540d","bank_type":"ICBC_DEBIT","cash_fee":"8000","fee_type":"CNY","is_subscribe":"Y","mch_id":"1268067601","nonce_str":"rzjz0igrjuzlm7qfmt5bnwbjbxo6igx7","openid":"ouN6_s3rIhk-2G9zhydn702mYTqQ","out_trade_no":"126806760120151017154321","result_code":"SUCCESS","return_code":"SUCCESS","sign":"5E5A359F07541C3AC713641033F07623","time_end":"20151017154531","total_fee":"8000","trade_type":"JSAPI","transaction_id":"1000830869201510171231784115"}
[2015-10-17 15:45:50][debug] query:{"appid":"wx161f19ac48b1f2f3","attach":"\u9a6c\u62c9\u677e\u62a5\u540d","bank_type":"ICBC_DEBIT","cash_fee":"8000","fee_type":"CNY","is_subscribe":"Y","mch_id":"1268067601","nonce_str":"gXrKlgsdknHD0q2n","openid":"ouN6_s3rIhk-2G9zhydn702mYTqQ","out_trade_no":"126806760120151017154321","result_code":"SUCCESS","return_code":"SUCCESS","return_msg":"OK","sign":"A5DA7487902BCCF64D85BF37916BA4FB","time_end":"20151017154530","total_fee":"8000","trade_state":"SUCCESS","trade_type":"JSAPI","transaction_id":"1000830869201510171231784115"}
[2015-10-17 15:45:50][debug] call back test:订单查询成功
[2015-10-17 15:45:50][debug] call back test:已入库
[2015-10-17 16:43:55][debug] begin notify
[2015-10-17 16:43:55][debug] call back test:{"appid":"wx161f19ac48b1f2f3","attach":"\u9a6c\u62c9\u677e\u62a5\u540d","bank_type":"CFT","cash_fee":"4000","fee_type":"CNY","is_subscribe":"Y","mch_id":"1268067601","nonce_str":"8b5feu8us2p6bfndtgc7r2iipxfsrhqg","openid":"ouN6_s_wrdssP_0HWjA9c2hSSht0","out_trade_no":"126806760120151017164333","result_code":"SUCCESS","return_code":"SUCCESS","sign":"F33BF4CDA5D8AB1E5024B6A2AB94F0B3","time_end":"20151017164354","total_fee":"4000","trade_type":"JSAPI","transaction_id":"1003590869201510171232488478"}
[2015-10-17 16:43:55][debug] query:{"appid":"wx161f19ac48b1f2f3","attach":"\u9a6c\u62c9\u677e\u62a5\u540d","bank_type":"CFT","cash_fee":"4000","fee_type":"CNY","is_subscribe":"Y","mch_id":"1268067601","nonce_str":"0UqXzSNqJGvFWnz8","openid":"ouN6_s_wrdssP_0HWjA9c2hSSht0","out_trade_no":"126806760120151017164333","result_code":"SUCCESS","return_code":"SUCCESS","return_msg":"OK","sign":"974AE1EAA464D9DEB0D241E1E7BA2B6A","time_end":"20151017164354","total_fee":"4000","trade_state":"SUCCESS","trade_type":"JSAPI","transaction_id":"1003590869201510171232488478"}
[2015-10-17 16:43:55][debug] call back test:订单查询成功
[2015-10-17 16:43:55][debug] call back test:未入库
[2015-10-17 16:43:55][debug] call back test sql:UPDATE pa_marathon SET ispay =1,transaction_id="1003590869201510171232488478",out_trade_no="126806760120151017164333" WHERE openid ="ouN6_s_wrdssP_0HWjA9c2hSSht0"
[2015-10-17 16:43:55][debug] call back test:入库成功
[2015-10-17 16:53:51][debug] begin notify
[2015-10-17 16:53:51][debug] call back test:{"appid":"wx161f19ac48b1f2f3","attach":"\u9a6c\u62c9\u677e\u62a5\u540d","bank_type":"ICBC_DEBIT","cash_fee":"4000","fee_type":"CNY","is_subscribe":"Y","mch_id":"1268067601","nonce_str":"ewzugpttooc2yhghk49uj2k4dpfiqu0r","openid":"ouN6_sxsZ-Atwb-556zNUykupFsI","out_trade_no":"126806760120151017165230","result_code":"SUCCESS","return_code":"SUCCESS","sign":"ED399DB337C4A63DAC9CAE59913EA566","time_end":"20151017165351","total_fee":"4000","trade_type":"JSAPI","transaction_id":"1004640869201510171232605262"}
[2015-10-17 16:53:56][debug] query:{"appid":"wx161f19ac48b1f2f3","attach":"\u9a6c\u62c9\u677e\u62a5\u540d","bank_type":"ICBC_DEBIT","cash_fee":"4000","fee_type":"CNY","is_subscribe":"Y","mch_id":"1268067601","nonce_str":"JizmZM8Ylk0Cr6Bo","openid":"ouN6_sxsZ-Atwb-556zNUykupFsI","out_trade_no":"126806760120151017165230","result_code":"SUCCESS","return_code":"SUCCESS","return_msg":"OK","sign":"5F94503F8BDF4B7DBBE10D737B8BD35B","time_end":"20151017165317","total_fee":"4000","trade_state":"SUCCESS","trade_type":"JSAPI","transaction_id":"1004640869201510171232605262"}
[2015-10-17 16:53:56][debug] call back test:订单查询成功
[2015-10-17 16:53:56][debug] call back test:未入库
[2015-10-17 16:53:56][debug] call back test sql:UPDATE pa_marathon SET ispay =1,transaction_id="1004640869201510171232605262",out_trade_no="126806760120151017165230" WHERE openid ="ouN6_sxsZ-Atwb-556zNUykupFsI"
[2015-10-17 16:53:56][debug] call back test:入库成功
[2015-10-17 16:54:06][debug] begin notify
[2015-10-17 16:54:06][debug] call back test:{"appid":"wx161f19ac48b1f2f3","attach":"\u9a6c\u62c9\u677e\u62a5\u540d","bank_type":"ICBC_DEBIT","cash_fee":"4000","fee_type":"CNY","is_subscribe":"Y","mch_id":"1268067601","nonce_str":"ewzugpttooc2yhghk49uj2k4dpfiqu0r","openid":"ouN6_sxsZ-Atwb-556zNUykupFsI","out_trade_no":"126806760120151017165230","result_code":"SUCCESS","return_code":"SUCCESS","sign":"ED399DB337C4A63DAC9CAE59913EA566","time_end":"20151017165351","total_fee":"4000","trade_type":"JSAPI","transaction_id":"1004640869201510171232605262"}
[2015-10-17 16:54:07][debug] query:{"appid":"wx161f19ac48b1f2f3","attach":"\u9a6c\u62c9\u677e\u62a5\u540d","bank_type":"ICBC_DEBIT","cash_fee":"4000","fee_type":"CNY","is_subscribe":"Y","mch_id":"1268067601","nonce_str":"4fJmwOVKTiai84WZ","openid":"ouN6_sxsZ-Atwb-556zNUykupFsI","out_trade_no":"126806760120151017165230","result_code":"SUCCESS","return_code":"SUCCESS","return_msg":"OK","sign":"A7CFA43197CEFF49F761B4A265B61825","time_end":"20151017165317","total_fee":"4000","trade_state":"SUCCESS","trade_type":"JSAPI","transaction_id":"1004640869201510171232605262"}
[2015-10-17 16:54:07][debug] call back test:订单查询成功
[2015-10-17 16:54:07][debug] call back test:已入库
[2015-10-17 17:44:54][debug] begin notify
[2015-10-17 17:44:54][debug] call back test:{"appid":"wx161f19ac48b1f2f3","attach":"\u9a6c\u62c9\u677e\u62a5\u540d","bank_type":"ZJTLCB_DEBIT","cash_fee":"6000","fee_type":"CNY","is_subscribe":"Y","mch_id":"1268067601","nonce_str":"w69uqltb958fe6fr1phkuyjsc17ey3c6","openid":"ouN6_s-aXAizS1ioMm9WM2-hahHY","out_trade_no":"126806760120151017174303","result_code":"SUCCESS","return_code":"SUCCESS","sign":"37C79DC9487A2258185E99C7BB1C709F","time_end":"20151017174453","total_fee":"6000","trade_type":"JSAPI","transaction_id":"1006960869201510171233341261"}
[2015-10-17 17:44:54][debug] query:{"appid":"wx161f19ac48b1f2f3","attach":"\u9a6c\u62c9\u677e\u62a5\u540d","bank_type":"ZJTLCB_DEBIT","cash_fee":"6000","fee_type":"CNY","is_subscribe":"Y","mch_id":"1268067601","nonce_str":"6fLeyh0JnBkt6ZPc","openid":"ouN6_s-aXAizS1ioMm9WM2-hahHY","out_trade_no":"126806760120151017174303","result_code":"SUCCESS","return_code":"SUCCESS","return_msg":"OK","sign":"2053A1503B9838B197DC230B003EEE89","time_end":"20151017174452","total_fee":"6000","trade_state":"SUCCESS","trade_type":"JSAPI","transaction_id":"1006960869201510171233341261"}
[2015-10-17 17:44:54][debug] call back test:订单查询成功
[2015-10-17 17:44:54][debug] call back test:未入库
[2015-10-17 17:44:54][debug] call back test sql:UPDATE pa_marathon SET ispay =1,transaction_id="1006960869201510171233341261",out_trade_no="126806760120151017174303" WHERE openid ="ouN6_s-aXAizS1ioMm9WM2-hahHY"
[2015-10-17 17:44:54][debug] call back test:入库成功
[2015-10-17 17:48:33][debug] begin notify
[2015-10-17 17:48:33][debug] call back test:{"appid":"wx161f19ac48b1f2f3","attach":"\u9a6c\u62c9\u677e\u62a5\u540d","bank_type":"CFT","cash_fee":"6000","fee_type":"CNY","is_subscribe":"Y","mch_id":"1268067601","nonce_str":"qso7j5m6bc8trp5ptsng746455pw3cky","openid":"ouN6_s9HUQwfJTGCdqJtn5wfm61U","out_trade_no":"126806760120151017174814","result_code":"SUCCESS","return_code":"SUCCESS","sign":"A58A6EC4573321DBCCBE9B79E55E7AFF","time_end":"20151017174831","total_fee":"6000","trade_type":"JSAPI","transaction_id":"1000670869201510171233375798"}
[2015-10-17 17:48:33][debug] query:{"appid":"wx161f19ac48b1f2f3","attach":"\u9a6c\u62c9\u677e\u62a5\u540d","bank_type":"CFT","cash_fee":"6000","fee_type":"CNY","is_subscribe":"Y","mch_id":"1268067601","nonce_str":"RdBUGyPfAYohg0JU","openid":"ouN6_s9HUQwfJTGCdqJtn5wfm61U","out_trade_no":"126806760120151017174814","result_code":"SUCCESS","return_code":"SUCCESS","return_msg":"OK","sign":"021FA454F18724F9844948B8C0BAFC86","time_end":"20151017174831","total_fee":"6000","trade_state":"SUCCESS","trade_type":"JSAPI","transaction_id":"1000670869201510171233375798"}
[2015-10-17 17:48:33][debug] call back test:订单查询成功
[2015-10-17 17:48:33][debug] call back test:未入库
[2015-10-17 17:48:33][debug] call back test sql:UPDATE pa_marathon SET ispay =1,transaction_id="1000670869201510171233375798",out_trade_no="126806760120151017174814" WHERE openid ="ouN6_s9HUQwfJTGCdqJtn5wfm61U"
[2015-10-17 17:48:33][debug] call back test:入库成功
[2015-10-17 17:59:08][debug] begin notify
[2015-10-17 17:59:08][debug] call back test:{"appid":"wx161f19ac48b1f2f3","attach":"\u9a6c\u62c9\u677e\u62a5\u540d","bank_type":"CFT","cash_fee":"8000","fee_type":"CNY","is_subscribe":"N","mch_id":"1268067601","nonce_str":"qi05wwmzwuogkjzhqcg4d7a2l2kd9t6y","openid":"ouN6_s-ElhABVocg0KZTEndwj9fk","out_trade_no":"126806760120151017175852","result_code":"SUCCESS","return_code":"SUCCESS","sign":"7880DADB593E46B613DBA1AC9631639E","time_end":"20151017175907","total_fee":"8000","trade_type":"JSAPI","transaction_id":"1002350869201510171233545496"}
[2015-10-17 17:59:08][debug] query:{"appid":"wx161f19ac48b1f2f3","attach":"\u9a6c\u62c9\u677e\u62a5\u540d","bank_type":"CFT","cash_fee":"8000","fee_type":"CNY","is_subscribe":"N","mch_id":"1268067601","nonce_str":"gHpnE6Qa0XqYihvy","openid":"ouN6_s-ElhABVocg0KZTEndwj9fk","out_trade_no":"126806760120151017175852","result_code":"SUCCESS","return_code":"SUCCESS","return_msg":"OK","sign":"C152FCECCF6EAC6AD9080ED282B8E72D","time_end":"20151017175907","total_fee":"8000","trade_state":"SUCCESS","trade_type":"JSAPI","transaction_id":"1002350869201510171233545496"}
[2015-10-17 17:59:08][debug] call back test:订单查询成功
[2015-10-17 17:59:08][debug] call back test:未入库
[2015-10-17 17:59:08][debug] call back test sql:UPDATE pa_marathon SET ispay =1,transaction_id="1002350869201510171233545496",out_trade_no="126806760120151017175852" WHERE openid ="ouN6_s-ElhABVocg0KZTEndwj9fk"
[2015-10-17 17:59:08][debug] call back test:入库成功
[2015-10-17 18:22:01][debug] begin notify
[2015-10-17 18:22:01][debug] call back test:{"appid":"wx161f19ac48b1f2f3","attach":"\u9a6c\u62c9\u677e\u62a5\u540d","bank_type":"CMB_CREDIT","cash_fee":"4000","fee_type":"CNY","is_subscribe":"Y","mch_id":"1268067601","nonce_str":"a0pv1m53jvklwtaxmwe68zr3gx3ea1e7","openid":"ouN6_sw-zrizeGD8gHLTq1TcPDVQ","out_trade_no":"126806760120151017182128","result_code":"SUCCESS","return_code":"SUCCESS","sign":"DB528B1FF257F7D97C501AACE3FD30C3","time_end":"20151017182200","total_fee":"4000","trade_type":"JSAPI","transaction_id":"1000080869201510171233897294"}
[2015-10-17 18:22:02][debug] query:{"appid":"wx161f19ac48b1f2f3","attach":"\u9a6c\u62c9\u677e\u62a5\u540d","bank_type":"CMB_CREDIT","cash_fee":"4000","fee_type":"CNY","is_subscribe":"Y","mch_id":"1268067601","nonce_str":"XPD7oTcELvqN4DXC","openid":"ouN6_sw-zrizeGD8gHLTq1TcPDVQ","out_trade_no":"126806760120151017182128","result_code":"SUCCESS","return_code":"SUCCESS","return_msg":"OK","sign":"0179EF7B4DCBF9F9D5D4BE3FE1CE2F19","time_end":"20151017182159","total_fee":"4000","trade_state":"SUCCESS","trade_type":"JSAPI","transaction_id":"1000080869201510171233897294"}
[2015-10-17 18:22:02][debug] call back test:订单查询成功
[2015-10-17 18:22:02][debug] call back test:未入库
[2015-10-17 18:22:02][debug] call back test sql:UPDATE pa_marathon SET ispay =1,transaction_id="1000080869201510171233897294",out_trade_no="126806760120151017182128" WHERE openid ="ouN6_sw-zrizeGD8gHLTq1TcPDVQ"
[2015-10-17 18:22:02][debug] call back test:入库成功
[2015-10-17 18:28:21][debug] begin notify
[2015-10-17 18:28:21][debug] call back test:{"appid":"wx161f19ac48b1f2f3","attach":"\u9a6c\u62c9\u677e\u62a5\u540d","bank_type":"CFT","cash_fee":"4000","fee_type":"CNY","is_subscribe":"Y","mch_id":"1268067601","nonce_str":"bk7pe2em5qcubmd4wahazfmpdrpzn5nw","openid":"ouN6_s8wXGanF9X9G3s_UUtB9Cu8","out_trade_no":"126806760120151017182606","result_code":"SUCCESS","return_code":"SUCCESS","sign":"B4FA19540CCD4EFCB90FD85F9CE12E7C","time_end":"20151017182821","total_fee":"4000","trade_type":"JSAPI","transaction_id":"1002780869201510171233986566"}
[2015-10-17 18:28:35][debug] begin notify
[2015-10-17 18:28:35][debug] call back test:{"appid":"wx161f19ac48b1f2f3","attach":"\u9a6c\u62c9\u677e\u62a5\u540d","bank_type":"CFT","cash_fee":"4000","fee_type":"CNY","is_subscribe":"Y","mch_id":"1268067601","nonce_str":"bk7pe2em5qcubmd4wahazfmpdrpzn5nw","openid":"ouN6_s8wXGanF9X9G3s_UUtB9Cu8","out_trade_no":"126806760120151017182606","result_code":"SUCCESS","return_code":"SUCCESS","sign":"B4FA19540CCD4EFCB90FD85F9CE12E7C","time_end":"20151017182821","total_fee":"4000","trade_type":"JSAPI","transaction_id":"1002780869201510171233986566"}
[2015-10-17 18:28:41][debug] query:{"appid":"wx161f19ac48b1f2f3","attach":"\u9a6c\u62c9\u677e\u62a5\u540d","bank_type":"CFT","cash_fee":"4000","fee_type":"CNY","is_subscribe":"Y","mch_id":"1268067601","nonce_str":"OVUQnsbJvVn3buM7","openid":"ouN6_s8wXGanF9X9G3s_UUtB9Cu8","out_trade_no":"126806760120151017182606","result_code":"SUCCESS","return_code":"SUCCESS","return_msg":"OK","sign":"2F60D277BD4DCFAA3E64E7DE502E79C8","time_end":"20151017182821","total_fee":"4000","trade_state":"SUCCESS","trade_type":"JSAPI","transaction_id":"1002780869201510171233986566"}
[2015-10-17 18:28:41][debug] call back test:订单查询成功
[2015-10-17 18:28:41][debug] call back test:未入库
[2015-10-17 18:28:41][debug] call back test sql:UPDATE pa_marathon SET ispay =1,transaction_id="1002780869201510171233986566",out_trade_no="126806760120151017182606" WHERE openid ="ouN6_s8wXGanF9X9G3s_UUtB9Cu8"
[2015-10-17 18:28:41][debug] call back test:入库成功
[2015-10-17 18:28:57][debug] begin notify
[2015-10-17 18:28:57][debug] call back test:{"appid":"wx161f19ac48b1f2f3","attach":"\u9a6c\u62c9\u677e\u62a5\u540d","bank_type":"CFT","cash_fee":"4000","fee_type":"CNY","is_subscribe":"Y","mch_id":"1268067601","nonce_str":"bk7pe2em5qcubmd4wahazfmpdrpzn5nw","openid":"ouN6_s8wXGanF9X9G3s_UUtB9Cu8","out_trade_no":"126806760120151017182606","result_code":"SUCCESS","return_code":"SUCCESS","sign":"B4FA19540CCD4EFCB90FD85F9CE12E7C","time_end":"20151017182821","total_fee":"4000","trade_type":"JSAPI","transaction_id":"1002780869201510171233986566"}
[2015-10-17 18:28:58][debug] query:{"appid":"wx161f19ac48b1f2f3","attach":"\u9a6c\u62c9\u677e\u62a5\u540d","bank_type":"CFT","cash_fee":"4000","fee_type":"CNY","is_subscribe":"Y","mch_id":"1268067601","nonce_str":"QUwVbWpYUehEEL6y","openid":"ouN6_s8wXGanF9X9G3s_UUtB9Cu8","out_trade_no":"126806760120151017182606","result_code":"SUCCESS","return_code":"SUCCESS","return_msg":"OK","sign":"A1DC3BCF2DEC5BC338682E1D2A3DCC1E","time_end":"20151017182821","total_fee":"4000","trade_state":"SUCCESS","trade_type":"JSAPI","transaction_id":"1002780869201510171233986566"}
[2015-10-17 18:28:58][debug] call back test:订单查询成功
[2015-10-17 18:28:58][debug] call back test:已入库
[2015-10-17 19:32:52][debug] begin notify
[2015-10-17 19:32:52][debug] call back test:{"appid":"wx161f19ac48b1f2f3","attach":"\u9a6c\u62c9\u677e\u62a5\u540d","bank_type":"CCB_CREDIT","cash_fee":"6000","fee_type":"CNY","is_subscribe":"Y","mch_id":"1268067601","nonce_str":"tfyiz7fuxux71zzqtl1ipynknv8iyeoq","openid":"ouN6_s9vXXXNry0JHHB_-zFOQV80","out_trade_no":"126806760120151017192830","result_code":"SUCCESS","return_code":"SUCCESS","sign":"47CF00D4B31003B029C9AEE5C9997E73","time_end":"20151017193250","total_fee":"6000","trade_type":"JSAPI","transaction_id":"1006680869201510171234938664"}
[2015-10-17 19:32:54][debug] query:{"appid":"wx161f19ac48b1f2f3","attach":"\u9a6c\u62c9\u677e\u62a5\u540d","bank_type":"CCB_CREDIT","cash_fee":"6000","fee_type":"CNY","is_subscribe":"Y","mch_id":"1268067601","nonce_str":"oMtrBjeJZ5xM7h33","openid":"ouN6_s9vXXXNry0JHHB_-zFOQV80","out_trade_no":"126806760120151017192830","result_code":"SUCCESS","return_code":"SUCCESS","return_msg":"OK","sign":"DCCD44A51031079AB379F3C2252BC236","time_end":"20151017193202","total_fee":"6000","trade_state":"SUCCESS","trade_type":"JSAPI","transaction_id":"1006680869201510171234938664"}
[2015-10-17 19:32:54][debug] call back test:订单查询成功
[2015-10-17 19:32:54][debug] call back test:未入库
[2015-10-17 19:32:54][debug] call back test sql:UPDATE pa_marathon SET ispay =1,transaction_id="1006680869201510171234938664",out_trade_no="126806760120151017192830" WHERE openid ="ouN6_s9vXXXNry0JHHB_-zFOQV80"
[2015-10-17 19:32:54][debug] call back test:入库成功
[2015-10-17 19:33:15][debug] begin notify
[2015-10-17 19:33:15][debug] call back test:{"appid":"wx161f19ac48b1f2f3","attach":"\u9a6c\u62c9\u677e\u62a5\u540d","bank_type":"CCB_CREDIT","cash_fee":"6000","fee_type":"CNY","is_subscribe":"Y","mch_id":"1268067601","nonce_str":"tfyiz7fuxux71zzqtl1ipynknv8iyeoq","openid":"ouN6_s9vXXXNry0JHHB_-zFOQV80","out_trade_no":"126806760120151017192830","result_code":"SUCCESS","return_code":"SUCCESS","sign":"47CF00D4B31003B029C9AEE5C9997E73","time_end":"20151017193250","total_fee":"6000","trade_type":"JSAPI","transaction_id":"1006680869201510171234938664"}
[2015-10-17 19:33:15][debug] query:{"appid":"wx161f19ac48b1f2f3","attach":"\u9a6c\u62c9\u677e\u62a5\u540d","bank_type":"CCB_CREDIT","cash_fee":"6000","fee_type":"CNY","is_subscribe":"Y","mch_id":"1268067601","nonce_str":"PLMpAs8VxVgzYHY9","openid":"ouN6_s9vXXXNry0JHHB_-zFOQV80","out_trade_no":"126806760120151017192830","result_code":"SUCCESS","return_code":"SUCCESS","return_msg":"OK","sign":"29D06168B510B24E55E7DC37221B91B1","time_end":"20151017193202","total_fee":"6000","trade_state":"SUCCESS","trade_type":"JSAPI","transaction_id":"1006680869201510171234938664"}
[2015-10-17 19:33:15][debug] call back test:订单查询成功
[2015-10-17 19:33:15][debug] call back test:已入库
[2015-10-17 19:43:50][debug] begin notify
[2015-10-17 19:43:50][debug] call back test:{"appid":"wx161f19ac48b1f2f3","attach":"\u9a6c\u62c9\u677e\u62a5\u540d","bank_type":"ABC_DEBIT","cash_fee":"4000","fee_type":"CNY","is_subscribe":"Y","mch_id":"1268067601","nonce_str":"rr6adashwq2bui2qbb9m57a5wfd0n9b0","openid":"ouN6_s8ksC_AdruXR8SoPRnSdDqc","out_trade_no":"126806760120151017194334","result_code":"SUCCESS","return_code":"SUCCESS","sign":"61AE0BE93EB28C969A1E5CB4B3EB2AEC","time_end":"20151017194350","total_fee":"4000","trade_type":"JSAPI","transaction_id":"1001840869201510171235103190"}
[2015-10-17 19:43:50][debug] query:{"appid":"wx161f19ac48b1f2f3","attach":"\u9a6c\u62c9\u677e\u62a5\u540d","bank_type":"ABC_DEBIT","cash_fee":"4000","fee_type":"CNY","is_subscribe":"Y","mch_id":"1268067601","nonce_str":"Lb3QNKG2K9JstmOh","openid":"ouN6_s8ksC_AdruXR8SoPRnSdDqc","out_trade_no":"126806760120151017194334","result_code":"SUCCESS","return_code":"SUCCESS","return_msg":"OK","sign":"00DF799676C1A2F3F1C294A345AE771A","time_end":"20151017194349","total_fee":"4000","trade_state":"SUCCESS","trade_type":"JSAPI","transaction_id":"1001840869201510171235103190"}
[2015-10-17 19:43:51][debug] call back test:订单查询成功
[2015-10-17 19:43:51][debug] call back test:未入库
[2015-10-17 19:43:51][debug] call back test sql:UPDATE pa_marathon SET ispay =1,transaction_id="1001840869201510171235103190",out_trade_no="126806760120151017194334" WHERE openid ="ouN6_s8ksC_AdruXR8SoPRnSdDqc"
[2015-10-17 19:43:51][debug] call back test:入库成功
[2015-10-17 19:50:12][debug] begin notify
[2015-10-17 19:50:12][debug] call back test:{"appid":"wx161f19ac48b1f2f3","attach":"\u9a6c\u62c9\u677e\u62a5\u540d","bank_type":"PSBC_DEBIT","cash_fee":"4000","fee_type":"CNY","is_subscribe":"Y","mch_id":"1268067601","nonce_str":"k5con4mj9lc1phytn2b82rb6j2794enw","openid":"ouN6_s8RTWENXAGcQwVdYN2l_Zm0","out_trade_no":"126806760120151017193958","result_code":"SUCCESS","return_code":"SUCCESS","sign":"FC490D6BA3E7688960E35894E132DF70","time_end":"20151017194957","total_fee":"4000","trade_type":"JSAPI","transaction_id":"1000550869201510171235166853"}
[2015-10-17 19:50:15][debug] query:{"appid":"wx161f19ac48b1f2f3","attach":"\u9a6c\u62c9\u677e\u62a5\u540d","bank_type":"PSBC_DEBIT","cash_fee":"4000","fee_type":"CNY","is_subscribe":"Y","mch_id":"1268067601","nonce_str":"upZGR9Zl9RukZzRL","openid":"ouN6_s8RTWENXAGcQwVdYN2l_Zm0","out_trade_no":"126806760120151017193958","result_code":"SUCCESS","return_code":"SUCCESS","return_msg":"OK","sign":"8607E9468A4911A4599FAEA0EF9C849D","time_end":"20151017194927","total_fee":"4000","trade_state":"SUCCESS","trade_type":"JSAPI","transaction_id":"1000550869201510171235166853"}
[2015-10-17 19:50:15][debug] call back test:订单查询成功
[2015-10-17 19:50:15][debug] call back test:未入库
[2015-10-17 19:50:15][debug] call back test sql:UPDATE pa_marathon SET ispay =1,transaction_id="1000550869201510171235166853",out_trade_no="126806760120151017193958" WHERE openid ="ouN6_s8RTWENXAGcQwVdYN2l_Zm0"
[2015-10-17 19:50:15][debug] call back test:入库成功
[2015-10-17 19:51:57][debug] begin notify
[2015-10-17 19:51:57][debug] call back test:{"appid":"wx161f19ac48b1f2f3","attach":"\u9a6c\u62c9\u677e\u62a5\u540d","bank_type":"ICBC_DEBIT","cash_fee":"6000","fee_type":"CNY","is_subscribe":"Y","mch_id":"1268067601","nonce_str":"0zfthqmii83enullzq2uwz6pm4mbknbl","openid":"ouN6_s4awnrPpT9QR36kqZ4TLI_c","out_trade_no":"126806760120151017194329","result_code":"SUCCESS","return_code":"SUCCESS","sign":"A606482A7FF8D886D8918F9C16A70CB1","time_end":"20151017195156","total_fee":"6000","trade_type":"JSAPI","transaction_id":"1003970869201510171235157612"}
[2015-10-17 19:51:58][debug] query:{"appid":"wx161f19ac48b1f2f3","attach":"\u9a6c\u62c9\u677e\u62a5\u540d","bank_type":"ICBC_DEBIT","cash_fee":"6000","fee_type":"CNY","is_subscribe":"Y","mch_id":"1268067601","nonce_str":"WoM6GYyz9QXXJMCj","openid":"ouN6_s4awnrPpT9QR36kqZ4TLI_c","out_trade_no":"126806760120151017194329","result_code":"SUCCESS","return_code":"SUCCESS","return_msg":"OK","sign":"BDB7DCF4D1E08D512E683E5337EE868F","time_end":"20151017195155","total_fee":"6000","trade_state":"SUCCESS","trade_type":"JSAPI","transaction_id":"1003970869201510171235157612"}
[2015-10-17 19:51:58][debug] call back test:订单查询成功
[2015-10-17 19:51:58][debug] call back test:未入库
[2015-10-17 19:51:58][debug] call back test sql:UPDATE pa_marathon SET ispay =1,transaction_id="1003970869201510171235157612",out_trade_no="126806760120151017194329" WHERE openid ="ouN6_s4awnrPpT9QR36kqZ4TLI_c"
[2015-10-17 19:51:58][debug] call back test:入库成功
[2015-10-17 20:01:23][debug] begin notify
[2015-10-17 20:01:23][debug] call back test:{"appid":"wx161f19ac48b1f2f3","attach":"\u9a6c\u62c9\u677e\u62a5\u540d","bank_type":"CFT","cash_fee":"4000","fee_type":"CNY","is_subscribe":"Y","mch_id":"1268067601","nonce_str":"4akd5x7wqp1lomige9v0n0urm208oigy","openid":"ouN6_sx4aGr9debwTygtrhNUaNCs","out_trade_no":"126806760120151017195952","result_code":"SUCCESS","return_code":"SUCCESS","sign":"7AB5BF15D7D9637EA91DC2F31472ED67","time_end":"20151017200122","total_fee":"4000","trade_type":"JSAPI","transaction_id":"1005000869201510171235370437"}
[2015-10-17 20:01:24][debug] query:{"appid":"wx161f19ac48b1f2f3","attach":"\u9a6c\u62c9\u677e\u62a5\u540d","bank_type":"CFT","cash_fee":"4000","fee_type":"CNY","is_subscribe":"Y","mch_id":"1268067601","nonce_str":"JIQ7AcylVmbvLYBy","openid":"ouN6_sx4aGr9debwTygtrhNUaNCs","out_trade_no":"126806760120151017195952","result_code":"SUCCESS","return_code":"SUCCESS","return_msg":"OK","sign":"A07D23C799CD10DD7F330B7C1CFDEF98","time_end":"20151017200121","total_fee":"4000","trade_state":"SUCCESS","trade_type":"JSAPI","transaction_id":"1005000869201510171235370437"}
[2015-10-17 20:01:24][debug] call back test:订单查询成功
[2015-10-17 20:01:24][debug] call back test:未入库
[2015-10-17 20:01:24][debug] call back test sql:UPDATE pa_marathon SET ispay =1,transaction_id="1005000869201510171235370437",out_trade_no="126806760120151017195952" WHERE openid ="ouN6_sx4aGr9debwTygtrhNUaNCs"
[2015-10-17 20:01:24][debug] call back test:入库成功
[2015-10-17 20:05:18][debug] begin notify
[2015-10-17 20:05:18][debug] call back test:{"appid":"wx161f19ac48b1f2f3","attach":"\u9a6c\u62c9\u677e\u62a5\u540d","bank_type":"PAB_CREDIT","cash_fee":"6000","fee_type":"CNY","is_subscribe":"Y","mch_id":"1268067601","nonce_str":"51v960zs6iax661jy031igljwf0n0s3f","openid":"ouN6_s0Ch1DBAFdwXphvJi0WaIIs","out_trade_no":"126806760120151017200501","result_code":"SUCCESS","return_code":"SUCCESS","sign":"575E7CE5D03983B9A21DF0ADEE4FBA43","time_end":"20151017200517","total_fee":"6000","trade_type":"JSAPI","transaction_id":"1002270869201510171235399191"}
[2015-10-17 20:05:18][debug] query:{"appid":"wx161f19ac48b1f2f3","attach":"\u9a6c\u62c9\u677e\u62a5\u540d","bank_type":"PAB_CREDIT","cash_fee":"6000","fee_type":"CNY","is_subscribe":"Y","mch_id":"1268067601","nonce_str":"BD5uoGy7pCLZtvq4","openid":"ouN6_s0Ch1DBAFdwXphvJi0WaIIs","out_trade_no":"126806760120151017200501","result_code":"SUCCESS","return_code":"SUCCESS","return_msg":"OK","sign":"3D893D5EBF9F90F338F0A42D09949D53","time_end":"20151017200516","total_fee":"6000","trade_state":"SUCCESS","trade_type":"JSAPI","transaction_id":"1002270869201510171235399191"}
[2015-10-17 20:05:18][debug] call back test:订单查询成功
[2015-10-17 20:05:18][debug] call back test:未入库
[2015-10-17 20:05:18][debug] call back test sql:UPDATE pa_marathon SET ispay =1,transaction_id="1002270869201510171235399191",out_trade_no="126806760120151017200501" WHERE openid ="ouN6_s0Ch1DBAFdwXphvJi0WaIIs"
[2015-10-17 20:05:18][debug] call back test:入库成功
[2015-10-17 20:06:44][debug] begin notify
[2015-10-17 20:06:44][debug] call back test:{"appid":"wx161f19ac48b1f2f3","attach":"\u9a6c\u62c9\u677e\u62a5\u540d","bank_type":"ICBC_DEBIT","cash_fee":"4000","fee_type":"CNY","is_subscribe":"Y","mch_id":"1268067601","nonce_str":"pyo4a495hkc6ocubt6np345eox8dujvy","openid":"ouN6_sx4aGr9debwTygtrhNUaNCs","out_trade_no":"126806760120151017200632","result_code":"SUCCESS","return_code":"SUCCESS","sign":"C0488B7F95CBA6E60234DF0126057531","time_end":"20151017200644","total_fee":"4000","trade_type":"JSAPI","transaction_id":"1005000869201510171235416391"}
[2015-10-17 20:06:44][debug] query:{"appid":"wx161f19ac48b1f2f3","attach":"\u9a6c\u62c9\u677e\u62a5\u540d","bank_type":"ICBC_DEBIT","cash_fee":"4000","fee_type":"CNY","is_subscribe":"Y","mch_id":"1268067601","nonce_str":"dKaX8wBwls0LPcDk","openid":"ouN6_sx4aGr9debwTygtrhNUaNCs","out_trade_no":"126806760120151017200632","result_code":"SUCCESS","return_code":"SUCCESS","return_msg":"OK","sign":"5B1E498ACB0276A670A9F5F84D8E4178","time_end":"20151017200643","total_fee":"4000","trade_state":"SUCCESS","trade_type":"JSAPI","transaction_id":"1005000869201510171235416391"}
[2015-10-17 20:06:44][debug] call back test:订单查询成功
[2015-10-17 20:06:44][debug] call back test:未入库
[2015-10-17 20:06:44][debug] call back test sql:UPDATE pa_marathon SET ispay =1,transaction_id="1005000869201510171235416391",out_trade_no="126806760120151017200632" WHERE openid ="ouN6_sx4aGr9debwTygtrhNUaNCs"
[2015-10-17 20:06:44][debug] call back test:入库成功
[2015-10-17 20:09:00][debug] begin notify
[2015-10-17 20:09:00][debug] call back test:{"appid":"wx161f19ac48b1f2f3","attach":"\u9a6c\u62c9\u677e\u62a5\u540d","bank_type":"CFT","cash_fee":"6000","fee_type":"CNY","is_subscribe":"Y","mch_id":"1268067601","nonce_str":"fhgk5zj84f1zind9d37fsadvofjjah5v","openid":"ouN6_s0wgR8z15YBdLoqv60kO73I","out_trade_no":"126806760120151017200836","result_code":"SUCCESS","return_code":"SUCCESS","sign":"D391E74C2ADDFFE169962EB8C6DDE661","time_end":"20151017200900","total_fee":"6000","trade_type":"JSAPI","transaction_id":"1000950869201510171235461321"}
[2015-10-17 20:09:01][debug] query:{"appid":"wx161f19ac48b1f2f3","attach":"\u9a6c\u62c9\u677e\u62a5\u540d","bank_type":"CFT","cash_fee":"6000","fee_type":"CNY","is_subscribe":"Y","mch_id":"1268067601","nonce_str":"WL5mjV4obQPlARKW","openid":"ouN6_s0wgR8z15YBdLoqv60kO73I","out_trade_no":"126806760120151017200836","result_code":"SUCCESS","return_code":"SUCCESS","return_msg":"OK","sign":"FD480D95B814693659D9A6F028B93586","time_end":"20151017200859","total_fee":"6000","trade_state":"SUCCESS","trade_type":"JSAPI","transaction_id":"1000950869201510171235461321"}
[2015-10-17 20:09:01][debug] call back test:订单查询成功
[2015-10-17 20:09:01][debug] call back test:未入库
[2015-10-17 20:09:01][debug] call back test sql:UPDATE pa_marathon SET ispay =1,transaction_id="1000950869201510171235461321",out_trade_no="126806760120151017200836" WHERE openid ="ouN6_s0wgR8z15YBdLoqv60kO73I"
[2015-10-17 20:09:01][debug] call back test:入库成功
[2015-10-17 20:17:29][debug] begin notify
[2015-10-17 20:17:29][debug] call back test:{"appid":"wx161f19ac48b1f2f3","attach":"\u9a6c\u62c9\u677e\u62a5\u540d","bank_type":"ABC_DEBIT","cash_fee":"6000","fee_type":"CNY","is_subscribe":"Y","mch_id":"1268067601","nonce_str":"1l0h3hpna0urjh1nqoqvbh31buglgavy","openid":"ouN6_s0JSuVzA1XhAq7sjsRsKl2o","out_trade_no":"126806760120151017201704","result_code":"SUCCESS","return_code":"SUCCESS","sign":"C5DBF2928BC33C4017EC46DB31346B50","time_end":"20151017201728","total_fee":"6000","trade_type":"JSAPI","transaction_id":"1001730869201510171235587402"}
[2015-10-17 20:17:29][debug] query:{"appid":"wx161f19ac48b1f2f3","attach":"\u9a6c\u62c9\u677e\u62a5\u540d","bank_type":"ABC_DEBIT","cash_fee":"6000","fee_type":"CNY","is_subscribe":"Y","mch_id":"1268067601","nonce_str":"Ed96kc6fbNL5bOmI","openid":"ouN6_s0JSuVzA1XhAq7sjsRsKl2o","out_trade_no":"126806760120151017201704","result_code":"SUCCESS","return_code":"SUCCESS","return_msg":"OK","sign":"878C4293C56A7EE2FF1FDCD3847B267A","time_end":"20151017201728","total_fee":"6000","trade_state":"SUCCESS","trade_type":"JSAPI","transaction_id":"1001730869201510171235587402"}
[2015-10-17 20:17:29][debug] call back test:订单查询成功
[2015-10-17 20:17:29][debug] call back test:未入库
[2015-10-17 20:17:29][debug] call back test sql:UPDATE pa_marathon SET ispay =1,transaction_id="1001730869201510171235587402",out_trade_no="126806760120151017201704" WHERE openid ="ouN6_s0JSuVzA1XhAq7sjsRsKl2o"
[2015-10-17 20:17:29][debug] call back test:入库成功
[2015-10-17 20:46:39][debug] begin notify
[2015-10-17 20:46:39][debug] call back test:{"appid":"wx161f19ac48b1f2f3","attach":"\u9a6c\u62c9\u677e\u62a5\u540d","bank_type":"ICBC_DEBIT","cash_fee":"4000","fee_type":"CNY","is_subscribe":"Y","mch_id":"1268067601","nonce_str":"3fn1kcgwuwqrm99ihcixzlhqrveumwr1","openid":"ouN6_s5kStAUuhKeG4wIE6ae-sZw","out_trade_no":"126806760120151017204613","result_code":"SUCCESS","return_code":"SUCCESS","sign":"ADCD81E9554C1477D119CF9CFE17FF8E","time_end":"20151017204639","total_fee":"4000","trade_type":"JSAPI","transaction_id":"1004070869201510171235929527"}
[2015-10-17 20:46:40][debug] query:{"appid":"wx161f19ac48b1f2f3","attach":"\u9a6c\u62c9\u677e\u62a5\u540d","bank_type":"ICBC_DEBIT","cash_fee":"4000","fee_type":"CNY","is_subscribe":"Y","mch_id":"1268067601","nonce_str":"uMe64nlCzuyX74pF","openid":"ouN6_s5kStAUuhKeG4wIE6ae-sZw","out_trade_no":"126806760120151017204613","result_code":"SUCCESS","return_code":"SUCCESS","return_msg":"OK","sign":"EF97958784FE3147014255E2E6A9BA71","time_end":"20151017204638","total_fee":"4000","trade_state":"SUCCESS","trade_type":"JSAPI","transaction_id":"1004070869201510171235929527"}
[2015-10-17 20:46:40][debug] call back test:订单查询成功
[2015-10-17 20:46:40][debug] call back test:未入库
[2015-10-17 20:46:40][debug] call back test sql:UPDATE pa_marathon SET ispay =1,transaction_id="1004070869201510171235929527",out_trade_no="126806760120151017204613" WHERE openid ="ouN6_s5kStAUuhKeG4wIE6ae-sZw"
[2015-10-17 20:46:40][debug] call back test:入库成功
[2015-10-17 20:52:57][debug] begin notify
[2015-10-17 20:52:57][debug] call back test:{"appid":"wx161f19ac48b1f2f3","attach":"\u9a6c\u62c9\u677e\u62a5\u540d","bank_type":"ICBC_DEBIT","cash_fee":"4000","fee_type":"CNY","is_subscribe":"Y","mch_id":"1268067601","nonce_str":"tuy0l54j1spubazc75u7w01nlrsvaedn","openid":"ouN6_s5kStAUuhKeG4wIE6ae-sZw","out_trade_no":"126806760120151017205134","result_code":"SUCCESS","return_code":"SUCCESS","sign":"6BA17E834EE9E4634C3E72B86CDE42BE","time_end":"20151017205256","total_fee":"4000","trade_type":"JSAPI","transaction_id":"1004070869201510171236012290"}
[2015-10-17 20:52:57][debug] query:{"appid":"wx161f19ac48b1f2f3","attach":"\u9a6c\u62c9\u677e\u62a5\u540d","bank_type":"ICBC_DEBIT","cash_fee":"4000","fee_type":"CNY","is_subscribe":"Y","mch_id":"1268067601","nonce_str":"jvGifcgktVaVbciM","openid":"ouN6_s5kStAUuhKeG4wIE6ae-sZw","out_trade_no":"126806760120151017205134","result_code":"SUCCESS","return_code":"SUCCESS","return_msg":"OK","sign":"594B2B1E3F259CCBBD3F7C0614206906","time_end":"20151017205255","total_fee":"4000","trade_state":"SUCCESS","trade_type":"JSAPI","transaction_id":"1004070869201510171236012290"}
[2015-10-17 20:52:57][debug] call back test:订单查询成功
[2015-10-17 20:52:57][debug] call back test:未入库
[2015-10-17 20:52:57][debug] call back test sql:UPDATE pa_marathon SET ispay =1,transaction_id="1004070869201510171236012290",out_trade_no="126806760120151017205134" WHERE openid ="ouN6_s5kStAUuhKeG4wIE6ae-sZw"
[2015-10-17 20:52:57][debug] call back test:入库成功
[2015-10-17 21:05:35][debug] begin notify
[2015-10-17 21:05:35][debug] call back test:{"appid":"wx161f19ac48b1f2f3","attach":"\u9a6c\u62c9\u677e\u62a5\u540d","bank_type":"ICBC_DEBIT","cash_fee":"6000","fee_type":"CNY","is_subscribe":"N","mch_id":"1268067601","nonce_str":"4l6gaex3itvygr6ps76pxmdwv59yxuml","openid":"ouN6_szU84CU05H2Q1Xg3A7GJ_kI","out_trade_no":"126806760120151017210425","result_code":"SUCCESS","return_code":"SUCCESS","sign":"1733D8505D58959C04B3CD5964FF474A","time_end":"20151017210534","total_fee":"6000","trade_type":"JSAPI","transaction_id":"1005050869201510171236163874"}
[2015-10-17 21:05:35][debug] query:{"appid":"wx161f19ac48b1f2f3","attach":"\u9a6c\u62c9\u677e\u62a5\u540d","bank_type":"ICBC_DEBIT","cash_fee":"6000","fee_type":"CNY","is_subscribe":"N","mch_id":"1268067601","nonce_str":"1sDUxnIYto5dWyKw","openid":"ouN6_szU84CU05H2Q1Xg3A7GJ_kI","out_trade_no":"126806760120151017210425","result_code":"SUCCESS","return_code":"SUCCESS","return_msg":"OK","sign":"A71A42D23D44AC672BAB21CBE8C5210D","time_end":"20151017210534","total_fee":"6000","trade_state":"SUCCESS","trade_type":"JSAPI","transaction_id":"1005050869201510171236163874"}
[2015-10-17 21:05:35][debug] call back test:订单查询成功
[2015-10-17 21:05:35][debug] call back test:未入库
[2015-10-17 21:05:35][debug] call back test sql:UPDATE pa_marathon SET ispay =1,transaction_id="1005050869201510171236163874",out_trade_no="126806760120151017210425" WHERE openid ="ouN6_szU84CU05H2Q1Xg3A7GJ_kI"
[2015-10-17 21:05:35][debug] call back test:入库成功
[2015-10-17 21:32:32][debug] begin notify
[2015-10-17 21:32:32][debug] call back test:{"appid":"wx161f19ac48b1f2f3","attach":"\u9a6c\u62c9\u677e\u62a5\u540d","bank_type":"ICBC_DEBIT","cash_fee":"4000","fee_type":"CNY","is_subscribe":"Y","mch_id":"1268067601","nonce_str":"7qld8qamj1vlnjuk3ypbkyktcrx6aln2","openid":"ouN6_s5kStAUuhKeG4wIE6ae-sZw","out_trade_no":"126806760120151017213209","result_code":"SUCCESS","return_code":"SUCCESS","sign":"268B70F01423C5CAA760D8206DF99516","time_end":"20151017213231","total_fee":"4000","trade_type":"JSAPI","transaction_id":"1004070869201510171236480401"}
[2015-10-17 21:32:35][debug] query:{"appid":"wx161f19ac48b1f2f3","attach":"\u9a6c\u62c9\u677e\u62a5\u540d","bank_type":"ICBC_DEBIT","cash_fee":"4000","fee_type":"CNY","is_subscribe":"Y","mch_id":"1268067601","nonce_str":"9DPkaeqjKpiJmJ4f","openid":"ouN6_s5kStAUuhKeG4wIE6ae-sZw","out_trade_no":"126806760120151017213209","result_code":"SUCCESS","return_code":"SUCCESS","return_msg":"OK","sign":"F1C8E7EC16D69E596E26A04A9B41105D","time_end":"20151017213231","total_fee":"4000","trade_state":"SUCCESS","trade_type":"JSAPI","transaction_id":"1004070869201510171236480401"}
[2015-10-17 21:32:35][debug] call back test:订单查询成功
[2015-10-17 21:32:35][debug] call back test:未入库
[2015-10-17 21:32:35][debug] call back test sql:UPDATE pa_marathon SET ispay =1,transaction_id="1004070869201510171236480401",out_trade_no="126806760120151017213209" WHERE openid ="ouN6_s5kStAUuhKeG4wIE6ae-sZw"
[2015-10-17 21:32:35][debug] call back test:入库成功
[2015-10-17 21:32:49][debug] begin notify
[2015-10-17 21:32:49][debug] call back test:{"appid":"wx161f19ac48b1f2f3","attach":"\u9a6c\u62c9\u677e\u62a5\u540d","bank_type":"ICBC_DEBIT","cash_fee":"4000","fee_type":"CNY","is_subscribe":"Y","mch_id":"1268067601","nonce_str":"7qld8qamj1vlnjuk3ypbkyktcrx6aln2","openid":"ouN6_s5kStAUuhKeG4wIE6ae-sZw","out_trade_no":"126806760120151017213209","result_code":"SUCCESS","return_code":"SUCCESS","sign":"268B70F01423C5CAA760D8206DF99516","time_end":"20151017213231","total_fee":"4000","trade_type":"JSAPI","transaction_id":"1004070869201510171236480401"}
[2015-10-17 21:32:50][debug] query:{"appid":"wx161f19ac48b1f2f3","attach":"\u9a6c\u62c9\u677e\u62a5\u540d","bank_type":"ICBC_DEBIT","cash_fee":"4000","fee_type":"CNY","is_subscribe":"Y","mch_id":"1268067601","nonce_str":"w7seubg9FI1MKtRT","openid":"ouN6_s5kStAUuhKeG4wIE6ae-sZw","out_trade_no":"126806760120151017213209","result_code":"SUCCESS","return_code":"SUCCESS","return_msg":"OK","sign":"1CB2C185041AAB7E9728F345E77E67ED","time_end":"20151017213231","total_fee":"4000","trade_state":"SUCCESS","trade_type":"JSAPI","transaction_id":"1004070869201510171236480401"}
[2015-10-17 21:32:50][debug] call back test:订单查询成功
[2015-10-17 21:32:50][debug] call back test:已入库
[2015-10-17 21:50:51][debug] begin notify
[2015-10-17 21:50:51][debug] call back test:{"appid":"wx161f19ac48b1f2f3","attach":"\u9a6c\u62c9\u677e\u62a5\u540d","bank_type":"CITIC_CREDIT","cash_fee":"6000","fee_type":"CNY","is_subscribe":"Y","mch_id":"1268067601","nonce_str":"old425dw35nivz90ueblrwi42z16b095","openid":"ouN6_s5bHdhAL1eWAWNZTSThg2LI","out_trade_no":"126806760120151017215020","result_code":"SUCCESS","return_code":"SUCCESS","sign":"8A871CB95E48F961D3DFB52071EEAB68","time_end":"20151017215050","total_fee":"6000","trade_type":"JSAPI","transaction_id":"1000490869201510171236652719"}
[2015-10-17 21:50:51][debug] query:{"appid":"wx161f19ac48b1f2f3","attach":"\u9a6c\u62c9\u677e\u62a5\u540d","bank_type":"CITIC_CREDIT","cash_fee":"6000","fee_type":"CNY","is_subscribe":"Y","mch_id":"1268067601","nonce_str":"YrVhZnwawuao1koQ","openid":"ouN6_s5bHdhAL1eWAWNZTSThg2LI","out_trade_no":"126806760120151017215020","result_code":"SUCCESS","return_code":"SUCCESS","return_msg":"OK","sign":"89439D63D02B4EEFD87972F872D94BAC","time_end":"20151017215050","total_fee":"6000","trade_state":"SUCCESS","trade_type":"JSAPI","transaction_id":"1000490869201510171236652719"}
[2015-10-17 21:50:51][debug] call back test:订单查询成功
[2015-10-17 21:50:51][debug] call back test:未入库
[2015-10-17 21:50:51][debug] call back test sql:UPDATE pa_marathon SET ispay =1,transaction_id="1000490869201510171236652719",out_trade_no="126806760120151017215020" WHERE openid ="ouN6_s5bHdhAL1eWAWNZTSThg2LI"
[2015-10-17 21:50:51][debug] call back test:入库成功
[2015-10-17 22:01:19][debug] begin notify
[2015-10-17 22:01:19][debug] call back test:{"appid":"wx161f19ac48b1f2f3","attach":"\u9a6c\u62c9\u677e\u62a5\u540d","bank_type":"CFT","cash_fee":"4000","fee_type":"CNY","is_subscribe":"Y","mch_id":"1268067601","nonce_str":"q4fekn78hm1mt4n4gqorvj1kiq5mzum7","openid":"ouN6_s8Aygh5F47Lot-VQLDf_d5s","out_trade_no":"126806760120151017220045","result_code":"SUCCESS","return_code":"SUCCESS","sign":"BC472325F46BD62029CC0FB4762E2FBA","time_end":"20151017220119","total_fee":"4000","trade_type":"JSAPI","transaction_id":"1006410869201510171236749309"}
[2015-10-17 22:01:32][debug] begin notify
[2015-10-17 22:01:32][debug] call back test:{"appid":"wx161f19ac48b1f2f3","attach":"\u9a6c\u62c9\u677e\u62a5\u540d","bank_type":"CFT","cash_fee":"4000","fee_type":"CNY","is_subscribe":"Y","mch_id":"1268067601","nonce_str":"q4fekn78hm1mt4n4gqorvj1kiq5mzum7","openid":"ouN6_s8Aygh5F47Lot-VQLDf_d5s","out_trade_no":"126806760120151017220045","result_code":"SUCCESS","return_code":"SUCCESS","sign":"BC472325F46BD62029CC0FB4762E2FBA","time_end":"20151017220119","total_fee":"4000","trade_type":"JSAPI","transaction_id":"1006410869201510171236749309"}
[2015-10-17 22:01:53][debug] begin notify
[2015-10-17 22:01:53][debug] call back test:{"appid":"wx161f19ac48b1f2f3","attach":"\u9a6c\u62c9\u677e\u62a5\u540d","bank_type":"CFT","cash_fee":"4000","fee_type":"CNY","is_subscribe":"Y","mch_id":"1268067601","nonce_str":"q4fekn78hm1mt4n4gqorvj1kiq5mzum7","openid":"ouN6_s8Aygh5F47Lot-VQLDf_d5s","out_trade_no":"126806760120151017220045","result_code":"SUCCESS","return_code":"SUCCESS","sign":"BC472325F46BD62029CC0FB4762E2FBA","time_end":"20151017220119","total_fee":"4000","trade_type":"JSAPI","transaction_id":"1006410869201510171236749309"}
[2015-10-17 22:01:57][debug] query:{"appid":"wx161f19ac48b1f2f3","attach":"\u9a6c\u62c9\u677e\u62a5\u540d","bank_type":"CFT","cash_fee":"4000","fee_type":"CNY","is_subscribe":"Y","mch_id":"1268067601","nonce_str":"wiwdSLMvrouI7HIz","openid":"ouN6_s8Aygh5F47Lot-VQLDf_d5s","out_trade_no":"126806760120151017220045","result_code":"SUCCESS","return_code":"SUCCESS","return_msg":"OK","sign":"A5B648DD52077098A2536AF45DC702E9","time_end":"20151017220118","total_fee":"4000","trade_state":"SUCCESS","trade_type":"JSAPI","transaction_id":"1006410869201510171236749309"}
[2015-10-17 22:01:57][debug] call back test:订单查询成功
[2015-10-17 22:01:57][debug] call back test:未入库
[2015-10-17 22:01:57][debug] call back test sql:UPDATE pa_marathon SET ispay =1,transaction_id="1006410869201510171236749309",out_trade_no="126806760120151017220045" WHERE openid ="ouN6_s8Aygh5F47Lot-VQLDf_d5s"
[2015-10-17 22:01:57][debug] call back test:入库成功
